    -> 
    -> mysql \. C:\workspace\cloud\code\sql\_DailyScript\_setdates.sql
Database changed
Query OK, 0 rows affected (0.00 sec)

Query OK, 0 rows affected (0.00 sec)

Query OK, 0 rows affected (0.00 sec)

Query OK, 0 rows affected (0.00 sec)

Query OK, 0 rows affected (0.00 sec)

Query OK, 0 rows affected (0.00 sec)

Query OK, 0 rows affected (0.00 sec)

Query OK, 0 rows affected (0.00 sec)

Query OK, 0 rows affected (0.00 sec)

Query OK, 0 rows affected (0.00 sec)

Query OK, 0 rows affected (0.00 sec)

Query OK, 0 rows affected (0.00 sec)

Query OK, 0 rows affected (0.00 sec)

Query OK, 0 rows affected (0.00 sec)

Query OK, 0 rows affected (0.00 sec)

Query OK, 0 rows affected (0.00 sec)

Query OK, 0 rows affected (0.00 sec)

Query OK, 0 rows affected (0.00 sec)

Query OK, 0 rows affected (0.00 sec)

Query OK, 0 rows affected (0.00 sec)

Query OK, 0 rows affected (0.00 sec)

mysql> mysql \. C:\workspace\cloud\code\sql\_DailyScript\currenttime.sql
+---------------------+
| currenttime         |
+---------------------+
| 2020-05-20 08:18:52 |
+---------------------+
1 row in set (0.00 sec)

mysql> 
mysql> mysql \. C:\workspace\cloud\code\sql\_DailyScript\load_RCB_VODTITLES.sql
Database changed
Query OK, 0 rows affected (0.00 sec)

Query OK, 10961 rows affected (0.13 sec)

Query OK, 10963 rows affected, 10963 warnings (0.30 sec)
Records: 10963  Deleted: 0  Skipped: 0  Warnings: 10963

Query OK, 0 rows affected (0.00 sec)

Query OK, 2 rows affected (0.01 sec)

+-----------+
| VODTITLES |
+-----------+
|     11421 |
+-----------+
1 row in set (0.00 sec)

+-----------+-----------+
| titletype | typecount |
+-----------+-----------+
| E         |      9099 |
| N         |       213 |
| T         |      1649 |
| NULL      |     10961 |
+-----------+-----------+
4 rows in set (0.03 sec)

mysql> mysql \. C:\workspace\cloud\code\sql\_DailyScript\currenttime.sql
+---------------------+
| currenttime         |
+---------------------+
| 2020-05-20 08:18:53 |
+---------------------+
1 row in set (0.00 sec)

mysql> 
mysql> mysql \. C:\workspace\cloud\code\sql\_DailyScript\DAILY-SCRIPT-LIVETV-STATS.sql
Database changed
Query OK, 0 rows affected (0.03 sec)

Query OK, 76383 rows affected (0.88 sec)
Records: 76383  Duplicates: 0  Warnings: 0

+------------+------------+----------+--------------+--------------+-----------+-------------+----------+--------+------+------------+---------+---------------+
| Table      | Non_unique | Key_name | Seq_in_index | Column_name  | Collation | Cardinality | Sub_part | Packed | Null | Index_type | Comment | Index_comment |
+------------+------------+----------+--------------+--------------+-----------+-------------+----------+--------+------+------------+---------+---------------+
| templivetv |          1 | idxtv1   |            1 | device       | A         |       76875 |     NULL | NULL   | YES  | BTREE      |         |               |
| templivetv |          1 | idxtv2   |            1 | sessionstart | A         |       76875 |     NULL | NULL   | YES  | BTREE      |         |               |
+------------+------------+----------+--------------+--------------+-----------+-------------+----------+--------+------+------------+---------+---------------+
2 rows in set (0.00 sec)

Query OK, 76399 rows affected (10.81 sec)
Records: 76399  Duplicates: 0  Warnings: 0

Query OK, 2694 rows affected (0.51 sec)
Records: 2694  Duplicates: 0  Warnings: 0

Query OK, 0 rows affected (0.00 sec)

Query OK, 0 rows affected (0.00 sec)

Query OK, 136 rows affected (0.09 sec)
Records: 136  Duplicates: 0  Warnings: 0

Query OK, 0 rows affected (0.01 sec)

Query OK, 18869 rows affected (1 min 28.32 sec)
Records: 18869  Duplicates: 0  Warnings: 0

+-----------------+
| rep_livetvstats |
+-----------------+
|           18869 |
+-----------------+
1 row in set (0.01 sec)

mysql> mysql \. C:\workspace\cloud\code\sql\_DailyScript\currenttime.sql
+---------------------+
| currenttime         |
+---------------------+
| 2020-05-20 08:20:34 |
+---------------------+
1 row in set (0.00 sec)

mysql> 
mysql> mysql \. C:\workspace\cloud\code\sql\_DailyScript\DAILY-SCRIPT-VODTS-STATS.sql
Database changed
Query OK, 0 rows affected (0.02 sec)

Query OK, 3782 rows affected (11.38 sec)
Records: 3782  Duplicates: 0  Warnings: 0

+---------+------------+----------+--------------+--------------+-----------+-------------+----------+--------+------+------------+---------+---------------+
| Table   | Non_unique | Key_name | Seq_in_index | Column_name  | Collation | Cardinality | Sub_part | Packed | Null | Index_type | Comment | Index_comment |
+---------+------------+----------+--------------+--------------+-----------+-------------+----------+--------+------+------------+---------+---------------+
| tempvod |          1 | idxtvod1 |            1 | device       | A         |        3865 |     NULL | NULL   | YES  | BTREE      |         |               |
| tempvod |          1 | idxtvod2 |            1 | sessionstart | A         |        3865 |     NULL | NULL   | YES  | BTREE      |         |               |
+---------+------------+----------+--------------+--------------+-----------+-------------+----------+--------+------+------------+---------+---------------+
2 rows in set (0.00 sec)

Query OK, 3782 rows affected (2.22 sec)
Records: 3782  Duplicates: 0  Warnings: 0

Query OK, 0 rows affected (0.02 sec)

Query OK, 652459 rows affected (50.15 sec)
Records: 652459  Duplicates: 0  Warnings: 0

+--------------+
| rep_vodstats |
+--------------+
|       652459 |
+--------------+
1 row in set (0.19 sec)

Database changed
Query OK, 0 rows affected (0.01 sec)

Query OK, 14596 rows affected (31.71 sec)
Records: 14596  Duplicates: 0  Warnings: 0

+--------+------------+----------+--------------+--------------+-----------+-------------+----------+--------+------+------------+---------+---------------+
| Table  | Non_unique | Key_name | Seq_in_index | Column_name  | Collation | Cardinality | Sub_part | Packed | Null | Index_type | Comment | Index_comment |
+--------+------------+----------+--------------+--------------+-----------+-------------+----------+--------+------+------------+---------+---------------+
| tempts |          1 | idxtts1  |            1 | device       | A         |       14814 |     NULL | NULL   | YES  | BTREE      |         |               |
| tempts |          1 | idxtts2  |            1 | sessionstart | A         |       14814 |     NULL | NULL   | YES  | BTREE      |         |               |
+--------+------------+----------+--------------+--------------+-----------+-------------+----------+--------+------+------------+---------+---------------+
2 rows in set (0.00 sec)

Query OK, 14601 rows affected (10.07 sec)
Records: 14601  Duplicates: 0  Warnings: 0

Query OK, 0 rows affected (0.00 sec)

Query OK, 34107 rows affected (32.50 sec)
Records: 34107  Duplicates: 0  Warnings: 0

+-------------+
| rep_tsstats |
+-------------+
|       34107 |
+-------------+
1 row in set (0.01 sec)

mysql> mysql \. C:\workspace\cloud\code\sql\_DailyScript\currenttime.sql
+---------------------+
| currenttime         |
+---------------------+
| 2020-05-20 08:22:52 |
+---------------------+
1 row in set (0.00 sec)

mysql> 
mysql> mysql \. C:\workspace\cloud\code\sql\_DailyScript\DAILY-SCRIPT-RADIO-STATS.sql
Database changed
Query OK, 0 rows affected (0.01 sec)

Query OK, 260940 rows affected (2.85 sec)
Records: 260940  Duplicates: 0  Warnings: 0

+-----------+------------+----------+--------------+--------------+-----------+-------------+----------+--------+------+------------+---------+---------------+
| Table     | Non_unique | Key_name | Seq_in_index | Column_name  | Collation | Cardinality | Sub_part | Packed | Null | Index_type | Comment | Index_comment |
+-----------+------------+----------+--------------+--------------+-----------+-------------+----------+--------+------+------------+---------+---------------+
| tempradio |          1 | idxtrad1 |            1 | device       | A         |      262134 |     NULL | NULL   | YES  | BTREE      |         |               |
| tempradio |          1 | idxtrad2 |            1 | sessionstart | A         |      262134 |     NULL | NULL   | YES  | BTREE      |         |               |
+-----------+------------+----------+--------------+--------------+-----------+-------------+----------+--------+------+------------+---------+---------------+
2 rows in set (0.00 sec)

Query OK, 346 rows affected (0.85 sec)
Records: 346  Duplicates: 0  Warnings: 0

Query OK, 0 rows affected (0.01 sec)

Query OK, 4627 rows affected (0.35 sec)
Records: 4627  Duplicates: 0  Warnings: 0

+----------------+
| rep_radiostats |
+----------------+
|           4627 |
+----------------+
1 row in set (0.00 sec)

mysql> mysql \. C:\workspace\cloud\code\sql\_DailyScript\currenttime.sql
+---------------------+
| currenttime         |
+---------------------+
| 2020-05-20 08:22:56 |
+---------------------+
1 row in set (0.00 sec)

mysql> 
mysql> mysql \. C:\workspace\cloud\code\sql\_DailyScript\DAILY_SCRIPT_TELEMETRY_PIVOT_2020.sql
Query OK, 0 rows affected (0.01 sec)

Query OK, 144 rows affected (0.09 sec)
Records: 144  Duplicates: 0  Warnings: 0

Query OK, 0 rows affected (0.01 sec)

Query OK, 9513 rows affected (1.64 sec)
Records: 9513  Duplicates: 0  Warnings: 0

Query OK, 0 rows affected (0.01 sec)

Query OK, 8 rows affected (0.02 sec)
Records: 8  Duplicates: 0  Warnings: 0

Query OK, 0 rows affected (0.01 sec)

Query OK, 47 rows affected (0.04 sec)
Records: 47  Duplicates: 0  Warnings: 0

mysql> mysql \. C:\workspace\cloud\code\sql\_DailyScript\currenttime.sql
+---------------------+
| currenttime         |
+---------------------+
| 2020-05-20 08:22:58 |
+---------------------+
1 row in set (0.00 sec)

mysql> 
mysql> mysql \. C:\workspace\cloud\code\sql\_DailyScript\telemetry_livetv_ranking2020.sql
Query OK, 0 rows affected (0.03 sec)

Query OK, 144 rows affected (0.03 sec)
Records: 144  Duplicates: 0  Warnings: 0

mysql> mysql \. C:\workspace\cloud\code\sql\_DailyScript\currenttime.sql
+---------------------+
| currenttime         |
+---------------------+
| 2020-05-20 08:22:58 |
+---------------------+
1 row in set (0.00 sec)

mysql> 
mysql> mysql \. C:\workspace\cloud\code\sql\_DailyScript\telemetry_radio_ranking2020.sql
Query OK, 0 rows affected (0.02 sec)

Query OK, 8 rows affected (0.02 sec)
Records: 8  Duplicates: 0  Warnings: 0

mysql> mysql \. C:\workspace\cloud\code\sql\_DailyScript\currenttime.sql
+---------------------+
| currenttime         |
+---------------------+
| 2020-05-20 08:22:58 |
+---------------------+
1 row in set (0.00 sec)

mysql> 
mysql> mysql \. C:\workspace\cloud\code\sql\_DailyScript\telemetry_ts_ranking2020.sql
Query OK, 0 rows affected (0.00 sec)

Query OK, 47 rows affected (0.02 sec)
Records: 47  Duplicates: 0  Warnings: 0

mysql> mysql \. C:\workspace\cloud\code\sql\_DailyScript\currenttime.sql
+---------------------+
| currenttime         |
+---------------------+
| 2020-05-20 08:22:58 |
+---------------------+
1 row in set (0.00 sec)

mysql> 
mysql> mysql \. C:\workspace\cloud\code\sql\_DailyScript\telemetry_vod_ranking2020.sql
Query OK, 0 rows affected (0.02 sec)

Query OK, 9513 rows affected (0.38 sec)
Records: 9513  Duplicates: 0  Warnings: 0

mysql> mysql \. C:\workspace\cloud\code\sql\_DailyScript\currenttime.sql
+---------------------+
| currenttime         |
+---------------------+
| 2020-05-20 08:22:59 |
+---------------------+
1 row in set (0.00 sec)

mysql> 
mysql> mysql \. C:\workspace\cloud\code\sql\_DailyScript\telemetry_vod_ranking2020_1.sql
Query OK, 0 rows affected (0.01 sec)

Query OK, 9513 rows affected (0.22 sec)
Records: 9513  Duplicates: 0  Warnings: 0

mysql> mysql \. C:\workspace\cloud\code\sql\_DailyScript\currenttime.sql
+---------------------+
| currenttime         |
+---------------------+
| 2020-05-20 08:22:59 |
+---------------------+
1 row in set (0.00 sec)

mysql> 
mysql> mysql \. C:\workspace\cloud\code\sql\_DailyScript\telemetry_vod_ranking2020_2.sql
Query OK, 0 rows affected (0.01 sec)

Query OK, 9513 rows affected (0.17 sec)
Records: 9513  Duplicates: 0  Warnings: 0

mysql> mysql \. C:\workspace\cloud\code\sql\_DailyScript\currenttime.sql
+---------------------+
| currenttime         |
+---------------------+
| 2020-05-20 08:22:59 |
+---------------------+
1 row in set (0.00 sec)

mysql> 
mysql> mysql \. C:\workspace\cloud\code\sql\_DailyScript\DAILY-SCRIPT-CREATE-LOAD.sql
Database changed
Database changed
Query OK, 0 rows affected (0.02 sec)

Query OK, 0 rows affected (0.01 sec)

Database changed
Query OK, 66521 rows affected (2.41 sec)
Records: 66521  Deleted: 0  Skipped: 0  Warnings: 0

Query OK, 0 rows affected (0.14 sec)
Records: 0  Duplicates: 0  Warnings: 0

Query OK, 0 rows affected (0.22 sec)
Records: 0  Duplicates: 0  Warnings: 0

Query OK, 0 rows affected (0.23 sec)
Records: 0  Duplicates: 0  Warnings: 0

Query OK, 0 rows affected (0.21 sec)
Records: 0  Duplicates: 0  Warnings: 0

+---------+
| clients |
+---------+
|   66521 |
+---------+
1 row in set (0.02 sec)

Query OK, 0 rows affected (0.01 sec)

Query OK, 9417 rows affected (4.82 sec)
Records: 9417  Duplicates: 0  Warnings: 0

Query OK, 0 rows affected (0.03 sec)
Records: 0  Duplicates: 0  Warnings: 0

+-------------------+
| rcb_clientparcels |
+-------------------+
|              9417 |
+-------------------+
1 row in set (0.00 sec)

Query OK, 0 rows affected (0.01 sec)

Query OK, 80727 rows affected (3.04 sec)
Records: 80727  Duplicates: 0  Warnings: 0

Query OK, 0 rows affected (0.25 sec)
Records: 0  Duplicates: 0  Warnings: 0

Query OK, 0 rows affected (0.01 sec)

Query OK, 66521 rows affected (14.08 sec)
Records: 66521  Duplicates: 0  Warnings: 0

Query OK, 0 rows affected (0.19 sec)
Records: 0  Duplicates: 0  Warnings: 0

Query OK, 0 rows affected (0.20 sec)
Records: 0  Duplicates: 0  Warnings: 0

Query OK, 0 rows affected (0.15 sec)
Records: 0  Duplicates: 0  Warnings: 0

+---------------+
| clientaddress |
+---------------+
|         66521 |
+---------------+
1 row in set (0.03 sec)

Database changed
Query OK, 0 rows affected (0.02 sec)

Query OK, 0 rows affected (0.01 sec)

Database changed
Query OK, 513230 rows affected, 65535 warnings (14.50 sec)
Records: 513230  Deleted: 0  Skipped: 0  Warnings: 207128

Query OK, 0 rows affected (2.37 sec)
Records: 0  Duplicates: 0  Warnings: 0

Query OK, 0 rows affected (2.19 sec)
Records: 0  Duplicates: 0  Warnings: 0

Query OK, 0 rows affected (1.40 sec)
Records: 0  Duplicates: 0  Warnings: 0

Query OK, 0 rows affected (0.02 sec)

Query OK, 513230 rows affected (38.64 sec)
Records: 513230  Duplicates: 0  Warnings: 0

Query OK, 0 rows affected (1.62 sec)
Records: 0  Duplicates: 0  Warnings: 0

Query OK, 0 rows affected (1.21 sec)
Records: 0  Duplicates: 0  Warnings: 0

+-----------+
| contracts |
+-----------+
|    513230 |
+-----------+
1 row in set (0.15 sec)

+-----------------+
| contractaddress |
+-----------------+
|          513230 |
+-----------------+
1 row in set (0.14 sec)

Database changed
Query OK, 0 rows affected (0.02 sec)

Query OK, 0 rows affected (0.00 sec)

Query OK, 7380 rows affected (0.19 sec)
Records: 7380  Deleted: 0  Skipped: 0  Warnings: 0

Query OK, 0 rows affected (0.01 sec)

Query OK, 7349 rows affected (1.02 sec)
Records: 7349  Duplicates: 0  Warnings: 0

Query OK, 0 rows affected (0.04 sec)
Records: 0  Duplicates: 0  Warnings: 0

Query OK, 0 rows affected (0.01 sec)

Query OK, 5684 rows affected (0.05 sec)
Records: 5684  Duplicates: 0  Warnings: 0

Query OK, 0 rows affected (0.05 sec)
Records: 0  Duplicates: 0  Warnings: 0

+-------------------+
| contractdiscounts |
+-------------------+
|              7380 |
+-------------------+
1 row in set (0.00 sec)

+-------------------------+
| clientcontractdiscounts |
+-------------------------+
|                    7349 |
+-------------------------+
1 row in set (0.00 sec)

+----------------------------+
| clientcontractlastdiscount |
+----------------------------+
|                       5684 |
+----------------------------+
1 row in set (0.00 sec)

Database changed
Query OK, 0 rows affected (0.02 sec)

Query OK, 0 rows affected (0.01 sec)

Database changed
Query OK, 136635 rows affected, 4 warnings (3.10 sec)
Records: 136635  Deleted: 0  Skipped: 0  Warnings: 4

Query OK, 0 rows affected (0.25 sec)
Records: 0  Duplicates: 0  Warnings: 0

Query OK, 0 rows affected (0.27 sec)
Records: 0  Duplicates: 0  Warnings: 0

Query OK, 0 rows affected (0.31 sec)
Records: 0  Duplicates: 0  Warnings: 0

Query OK, 0 rows affected (0.26 sec)
Records: 0  Duplicates: 0  Warnings: 0

Query OK, 0 rows affected (0.34 sec)
Records: 0  Duplicates: 0  Warnings: 0

Query OK, 0 rows affected (0.51 sec)
Records: 0  Duplicates: 0  Warnings: 0

Query OK, 0 rows affected (0.06 sec)

Query OK, 1748515 rows affected (3 min 32.44 sec)
Records: 1748515  Duplicates: 0  Warnings: 0

Query OK, 0 rows affected (4.41 sec)
Records: 0  Duplicates: 0  Warnings: 0

+---------+
| devices |
+---------+
|  136635 |
+---------+
1 row in set (0.04 sec)

+-----------------------+
| clientcontractdevices |
+-----------------------+
|               1748515 |
+-----------------------+
1 row in set (0.66 sec)

Query OK, 0 rows affected (0.01 sec)

Query OK, 136544 rows affected (4.76 sec)
Records: 136544  Duplicates: 0  Warnings: 0

+---------------------------+
| rep_clientcontractdevices |
+---------------------------+
|                    136544 |
+---------------------------+
1 row in set (0.04 sec)

Database changed
Query OK, 0 rows affected (0.02 sec)

Query OK, 0 rows affected (0.01 sec)

Query OK, 284122 rows affected (6.38 sec)
Records: 284122  Deleted: 0  Skipped: 0  Warnings: 0

Query OK, 0 rows affected (0.64 sec)
Records: 0  Duplicates: 0  Warnings: 0

Query OK, 0 rows affected (0.58 sec)
Records: 0  Duplicates: 0  Warnings: 0

Query OK, 0 rows affected (0.55 sec)
Records: 0  Duplicates: 0  Warnings: 0

Query OK, 0 rows affected (0.48 sec)
Records: 0  Duplicates: 0  Warnings: 0

+---------+
| tickets |
+---------+
|  284122 |
+---------+
1 row in set (0.07 sec)

Database changed
Query OK, 0 rows affected (0.01 sec)

Query OK, 0 rows affected (0.01 sec)

Empty set (0.00 sec)

Query OK, 0 rows affected (0.01 sec)
Records: 0  Duplicates: 0  Warnings: 0

Query OK, 354 rows affected, 2 warnings (0.03 sec)
Records: 354  Deleted: 0  Skipped: 0  Warnings: 2

+-----------------+
| tickettechusers |
+-----------------+
|             354 |
+-----------------+
1 row in set (0.00 sec)

Database changed
Query OK, 0 rows affected (0.01 sec)

Query OK, 0 rows affected (0.01 sec)

Query OK, 0 rows affected (0.01 sec)
Records: 0  Duplicates: 0  Warnings: 0

Query OK, 614907 rows affected, 45640 warnings (9.66 sec)
Records: 614907  Deleted: 0  Skipped: 0  Warnings: 45640

+-------------------+
| ticketassignments |
+-------------------+
|            614907 |
+-------------------+
1 row in set (0.16 sec)

Database changed
Query OK, 0 rows affected (0.02 sec)

Query OK, 0 rows affected (0.01 sec)

Query OK, 1254385 rows affected (13.77 sec)
Records: 1254385  Deleted: 0  Skipped: 0  Warnings: 0

Query OK, 0 rows affected (4.47 sec)
Records: 0  Duplicates: 0  Warnings: 0

Query OK, 0 rows affected (2.59 sec)
Records: 0  Duplicates: 0  Warnings: 0

Query OK, 0 rows affected (2.19 sec)
Records: 0  Duplicates: 0  Warnings: 0

Query OK, 0 rows affected (2.80 sec)
Records: 0  Duplicates: 0  Warnings: 0

+----------------+
| ticketcomments |
+----------------+
|        1254385 |
+----------------+
1 row in set (0.35 sec)

Database changed
Query OK, 0 rows affected (0.01 sec)

Query OK, 0 rows affected (0.01 sec)

Query OK, 446859 rows affected (31.88 sec)
Records: 446859  Deleted: 0  Skipped: 0  Warnings: 0

Query OK, 0 rows affected (2.04 sec)
Records: 0  Duplicates: 0  Warnings: 0

+----------+
| comments |
+----------+
|   446859 |
+----------+
1 row in set (0.13 sec)

Database changed
Query OK, 0 rows affected (0.03 sec)

Query OK, 0 rows affected (0.01 sec)

Query OK, 1249942 rows affected, 65535 warnings (1 min 5.83 sec)
Records: 1249942  Deleted: 0  Skipped: 0  Warnings: 1249958

Query OK, 0 rows affected (3.52 sec)
Records: 0  Duplicates: 0  Warnings: 0

Query OK, 0 rows affected (2.88 sec)
Records: 0  Duplicates: 0  Warnings: 0

Query OK, 0 rows affected (2.88 sec)
Records: 0  Duplicates: 0  Warnings: 0

Query OK, 0 rows affected (2.88 sec)
Records: 0  Duplicates: 0  Warnings: 0

Query OK, 0 rows affected (4.25 sec)
Records: 0  Duplicates: 0  Warnings: 0

+------------+
| devicesold |
+------------+
|    1249942 |
+------------+
1 row in set (0.35 sec)

Database changed
Query OK, 0 rows affected (0.02 sec)

Query OK, 0 rows affected (0.01 sec)

Query OK, 1741963 rows affected (20.90 sec)
Records: 1741963  Deleted: 0  Skipped: 0  Warnings: 0

Query OK, 0 rows affected (5.10 sec)
Records: 0  Duplicates: 0  Warnings: 0

Query OK, 0 rows affected (3.84 sec)
Records: 0  Duplicates: 0  Warnings: 0

Query OK, 0 rows affected (3.81 sec)
Records: 0  Duplicates: 0  Warnings: 0

+------------------+
| contractservices |
+------------------+
|          1741963 |
+------------------+
1 row in set (0.49 sec)

Database changed
Query OK, 0 rows affected (0.04 sec)

Query OK, 0 rows affected (0.01 sec)

Query OK, 4108874 rows affected (1 min 39.40 sec)
Records: 4108874  Deleted: 0  Skipped: 0  Warnings: 0

Query OK, 0 rows affected (11.71 sec)
Records: 0  Duplicates: 0  Warnings: 0

Query OK, 0 rows affected (11.38 sec)
Records: 0  Duplicates: 0  Warnings: 0

Query OK, 0 rows affected (10.71 sec)
Records: 0  Duplicates: 0  Warnings: 0

Query OK, 0 rows affected (10.13 sec)
Records: 0  Duplicates: 0  Warnings: 0

+------------------+
| invoicescontents |
+------------------+
|          4108874 |
+------------------+
1 row in set (1.09 sec)

Database changed
Query OK, 0 rows affected (0.06 sec)

Query OK, 0 rows affected (0.01 sec)

Query OK, 2876968 rows affected (2 min 33.65 sec)
Records: 2876968  Deleted: 0  Skipped: 0  Warnings: 0

Query OK, 0 rows affected (11.39 sec)
Records: 0  Duplicates: 0  Warnings: 0

Query OK, 0 rows affected (10.02 sec)
Records: 0  Duplicates: 0  Warnings: 0

Query OK, 0 rows affected (9.83 sec)
Records: 0  Duplicates: 0  Warnings: 0

Query OK, 0 rows affected (10.20 sec)
Records: 0  Duplicates: 0  Warnings: 0

Query OK, 0 rows affected (10.42 sec)
Records: 0  Duplicates: 0  Warnings: 0

+----------------+
| invoicesheader |
+----------------+
|        2876968 |
+----------------+
1 row in set (0.79 sec)

Database changed
Query OK, 0 rows affected (0.04 sec)

Query OK, 0 rows affected (0.01 sec)

Query OK, 2940349 rows affected (1 min 12.09 sec)
Records: 2940349  Deleted: 0  Skipped: 0  Warnings: 0

Query OK, 0 rows affected (7.34 sec)
Records: 0  Duplicates: 0  Warnings: 0

Query OK, 0 rows affected (7.37 sec)
Records: 0  Duplicates: 0  Warnings: 0

Query OK, 0 rows affected (7.20 sec)
Records: 0  Duplicates: 0  Warnings: 0

Query OK, 0 rows affected (7.00 sec)
Records: 0  Duplicates: 0  Warnings: 0

+---------+
| casa    |
+---------+
| 2940349 |
+---------+
1 row in set (0.80 sec)

Query OK, 0 rows affected (0.01 sec)

Query OK, 14170 rows affected (1 min 5.54 sec)
Records: 14170  Duplicates: 0  Warnings: 0

+--------------------+
| rep_paycol_channel |
+--------------------+
|              14170 |
+--------------------+
1 row in set (0.01 sec)

Query OK, 0 rows affected (0.01 sec)

Query OK, 10200 rows affected (1 min 20.71 sec)
Records: 10200  Duplicates: 0  Warnings: 0

+----------------+
| rep_paycol_pos |
+----------------+
|          10200 |
+----------------+
1 row in set (0.00 sec)

Database changed
Query OK, 0 rows affected (0.01 sec)

Query OK, 0 rows affected (0.01 sec)

Database changed
Query OK, 39182 rows affected (0.77 sec)
Records: 39182  Deleted: 0  Skipped: 0  Warnings: 0

+-------+
| users |
+-------+
| 39182 |
+-------+
1 row in set (0.01 sec)

Query OK, 0 rows affected (0.07 sec)
Records: 0  Duplicates: 0  Warnings: 0

Database changed
Query OK, 0 rows affected (0.03 sec)

Query OK, 0 rows affected (0.01 sec)

Query OK, 1872898 rows affected, 2 warnings (27.07 sec)
Records: 1872898  Deleted: 0  Skipped: 0  Warnings: 2

Query OK, 0 rows affected (5.03 sec)
Records: 0  Duplicates: 0  Warnings: 0

Query OK, 0 rows affected (4.43 sec)
Records: 0  Duplicates: 0  Warnings: 0

Query OK, 0 rows affected (4.37 sec)
Records: 0  Duplicates: 0  Warnings: 0

Query OK, 0 rows affected (3.52 sec)
Records: 0  Duplicates: 0  Warnings: 0

Query OK, 0 rows affected (3.81 sec)
Records: 0  Duplicates: 0  Warnings: 0

+-------------+
| useractions |
+-------------+
|     1872898 |
+-------------+
1 row in set (0.52 sec)

Database changed
Query OK, 0 rows affected (0.07 sec)

Query OK, 0 rows affected (0.01 sec)

Database changed
Query OK, 18415396 rows affected (3 min 1.52 sec)
Records: 18415396  Deleted: 0  Skipped: 0  Warnings: 0

Query OK, 0 rows affected (45.95 sec)
Records: 0  Duplicates: 0  Warnings: 0

Query OK, 0 rows affected (44.07 sec)
Records: 0  Duplicates: 0  Warnings: 0

Query OK, 0 rows affected (45.10 sec)
Records: 0  Duplicates: 0  Warnings: 0

Query OK, 0 rows affected (39.84 sec)
Records: 0  Duplicates: 0  Warnings: 0

Query OK, 0 rows affected (51.94 sec)
Records: 0  Duplicates: 0  Warnings: 0

+----------+
| ipusage1 |
+----------+
| 18415396 |
+----------+
1 row in set (6.36 sec)

Query OK, 0 rows affected (0.09 sec)

Query OK, 18592146 rows affected, 65535 warnings (7 min 18.40 sec)
Records: 18592146  Duplicates: 0  Warnings: 18587118

Query OK, 0 rows affected (48.23 sec)
Records: 0  Duplicates: 0  Warnings: 0

Query OK, 0 rows affected (47.34 sec)
Records: 0  Duplicates: 0  Warnings: 0

Query OK, 0 rows affected (47.20 sec)
Records: 0  Duplicates: 0  Warnings: 0

Query OK, 0 rows affected (43.92 sec)
Records: 0  Duplicates: 0  Warnings: 0

Query OK, 0 rows affected (1 min 11.01 sec)
Records: 0  Duplicates: 0  Warnings: 0

Query OK, 0 rows affected (1 min 14.48 sec)
Records: 0  Duplicates: 0  Warnings: 0

Query OK, 0 rows affected (1 min 6.41 sec)
Records: 0  Duplicates: 0  Warnings: 0

+----------+
| ipusage  |
+----------+
| 18592146 |
+----------+
1 row in set (6.83 sec)

Query OK, 0 rows affected (0.04 sec)

Query OK, 4587168 rows affected (4 min 5.37 sec)
Records: 4587168  Duplicates: 0  Warnings: 0

Query OK, 0 rows affected (13.68 sec)
Records: 0  Duplicates: 0  Warnings: 0

Query OK, 0 rows affected (10.73 sec)
Records: 0  Duplicates: 0  Warnings: 0

Query OK, 0 rows affected (19.92 sec)
Records: 0  Duplicates: 0  Warnings: 0

Query OK, 0 rows affected (21.64 sec)
Records: 0  Duplicates: 0  Warnings: 0

Query OK, 0 rows affected (9.11 sec)
Records: 0  Duplicates: 0  Warnings: 0

Query OK, 0 rows affected (0.03 sec)

Query OK, 383659 rows affected (31.48 sec)
Records: 383659  Duplicates: 0  Warnings: 0

Query OK, 0 rows affected (1.20 sec)
Records: 0  Duplicates: 0  Warnings: 0

Query OK, 0 rows affected (1.07 sec)
Records: 0  Duplicates: 0  Warnings: 0

Query OK, 0 rows affected (1.23 sec)
Records: 0  Duplicates: 0  Warnings: 0

Query OK, 0 rows affected (0.68 sec)
Records: 0  Duplicates: 0  Warnings: 0

Query OK, 0 rows affected (0.66 sec)
Records: 0  Duplicates: 0  Warnings: 0

Query OK, 0 rows affected (0.70 sec)
Records: 0  Duplicates: 0  Warnings: 0

Query OK, 0 rows affected (0.68 sec)
Records: 0  Duplicates: 0  Warnings: 0

Query OK, 0 rows affected (0.02 sec)

Query OK, 1741757 rows affected (51.08 sec)
Records: 1741757  Duplicates: 0  Warnings: 0

Query OK, 0 rows affected (7.44 sec)
Records: 0  Duplicates: 0  Warnings: 0

Query OK, 0 rows affected (3.76 sec)
Records: 0  Duplicates: 0  Warnings: 0

Query OK, 0 rows affected (5.24 sec)
Records: 0  Duplicates: 0  Warnings: 0

mysql> mysql \. C:\workspace\cloud\code\sql\_DailyScript\currenttime.sql
+---------------------+
| currenttime         |
+---------------------+
| 2020-05-20 09:10:25 |
+---------------------+
1 row in set (0.00 sec)

mysql> 
mysql> mysql \. C:\workspace\cloud\code\sql\_DailyScript\ticket_analysis.sql
Database changed
Query OK, 0 rows affected (0.03 sec)

Query OK, 615352 rows affected (20.06 sec)
Records: 615352  Duplicates: 0  Warnings: 0

Query OK, 0 rows affected (4.86 sec)
Records: 0  Duplicates: 0  Warnings: 0

Query OK, 0 rows affected (1.48 sec)
Records: 0  Duplicates: 0  Warnings: 0

Query OK, 0 rows affected (1.55 sec)
Records: 0  Duplicates: 0  Warnings: 0

Query OK, 0 rows affected (0.02 sec)

Query OK, 20095 rows affected (10.02 sec)
Records: 20095  Duplicates: 0  Warnings: 0

Query OK, 0 rows affected, 1 warning (0.00 sec)

Query OK, 86594 rows affected (5.68 sec)
Records: 86594  Duplicates: 0  Warnings: 0

Query OK, 0 rows affected, 1 warning (0.00 sec)

Query OK, 445250 rows affected (10.87 sec)
Records: 445250  Duplicates: 0  Warnings: 0

Query OK, 0 rows affected, 1 warning (0.00 sec)

Query OK, 445250 rows affected (11.54 sec)
Records: 445250  Duplicates: 0  Warnings: 0

Query OK, 0 rows affected (0.02 sec)

Query OK, 86663 rows affected (4.32 sec)
Records: 86663  Duplicates: 0  Warnings: 0

Database changed
Query OK, 0 rows affected (0.00 sec)

Query OK, 0 rows affected (0.04 sec)

Query OK, 615352 rows affected (17.56 sec)
Records: 615352  Duplicates: 0  Warnings: 0

Query OK, 0 rows affected (0.02 sec)

Query OK, 307457 rows affected (12.93 sec)
Records: 307457  Duplicates: 0  Warnings: 0

+--------------------------+
| clientticket_cmmtjourney |
+--------------------------+
|                   615352 |
+--------------------------+
1 row in set (2.05 sec)

+---------------------------+
| clientticket_assgnjourney |
+---------------------------+
|                    307457 |
+---------------------------+
1 row in set (0.32 sec)

Query OK, 0 rows affected (0.01 sec)

Query OK, 72 rows affected (0.09 sec)
Records: 72  Duplicates: 0  Warnings: 0

mysql> mysql \. C:\workspace\cloud\code\sql\_DailyScript\currenttime.sql
+---------------------+
| currenttime         |
+---------------------+
| 2020-05-20 09:12:09 |
+---------------------+
1 row in set (0.00 sec)

mysql> 
mysql> mysql \. C:\workspace\cloud\code\sql\_DailyScript\load_DailyCalls.sql
Database changed
Query OK, 372 rows affected (0.22 sec)
Records: 372  Deleted: 0  Skipped: 0  Warnings: 0

Query OK, 0 rows affected, 1 warning (0.00 sec)

Query OK, 355 rows affected (0.02 sec)
Records: 355  Duplicates: 0  Warnings: 0

Query OK, 0 rows affected, 1 warning (0.00 sec)

Query OK, 66798 rows affected (0.29 sec)
Records: 66798  Duplicates: 0  Warnings: 0

+----------------------+
| callingclientsbefore |
+----------------------+
|               925224 |
+----------------------+
1 row in set (0.44 sec)

Query OK, 501 rows affected (7.08 sec)
Records: 501  Duplicates: 0  Warnings: 0

+---------------------+
| callingclientsafter |
+---------------------+
|              925725 |
+---------------------+
1 row in set (0.23 sec)

Query OK, 0 rows affected (0.02 sec)

Query OK, 275 rows affected (2.97 sec)
Records: 275  Duplicates: 0  Warnings: 0

Query OK, 0 rows affected (0.00 sec)

Query OK, 18540 rows affected (2.71 sec)
Records: 18540  Duplicates: 0  Warnings: 0

+-----------+
| callstats |
+-----------+
|     18540 |
+-----------+
1 row in set (0.01 sec)

Query OK, 0 rows affected, 1 warning (0.00 sec)

Query OK, 501 rows affected (2.30 sec)
Records: 501  Duplicates: 0  Warnings: 0

+------------------------+
| rep_cccallreportbefore |
+------------------------+
|                 929778 |
+------------------------+
1 row in set (0.32 sec)

Query OK, 501 rows affected (0.15 sec)
Records: 501  Duplicates: 0  Warnings: 0

+-----------------------+
| rep_cccallreportafter |
+-----------------------+
|                930279 |
+-----------------------+
1 row in set (0.24 sec)

Query OK, 0 rows affected (0.01 sec)

mysql> mysql \. C:\workspace\cloud\code\sql\_DailyScript\currenttime.sql
+---------------------+
| currenttime         |
+---------------------+
| 2020-05-20 09:12:26 |
+---------------------+
1 row in set (0.00 sec)

mysql> 
mysql> mysql \. C:\workspace\cloud\code\sql\_DailyScript\DAILY-SCRIPT-USAGE.sql
Database changed
Query OK, 0 rows affected (0.00 sec)

Query OK, 7873 rows affected, 22797 warnings (1.33 sec)
Records: 7873  Deleted: 0  Skipped: 0  Warnings: 22797

Query OK, 0 rows affected (0.00 sec)

Query OK, 12568 rows affected, 36452 warnings (1.81 sec)
Records: 12568  Deleted: 0  Skipped: 0  Warnings: 36452

Query OK, 0 rows affected (0.00 sec)

Query OK, 366 rows affected, 1294 warnings (0.04 sec)
Records: 366  Deleted: 0  Skipped: 0  Warnings: 1294

Query OK, 0 rows affected (0.00 sec)

Query OK, 237 rows affected, 812 warnings (0.03 sec)
Records: 237  Deleted: 0  Skipped: 0  Warnings: 812

+------------+
| dailyusage |
+------------+
|   12329953 |
+------------+
1 row in set (4.96 sec)

+------------+------------+------------+---------+
| datestart  | dateend    | insertedon | records |
+------------+------------+------------+---------+
| 2020-05-19 | 2020-05-19 | 2020-05-20 |   21044 |
| 2020-05-18 | 2020-05-18 | 2020-05-19 |   21898 |
| 2020-05-17 | 2020-05-17 | 2020-05-18 |   21496 |
| 2020-05-16 | 2020-05-16 | 2020-05-17 |   21551 |
| 2020-05-15 | 2020-05-15 | 2020-05-16 |   22503 |
+------------+------------+------------+---------+
5 rows in set (25.51 sec)

mysql> mysql \. C:\workspace\cloud\code\sql\_DailyScript\currenttime.sql
+---------------------+
| currenttime         |
+---------------------+
| 2020-05-20 09:12:59 |
+---------------------+
1 row in set (0.00 sec)

mysql> 
mysql> mysql \. C:\workspace\cloud\code\sql\_DailyScript\DAILY-SCRIPT-SALES-TELEMETRY.sql
Database changed
Query OK, 125 rows affected, 108 warnings (0.07 sec)
Records: 125  Deleted: 0  Skipped: 0  Warnings: 108

+------------+
| dailysales |
+------------+
|     195494 |
+------------+
1 row in set (0.21 sec)

Query OK, 0 rows affected (0.01 sec)

Query OK, 195494 rows affected (12.02 sec)
Records: 195494  Duplicates: 0  Warnings: 0

+--------+
| sales  |
+--------+
| 195494 |
+--------+
1 row in set (0.09 sec)

Query OK, 0 rows affected (0.01 sec)

Query OK, 3143 rows affected (0.32 sec)
Records: 3143  Duplicates: 0  Warnings: 0

+----------------+
| rep_dailysales |
+----------------+
|           3143 |
+----------------+
1 row in set (0.00 sec)

Query OK, 0 rows affected (0.00 sec)

Query OK, 3143 rows affected (0.48 sec)
Records: 3143  Duplicates: 0  Warnings: 0

+-------------------+
| rep_dailysalesreg |
+-------------------+
|              3143 |
+-------------------+
1 row in set (0.00 sec)

Query OK, 0 rows affected (0.00 sec)

Query OK, 2723 rows affected (0.59 sec)
Records: 2723  Duplicates: 0  Warnings: 0

+-----------+
| saleslist |
+-----------+
|      2723 |
+-----------+
1 row in set (0.00 sec)

Database changed
Query OK, 2 rows affected (0.03 sec)
Records: 2  Deleted: 0  Skipped: 0  Warnings: 0

+------------------+
| dailysinglesales |
+------------------+
|             6268 |
+------------------+
1 row in set (0.01 sec)

Database changed
Query OK, 13 rows affected (0.03 sec)
Records: 13  Deleted: 0  Skipped: 0  Warnings: 0

+-----------------+
| dailyaddonsales |
+-----------------+
|           19460 |
+-----------------+
1 row in set (0.02 sec)

Query OK, 167 rows affected (0.08 sec)
Records: 167  Deleted: 0  Skipped: 0  Warnings: 0

+----------------+
| onlinepayments |
+----------------+
|          99072 |
+----------------+
1 row in set (0.06 sec)

+-------------+----------------+---------------------+
| paymentdate | onlinepayments | onlinepaymentamount |
+-------------+----------------+---------------------+
| 2020-05-19  |            167 |         99941.77000 |
| 2020-05-18  |            158 |         99625.33000 |
| 2020-05-17  |            189 |        112012.74000 |
| 2020-05-16  |            155 |        101620.31000 |
| 2020-05-15  |            140 |         95702.00000 |
+-------------+----------------+---------------------+
5 rows in set (0.32 sec)

+-------------+--------------+----------------+---------------------+
| paymentyear | paymentmonth | onlinepayments | onlinepaymentamount |
+-------------+--------------+----------------+---------------------+
|        2020 |            5 |           3627 |       2325607.44000 |
|        2020 |            4 |           7837 |       4979458.33000 |
|        2020 |            3 |           4932 |       3198124.05000 |
|        2020 |            2 |           3434 |       2334711.58000 |
|        2020 |            1 |           3598 |       2395112.36000 |
+-------------+--------------+----------------+---------------------+
5 rows in set (0.09 sec)

mysql> mysql \. C:\workspace\cloud\code\sql\_DailyScript\currenttime.sql
+---------------------+
| currenttime         |
+---------------------+
| 2020-05-20 09:13:14 |
+---------------------+
1 row in set (0.00 sec)

mysql> 
mysql> mysql \. C:\workspace\cloud\code\sql\_DailyScript\DAILY-SCRIPT-ACTIVENUMBERS.sql
Database changed
Query OK, 1153 rows affected (0.63 sec)
Records: 1153  Deleted: 0  Skipped: 0  Warnings: 0

+------------+----------+
| period     | count(1) |
+------------+----------+
| 2020-05-19 |     1153 |
| 2020-05-18 |     1153 |
| 2020-05-17 |     1154 |
| 2020-05-16 |     1154 |
| 2020-05-15 |     1154 |
+------------+----------+
5 rows in set (0.01 sec)

Query OK, 0 rows affected (0.00 sec)

Query OK, 80 rows affected (1.30 sec)
Records: 80  Duplicates: 0  Warnings: 0

+-------------+
| packagelist |
+-------------+
|          80 |
+-------------+
1 row in set (0.00 sec)

Database changed
Query OK, 0 rows affected (0.00 sec)

Query OK, 0 rows affected (0.00 sec)

Query OK, 0 rows affected (0.00 sec)

Query OK, 0 rows affected (0.00 sec)

Query OK, 27602 rows affected, 213 warnings (18.85 sec)
Records: 27602  Deleted: 0  Skipped: 0  Warnings: 213

+------------+----------+
| period     | count(1) |
+------------+----------+
| 2020-05-19 |    27602 |
| 2020-05-18 |    27504 |
| 2020-05-17 |    27458 |
| 2020-05-16 |    27668 |
| 2020-05-15 |    27715 |
+------------+----------+
5 rows in set (0.14 sec)

Query OK, 0 rows affected (0.02 sec)

Query OK, 27006 rows affected (43.02 sec)
Records: 27006  Duplicates: 0  Warnings: 0

Query OK, 0 rows affected (0.16 sec)
Records: 0  Duplicates: 0  Warnings: 0

Query OK, 0 rows affected (0.09 sec)
Records: 0  Duplicates: 0  Warnings: 0

Query OK, 0 rows affected (0.18 sec)
Records: 0  Duplicates: 0  Warnings: 0

Query OK, 0 rows affected (0.06 sec)
Records: 0  Duplicates: 0  Warnings: 0

Query OK, 0 rows affected (0.05 sec)
Records: 0  Duplicates: 0  Warnings: 0

Query OK, 0 rows affected (0.10 sec)
Records: 0  Duplicates: 0  Warnings: 0

+-------------+
| countbefore |
+-------------+
|    35958713 |
+-------------+
1 row in set (13.58 sec)

Query OK, 27006 rows affected (5.48 sec)
Records: 27006  Duplicates: 0  Warnings: 0

+------------+
| countafter |
+------------+
|   35985719 |
+------------+
1 row in set (11.96 sec)

+------------+--------------------------+
| period     | customercontractactivity |
+------------+--------------------------+
| 2020-05-19 |                    27006 |
| 2020-05-18 |                    26908 |
| 2020-05-17 |                    26862 |
| 2020-05-16 |                    27072 |
| 2020-05-15 |                    27117 |
+------------+--------------------------+
5 rows in set (0.06 sec)

Query OK, 0 rows affected (0.02 sec)

Query OK, 264785 rows affected (6 min 18.73 sec)
Records: 264785  Duplicates: 0  Warnings: 0

Query OK, 0 rows affected (0.90 sec)
Records: 0  Duplicates: 0  Warnings: 0

Query OK, 0 rows affected (0.92 sec)
Records: 0  Duplicates: 0  Warnings: 0

Query OK, 0 rows affected (0.96 sec)
Records: 0  Duplicates: 0  Warnings: 0

Query OK, 0 rows affected (0.01 sec)

Query OK, 181 rows affected (0.40 sec)
Records: 181  Duplicates: 0  Warnings: 0

Query OK, 0 rows affected (0.00 sec)

Query OK, 2551 rows affected (0.51 sec)
Records: 2551  Duplicates: 0  Warnings: 0

Query OK, 0 rows affected (0.01 sec)

Query OK, 26988 rows affected (0.50 sec)
Records: 26988  Duplicates: 0  Warnings: 0

Query OK, 0 rows affected (0.01 sec)

Query OK, 17030 rows affected (0.33 sec)
Records: 17030  Duplicates: 0  Warnings: 0

Query OK, 0 rows affected (0.01 sec)

Query OK, 17030 rows affected (0.12 sec)
Records: 17030  Duplicates: 0  Warnings: 0

Query OK, 0 rows affected (0.01 sec)

Query OK, 17030 rows affected (1.05 sec)
Records: 17030  Duplicates: 0  Warnings: 0

Query OK, 0 rows affected (0.01 sec)

Query OK, 17030 rows affected (41.65 sec)
Records: 17030  Duplicates: 0  Warnings: 0

+-------------+
| clientstats |
+-------------+
|       17030 |
+-------------+
1 row in set (0.01 sec)

Query OK, 0 rows affected (0.01 sec)

Query OK, 12 rows affected, 1 warning (0.09 sec)
Records: 12  Duplicates: 0  Warnings: 1

+-----------------------+-------------+-------------+----------------+-----------------+
| services              | activecount | allaccounts | uniqueaccounts | uniquecontracts |
+-----------------------+-------------+-------------+----------------+-----------------+
| All                   |         294 |          49 |             49 |             157 |
| Internet & Voice      |         397 |         180 |            180 |             352 |
| Internet Only         |        4336 |        4246 |           4241 |            4285 |
| OTT Only              |           2 |           2 |              2 |               2 |
| TV & Internet         |        9333 |        4174 |           4166 |            8478 |
| TV & Internet & OTT   |        2990 |         791 |            791 |            1630 |
| TV & Internet & Voice |         506 |         149 |            149 |             454 |
| TV & OTT              |         361 |          63 |             62 |              82 |
| TV & Voice            |          78 |          36 |             36 |              73 |
| TV Only               |        9279 |        7197 |           7189 |            7385 |
| Voice Only            |         144 |         143 |            143 |             144 |
| GRAND TOTAL           |       27720 |       17030 |          16961 |           23042 |
+-----------------------+-------------+-------------+----------------+-----------------+
12 rows in set (0.00 sec)

+-------------+-------------+-------------+----------------+-----------------+
| network     | activecount | allaccounts | uniqueaccounts | uniquecontracts |
+-------------+-------------+-------------+----------------+-----------------+
| ADDON       |          13 |           9 |              9 |               9 |
| GPON        |        8735 |        4371 |           4368 |            6836 |
| HFC         |       18972 |       12650 |          12650 |           16197 |
| GRAND TOTAL |       27720 |       17030 |          16961 |           23042 |
+-------------+-------------+-------------+----------------+-----------------+
4 rows in set, 1 warning (0.10 sec)

+-------------+-----------------------+-------------+-------------+----------------+-----------------+
| network     | services              | activecount | allaccounts | uniqueaccounts | uniquecontracts |
+-------------+-----------------------+-------------+-------------+----------------+-----------------+
| ADDON       | OTT Only              |           2 |           2 |              2 |               2 |
| ADDON       | TV & OTT              |           6 |           2 |              2 |               2 |
| ADDON       | TV Only               |           5 |           5 |              5 |               5 |
| ADDON       | Services Total        |          13 |           9 |              9 |               9 |
| GPON        | All                   |         156 |          26 |             26 |              83 |
| GPON        | Internet & Voice      |          72 |          30 |             30 |              62 |
| GPON        | Internet Only         |        1115 |        1042 |           1042 |            1066 |
| GPON        | TV & Internet         |        3680 |        1593 |           1593 |            3274 |
| GPON        | TV & Internet & OTT   |        1723 |         449 |            449 |             932 |
| GPON        | TV & Internet & Voice |         199 |          58 |             58 |             179 |
| GPON        | TV & OTT              |         117 |          25 |             25 |              30 |
| GPON        | TV & Voice            |          28 |          12 |             12 |              25 |
| GPON        | TV Only               |        1634 |        1125 |           1125 |            1174 |
| GPON        | Voice Only            |          11 |          11 |             11 |              11 |
| GPON        | Services Total        |        8735 |        4371 |           4368 |            6836 |
| HFC         | All                   |         138 |          23 |             23 |              74 |
| HFC         | Internet & Voice      |         325 |         150 |            150 |             290 |
| HFC         | Internet Only         |        3221 |        3204 |           3204 |            3219 |
| HFC         | TV & Internet         |        5653 |        2581 |           2581 |            5204 |
| HFC         | TV & Internet & OTT   |        1267 |         342 |            342 |             698 |
| HFC         | TV & Internet & Voice |         307 |          91 |             91 |             275 |
| HFC         | TV & OTT              |         238 |          36 |             36 |              50 |
| HFC         | TV & Voice            |          50 |          24 |             24 |              48 |
| HFC         | TV Only               |        7640 |        6067 |           6067 |            6206 |
| HFC         | Voice Only            |         133 |         132 |            132 |             133 |
| HFC         | Services Total        |       18972 |       12650 |          12650 |           16197 |
| GRAND TOTAL | Services Total        |       27720 |       17030 |          16961 |           23042 |
+-------------+-----------------------+-------------+-------------+----------------+-----------------+
27 rows in set, 2 warnings (0.12 sec)

Query OK, 0 rows affected (0.00 sec)

Query OK, 47 rows affected, 3 warnings (0.17 sec)
Records: 47  Duplicates: 0  Warnings: 3

+-------------+---------------+-----------------------+-------------+-------------+----------------+-----------------+
| region      | network       | services              | activecount | allaccounts | uniqueaccounts | uniquecontracts |
+-------------+---------------+-----------------------+-------------+-------------+----------------+-----------------+
| Eden Island | GPON          | TV & Internet         |           2 |           1 |              1 |               2 |
| Eden Island | GPON          | Services Total        |           2 |           1 |              1 |               2 |
| Eden Island | Network Total | Services Total        |           2 |           1 |              1 |               2 |
| Mahe        | ADDON         | OTT Only              |           2 |           2 |              2 |               2 |
| Mahe        | ADDON         | TV & OTT              |           6 |           2 |              2 |               2 |
| Mahe        | ADDON         | TV Only               |           1 |           1 |              1 |               1 |
| Mahe        | ADDON         | Services Total        |           9 |           5 |              5 |               5 |
| Mahe        | GPON          | All                   |         143 |          24 |             24 |              77 |
| Mahe        | GPON          | Internet & Voice      |          60 |          24 |             24 |              50 |
| Mahe        | GPON          | Internet Only         |         892 |         820 |            820 |             843 |
| Mahe        | GPON          | TV & Internet         |        2821 |        1211 |           1211 |            2491 |
| Mahe        | GPON          | TV & Internet & OTT   |        1280 |         324 |            324 |             672 |
| Mahe        | GPON          | TV & Internet & Voice |         180 |          53 |             53 |             162 |
| Mahe        | GPON          | TV & OTT              |         102 |          18 |             18 |              22 |
| Mahe        | GPON          | TV & Voice            |          28 |          12 |             12 |              25 |
| Mahe        | GPON          | TV Only               |        1313 |         885 |            885 |             925 |
| Mahe        | GPON          | Voice Only            |           9 |           9 |              9 |               9 |
| Mahe        | GPON          | Services Total        |        6828 |        3380 |           3380 |            5276 |
| Mahe        | HFC           | All                   |         138 |          23 |             23 |              74 |
| Mahe        | HFC           | Internet & Voice      |         325 |         150 |            150 |             290 |
| Mahe        | HFC           | Internet Only         |        3220 |        3203 |           3203 |            3218 |
| Mahe        | HFC           | TV & Internet         |        5653 |        2581 |           2581 |            5204 |
| Mahe        | HFC           | TV & Internet & OTT   |        1267 |         342 |            342 |             698 |
| Mahe        | HFC           | TV & Internet & Voice |         307 |          91 |             91 |             275 |
| Mahe        | HFC           | TV & OTT              |         238 |          36 |             36 |              50 |
| Mahe        | HFC           | TV & Voice            |          50 |          24 |             24 |              48 |
| Mahe        | HFC           | TV Only               |        7635 |        6064 |           6064 |            6203 |
| Mahe        | HFC           | Voice Only            |         133 |         132 |            132 |             133 |
| Mahe        | HFC           | Services Total        |       18966 |       12646 |          12646 |           16193 |
| Mahe        | Network Total | Services Total        |       25803 |       16031 |          15968 |           21474 |
| Praslin     | ADDON         | TV Only               |           4 |           4 |              4 |               4 |
| Praslin     | ADDON         | Services Total        |           4 |           4 |              4 |               4 |
| Praslin     | GPON          | All                   |          13 |           2 |              2 |               6 |
| Praslin     | GPON          | Internet & Voice      |          12 |           6 |              6 |              12 |
| Praslin     | GPON          | Internet Only         |         223 |         222 |            222 |             223 |
| Praslin     | GPON          | TV & Internet         |         857 |         381 |            381 |             781 |
| Praslin     | GPON          | TV & Internet & OTT   |         443 |         125 |            125 |             260 |
| Praslin     | GPON          | TV & Internet & Voice |          19 |           5 |              5 |              17 |
| Praslin     | GPON          | TV & OTT              |          15 |           7 |              7 |               8 |
| Praslin     | GPON          | TV Only               |         321 |         240 |            240 |             249 |
| Praslin     | GPON          | Voice Only            |           2 |           2 |              2 |               2 |
| Praslin     | GPON          | Services Total        |        1905 |         990 |            990 |            1558 |
| Praslin     | HFC           | Internet Only         |           1 |           1 |              1 |               1 |
| Praslin     | HFC           | TV Only               |           5 |           3 |              3 |               3 |
| Praslin     | HFC           | Services Total        |           6 |           4 |              4 |               4 |
| Praslin     | Network Total | Services Total        |        1915 |         998 |            995 |            1566 |
| GRAND TOTAL | Network Total | Services Total        |       27720 |       17030 |          16961 |           23042 |
+-------------+---------------+-----------------------+-------------+-------------+----------------+-----------------+
47 rows in set (0.00 sec)

Query OK, 0 rows affected (0.01 sec)

Query OK, 26989 rows affected (0.40 sec)
Records: 26989  Duplicates: 0  Warnings: 0

Query OK, 0 rows affected (0.01 sec)

Query OK, 2047 rows affected (1.35 sec)
Records: 2047  Duplicates: 0  Warnings: 0

+--------------------------------------+
| message                              |
+--------------------------------------+
| running rcbill_my.sp_ActiveNumber2() |
+--------------------------------------+
1 row in set (0.00 sec)

Query OK, 365 rows affected (1 min 34.40 sec)

mysql> mysql \. C:\workspace\cloud\code\sql\_DailyScript\currenttime.sql
+---------------------+
| currenttime         |
+---------------------+
| 2020-05-20 09:23:33 |
+---------------------+
1 row in set (0.00 sec)

mysql> 
mysql> mysql \. C:\workspace\cloud\code\sql\_DailyScript\GetActiveNumbers Average -Pivot.sql
Database changed
+-------------------------------------+
| @today := subdate(current_date(),1) |
+-------------------------------------+
| 2020-05-19                          |
+-------------------------------------+
1 row in set (0.00 sec)

+-------------------------------------+
| @lastdayofmonth := last_day(@today) |
+-------------------------------------+
| 2020-05-31                          |
+-------------------------------------+
1 row in set (0.00 sec)

Query OK, 0 rows affected (0.01 sec)

Query OK, 38773 rows affected, 65535 warnings (45.51 sec)
Records: 38773  Duplicates: 0  Warnings: 80053

Query OK, 0 rows affected (0.09 sec)
Records: 0  Duplicates: 0  Warnings: 0

Query OK, 0 rows affected (0.10 sec)
Records: 0  Duplicates: 0  Warnings: 0

Query OK, 0 rows affected (0.08 sec)
Records: 0  Duplicates: 0  Warnings: 0

+-----------------+
| activenumberavg |
+-----------------+
|           38773 |
+-----------------+
1 row in set (0.00 sec)

Query OK, 0 rows affected (0.00 sec)

Query OK, 1864 rows affected (0.40 sec)
Records: 1864  Duplicates: 0  Warnings: 0

+---------------------+
| rep_activenumberavg |
+---------------------+
|                1864 |
+---------------------+
1 row in set (0.00 sec)

+----------------------+
| rep_activenumberavg1 |
+----------------------+
|                  874 |
+----------------------+
1 row in set (0.00 sec)

Query OK, 0 rows affected (0.01 sec)

Query OK, 2005 rows affected (0.34 sec)
Records: 2005  Duplicates: 0  Warnings: 0

Query OK, 0 rows affected (0.01 sec)

Query OK, 10229 rows affected (0.61 sec)
Records: 10229  Duplicates: 0  Warnings: 0

Query OK, 0 rows affected (0.00 sec)

Query OK, 0 rows affected (0.00 sec)

Query OK, 0 rows affected (0.01 sec)

Query OK, 0 rows affected (0.00 sec)

Query OK, 0 rows affected (0.00 sec)
Statement prepared

Query OK, 53 rows affected (0.04 sec)
Records: 53  Duplicates: 0  Warnings: 0

Query OK, 0 rows affected (0.00 sec)

Query OK, 0 rows affected (0.00 sec)

+----------------------+
| rep_activenumberavg2 |
+----------------------+
|                 2005 |
+----------------------+
1 row in set (0.00 sec)

+------------------------+
| rep_activenumberavg_pv |
+------------------------+
|                     53 |
+------------------------+
1 row in set (0.00 sec)

Query OK, 0 rows affected (0.00 sec)

Query OK, 2005 rows affected (0.29 sec)
Records: 2005  Duplicates: 0  Warnings: 0

Query OK, 0 rows affected (0.00 sec)

Query OK, 0 rows affected (0.00 sec)

Query OK, 0 rows affected (0.01 sec)

Query OK, 0 rows affected (0.00 sec)

Query OK, 0 rows affected (0.00 sec)
Statement prepared

Query OK, 53 rows affected (0.04 sec)
Records: 53  Duplicates: 0  Warnings: 0

Query OK, 0 rows affected (0.00 sec)

Query OK, 0 rows affected (0.00 sec)

+-------------------------+
| rep_activenumberavgMahe |
+-------------------------+
|                    2005 |
+-------------------------+
1 row in set (0.00 sec)

+----------------------------+
| rep_activenumberavgMahe_pv |
+----------------------------+
|                         53 |
+----------------------------+
1 row in set (0.00 sec)

Query OK, 0 rows affected (0.01 sec)

Query OK, 1283 rows affected (0.12 sec)
Records: 1283  Duplicates: 0  Warnings: 0

Query OK, 0 rows affected (0.00 sec)

Query OK, 0 rows affected (0.00 sec)

Query OK, 0 rows affected (0.02 sec)

Query OK, 0 rows affected (0.00 sec)

Query OK, 0 rows affected (0.00 sec)
Statement prepared

Query OK, 40 rows affected (0.03 sec)
Records: 40  Duplicates: 0  Warnings: 0

Query OK, 0 rows affected (0.00 sec)

Query OK, 0 rows affected (0.00 sec)

+----------------------------+
| rep_activenumberavgPraslin |
+----------------------------+
|                       1283 |
+----------------------------+
1 row in set (0.00 sec)

+-------------------------------+
| rep_activenumberavgPraslin_pv |
+-------------------------------+
|                            40 |
+-------------------------------+
1 row in set (0.00 sec)

mysql> mysql \. C:\workspace\cloud\code\sql\_DailyScript\currenttime.sql
+---------------------+
| currenttime         |
+---------------------+
| 2020-05-20 09:24:20 |
+---------------------+
1 row in set (0.00 sec)

mysql> 
mysql> mysql \. C:\workspace\cloud\code\sql\_DailyScript\budget_actual_analysis_2020.sql
Query OK, 0 rows affected (0.00 sec)

Query OK, 757 rows affected, 3 warnings (0.14 sec)
Records: 757  Duplicates: 0  Warnings: 3

+--------------------+
| budget_actual_2020 |
+--------------------+
|                757 |
+--------------------+
1 row in set (0.00 sec)

Query OK, 0 rows affected (0.01 sec)

Query OK, 47 rows affected (0.04 sec)
Records: 47  Duplicates: 0  Warnings: 0

+---------------------------+
| rep_budget_actual_2020_pv |
+---------------------------+
|                        47 |
+---------------------------+
1 row in set (0.00 sec)

mysql> mysql \. C:\workspace\cloud\code\sql\_DailyScript\currenttime.sql
+---------------------+
| currenttime         |
+---------------------+
| 2020-05-20 09:24:21 |
+---------------------+
1 row in set (0.00 sec)

mysql> 
mysql> mysql \. C:\workspace\cloud\code\sql\_DailyScript\reports-sales-addons-prepaid-camera.sql
Database changed
Query OK, 0 rows affected (0.00 sec)

Query OK, 4071 rows affected (0.19 sec)
Records: 4071  Duplicates: 0  Warnings: 0

Query OK, 0 rows affected (0.01 sec)

Query OK, 19503 rows affected (16.26 sec)
Records: 19503  Duplicates: 0  Warnings: 0

+--------------------+
| rep_prepaid_camera |
+--------------------+
|               4071 |
+--------------------+
1 row in set (0.00 sec)

+-----------+
| rep_addon |
+-----------+
|     19503 |
+-----------+
1 row in set (0.01 sec)

mysql> mysql \. C:\workspace\cloud\code\sql\_DailyScript\currenttime.sql
+---------------------+
| currenttime         |
+---------------------+
| 2020-05-20 09:24:37 |
+---------------------+
1 row in set (0.00 sec)

mysql> 
mysql> mysql \. C:\workspace\cloud\code\sql\_DailyScript\housing-estate-analysis.sql
Database changed
Query OK, 0 rows affected (0.01 sec)

Query OK, 3103 rows affected (53.14 sec)
Records: 3103  Duplicates: 0  Warnings: 0

+--------------------+
| rep_housingestates |
+--------------------+
|               3103 |
+--------------------+
1 row in set (0.00 sec)

mysql> mysql \. C:\workspace\cloud\code\sql\_DailyScript\currenttime.sql
+---------------------+
| currenttime         |
+---------------------+
| 2020-05-20 09:25:30 |
+---------------------+
1 row in set (0.00 sec)

mysql> 
mysql> mysql \. C:\workspace\cloud\code\sql\_DailyScript\RCB_ClientAnalyticsReport_Script.sql
Database changed
Query OK, 0 rows affected (0.00 sec)

Query OK, 0 rows affected (0.05 sec)

Query OK, 1880886 rows affected (1 min 45.08 sec)
Records: 1880886  Duplicates: 0  Warnings: 0

Query OK, 0 rows affected (6.48 sec)
Records: 0  Duplicates: 0  Warnings: 0

Query OK, 0 rows affected (4.01 sec)
Records: 0  Duplicates: 0  Warnings: 0

Query OK, 0 rows affected (9.24 sec)
Records: 0  Duplicates: 0  Warnings: 0

Query OK, 0 rows affected (6.71 sec)
Records: 0  Duplicates: 0  Warnings: 0

Query OK, 0 rows affected (13.32 sec)
Records: 0  Duplicates: 0  Warnings: 0

Query OK, 0 rows affected (6.39 sec)
Records: 0  Duplicates: 0  Warnings: 0

Query OK, 0 rows affected (0.00 sec)

Query OK, 478530 rows affected (14.84 sec)
Rows matched: 1880886  Changed: 478530  Warnings: 0

Query OK, 0 rows affected (0.03 sec)

Query OK, 27874 rows affected (3.90 sec)
Records: 27874  Duplicates: 0  Warnings: 0

Query OK, 0 rows affected (0.02 sec)

Query OK, 43491 rows affected (9 min 48.27 sec)
Records: 43491  Duplicates: 0  Warnings: 0

Query OK, 0 rows affected (0.16 sec)
Records: 0  Duplicates: 0  Warnings: 0

Query OK, 0 rows affected (0.14 sec)
Records: 0  Duplicates: 0  Warnings: 0

Query OK, 0 rows affected (0.08 sec)
Records: 0  Duplicates: 0  Warnings: 0

Query OK, 0 rows affected (0.02 sec)

Query OK, 447599 rows affected (11 min 42.89 sec)
Records: 447599  Duplicates: 0  Warnings: 0

Query OK, 0 rows affected (1.45 sec)
Records: 0  Duplicates: 0  Warnings: 0

Query OK, 0 rows affected (1.43 sec)
Records: 0  Duplicates: 0  Warnings: 0

Query OK, 0 rows affected (0.74 sec)
Records: 0  Duplicates: 0  Warnings: 0

Query OK, 0 rows affected (1.74 sec)
Records: 0  Duplicates: 0  Warnings: 0

Query OK, 0 rows affected (1.02 sec)
Records: 0  Duplicates: 0  Warnings: 0

Query OK, 0 rows affected (0.01 sec)

Query OK, 43491 rows affected (1 min 17.80 sec)
Records: 43491  Duplicates: 0  Warnings: 0

+--------------+
| clientreport |
+--------------+
|        43491 |
+--------------+
1 row in set (0.02 sec)

Query OK, 0 rows affected (0.01 sec)

Query OK, 43491 rows affected (5.45 sec)
Records: 43491  Duplicates: 0  Warnings: 0

+----------------------+
| clientextendedreport |
+----------------------+
|                43491 |
+----------------------+
1 row in set (0.01 sec)

Query OK, 0 rows affected (0.01 sec)

Query OK, 43491 rows affected (52.68 sec)
Records: 43491  Duplicates: 0  Warnings: 0

+---------+
| allcust |
+---------+
|   43491 |
+---------+
1 row in set (0.01 sec)

Query OK, 0 rows affected, 1 warning (0.00 sec)

Query OK, 5000 rows affected (0.15 sec)
Records: 5000  Duplicates: 0  Warnings: 0

Query OK, 0 rows affected (0.00 sec)

Query OK, 6869 rows affected (0.30 sec)
Records: 6869  Duplicates: 0  Warnings: 0

Query OK, 0 rows affected, 1 warning (0.00 sec)

Query OK, 5000 rows affected (0.13 sec)
Records: 5000  Duplicates: 0  Warnings: 0

Query OK, 0 rows affected (0.01 sec)

Query OK, 7306 rows affected (0.17 sec)
Records: 7306  Duplicates: 0  Warnings: 0

mysql> mysql \. C:\workspace\cloud\code\sql\_DailyScript\currenttime.sql
+---------------------+
| currenttime         |
+---------------------+
| 2020-05-20 09:52:15 |
+---------------------+
1 row in set (0.00 sec)

mysql> 
mysql> 
mysql> mysql \. C:\workspace\cloud\code\sql\_DailyScript\REVENUE_PER_NODE_MXK.sql
Query OK, 0 rows affected (0.01 sec)

Query OK, 0 rows affected (0.01 sec)

Query OK, 0 rows affected (0.01 sec)

Query OK, 5984 rows affected (1.76 sec)
Records: 5984  Duplicates: 0  Warnings: 0

+----------------------+
| message              |
+----------------------+
| created temp table a |
+----------------------+
1 row in set (0.00 sec)

Query OK, 6250 rows affected (0.79 sec)
Records: 6250  Duplicates: 0  Warnings: 0

+----------------------+
| message              |
+----------------------+
| created temp table b |
+----------------------+
1 row in set (0.00 sec)

Query OK, 0 rows affected, 1 warning (0.00 sec)

Query OK, 6302 rows affected (11.54 sec)
Records: 6302  Duplicates: 0  Warnings: 0

+--------------------------------+
| message                        |
+--------------------------------+
| created rcbill_my.tempcustmxk1 |
+--------------------------------+
1 row in set (0.00 sec)

Query OK, 0 rows affected (0.00 sec)

Query OK, 0 rows affected (0.00 sec)

Query OK, 0 rows affected, 1 warning (0.00 sec)

Query OK, 5984 rows affected (1.20 sec)
Records: 5984  Duplicates: 0  Warnings: 0

+----------------+
| message        |
+----------------+
| created temp a |
+----------------+
1 row in set (0.00 sec)

Query OK, 6250 rows affected (0.64 sec)
Records: 6250  Duplicates: 0  Warnings: 0

+----------------+
| message        |
+----------------+
| created temp b |
+----------------+
1 row in set (0.00 sec)

Query OK, 0 rows affected, 1 warning (0.00 sec)

Query OK, 6348 rows affected (7.62 sec)
Records: 6348  Duplicates: 0  Warnings: 0

+--------------------------------+
| message                        |
+--------------------------------+
| created rcbill_my.tempcustmxk2 |
+--------------------------------+
1 row in set (0.00 sec)

Query OK, 0 rows affected (0.00 sec)

Query OK, 0 rows affected (0.00 sec)

Query OK, 0 rows affected, 1 warning (0.00 sec)

Query OK, 0 rows affected (0.01 sec)

Query OK, 7103 rows affected (0.29 sec)
Records: 7103  Duplicates: 0  Warnings: 0

+---------------------------------+
| message                         |
+---------------------------------+
| created rcbill_my.customers_mxk |
+---------------------------------+
1 row in set (0.00 sec)

Query OK, 0 rows affected (0.00 sec)

Query OK, 0 rows affected (0.00 sec)

Query OK, 14089 rows affected (4.96 sec)
Records: 14089  Duplicates: 0  Warnings: 0

+----------------+
| message        |
+----------------+
| created temp a |
+----------------+
1 row in set (0.00 sec)

Query OK, 20149 rows affected (1.40 sec)
Records: 20149  Duplicates: 0  Warnings: 0

+----------------+
| message        |
+----------------+
| created temp c |
+----------------+
1 row in set (0.00 sec)

Query OK, 0 rows affected, 1 warning (0.00 sec)

Query OK, 27589 rows affected (0.27 sec)
Records: 27589  Duplicates: 0  Warnings: 0

+---------------------------------+
| message                         |
+---------------------------------+
| created rcbill_my.tempcustcmts1 |
+---------------------------------+
1 row in set (0.00 sec)

Query OK, 0 rows affected (0.00 sec)

Query OK, 0 rows affected, 1 warning (0.00 sec)

Query OK, 0 rows affected (0.01 sec)

Query OK, 14089 rows affected (4.94 sec)
Records: 14089  Duplicates: 0  Warnings: 0

+----------------+
| message        |
+----------------+
| created temp a |
+----------------+
1 row in set (0.00 sec)

Query OK, 20149 rows affected (1.26 sec)
Records: 20149  Duplicates: 0  Warnings: 0

+----------------+
| message        |
+----------------+
| created temp c |
+----------------+
1 row in set (0.00 sec)

Query OK, 0 rows affected, 1 warning (0.00 sec)

Query OK, 20840 rows affected (0.31 sec)
Records: 20840  Duplicates: 0  Warnings: 0

+---------------------------------+
| message                         |
+---------------------------------+
| created rcbill_my.tempcustcmts2 |
+---------------------------------+
1 row in set (0.00 sec)

Query OK, 0 rows affected (0.01 sec)

Query OK, 0 rows affected, 1 warning (0.00 sec)

Query OK, 0 rows affected (0.01 sec)

Query OK, 0 rows affected (0.01 sec)

Query OK, 14207 rows affected (0.84 sec)
Records: 14207  Duplicates: 0  Warnings: 0

+----------------------------------+
| message                          |
+----------------------------------+
| created rcbill_my.customers_cmts |
+----------------------------------+
1 row in set (0.00 sec)

Query OK, 0 rows affected (0.01 sec)

Query OK, 0 rows affected (0.01 sec)

Query OK, 0 rows affected (0.01 sec)

Query OK, 18327 rows affected (0.76 sec)
Records: 18327  Duplicates: 0  Warnings: 0

+--------------------------------------+
| message                              |
+--------------------------------------+
| created rcbill_my.customers_cmts_mxk |
+--------------------------------------+
1 row in set (0.00 sec)

Query OK, 473978 rows affected (53.30 sec)
Records: 473978  Duplicates: 0  Warnings: 0

+----------------+
| message        |
+----------------+
| created temp a |
+----------------+
1 row in set (0.00 sec)

Query OK, 0 rows affected (0.01 sec)

Query OK, 474686 rows affected (10.40 sec)
Records: 474686  Duplicates: 0  Warnings: 0

+------------------------------------------------+
| message                                        |
+------------------------------------------------+
| created rcbill_my.customers_contracts_cmts_mxk |
+------------------------------------------------+
1 row in set (0.00 sec)

Query OK, 0 rows affected (0.01 sec)

Query OK, 0 rows affected, 1 warning (0.00 sec)

Query OK, 0 rows affected, 1 warning (0.00 sec)

Query OK, 0 rows affected (0.00 sec)

Query OK, 8368 rows affected (2.55 sec)
Rows matched: 8368  Changed: 8368  Warnings: 0

+------------------------------------------------+
| message                                        |
+------------------------------------------------+
| updated rcbill_my.customers_contracts_cmts_mxk |
+------------------------------------------------+
1 row in set (0.00 sec)

Query OK, 0 rows affected (0.02 sec)

Query OK, 1873435 rows affected (3 min 21.37 sec)
Records: 1873435  Duplicates: 0  Warnings: 0

+----------------------------------------+
| message                                |
+----------------------------------------+
| created rcbill_my.customers_collection |
+----------------------------------------+
1 row in set (0.00 sec)

Query OK, 0 rows affected (0.03 sec)

Query OK, 2162062 rows affected (1 min 38.93 sec)
Records: 2162062  Duplicates: 0  Warnings: 0

+------------------------------------------------+
| message                                        |
+------------------------------------------------+
| created rcbill_my.customers_cmts_mxk_cont_coll |
+------------------------------------------------+
1 row in set (0.00 sec)

Query OK, 0 rows affected (0.02 sec)

Query OK, 433941 rows affected (2 min 5.84 sec)
Records: 433941  Duplicates: 0  Warnings: 0

+--------------------------------------------------------+
| message                                                |
+--------------------------------------------------------+
| created rcbill_my.customers_contracts_collection_pivot |
+--------------------------------------------------------+
1 row in set (0.00 sec)

Query OK, 0 rows affected (0.02 sec)

Query OK, 39564 rows affected (2 min 9.19 sec)
Records: 39564  Duplicates: 0  Warnings: 0

+----------------------------------------------+
| message                                      |
+----------------------------------------------+
| created rcbill_my.customers_collection_pivot |
+----------------------------------------------+
1 row in set (0.00 sec)

Query OK, 0 rows affected (0.01 sec)

Query OK, 43491 rows affected (2.30 sec)
Records: 43491  Duplicates: 0  Warnings: 0

+--------------------------------------------+
| message                                    |
+--------------------------------------------+
| created rcbill_my.rep_customers_collection |
+--------------------------------------------+
1 row in set (0.00 sec)

Query OK, 0 rows affected (0.00 sec)

Query OK, 0 rows affected, 1 warning (0.00 sec)

Query OK, 441371 rows affected (17.92 sec)
Records: 441371  Duplicates: 0  Warnings: 0

+-------------------------+
| message                 |
+-------------------------+
| created rcbill_my.tempa |
+-------------------------+
1 row in set (0.00 sec)

Query OK, 0 rows affected, 1 warning (0.00 sec)

Query OK, 433941 rows affected (18.46 sec)
Records: 433941  Duplicates: 0  Warnings: 0

+-------------------------+
| message                 |
+-------------------------+
| created rcbill_my.tempb |
+-------------------------+
1 row in set (0.00 sec)

Query OK, 441371 rows affected (19.35 sec)
Records: 441371  Duplicates: 0  Warnings: 0

+-----------+
| message   |
+-----------+
| created a |
+-----------+
1 row in set (0.00 sec)

Query OK, 433951 rows affected (19.89 sec)
Records: 433951  Duplicates: 0  Warnings: 0

+-----------+
| message   |
+-----------+
| created b |
+-----------+
1 row in set (0.00 sec)

Query OK, 0 rows affected (0.02 sec)

Query OK, 0 rows affected (0.02 sec)

Query OK, 0 rows affected (0.02 sec)

Query OK, 477772 rows affected (51.15 sec)
Records: 477772  Duplicates: 0  Warnings: 0

+----------------------------------------------+
| message                                      |
+----------------------------------------------+
| created rcbill_my.cust_cont_payment_cmts_mxk |
+----------------------------------------------+
1 row in set (0.00 sec)

Query OK, 0 rows affected (0.02 sec)

Query OK, 0 rows affected (0.01 sec)

Query OK, 0 rows affected, 1 warning (0.00 sec)

Query OK, 0 rows affected (0.01 sec)

Query OK, 43491 rows affected (16.64 sec)
Records: 43491  Duplicates: 0  Warnings: 0

+--------------------------------------------------+
| message                                          |
+--------------------------------------------------+
| created rcbill_my.rep_cust_cont_payment_cmts_mxk |
+--------------------------------------------------+
1 row in set (0.00 sec)

Query OK, 0 rows affected, 1 warning (0.00 sec)

Query OK, 0 rows affected, 1 warning (0.00 sec)

Query OK, 0 rows affected (0.02 sec)

Query OK, 43491 rows affected, 5 warnings (7.75 sec)
Records: 43491  Duplicates: 0  Warnings: 5

+----------------------+
| rep_custconsolidated |
+----------------------+
|                43491 |
+----------------------+
1 row in set (0.45 sec)

Query OK, 0 rows affected (0.00 sec)

Query OK, 0 rows affected (0.01 sec)

+----------------------------------------------+
| message                                      |
+----------------------------------------------+
| creating rcbill_my.retentioncustomeractivity |
+----------------------------------------------+
1 row in set (0.00 sec)

Query OK, 865 rows affected (0.09 sec)
Records: 865  Duplicates: 0  Warnings: 0

+---------------------------+
| retentioncustomeractivity |
+---------------------------+
|                       865 |
+---------------------------+
1 row in set (0.00 sec)

+-----------+------------------------------------+------------+-------------+-----------------+------------------+---------------------+-------------------+
| HFC_NODE  | NODENAME                           | CMTS_DATE  | INSERTED_ON | UNIQUE_ACCOUNTS | UNIQUE_CONTRACTS | UNIQUE_MAC_INRCBOSS | UNIQUE_MAC_INCMTS |
+-----------+------------------------------------+------------+-------------+-----------------+------------------+---------------------+-------------------+
| NULL      | NULL                               | NULL       | 2020-05-20  |            6515 |             6861 |                6892 |                 0 |
| C5/0/0/U0 | ANSE-BOILEAU-2                     | 2020-04-22 | 2020-05-20  |             186 |              193 |                 186 |               188 |
| C5/0/0/U1 | 500-C3-ANSE-BOILEAU                | 2020-04-22 | 2020-05-20  |             182 |              185 |                 182 |               185 |
| C5/0/1/U0 | 501-C4-LA-MISIERE-LEFT-I           | 2020-04-22 | 2020-05-20  |             164 |              171 |                 164 |               170 |
| C5/0/1/U1 | 501-C5-LA-MISIERE-RIGHT            | 2020-04-22 | 2020-05-20  |             110 |              114 |                 111 |               115 |
| C5/0/1/U2 | 501-C7-LA-MISIERE-LEFT-II          | 2020-04-22 | 2020-05-20  |             155 |              157 |                 155 |               157 |
| C5/0/2/U0 | 502-C8-LA-LOUISE                   | 2020-04-22 | 2020-05-20  |             149 |              149 |                 149 |               154 |
| C5/0/2/U1 | LA-LOUISE-2                        | 2020-04-22 | 2020-05-20  |             138 |              140 |                 138 |               142 |
| C5/0/3/U0 | 504-C6-PETIT-PARIS                 | 2020-04-22 | 2020-05-20  |             154 |              159 |                 154 |               158 |
| C5/0/3/U1 | PETIT-PARIS-23                     | 2020-04-22 | 2020-05-20  |              79 |               80 |                  79 |                81 |
| C5/0/4/U0 | FOUR-SEASONS                       | 2020-04-22 | 2020-05-20  |               1 |                1 |                   1 |                 1 |
| C5/0/4/U1 | ANCHOR-CAFE-I                      | 2020-04-22 | 2020-05-20  |             144 |              146 |                 144 |               147 |
| C5/0/4/U2 | ANCHOR-CAFE-II                     | 2020-04-22 | 2020-05-20  |             161 |              165 |                 161 |               161 |
| C5/1/0/U0 | POINTE-LARUE-AIRPORT-23            | 2020-04-22 | 2020-05-20  |              79 |               84 |                  80 |                84 |
| C5/1/0/U1 | PPROVIDENCE-23                     | 2020-04-22 | 2020-05-20  |              17 |               18 |                  18 |                19 |
| C5/1/0/U2 | ROSHE-CAIMAN-23                    | 2020-04-22 | 2020-05-20  |               6 |                7 |                   6 |                 6 |
| C5/1/0/U3 | HEAD-OFFICE | HO-23                | 2020-04-22 | 2020-05-20  |              22 |               23 |                  22 |                22 |
| C5/1/1/U1 | C5-UNION-VALE                      | 2020-04-22 | 2020-05-20  |             202 |              205 |                 202 |               203 |
| C5/1/3/U0 | POINTE-LARUE-AIRPORT-27            | 2020-04-22 | 2020-05-20  |             165 |              168 |                 165 |               171 |
| C5/1/3/U1 | PPROVIDENCE-27                     | 2020-04-22 | 2020-05-20  |              21 |               21 |                  21 |                21 |
| C5/1/3/U2 | ROSHE-CAIMAN-27                    | 2020-04-22 | 2020-05-20  |              35 |               35 |                  34 |                35 |
| C5/1/3/U3 | HEAD-OFFICE | HO-27                | 2020-04-22 | 2020-05-20  |              17 |               17 |                  17 |                17 |
| C5/1/4/U0 | ANSE-ROYALE-27                     | 2020-04-22 | 2020-05-20  |             102 |              103 |                 102 |               103 |
| C5/1/4/U1 | GLACIS-2-57                        | 2020-04-22 | 2020-05-20  |              81 |               86 |                  81 |                82 |
| C5/1/4/U2 | NULL                               | 2020-04-22 | 2020-05-20  |              96 |               99 |                  96 |                98 |
| C5/1/4/U3 | GLACIS-1                           | 2020-04-22 | 2020-05-20  |              41 |               43 |                  41 |                43 |
| C6/0/1/U0 | SERRET-ROAD-RIGHT/CURIO/PASCAL     | 2020-04-22 | 2020-05-20  |             125 |              125 |                 125 |               127 |
| C6/0/1/U1 | SERRET-ROAD-LEFT/ST.LOUIS/TOWN     | 2020-04-22 | 2020-05-20  |             132 |              136 |                 132 |               134 |
| C6/0/1/U2 | SERRET-ROAD-RIGHT/CURIO/PASCAL-2   | 2020-04-22 | 2020-05-20  |             122 |              125 |                 122 |               122 |
| C6/0/1/U3 | SERRET-ROAD-LEFT/ST.LOUIS/TOWN-2   | 2020-04-22 | 2020-05-20  |             134 |              139 |                 134 |               135 |
| C6/0/2/U0 | SANS-SOUCIS-I                      | 2020-04-22 | 2020-05-20  |              91 |               94 |                  92 |                92 |
| C6/0/2/U1 | SANS-SOUCIS-II                     | 2020-04-22 | 2020-05-20  |             131 |              134 |                 130 |               133 |
| C6/0/2/U2 | BEL-AIR-27                         | 2020-04-22 | 2020-05-20  |              98 |              100 |                  98 |               101 |
| C6/0/2/U3 | BEL-AIR-38                         | 2020-04-22 | 2020-05-20  |             100 |              105 |                 100 |               103 |
| C6/0/3/U0 | LES-MAMELLES-23                    | 2020-04-22 | 2020-05-20  |              79 |               79 |                  79 |                80 |
| C6/0/3/U1 | VICTORIA-23                        | 2020-04-22 | 2020-05-20  |              34 |               35 |                  35 |                38 |
| C6/0/4/U0 | LES-MAMELLES-27                    | 2020-04-22 | 2020-05-20  |              77 |               77 |                  77 |                79 |
| C6/0/4/U1 | VICTORIA-27                        | 2020-04-22 | 2020-05-20  |              10 |               11 |                  10 |                10 |
| C7/1/0/U0 | LA-RETRAITE-23                     | 2020-04-22 | 2020-05-20  |             111 |              117 |                 111 |               111 |
| C7/1/0/U1 | TEA-FACTORY-23                     | 2020-04-22 | 2020-05-20  |              22 |               27 |                  22 |                22 |
| C7/1/0/U2 | PAS-23                             | 2020-04-22 | 2020-05-20  |              86 |               90 |                  86 |                87 |
| C7/1/1/U0 | REEF-ESTATE-23                     | 2020-04-22 | 2020-05-20  |              75 |               77 |                  75 |                77 |
| C7/1/2/U0 | LA-RETRAITE-27                     | 2020-04-22 | 2020-05-20  |              81 |               82 |                  81 |                82 |
| C7/1/2/U1 | TEA-FACTORY-27                     | 2020-04-22 | 2020-05-20  |              27 |               32 |                  30 |                31 |
| C7/1/2/U2 | PAS-27                             | 2020-04-22 | 2020-05-20  |             103 |              104 |                 103 |               109 |
| C7/1/3/U0 | MT-BUXTON-27                       | 2020-04-22 | 2020-05-20  |             161 |              162 |                 161 |               164 |
| C7/1/3/U1 | MT-BUXTON-23                       | 2020-04-22 | 2020-05-20  |              80 |               81 |                  80 |                80 |
| C7/1/4/U0 | REEF-ESTATE-27                     | 2020-04-22 | 2020-05-20  |              90 |               90 |                  90 |                91 |
| C8/0/0/U0 | POLICE-ACADEMY-1-27 - POINTE LARUE | 2020-04-22 | 2020-05-20  |             230 |              232 |                 229 |               232 |
| C8/0/0/U1 | NULL                               | 2020-04-22 | 2020-05-20  |             113 |              118 |                 114 |               117 |
| C8/0/1/U0 | NULL                               | 2020-04-22 | 2020-05-20  |             176 |              177 |                 176 |               177 |
| C8/0/1/U1 | POLICE-ACADEMY-2-27 - TURTLE BAY   | 2020-04-22 | 2020-05-20  |             144 |              147 |                 145 |               147 |
| C8/0/2/U0 | BEAU-VALLON-LEFT-1-57              | 2020-04-22 | 2020-05-20  |              38 |               39 |                  38 |                40 |
| C8/0/3/U1 | BEAU-VALLON-RIGHT-2-57             | 2020-04-22 | 2020-05-20  |              91 |               96 |                  91 |                93 |
| C8/1/0/U0 | MA-JOIE-NODE-27                    | 2020-04-22 | 2020-05-20  |             109 |              112 |                 109 |               109 |
| C8/1/0/U1 | BELONIE-27                         | 2020-04-22 | 2020-05-20  |             152 |              155 |                 151 |               151 |
| C8/1/0/U3 | MA-JOIE-NODE-23                    | 2020-04-22 | 2020-05-20  |             101 |              102 |                 100 |               102 |
| C8/1/1/U0 | 611-C1-ROJN I                      | 2020-04-22 | 2020-05-20  |             122 |              124 |                 122 |               126 |
| C8/1/1/U1 | 611-C5-ROJN II                     | 2020-04-22 | 2020-05-20  |             117 |              117 |                 117 |               119 |
| C8/1/2/U0 | 612-C2-ANSE-ETOILE                 | 2020-04-22 | 2020-05-20  |             137 |              138 |                 137 |               137 |
| C8/1/2/U1 | ANSE-ETOILE-U2                     | 2020-04-22 | 2020-05-20  |              83 |               85 |                  83 |                83 |
| C8/1/3/U0 | 613-C3-ANSE-GAULETTE I             | 2020-04-22 | 2020-05-20  |              72 |               75 |                  72 |                74 |
| C8/1/3/U1 | 613-C7-ANSE-GAULETTE II            | 2020-04-22 | 2020-05-20  |              78 |               84 |                  79 |                79 |
| C8/1/3/U2 | 613-C3-ANSE-GAULETTE III           | 2020-04-22 | 2020-05-20  |              36 |               38 |                  36 |                36 |
| C8/1/3/U3 | TAKAMAKA I                         | 2020-04-22 | 2020-05-20  |             108 |              108 |                 108 |               108 |
| C8/1/3/U4 | TAKAMAKA II                        | 2020-04-22 | 2020-05-20  |             108 |              112 |                 108 |               109 |
| C8/1/4/U0 | 614-BEOLIERE-NODE-1                | 2020-04-22 | 2020-05-20  |             107 |              109 |                 107 |               111 |
| C8/1/4/U1 | 614-BEOLIERE-NODE-2                | 2020-04-22 | 2020-05-20  |             119 |              124 |                 120 |               121 |
+-----------+------------------------------------+------------+-------------+-----------------+------------------+---------------------+-------------------+
68 rows in set (0.16 sec)

+------------------+------------+-------------+-----------------+------------------+----------------------+-------------------+
| MXK_NAME         | MXK_DATE   | INSERTED_ON | UNIQUE_ACCOUNTS | UNIQUE_CONTRACTS | UNIQUE_FSAN_INRCBOSS | UNIQUE_FSAN_INMXK |
+------------------+------------+-------------+-----------------+------------------+----------------------+-------------------+
| NULL             | NULL       | 2020-05-20  |             734 |              750 |                  740 |                 0 |
| MXK-ANSEETOILE   | 2020-04-22 | 2020-05-20  |             293 |              296 |                  295 |               308 |
| MXK-ANSEROYALE   | 2020-04-22 | 2020-05-20  |             132 |              132 |                  132 |               154 |
| MXK-BEAUVALLON   | 2020-04-22 | 2020-05-20  |            1699 |             1721 |                 1712 |              1812 |
| MXK-MAHE         | 2020-04-22 | 2020-05-20  |             913 |              938 |                  871 |              1105 |
| MXK-PERSEVERANCE | 2020-04-22 | 2020-05-20  |             974 |              984 |                  983 |              1138 |
| MXK-PRASLIN      | 2020-04-22 | 2020-05-20  |            1234 |             1238 |                 1231 |              1435 |
+------------------+------------+-------------+-----------------+------------------+----------------------+-------------------+
7 rows in set (0.07 sec)

mysql> mysql \. C:\workspace\cloud\code\sql\_DailyScript\currenttime.sql
+---------------------+
| currenttime         |
+---------------------+
| 2020-05-20 10:05:50 |
+---------------------+
1 row in set (0.00 sec)

mysql> 
mysql> 
mysql> mysql \. C:\workspace\cloud\code\sql\Analysis\service_tickets_assignments.sql
Query OK, 0 rows affected (0.01 sec)

Query OK, 44991 rows affected (7.52 sec)
Records: 44991  Duplicates: 0  Warnings: 0

+-------------------------+
| rep_servicetickets_2020 |
+-------------------------+
|                   44991 |
+-------------------------+
1 row in set (0.05 sec)

mysql> mysql \. C:\workspace\cloud\code\sql\_DailyScript\currenttime.sql
+---------------------+
| currenttime         |
+---------------------+
| 2020-05-20 10:05:58 |
+---------------------+
1 row in set (0.00 sec)

mysql> 
mysql> 
mysql> exit
