    -> 
    -> mysql \. C:\workspace\cloud\code\sql\_DailyScript\_setdates.sql
Query OK, 0 rows affected (0.01 sec)

Query OK, 0 rows affected (1.72 sec)

Database changed
Query OK, 0 rows affected (0.00 sec)

Query OK, 0 rows affected (0.00 sec)

Query OK, 0 rows affected (0.00 sec)

Query OK, 0 rows affected (0.01 sec)

Query OK, 0 rows affected (0.00 sec)

Query OK, 0 rows affected (0.00 sec)

Query OK, 0 rows affected (0.00 sec)

Query OK, 0 rows affected (0.00 sec)

Query OK, 0 rows affected (0.00 sec)

Query OK, 0 rows affected (0.00 sec)

Query OK, 0 rows affected (0.00 sec)

Query OK, 0 rows affected (0.00 sec)

Query OK, 0 rows affected (0.00 sec)

Query OK, 0 rows affected (0.00 sec)

Query OK, 0 rows affected (0.00 sec)

Query OK, 0 rows affected (0.00 sec)

Query OK, 0 rows affected (0.00 sec)

Query OK, 0 rows affected (0.00 sec)

Query OK, 0 rows affected (0.00 sec)

Query OK, 0 rows affected (0.00 sec)

Query OK, 0 rows affected (0.00 sec)

Query OK, 0 rows affected (0.00 sec)

mysql> mysql \. C:\workspace\cloud\code\sql\_DailyScript\currenttime.sql
+---------------------+
| currenttime         |
+---------------------+
| 2021-08-06 12:23:43 |
+---------------------+
1 row in set (0.00 sec)

mysql> 
mysql> 
mysql> 
mysql> 
mysql> 
mysql> 
mysql> 
mysql> 
mysql> 
mysql> 
mysql> 
mysql> 
mysql> 
mysql> 
mysql> 
mysql> 
mysql> 
mysql> 
mysql> 
mysql> 
mysql> 
mysql> 
mysql> 
mysql> 
mysql> 
mysql> 
mysql> 
mysql> 
mysql> 
mysql> 
mysql> 
mysql> 
mysql> 
mysql> 
mysql> 
mysql> 
mysql> 
mysql> 
mysql> 
mysql> 
mysql> 
mysql> 
mysql> 
mysql> 
mysql> 
mysql> 
mysql> 
mysql> 
mysql> 
mysql> 
mysql> 
mysql> 
mysql> 
mysql> 
mysql> 
mysql> 
mysql> 
mysql> 
mysql> 
mysql> 
mysql> 
mysql> 
mysql> 
mysql> 
mysql> 
mysql> 
mysql> 
mysql> 
mysql> mysql \. C:\workspace\cloud\code\sql\_DailyScript\REVENUE_PER_NODE_MXK.sql
Query OK, 0 rows affected, 1 warning (0.00 sec)

Query OK, 0 rows affected, 1 warning (0.00 sec)

Query OK, 0 rows affected, 1 warning (0.00 sec)

ERROR 1005 (HY000): Can't create table 'a' (errno: 28)
+----------------------+
| message              |
+----------------------+
| created temp table a |
+----------------------+
1 row in set (0.00 sec)

ERROR 1005 (HY000): Can't create table 'b' (errno: 28)
+----------------------+
| message              |
+----------------------+
| created temp table b |
+----------------------+
1 row in set (0.00 sec)

Query OK, 0 rows affected, 1 warning (0.00 sec)

ERROR 1146 (42S02): Table 'rcbill.a' doesn't exist
+--------------------------------+
| message                        |
+--------------------------------+
| created rcbill_my.tempcustmxk1 |
+--------------------------------+
1 row in set (0.00 sec)

Query OK, 0 rows affected, 1 warning (0.00 sec)

Query OK, 0 rows affected, 1 warning (0.00 sec)

Query OK, 0 rows affected, 1 warning (0.00 sec)

ERROR 1005 (HY000): Can't create table 'a' (errno: 28)
+----------------+
| message        |
+----------------+
| created temp a |
+----------------+
1 row in set (0.00 sec)

ERROR 1005 (HY000): Can't create table 'b' (errno: 28)
+----------------+
| message        |
+----------------+
| created temp b |
+----------------+
1 row in set (0.00 sec)

Query OK, 0 rows affected, 1 warning (0.00 sec)

ERROR 1146 (42S02): Table 'rcbill.a' doesn't exist
+--------------------------------+
| message                        |
+--------------------------------+
| created rcbill_my.tempcustmxk2 |
+--------------------------------+
1 row in set (0.00 sec)

Query OK, 0 rows affected, 1 warning (0.00 sec)

Query OK, 0 rows affected, 1 warning (0.00 sec)

Query OK, 0 rows affected, 1 warning (0.00 sec)

Query OK, 0 rows affected (0.01 sec)

ERROR 1146 (42S02): Table 'rcbill_my.tempcustmxk1' doesn't exist
+---------------------------------+
| message                         |
+---------------------------------+
| created rcbill_my.customers_mxk |
+---------------------------------+
1 row in set (0.00 sec)

Query OK, 0 rows affected, 1 warning (0.00 sec)

Query OK, 0 rows affected, 1 warning (0.00 sec)

ERROR 1005 (HY000): Can't create table 'a' (errno: 28)
+----------------+
| message        |
+----------------+
| created temp a |
+----------------+
1 row in set (0.00 sec)

ERROR 1005 (HY000): Can't create table 'c' (errno: 28)
+----------------+
| message        |
+----------------+
| created temp c |
+----------------+
1 row in set (0.00 sec)

Query OK, 0 rows affected, 1 warning (0.00 sec)

ERROR 1146 (42S02): Table 'rcbill.a' doesn't exist
+---------------------------------+
| message                         |
+---------------------------------+
| created rcbill_my.tempcustcmts1 |
+---------------------------------+
1 row in set (0.00 sec)

Query OK, 0 rows affected, 1 warning (0.00 sec)

Query OK, 0 rows affected, 1 warning (0.00 sec)

Query OK, 0 rows affected, 1 warning (0.00 sec)

ERROR 1005 (HY000): Can't create table 'a' (errno: 28)
+----------------+
| message        |
+----------------+
| created temp a |
+----------------+
1 row in set (0.00 sec)

ERROR 1005 (HY000): Can't create table 'c' (errno: 28)
+----------------+
| message        |
+----------------+
| created temp c |
+----------------+
1 row in set (0.00 sec)

Query OK, 0 rows affected, 1 warning (0.00 sec)

ERROR 1146 (42S02): Table 'rcbill.a' doesn't exist
+---------------------------------+
| message                         |
+---------------------------------+
| created rcbill_my.tempcustcmts2 |
+---------------------------------+
1 row in set (0.00 sec)

Query OK, 0 rows affected, 1 warning (0.00 sec)

Query OK, 0 rows affected, 1 warning (0.00 sec)

Query OK, 0 rows affected, 1 warning (0.00 sec)

Query OK, 0 rows affected (0.01 sec)

ERROR 1146 (42S02): Table 'rcbill_my.tempcustcmts1' doesn't exist
+----------------------------------+
| message                          |
+----------------------------------+
| created rcbill_my.customers_cmts |
+----------------------------------+
1 row in set (0.00 sec)

Query OK, 0 rows affected, 1 warning (0.00 sec)

Query OK, 0 rows affected, 1 warning (0.00 sec)

Query OK, 0 rows affected (0.01 sec)

ERROR 1146 (42S02): Table 'rcbill_my.customers_cmts' doesn't exist
+--------------------------------------+
| message                              |
+--------------------------------------+
| created rcbill_my.customers_cmts_mxk |
+--------------------------------------+
1 row in set (0.00 sec)

ERROR 1146 (42S02): Table 'rcbill.clientcontracts' doesn't exist
+----------------+
| message        |
+----------------+
| created temp a |
+----------------+
1 row in set (0.00 sec)

Query OK, 0 rows affected, 1 warning (0.00 sec)

ERROR 1146 (42S02): Table 'rcbill.a' doesn't exist
+------------------------------------------------+
| message                                        |
+------------------------------------------------+
| created rcbill_my.customers_contracts_cmts_mxk |
+------------------------------------------------+
1 row in set (0.00 sec)

Query OK, 0 rows affected, 1 warning (0.00 sec)

Query OK, 0 rows affected, 1 warning (0.00 sec)

Query OK, 0 rows affected, 1 warning (0.00 sec)

Query OK, 0 rows affected (0.00 sec)

ERROR 1146 (42S02): Table 'rcbill_my.customers_contracts_cmts_mxk' doesn't exist
+------------------------------------------------+
| message                                        |
+------------------------------------------------+
| updated rcbill_my.customers_contracts_cmts_mxk |
+------------------------------------------------+
1 row in set (0.00 sec)

Query OK, 0 rows affected (9.38 sec)

Terminal close -- query aborted
