    -> 
    -> mysql \. C:\workspace\cloud\code\sql\_DailyScript\_setdates.sql
Database changed
Query OK, 0 rows affected (0.00 sec)

Query OK, 0 rows affected (0.00 sec)

Query OK, 0 rows affected (0.00 sec)

Query OK, 0 rows affected (0.00 sec)

Query OK, 0 rows affected (0.00 sec)

Query OK, 0 rows affected (0.00 sec)

Query OK, 0 rows affected (0.00 sec)

Query OK, 0 rows affected (0.00 sec)

Query OK, 0 rows affected (0.00 sec)

Query OK, 0 rows affected (0.00 sec)

Query OK, 0 rows affected (0.00 sec)

Query OK, 0 rows affected (0.00 sec)

Query OK, 0 rows affected (0.00 sec)

Query OK, 0 rows affected (0.00 sec)

Query OK, 0 rows affected (0.00 sec)

Query OK, 0 rows affected (0.00 sec)

Query OK, 0 rows affected (0.00 sec)

Query OK, 0 rows affected (0.00 sec)

Query OK, 0 rows affected (0.00 sec)

Query OK, 0 rows affected (0.00 sec)

Query OK, 0 rows affected (0.00 sec)

mysql> mysql \. C:\workspace\cloud\code\sql\_DailyScript\currenttime.sql
+---------------------+
| currenttime         |
+---------------------+
| 2020-01-22 06:09:26 |
+---------------------+
1 row in set (0.00 sec)

mysql> 
mysql> mysql \. C:\workspace\cloud\code\sql\_DailyScript\load_RCB_VODTITLES.sql
Database changed
Query OK, 0 rows affected (0.00 sec)

Query OK, 9197 rows affected (0.34 sec)

Query OK, 9217 rows affected, 9217 warnings (0.76 sec)
Records: 9217  Deleted: 0  Skipped: 0  Warnings: 9217

Query OK, 0 rows affected (0.00 sec)

Query OK, 2 rows affected (0.01 sec)

+-----------+
| VODTITLES |
+-----------+
|      9675 |
+-----------+
1 row in set (0.01 sec)

+-----------+-----------+
| titletype | typecount |
+-----------+-----------+
| E         |      7543 |
| N         |       213 |
| T         |      1459 |
| NULL      |      9215 |
+-----------+-----------+
4 rows in set (0.03 sec)

mysql> mysql \. C:\workspace\cloud\code\sql\_DailyScript\currenttime.sql
+---------------------+
| currenttime         |
+---------------------+
| 2020-01-22 06:09:28 |
+---------------------+
1 row in set (0.00 sec)

mysql> 
mysql> mysql \. C:\workspace\cloud\code\sql\_DailyScript\DAILY-SCRIPT-LIVETV-STATS.sql
Database changed
Query OK, 0 rows affected (0.09 sec)

Query OK, 69179 rows affected (1.31 sec)
Records: 69179  Duplicates: 0  Warnings: 0

+------------+------------+----------+--------------+--------------+-----------+-------------+----------+--------+------+------------+---------+---------------+
| Table      | Non_unique | Key_name | Seq_in_index | Column_name  | Collation | Cardinality | Sub_part | Packed | Null | Index_type | Comment | Index_comment |
+------------+------------+----------+--------------+--------------+-----------+-------------+----------+--------+------+------------+---------+---------------+
| templivetv |          1 | idxtv1   |            1 | device       | A         |       68901 |     NULL | NULL   | YES  | BTREE      |         |               |
| templivetv |          1 | idxtv2   |            1 | sessionstart | A         |       68901 |     NULL | NULL   | YES  | BTREE      |         |               |
+------------+------------+----------+--------------+--------------+-----------+-------------+----------+--------+------+------------+---------+---------------+
2 rows in set (0.00 sec)

Query OK, 69025 rows affected (46.19 sec)
Records: 69025  Duplicates: 0  Warnings: 0

Query OK, 2672 rows affected (0.76 sec)
Records: 2672  Duplicates: 0  Warnings: 0

Query OK, 0 rows affected (0.00 sec)

Query OK, 0 rows affected (0.08 sec)

Query OK, 135 rows affected (0.11 sec)
Records: 135  Duplicates: 0  Warnings: 0

Query OK, 0 rows affected (0.05 sec)

Query OK, 105760 rows affected (23 min 0.72 sec)
Records: 105760  Duplicates: 0  Warnings: 0

+-----------------+
| rep_livetvstats |
+-----------------+
|          105760 |
+-----------------+
1 row in set (0.03 sec)

mysql> mysql \. C:\workspace\cloud\code\sql\_DailyScript\currenttime.sql
+---------------------+
| currenttime         |
+---------------------+
| 2020-01-22 06:33:17 |
+---------------------+
1 row in set (0.00 sec)

mysql> 
mysql> mysql \. C:\workspace\cloud\code\sql\_DailyScript\DAILY-SCRIPT-VODTS-STATS.sql
Database changed
Query OK, 0 rows affected (0.02 sec)

Query OK, 3629 rows affected (46.69 sec)
Records: 3629  Duplicates: 0  Warnings: 0

+---------+------------+----------+--------------+--------------+-----------+-------------+----------+--------+------+------------+---------+---------------+
| Table   | Non_unique | Key_name | Seq_in_index | Column_name  | Collation | Cardinality | Sub_part | Packed | Null | Index_type | Comment | Index_comment |
+---------+------------+----------+--------------+--------------+-----------+-------------+----------+--------+------+------------+---------+---------------+
| tempvod |          1 | idxtvod1 |            1 | device       | A         |        3865 |     NULL | NULL   | YES  | BTREE      |         |               |
| tempvod |          1 | idxtvod2 |            1 | sessionstart | A         |        3865 |     NULL | NULL   | YES  | BTREE      |         |               |
+---------+------------+----------+--------------+--------------+-----------+-------------+----------+--------+------+------------+---------+---------------+
2 rows in set (0.00 sec)

Query OK, 3555 rows affected (2.50 sec)
Records: 3555  Duplicates: 0  Warnings: 0

Query OK, 0 rows affected (0.02 sec)

Query OK, 475846 rows affected (42.90 sec)
Records: 475846  Duplicates: 0  Warnings: 0

+--------------+
| rep_vodstats |
+--------------+
|       475846 |
+--------------+
1 row in set (0.15 sec)

Database changed
Query OK, 0 rows affected (0.22 sec)

Query OK, 10969 rows affected (3 min 41.32 sec)
Records: 10969  Duplicates: 0  Warnings: 0

+--------+------------+----------+--------------+--------------+-----------+-------------+----------+--------+------+------------+---------+---------------+
| Table  | Non_unique | Key_name | Seq_in_index | Column_name  | Collation | Cardinality | Sub_part | Packed | Null | Index_type | Comment | Index_comment |
+--------+------------+----------+--------------+--------------+-----------+-------------+----------+--------+------+------------+---------+---------------+
| tempts |          1 | idxtts1  |            1 | device       | A         |       11110 |     NULL | NULL   | YES  | BTREE      |         |               |
| tempts |          1 | idxtts2  |            1 | sessionstart | A         |       11110 |     NULL | NULL   | YES  | BTREE      |         |               |
+--------+------------+----------+--------------+--------------+-----------+-------------+----------+--------+------+------------+---------+---------------+
2 rows in set (0.00 sec)

Query OK, 10956 rows affected (11.46 sec)
Records: 10956  Duplicates: 0  Warnings: 0

Query OK, 0 rows affected (0.13 sec)

Query OK, 29335 rows affected (3 min 58.99 sec)
Records: 29335  Duplicates: 0  Warnings: 0

+-------------+
| rep_tsstats |
+-------------+
|       29335 |
+-------------+
1 row in set (0.01 sec)

mysql> mysql \. C:\workspace\cloud\code\sql\_DailyScript\currenttime.sql
+---------------------+
| currenttime         |
+---------------------+
| 2020-01-22 06:42:41 |
+---------------------+
1 row in set (0.00 sec)

mysql> 
mysql> mysql \. C:\workspace\cloud\code\sql\_DailyScript\DAILY-SCRIPT-RADIO-STATS.sql
Database changed
Query OK, 0 rows affected (0.02 sec)

Query OK, 217251 rows affected (5.00 sec)
Records: 217251  Duplicates: 0  Warnings: 0

+-----------+------------+----------+--------------+--------------+-----------+-------------+----------+--------+------+------------+---------+---------------+
| Table     | Non_unique | Key_name | Seq_in_index | Column_name  | Collation | Cardinality | Sub_part | Packed | Null | Index_type | Comment | Index_comment |
+-----------+------------+----------+--------------+--------------+-----------+-------------+----------+--------+------+------------+---------+---------------+
| tempradio |          1 | idxtrad1 |            1 | device       | A         |      217490 |     NULL | NULL   | YES  | BTREE      |         |               |
| tempradio |          1 | idxtrad2 |            1 | sessionstart | A         |      217490 |     NULL | NULL   | YES  | BTREE      |         |               |
+-----------+------------+----------+--------------+--------------+-----------+-------------+----------+--------+------+------------+---------+---------------+
2 rows in set (0.00 sec)

Query OK, 279 rows affected (5.13 sec)
Records: 279  Duplicates: 0  Warnings: 0

Query OK, 0 rows affected (0.10 sec)

Query OK, 4042 rows affected (0.30 sec)
Records: 4042  Duplicates: 0  Warnings: 0

+----------------+
| rep_radiostats |
+----------------+
|           4042 |
+----------------+
1 row in set (0.00 sec)

mysql> mysql \. C:\workspace\cloud\code\sql\_DailyScript\currenttime.sql
+---------------------+
| currenttime         |
+---------------------+
| 2020-01-22 06:42:52 |
+---------------------+
1 row in set (0.00 sec)

mysql> 
mysql> mysql \. C:\workspace\cloud\code\sql\_DailyScript\DAILY_SCRIPT_TELEMETRY_PIVOT_2020.sql
Query OK, 0 rows affected (0.01 sec)

Query OK, 139 rows affected (0.18 sec)
Records: 139  Duplicates: 0  Warnings: 0

Query OK, 0 rows affected (0.01 sec)

Query OK, 6495 rows affected (1.52 sec)
Records: 6495  Duplicates: 0  Warnings: 0

Query OK, 0 rows affected (0.03 sec)

Query OK, 8 rows affected (0.02 sec)
Records: 8  Duplicates: 0  Warnings: 0

Query OK, 0 rows affected (0.00 sec)

Query OK, 47 rows affected (0.34 sec)
Records: 47  Duplicates: 0  Warnings: 0

mysql> mysql \. C:\workspace\cloud\code\sql\_DailyScript\currenttime.sql
+---------------------+
| currenttime         |
+---------------------+
| 2020-01-22 06:42:54 |
+---------------------+
1 row in set (0.00 sec)

mysql> 
mysql> mysql \. C:\workspace\cloud\code\sql\_DailyScript\telemetry_livetv_ranking2020.sql
Query OK, 0 rows affected (0.00 sec)

Query OK, 139 rows affected (0.03 sec)
Records: 139  Duplicates: 0  Warnings: 0

mysql> mysql \. C:\workspace\cloud\code\sql\_DailyScript\currenttime.sql
+---------------------+
| currenttime         |
+---------------------+
| 2020-01-22 06:42:54 |
+---------------------+
1 row in set (0.00 sec)

mysql> 
mysql> mysql \. C:\workspace\cloud\code\sql\_DailyScript\telemetry_radio_ranking2020.sql
Query OK, 0 rows affected (0.11 sec)

Query OK, 8 rows affected (0.01 sec)
Records: 8  Duplicates: 0  Warnings: 0

mysql> mysql \. C:\workspace\cloud\code\sql\_DailyScript\currenttime.sql
+---------------------+
| currenttime         |
+---------------------+
| 2020-01-22 06:42:54 |
+---------------------+
1 row in set (0.00 sec)

mysql> 
mysql> mysql \. C:\workspace\cloud\code\sql\_DailyScript\telemetry_ts_ranking2020.sql
Query OK, 0 rows affected (0.00 sec)

Query OK, 47 rows affected (0.01 sec)
Records: 47  Duplicates: 0  Warnings: 0

mysql> mysql \. C:\workspace\cloud\code\sql\_DailyScript\currenttime.sql
+---------------------+
| currenttime         |
+---------------------+
| 2020-01-22 06:42:54 |
+---------------------+
1 row in set (0.00 sec)

mysql> 
mysql> mysql \. C:\workspace\cloud\code\sql\_DailyScript\telemetry_vod_ranking2020.sql
Query OK, 0 rows affected (0.05 sec)

Query OK, 6495 rows affected (0.25 sec)
Records: 6495  Duplicates: 0  Warnings: 0

mysql> mysql \. C:\workspace\cloud\code\sql\_DailyScript\currenttime.sql
+---------------------+
| currenttime         |
+---------------------+
| 2020-01-22 06:42:55 |
+---------------------+
1 row in set (0.00 sec)

mysql> 
mysql> mysql \. C:\workspace\cloud\code\sql\_DailyScript\telemetry_vod_ranking2020_1.sql
Query OK, 0 rows affected (0.00 sec)

Query OK, 6495 rows affected (0.16 sec)
Records: 6495  Duplicates: 0  Warnings: 0

mysql> mysql \. C:\workspace\cloud\code\sql\_DailyScript\currenttime.sql
+---------------------+
| currenttime         |
+---------------------+
| 2020-01-22 06:42:55 |
+---------------------+
1 row in set (0.00 sec)

mysql> 
mysql> mysql \. C:\workspace\cloud\code\sql\_DailyScript\telemetry_vod_ranking2020_2.sql
Query OK, 0 rows affected (0.04 sec)

Query OK, 6495 rows affected (0.17 sec)
Records: 6495  Duplicates: 0  Warnings: 0

mysql> mysql \. C:\workspace\cloud\code\sql\_DailyScript\currenttime.sql
+---------------------+
| currenttime         |
+---------------------+
| 2020-01-22 06:42:55 |
+---------------------+
1 row in set (0.00 sec)

mysql> 
mysql> mysql \. C:\workspace\cloud\code\sql\_DailyScript\DAILY-SCRIPT-CREATE-LOAD.sql
Database changed
Database changed
Query OK, 0 rows affected (0.11 sec)

Query OK, 0 rows affected (0.03 sec)

Database changed
Query OK, 66109 rows affected (3.21 sec)
Records: 66109  Deleted: 0  Skipped: 0  Warnings: 0

Query OK, 0 rows affected (0.19 sec)
Records: 0  Duplicates: 0  Warnings: 0

Query OK, 0 rows affected (0.39 sec)
Records: 0  Duplicates: 0  Warnings: 0

Query OK, 0 rows affected (0.30 sec)
Records: 0  Duplicates: 0  Warnings: 0

Query OK, 0 rows affected (0.40 sec)
Records: 0  Duplicates: 0  Warnings: 0

+---------+
| clients |
+---------+
|   66109 |
+---------+
1 row in set (0.02 sec)

Query OK, 0 rows affected (0.18 sec)

Query OK, 6213 rows affected (1.13 sec)
Records: 6213  Duplicates: 0  Warnings: 0

+-------------------+
| rcb_clientparcels |
+-------------------+
|              6213 |
+-------------------+
1 row in set (0.00 sec)

Query OK, 0 rows affected (0.03 sec)

Query OK, 80043 rows affected (3.30 sec)
Records: 80043  Duplicates: 0  Warnings: 0

Query OK, 0 rows affected (0.27 sec)
Records: 0  Duplicates: 0  Warnings: 0

Query OK, 0 rows affected (0.15 sec)

Query OK, 66109 rows affected (2.98 sec)
Records: 66109  Duplicates: 0  Warnings: 0

Query OK, 0 rows affected (0.20 sec)
Records: 0  Duplicates: 0  Warnings: 0

Query OK, 0 rows affected (0.25 sec)
Records: 0  Duplicates: 0  Warnings: 0

Query OK, 0 rows affected (0.16 sec)
Records: 0  Duplicates: 0  Warnings: 0

+---------------+
| clientaddress |
+---------------+
|         66109 |
+---------------+
1 row in set (0.02 sec)

Database changed
Query OK, 0 rows affected (0.02 sec)

Query OK, 0 rows affected (0.01 sec)

Database changed
Query OK, 499269 rows affected, 65535 warnings (20.26 sec)
Records: 499269  Deleted: 0  Skipped: 0  Warnings: 198120

Query OK, 0 rows affected (7.96 sec)
Records: 0  Duplicates: 0  Warnings: 0

Query OK, 0 rows affected (3.38 sec)
Records: 0  Duplicates: 0  Warnings: 0

Query OK, 0 rows affected (2.16 sec)
Records: 0  Duplicates: 0  Warnings: 0

Query OK, 0 rows affected (0.05 sec)

Query OK, 499269 rows affected (49.90 sec)
Records: 499269  Duplicates: 0  Warnings: 0

Query OK, 0 rows affected (1.81 sec)
Records: 0  Duplicates: 0  Warnings: 0

Query OK, 0 rows affected (1.72 sec)
Records: 0  Duplicates: 0  Warnings: 0

+-----------+
| contracts |
+-----------+
|    499269 |
+-----------+
1 row in set (0.28 sec)

+-----------------+
| contractaddress |
+-----------------+
|          499269 |
+-----------------+
1 row in set (0.15 sec)

Database changed
Query OK, 0 rows affected (0.10 sec)

Query OK, 0 rows affected (0.05 sec)

Query OK, 7218 rows affected (0.19 sec)
Records: 7218  Deleted: 0  Skipped: 0  Warnings: 0

Query OK, 0 rows affected (0.02 sec)

Query OK, 7187 rows affected (2.44 sec)
Records: 7187  Duplicates: 0  Warnings: 0

Query OK, 0 rows affected (0.04 sec)
Records: 0  Duplicates: 0  Warnings: 0

Query OK, 0 rows affected (0.20 sec)

Query OK, 5605 rows affected (0.07 sec)
Records: 5605  Duplicates: 0  Warnings: 0

Query OK, 0 rows affected (0.04 sec)
Records: 0  Duplicates: 0  Warnings: 0

+-------------------+
| contractdiscounts |
+-------------------+
|              7218 |
+-------------------+
1 row in set (0.00 sec)

+-------------------------+
| clientcontractdiscounts |
+-------------------------+
|                    7187 |
+-------------------------+
1 row in set (0.00 sec)

+----------------------------+
| clientcontractlastdiscount |
+----------------------------+
|                       5605 |
+----------------------------+
1 row in set (0.00 sec)

Database changed
Query OK, 0 rows affected (0.21 sec)

Query OK, 0 rows affected (0.02 sec)

Database changed
Query OK, 132819 rows affected (4.10 sec)
Records: 132819  Deleted: 0  Skipped: 0  Warnings: 0

Query OK, 0 rows affected (0.40 sec)
Records: 0  Duplicates: 0  Warnings: 0

Query OK, 0 rows affected (1.00 sec)
Records: 0  Duplicates: 0  Warnings: 0

Query OK, 0 rows affected (1.56 sec)
Records: 0  Duplicates: 0  Warnings: 0

Query OK, 0 rows affected (0.53 sec)
Records: 0  Duplicates: 0  Warnings: 0

Query OK, 0 rows affected (1.10 sec)
Records: 0  Duplicates: 0  Warnings: 0

Query OK, 0 rows affected (0.83 sec)
Records: 0  Duplicates: 0  Warnings: 0

Query OK, 0 rows affected (0.13 sec)

Query OK, 1704426 rows affected (3 min 50.44 sec)
Records: 1704426  Duplicates: 0  Warnings: 0

+---------+
| devices |
+---------+
|  132819 |
+---------+
1 row in set (0.09 sec)

+-----------------------+
| clientcontractdevices |
+-----------------------+
|               1704426 |
+-----------------------+
1 row in set (0.83 sec)

Query OK, 0 rows affected (0.06 sec)

Query OK, 132671 rows affected (7.71 sec)
Records: 132671  Duplicates: 0  Warnings: 0

+---------------------------+
| rep_clientcontractdevices |
+---------------------------+
|                    132671 |
+---------------------------+
1 row in set (0.04 sec)

Database changed
Query OK, 0 rows affected (0.12 sec)

Query OK, 0 rows affected (0.01 sec)

Query OK, 269621 rows affected (7.59 sec)
Records: 269621  Deleted: 0  Skipped: 0  Warnings: 0

Query OK, 0 rows affected (0.78 sec)
Records: 0  Duplicates: 0  Warnings: 0

Query OK, 0 rows affected (0.89 sec)
Records: 0  Duplicates: 0  Warnings: 0

Query OK, 0 rows affected (0.72 sec)
Records: 0  Duplicates: 0  Warnings: 0

Query OK, 0 rows affected (0.50 sec)
Records: 0  Duplicates: 0  Warnings: 0

+---------+
| tickets |
+---------+
|  269621 |
+---------+
1 row in set (0.08 sec)

Database changed
Query OK, 0 rows affected (0.04 sec)

Query OK, 0 rows affected (0.01 sec)

Empty set (0.00 sec)

Query OK, 0 rows affected (0.01 sec)
Records: 0  Duplicates: 0  Warnings: 0

Query OK, 348 rows affected, 2 warnings (0.03 sec)
Records: 348  Deleted: 0  Skipped: 0  Warnings: 2

+-----------------+
| tickettechusers |
+-----------------+
|             348 |
+-----------------+
1 row in set (0.00 sec)

Database changed
Query OK, 0 rows affected (0.01 sec)

Query OK, 0 rows affected (0.00 sec)

Query OK, 0 rows affected (0.01 sec)
Records: 0  Duplicates: 0  Warnings: 0

Query OK, 575227 rows affected, 44300 warnings (12.17 sec)
Records: 575227  Deleted: 0  Skipped: 0  Warnings: 44300

+-------------------+
| ticketassignments |
+-------------------+
|            575227 |
+-------------------+
1 row in set (0.16 sec)

Database changed
Query OK, 0 rows affected (0.52 sec)

Query OK, 0 rows affected (0.00 sec)

Query OK, 1184805 rows affected (18.26 sec)
Records: 1184805  Deleted: 0  Skipped: 0  Warnings: 0

Query OK, 0 rows affected (7.63 sec)
Records: 0  Duplicates: 0  Warnings: 0

Query OK, 0 rows affected (3.42 sec)
Records: 0  Duplicates: 0  Warnings: 0

Query OK, 0 rows affected (3.34 sec)
Records: 0  Duplicates: 0  Warnings: 0

Query OK, 0 rows affected (4.03 sec)
Records: 0  Duplicates: 0  Warnings: 0

+----------------+
| ticketcomments |
+----------------+
|        1184805 |
+----------------+
1 row in set (0.34 sec)

Database changed
Query OK, 0 rows affected (0.05 sec)

Query OK, 0 rows affected (0.00 sec)

Query OK, 432099 rows affected (46.69 sec)
Records: 432099  Deleted: 0  Skipped: 0  Warnings: 0

Query OK, 0 rows affected (2.63 sec)
Records: 0  Duplicates: 0  Warnings: 0

+----------+
| comments |
+----------+
|   432099 |
+----------+
1 row in set (0.13 sec)

Database changed
Query OK, 0 rows affected (0.11 sec)

Query OK, 0 rows affected (0.01 sec)

Query OK, 1096102 rows affected, 65535 warnings (1 min 5.96 sec)
Records: 1096102  Deleted: 0  Skipped: 0  Warnings: 1096118

Query OK, 0 rows affected (6.42 sec)
Records: 0  Duplicates: 0  Warnings: 0

Query OK, 0 rows affected (3.49 sec)
Records: 0  Duplicates: 0  Warnings: 0

Query OK, 0 rows affected (3.17 sec)
Records: 0  Duplicates: 0  Warnings: 0

Query OK, 0 rows affected (3.50 sec)
Records: 0  Duplicates: 0  Warnings: 0

Query OK, 0 rows affected (3.82 sec)
Records: 0  Duplicates: 0  Warnings: 0

+------------+
| devicesold |
+------------+
|    1096102 |
+------------+
1 row in set (0.32 sec)

Database changed
Query OK, 0 rows affected (0.02 sec)

Query OK, 0 rows affected (0.01 sec)

Query OK, 1697959 rows affected (27.46 sec)
Records: 1697959  Deleted: 0  Skipped: 0  Warnings: 0

Query OK, 0 rows affected (8.98 sec)
Records: 0  Duplicates: 0  Warnings: 0

Query OK, 0 rows affected (5.35 sec)
Records: 0  Duplicates: 0  Warnings: 0

Query OK, 0 rows affected (5.63 sec)
Records: 0  Duplicates: 0  Warnings: 0

+------------------+
| contractservices |
+------------------+
|          1697959 |
+------------------+
1 row in set (0.50 sec)

Database changed
Query OK, 0 rows affected (0.21 sec)

Query OK, 0 rows affected (0.01 sec)

Query OK, 3937000 rows affected (2 min 39.21 sec)
Records: 3937000  Deleted: 0  Skipped: 0  Warnings: 0

Query OK, 0 rows affected (16.03 sec)
Records: 0  Duplicates: 0  Warnings: 0

Query OK, 0 rows affected (15.68 sec)
Records: 0  Duplicates: 0  Warnings: 0

Query OK, 0 rows affected (15.76 sec)
Records: 0  Duplicates: 0  Warnings: 0

Query OK, 0 rows affected (14.50 sec)
Records: 0  Duplicates: 0  Warnings: 0

+------------------+
| invoicescontents |
+------------------+
|          3937000 |
+------------------+
1 row in set (1.16 sec)

Database changed
Query OK, 0 rows affected (0.14 sec)

Query OK, 0 rows affected (0.01 sec)

Query OK, 2743759 rows affected (3 min 34.53 sec)
Records: 2743759  Deleted: 0  Skipped: 0  Warnings: 0

Query OK, 0 rows affected (17.79 sec)
Records: 0  Duplicates: 0  Warnings: 0

Query OK, 0 rows affected (15.03 sec)
Records: 0  Duplicates: 0  Warnings: 0

Query OK, 0 rows affected (12.71 sec)
Records: 0  Duplicates: 0  Warnings: 0

Query OK, 0 rows affected (12.57 sec)
Records: 0  Duplicates: 0  Warnings: 0

Query OK, 0 rows affected (13.74 sec)
Records: 0  Duplicates: 0  Warnings: 0

+----------------+
| invoicesheader |
+----------------+
|        2743759 |
+----------------+
1 row in set (0.99 sec)

Database changed
Query OK, 0 rows affected (0.04 sec)

Query OK, 0 rows affected (0.01 sec)

Query OK, 2832014 rows affected (1 min 29.80 sec)
Records: 2832014  Deleted: 0  Skipped: 0  Warnings: 0

Query OK, 0 rows affected (13.27 sec)
Records: 0  Duplicates: 0  Warnings: 0

Query OK, 0 rows affected (11.60 sec)
Records: 0  Duplicates: 0  Warnings: 0

Query OK, 0 rows affected (7.75 sec)
Records: 0  Duplicates: 0  Warnings: 0

Query OK, 0 rows affected (9.16 sec)
Records: 0  Duplicates: 0  Warnings: 0

+---------+
| casa    |
+---------+
| 2832014 |
+---------+
1 row in set (0.84 sec)

Query OK, 0 rows affected (0.01 sec)

Query OK, 13537 rows affected (1 min 15.56 sec)
Records: 13537  Duplicates: 0  Warnings: 0

+--------------------+
| rep_paycol_channel |
+--------------------+
|              13537 |
+--------------------+
1 row in set (0.01 sec)

Query OK, 0 rows affected (0.01 sec)

Query OK, 9588 rows affected (1 min 30.52 sec)
Records: 9588  Duplicates: 0  Warnings: 0

+----------------+
| rep_paycol_pos |
+----------------+
|           9588 |
+----------------+
1 row in set (0.00 sec)

Database changed
Query OK, 0 rows affected (0.01 sec)

Query OK, 0 rows affected (0.01 sec)

Database changed
Query OK, 38907 rows affected (0.81 sec)
Records: 38907  Deleted: 0  Skipped: 0  Warnings: 0

+-------+
| users |
+-------+
| 38907 |
+-------+
1 row in set (0.01 sec)

Database changed
Query OK, 0 rows affected (0.13 sec)

Query OK, 0 rows affected (0.00 sec)

Query OK, 1872898 rows affected, 2 warnings (36.62 sec)
Records: 1872898  Deleted: 0  Skipped: 0  Warnings: 2

Query OK, 0 rows affected (10.57 sec)
Records: 0  Duplicates: 0  Warnings: 0

Query OK, 0 rows affected (6.09 sec)
Records: 0  Duplicates: 0  Warnings: 0

Query OK, 0 rows affected (5.55 sec)
Records: 0  Duplicates: 0  Warnings: 0

Query OK, 0 rows affected (5.32 sec)
Records: 0  Duplicates: 0  Warnings: 0

Query OK, 0 rows affected (5.12 sec)
Records: 0  Duplicates: 0  Warnings: 0

+-------------+
| useractions |
+-------------+
|     1872898 |
+-------------+
1 row in set (0.62 sec)

Database changed
Query OK, 0 rows affected (0.09 sec)

Query OK, 0 rows affected (0.02 sec)

Database changed
Query OK, 13634772 rows affected (3 min 34.38 sec)
Records: 13634772  Deleted: 0  Skipped: 0  Warnings: 0

Query OK, 0 rows affected (47.45 sec)
Records: 0  Duplicates: 0  Warnings: 0

Query OK, 0 rows affected (47.77 sec)
Records: 0  Duplicates: 0  Warnings: 0

Query OK, 0 rows affected (48.07 sec)
Records: 0  Duplicates: 0  Warnings: 0

Query OK, 0 rows affected (43.91 sec)
Records: 0  Duplicates: 0  Warnings: 0

+----------+
| ipusage1 |
+----------+
| 13634772 |
+----------+
1 row in set (10.45 sec)

Query OK, 0 rows affected (0.19 sec)

Query OK, 13752587 rows affected, 65535 warnings (15 min 46.08 sec)
Records: 13752587  Duplicates: 0  Warnings: 13748870

Query OK, 0 rows affected (40.44 sec)
Records: 0  Duplicates: 0  Warnings: 0

Query OK, 0 rows affected (46.18 sec)
Records: 0  Duplicates: 0  Warnings: 0

Query OK, 0 rows affected (46.28 sec)
Records: 0  Duplicates: 0  Warnings: 0

Query OK, 0 rows affected (47.81 sec)
Records: 0  Duplicates: 0  Warnings: 0

Query OK, 0 rows affected (1 min 1.71 sec)
Records: 0  Duplicates: 0  Warnings: 0

Query OK, 0 rows affected (1 min 16.22 sec)
Records: 0  Duplicates: 0  Warnings: 0

Query OK, 0 rows affected (1 min 7.99 sec)
Records: 0  Duplicates: 0  Warnings: 0

+----------+
| ipusage  |
+----------+
| 13752587 |
+----------+
1 row in set (11.35 sec)

Query OK, 0 rows affected (0.09 sec)

Query OK, 3469499 rows affected (3 min 25.34 sec)
Records: 3469499  Duplicates: 0  Warnings: 0

Query OK, 0 rows affected (18.18 sec)
Records: 0  Duplicates: 0  Warnings: 0

Query OK, 0 rows affected (13.47 sec)
Records: 0  Duplicates: 0  Warnings: 0

Query OK, 0 rows affected (11.99 sec)
Records: 0  Duplicates: 0  Warnings: 0

Query OK, 0 rows affected (18.08 sec)
Records: 0  Duplicates: 0  Warnings: 0

Query OK, 0 rows affected (12.43 sec)
Records: 0  Duplicates: 0  Warnings: 0

Query OK, 0 rows affected (0.16 sec)

Query OK, 276134 rows affected (26.24 sec)
Records: 276134  Duplicates: 0  Warnings: 0

Query OK, 0 rows affected (0.91 sec)
Records: 0  Duplicates: 0  Warnings: 0

Query OK, 0 rows affected (0.86 sec)
Records: 0  Duplicates: 0  Warnings: 0

Query OK, 0 rows affected (0.98 sec)
Records: 0  Duplicates: 0  Warnings: 0

Query OK, 0 rows affected (0.53 sec)
Records: 0  Duplicates: 0  Warnings: 0

Query OK, 0 rows affected (0.50 sec)
Records: 0  Duplicates: 0  Warnings: 0

Query OK, 0 rows affected (0.51 sec)
Records: 0  Duplicates: 0  Warnings: 0

Query OK, 0 rows affected (0.49 sec)
Records: 0  Duplicates: 0  Warnings: 0

Query OK, 0 rows affected (0.07 sec)

Query OK, 1697771 rows affected (1 min 3.75 sec)
Records: 1697771  Duplicates: 0  Warnings: 0

Query OK, 0 rows affected (7.35 sec)
Records: 0  Duplicates: 0  Warnings: 0

Query OK, 0 rows affected (5.71 sec)
Records: 0  Duplicates: 0  Warnings: 0

Query OK, 0 rows affected (6.51 sec)
Records: 0  Duplicates: 0  Warnings: 0

mysql> mysql \. C:\workspace\cloud\code\sql\_DailyScript\currenttime.sql
+---------------------+
| currenttime         |
+---------------------+
| 2020-01-22 07:43:24 |
+---------------------+
1 row in set (0.00 sec)

mysql> 
mysql> mysql \. C:\workspace\cloud\code\sql\_DailyScript\ticket_analysis.sql
Database changed
Query OK, 0 rows affected (0.06 sec)

Query OK, 545781 rows affected (28.33 sec)
Records: 545781  Duplicates: 0  Warnings: 0

Query OK, 0 rows affected (9.71 sec)
Records: 0  Duplicates: 0  Warnings: 0

Query OK, 0 rows affected (2.45 sec)
Records: 0  Duplicates: 0  Warnings: 0

Query OK, 0 rows affected (2.03 sec)
Records: 0  Duplicates: 0  Warnings: 0

Query OK, 0 rows affected (0.44 sec)

Query OK, 18507 rows affected (10.66 sec)
Records: 18507  Duplicates: 0  Warnings: 0

Query OK, 0 rows affected, 1 warning (0.00 sec)

Query OK, 75397 rows affected (6.69 sec)
Records: 75397  Duplicates: 0  Warnings: 0

Query OK, 0 rows affected, 1 warning (0.00 sec)

Query OK, 390593 rows affected (11.15 sec)
Records: 390593  Duplicates: 0  Warnings: 0

Query OK, 0 rows affected, 1 warning (0.00 sec)

Query OK, 390593 rows affected (14.17 sec)
Records: 390593  Duplicates: 0  Warnings: 0

Query OK, 0 rows affected (0.24 sec)

Query OK, 75452 rows affected (15.88 sec)
Records: 75452  Duplicates: 0  Warnings: 0

Database changed
Query OK, 0 rows affected (0.00 sec)

Query OK, 0 rows affected (0.04 sec)

Query OK, 545781 rows affected (26.54 sec)
Records: 545781  Duplicates: 0  Warnings: 0

Query OK, 0 rows affected (0.01 sec)

Query OK, 267780 rows affected (14.17 sec)
Records: 267780  Duplicates: 0  Warnings: 0

+--------------------------+
| clientticket_cmmtjourney |
+--------------------------+
|                   545781 |
+--------------------------+
1 row in set (3.82 sec)

+---------------------------+
| clientticket_assgnjourney |
+---------------------------+
|                    267780 |
+---------------------------+
1 row in set (0.31 sec)

Query OK, 0 rows affected (0.01 sec)

Query OK, 79 rows affected (0.11 sec)
Records: 79  Duplicates: 0  Warnings: 0

mysql> mysql \. C:\workspace\cloud\code\sql\_DailyScript\currenttime.sql
+---------------------+
| currenttime         |
+---------------------+
| 2020-01-22 07:45:50 |
+---------------------+
1 row in set (0.00 sec)

mysql> 
mysql> mysql \. C:\workspace\cloud\code\sql\_DailyScript\load_DailyCalls.sql
Database changed
Query OK, 511 rows affected (0.53 sec)
Records: 511  Deleted: 0  Skipped: 0  Warnings: 0

Query OK, 0 rows affected, 1 warning (0.00 sec)

Query OK, 488 rows affected (0.46 sec)
Records: 488  Duplicates: 0  Warnings: 0

Query OK, 0 rows affected, 1 warning (0.00 sec)

Query OK, 65511 rows affected (0.30 sec)
Records: 65511  Duplicates: 0  Warnings: 0

+----------------------+
| callingclientsbefore |
+----------------------+
|               821570 |
+----------------------+
1 row in set (1.52 sec)

Query OK, 679 rows affected (11.13 sec)
Records: 679  Duplicates: 0  Warnings: 0

+---------------------+
| callingclientsafter |
+---------------------+
|              822249 |
+---------------------+
1 row in set (0.23 sec)

Query OK, 0 rows affected (0.01 sec)

Query OK, 321 rows affected (13.37 sec)
Records: 321  Duplicates: 0  Warnings: 0

Query OK, 0 rows affected (0.00 sec)

Query OK, 16983 rows affected (2.54 sec)
Records: 16983  Duplicates: 0  Warnings: 0

+-----------+
| callstats |
+-----------+
|     16983 |
+-----------+
1 row in set (0.01 sec)

Query OK, 0 rows affected, 1 warning (0.00 sec)

Query OK, 679 rows affected (9.67 sec)
Records: 679  Duplicates: 0  Warnings: 0

+------------------------+
| rep_cccallreportbefore |
+------------------------+
|                 825966 |
+------------------------+
1 row in set (0.23 sec)

Query OK, 679 rows affected (2.44 sec)
Records: 679  Duplicates: 0  Warnings: 0

+-----------------------+
| rep_cccallreportafter |
+-----------------------+
|                826645 |
+-----------------------+
1 row in set (0.23 sec)

Query OK, 0 rows affected (0.00 sec)

mysql> mysql \. C:\workspace\cloud\code\sql\_DailyScript\currenttime.sql
+---------------------+
| currenttime         |
+---------------------+
| 2020-01-22 07:46:33 |
+---------------------+
1 row in set (0.00 sec)

mysql> 
mysql> mysql \. C:\workspace\cloud\code\sql\_DailyScript\DAILY-SCRIPT-USAGE.sql
Database changed
Query OK, 0 rows affected (0.00 sec)

Query OK, 6793 rows affected, 19656 warnings (6.81 sec)
Records: 6793  Deleted: 0  Skipped: 0  Warnings: 19656

Query OK, 0 rows affected (0.00 sec)

Query OK, 10268 rows affected, 29772 warnings (5.78 sec)
Records: 10268  Deleted: 0  Skipped: 0  Warnings: 29772

Query OK, 0 rows affected (0.00 sec)

Query OK, 148 rows affected, 532 warnings (0.09 sec)
Records: 148  Deleted: 0  Skipped: 0  Warnings: 532

Query OK, 0 rows affected (0.00 sec)

Query OK, 233 rows affected, 781 warnings (0.07 sec)
Records: 233  Deleted: 0  Skipped: 0  Warnings: 781

+------------+
| dailyusage |
+------------+
|    9989971 |
+------------+
1 row in set (26.27 sec)

+------------+------------+------------+---------+
| datestart  | dateend    | insertedon | records |
+------------+------------+------------+---------+
| 2020-01-21 | 2020-01-21 | 2020-01-22 |   17442 |
| 2020-01-20 | 2020-01-20 | 2020-01-21 |   17560 |
| 2020-01-19 | 2020-01-19 | 2020-01-20 |   17519 |
| 2020-01-18 | 2020-01-18 | 2020-01-19 |   17651 |
| 2020-01-17 | 2020-01-17 | 2020-01-18 |   17728 |
+------------+------------+------------+---------+
5 rows in set (4 min 24.40 sec)

mysql> mysql \. C:\workspace\cloud\code\sql\_DailyScript\currenttime.sql
+---------------------+
| currenttime         |
+---------------------+
| 2020-01-22 07:51:37 |
+---------------------+
1 row in set (0.00 sec)

mysql> 
mysql> mysql \. C:\workspace\cloud\code\sql\_DailyScript\DAILY-SCRIPT-SALES-TELEMETRY.sql
Database changed
Query OK, 125 rows affected, 59 warnings (0.19 sec)
Records: 125  Deleted: 0  Skipped: 0  Warnings: 59

+------------+
| dailysales |
+------------+
|     181349 |
+------------+
1 row in set (0.53 sec)

Query OK, 0 rows affected (0.03 sec)

Query OK, 181349 rows affected (18.73 sec)
Records: 181349  Duplicates: 0  Warnings: 0

+--------+
| sales  |
+--------+
| 181349 |
+--------+
1 row in set (0.07 sec)

Query OK, 0 rows affected (0.01 sec)

Query OK, 2917 rows affected (0.31 sec)
Records: 2917  Duplicates: 0  Warnings: 0

+----------------+
| rep_dailysales |
+----------------+
|           2917 |
+----------------+
1 row in set (0.00 sec)

Query OK, 0 rows affected (0.00 sec)

Query OK, 2917 rows affected (0.47 sec)
Records: 2917  Duplicates: 0  Warnings: 0

+-------------------+
| rep_dailysalesreg |
+-------------------+
|              2917 |
+-------------------+
1 row in set (0.00 sec)

Query OK, 0 rows affected (0.00 sec)

Query OK, 2639 rows affected (0.62 sec)
Records: 2639  Duplicates: 0  Warnings: 0

+-----------+
| saleslist |
+-----------+
|      2639 |
+-----------+
1 row in set (0.00 sec)

Database changed
Query OK, 2 rows affected (0.09 sec)
Records: 2  Deleted: 0  Skipped: 0  Warnings: 0

+------------------+
| dailysinglesales |
+------------------+
|             6133 |
+------------------+
1 row in set (0.06 sec)

Database changed
Query OK, 7 rows affected (0.08 sec)
Records: 7  Deleted: 0  Skipped: 0  Warnings: 0

+-----------------+
| dailyaddonsales |
+-----------------+
|           18086 |
+-----------------+
1 row in set (0.57 sec)

Query OK, 72 rows affected (0.26 sec)
Records: 72  Deleted: 0  Skipped: 0  Warnings: 0

+----------------+
| onlinepayments |
+----------------+
|          77746 |
+----------------+
1 row in set (0.47 sec)

+-------------+----------------+---------------------+
| paymentdate | onlinepayments | onlinepaymentamount |
+-------------+----------------+---------------------+
| 2020-01-21  |             72 |         44630.73000 |
| 2020-01-20  |            108 |         79470.91000 |
| 2020-01-19  |             86 |         51270.85000 |
| 2020-01-18  |             97 |         69671.60000 |
| 2020-01-17  |             99 |         66283.36000 |
+-------------+----------------+---------------------+
5 rows in set (3.17 sec)

+-------------+--------------+----------------+---------------------+
| paymentyear | paymentmonth | onlinepayments | onlinepaymentamount |
+-------------+--------------+----------------+---------------------+
|        2020 |            1 |           2102 |       1377348.12000 |
|        2020 |         NULL |           2102 |       1377348.12000 |
|        2019 |           12 |           3234 |       2134467.48000 |
|        2019 |           11 |           3112 |       2058344.74000 |
|        2019 |           10 |           3323 |       2227696.68000 |
+-------------+--------------+----------------+---------------------+
5 rows in set (0.08 sec)

mysql> mysql \. C:\workspace\cloud\code\sql\_DailyScript\currenttime.sql
+---------------------+
| currenttime         |
+---------------------+
| 2020-01-22 07:52:03 |
+---------------------+
1 row in set (0.00 sec)

mysql> 
mysql> mysql \. C:\workspace\cloud\code\sql\_DailyScript\DAILY-SCRIPT-ACTIVENUMBERS.sql
Database changed
Query OK, 1209 rows affected (1.59 sec)
Records: 1209  Deleted: 0  Skipped: 0  Warnings: 0

+------------+----------+
| period     | count(1) |
+------------+----------+
| 2020-01-21 |     1209 |
| 2020-01-20 |     1201 |
| 2020-01-19 |     1206 |
| 2020-01-18 |     1206 |
| 2020-01-17 |     1208 |
| 2020-01-16 |     1216 |
+------------+----------+
6 rows in set (0.01 sec)

Query OK, 0 rows affected (0.01 sec)

Query OK, 81 rows affected (1.52 sec)
Records: 81  Duplicates: 0  Warnings: 0

+-------------+
| packagelist |
+-------------+
|          81 |
+-------------+
1 row in set (0.00 sec)

Database changed
Query OK, 0 rows affected (0.01 sec)

Query OK, 0 rows affected (0.00 sec)

Query OK, 0 rows affected (0.00 sec)

Query OK, 0 rows affected (0.00 sec)

Query OK, 27031 rows affected, 197 warnings (1 min 30.92 sec)
Records: 27031  Deleted: 0  Skipped: 0  Warnings: 197

+------------+----------+
| period     | count(1) |
+------------+----------+
| 2020-01-21 |    27031 |
| 2020-01-20 |    27018 |
| 2020-01-19 |    26916 |
| 2020-01-18 |    27132 |
| 2020-01-17 |    27221 |
+------------+----------+
5 rows in set (0.36 sec)

Query OK, 0 rows affected (0.09 sec)

Query OK, 26425 rows affected (3 min 6.67 sec)
Records: 26425  Duplicates: 0  Warnings: 0

Query OK, 0 rows affected (0.36 sec)
Records: 0  Duplicates: 0  Warnings: 0

Query OK, 0 rows affected (0.10 sec)
Records: 0  Duplicates: 0  Warnings: 0

Query OK, 0 rows affected (0.11 sec)
Records: 0  Duplicates: 0  Warnings: 0

Query OK, 0 rows affected (0.10 sec)
Records: 0  Duplicates: 0  Warnings: 0

Query OK, 0 rows affected (0.06 sec)
Records: 0  Duplicates: 0  Warnings: 0

Query OK, 0 rows affected (0.06 sec)
Records: 0  Duplicates: 0  Warnings: 0

+-------------+
| countbefore |
+-------------+
|    32726059 |
+-------------+
1 row in set (1 min 2.58 sec)

Query OK, 26425 rows affected (41.84 sec)
Records: 26425  Duplicates: 0  Warnings: 0

+------------+
| countafter |
+------------+
|   32752484 |
+------------+
1 row in set (12.53 sec)

+------------+--------------------------+
| period     | customercontractactivity |
+------------+--------------------------+
| 2020-01-21 |                    26425 |
| 2020-01-20 |                    26412 |
| 2020-01-19 |                    26311 |
| 2020-01-18 |                    26527 |
| 2020-01-17 |                    26616 |
+------------+--------------------------+
5 rows in set (0.06 sec)

Query OK, 0 rows affected (0.16 sec)

Query OK, 247912 rows affected (15 min 39.55 sec)
Records: 247912  Duplicates: 0  Warnings: 0

Query OK, 0 rows affected (0.89 sec)
Records: 0  Duplicates: 0  Warnings: 0

Query OK, 0 rows affected (0.90 sec)
Records: 0  Duplicates: 0  Warnings: 0

Query OK, 0 rows affected (0.95 sec)
Records: 0  Duplicates: 0  Warnings: 0

Query OK, 0 rows affected (0.01 sec)

Query OK, 258 rows affected (0.42 sec)
Records: 258  Duplicates: 0  Warnings: 0

Query OK, 0 rows affected (0.02 sec)

Query OK, 2583 rows affected (0.53 sec)
Records: 2583  Duplicates: 0  Warnings: 0

Query OK, 0 rows affected (0.01 sec)

Query OK, 26414 rows affected (0.54 sec)
Records: 26414  Duplicates: 0  Warnings: 0

Query OK, 0 rows affected (0.02 sec)

Query OK, 16821 rows affected (0.34 sec)
Records: 16821  Duplicates: 0  Warnings: 0

Query OK, 0 rows affected (0.00 sec)

Query OK, 16821 rows affected (0.12 sec)
Records: 16821  Duplicates: 0  Warnings: 0

Query OK, 0 rows affected (0.04 sec)

Query OK, 16821 rows affected (1.17 sec)
Records: 16821  Duplicates: 0  Warnings: 0

Query OK, 0 rows affected (0.17 sec)

Query OK, 16821 rows affected (44.30 sec)
Records: 16821  Duplicates: 0  Warnings: 0

+-------------+
| clientstats |
+-------------+
|       16821 |
+-------------+
1 row in set (0.01 sec)

Query OK, 0 rows affected (0.00 sec)

Query OK, 12 rows affected, 1 warning (0.09 sec)
Records: 12  Duplicates: 0  Warnings: 1

+-----------------------+-------------+-------------+----------------+-----------------+
| services              | activecount | allaccounts | uniqueaccounts | uniquecontracts |
+-----------------------+-------------+-------------+----------------+-----------------+
| All                   |         251 |          42 |             42 |             137 |
| Internet & Voice      |         408 |         186 |            186 |             362 |
| Internet Only         |        4165 |        4065 |           4054 |            4102 |
| OTT Only              |           7 |           2 |              2 |               7 |
| TV & Internet         |        8742 |        3872 |           3860 |            7896 |
| TV & Internet & OTT   |        2610 |         704 |            703 |            1446 |
| TV & Internet & Voice |         494 |         145 |            145 |             445 |
| TV & OTT              |         337 |          61 |             60 |              80 |
| TV & Voice            |          95 |          43 |             43 |              86 |
| TV Only               |        9907 |        7547 |           7536 |            7748 |
| Voice Only            |         155 |         154 |            152 |             155 |
| GRAND TOTAL           |       27171 |       16821 |          16722 |           22464 |
+-----------------------+-------------+-------------+----------------+-----------------+
12 rows in set (0.00 sec)

+-------------+-------------+-------------+----------------+-----------------+
| network     | activecount | allaccounts | uniqueaccounts | uniquecontracts |
+-------------+-------------+-------------+----------------+-----------------+
| ADDON       |          13 |           9 |              9 |               9 |
| GPON        |        7996 |        4062 |           4059 |            6226 |
| HFC         |       19156 |       12749 |          12749 |           16223 |
| MOBILE TV   |           6 |           1 |              1 |               6 |
| GRAND TOTAL |       27171 |       16821 |          16722 |           22464 |
+-------------+-------------+-------------+----------------+-----------------+
5 rows in set, 1 warning (0.11 sec)

+-------------+-----------------------+-------------+-------------+----------------+-----------------+
| network     | services              | activecount | allaccounts | uniqueaccounts | uniquecontracts |
+-------------+-----------------------+-------------+-------------+----------------+-----------------+
| ADDON       | OTT Only              |           1 |           1 |              1 |               1 |
| ADDON       | TV & OTT              |           6 |           2 |              2 |               2 |
| ADDON       | TV Only               |           6 |           6 |              6 |               6 |
| ADDON       | Services Total        |          13 |           9 |              9 |               9 |
| GPON        | All                   |         134 |          21 |             21 |              69 |
| GPON        | Internet & Voice      |          65 |          27 |             27 |              55 |
| GPON        | Internet Only         |        1061 |         980 |            980 |            1002 |
| GPON        | TV & Internet         |        3293 |        1408 |           1408 |            2895 |
| GPON        | TV & Internet & OTT   |        1406 |         375 |            375 |             774 |
| GPON        | TV & Internet & Voice |         172 |          49 |             49 |             153 |
| GPON        | TV & OTT              |          76 |          21 |             21 |              24 |
| GPON        | TV & Voice            |          41 |          18 |             18 |              36 |
| GPON        | TV Only               |        1738 |        1153 |           1153 |            1208 |
| GPON        | Voice Only            |          10 |          10 |             10 |              10 |
| GPON        | Services Total        |        7996 |        4062 |           4059 |            6226 |
| HFC         | All                   |         117 |          21 |             21 |              68 |
| HFC         | Internet & Voice      |         343 |         159 |            159 |             307 |
| HFC         | Internet Only         |        3104 |        3085 |           3085 |            3100 |
| HFC         | TV & Internet         |        5449 |        2464 |           2464 |            5001 |
| HFC         | TV & Internet & OTT   |        1204 |         329 |            329 |             672 |
| HFC         | TV & Internet & Voice |         322 |          96 |             96 |             292 |
| HFC         | TV & OTT              |         255 |          38 |             38 |              54 |
| HFC         | TV & Voice            |          54 |          25 |             25 |              50 |
| HFC         | TV Only               |        8163 |        6388 |           6388 |            6534 |
| HFC         | Voice Only            |         145 |         144 |            144 |             145 |
| HFC         | Services Total        |       19156 |       12749 |          12749 |           16223 |
| MOBILE TV   | OTT Only              |           6 |           1 |              1 |               6 |
| MOBILE TV   | Services Total        |           6 |           1 |              1 |               6 |
| GRAND TOTAL | Services Total        |       27171 |       16821 |          16722 |           22464 |
+-------------+-----------------------+-------------+-------------+----------------+-----------------+
29 rows in set, 2 warnings (0.13 sec)

Query OK, 0 rows affected (0.01 sec)

Query OK, 48 rows affected, 3 warnings (0.17 sec)
Records: 48  Duplicates: 0  Warnings: 3

+-------------+---------------+-----------------------+-------------+-------------+----------------+-----------------+
| region      | network       | services              | activecount | allaccounts | uniqueaccounts | uniquecontracts |
+-------------+---------------+-----------------------+-------------+-------------+----------------+-----------------+
| Eden Island | GPON          | TV & Internet         |           2 |           1 |              1 |               2 |
| Eden Island | GPON          | Services Total        |           2 |           1 |              1 |               2 |
| Eden Island | Network Total | Services Total        |           2 |           1 |              1 |               2 |
| Mahe        | ADDON         | OTT Only              |           1 |           1 |              1 |               1 |
| Mahe        | ADDON         | TV & OTT              |           6 |           2 |              2 |               2 |
| Mahe        | ADDON         | TV Only               |           2 |           2 |              2 |               2 |
| Mahe        | ADDON         | Services Total        |           9 |           5 |              5 |               5 |
| Mahe        | GPON          | All                   |         121 |          19 |             19 |              63 |
| Mahe        | GPON          | Internet & Voice      |          51 |          20 |             20 |              41 |
| Mahe        | GPON          | Internet Only         |         837 |         756 |            756 |             778 |
| Mahe        | GPON          | TV & Internet         |        2451 |        1038 |           1038 |            2131 |
| Mahe        | GPON          | TV & Internet & OTT   |         998 |         258 |            258 |             528 |
| Mahe        | GPON          | TV & Internet & Voice |         147 |          42 |             42 |             129 |
| Mahe        | GPON          | TV & OTT              |          63 |          16 |             16 |              18 |
| Mahe        | GPON          | TV & Voice            |          41 |          18 |             18 |              36 |
| Mahe        | GPON          | TV Only               |        1358 |         882 |            882 |             923 |
| Mahe        | GPON          | Voice Only            |          10 |          10 |             10 |              10 |
| Mahe        | GPON          | Services Total        |        6077 |        3059 |           3059 |            4657 |
| Mahe        | HFC           | All                   |         117 |          21 |             21 |              68 |
| Mahe        | HFC           | Internet & Voice      |         343 |         159 |            159 |             307 |
| Mahe        | HFC           | Internet Only         |        3103 |        3084 |           3084 |            3099 |
| Mahe        | HFC           | TV & Internet         |        5449 |        2464 |           2464 |            5001 |
| Mahe        | HFC           | TV & Internet & OTT   |        1204 |         329 |            329 |             672 |
| Mahe        | HFC           | TV & Internet & Voice |         322 |          96 |             96 |             292 |
| Mahe        | HFC           | TV & OTT              |         255 |          38 |             38 |              54 |
| Mahe        | HFC           | TV & Voice            |          54 |          25 |             25 |              50 |
| Mahe        | HFC           | TV Only               |        8158 |        6385 |           6385 |            6531 |
| Mahe        | HFC           | Voice Only            |         145 |         144 |            144 |             145 |
| Mahe        | HFC           | Services Total        |       19150 |       12745 |          12745 |           16219 |
| Mahe        | MOBILE TV     | OTT Only              |           6 |           1 |              1 |               6 |
| Mahe        | MOBILE TV     | Services Total        |           6 |           1 |              1 |               6 |
| Mahe        | Network Total | Services Total        |       25242 |       15810 |          15717 |           20887 |
| Praslin     | ADDON         | TV Only               |           4 |           4 |              4 |               4 |
| Praslin     | ADDON         | Services Total        |           4 |           4 |              4 |               4 |
| Praslin     | GPON          | All                   |          13 |           2 |              2 |               6 |
| Praslin     | GPON          | Internet & Voice      |          14 |           7 |              7 |              14 |
| Praslin     | GPON          | Internet Only         |         224 |         224 |            224 |             224 |
| Praslin     | GPON          | TV & Internet         |         840 |         369 |            369 |             762 |
| Praslin     | GPON          | TV & Internet & OTT   |         408 |         117 |            117 |             246 |
| Praslin     | GPON          | TV & Internet & Voice |          25 |           7 |              7 |              24 |
| Praslin     | GPON          | TV & OTT              |          13 |           5 |              5 |               6 |
| Praslin     | GPON          | TV Only               |         380 |         271 |            271 |             285 |
| Praslin     | GPON          | Services Total        |        1917 |        1002 |           1002 |            1567 |
| Praslin     | HFC           | Internet Only         |           1 |           1 |              1 |               1 |
| Praslin     | HFC           | TV Only               |           5 |           3 |              3 |               3 |
| Praslin     | HFC           | Services Total        |           6 |           4 |              4 |               4 |
| Praslin     | Network Total | Services Total        |        1927 |        1010 |           1007 |            1575 |
| GRAND TOTAL | Network Total | Services Total        |       27171 |       16821 |          16722 |           22464 |
+-------------+---------------+-----------------------+-------------+-------------+----------------+-----------------+
48 rows in set (0.00 sec)

Query OK, 0 rows affected (0.02 sec)

Query OK, 26415 rows affected (0.46 sec)
Records: 26415  Duplicates: 0  Warnings: 0

Query OK, 0 rows affected (0.03 sec)

Query OK, 1977 rows affected (18.88 sec)
Records: 1977  Duplicates: 0  Warnings: 0

+--------------------------------------+
| message                              |
+--------------------------------------+
| running rcbill_my.sp_ActiveNumber2() |
+--------------------------------------+
1 row in set (0.00 sec)

Query OK, 365 rows affected (2 min 41.57 sec)

mysql> mysql \. C:\workspace\cloud\code\sql\_DailyScript\currenttime.sql
+---------------------+
| currenttime         |
+---------------------+
| 2020-01-22 08:18:13 |
+---------------------+
1 row in set (0.00 sec)

mysql> 
mysql> mysql \. C:\workspace\cloud\code\sql\_DailyScript\GetActiveNumbers Average -Pivot.sql
Database changed
+-------------------------------------+
| @today := subdate(current_date(),1) |
+-------------------------------------+
| 2020-01-21                          |
+-------------------------------------+
1 row in set (0.00 sec)

+-------------------------------------+
| @lastdayofmonth := last_day(@today) |
+-------------------------------------+
| 2020-01-31                          |
+-------------------------------------+
1 row in set (0.00 sec)

Query OK, 0 rows affected (0.03 sec)

Query OK, 35831 rows affected, 65535 warnings (53.71 sec)
Records: 35831  Duplicates: 0  Warnings: 74107

Query OK, 0 rows affected (0.09 sec)
Records: 0  Duplicates: 0  Warnings: 0

Query OK, 0 rows affected (0.10 sec)
Records: 0  Duplicates: 0  Warnings: 0

Query OK, 0 rows affected (0.09 sec)
Records: 0  Duplicates: 0  Warnings: 0

+-----------------+
| activenumberavg |
+-----------------+
|           35831 |
+-----------------+
1 row in set (0.01 sec)

Query OK, 0 rows affected (0.01 sec)

Query OK, 1826 rows affected (0.44 sec)
Records: 1826  Duplicates: 0  Warnings: 0

+---------------------+
| rep_activenumberavg |
+---------------------+
|                1826 |
+---------------------+
1 row in set (0.00 sec)

+----------------------+
| rep_activenumberavg1 |
+----------------------+
|                  862 |
+----------------------+
1 row in set (0.00 sec)

Query OK, 0 rows affected (0.02 sec)

Query OK, 1840 rows affected (0.34 sec)
Records: 1840  Duplicates: 0  Warnings: 0

Query OK, 0 rows affected (0.04 sec)

Query OK, 9350 rows affected (0.60 sec)
Records: 9350  Duplicates: 0  Warnings: 0

Query OK, 0 rows affected (0.00 sec)

Query OK, 0 rows affected (0.00 sec)

Query OK, 0 rows affected (0.00 sec)

Query OK, 0 rows affected (0.00 sec)

Query OK, 0 rows affected (0.00 sec)
Statement prepared

Query OK, 53 rows affected (0.04 sec)
Records: 53  Duplicates: 0  Warnings: 0

Query OK, 0 rows affected (0.00 sec)

Query OK, 0 rows affected (0.00 sec)

+----------------------+
| rep_activenumberavg2 |
+----------------------+
|                 1840 |
+----------------------+
1 row in set (0.00 sec)

+------------------------+
| rep_activenumberavg_pv |
+------------------------+
|                     53 |
+------------------------+
1 row in set (0.00 sec)

Query OK, 0 rows affected (0.03 sec)

Query OK, 1840 rows affected (0.29 sec)
Records: 1840  Duplicates: 0  Warnings: 0

Query OK, 0 rows affected (0.00 sec)

Query OK, 0 rows affected (0.00 sec)

Query OK, 0 rows affected (0.04 sec)

Query OK, 0 rows affected (0.00 sec)

Query OK, 0 rows affected (0.00 sec)
Statement prepared

Query OK, 53 rows affected (0.04 sec)
Records: 53  Duplicates: 0  Warnings: 0

Query OK, 0 rows affected (0.00 sec)

Query OK, 0 rows affected (0.00 sec)

+-------------------------+
| rep_activenumberavgMahe |
+-------------------------+
|                    1840 |
+-------------------------+
1 row in set (0.00 sec)

+----------------------------+
| rep_activenumberavgMahe_pv |
+----------------------------+
|                         53 |
+----------------------------+
1 row in set (0.00 sec)

Query OK, 0 rows affected (0.00 sec)

Query OK, 1176 rows affected (0.13 sec)
Records: 1176  Duplicates: 0  Warnings: 0

Query OK, 0 rows affected (0.00 sec)

Query OK, 0 rows affected (0.00 sec)

Query OK, 0 rows affected (0.02 sec)

Query OK, 0 rows affected (0.00 sec)

Query OK, 0 rows affected (0.00 sec)
Statement prepared

Query OK, 40 rows affected (0.02 sec)
Records: 40  Duplicates: 0  Warnings: 0

Query OK, 0 rows affected (0.00 sec)

Query OK, 0 rows affected (0.00 sec)

+----------------------------+
| rep_activenumberavgPraslin |
+----------------------------+
|                       1176 |
+----------------------------+
1 row in set (0.00 sec)

+-------------------------------+
| rep_activenumberavgPraslin_pv |
+-------------------------------+
|                            40 |
+-------------------------------+
1 row in set (0.00 sec)

mysql> mysql \. C:\workspace\cloud\code\sql\_DailyScript\currenttime.sql
+---------------------+
| currenttime         |
+---------------------+
| 2020-01-22 08:19:10 |
+---------------------+
1 row in set (0.00 sec)

mysql> 
mysql> mysql \. C:\workspace\cloud\code\sql\_DailyScript\budget_actual_analysis_2020.sql
Query OK, 0 rows affected (0.00 sec)

Query OK, 594 rows affected, 3 warnings (0.06 sec)
Records: 594  Duplicates: 0  Warnings: 3

+--------------------+
| budget_actual_2020 |
+--------------------+
|                594 |
+--------------------+
1 row in set (0.00 sec)

Query OK, 0 rows affected (0.04 sec)

Query OK, 48 rows affected (0.04 sec)
Records: 48  Duplicates: 0  Warnings: 0

+---------------------------+
| rep_budget_actual_2020_pv |
+---------------------------+
|                        48 |
+---------------------------+
1 row in set (0.00 sec)

mysql> mysql \. C:\workspace\cloud\code\sql\_DailyScript\currenttime.sql
+---------------------+
| currenttime         |
+---------------------+
| 2020-01-22 08:19:10 |
+---------------------+
1 row in set (0.00 sec)

mysql> 
mysql> mysql \. C:\workspace\cloud\code\sql\_DailyScript\reports-sales-addons-prepaid-camera.sql
Database changed
Query OK, 0 rows affected (0.02 sec)

Query OK, 3950 rows affected (0.24 sec)
Records: 3950  Duplicates: 0  Warnings: 0

Query OK, 0 rows affected (0.04 sec)

Query OK, 18109 rows affected (56.28 sec)
Records: 18109  Duplicates: 0  Warnings: 0

+--------------------+
| rep_prepaid_camera |
+--------------------+
|               3950 |
+--------------------+
1 row in set (0.01 sec)

+-----------+
| rep_addon |
+-----------+
|     18109 |
+-----------+
1 row in set (0.01 sec)

mysql> mysql \. C:\workspace\cloud\code\sql\_DailyScript\currenttime.sql
+---------------------+
| currenttime         |
+---------------------+
| 2020-01-22 08:20:06 |
+---------------------+
1 row in set (0.00 sec)

mysql> 
mysql> mysql \. C:\workspace\cloud\code\sql\_DailyScript\housing-estate-analysis.sql
Database changed
Query OK, 0 rows affected (0.04 sec)

Query OK, 3030 rows affected (2 min 18.11 sec)
Records: 3030  Duplicates: 0  Warnings: 0

+--------------------+
| rep_housingestates |
+--------------------+
|               3030 |
+--------------------+
1 row in set (0.00 sec)

mysql> mysql \. C:\workspace\cloud\code\sql\_DailyScript\currenttime.sql
+---------------------+
| currenttime         |
+---------------------+
| 2020-01-22 08:22:25 |
+---------------------+
1 row in set (0.00 sec)

mysql> 
mysql> mysql \. C:\workspace\cloud\code\sql\_DailyScript\RCB_ClientAnalyticsReport_Script.sql
Database changed
Query OK, 0 rows affected (0.00 sec)

Query OK, 0 rows affected (0.07 sec)

Query OK, 1811812 rows affected (1 min 26.84 sec)
Records: 1811812  Duplicates: 0  Warnings: 0

Query OK, 0 rows affected (10.90 sec)
Records: 0  Duplicates: 0  Warnings: 0

Query OK, 0 rows affected (6.03 sec)
Records: 0  Duplicates: 0  Warnings: 0

Query OK, 0 rows affected (9.28 sec)
Records: 0  Duplicates: 0  Warnings: 0

Query OK, 0 rows affected (12.02 sec)
Records: 0  Duplicates: 0  Warnings: 0

Query OK, 0 rows affected (10.70 sec)
Records: 0  Duplicates: 0  Warnings: 0

Query OK, 0 rows affected (8.24 sec)
Records: 0  Duplicates: 0  Warnings: 0

Query OK, 0 rows affected (0.00 sec)

Query OK, 464866 rows affected (24.73 sec)
Rows matched: 1811812  Changed: 464866  Warnings: 0

Query OK, 0 rows affected (0.28 sec)

Query OK, 27346 rows affected (4.84 sec)
Records: 27346  Duplicates: 0  Warnings: 0

Query OK, 0 rows affected (0.17 sec)

Query OK, 43079 rows affected (10 min 14.38 sec)
Records: 43079  Duplicates: 0  Warnings: 0

Query OK, 0 rows affected (0.27 sec)
Records: 0  Duplicates: 0  Warnings: 0

Query OK, 0 rows affected (0.15 sec)
Records: 0  Duplicates: 0  Warnings: 0

Query OK, 0 rows affected (0.08 sec)
Records: 0  Duplicates: 0  Warnings: 0

Query OK, 0 rows affected (0.08 sec)

Query OK, 435732 rows affected (12 min 8.60 sec)
Records: 435732  Duplicates: 0  Warnings: 0

Query OK, 0 rows affected (1.54 sec)
Records: 0  Duplicates: 0  Warnings: 0

Query OK, 0 rows affected (1.54 sec)
Records: 0  Duplicates: 0  Warnings: 0

Query OK, 0 rows affected (0.83 sec)
Records: 0  Duplicates: 0  Warnings: 0

Query OK, 0 rows affected (2.51 sec)
Records: 0  Duplicates: 0  Warnings: 0

Query OK, 0 rows affected (1.50 sec)
Records: 0  Duplicates: 0  Warnings: 0

Query OK, 0 rows affected (0.20 sec)

Query OK, 43079 rows affected (1 min 25.40 sec)
Records: 43079  Duplicates: 0  Warnings: 0

+--------------+
| clientreport |
+--------------+
|        43079 |
+--------------+
1 row in set (0.02 sec)

Query OK, 0 rows affected (0.04 sec)

Query OK, 43079 rows affected (5.83 sec)
Records: 43079  Duplicates: 0  Warnings: 0

+----------------------+
| clientextendedreport |
+----------------------+
|                43079 |
+----------------------+
1 row in set (0.01 sec)

Query OK, 0 rows affected (0.02 sec)

Query OK, 43079 rows affected (40.73 sec)
Records: 43079  Duplicates: 0  Warnings: 0

+---------+
| allcust |
+---------+
|   43079 |
+---------+
1 row in set (0.01 sec)

Query OK, 0 rows affected, 1 warning (0.00 sec)

Query OK, 5000 rows affected (0.14 sec)
Records: 5000  Duplicates: 0  Warnings: 0

Query OK, 0 rows affected (0.04 sec)

Query OK, 6887 rows affected (0.45 sec)
Records: 6887  Duplicates: 0  Warnings: 0

Query OK, 0 rows affected, 1 warning (0.00 sec)

Query OK, 5000 rows affected (0.12 sec)
Records: 5000  Duplicates: 0  Warnings: 0

Query OK, 0 rows affected (0.02 sec)

Query OK, 7307 rows affected (0.17 sec)
Records: 7307  Duplicates: 0  Warnings: 0

mysql> mysql \. C:\workspace\cloud\code\sql\_DailyScript\currenttime.sql
+---------------------+
| currenttime         |
+---------------------+
| 2020-01-22 08:50:03 |
+---------------------+
1 row in set (0.00 sec)

mysql> 
mysql> 
mysql> mysql \. C:\workspace\cloud\code\sql\_DailyScript\REVENUE_PER_NODE_MXK.sql
Query OK, 0 rows affected (0.00 sec)

Query OK, 0 rows affected (0.00 sec)

Query OK, 0 rows affected (0.00 sec)

Query OK, 5510 rows affected (3.43 sec)
Records: 5510  Duplicates: 0  Warnings: 0

+----------------------+
| message              |
+----------------------+
| created temp table a |
+----------------------+
1 row in set (0.00 sec)

Query OK, 5843 rows affected (1.92 sec)
Records: 5843  Duplicates: 0  Warnings: 0

+----------------------+
| message              |
+----------------------+
| created temp table b |
+----------------------+
1 row in set (0.00 sec)

Query OK, 0 rows affected, 1 warning (0.00 sec)

Query OK, 5800 rows affected (10.72 sec)
Records: 5800  Duplicates: 0  Warnings: 0

+--------------------------------+
| message                        |
+--------------------------------+
| created rcbill_my.tempcustmxk1 |
+--------------------------------+
1 row in set (0.00 sec)

Query OK, 0 rows affected (0.00 sec)

Query OK, 0 rows affected (0.00 sec)

Query OK, 0 rows affected, 1 warning (0.00 sec)

Query OK, 5510 rows affected (1.17 sec)
Records: 5510  Duplicates: 0  Warnings: 0

+----------------+
| message        |
+----------------+
| created temp a |
+----------------+
1 row in set (0.00 sec)

Query OK, 5843 rows affected (0.57 sec)
Records: 5843  Duplicates: 0  Warnings: 0

+----------------+
| message        |
+----------------+
| created temp b |
+----------------+
1 row in set (0.00 sec)

Query OK, 0 rows affected, 1 warning (0.00 sec)

Query OK, 5933 rows affected (7.23 sec)
Records: 5933  Duplicates: 0  Warnings: 0

+--------------------------------+
| message                        |
+--------------------------------+
| created rcbill_my.tempcustmxk2 |
+--------------------------------+
1 row in set (0.00 sec)

Query OK, 0 rows affected (0.00 sec)

Query OK, 0 rows affected (0.00 sec)

Query OK, 0 rows affected, 1 warning (0.00 sec)

Query OK, 0 rows affected (0.01 sec)

Query OK, 6511 rows affected (0.29 sec)
Records: 6511  Duplicates: 0  Warnings: 0

+---------------------------------+
| message                         |
+---------------------------------+
| created rcbill_my.customers_mxk |
+---------------------------------+
1 row in set (0.00 sec)

Query OK, 0 rows affected (0.00 sec)

Query OK, 0 rows affected (0.00 sec)

Query OK, 13914 rows affected (5.45 sec)
Records: 13914  Duplicates: 0  Warnings: 0

+----------------+
| message        |
+----------------+
| created temp a |
+----------------+
1 row in set (0.00 sec)

Query OK, 19661 rows affected (2.73 sec)
Records: 19661  Duplicates: 0  Warnings: 0

+----------------+
| message        |
+----------------+
| created temp c |
+----------------+
1 row in set (0.00 sec)

Query OK, 0 rows affected, 1 warning (0.00 sec)

Query OK, 27343 rows affected (0.28 sec)
Records: 27343  Duplicates: 0  Warnings: 0

+---------------------------------+
| message                         |
+---------------------------------+
| created rcbill_my.tempcustcmts1 |
+---------------------------------+
1 row in set (0.00 sec)

Query OK, 0 rows affected (0.00 sec)

Query OK, 0 rows affected, 1 warning (0.00 sec)

Query OK, 0 rows affected (0.01 sec)

Query OK, 13914 rows affected (5.46 sec)
Records: 13914  Duplicates: 0  Warnings: 0

+----------------+
| message        |
+----------------+
| created temp a |
+----------------+
1 row in set (0.00 sec)

Query OK, 19661 rows affected (1.21 sec)
Records: 19661  Duplicates: 0  Warnings: 0

+----------------+
| message        |
+----------------+
| created temp c |
+----------------+
1 row in set (0.00 sec)

Query OK, 0 rows affected, 1 warning (0.00 sec)

Query OK, 20503 rows affected (0.27 sec)
Records: 20503  Duplicates: 0  Warnings: 0

+---------------------------------+
| message                         |
+---------------------------------+
| created rcbill_my.tempcustcmts2 |
+---------------------------------+
1 row in set (0.00 sec)

Query OK, 0 rows affected (0.01 sec)

Query OK, 0 rows affected, 1 warning (0.00 sec)

Query OK, 0 rows affected (0.00 sec)

Query OK, 0 rows affected (0.00 sec)

Query OK, 13989 rows affected (0.96 sec)
Records: 13989  Duplicates: 0  Warnings: 0

+----------------------------------+
| message                          |
+----------------------------------+
| created rcbill_my.customers_cmts |
+----------------------------------+
1 row in set (0.00 sec)

Query OK, 0 rows affected (0.00 sec)

Query OK, 0 rows affected (0.00 sec)

Query OK, 0 rows affected (0.02 sec)

Query OK, 17769 rows affected (0.98 sec)
Records: 17769  Duplicates: 0  Warnings: 0

+--------------------------------------+
| message                              |
+--------------------------------------+
| created rcbill_my.customers_cmts_mxk |
+--------------------------------------+
1 row in set (0.00 sec)

Query OK, 460824 rows affected (1 min 7.93 sec)
Records: 460824  Duplicates: 0  Warnings: 0

+----------------+
| message        |
+----------------+
| created temp a |
+----------------+
1 row in set (0.00 sec)

Query OK, 0 rows affected (0.10 sec)

Query OK, 461508 rows affected (16.94 sec)
Records: 461508  Duplicates: 0  Warnings: 0

+------------------------------------------------+
| message                                        |
+------------------------------------------------+
| created rcbill_my.customers_contracts_cmts_mxk |
+------------------------------------------------+
1 row in set (0.00 sec)

Query OK, 0 rows affected (0.25 sec)

Query OK, 0 rows affected, 1 warning (0.00 sec)

Query OK, 0 rows affected, 1 warning (0.00 sec)

Query OK, 0 rows affected (0.00 sec)

Query OK, 7944 rows affected (4.06 sec)
Rows matched: 7944  Changed: 7944  Warnings: 0

+------------------------------------------------+
| message                                        |
+------------------------------------------------+
| updated rcbill_my.customers_contracts_cmts_mxk |
+------------------------------------------------+
1 row in set (0.00 sec)

Query OK, 0 rows affected (0.04 sec)

Query OK, 1788336 rows affected (4 min 22.76 sec)
Records: 1788336  Duplicates: 0  Warnings: 0

+----------------------------------------+
| message                                |
+----------------------------------------+
| created rcbill_my.customers_collection |
+----------------------------------------+
1 row in set (0.00 sec)

Query OK, 0 rows affected (0.05 sec)

Query OK, 2061466 rows affected (2 min 14.03 sec)
Records: 2061466  Duplicates: 0  Warnings: 0

+------------------------------------------------+
| message                                        |
+------------------------------------------------+
| created rcbill_my.customers_cmts_mxk_cont_coll |
+------------------------------------------------+
1 row in set (0.00 sec)

Query OK, 0 rows affected (0.02 sec)

Query OK, 422412 rows affected (2 min 43.74 sec)
Records: 422412  Duplicates: 0  Warnings: 0

+--------------------------------------------------------+
| message                                                |
+--------------------------------------------------------+
| created rcbill_my.customers_contracts_collection_pivot |
+--------------------------------------------------------+
1 row in set (0.00 sec)

Query OK, 0 rows affected (0.02 sec)

Query OK, 39146 rows affected (2 min 25.57 sec)
Records: 39146  Duplicates: 0  Warnings: 0

+----------------------------------------------+
| message                                      |
+----------------------------------------------+
| created rcbill_my.customers_collection_pivot |
+----------------------------------------------+
1 row in set (0.00 sec)

Query OK, 0 rows affected (0.12 sec)

Query OK, 43079 rows affected (4.38 sec)
Records: 43079  Duplicates: 0  Warnings: 0

+--------------------------------------------+
| message                                    |
+--------------------------------------------+
| created rcbill_my.rep_customers_collection |
+--------------------------------------------+
1 row in set (0.00 sec)

Query OK, 0 rows affected (0.00 sec)

Query OK, 0 rows affected, 1 warning (0.00 sec)

Query OK, 429512 rows affected (23.93 sec)
Records: 429512  Duplicates: 0  Warnings: 0

+-------------------------+
| message                 |
+-------------------------+
| created rcbill_my.tempa |
+-------------------------+
1 row in set (0.00 sec)

Query OK, 0 rows affected, 1 warning (0.00 sec)

Query OK, 422412 rows affected (59.69 sec)
Records: 422412  Duplicates: 0  Warnings: 0

+-------------------------+
| message                 |
+-------------------------+
| created rcbill_my.tempb |
+-------------------------+
1 row in set (0.00 sec)

Query OK, 429512 rows affected (43.88 sec)
Records: 429512  Duplicates: 0  Warnings: 0

+-----------+
| message   |
+-----------+
| created a |
+-----------+
1 row in set (0.00 sec)

Query OK, 422425 rows affected (37.65 sec)
Records: 422425  Duplicates: 0  Warnings: 0

+-----------+
| message   |
+-----------+
| created b |
+-----------+
1 row in set (0.00 sec)

Query OK, 0 rows affected (0.02 sec)

Query OK, 0 rows affected (0.02 sec)

Query OK, 0 rows affected (0.33 sec)

Query OK, 465812 rows affected (52.62 sec)
Records: 465812  Duplicates: 0  Warnings: 0

+----------------------------------------------+
| message                                      |
+----------------------------------------------+
| created rcbill_my.cust_cont_payment_cmts_mxk |
+----------------------------------------------+
1 row in set (0.00 sec)

Query OK, 0 rows affected (0.02 sec)

Query OK, 0 rows affected (0.01 sec)

Query OK, 0 rows affected, 1 warning (0.00 sec)

Query OK, 0 rows affected (0.01 sec)

Query OK, 43079 rows affected (20.79 sec)
Records: 43079  Duplicates: 0  Warnings: 0

+--------------------------------------------------+
| message                                          |
+--------------------------------------------------+
| created rcbill_my.rep_cust_cont_payment_cmts_mxk |
+--------------------------------------------------+
1 row in set (0.00 sec)

Query OK, 0 rows affected, 1 warning (0.00 sec)

Query OK, 0 rows affected, 1 warning (0.00 sec)

Query OK, 0 rows affected (0.07 sec)

Query OK, 43079 rows affected, 5 warnings (11.04 sec)
Records: 43079  Duplicates: 0  Warnings: 5

+----------------------+
| rep_custconsolidated |
+----------------------+
|                43079 |
+----------------------+
1 row in set (0.74 sec)

Query OK, 0 rows affected (0.00 sec)

Query OK, 0 rows affected (0.02 sec)

+----------------------------------------------+
| message                                      |
+----------------------------------------------+
| creating rcbill_my.retentioncustomeractivity |
+----------------------------------------------+
1 row in set (0.00 sec)

Query OK, 845 rows affected (0.09 sec)
Records: 845  Duplicates: 0  Warnings: 0

+---------------------------+
| retentioncustomeractivity |
+---------------------------+
|                       845 |
+---------------------------+
1 row in set (0.00 sec)

+-----------+------------------------------------+------------+-------------+-----------------+------------------+---------------------+-------------------+
| HFC_NODE  | NODENAME                           | CMTS_DATE  | INSERTED_ON | UNIQUE_ACCOUNTS | UNIQUE_CONTRACTS | UNIQUE_MAC_INRCBOSS | UNIQUE_MAC_INCMTS |
+-----------+------------------------------------+------------+-------------+-----------------+------------------+---------------------+-------------------+
| NULL      | NULL                               | NULL       | 2020-01-22  |            6516 |             6845 |                6875 |                 0 |
| C5/0/0/U0 | ANSE-BOILEAU-2                     | 2020-01-06 | 2020-01-22  |             170 |              177 |                 170 |               171 |
| C5/0/0/U1 | 500-C3-ANSE-BOILEAU                | 2020-01-06 | 2020-01-22  |             179 |              181 |                 179 |               179 |
| C5/0/1/U0 | 501-C4-LA-MISIERE-LEFT-I           | 2020-01-06 | 2020-01-22  |             148 |              155 |                 148 |               150 |
| C5/0/1/U1 | 501-C5-LA-MISIERE-RIGHT            | 2020-01-06 | 2020-01-22  |              99 |              102 |                  99 |               100 |
| C5/0/1/U2 | 501-C7-LA-MISIERE-LEFT-II          | 2020-01-06 | 2020-01-22  |             146 |              153 |                 147 |               147 |
| C5/0/2/U0 | 502-C8-LA-LOUISE                   | 2020-01-06 | 2020-01-22  |             139 |              143 |                 139 |               143 |
| C5/0/2/U1 | LA-LOUISE-2                        | 2020-01-06 | 2020-01-22  |             131 |              131 |                 131 |               132 |
| C5/0/3/U0 | 504-C6-PETIT-PARIS                 | 2020-01-06 | 2020-01-22  |             158 |              162 |                 158 |               159 |
| C5/0/3/U1 | PETIT-PARIS-23                     | 2020-01-06 | 2020-01-22  |              76 |               79 |                  76 |                77 |
| C5/0/4/U0 | FOUR-SEASONS                       | 2020-01-06 | 2020-01-22  |               3 |                4 |                   4 |                 4 |
| C5/0/4/U1 | ANCHOR-CAFE-I                      | 2020-01-06 | 2020-01-22  |             146 |              149 |                 146 |               149 |
| C5/0/4/U2 | ANCHOR-CAFE-II                     | 2020-01-06 | 2020-01-22  |             142 |              146 |                 143 |               144 |
| C5/1/0/U0 | POINTE-LARUE-AIRPORT-23            | 2020-01-06 | 2020-01-22  |              52 |               55 |                  53 |                56 |
| C5/1/0/U1 | PPROVIDENCE-23                     | 2020-01-06 | 2020-01-22  |              21 |               24 |                  22 |                22 |
| C5/1/0/U2 | ROSHE-CAIMAN-23                    | 2020-01-06 | 2020-01-22  |               8 |                8 |                   8 |                 8 |
| C5/1/0/U3 | HEAD-OFFICE | HO-23                | 2020-01-06 | 2020-01-22  |              20 |               20 |                  20 |                20 |
| C5/1/1/U1 | C5-UNION-VALE                      | 2020-01-06 | 2020-01-22  |             186 |              192 |                 186 |               186 |
| C5/1/3/U0 | POINTE-LARUE-AIRPORT-27            | 2020-01-06 | 2020-01-22  |             171 |              176 |                 171 |               173 |
| C5/1/3/U1 | PPROVIDENCE-27                     | 2020-01-06 | 2020-01-22  |              27 |               27 |                  27 |                27 |
| C5/1/3/U2 | ROSHE-CAIMAN-27                    | 2020-01-06 | 2020-01-22  |              33 |               34 |                  32 |                32 |
| C5/1/3/U3 | HEAD-OFFICE | HO-27                | 2020-01-06 | 2020-01-22  |              18 |               19 |                  18 |                18 |
| C5/1/4/U0 | ANSE-ROYALE-27                     | 2020-01-06 | 2020-01-22  |              86 |               89 |                  86 |                87 |
| C5/1/4/U1 | GLACIS-2-57                        | 2020-01-06 | 2020-01-22  |              93 |               96 |                  93 |                95 |
| C5/1/4/U2 | NULL                               | 2020-01-06 | 2020-01-22  |              93 |               94 |                  93 |                93 |
| C5/1/4/U3 | GLACIS-1                           | 2020-01-06 | 2020-01-22  |              47 |               52 |                  47 |                48 |
| C6/0/1/U0 | SERRET-ROAD-RIGHT/CURIO/PASCAL     | 2020-01-06 | 2020-01-22  |             122 |              124 |                 122 |               122 |
| C6/0/1/U1 | SERRET-ROAD-LEFT/ST.LOUIS/TOWN     | 2020-01-06 | 2020-01-22  |             131 |              136 |                 131 |               134 |
| C6/0/1/U2 | SERRET-ROAD-RIGHT/CURIO/PASCAL-2   | 2020-01-06 | 2020-01-22  |             113 |              114 |                 113 |               113 |
| C6/0/1/U3 | SERRET-ROAD-LEFT/ST.LOUIS/TOWN-2   | 2020-01-06 | 2020-01-22  |             127 |              130 |                 127 |               128 |
| C6/0/2/U0 | SANS-SOUCIS-I                      | 2020-01-06 | 2020-01-22  |              85 |               88 |                  85 |                87 |
| C6/0/2/U1 | SANS-SOUCIS-II                     | 2020-01-06 | 2020-01-22  |             132 |              137 |                 132 |               136 |
| C6/0/2/U2 | BEL-AIR-27                         | 2020-01-06 | 2020-01-22  |              97 |               99 |                  97 |               101 |
| C6/0/2/U3 | BEL-AIR-38                         | 2020-01-06 | 2020-01-22  |              99 |              104 |                  99 |               101 |
| C6/0/3/U0 | LES-MAMELLES-23                    | 2020-01-06 | 2020-01-22  |              51 |               51 |                  51 |                51 |
| C6/0/3/U1 | VICTORIA-23                        | 2020-01-06 | 2020-01-22  |              12 |               12 |                  12 |                13 |
| C6/0/4/U0 | LES-MAMELLES-27                    | 2020-01-06 | 2020-01-22  |              87 |               87 |                  87 |                87 |
| C6/0/4/U1 | VICTORIA-27                        | 2020-01-06 | 2020-01-22  |              34 |               36 |                  35 |                37 |
| C7/1/0/U0 | LA-RETRAITE-23                     | 2020-01-06 | 2020-01-22  |             111 |              113 |                 112 |               114 |
| C7/1/0/U1 | TEA-FACTORY-23                     | 2020-01-06 | 2020-01-22  |              26 |               33 |                  28 |                28 |
| C7/1/0/U2 | PAS-23                             | 2020-01-06 | 2020-01-22  |             127 |              130 |                 128 |               128 |
| C7/1/1/U0 | REEF-ESTATE-23                     | 2020-01-06 | 2020-01-22  |              77 |               79 |                  77 |                78 |
| C7/1/1/U1 | BEL-OMBRE-NEW-23                   | 2020-01-06 | 2020-01-22  |               1 |                1 |                   1 |                 2 |
| C7/1/2/U0 | LA-RETRAITE-27                     | 2020-01-06 | 2020-01-22  |              81 |               85 |                  81 |                81 |
| C7/1/2/U1 | TEA-FACTORY-27                     | 2020-01-06 | 2020-01-22  |              21 |               24 |                  22 |                24 |
| C7/1/2/U2 | PAS-27                             | 2020-01-06 | 2020-01-22  |              72 |               75 |                  72 |                74 |
| C7/1/3/U0 | MT-BUXTON-27                       | 2020-01-06 | 2020-01-22  |             156 |              159 |                 156 |               156 |
| C7/1/3/U1 | MT-BUXTON-23                       | 2020-01-06 | 2020-01-22  |              71 |               73 |                  71 |                71 |
| C7/1/4/U0 | REEF-ESTATE-27                     | 2020-01-06 | 2020-01-22  |              79 |               79 |                  79 |                79 |
| C7/1/4/U1 | BEL-OMBRE-NEW-27                   | 2020-01-06 | 2020-01-22  |               4 |                4 |                   4 |                 4 |
| C8/0/0/U0 | POLICE-ACADEMY-1-27 - POINTE LARUE | 2020-01-06 | 2020-01-22  |             181 |              181 |                 181 |               182 |
| C8/0/0/U1 | NULL                               | 2020-01-06 | 2020-01-22  |             115 |              120 |                 116 |               116 |
| C8/0/1/U0 | NULL                               | 2020-01-06 | 2020-01-22  |             182 |              185 |                 181 |               182 |
| C8/0/1/U1 | POLICE-ACADEMY-2-27 - TURTLE BAY   | 2020-01-06 | 2020-01-22  |             141 |              143 |                 142 |               145 |
| C8/0/2/U0 | BEAU-VALLON-LEFT-1-57              | 2020-01-06 | 2020-01-22  |              60 |               62 |                  61 |                62 |
| C8/0/3/U1 | BEAU-VALLON-RIGHT-2-57             | 2020-01-06 | 2020-01-22  |             148 |              155 |                 148 |               150 |
| C8/1/0/U0 | MA-JOIE-NODE-27                    | 2020-01-06 | 2020-01-22  |             111 |              115 |                 110 |               110 |
| C8/1/0/U1 | BELONIE-27                         | 2020-01-06 | 2020-01-22  |             149 |              152 |                 148 |               150 |
| C8/1/0/U3 | MA-JOIE-NODE-23                    | 2020-01-06 | 2020-01-22  |             107 |              107 |                 107 |               107 |
| C8/1/1/U0 | 611-C1-ROJN I                      | 2020-01-06 | 2020-01-22  |             111 |              112 |                 111 |               115 |
| C8/1/1/U1 | 611-C5-ROJN II                     | 2020-01-06 | 2020-01-22  |             123 |              124 |                 123 |               124 |
| C8/1/2/U0 | 612-C2-ANSE-ETOILE                 | 2020-01-06 | 2020-01-22  |             161 |              166 |                 161 |               161 |
| C8/1/2/U1 | ANSE-ETOILE-U2                     | 2020-01-06 | 2020-01-22  |              69 |               70 |                  69 |                69 |
| C8/1/3/U0 | 613-C3-ANSE-GAULETTE I             | 2020-01-06 | 2020-01-22  |              65 |               72 |                  65 |                66 |
| C8/1/3/U1 | 613-C7-ANSE-GAULETTE II            | 2020-01-06 | 2020-01-22  |              71 |               74 |                  71 |                72 |
| C8/1/3/U2 | 613-C3-ANSE-GAULETTE III           | 2020-01-06 | 2020-01-22  |              31 |               33 |                  31 |                31 |
| C8/1/3/U3 | TAKAMAKA I                         | 2020-01-06 | 2020-01-22  |             104 |              107 |                 104 |               105 |
| C8/1/3/U4 | TAKAMAKA II                        | 2020-01-06 | 2020-01-22  |              96 |               97 |                  96 |                96 |
| C8/1/4/U0 | 614-BEOLIERE-NODE-1                | 2020-01-06 | 2020-01-22  |             108 |              111 |                 108 |               112 |
| C8/1/4/U1 | 614-BEOLIERE-NODE-2                | 2020-01-06 | 2020-01-22  |             100 |              103 |                 100 |               102 |
+-----------+------------------------------------+------------+-------------+-----------------+------------------+---------------------+-------------------+
70 rows in set (0.21 sec)

+------------------+------------+-------------+-----------------+------------------+----------------------+-------------------+
| MXK_NAME         | MXK_DATE   | INSERTED_ON | UNIQUE_ACCOUNTS | UNIQUE_CONTRACTS | UNIQUE_FSAN_INRCBOSS | UNIQUE_FSAN_INMXK |
+------------------+------------+-------------+-----------------+------------------+----------------------+-------------------+
| NULL             | NULL       | 2020-01-22  |             564 |              575 |                  563 |                 0 |
| MXK-ANSEETOILE   | 2020-01-06 | 2020-01-22  |             211 |              214 |                  214 |               228 |
| MXK-ANSEROYALE   | 2020-01-06 | 2020-01-22  |             147 |              147 |                  147 |               166 |
| MXK-BEAUVALLON   | 2020-01-06 | 2020-01-22  |            1442 |             1462 |                 1454 |              1537 |
| MXK-MAHE         | 2020-01-06 | 2020-01-22  |             924 |              952 |                  887 |              1124 |
| MXK-PERSEVERANCE | 2020-01-06 | 2020-01-22  |            1007 |             1014 |                 1013 |              1159 |
| MXK-PRASLIN      | 2020-01-06 | 2020-01-22  |            1212 |             1216 |                 1208 |              1357 |
+------------------+------------+-------------+-----------------+------------------+----------------------+-------------------+
7 rows in set (0.12 sec)

mysql> mysql \. C:\workspace\cloud\code\sql\_DailyScript\currenttime.sql
+---------------------+
| currenttime         |
+---------------------+
| 2020-01-22 09:08:18 |
+---------------------+
1 row in set (0.00 sec)

mysql> 
mysql> 
mysql> mysql \. C:\workspace\cloud\code\sql\Analysis\service_tickets_assignments.sql
Query OK, 0 rows affected (0.01 sec)

Query OK, 5429 rows affected (5.82 sec)
Records: 5429  Duplicates: 0  Warnings: 0

+-------------------------+
| rep_servicetickets_2020 |
+-------------------------+
|                    5429 |
+-------------------------+
1 row in set (0.01 sec)

mysql> mysql \. C:\workspace\cloud\code\sql\_DailyScript\currenttime.sql
+---------------------+
| currenttime         |
+---------------------+
| 2020-01-22 09:08:24 |
+---------------------+
1 row in set (0.00 sec)

mysql> 
mysql> 
mysql> exit
