    -> 
    -> mysql \. C:\workspace\cloud\code\sql\_DailyScript\_setdates.sql
Database changed
Query OK, 0 rows affected (0.00 sec)

Query OK, 0 rows affected (0.00 sec)

Query OK, 0 rows affected (0.00 sec)

Query OK, 0 rows affected (0.00 sec)

Query OK, 0 rows affected (0.00 sec)

Query OK, 0 rows affected (0.00 sec)

Query OK, 0 rows affected (0.00 sec)

Query OK, 0 rows affected (0.00 sec)

mysql> mysql \. C:\workspace\cloud\code\sql\_DailyScript\currenttime.sql
+---------------------+
| currenttime         |
+---------------------+
| 2019-02-08 08:56:27 |
+---------------------+
1 row in set (0.00 sec)

mysql> 
mysql> mysql \. C:\workspace\cloud\code\sql\_DailyScript\load_RCB_VODTITLES.sql
Database changed
Query OK, 0 rows affected (0.00 sec)

Query OK, 2596 rows affected (0.18 sec)

Query OK, 2598 rows affected, 2598 warnings (0.10 sec)
Records: 2598  Deleted: 0  Skipped: 0  Warnings: 2598

Query OK, 0 rows affected (0.00 sec)

Query OK, 2 rows affected (0.15 sec)

+-----------+
| VODTITLES |
+-----------+
|      3057 |
+-----------+
1 row in set (0.00 sec)

+-----------+-----------+
| titletype | typecount |
+-----------+-----------+
| E         |      1728 |
| N         |         1 |
| T         |       867 |
| NULL      |      2596 |
+-----------+-----------+
4 rows in set (0.00 sec)

mysql> mysql \. C:\workspace\cloud\code\sql\_DailyScript\currenttime.sql
+---------------------+
| currenttime         |
+---------------------+
| 2019-02-08 08:56:27 |
+---------------------+
1 row in set (0.00 sec)

mysql> 
mysql> mysql \. C:\workspace\cloud\code\sql\_DailyScript\DAILY-SCRIPT-LIVETV-STATS.sql
Database changed
Query OK, 0 rows affected (0.24 sec)

Query OK, 58533 rows affected (2 min 53.18 sec)
Records: 58533  Duplicates: 0  Warnings: 0

+------------+------------+----------+--------------+--------------+-----------+-------------+----------+--------+------+------------+---------+---------------+
| Table      | Non_unique | Key_name | Seq_in_index | Column_name  | Collation | Cardinality | Sub_part | Packed | Null | Index_type | Comment | Index_comment |
+------------+------------+----------+--------------+--------------+-----------+-------------+----------+--------+------+------------+---------+---------------+
| templivetv |          1 | idxtv1   |            1 | device       | A         |       58939 |     NULL | NULL   | YES  | BTREE      |         |               |
| templivetv |          1 | idxtv2   |            1 | sessionstart | A         |       58939 |     NULL | NULL   | YES  | BTREE      |         |               |
+------------+------------+----------+--------------+--------------+-----------+-------------+----------+--------+------+------------+---------+---------------+
2 rows in set (0.00 sec)

Query OK, 58414 rows affected (44.65 sec)
Records: 58414  Duplicates: 0  Warnings: 0

Query OK, 2715 rows affected (0.66 sec)
Records: 2715  Duplicates: 0  Warnings: 0

Query OK, 0 rows affected (0.00 sec)

Query OK, 0 rows affected (0.00 sec)

Query OK, 142 rows affected (0.05 sec)
Records: 142  Duplicates: 0  Warnings: 0

Query OK, 0 rows affected (0.01 sec)

Query OK, 56915 rows affected (3 min 8.42 sec)
Records: 56915  Duplicates: 0  Warnings: 0

+-----------------+
| rep_livetvstats |
+-----------------+
|           56915 |
+-----------------+
1 row in set (0.04 sec)

mysql> mysql \. C:\workspace\cloud\code\sql\_DailyScript\currenttime.sql
+---------------------+
| currenttime         |
+---------------------+
| 2019-02-08 09:03:14 |
+---------------------+
1 row in set (0.00 sec)

mysql> 
mysql> mysql \. C:\workspace\cloud\code\sql\_DailyScript\DAILY-SCRIPT-VODTS-STATS.sql
Database changed
Query OK, 0 rows affected (0.05 sec)

Query OK, 1602 rows affected (6.78 sec)
Records: 1602  Duplicates: 0  Warnings: 0

+---------+------------+----------+--------------+--------------+-----------+-------------+----------+--------+------+------------+---------+---------------+
| Table   | Non_unique | Key_name | Seq_in_index | Column_name  | Collation | Cardinality | Sub_part | Packed | Null | Index_type | Comment | Index_comment |
+---------+------------+----------+--------------+--------------+-----------+-------------+----------+--------+------+------------+---------+---------------+
| tempvod |          1 | idxtvod1 |            1 | device       | A         |        1651 |     NULL | NULL   | YES  | BTREE      |         |               |
| tempvod |          1 | idxtvod2 |            1 | sessionstart | A         |        1651 |     NULL | NULL   | YES  | BTREE      |         |               |
+---------+------------+----------+--------------+--------------+-----------+-------------+----------+--------+------+------------+---------+---------------+
2 rows in set (0.00 sec)

Query OK, 1602 rows affected (1.12 sec)
Records: 1602  Duplicates: 0  Warnings: 0

Query OK, 0 rows affected (0.00 sec)

Query OK, 138342 rows affected (14.05 sec)
Records: 138342  Duplicates: 0  Warnings: 0

+--------------+
| rep_vodstats |
+--------------+
|       138342 |
+--------------+
1 row in set (0.06 sec)

Database changed
Query OK, 0 rows affected (0.00 sec)

Query OK, 11617 rows affected (56.98 sec)
Records: 11617  Duplicates: 0  Warnings: 0

+--------+------------+----------+--------------+--------------+-----------+-------------+----------+--------+------+------------+---------+---------------+
| Table  | Non_unique | Key_name | Seq_in_index | Column_name  | Collation | Cardinality | Sub_part | Packed | Null | Index_type | Comment | Index_comment |
+--------+------------+----------+--------------+--------------+-----------+-------------+----------+--------+------+------------+---------+---------------+
| tempts |          1 | idxtts1  |            1 | device       | A         |       11754 |     NULL | NULL   | YES  | BTREE      |         |               |
| tempts |          1 | idxtts2  |            1 | sessionstart | A         |       11754 |     NULL | NULL   | YES  | BTREE      |         |               |
+--------+------------+----------+--------------+--------------+-----------+-------------+----------+--------+------+------------+---------+---------------+
2 rows in set (0.00 sec)

Query OK, 11546 rows affected (10.19 sec)
Records: 11546  Duplicates: 0  Warnings: 0

Query OK, 0 rows affected (0.03 sec)

Query OK, 15820 rows affected (1 min 6.75 sec)
Records: 15820  Duplicates: 0  Warnings: 0

+-------------+
| rep_tsstats |
+-------------+
|       15820 |
+-------------+
1 row in set (0.01 sec)

mysql> mysql \. C:\workspace\cloud\code\sql\_DailyScript\currenttime.sql
+---------------------+
| currenttime         |
+---------------------+
| 2019-02-08 09:05:50 |
+---------------------+
1 row in set (0.00 sec)

mysql> 
mysql> mysql \. C:\workspace\cloud\code\sql\_DailyScript\DAILY-SCRIPT-RADIO-STATS.sql
Database changed
Query OK, 0 rows affected (0.05 sec)

Query OK, 121065 rows affected (2.64 sec)
Records: 121065  Duplicates: 0  Warnings: 0

+-----------+------------+----------+--------------+--------------+-----------+-------------+----------+--------+------+------------+---------+---------------+
| Table     | Non_unique | Key_name | Seq_in_index | Column_name  | Collation | Cardinality | Sub_part | Packed | Null | Index_type | Comment | Index_comment |
+-----------+------------+----------+--------------+--------------+-----------+-------------+----------+--------+------+------------+---------+---------------+
| tempradio |          1 | idxtrad1 |            1 | device       | A         |      121347 |     NULL | NULL   | YES  | BTREE      |         |               |
| tempradio |          1 | idxtrad2 |            1 | sessionstart | A         |      121347 |     NULL | NULL   | YES  | BTREE      |         |               |
+-----------+------------+----------+--------------+--------------+-----------+-------------+----------+--------+------+------------+---------+---------------+
2 rows in set (0.00 sec)

Query OK, 221 rows affected (1.28 sec)
Records: 221  Duplicates: 0  Warnings: 0

Query OK, 0 rows affected (0.00 sec)

Query OK, 2187 rows affected (0.21 sec)
Records: 2187  Duplicates: 0  Warnings: 0

+----------------+
| rep_radiostats |
+----------------+
|           2187 |
+----------------+
1 row in set (0.00 sec)

mysql> mysql \. C:\workspace\cloud\code\sql\_DailyScript\currenttime.sql
+---------------------+
| currenttime         |
+---------------------+
| 2019-02-08 09:05:55 |
+---------------------+
1 row in set (0.00 sec)

mysql> 
mysql> mysql \. C:\workspace\cloud\code\sql\_DailyScript\DAILY_SCRIPT_TELEMETRY_PIVOT.sql
Query OK, 0 rows affected (0.02 sec)

Query OK, 146 rows affected (0.28 sec)
Records: 146  Duplicates: 0  Warnings: 0

Query OK, 0 rows affected (0.02 sec)

Query OK, 2030 rows affected (0.79 sec)
Records: 2030  Duplicates: 0  Warnings: 0

Query OK, 0 rows affected (0.02 sec)

Query OK, 6 rows affected (0.02 sec)
Records: 6  Duplicates: 0  Warnings: 0

Query OK, 0 rows affected (0.08 sec)

Query OK, 37 rows affected (0.02 sec)
Records: 37  Duplicates: 0  Warnings: 0

mysql> mysql \. C:\workspace\cloud\code\sql\_DailyScript\currenttime.sql
+---------------------+
| currenttime         |
+---------------------+
| 2019-02-08 09:05:56 |
+---------------------+
1 row in set (0.00 sec)

mysql> 
mysql> mysql \. C:\workspace\cloud\code\sql\_DailyScript\telemetry_livetv_ranking2019.sql
Query OK, 0 rows affected (0.00 sec)

Query OK, 146 rows affected (0.01 sec)
Records: 146  Duplicates: 0  Warnings: 0

mysql> mysql \. C:\workspace\cloud\code\sql\_DailyScript\currenttime.sql
+---------------------+
| currenttime         |
+---------------------+
| 2019-02-08 09:05:56 |
+---------------------+
1 row in set (0.00 sec)

mysql> 
mysql> mysql \. C:\workspace\cloud\code\sql\_DailyScript\telemetry_radio_ranking2019.sql
Query OK, 0 rows affected (0.00 sec)

Query OK, 6 rows affected (0.03 sec)
Records: 6  Duplicates: 0  Warnings: 0

mysql> mysql \. C:\workspace\cloud\code\sql\_DailyScript\currenttime.sql
+---------------------+
| currenttime         |
+---------------------+
| 2019-02-08 09:05:56 |
+---------------------+
1 row in set (0.00 sec)

mysql> 
mysql> mysql \. C:\workspace\cloud\code\sql\_DailyScript\telemetry_ts_ranking2019.sql
Query OK, 0 rows affected (0.00 sec)

Query OK, 37 rows affected (0.02 sec)
Records: 37  Duplicates: 0  Warnings: 0

mysql> mysql \. C:\workspace\cloud\code\sql\_DailyScript\currenttime.sql
+---------------------+
| currenttime         |
+---------------------+
| 2019-02-08 09:05:56 |
+---------------------+
1 row in set (0.00 sec)

mysql> 
mysql> mysql \. C:\workspace\cloud\code\sql\_DailyScript\telemetry_vod_ranking2019.sql
Query OK, 0 rows affected (0.00 sec)

Query OK, 2030 rows affected (0.10 sec)
Records: 2030  Duplicates: 0  Warnings: 0

mysql> mysql \. C:\workspace\cloud\code\sql\_DailyScript\currenttime.sql
+---------------------+
| currenttime         |
+---------------------+
| 2019-02-08 09:05:56 |
+---------------------+
1 row in set (0.00 sec)

mysql> 
mysql> mysql \. C:\workspace\cloud\code\sql\_DailyScript\telemetry_vod_ranking2019_1.sql
Query OK, 0 rows affected (0.00 sec)

Query OK, 2030 rows affected (0.05 sec)
Records: 2030  Duplicates: 0  Warnings: 0

mysql> mysql \. C:\workspace\cloud\code\sql\_DailyScript\currenttime.sql
+---------------------+
| currenttime         |
+---------------------+
| 2019-02-08 09:05:56 |
+---------------------+
1 row in set (0.00 sec)

mysql> 
mysql> mysql \. C:\workspace\cloud\code\sql\_DailyScript\telemetry_vod_ranking2019_2.sql
Query OK, 0 rows affected (0.32 sec)

Query OK, 2030 rows affected (0.07 sec)
Records: 2030  Duplicates: 0  Warnings: 0

mysql> mysql \. C:\workspace\cloud\code\sql\_DailyScript\currenttime.sql
+---------------------+
| currenttime         |
+---------------------+
| 2019-02-08 09:05:57 |
+---------------------+
1 row in set (0.00 sec)

mysql> 
mysql> mysql \. C:\workspace\cloud\code\sql\_DailyScript\DAILY-SCRIPT-CREATE-LOAD.sql
Database changed
Database changed
Query OK, 0 rows affected (0.05 sec)

Query OK, 0 rows affected (0.02 sec)

Database changed
Query OK, 64880 rows affected (3.36 sec)
Records: 64880  Deleted: 0  Skipped: 0  Warnings: 0

Query OK, 0 rows affected (0.20 sec)
Records: 0  Duplicates: 0  Warnings: 0

Query OK, 0 rows affected (0.30 sec)
Records: 0  Duplicates: 0  Warnings: 0

Query OK, 0 rows affected (0.75 sec)
Records: 0  Duplicates: 0  Warnings: 0

Query OK, 0 rows affected (0.27 sec)
Records: 0  Duplicates: 0  Warnings: 0

+---------+
| clients |
+---------+
|   64880 |
+---------+
1 row in set (0.02 sec)

Query OK, 0 rows affected (0.00 sec)

Query OK, 1574 rows affected (0.38 sec)
Records: 1574  Duplicates: 0  Warnings: 0

+-------------------+
| rcb_clientparcels |
+-------------------+
|              1574 |
+-------------------+
1 row in set (0.00 sec)

Query OK, 0 rows affected (0.05 sec)

Query OK, 83913 rows affected (4.35 sec)
Records: 83913  Duplicates: 0  Warnings: 0

Query OK, 0 rows affected (0.33 sec)
Records: 0  Duplicates: 0  Warnings: 0

Query OK, 0 rows affected (0.03 sec)

Query OK, 64880 rows affected (3.21 sec)
Records: 64880  Duplicates: 0  Warnings: 0

Query OK, 0 rows affected (0.22 sec)
Records: 0  Duplicates: 0  Warnings: 0

Query OK, 0 rows affected (0.25 sec)
Records: 0  Duplicates: 0  Warnings: 0

Query OK, 0 rows affected (0.32 sec)
Records: 0  Duplicates: 0  Warnings: 0

+---------------+
| clientaddress |
+---------------+
|         64880 |
+---------------+
1 row in set (0.03 sec)

Database changed
Query OK, 0 rows affected (0.07 sec)

Query OK, 0 rows affected (0.00 sec)

Database changed
Query OK, 464878 rows affected, 65535 warnings (18.00 sec)
Records: 464878  Deleted: 0  Skipped: 0  Warnings: 178131

Query OK, 0 rows affected (1.75 sec)
Records: 0  Duplicates: 0  Warnings: 0

Query OK, 0 rows affected (3.14 sec)
Records: 0  Duplicates: 0  Warnings: 0

Query OK, 0 rows affected (1.64 sec)
Records: 0  Duplicates: 0  Warnings: 0

Query OK, 0 rows affected (0.13 sec)

Query OK, 464878 rows affected (55.14 sec)
Records: 464878  Duplicates: 0  Warnings: 0

Query OK, 0 rows affected (2.44 sec)
Records: 0  Duplicates: 0  Warnings: 0

Query OK, 0 rows affected (2.17 sec)
Records: 0  Duplicates: 0  Warnings: 0

+-----------+
| contracts |
+-----------+
|    464878 |
+-----------+
1 row in set (0.18 sec)

+-----------------+
| contractaddress |
+-----------------+
|          464878 |
+-----------------+
1 row in set (0.17 sec)

Database changed
Query OK, 0 rows affected (0.02 sec)

Query OK, 0 rows affected (0.00 sec)

Query OK, 6443 rows affected (0.12 sec)
Records: 6443  Deleted: 0  Skipped: 0  Warnings: 0

Query OK, 0 rows affected (0.02 sec)

Query OK, 6413 rows affected (0.43 sec)
Records: 6413  Duplicates: 0  Warnings: 0

Query OK, 0 rows affected (0.05 sec)
Records: 0  Duplicates: 0  Warnings: 0

Query OK, 0 rows affected (0.04 sec)

Query OK, 5290 rows affected (0.05 sec)
Records: 5290  Duplicates: 0  Warnings: 0

Query OK, 0 rows affected (0.03 sec)
Records: 0  Duplicates: 0  Warnings: 0

+-------------------+
| contractdiscounts |
+-------------------+
|              6443 |
+-------------------+
1 row in set (0.00 sec)

+-------------------------+
| clientcontractdiscounts |
+-------------------------+
|                    6413 |
+-------------------------+
1 row in set (0.00 sec)

+----------------------------+
| clientcontractlastdiscount |
+----------------------------+
|                       5290 |
+----------------------------+
1 row in set (0.01 sec)

Database changed
Query OK, 0 rows affected (0.32 sec)

Query OK, 0 rows affected (0.01 sec)

Database changed
Query OK, 126467 rows affected (2.94 sec)
Records: 126467  Deleted: 0  Skipped: 0  Warnings: 0

Query OK, 0 rows affected (0.28 sec)
Records: 0  Duplicates: 0  Warnings: 0

Query OK, 0 rows affected (0.60 sec)
Records: 0  Duplicates: 0  Warnings: 0

Query OK, 0 rows affected (0.32 sec)
Records: 0  Duplicates: 0  Warnings: 0

Query OK, 0 rows affected (0.30 sec)
Records: 0  Duplicates: 0  Warnings: 0

Query OK, 0 rows affected (0.77 sec)
Records: 0  Duplicates: 0  Warnings: 0

Query OK, 0 rows affected (0.56 sec)
Records: 0  Duplicates: 0  Warnings: 0

Query OK, 0 rows affected (0.07 sec)

Query OK, 1586702 rows affected (2 min 37.82 sec)
Records: 1586702  Duplicates: 0  Warnings: 0

+---------+
| devices |
+---------+
|  126467 |
+---------+
1 row in set (0.33 sec)

+-----------------------+
| clientcontractdevices |
+-----------------------+
|               1586702 |
+-----------------------+
1 row in set (0.68 sec)

Query OK, 0 rows affected (0.01 sec)

Query OK, 126382 rows affected (7.74 sec)
Records: 126382  Duplicates: 0  Warnings: 0

+---------------------------+
| rep_clientcontractdevices |
+---------------------------+
|                    126382 |
+---------------------------+
1 row in set (0.03 sec)

Database changed
Query OK, 0 rows affected (0.16 sec)

Query OK, 0 rows affected (0.01 sec)

Query OK, 234530 rows affected (8.43 sec)
Records: 234530  Deleted: 0  Skipped: 0  Warnings: 0

Query OK, 0 rows affected (1.05 sec)
Records: 0  Duplicates: 0  Warnings: 0

Query OK, 0 rows affected (0.61 sec)
Records: 0  Duplicates: 0  Warnings: 0

Query OK, 0 rows affected (0.60 sec)
Records: 0  Duplicates: 0  Warnings: 0

Query OK, 0 rows affected (0.63 sec)
Records: 0  Duplicates: 0  Warnings: 0

+---------+
| tickets |
+---------+
|  234530 |
+---------+
1 row in set (0.08 sec)

Database changed
Query OK, 0 rows affected (0.01 sec)

Query OK, 0 rows affected (0.07 sec)

Empty set (0.00 sec)

Query OK, 0 rows affected (0.02 sec)
Records: 0  Duplicates: 0  Warnings: 0

Query OK, 305 rows affected, 2 warnings (0.01 sec)
Records: 305  Deleted: 0  Skipped: 0  Warnings: 2

+-----------------+
| tickettechusers |
+-----------------+
|             305 |
+-----------------+
1 row in set (0.00 sec)

Database changed
Query OK, 0 rows affected (0.02 sec)

Query OK, 0 rows affected (0.02 sec)

Query OK, 0 rows affected (0.01 sec)
Records: 0  Duplicates: 0  Warnings: 0

Query OK, 478947 rows affected, 40982 warnings (10.66 sec)
Records: 478947  Deleted: 0  Skipped: 0  Warnings: 40982

+-------------------+
| ticketassignments |
+-------------------+
|            478947 |
+-------------------+
1 row in set (0.17 sec)

Database changed
Query OK, 0 rows affected (0.05 sec)

Query OK, 0 rows affected (0.00 sec)

Query OK, 1008222 rows affected (16.47 sec)
Records: 1008222  Deleted: 0  Skipped: 0  Warnings: 0

Query OK, 0 rows affected (4.36 sec)
Records: 0  Duplicates: 0  Warnings: 0

Query OK, 0 rows affected (2.99 sec)
Records: 0  Duplicates: 0  Warnings: 0

Query OK, 0 rows affected (2.81 sec)
Records: 0  Duplicates: 0  Warnings: 0

Query OK, 0 rows affected (3.18 sec)
Records: 0  Duplicates: 0  Warnings: 0

+----------------+
| ticketcomments |
+----------------+
|        1008222 |
+----------------+
1 row in set (0.35 sec)

Database changed
Query OK, 0 rows affected (0.05 sec)

Query OK, 0 rows affected (0.02 sec)

Query OK, 391621 rows affected (41.42 sec)
Records: 391621  Deleted: 0  Skipped: 0  Warnings: 0

Query OK, 0 rows affected (2.84 sec)
Records: 0  Duplicates: 0  Warnings: 0

+----------+
| comments |
+----------+
|   391621 |
+----------+
1 row in set (0.11 sec)

Database changed
Query OK, 0 rows affected (0.03 sec)

Query OK, 0 rows affected (0.00 sec)

Query OK, 641523 rows affected, 65535 warnings (59.46 sec)
Records: 641523  Deleted: 0  Skipped: 0  Warnings: 641524

Query OK, 0 rows affected (1.66 sec)
Records: 0  Duplicates: 0  Warnings: 0

Query OK, 0 rows affected (1.83 sec)
Records: 0  Duplicates: 0  Warnings: 0

Query OK, 0 rows affected (1.86 sec)
Records: 0  Duplicates: 0  Warnings: 0

Query OK, 0 rows affected (1.70 sec)
Records: 0  Duplicates: 0  Warnings: 0

Query OK, 0 rows affected (3.08 sec)
Records: 0  Duplicates: 0  Warnings: 0

+------------+
| devicesold |
+------------+
|     641523 |
+------------+
1 row in set (0.23 sec)

Database changed
Query OK, 0 rows affected (0.02 sec)

Query OK, 0 rows affected (0.01 sec)

Query OK, 1580240 rows affected (27.27 sec)
Records: 1580240  Deleted: 0  Skipped: 0  Warnings: 0

Query OK, 0 rows affected (4.46 sec)
Records: 0  Duplicates: 0  Warnings: 0

Query OK, 0 rows affected (4.67 sec)
Records: 0  Duplicates: 0  Warnings: 0

Query OK, 0 rows affected (4.67 sec)
Records: 0  Duplicates: 0  Warnings: 0

+------------------+
| contractservices |
+------------------+
|          1580240 |
+------------------+
1 row in set (0.56 sec)

Database changed
Query OK, 0 rows affected (0.05 sec)

Query OK, 0 rows affected (0.00 sec)

Query OK, 3474314 rows affected (2 min 0.94 sec)
Records: 3474314  Deleted: 0  Skipped: 0  Warnings: 0

Query OK, 0 rows affected (13.13 sec)
Records: 0  Duplicates: 0  Warnings: 0

Query OK, 0 rows affected (13.53 sec)
Records: 0  Duplicates: 0  Warnings: 0

Query OK, 0 rows affected (13.69 sec)
Records: 0  Duplicates: 0  Warnings: 0

Query OK, 0 rows affected (13.27 sec)
Records: 0  Duplicates: 0  Warnings: 0

+------------------+
| invoicescontents |
+------------------+
|          3474314 |
+------------------+
1 row in set (1.15 sec)

Database changed
Query OK, 0 rows affected (0.08 sec)

Query OK, 0 rows affected (0.02 sec)

Query OK, 2379358 rows affected (2 min 55.13 sec)
Records: 2379358  Deleted: 0  Skipped: 0  Warnings: 0

Query OK, 0 rows affected (13.45 sec)
Records: 0  Duplicates: 0  Warnings: 0

Query OK, 0 rows affected (13.59 sec)
Records: 0  Duplicates: 0  Warnings: 0

Query OK, 0 rows affected (12.15 sec)
Records: 0  Duplicates: 0  Warnings: 0

Query OK, 0 rows affected (12.04 sec)
Records: 0  Duplicates: 0  Warnings: 0

Query OK, 0 rows affected (11.64 sec)
Records: 0  Duplicates: 0  Warnings: 0

+----------------+
| invoicesheader |
+----------------+
|        2379358 |
+----------------+
1 row in set (0.80 sec)

Database changed
Query OK, 0 rows affected (0.05 sec)

Query OK, 0 rows affected (0.01 sec)

Query OK, 2527583 rows affected (1 min 25.46 sec)
Records: 2527583  Deleted: 0  Skipped: 0  Warnings: 0

Query OK, 0 rows affected (9.12 sec)
Records: 0  Duplicates: 0  Warnings: 0

Query OK, 0 rows affected (9.55 sec)
Records: 0  Duplicates: 0  Warnings: 0

Query OK, 0 rows affected (9.63 sec)
Records: 0  Duplicates: 0  Warnings: 0

Query OK, 0 rows affected (9.67 sec)
Records: 0  Duplicates: 0  Warnings: 0

+---------+
| casa    |
+---------+
| 2527583 |
+---------+
1 row in set (0.95 sec)

Query OK, 0 rows affected (0.10 sec)

Query OK, 11746 rows affected (1 min 14.77 sec)
Records: 11746  Duplicates: 0  Warnings: 0

+--------------------+
| rep_paycol_channel |
+--------------------+
|              11746 |
+--------------------+
1 row in set (0.01 sec)

Query OK, 0 rows affected (0.04 sec)

Query OK, 7865 rows affected (1 min 28.00 sec)
Records: 7865  Duplicates: 0  Warnings: 0

+----------------+
| rep_paycol_pos |
+----------------+
|           7865 |
+----------------+
1 row in set (0.01 sec)

Database changed
Query OK, 0 rows affected (0.03 sec)

Query OK, 0 rows affected (0.01 sec)

Database changed
Query OK, 37598 rows affected (0.92 sec)
Records: 37598  Deleted: 0  Skipped: 0  Warnings: 0

+-------+
| users |
+-------+
| 37598 |
+-------+
1 row in set (0.02 sec)

Database changed
Query OK, 0 rows affected (0.13 sec)

Query OK, 0 rows affected (0.02 sec)

Database changed
Query OK, 6480417 rows affected (1 min 27.73 sec)
Records: 6480417  Deleted: 0  Skipped: 0  Warnings: 0

Query OK, 0 rows affected (25.61 sec)
Records: 0  Duplicates: 0  Warnings: 0

Query OK, 0 rows affected (24.26 sec)
Records: 0  Duplicates: 0  Warnings: 0

Query OK, 0 rows affected (22.68 sec)
Records: 0  Duplicates: 0  Warnings: 0

Query OK, 0 rows affected (19.74 sec)
Records: 0  Duplicates: 0  Warnings: 0

+----------+
| ipusage1 |
+----------+
|  6480417 |
+----------+
1 row in set (2.20 sec)

Query OK, 0 rows affected (0.40 sec)

Query OK, 6525772 rows affected, 65535 warnings (8 min 16.13 sec)
Records: 6525772  Duplicates: 0  Warnings: 6516551

Query OK, 0 rows affected (24.59 sec)
Records: 0  Duplicates: 0  Warnings: 0

Query OK, 0 rows affected (24.74 sec)
Records: 0  Duplicates: 0  Warnings: 0

Query OK, 0 rows affected (24.00 sec)
Records: 0  Duplicates: 0  Warnings: 0

Query OK, 0 rows affected (23.67 sec)
Records: 0  Duplicates: 0  Warnings: 0

Query OK, 0 rows affected (31.29 sec)
Records: 0  Duplicates: 0  Warnings: 0

Query OK, 0 rows affected (37.41 sec)
Records: 0  Duplicates: 0  Warnings: 0

Query OK, 0 rows affected (36.11 sec)
Records: 0  Duplicates: 0  Warnings: 0

+---------+
| ipusage |
+---------+
| 6525772 |
+---------+
1 row in set (2.59 sec)

Query OK, 0 rows affected (0.08 sec)

Query OK, 2618914 rows affected (2 min 1.01 sec)
Records: 2618914  Duplicates: 0  Warnings: 0

Query OK, 0 rows affected (11.35 sec)
Records: 0  Duplicates: 0  Warnings: 0

Query OK, 0 rows affected (7.19 sec)
Records: 0  Duplicates: 0  Warnings: 0

Query OK, 0 rows affected (12.05 sec)
Records: 0  Duplicates: 0  Warnings: 0

Query OK, 0 rows affected (14.59 sec)
Records: 0  Duplicates: 0  Warnings: 0

Query OK, 0 rows affected (0.34 sec)

Query OK, 241635 rows affected (22.70 sec)
Records: 241635  Duplicates: 0  Warnings: 0

Query OK, 0 rows affected (1.38 sec)
Records: 0  Duplicates: 0  Warnings: 0

Query OK, 0 rows affected (0.95 sec)
Records: 0  Duplicates: 0  Warnings: 0

Query OK, 0 rows affected (1.15 sec)
Records: 0  Duplicates: 0  Warnings: 0

Query OK, 0 rows affected (0.68 sec)
Records: 0  Duplicates: 0  Warnings: 0

Query OK, 0 rows affected (0.79 sec)
Records: 0  Duplicates: 0  Warnings: 0

mysql> mysql \. C:\workspace\cloud\code\sql\_DailyScript\currenttime.sql
+---------------------+
| currenttime         |
+---------------------+
| 2019-02-08 09:43:39 |
+---------------------+
1 row in set (0.00 sec)

mysql> 
mysql> mysql \. C:\workspace\cloud\code\sql\_DailyScript\ticket_analysis.sql
Database changed
Query OK, 0 rows affected (0.02 sec)

Query OK, 369211 rows affected (20.64 sec)
Records: 369211  Duplicates: 0  Warnings: 0

Query OK, 0 rows affected (2.01 sec)
Records: 0  Duplicates: 0  Warnings: 0

Query OK, 0 rows affected (1.38 sec)
Records: 0  Duplicates: 0  Warnings: 0

Query OK, 0 rows affected (1.53 sec)
Records: 0  Duplicates: 0  Warnings: 0

Query OK, 0 rows affected (0.02 sec)

Query OK, 14172 rows affected (8.27 sec)
Records: 14172  Duplicates: 0  Warnings: 0

Query OK, 0 rows affected, 1 warning (0.00 sec)

Query OK, 50635 rows affected (4.90 sec)
Records: 50635  Duplicates: 0  Warnings: 0

Query OK, 0 rows affected, 1 warning (0.00 sec)

Query OK, 261760 rows affected (9.62 sec)
Records: 261760  Duplicates: 0  Warnings: 0

Query OK, 0 rows affected, 1 warning (0.00 sec)

Query OK, 261760 rows affected (8.90 sec)
Records: 261760  Duplicates: 0  Warnings: 0

Query OK, 0 rows affected (0.02 sec)

Query OK, 50673 rows affected (2.87 sec)
Records: 50673  Duplicates: 0  Warnings: 0

Database changed
Query OK, 0 rows affected (0.00 sec)

Query OK, 0 rows affected (0.02 sec)

Query OK, 369211 rows affected (17.01 sec)
Records: 369211  Duplicates: 0  Warnings: 0

Query OK, 0 rows affected (0.04 sec)

Query OK, 171500 rows affected (10.94 sec)
Records: 171500  Duplicates: 0  Warnings: 0

+--------------------------+
| clientticket_cmmtjourney |
+--------------------------+
|                   369211 |
+--------------------------+
1 row in set (0.49 sec)

+---------------------------+
| clientticket_assgnjourney |
+---------------------------+
|                    171500 |
+---------------------------+
1 row in set (0.24 sec)

Query OK, 0 rows affected (0.01 sec)

Query OK, 58 rows affected (0.08 sec)
Records: 58  Duplicates: 0  Warnings: 0

mysql> mysql \. C:\workspace\cloud\code\sql\_DailyScript\currenttime.sql
+---------------------+
| currenttime         |
+---------------------+
| 2019-02-08 09:45:08 |
+---------------------+
1 row in set (0.00 sec)

mysql> 
mysql> mysql \. C:\workspace\cloud\code\sql\_DailyScript\load_DailyCalls.sql
Database changed
Query OK, 401 rows affected (0.67 sec)
Records: 401  Deleted: 0  Skipped: 0  Warnings: 0

Query OK, 0 rows affected, 1 warning (0.00 sec)

Query OK, 385 rows affected (0.35 sec)
Records: 385  Duplicates: 0  Warnings: 0

Query OK, 0 rows affected, 1 warning (0.00 sec)

Query OK, 66202 rows affected (1.35 sec)
Records: 66202  Duplicates: 0  Warnings: 0

+----------------------+
| callingclientsbefore |
+----------------------+
|               617752 |
+----------------------+
1 row in set (3.08 sec)

Query OK, 497 rows affected (10.08 sec)
Records: 497  Duplicates: 0  Warnings: 0

+---------------------+
| callingclientsafter |
+---------------------+
|              618249 |
+---------------------+
1 row in set (0.26 sec)

Query OK, 0 rows affected (0.01 sec)

Query OK, 261 rows affected (4.14 sec)
Records: 261  Duplicates: 0  Warnings: 0

Query OK, 0 rows affected (0.00 sec)

Query OK, 12763 rows affected (2.02 sec)
Records: 12763  Duplicates: 0  Warnings: 0

+-----------+
| callstats |
+-----------+
|     12763 |
+-----------+
1 row in set (0.01 sec)

mysql> mysql \. C:\workspace\cloud\code\sql\_DailyScript\currenttime.sql
+---------------------+
| currenttime         |
+---------------------+
| 2019-02-08 09:45:30 |
+---------------------+
1 row in set (0.00 sec)

mysql> 
mysql> mysql \. C:\workspace\cloud\code\sql\_DailyScript\DAILY-SCRIPT-USAGE.sql
Database changed
Query OK, 0 rows affected (0.00 sec)

Query OK, 6016 rows affected, 17425 warnings (3.45 sec)
Records: 6016  Deleted: 0  Skipped: 0  Warnings: 17425

Query OK, 0 rows affected (0.00 sec)

Query OK, 11015 rows affected, 31892 warnings (3.93 sec)
Records: 11015  Deleted: 0  Skipped: 0  Warnings: 31892

Query OK, 0 rows affected (0.00 sec)

Query OK, 89 rows affected, 305 warnings (0.03 sec)
Records: 89  Deleted: 0  Skipped: 0  Warnings: 305

Query OK, 0 rows affected (0.00 sec)

Query OK, 447 rows affected, 1519 warnings (0.12 sec)
Records: 447  Deleted: 0  Skipped: 0  Warnings: 1519

+------------+
| dailyusage |
+------------+
|    4093502 |
+------------+
1 row in set (4.34 sec)

+------------+------------+------------+---------+
| datestart  | dateend    | insertedon | records |
+------------+------------+------------+---------+
| 2019-02-07 | 2019-02-07 | 2019-02-08 |   17567 |
| 2019-02-06 | 2019-02-06 | 2019-02-07 |   17674 |
| 2019-02-05 | 2019-02-05 | 2019-02-06 |   17593 |
| 2019-02-04 | 2019-02-04 | 2019-02-05 |   17494 |
| 2019-02-03 | 2019-02-03 | 2019-02-04 |   16927 |
+------------+------------+------------+---------+
5 rows in set (32.84 sec)

mysql> mysql \. C:\workspace\cloud\code\sql\_DailyScript\currenttime.sql
+---------------------+
| currenttime         |
+---------------------+
| 2019-02-08 09:46:14 |
+---------------------+
1 row in set (0.00 sec)

mysql> 
mysql> mysql \. C:\workspace\cloud\code\sql\_DailyScript\DAILY-SCRIPT-SALES-TELEMETRY.sql
Database changed
Query OK, 122 rows affected, 63 warnings (0.03 sec)
Records: 122  Deleted: 0  Skipped: 0  Warnings: 63

+------------+
| dailysales |
+------------+
|     141313 |
+------------+
1 row in set (0.32 sec)

Query OK, 0 rows affected (0.05 sec)

Query OK, 141313 rows affected (11.47 sec)
Records: 141313  Duplicates: 0  Warnings: 0

+--------+
| sales  |
+--------+
| 141313 |
+--------+
1 row in set (0.07 sec)

Query OK, 0 rows affected (0.01 sec)

Query OK, 2291 rows affected (0.62 sec)
Records: 2291  Duplicates: 0  Warnings: 0

+-----------+
| saleslist |
+-----------+
|      2291 |
+-----------+
1 row in set (0.00 sec)

Database changed
Query OK, 6 rows affected (0.05 sec)
Records: 6  Deleted: 0  Skipped: 0  Warnings: 0

+------------------+
| dailysinglesales |
+------------------+
|             5422 |
+------------------+
1 row in set (0.01 sec)

Database changed
Query OK, 5 rows affected (0.02 sec)
Records: 5  Deleted: 0  Skipped: 0  Warnings: 0

+-----------------+
| dailyaddonsales |
+-----------------+
|           14763 |
+-----------------+
1 row in set (0.05 sec)

Query OK, 71 rows affected (0.04 sec)
Records: 71  Deleted: 0  Skipped: 0  Warnings: 0

+----------------+
| onlinepayments |
+----------------+
|          43439 |
+----------------+
1 row in set (0.14 sec)

+-------------+----------------+---------------------+
| paymentdate | onlinepayments | onlinepaymentamount |
+-------------+----------------+---------------------+
| 2019-02-07  |             71 |         48152.56000 |
| 2019-02-06  |             75 |         54637.16000 |
| 2019-02-05  |             67 |         52037.30000 |
| 2019-02-04  |             98 |         57125.49000 |
| 2019-02-03  |             97 |         65552.96000 |
+-------------+----------------+---------------------+
5 rows in set (0.26 sec)

+-------------+--------------+----------------+---------------------+
| paymentyear | paymentmonth | onlinepayments | onlinepaymentamount |
+-------------+--------------+----------------+---------------------+
|        2019 |            2 |            639 |        442144.02000 |
|        2019 |            1 |           2609 |       1678277.98000 |
|        2019 |         NULL |           3248 |       2120422.00000 |
|        2018 |           12 |           2480 |       1616678.80000 |
|        2018 |           11 |           2605 |       1578302.71000 |
+-------------+--------------+----------------+---------------------+
5 rows in set (0.05 sec)

mysql> mysql \. C:\workspace\cloud\code\sql\_DailyScript\currenttime.sql
+---------------------+
| currenttime         |
+---------------------+
| 2019-02-08 09:46:28 |
+---------------------+
1 row in set (0.00 sec)

mysql> 
mysql> mysql \. C:\workspace\cloud\code\sql\_DailyScript\DAILY-SCRIPT-ACTIVENUMBERS.sql
Database changed
Query OK, 1338 rows affected (0.85 sec)
Records: 1338  Deleted: 0  Skipped: 0  Warnings: 0

+------------+----------+
| period     | count(1) |
+------------+----------+
| 2019-02-07 |     1338 |
| 2019-02-06 |     1338 |
| 2019-02-05 |     1340 |
| 2019-02-04 |     1341 |
| 2019-02-03 |     1345 |
| 2019-02-02 |     1345 |
+------------+----------+
6 rows in set (0.04 sec)

Query OK, 0 rows affected (0.01 sec)

Query OK, 86 rows affected (2.08 sec)
Records: 86  Duplicates: 0  Warnings: 0

+-------------+
| packagelist |
+-------------+
|          86 |
+-------------+
1 row in set (0.00 sec)

Database changed
Query OK, 0 rows affected (0.01 sec)

Query OK, 0 rows affected (0.00 sec)

Query OK, 0 rows affected (0.00 sec)

Query OK, 0 rows affected (0.00 sec)

Query OK, 27027 rows affected, 240 warnings (54.42 sec)
Records: 27027  Deleted: 0  Skipped: 0  Warnings: 240

+------------+----------+
| period     | count(1) |
+------------+----------+
| 2019-02-07 |    27027 |
| 2019-02-06 |    27081 |
| 2019-02-05 |    27013 |
| 2019-02-04 |    26996 |
| 2019-02-03 |    26916 |
+------------+----------+
5 rows in set (0.22 sec)

Query OK, 0 rows affected (0.08 sec)

Query OK, 26377 rows affected (1 min 16.98 sec)
Records: 26377  Duplicates: 0  Warnings: 0

Query OK, 0 rows affected (0.20 sec)
Records: 0  Duplicates: 0  Warnings: 0

Query OK, 0 rows affected (0.42 sec)
Records: 0  Duplicates: 0  Warnings: 0

Query OK, 0 rows affected (0.19 sec)
Records: 0  Duplicates: 0  Warnings: 0

Query OK, 0 rows affected (0.27 sec)
Records: 0  Duplicates: 0  Warnings: 0

Query OK, 0 rows affected (0.31 sec)
Records: 0  Duplicates: 0  Warnings: 0

Query OK, 0 rows affected (0.07 sec)
Records: 0  Duplicates: 0  Warnings: 0

+-------------+
| countbefore |
+-------------+
|    23540024 |
+-------------+
1 row in set (19.61 sec)

Query OK, 26377 rows affected (28.91 sec)
Records: 26377  Duplicates: 0  Warnings: 0

+------------+
| countafter |
+------------+
|   23566401 |
+------------+
1 row in set (8.98 sec)

+------------+--------------------------+
| period     | customercontractactivity |
+------------+--------------------------+
| 2019-02-07 |                    26377 |
| 2019-02-06 |                    26431 |
| 2019-02-05 |                    26363 |
| 2019-02-04 |                    26345 |
| 2019-02-03 |                    26267 |
+------------+--------------------------+
5 rows in set (0.06 sec)

Query OK, 0 rows affected (0.09 sec)

Query OK, 204480 rows affected (6 min 14.54 sec)
Records: 204480  Duplicates: 0  Warnings: 0

Query OK, 0 rows affected (0.04 sec)

Query OK, 247 rows affected (0.51 sec)
Records: 247  Duplicates: 0  Warnings: 0

Query OK, 0 rows affected (0.01 sec)

Query OK, 2377 rows affected (0.64 sec)
Records: 2377  Duplicates: 0  Warnings: 0

Query OK, 0 rows affected (0.01 sec)

Query OK, 26364 rows affected (0.70 sec)
Records: 26364  Duplicates: 0  Warnings: 0

Query OK, 0 rows affected (0.01 sec)

Query OK, 17083 rows affected (0.42 sec)
Records: 17083  Duplicates: 0  Warnings: 0

Query OK, 0 rows affected (0.01 sec)

Query OK, 17083 rows affected (0.20 sec)
Records: 17083  Duplicates: 0  Warnings: 0

Query OK, 0 rows affected (0.01 sec)

Query OK, 17083 rows affected (1.95 sec)
Records: 17083  Duplicates: 0  Warnings: 0

Query OK, 0 rows affected (0.01 sec)

Query OK, 17083 rows affected (54.75 sec)
Records: 17083  Duplicates: 0  Warnings: 0

+-------------+
| clientstats |
+-------------+
|       17083 |
+-------------+
1 row in set (0.01 sec)

Query OK, 0 rows affected (0.01 sec)

Query OK, 13 rows affected, 1 warning (0.14 sec)
Records: 13  Duplicates: 0  Warnings: 1

+-----------------------+-------------+-------------+----------------+-----------------+
| services              | activecount | allaccounts | uniqueaccounts | uniquecontracts |
+-----------------------+-------------+-------------+----------------+-----------------+
| All                   |         143 |          31 |             31 |              99 |
| Internet & Voice      |         463 |         216 |            216 |             423 |
| Internet Only         |        4153 |        4017 |           4013 |            4091 |
| OTT Only              |           3 |           3 |              3 |               3 |
| TV & Internet         |        9079 |        3934 |           3930 |            8018 |
| TV & Internet & OTT   |        1599 |         466 |            466 |             947 |
| TV & Internet & Voice |         544 |         152 |            152 |             472 |
| TV & OTT              |          96 |          32 |             32 |              34 |
| TV & Voice            |         122 |          52 |             52 |             105 |
| TV & Voice & OTT      |          11 |           1 |              1 |               3 |
| TV Only               |       10700 |        7967 |           7961 |            8166 |
| Voice Only            |         213 |         212 |            212 |             213 |
| GRAND TOTAL           |       27126 |       17083 |          17025 |           22574 |
+-----------------------+-------------+-------------+----------------+-----------------+
13 rows in set (0.00 sec)

+-------------+-------------+-------------+----------------+-----------------+
| network     | activecount | allaccounts | uniqueaccounts | uniquecontracts |
+-------------+-------------+-------------+----------------+-----------------+
| ADDON       |          11 |           7 |              7 |               7 |
| GPON        |        6475 |        3319 |           3319 |            5006 |
| HFC         |       20640 |       13757 |          13757 |           17561 |
| GRAND TOTAL |       27126 |       17083 |          17025 |           22574 |
+-------------+-------------+-------------+----------------+-----------------+
4 rows in set, 1 warning (0.14 sec)

+-------------+-----------------------+-------------+-------------+----------------+-----------------+
| network     | services              | activecount | allaccounts | uniqueaccounts | uniquecontracts |
+-------------+-----------------------+-------------+-------------+----------------+-----------------+
| ADDON       | OTT Only              |           3 |           3 |              3 |               3 |
| ADDON       | TV & OTT              |           4 |           1 |              1 |               1 |
| ADDON       | TV Only               |           4 |           3 |              3 |               3 |
| ADDON       | Services Total        |          11 |           7 |              7 |               7 |
| GPON        | All                   |          34 |           7 |              7 |              25 |
| GPON        | Internet & Voice      |          65 |          27 |             27 |              55 |
| GPON        | Internet Only         |         847 |         767 |            767 |             785 |
| GPON        | TV & Internet         |        2933 |        1198 |           1198 |            2475 |
| GPON        | TV & Internet & OTT   |         693 |         194 |            194 |             400 |
| GPON        | TV & Internet & Voice |         140 |          38 |             38 |             118 |
| GPON        | TV & OTT              |          52 |          17 |             17 |              19 |
| GPON        | TV & Voice            |          41 |          16 |             16 |              33 |
| GPON        | TV Only               |        1661 |        1046 |           1046 |            1087 |
| GPON        | Voice Only            |           9 |           9 |              9 |               9 |
| GPON        | Services Total        |        6475 |        3319 |           3319 |            5006 |
| HFC         | All                   |         109 |          24 |             24 |              74 |
| HFC         | Internet & Voice      |         398 |         189 |            189 |             368 |
| HFC         | Internet Only         |        3306 |        3250 |           3250 |            3306 |
| HFC         | TV & Internet         |        6146 |        2736 |           2736 |            5543 |
| HFC         | TV & Internet & OTT   |         906 |         272 |            272 |             547 |
| HFC         | TV & Internet & Voice |         404 |         114 |            114 |             354 |
| HFC         | TV & OTT              |          40 |          14 |             14 |              14 |
| HFC         | TV & Voice            |          81 |          36 |             36 |              72 |
| HFC         | TV & Voice & OTT      |          11 |           1 |              1 |               3 |
| HFC         | TV Only               |        9035 |        6918 |           6918 |            7076 |
| HFC         | Voice Only            |         204 |         203 |            203 |             204 |
| HFC         | Services Total        |       20640 |       13757 |          13757 |           17561 |
| GRAND TOTAL | Services Total        |       27126 |       17083 |          17025 |           22574 |
+-------------+-----------------------+-------------+-------------+----------------+-----------------+
28 rows in set, 2 warnings (0.15 sec)

Query OK, 0 rows affected (0.00 sec)

Query OK, 42 rows affected, 3 warnings (0.19 sec)
Records: 42  Duplicates: 0  Warnings: 3

+-------------+---------------+-----------------------+-------------+-------------+----------------+-----------------+
| region      | network       | services              | activecount | allaccounts | uniqueaccounts | uniquecontracts |
+-------------+---------------+-----------------------+-------------+-------------+----------------+-----------------+
| Mahe        | ADDON         | OTT Only              |           3 |           3 |              3 |               3 |
| Mahe        | ADDON         | TV & OTT              |           4 |           1 |              1 |               1 |
| Mahe        | ADDON         | TV Only               |           4 |           3 |              3 |               3 |
| Mahe        | ADDON         | Services Total        |          11 |           7 |              7 |               7 |
| Mahe        | GPON          | All                   |          29 |           6 |              6 |              21 |
| Mahe        | GPON          | Internet & Voice      |          55 |          22 |             22 |              45 |
| Mahe        | GPON          | Internet Only         |         642 |         562 |            562 |             580 |
| Mahe        | GPON          | TV & Internet         |        1985 |         804 |            804 |            1651 |
| Mahe        | GPON          | TV & Internet & OTT   |         399 |         111 |            111 |             226 |
| Mahe        | GPON          | TV & Internet & Voice |         112 |          30 |             30 |              92 |
| Mahe        | GPON          | TV & OTT              |          39 |          11 |             11 |              12 |
| Mahe        | GPON          | TV & Voice            |          41 |          16 |             16 |              33 |
| Mahe        | GPON          | TV Only               |        1232 |         740 |            740 |             764 |
| Mahe        | GPON          | Voice Only            |           6 |           6 |              6 |               6 |
| Mahe        | GPON          | Services Total        |        4540 |        2308 |           2308 |            3430 |
| Mahe        | HFC           | All                   |         109 |          24 |             24 |              74 |
| Mahe        | HFC           | Internet & Voice      |         398 |         189 |            189 |             368 |
| Mahe        | HFC           | Internet Only         |        3306 |        3250 |           3250 |            3306 |
| Mahe        | HFC           | TV & Internet         |        6146 |        2736 |           2736 |            5543 |
| Mahe        | HFC           | TV & Internet & OTT   |         906 |         272 |            272 |             547 |
| Mahe        | HFC           | TV & Internet & Voice |         404 |         114 |            114 |             354 |
| Mahe        | HFC           | TV & OTT              |          40 |          14 |             14 |              14 |
| Mahe        | HFC           | TV & Voice            |          81 |          36 |             36 |              72 |
| Mahe        | HFC           | TV & Voice & OTT      |          11 |           1 |              1 |               3 |
| Mahe        | HFC           | TV Only               |        9033 |        6917 |           6917 |            7075 |
| Mahe        | HFC           | Voice Only            |         204 |         203 |            203 |             204 |
| Mahe        | HFC           | Services Total        |       20638 |       13756 |          13756 |           17560 |
| Mahe        | Network Total | Services Total        |       25189 |       16071 |          16014 |           20997 |
| Praslin     | GPON          | All                   |           5 |           1 |              1 |               4 |
| Praslin     | GPON          | Internet & Voice      |          10 |           5 |              5 |              10 |
| Praslin     | GPON          | Internet Only         |         205 |         205 |            205 |             205 |
| Praslin     | GPON          | TV & Internet         |         948 |         394 |            394 |             824 |
| Praslin     | GPON          | TV & Internet & OTT   |         294 |          83 |             83 |             174 |
| Praslin     | GPON          | TV & Internet & Voice |          28 |           8 |              8 |              26 |
| Praslin     | GPON          | TV & OTT              |          13 |           6 |              6 |               7 |
| Praslin     | GPON          | TV Only               |         429 |         306 |            306 |             323 |
| Praslin     | GPON          | Voice Only            |           3 |           3 |              3 |               3 |
| Praslin     | GPON          | Services Total        |        1935 |        1011 |           1011 |            1576 |
| Praslin     | HFC           | TV Only               |           2 |           1 |              1 |               1 |
| Praslin     | HFC           | Services Total        |           2 |           1 |              1 |               1 |
| Praslin     | Network Total | Services Total        |        1937 |        1012 |           1011 |            1577 |
| GRAND TOTAL | Network Total | Services Total        |       27126 |       17083 |          17025 |           22574 |
+-------------+---------------+-----------------------+-------------+-------------+----------------+-----------------+
42 rows in set (0.00 sec)

Query OK, 0 rows affected (0.01 sec)

Query OK, 26364 rows affected (0.53 sec)
Records: 26364  Duplicates: 0  Warnings: 0

Query OK, 0 rows affected (0.00 sec)

Query OK, 1573 rows affected (1.98 sec)
Records: 1573  Duplicates: 0  Warnings: 0

Query OK, 0 rows affected (1 min 39.54 sec)

Query OK, 0 rows affected (0.01 sec)

Query OK, 444 rows affected (6 min 12.97 sec)
Records: 444  Duplicates: 0  Warnings: 0

+---------------------------+
| retentioncustomeractivity |
+---------------------------+
|                       444 |
+---------------------------+
1 row in set (0.00 sec)

mysql> mysql \. C:\workspace\cloud\code\sql\_DailyScript\currenttime.sql
+---------------------+
| currenttime         |
+---------------------+
| 2019-02-08 10:04:51 |
+---------------------+
1 row in set (0.00 sec)

mysql> 
mysql> mysql \. C:\workspace\cloud\code\sql\_DailyScript\GetActiveNumbers Average -Pivot.sql
Database changed
+-------------------------------------+
| @today := subdate(current_date(),1) |
+-------------------------------------+
| 2019-02-07                          |
+-------------------------------------+
1 row in set (0.00 sec)

+-------------------------------------+
| @lastdayofmonth := last_day(@today) |
+-------------------------------------+
| 2019-02-28                          |
+-------------------------------------+
1 row in set (0.00 sec)

Query OK, 0 rows affected (0.07 sec)

Query OK, 27023 rows affected, 56433 warnings (51.52 sec)
Records: 27023  Duplicates: 0  Warnings: 56433

Query OK, 0 rows affected (0.19 sec)
Records: 0  Duplicates: 0  Warnings: 0

Query OK, 0 rows affected (0.12 sec)
Records: 0  Duplicates: 0  Warnings: 0

Query OK, 0 rows affected (0.13 sec)
Records: 0  Duplicates: 0  Warnings: 0

+-----------------+
| activenumberavg |
+-----------------+
|           27023 |
+-----------------+
1 row in set (0.01 sec)

Query OK, 0 rows affected (0.02 sec)

Query OK, 1698 rows affected (0.40 sec)
Records: 1698  Duplicates: 0  Warnings: 0

+---------------------+
| rep_activenumberavg |
+---------------------+
|                1698 |
+---------------------+
1 row in set (0.00 sec)

+----------------------+
| rep_activenumberavg1 |
+----------------------+
|                  808 |
+----------------------+
1 row in set (0.00 sec)

Query OK, 0 rows affected (0.01 sec)

Query OK, 1357 rows affected (0.33 sec)
Records: 1357  Duplicates: 0  Warnings: 0

Query OK, 0 rows affected (0.02 sec)

Query OK, 6861 rows affected (0.53 sec)
Records: 6861  Duplicates: 0  Warnings: 0

Query OK, 0 rows affected (0.00 sec)

Query OK, 0 rows affected (0.00 sec)

Query OK, 0 rows affected (0.01 sec)

Query OK, 0 rows affected (0.00 sec)

Query OK, 0 rows affected (0.00 sec)
Statement prepared

Query OK, 51 rows affected (0.03 sec)
Records: 51  Duplicates: 0  Warnings: 0

Query OK, 0 rows affected (0.00 sec)

Query OK, 0 rows affected (0.00 sec)

+----------------------+
| rep_activenumberavg2 |
+----------------------+
|                 1357 |
+----------------------+
1 row in set (0.00 sec)

+------------------------+
| rep_activenumberavg_pv |
+------------------------+
|                     51 |
+------------------------+
1 row in set (0.00 sec)

Query OK, 0 rows affected (0.00 sec)

Query OK, 1357 rows affected (0.28 sec)
Records: 1357  Duplicates: 0  Warnings: 0

Query OK, 0 rows affected (0.00 sec)

Query OK, 0 rows affected (0.00 sec)

Query OK, 0 rows affected (0.01 sec)

Query OK, 0 rows affected (0.00 sec)

Query OK, 0 rows affected (0.00 sec)
Statement prepared

Query OK, 51 rows affected (0.03 sec)
Records: 51  Duplicates: 0  Warnings: 0

Query OK, 0 rows affected (0.00 sec)

Query OK, 0 rows affected (0.00 sec)

+-------------------------+
| rep_activenumberavgMahe |
+-------------------------+
|                    1357 |
+-------------------------+
1 row in set (0.00 sec)

+----------------------------+
| rep_activenumberavgMahe_pv |
+----------------------------+
|                         51 |
+----------------------------+
1 row in set (0.00 sec)

Query OK, 0 rows affected (0.02 sec)

Query OK, 875 rows affected (0.13 sec)
Records: 875  Duplicates: 0  Warnings: 0

Query OK, 0 rows affected (0.00 sec)

Query OK, 0 rows affected (0.00 sec)

Query OK, 0 rows affected (0.01 sec)

Query OK, 0 rows affected (0.00 sec)

Query OK, 0 rows affected (0.00 sec)
Statement prepared

Query OK, 37 rows affected (0.02 sec)
Records: 37  Duplicates: 0  Warnings: 0

Query OK, 0 rows affected (0.00 sec)

Query OK, 0 rows affected (0.00 sec)

+----------------------------+
| rep_activenumberavgPraslin |
+----------------------------+
|                        875 |
+----------------------------+
1 row in set (0.00 sec)

+-------------------------------+
| rep_activenumberavgPraslin_pv |
+-------------------------------+
|                            37 |
+-------------------------------+
1 row in set (0.00 sec)

mysql> mysql \. C:\workspace\cloud\code\sql\_DailyScript\currenttime.sql
+---------------------+
| currenttime         |
+---------------------+
| 2019-02-08 10:05:45 |
+---------------------+
1 row in set (0.00 sec)

mysql> 
mysql> 
mysql> mysql \. C:\workspace\cloud\code\sql\_DailyScript\reports-sales-addons-prepaid-camera.sql
Database changed
Query OK, 0 rows affected (0.01 sec)

Query OK, 3360 rows affected (0.27 sec)
Records: 3360  Duplicates: 0  Warnings: 0

Query OK, 0 rows affected (0.07 sec)

Query OK, 14772 rows affected (22.58 sec)
Records: 14772  Duplicates: 0  Warnings: 0

+--------------------+
| rep_prepaid_camera |
+--------------------+
|               3360 |
+--------------------+
1 row in set (0.01 sec)

+-----------+
| rep_addon |
+-----------+
|     14772 |
+-----------+
1 row in set (0.01 sec)

mysql> mysql \. C:\workspace\cloud\code\sql\_DailyScript\currenttime.sql
+---------------------+
| currenttime         |
+---------------------+
| 2019-02-08 10:06:08 |
+---------------------+
1 row in set (0.00 sec)

mysql> 
mysql> mysql \. C:\workspace\cloud\code\sql\_DailyScript\housing-estate-analysis.sql
Database changed
Query OK, 0 rows affected (0.04 sec)

Query OK, 2765 rows affected (18.15 sec)
Records: 2765  Duplicates: 0  Warnings: 0

+--------------------+
| rep_housingestates |
+--------------------+
|               2765 |
+--------------------+
1 row in set (0.00 sec)

mysql> mysql \. C:\workspace\cloud\code\sql\_DailyScript\currenttime.sql
+---------------------+
| currenttime         |
+---------------------+
| 2019-02-08 10:06:26 |
+---------------------+
1 row in set (0.00 sec)

mysql> 
mysql> mysql \. C:\workspace\cloud\code\sql\_DailyScript\RCB_ClientAnalyticsReport_Script.sql
Database changed
Query OK, 0 rows affected (0.00 sec)

Query OK, 0 rows affected (0.16 sec)

Query OK, 1613355 rows affected (1 min 42.59 sec)
Records: 1613355  Duplicates: 0  Warnings: 0

Query OK, 0 rows affected (5.99 sec)
Records: 0  Duplicates: 0  Warnings: 0

Query OK, 0 rows affected (5.64 sec)
Records: 0  Duplicates: 0  Warnings: 0

Query OK, 0 rows affected (9.68 sec)
Records: 0  Duplicates: 0  Warnings: 0

Query OK, 0 rows affected (8.73 sec)
Records: 0  Duplicates: 0  Warnings: 0

Query OK, 0 rows affected (9.61 sec)
Records: 0  Duplicates: 0  Warnings: 0

Query OK, 0 rows affected (8.15 sec)
Records: 0  Duplicates: 0  Warnings: 0

Query OK, 0 rows affected (0.00 sec)

Query OK, 426960 rows affected (15.60 sec)
Rows matched: 1613355  Changed: 426960  Warnings: 0

Query OK, 0 rows affected (0.01 sec)

Query OK, 27277 rows affected (2.83 sec)
Records: 27277  Duplicates: 0  Warnings: 0

Query OK, 0 rows affected (0.02 sec)

Query OK, 41852 rows affected (11 min 52.97 sec)
Records: 41852  Duplicates: 0  Warnings: 0

Query OK, 0 rows affected (0.34 sec)
Records: 0  Duplicates: 0  Warnings: 0

Query OK, 0 rows affected (0.17 sec)
Records: 0  Duplicates: 0  Warnings: 0

Query OK, 0 rows affected (0.10 sec)
Records: 0  Duplicates: 0  Warnings: 0

Query OK, 0 rows affected (0.06 sec)

Query OK, 402871 rows affected (11 min 23.58 sec)
Records: 402871  Duplicates: 0  Warnings: 0

Query OK, 0 rows affected (1.89 sec)
Records: 0  Duplicates: 0  Warnings: 0

Query OK, 0 rows affected (1.78 sec)
Records: 0  Duplicates: 0  Warnings: 0

Query OK, 0 rows affected (0.98 sec)
Records: 0  Duplicates: 0  Warnings: 0

Query OK, 0 rows affected (1.86 sec)
Records: 0  Duplicates: 0  Warnings: 0

Query OK, 0 rows affected (1.16 sec)
Records: 0  Duplicates: 0  Warnings: 0

Query OK, 0 rows affected (0.01 sec)

Query OK, 41852 rows affected (1 min 26.19 sec)
Records: 41852  Duplicates: 0  Warnings: 0

+--------------+
| clientreport |
+--------------+
|        41852 |
+--------------+
1 row in set (0.02 sec)

Query OK, 0 rows affected (0.02 sec)

Query OK, 41852 rows affected (7.68 sec)
Records: 41852  Duplicates: 0  Warnings: 0

+----------------------+
| clientextendedreport |
+----------------------+
|                41852 |
+----------------------+
1 row in set (0.01 sec)

Query OK, 0 rows affected (0.01 sec)

Query OK, 41852 rows affected (1 min 8.25 sec)
Records: 41852  Duplicates: 0  Warnings: 0

+---------+
| allcust |
+---------+
|   41852 |
+---------+
1 row in set (0.02 sec)

Query OK, 0 rows affected, 1 warning (0.00 sec)

Query OK, 5000 rows affected (0.68 sec)
Records: 5000  Duplicates: 0  Warnings: 0

Query OK, 0 rows affected (0.01 sec)

Query OK, 7062 rows affected (0.73 sec)
Records: 7062  Duplicates: 0  Warnings: 0

Query OK, 0 rows affected, 1 warning (0.00 sec)

Query OK, 5000 rows affected (0.81 sec)
Records: 5000  Duplicates: 0  Warnings: 0

Query OK, 0 rows affected (0.03 sec)

Query OK, 7374 rows affected (0.40 sec)
Records: 7374  Duplicates: 0  Warnings: 0

mysql> mysql \. C:\workspace\cloud\code\sql\_DailyScript\currenttime.sql
+---------------------+
| currenttime         |
+---------------------+
| 2019-02-08 10:35:25 |
+---------------------+
1 row in set (0.00 sec)

mysql> 
mysql> mysql \. C:\workspace\cloud\code\sql\_DailyScript\REVENUE_PER_NODE_MXK.sql
Query OK, 0 rows affected (0.01 sec)

Query OK, 0 rows affected (0.01 sec)

Query OK, 0 rows affected (0.02 sec)

Query OK, 4726 rows affected (1.03 sec)
Records: 4726  Duplicates: 0  Warnings: 0

Query OK, 4546 rows affected (1.21 sec)
Records: 4546  Duplicates: 0  Warnings: 0

Query OK, 0 rows affected, 1 warning (0.00 sec)

Query OK, 4880 rows affected (8.42 sec)
Records: 4880  Duplicates: 0  Warnings: 0

Query OK, 0 rows affected (0.00 sec)

Query OK, 0 rows affected (0.00 sec)

Query OK, 0 rows affected, 1 warning (0.00 sec)

Query OK, 4726 rows affected (0.18 sec)
Records: 4726  Duplicates: 0  Warnings: 0

Query OK, 4546 rows affected (0.27 sec)
Records: 4546  Duplicates: 0  Warnings: 0

Query OK, 0 rows affected, 1 warning (0.00 sec)

Query OK, 4621 rows affected (5.66 sec)
Records: 4621  Duplicates: 0  Warnings: 0

Query OK, 0 rows affected (0.00 sec)

Query OK, 0 rows affected (0.00 sec)

Query OK, 0 rows affected, 1 warning (0.00 sec)

Query OK, 0 rows affected (0.01 sec)

Query OK, 5141 rows affected (0.25 sec)
Records: 5141  Duplicates: 0  Warnings: 0

Query OK, 0 rows affected (0.01 sec)

Query OK, 0 rows affected (0.03 sec)

Query OK, 19261 rows affected (0.44 sec)
Records: 19261  Duplicates: 0  Warnings: 0

Query OK, 23982 rows affected (1.38 sec)
Records: 23982  Duplicates: 0  Warnings: 0

Query OK, 0 rows affected, 1 warning (0.00 sec)

Query OK, 36784 rows affected (1.07 sec)
Records: 36784  Duplicates: 0  Warnings: 0

Query OK, 0 rows affected (0.00 sec)

Query OK, 0 rows affected, 1 warning (0.00 sec)

Query OK, 0 rows affected (0.01 sec)

Query OK, 19261 rows affected (0.58 sec)
Records: 19261  Duplicates: 0  Warnings: 0

Query OK, 23982 rows affected (1.16 sec)
Records: 23982  Duplicates: 0  Warnings: 0

Query OK, 0 rows affected, 1 warning (0.00 sec)

Query OK, 25364 rows affected (0.61 sec)
Records: 25364  Duplicates: 0  Warnings: 0

Query OK, 0 rows affected (0.01 sec)

Query OK, 0 rows affected, 1 warning (0.00 sec)

Query OK, 0 rows affected (0.01 sec)

Query OK, 0 rows affected (0.01 sec)

Query OK, 19321 rows affected (1.29 sec)
Records: 19321  Duplicates: 0  Warnings: 0

Query OK, 0 rows affected (0.00 sec)

Query OK, 0 rows affected (0.00 sec)

Query OK, 0 rows affected (0.01 sec)

Query OK, 24462 rows affected (1.29 sec)
Records: 24462  Duplicates: 0  Warnings: 0

Query OK, 423781 rows affected (23.75 sec)
Records: 423781  Duplicates: 0  Warnings: 0

Query OK, 0 rows affected (0.03 sec)

Query OK, 425211 rows affected (17.03 sec)
Records: 425211  Duplicates: 0  Warnings: 0

Query OK, 0 rows affected (0.01 sec)

Query OK, 0 rows affected, 1 warning (0.00 sec)

Query OK, 0 rows affected, 1 warning (0.00 sec)

Query OK, 0 rows affected (0.00 sec)

Query OK, 8251 rows affected (2.24 sec)
Rows matched: 8251  Changed: 8251  Warnings: 0

Query OK, 0 rows affected (0.02 sec)

Query OK, 1550733 rows affected (4 min 40.02 sec)
Records: 1550733  Duplicates: 0  Warnings: 0

Query OK, 0 rows affected (0.06 sec)

Query OK, 1786656 rows affected (2 min 28.51 sec)
Records: 1786656  Duplicates: 0  Warnings: 0

Query OK, 0 rows affected (0.06 sec)

Query OK, 70137 rows affected (13.63 sec)
Records: 70137  Duplicates: 0  Warnings: 0

Query OK, 0 rows affected (0.05 sec)

Query OK, 21454 rows affected (12.97 sec)
Records: 21454  Duplicates: 0  Warnings: 0

Query OK, 0 rows affected (0.01 sec)

Query OK, 41852 rows affected (2.48 sec)
Records: 41852  Duplicates: 0  Warnings: 0

Query OK, 0 rows affected (0.01 sec)

Query OK, 23243 rows affected (2.93 sec)
Records: 23243  Duplicates: 0  Warnings: 0

Query OK, 0 rows affected (0.01 sec)

Query OK, 16733 rows affected (2.30 sec)
Records: 16733  Duplicates: 0  Warnings: 0

Query OK, 0 rows affected (0.01 sec)

Query OK, 41852 rows affected (2.05 sec)
Records: 41852  Duplicates: 0  Warnings: 0

Query OK, 0 rows affected (0.00 sec)

Query OK, 0 rows affected, 1 warning (0.00 sec)

Query OK, 396904 rows affected (21.28 sec)
Records: 396904  Duplicates: 0  Warnings: 0

Query OK, 0 rows affected, 1 warning (0.00 sec)

Query OK, 74125 rows affected (7.88 sec)
Records: 74125  Duplicates: 0  Warnings: 0

Query OK, 396904 rows affected (1 hour 30 min 37.61 sec)
Records: 396904  Duplicates: 0  Warnings: 0

Query OK, 74233 rows affected (4.01 sec)
Records: 74233  Duplicates: 0  Warnings: 0

Query OK, 0 rows affected (0.14 sec)

Query OK, 399322 rows affected (37.90 sec)
Records: 399322  Duplicates: 0  Warnings: 0

Query OK, 0 rows affected (0.01 sec)

Query OK, 0 rows affected (0.00 sec)

Query OK, 0 rows affected, 1 warning (0.00 sec)

Query OK, 0 rows affected (0.01 sec)

Query OK, 41852 rows affected (11.86 sec)
Records: 41852  Duplicates: 0  Warnings: 0

Query OK, 0 rows affected (0.01 sec)

Query OK, 0 rows affected (0.01 sec)

Query OK, 0 rows affected (0.01 sec)

Query OK, 37871 rows affected, 5 warnings (5.92 sec)
Records: 37871  Duplicates: 0  Warnings: 5

+----------------------+
| rep_custconsolidated |
+----------------------+
|                37871 |
+----------------------+
1 row in set (0.03 sec)

Query OK, 0 rows affected (0.00 sec)

+-----------+------------------------------------+------------+-------------+-----------------+------------------+---------------------+-------------------+
| HFC_NODE  | NODENAME                           | CMTS_DATE  | INSERTED_ON | UNIQUE_ACCOUNTS | UNIQUE_CONTRACTS | UNIQUE_MAC_INRCBOSS | UNIQUE_MAC_INCMTS |
+-----------+------------------------------------+------------+-------------+-----------------+------------------+---------------------+-------------------+
| NULL      | NULL                               | NULL       | 2019-02-08  |           10196 |            10867 |               10972 |                 0 |
| C5/0/0/U0 | ANSE-BOILEAU-2                     | 2019-02-04 | 2019-02-08  |             117 |              120 |                 116 |               118 |
| C5/0/0/U1 | 500-C3-ANSE-BOILEAU                | 2019-02-04 | 2019-02-08  |             226 |              233 |                 226 |               228 |
| C5/0/1/U0 | 501-C4-LA-MISIERE-LEFT-I           | 2019-02-04 | 2019-02-08  |             204 |              211 |                 203 |               206 |
| C5/0/1/U1 | 501-C5-LA-MISIERE-RIGHT            | 2019-02-04 | 2019-02-08  |              99 |              103 |                  99 |               100 |
| C5/0/1/U2 | 501-C7-LA-MISIERE-LEFT-II          | 2019-02-04 | 2019-02-08  |             103 |              108 |                 103 |               103 |
| C5/0/2/U0 | 502-C8-LA-LOUISE                   | 2019-02-04 | 2019-02-08  |             147 |              151 |                 147 |               149 |
| C5/0/2/U1 | LA-LOUISE-2                        | 2019-02-04 | 2019-02-08  |             152 |              155 |                 153 |               154 |
| C5/0/3/U0 | 504-C6-PETIT-PARIS                 | 2019-02-04 | 2019-02-08  |             156 |              158 |                 156 |               158 |
| C5/0/3/U1 | PETIT-PARIS-23                     | 2019-02-04 | 2019-02-08  |              75 |               78 |                  75 |                75 |
| C5/0/4/U0 | FOUR-SEASONS                       | 2019-02-04 | 2019-02-08  |               6 |               23 |                  23 |                23 |
| C5/0/4/U1 | ANCHOR-CAFE-I                      | 2019-02-04 | 2019-02-08  |             155 |              158 |                 155 |               155 |
| C5/0/4/U2 | ANCHOR-CAFE-II                     | 2019-02-04 | 2019-02-08  |             146 |              150 |                 145 |               145 |
| C5/1/0/U0 | POINTE-LARUE-AIRPORT-23            | 2019-02-04 | 2019-02-08  |             110 |              115 |                 110 |               112 |
| C5/1/0/U1 | PPROVIDENCE-23                     | 2019-02-04 | 2019-02-08  |              24 |               28 |                  25 |                25 |
| C5/1/0/U2 | ROSHE-CAIMAN-23                    | 2019-02-04 | 2019-02-08  |              11 |               12 |                  11 |                11 |
| C5/1/0/U3 | HEAD-OFFICE | HO-23                | 2019-02-04 | 2019-02-08  |              24 |               26 |                  25 |                25 |
| C5/1/1/U1 | C5-UNION-VALE                      | 2019-02-04 | 2019-02-08  |             195 |              203 |                 195 |               196 |
| C5/1/3/U0 | POINTE-LARUE-AIRPORT-27            | 2019-02-04 | 2019-02-08  |             140 |              146 |                 141 |               142 |
| C5/1/3/U1 | PPROVIDENCE-27                     | 2019-02-04 | 2019-02-08  |              34 |               34 |                  34 |                34 |
| C5/1/3/U2 | ROSHE-CAIMAN-27                    | 2019-02-04 | 2019-02-08  |              22 |               22 |                  22 |                22 |
| C5/1/3/U3 | HEAD-OFFICE | HO-27                | 2019-02-04 | 2019-02-08  |              22 |               22 |                  22 |                22 |
| C5/1/4/U0 | ANSE-ROYALE-27                     | 2019-02-04 | 2019-02-08  |             185 |              194 |                 186 |               188 |
| C5/1/4/U1 | GLACIS-2-57                        | 2019-02-04 | 2019-02-08  |             147 |              155 |                 147 |               148 |
| C5/1/4/U3 | GLACIS-1                           | 2019-02-04 | 2019-02-08  |              61 |               64 |                  61 |                62 |
| C6/0/1/U0 | SERRET-ROAD-RIGHT/CURIO/PASCAL     | 2019-02-04 | 2019-02-08  |             144 |              149 |                 144 |               146 |
| C6/0/1/U1 | SERRET-ROAD-LEFT/ST.LOUIS/TOWN     | 2019-02-04 | 2019-02-08  |             181 |              191 |                 181 |               182 |
| C6/0/1/U2 | SERRET-ROAD-RIGHT/CURIO/PASCAL-2   | 2019-02-04 | 2019-02-08  |             123 |              126 |                 123 |               123 |
| C6/0/1/U3 | SERRET-ROAD-LEFT/ST.LOUIS/TOWN-2   | 2019-02-04 | 2019-02-08  |             118 |              123 |                 118 |               118 |
| C6/0/2/U0 | SANS-SOUCIS-I                      | 2019-02-04 | 2019-02-08  |             126 |              129 |                 126 |               126 |
| C6/0/2/U1 | SANS-SOUCIS-II                     | 2019-02-04 | 2019-02-08  |             112 |              120 |                 111 |               112 |
| C6/0/2/U2 | BEL-AIR-27                         | 2019-02-04 | 2019-02-08  |             100 |              106 |                 100 |               101 |
| C6/0/2/U3 | BEL-AIR-38                         | 2019-02-04 | 2019-02-08  |             106 |              110 |                 106 |               106 |
| C6/0/3/U0 | LES-MAMELLES-23                    | 2019-02-04 | 2019-02-08  |              68 |               68 |                  68 |                68 |
| C6/0/3/U1 | VICTORIA-23                        | 2019-02-04 | 2019-02-08  |              30 |               35 |                  33 |                35 |
| C6/0/4/U0 | LES-MAMELLES-27                    | 2019-02-04 | 2019-02-08  |              83 |               84 |                  83 |                84 |
| C6/0/4/U1 | VICTORIA-27                        | 2019-02-04 | 2019-02-08  |              34 |               37 |                  34 |                36 |
| C7/1/0/U0 | LA-RETRAITE-23                     | 2019-02-04 | 2019-02-08  |             118 |              124 |                 119 |               119 |
| C7/1/0/U1 | TEA-FACTORY-23                     | 2019-02-04 | 2019-02-08  |              34 |               38 |                  34 |                34 |
| C7/1/0/U2 | PAS-23                             | 2019-02-04 | 2019-02-08  |             100 |              105 |                 101 |               101 |
| C7/1/1/U0 | REEF-ESTATE-23                     | 2019-02-04 | 2019-02-08  |              95 |               97 |                  95 |                97 |
| C7/1/1/U1 | BEL-OMBRE-NEW-23                   | 2019-02-04 | 2019-02-08  |              39 |               45 |                  43 |                44 |
| C7/1/2/U0 | LA-RETRAITE-27                     | 2019-02-04 | 2019-02-08  |             119 |              126 |                 118 |               120 |
| C7/1/2/U1 | TEA-FACTORY-27                     | 2019-02-04 | 2019-02-08  |              12 |               15 |                  14 |                14 |
| C7/1/2/U2 | PAS-27                             | 2019-02-04 | 2019-02-08  |             105 |              114 |                 107 |               108 |
| C7/1/3/U0 | MT-BUXTON-27                       | 2019-02-04 | 2019-02-08  |             116 |              119 |                 116 |               118 |
| C7/1/3/U1 | MT-BUXTON-23                       | 2019-02-04 | 2019-02-08  |             104 |              106 |                 103 |               105 |
| C7/1/4/U0 | REEF-ESTATE-27                     | 2019-02-04 | 2019-02-08  |              68 |               69 |                  68 |                69 |
| C7/1/4/U1 | BEL-OMBRE-NEW-27                   | 2019-02-04 | 2019-02-08  |              17 |               17 |                  17 |                17 |
| C8/0/0/U0 | POLICE-ACADEMY-1-27 - POINTE LARUE | 2019-02-04 | 2019-02-08  |             363 |              372 |                 363 |               365 |
| C8/0/1/U1 | POLICE-ACADEMY-2-27 - TURTLE BAY   | 2019-02-04 | 2019-02-08  |             266 |              278 |                 268 |               270 |
| C8/0/2/U0 | BEAU-VALLON-LEFT-1-57              | 2019-02-04 | 2019-02-08  |             106 |              111 |                 105 |               105 |
| C8/0/3/U1 | BEAU-VALLON-RIGHT-2-57             | 2019-02-04 | 2019-02-08  |             208 |              217 |                 208 |               210 |
| C8/1/0/U0 | MA-JOIE-NODE-27                    | 2019-02-04 | 2019-02-08  |             107 |              109 |                 107 |               109 |
| C8/1/0/U1 | BELONIE-27                         | 2019-02-04 | 2019-02-08  |             140 |              145 |                 138 |               139 |
| C8/1/0/U3 | MA-JOIE-NODE-23                    | 2019-02-04 | 2019-02-08  |             130 |              135 |                 130 |               133 |
| C8/1/1/U0 | 611-C1-ROJN I                      | 2019-02-04 | 2019-02-08  |             198 |              204 |                 198 |               200 |
| C8/1/1/U1 | 611-C5-ROJN II                     | 2019-02-04 | 2019-02-08  |              54 |               58 |                  54 |                54 |
| C8/1/2/U0 | 612-C2-ANSE-ETOILE                 | 2019-02-04 | 2019-02-08  |             199 |              206 |                 197 |               198 |
| C8/1/2/U1 | ANSE-ETOILE-U2                     | 2019-02-04 | 2019-02-08  |              90 |               92 |                  91 |                91 |
| C8/1/3/U0 | 613-C3-ANSE-GAULETTE I             | 2019-02-04 | 2019-02-08  |              52 |               56 |                  52 |                52 |
| C8/1/3/U1 | 613-C7-ANSE-GAULETTE II            | 2019-02-04 | 2019-02-08  |              68 |               74 |                  68 |                68 |
| C8/1/3/U2 | 613-C3-ANSE-GAULETTE III           | 2019-02-04 | 2019-02-08  |              54 |               59 |                  54 |                54 |
| C8/1/3/U3 | TAKAMAKA I                         | 2019-02-04 | 2019-02-08  |              99 |               99 |                  99 |                99 |
| C8/1/3/U4 | TAKAMAKA II                        | 2019-02-04 | 2019-02-08  |             101 |              103 |                 101 |               103 |
| C8/1/4/U0 | 614-BEOLIERE-NODE-1                | 2019-02-04 | 2019-02-08  |             141 |              149 |                 141 |               142 |
| C8/1/4/U1 | 614-BEOLIERE-NODE-2                | 2019-02-04 | 2019-02-08  |              82 |               87 |                  82 |                82 |
+-----------+------------------------------------+------------+-------------+-----------------+------------------+---------------------+-------------------+
67 rows in set (0.31 sec)

+------------------+------------+-------------+-----------------+------------------+----------------------+-------------------+
| MXK_NAME         | MXK_DATE   | INSERTED_ON | UNIQUE_ACCOUNTS | UNIQUE_CONTRACTS | UNIQUE_FSAN_INRCBOSS | UNIQUE_FSAN_INMXK |
+------------------+------------+-------------+-----------------+------------------+----------------------+-------------------+
| NULL             | NULL       | 2019-02-08  |             490 |              505 |                  496 |                 0 |
| MXK-ANSEETOILE   | 2019-02-04 | 2019-02-08  |              59 |               60 |                   60 |                62 |
| MXK-ANSEROYALE   | 2019-02-04 | 2019-02-08  |             121 |              122 |                  122 |               128 |
| MXK-BEAUVALLON   | 2019-02-04 | 2019-02-08  |             970 |              983 |                  978 |              1006 |
| MXK-MAHE         | 2019-02-04 | 2019-02-08  |             852 |              884 |                  839 |               951 |
| MXK-PERSEVERANCE | 2019-02-04 | 2019-02-08  |            1033 |             1052 |                 1048 |              1087 |
| MXK-PRASLIN      | 2019-02-04 | 2019-02-08  |            1156 |             1161 |                 1153 |              1199 |
+------------------+------------+-------------+-----------------+------------------+----------------------+-------------------+
7 rows in set (0.09 sec)

mysql> mysql \. C:\workspace\cloud\code\sql\_DailyScript\currenttime.sql
+---------------------+
| currenttime         |
+---------------------+
| 2019-02-08 12:16:26 |
+---------------------+
1 row in set (0.00 sec)

mysql> 
mysql> mysql \. C:\workspace\cloud\code\sql\_DailyScript\sales-to-activenumber.sql
Database changed
Query OK, 0 rows affected (0.01 sec)

Query OK, 12933 rows affected (25 min 2.23 sec)
Records: 12933  Duplicates: 0  Warnings: 0

Query OK, 0 rows affected (0.05 sec)

Query OK, 44263 rows affected (24 min 43.18 sec)
Records: 44263  Duplicates: 0  Warnings: 0

mysql> mysql \. C:\workspace\cloud\code\sql\_DailyScript\currenttime.sql
+---------------------+
| currenttime         |
+---------------------+
| 2019-02-08 13:06:11 |
+---------------------+
1 row in set (0.01 sec)

mysql> 
mysql> exit
