    -> 
    -> mysql \. C:\workspace\cloud\code\sql\_DailyScript\_setdates.sql
Database changed
Query OK, 0 rows affected (0.00 sec)

Query OK, 0 rows affected (0.00 sec)

Query OK, 0 rows affected (0.00 sec)

Query OK, 0 rows affected (0.00 sec)

Query OK, 0 rows affected (0.00 sec)

Query OK, 0 rows affected (0.02 sec)

Query OK, 0 rows affected (0.00 sec)

Query OK, 0 rows affected (0.00 sec)

mysql> 
mysql> mysql \. C:\workspace\cloud\code\sql\_DailyScript\REVENUE_PER_NODE_MXK.sql
Query OK, 0 rows affected, 1 warning (0.00 sec)

Query OK, 4805 rows affected (12 min 43.10 sec)
Records: 4805  Duplicates: 0  Warnings: 0

Query OK, 0 rows affected, 1 warning (0.00 sec)

Query OK, 4513 rows affected (13 min 24.88 sec)
Records: 4513  Duplicates: 0  Warnings: 0

Query OK, 0 rows affected (0.01 sec)

Query OK, 5045 rows affected (0.30 sec)
Records: 5045  Duplicates: 0  Warnings: 0

Query OK, 0 rows affected (0.00 sec)

Query OK, 0 rows affected (0.00 sec)

Query OK, 0 rows affected, 1 warning (0.00 sec)

Query OK, 36338 rows affected (20 min 55.26 sec)
Records: 36338  Duplicates: 0  Warnings: 0

Query OK, 0 rows affected, 1 warning (0.00 sec)

Query OK, 24718 rows affected (16 min 56.78 sec)
Records: 24718  Duplicates: 0  Warnings: 0

Query OK, 0 rows affected (0.02 sec)

Query OK, 19269 rows affected (1.49 sec)
Records: 19269  Duplicates: 0  Warnings: 0

Query OK, 0 rows affected (0.00 sec)

Query OK, 0 rows affected (0.02 sec)

Query OK, 0 rows affected (0.01 sec)

Query OK, 24314 rows affected (1.54 sec)
Records: 24314  Duplicates: 0  Warnings: 0

Query OK, 0 rows affected (0.10 sec)

Query OK, 421335 rows affected (1 min 26.99 sec)
Records: 421335  Duplicates: 0  Warnings: 0

Query OK, 0 rows affected (0.00 sec)

Query OK, 7863 rows affected (2.69 sec)
Rows matched: 7863  Changed: 7863  Warnings: 0

Query OK, 0 rows affected (0.05 sec)

Query OK, 1527744 rows affected (5 min 45.52 sec)
Records: 1527744  Duplicates: 0  Warnings: 0

Query OK, 0 rows affected (0.04 sec)

Query OK, 1759430 rows affected (3 min 59.91 sec)
Records: 1759430  Duplicates: 0  Warnings: 0

Query OK, 0 rows affected (0.02 sec)

Query OK, 70137 rows affected (15.04 sec)
Records: 70137  Duplicates: 0  Warnings: 0

Query OK, 0 rows affected (0.00 sec)

Query OK, 21454 rows affected (13.43 sec)
Records: 21454  Duplicates: 0  Warnings: 0

Query OK, 0 rows affected (0.01 sec)

Query OK, 41706 rows affected (2.52 sec)
Records: 41706  Duplicates: 0  Warnings: 0

Query OK, 0 rows affected (0.00 sec)

Query OK, 3221 rows affected (1.84 sec)
Records: 3221  Duplicates: 0  Warnings: 0

Query OK, 0 rows affected (0.01 sec)

Query OK, 2586 rows affected (1.32 sec)
Records: 2586  Duplicates: 0  Warnings: 0

Query OK, 0 rows affected (0.00 sec)

Query OK, 41706 rows affected (1.79 sec)
Records: 41706  Duplicates: 0  Warnings: 0

Query OK, 0 rows affected (0.00 sec)

Query OK, 0 rows affected (0.05 sec)

Query OK, 393436 rows affected (58.48 sec)
Records: 393436  Duplicates: 0  Warnings: 0

Query OK, 0 rows affected (0.08 sec)

Query OK, 70577 rows affected (7.19 sec)
Records: 70577  Duplicates: 0  Warnings: 0

Query OK, 0 rows affected, 1 warning (0.00 sec)

Query OK, 395717 rows affected (1 hour 31 min 38.59 sec)
Records: 395717  Duplicates: 0  Warnings: 0

Query OK, 0 rows affected (0.03 sec)

Query OK, 41706 rows affected (14.01 sec)
Records: 41706  Duplicates: 0  Warnings: 0

Query OK, 0 rows affected (0.02 sec)

Query OK, 0 rows affected (0.00 sec)

Query OK, 0 rows affected (0.02 sec)

Query OK, 37751 rows affected, 5 warnings (5.78 sec)
Records: 37751  Duplicates: 0  Warnings: 5

+----------------------+
| rep_custconsolidated |
+----------------------+
|                37751 |
+----------------------+
1 row in set (0.02 sec)

Query OK, 0 rows affected (0.00 sec)

+-----------+------------------------------------+------------+-------------+-----------------+------------------+---------------------+-------------------+
| HFC_NODE  | NODENAME                           | CMTS_DATE  | INSERTED_ON | UNIQUE_ACCOUNTS | UNIQUE_CONTRACTS | UNIQUE_MAC_INRCBOSS | UNIQUE_MAC_INCMTS |
+-----------+------------------------------------+------------+-------------+-----------------+------------------+---------------------+-------------------+
| NULL      | NULL                               | NULL       | 2019-01-07  |           10322 |            10983 |               11085 |                 0 |
| C5/0/0/U0 | ANSE-BOILEAU-2                     | 2019-01-01 | 2019-01-07  |             115 |              120 |                 115 |               115 |
| C5/0/0/U1 | 500-C3-ANSE-BOILEAU                | 2019-01-01 | 2019-01-07  |             210 |              217 |                 209 |               210 |
| C5/0/1/U0 | 501-C4-LA-MISIERE-LEFT-I           | 2019-01-01 | 2019-01-07  |             188 |              198 |                 188 |               188 |
| C5/0/1/U1 | 501-C5-LA-MISIERE-RIGHT            | 2019-01-01 | 2019-01-07  |             100 |              105 |                 100 |               100 |
| C5/0/1/U2 | 501-C7-LA-MISIERE-LEFT-II          | 2019-01-01 | 2019-01-07  |             123 |              126 |                 123 |               123 |
| C5/0/2/U0 | 502-C8-LA-LOUISE                   | 2019-01-01 | 2019-01-07  |             155 |              159 |                 155 |               156 |
| C5/0/2/U1 | LA-LOUISE-2                        | 2019-01-01 | 2019-01-07  |             132 |              136 |                 133 |               133 |
| C5/0/3/U0 | 504-C6-PETIT-PARIS                 | 2019-01-01 | 2019-01-07  |             148 |              152 |                 148 |               148 |
| C5/0/3/U1 | PETIT-PARIS-23                     | 2019-01-01 | 2019-01-07  |              72 |               73 |                  72 |                73 |
| C5/0/4/U0 | FOUR-SEASONS                       | 2019-01-01 | 2019-01-07  |               5 |               16 |                  16 |                16 |
| C5/0/4/U1 | ANCHOR-CAFE-I                      | 2019-01-01 | 2019-01-07  |             147 |              150 |                 147 |               148 |
| C5/0/4/U2 | ANCHOR-CAFE-II                     | 2019-01-01 | 2019-01-07  |             139 |              143 |                 139 |               139 |
| C5/1/0/U0 | POINTE-LARUE-AIRPORT-23            | 2019-01-01 | 2019-01-07  |             120 |              129 |                 122 |               122 |
| C5/1/0/U1 | PPROVIDENCE-23                     | 2019-01-01 | 2019-01-07  |              27 |               32 |                  28 |                28 |
| C5/1/0/U2 | ROSHE-CAIMAN-23                    | 2019-01-01 | 2019-01-07  |               8 |                9 |                   8 |                 8 |
| C5/1/0/U3 | HEAD-OFFICE | HO-23                | 2019-01-01 | 2019-01-07  |              19 |               20 |                  21 |                21 |
| C5/1/1/U1 | C5-UNION-VALE                      | 2019-01-01 | 2019-01-07  |             190 |              197 |                 190 |               191 |
| C5/1/3/U0 | POINTE-LARUE-AIRPORT-27            | 2019-01-01 | 2019-01-07  |             121 |              123 |                 121 |               123 |
| C5/1/3/U1 | PPROVIDENCE-27                     | 2019-01-01 | 2019-01-07  |              32 |               32 |                  32 |                32 |
| C5/1/3/U2 | ROSHE-CAIMAN-27                    | 2019-01-01 | 2019-01-07  |              27 |               27 |                  27 |                27 |
| C5/1/3/U3 | HEAD-OFFICE | HO-27                | 2019-01-01 | 2019-01-07  |              19 |               19 |                  19 |                19 |
| C5/1/4/U0 | ANSE-ROYALE-27                     | 2019-01-01 | 2019-01-07  |             173 |              183 |                 174 |               175 |
| C5/1/4/U1 | GLACIS-2-57                        | 2019-01-01 | 2019-01-07  |             139 |              146 |                 139 |               140 |
| C5/1/4/U3 | GLACIS-1                           | 2019-01-01 | 2019-01-07  |              67 |               71 |                  67 |                69 |
| C6/0/1/U0 | SERRET-ROAD-RIGHT/CURIO/PASCAL     | 2019-01-01 | 2019-01-07  |             112 |              118 |                 111 |               111 |
| C6/0/1/U1 | SERRET-ROAD-LEFT/ST.LOUIS/TOWN     | 2019-01-01 | 2019-01-07  |             148 |              157 |                 148 |               149 |
| C6/0/1/U2 | SERRET-ROAD-RIGHT/CURIO/PASCAL-2   | 2019-01-01 | 2019-01-07  |             147 |              150 |                 147 |               148 |
| C6/0/1/U3 | SERRET-ROAD-LEFT/ST.LOUIS/TOWN-2   | 2019-01-01 | 2019-01-07  |             147 |              154 |                 147 |               148 |
| C6/0/2/U0 | SANS-SOUCIS-I                      | 2019-01-01 | 2019-01-07  |             129 |              136 |                 129 |               129 |
| C6/0/2/U1 | SANS-SOUCIS-II                     | 2019-01-01 | 2019-01-07  |             101 |              105 |                 100 |               100 |
| C6/0/2/U2 | BEL-AIR-27                         | 2019-01-01 | 2019-01-07  |             121 |              125 |                 121 |               121 |
| C6/0/2/U3 | BEL-AIR-38                         | 2019-01-01 | 2019-01-07  |              88 |               93 |                  88 |                88 |
| C6/0/3/U0 | LES-MAMELLES-23                    | 2019-01-01 | 2019-01-07  |              91 |               93 |                  91 |                91 |
| C6/0/3/U1 | VICTORIA-23                        | 2019-01-01 | 2019-01-07  |              36 |               44 |                  40 |                40 |
| C6/0/4/U0 | LES-MAMELLES-27                    | 2019-01-01 | 2019-01-07  |              42 |               42 |                  42 |                42 |
| C6/0/4/U1 | VICTORIA-27                        | 2019-01-01 | 2019-01-07  |              35 |               36 |                  35 |                38 |
| C7/1/0/U0 | LA-RETRAITE-23                     | 2019-01-01 | 2019-01-07  |             129 |              137 |                 130 |               131 |
| C7/1/0/U1 | TEA-FACTORY-23                     | 2019-01-01 | 2019-01-07  |              21 |               23 |                  21 |                21 |
| C7/1/0/U2 | PAS-23                             | 2019-01-01 | 2019-01-07  |             125 |              130 |                 125 |               126 |
| C7/1/1/U0 | REEF-ESTATE-23                     | 2019-01-01 | 2019-01-07  |              84 |               86 |                  84 |                84 |
| C7/1/1/U1 | BEL-OMBRE-NEW-23                   | 2019-01-01 | 2019-01-07  |              31 |               38 |                  37 |                37 |
| C7/1/2/U0 | LA-RETRAITE-27                     | 2019-01-01 | 2019-01-07  |             100 |              107 |                 100 |               100 |
| C7/1/2/U1 | TEA-FACTORY-27                     | 2019-01-01 | 2019-01-07  |              25 |               32 |                  28 |                28 |
| C7/1/2/U2 | PAS-27                             | 2019-01-01 | 2019-01-07  |              88 |               95 |                  90 |                90 |
| C7/1/3/U0 | MT-BUXTON-27                       | 2019-01-01 | 2019-01-07  |             140 |              144 |                 140 |               142 |
| C7/1/3/U1 | MT-BUXTON-23                       | 2019-01-01 | 2019-01-07  |              77 |               79 |                  76 |                76 |
| C7/1/4/U0 | REEF-ESTATE-27                     | 2019-01-01 | 2019-01-07  |              83 |               84 |                  83 |                84 |
| C7/1/4/U1 | BEL-OMBRE-NEW-27                   | 2019-01-01 | 2019-01-07  |              23 |               24 |                  23 |                24 |
| C8/0/0/U0 | POLICE-ACADEMY-1-27 - POINTE LARUE | 2019-01-01 | 2019-01-07  |             359 |              370 |                 359 |               361 |
| C8/0/1/U1 | POLICE-ACADEMY-2-27 - TURTLE BAY   | 2019-01-01 | 2019-01-07  |             263 |              276 |                 265 |               266 |
| C8/0/2/U0 | BEAU-VALLON-LEFT-1-57              | 2019-01-01 | 2019-01-07  |             122 |              127 |                 121 |               121 |
| C8/0/3/U1 | BEAU-VALLON-RIGHT-2-57             | 2019-01-01 | 2019-01-07  |             210 |              219 |                 210 |               211 |
| C8/1/0/U0 | MA-JOIE-NODE-27                    | 2019-01-01 | 2019-01-07  |             120 |              123 |                 120 |               121 |
| C8/1/0/U1 | BELONIE-27                         | 2019-01-01 | 2019-01-07  |             139 |              143 |                 137 |               138 |
| C8/1/0/U3 | MA-JOIE-NODE-23                    | 2019-01-01 | 2019-01-07  |             107 |              108 |                 107 |               110 |
| C8/1/1/U0 | 611-C1-ROJN I                      | 2019-01-01 | 2019-01-07  |             177 |              184 |                 177 |               179 |
| C8/1/1/U1 | 611-C5-ROJN II                     | 2019-01-01 | 2019-01-07  |              64 |               68 |                  64 |                66 |
| C8/1/2/U0 | 612-C2-ANSE-ETOILE                 | 2019-01-01 | 2019-01-07  |             194 |              198 |                 192 |               192 |
| C8/1/2/U1 | ANSE-ETOILE-U2                     | 2019-01-01 | 2019-01-07  |              84 |               88 |                  84 |                84 |
| C8/1/3/U0 | 613-C3-ANSE-GAULETTE I             | 2019-01-01 | 2019-01-07  |              60 |               68 |                  60 |                60 |
| C8/1/3/U1 | 613-C7-ANSE-GAULETTE II            | 2019-01-01 | 2019-01-07  |              69 |               75 |                  69 |                69 |
| C8/1/3/U2 | 613-C3-ANSE-GAULETTE III           | 2019-01-01 | 2019-01-07  |              42 |               46 |                  42 |                42 |
| C8/1/3/U3 | TAKAMAKA I                         | 2019-01-01 | 2019-01-07  |              75 |               77 |                  75 |                76 |
| C8/1/3/U4 | TAKAMAKA II                        | 2019-01-01 | 2019-01-07  |             116 |              116 |                 116 |               116 |
| C8/1/4/U0 | 614-BEOLIERE-NODE-1                | 2019-01-01 | 2019-01-07  |             112 |              119 |                 112 |               114 |
| C8/1/4/U1 | 614-BEOLIERE-NODE-2                | 2019-01-01 | 2019-01-07  |             105 |              111 |                 105 |               106 |
+-----------+------------------------------------+------------+-------------+-----------------+------------------+---------------------+-------------------+
67 rows in set (0.34 sec)

+------------------+------------+-------------+-----------------+------------------+----------------------+-------------------+
| MXK_NAME         | MXK_DATE   | INSERTED_ON | UNIQUE_ACCOUNTS | UNIQUE_CONTRACTS | UNIQUE_FSAN_INRCBOSS | UNIQUE_FSAN_INMXK |
+------------------+------------+-------------+-----------------+------------------+----------------------+-------------------+
| NULL             | NULL       | 2019-01-07  |             502 |              517 |                  511 |                 0 |
| MXK-ANSEETOILE   | 2019-01-01 | 2019-01-07  |              58 |               59 |                   59 |                60 |
| MXK-ANSEROYALE   | 2019-01-01 | 2019-01-07  |             115 |              116 |                  116 |               120 |
| MXK-BEAUVALLON   | 2019-01-01 | 2019-01-07  |             932 |              945 |                  940 |               968 |
| MXK-MAHE         | 2019-01-01 | 2019-01-07  |             854 |              886 |                  839 |               950 |
| MXK-PERSEVERANCE | 2019-01-01 | 2019-01-07  |            1030 |             1050 |                 1045 |              1075 |
| MXK-PRASLIN      | 2019-01-01 | 2019-01-07  |            1136 |             1140 |                 1132 |              1170 |
+------------------+------------+-------------+-----------------+------------------+----------------------+-------------------+
7 rows in set (0.17 sec)

mysql> 
mysql> mysql \. C:\workspace\cloud\code\sql\_DailyScript\sales-to-activenumber.sql
Database changed
+---------------------+
| currenttime         |
+---------------------+
| 2019-01-07 15:45:08 |
+---------------------+
1 row in set (0.00 sec)

Query OK, 0 rows affected (0.00 sec)

Query OK, 12641 rows affected (26 min 34.67 sec)
Records: 12641  Duplicates: 0  Warnings: 0

+---------------------+
| currenttime         |
+---------------------+
| 2019-01-07 16:11:42 |
+---------------------+
1 row in set (0.00 sec)

Query OK, 0 rows affected (0.05 sec)

Query OK, 42395 rows affected (32 min 8.02 sec)
Records: 42395  Duplicates: 0  Warnings: 0

mysql> 
mysql> exit
