    -> 
    -> mysql \. C:\workspace\cloud\code\sql\_DailyScript\_setdates.sql
Database changed
Query OK, 0 rows affected (0.00 sec)

Query OK, 0 rows affected (0.00 sec)

Query OK, 0 rows affected (0.00 sec)

Query OK, 0 rows affected (0.00 sec)

Query OK, 0 rows affected (0.00 sec)

Query OK, 0 rows affected (0.00 sec)

Query OK, 0 rows affected (0.00 sec)

Query OK, 0 rows affected (0.00 sec)

Query OK, 0 rows affected (0.00 sec)

Query OK, 0 rows affected (0.00 sec)

Query OK, 0 rows affected (0.00 sec)

Query OK, 0 rows affected (0.00 sec)

Query OK, 0 rows affected (0.00 sec)

Query OK, 0 rows affected (0.00 sec)

Query OK, 0 rows affected (0.00 sec)

Query OK, 0 rows affected (0.00 sec)

Query OK, 0 rows affected (0.00 sec)

Query OK, 0 rows affected (0.00 sec)

Query OK, 0 rows affected (0.00 sec)

Query OK, 0 rows affected (0.00 sec)

Query OK, 0 rows affected (0.00 sec)

mysql> mysql \. C:\workspace\cloud\code\sql\_DailyScript\currenttime.sql
+---------------------+
| currenttime         |
+---------------------+
| 2019-10-12 15:59:22 |
+---------------------+
1 row in set (0.00 sec)

mysql> 
mysql> mysql \. C:\workspace\cloud\code\sql\_DailyScript\load_RCB_VODTITLES.sql
Database changed
Query OK, 0 rows affected (0.00 sec)

Query OK, 7346 rows affected (0.04 sec)

Query OK, 7374 rows affected, 7374 warnings (0.20 sec)
Records: 7374  Deleted: 0  Skipped: 0  Warnings: 7374

Query OK, 0 rows affected (0.00 sec)

Query OK, 2 rows affected (0.01 sec)

+-----------+
| VODTITLES |
+-----------+
|      7832 |
+-----------+
1 row in set (0.00 sec)

+-----------+-----------+
| titletype | typecount |
+-----------+-----------+
| E         |      5876 |
| N         |       213 |
| T         |      1283 |
| NULL      |      7372 |
+-----------+-----------+
4 rows in set (0.03 sec)

mysql> mysql \. C:\workspace\cloud\code\sql\_DailyScript\currenttime.sql
+---------------------+
| currenttime         |
+---------------------+
| 2019-10-12 15:59:22 |
+---------------------+
1 row in set (0.00 sec)

mysql> 
mysql> mysql \. C:\workspace\cloud\code\sql\_DailyScript\DAILY-SCRIPT-LIVETV-STATS.sql
Database changed
Query OK, 0 rows affected (0.08 sec)

Query OK, 60729 rows affected (0.90 sec)
Records: 60729  Duplicates: 0  Warnings: 0

+------------+------------+----------+--------------+--------------+-----------+-------------+----------+--------+------+------------+---------+---------------+
| Table      | Non_unique | Key_name | Seq_in_index | Column_name  | Collation | Cardinality | Sub_part | Packed | Null | Index_type | Comment | Index_comment |
+------------+------------+----------+--------------+--------------+-----------+-------------+----------+--------+------+------------+---------+---------------+
| templivetv |          1 | idxtv1   |            1 | device       | A         |       60743 |     NULL | NULL   | YES  | BTREE      |         |               |
| templivetv |          1 | idxtv2   |            1 | sessionstart | A         |       60743 |     NULL | NULL   | YES  | BTREE      |         |               |
+------------+------------+----------+--------------+--------------+-----------+-------------+----------+--------+------+------------+---------+---------------+
2 rows in set (0.00 sec)

Query OK, 60637 rows affected (16.79 sec)
Records: 60637  Duplicates: 0  Warnings: 0

Query OK, 2669 rows affected (0.77 sec)
Records: 2669  Duplicates: 0  Warnings: 0

Query OK, 0 rows affected (0.00 sec)

Query OK, 0 rows affected (0.00 sec)

Query OK, 141 rows affected (0.04 sec)
Records: 141  Duplicates: 0  Warnings: 0

Query OK, 0 rows affected (0.02 sec)

Query OK, 91907 rows affected (23 min 24.77 sec)
Records: 91907  Duplicates: 0  Warnings: 0

+-----------------+
| rep_livetvstats |
+-----------------+
|           91907 |
+-----------------+
1 row in set (0.04 sec)

mysql> mysql \. C:\workspace\cloud\code\sql\_DailyScript\currenttime.sql
+---------------------+
| currenttime         |
+---------------------+
| 2019-10-12 16:23:06 |
+---------------------+
1 row in set (0.00 sec)

mysql> 
mysql> mysql \. C:\workspace\cloud\code\sql\_DailyScript\DAILY-SCRIPT-VODTS-STATS.sql
Database changed
Query OK, 0 rows affected (0.01 sec)

Query OK, 2280 rows affected (50.06 sec)
Records: 2280  Duplicates: 0  Warnings: 0

+---------+------------+----------+--------------+--------------+-----------+-------------+----------+--------+------+------------+---------+---------------+
| Table   | Non_unique | Key_name | Seq_in_index | Column_name  | Collation | Cardinality | Sub_part | Packed | Null | Index_type | Comment | Index_comment |
+---------+------------+----------+--------------+--------------+-----------+-------------+----------+--------+------+------------+---------+---------------+
| tempvod |          1 | idxtvod1 |            1 | device       | A         |        2416 |     NULL | NULL   | YES  | BTREE      |         |               |
| tempvod |          1 | idxtvod2 |            1 | sessionstart | A         |        2416 |     NULL | NULL   | YES  | BTREE      |         |               |
+---------+------------+----------+--------------+--------------+-----------+-------------+----------+--------+------+------------+---------+---------------+
2 rows in set (0.00 sec)

Query OK, 2276 rows affected (2.32 sec)
Records: 2276  Duplicates: 0  Warnings: 0

Query OK, 0 rows affected (0.01 sec)

Query OK, 357653 rows affected (38.82 sec)
Records: 357653  Duplicates: 0  Warnings: 0

+--------------+
| rep_vodstats |
+--------------+
|       357653 |
+--------------+
1 row in set (0.14 sec)

Database changed
Query OK, 0 rows affected (0.01 sec)

Query OK, 13221 rows affected (4 min 50.52 sec)
Records: 13221  Duplicates: 0  Warnings: 0

+--------+------------+----------+--------------+--------------+-----------+-------------+----------+--------+------+------------+---------+---------------+
| Table  | Non_unique | Key_name | Seq_in_index | Column_name  | Collation | Cardinality | Sub_part | Packed | Null | Index_type | Comment | Index_comment |
+--------+------------+----------+--------------+--------------+-----------+-------------+----------+--------+------+------------+---------+---------------+
| tempts |          1 | idxtts1  |            1 | device       | A         |       13365 |     NULL | NULL   | YES  | BTREE      |         |               |
| tempts |          1 | idxtts2  |            1 | sessionstart | A         |       13365 |     NULL | NULL   | YES  | BTREE      |         |               |
+--------+------------+----------+--------------+--------------+-----------+-------------+----------+--------+------+------------+---------+---------------+
2 rows in set (0.00 sec)

Query OK, 13209 rows affected (12.64 sec)
Records: 13209  Duplicates: 0  Warnings: 0

Query OK, 0 rows affected (0.01 sec)

Query OK, 25268 rows affected (4 min 41.41 sec)
Records: 25268  Duplicates: 0  Warnings: 0

+-------------+
| rep_tsstats |
+-------------+
|       25268 |
+-------------+
1 row in set (0.00 sec)

mysql> mysql \. C:\workspace\cloud\code\sql\_DailyScript\currenttime.sql
+---------------------+
| currenttime         |
+---------------------+
| 2019-10-12 16:34:22 |
+---------------------+
1 row in set (0.00 sec)

mysql> 
mysql> mysql \. C:\workspace\cloud\code\sql\_DailyScript\DAILY-SCRIPT-RADIO-STATS.sql
Database changed
Query OK, 0 rows affected (0.02 sec)

Query OK, 183943 rows affected (5.57 sec)
Records: 183943  Duplicates: 0  Warnings: 0

+-----------+------------+----------+--------------+--------------+-----------+-------------+----------+--------+------+------------+---------+---------------+
| Table     | Non_unique | Key_name | Seq_in_index | Column_name  | Collation | Cardinality | Sub_part | Packed | Null | Index_type | Comment | Index_comment |
+-----------+------------+----------+--------------+--------------+-----------+-------------+----------+--------+------+------------+---------+---------------+
| tempradio |          1 | idxtrad1 |            1 | device       | A         |      183894 |     NULL | NULL   | YES  | BTREE      |         |               |
| tempradio |          1 | idxtrad2 |            1 | sessionstart | A         |      183894 |     NULL | NULL   | YES  | BTREE      |         |               |
+-----------+------------+----------+--------------+--------------+-----------+-------------+----------+--------+------+------------+---------+---------------+
2 rows in set (0.00 sec)

Query OK, 247 rows affected (3.92 sec)
Records: 247  Duplicates: 0  Warnings: 0

Query OK, 0 rows affected (0.00 sec)

Query OK, 3418 rows affected (0.33 sec)
Records: 3418  Duplicates: 0  Warnings: 0

+----------------+
| rep_radiostats |
+----------------+
|           3418 |
+----------------+
1 row in set (0.00 sec)

mysql> mysql \. C:\workspace\cloud\code\sql\_DailyScript\currenttime.sql
+---------------------+
| currenttime         |
+---------------------+
| 2019-10-12 16:34:31 |
+---------------------+
1 row in set (0.02 sec)

mysql> 
mysql> mysql \. C:\workspace\cloud\code\sql\_DailyScript\DAILY_SCRIPT_TELEMETRY_PIVOT.sql
Query OK, 0 rows affected (0.02 sec)

Query OK, 148 rows affected (0.24 sec)
Records: 148  Duplicates: 0  Warnings: 0

Query OK, 0 rows affected (0.01 sec)

Query OK, 6306 rows affected (1.70 sec)
Records: 6306  Duplicates: 0  Warnings: 0

Query OK, 0 rows affected (0.00 sec)

Query OK, 6 rows affected (0.02 sec)
Records: 6  Duplicates: 0  Warnings: 0

Query OK, 0 rows affected (0.00 sec)

Query OK, 55 rows affected (0.12 sec)
Records: 55  Duplicates: 0  Warnings: 0

mysql> mysql \. C:\workspace\cloud\code\sql\_DailyScript\currenttime.sql
+---------------------+
| currenttime         |
+---------------------+
| 2019-10-12 16:34:34 |
+---------------------+
1 row in set (0.00 sec)

mysql> 
mysql> mysql \. C:\workspace\cloud\code\sql\_DailyScript\telemetry_livetv_ranking2019.sql
Query OK, 0 rows affected (0.00 sec)

Query OK, 148 rows affected (0.03 sec)
Records: 148  Duplicates: 0  Warnings: 0

mysql> mysql \. C:\workspace\cloud\code\sql\_DailyScript\currenttime.sql
+---------------------+
| currenttime         |
+---------------------+
| 2019-10-12 16:34:34 |
+---------------------+
1 row in set (0.00 sec)

mysql> 
mysql> mysql \. C:\workspace\cloud\code\sql\_DailyScript\telemetry_radio_ranking2019.sql
Query OK, 0 rows affected (0.00 sec)

Query OK, 6 rows affected (0.00 sec)
Records: 6  Duplicates: 0  Warnings: 0

mysql> mysql \. C:\workspace\cloud\code\sql\_DailyScript\currenttime.sql
+---------------------+
| currenttime         |
+---------------------+
| 2019-10-12 16:34:34 |
+---------------------+
1 row in set (0.00 sec)

mysql> 
mysql> mysql \. C:\workspace\cloud\code\sql\_DailyScript\telemetry_ts_ranking2019.sql
Query OK, 0 rows affected (0.00 sec)

Query OK, 55 rows affected (0.01 sec)
Records: 55  Duplicates: 0  Warnings: 0

mysql> mysql \. C:\workspace\cloud\code\sql\_DailyScript\currenttime.sql
+---------------------+
| currenttime         |
+---------------------+
| 2019-10-12 16:34:34 |
+---------------------+
1 row in set (0.00 sec)

mysql> 
mysql> mysql \. C:\workspace\cloud\code\sql\_DailyScript\telemetry_vod_ranking2019.sql
Query OK, 0 rows affected (0.03 sec)

Query OK, 6306 rows affected (0.34 sec)
Records: 6306  Duplicates: 0  Warnings: 0

mysql> mysql \. C:\workspace\cloud\code\sql\_DailyScript\currenttime.sql
+---------------------+
| currenttime         |
+---------------------+
| 2019-10-12 16:34:34 |
+---------------------+
1 row in set (0.00 sec)

mysql> 
mysql> mysql \. C:\workspace\cloud\code\sql\_DailyScript\telemetry_vod_ranking2019_1.sql
Query OK, 0 rows affected (0.00 sec)

Query OK, 6306 rows affected (0.15 sec)
Records: 6306  Duplicates: 0  Warnings: 0

mysql> mysql \. C:\workspace\cloud\code\sql\_DailyScript\currenttime.sql
+---------------------+
| currenttime         |
+---------------------+
| 2019-10-12 16:34:34 |
+---------------------+
1 row in set (0.00 sec)

mysql> 
mysql> mysql \. C:\workspace\cloud\code\sql\_DailyScript\telemetry_vod_ranking2019_2.sql
Query OK, 0 rows affected (0.00 sec)

Query OK, 6306 rows affected (0.20 sec)
Records: 6306  Duplicates: 0  Warnings: 0

mysql> mysql \. C:\workspace\cloud\code\sql\_DailyScript\currenttime.sql
+---------------------+
| currenttime         |
+---------------------+
| 2019-10-12 16:34:34 |
+---------------------+
1 row in set (0.00 sec)

mysql> 
mysql> mysql \. C:\workspace\cloud\code\sql\_DailyScript\DAILY-SCRIPT-CREATE-LOAD.sql
Database changed
Database changed
Query OK, 0 rows affected (0.02 sec)

Query OK, 0 rows affected (0.00 sec)

Database changed
Query OK, 65762 rows affected (3.46 sec)
Records: 65762  Deleted: 0  Skipped: 0  Warnings: 0

Query OK, 0 rows affected (0.17 sec)
Records: 0  Duplicates: 0  Warnings: 0

Query OK, 0 rows affected (0.40 sec)
Records: 0  Duplicates: 0  Warnings: 0

Query OK, 0 rows affected (0.35 sec)
Records: 0  Duplicates: 0  Warnings: 0

Query OK, 0 rows affected (0.32 sec)
Records: 0  Duplicates: 0  Warnings: 0

+---------+
| clients |
+---------+
|   65762 |
+---------+
1 row in set (0.03 sec)

Query OK, 0 rows affected (0.01 sec)

Query OK, 2378 rows affected (0.57 sec)
Records: 2378  Duplicates: 0  Warnings: 0

+-------------------+
| rcb_clientparcels |
+-------------------+
|              2378 |
+-------------------+
1 row in set (0.00 sec)

Query OK, 0 rows affected (0.01 sec)

Query OK, 85650 rows affected (4.59 sec)
Records: 85650  Duplicates: 0  Warnings: 0

Query OK, 0 rows affected (0.35 sec)
Records: 0  Duplicates: 0  Warnings: 0

Query OK, 0 rows affected (0.48 sec)

Query OK, 65762 rows affected (3.39 sec)
Records: 65762  Duplicates: 0  Warnings: 0

Query OK, 0 rows affected (0.23 sec)
Records: 0  Duplicates: 0  Warnings: 0

Query OK, 0 rows affected (0.47 sec)
Records: 0  Duplicates: 0  Warnings: 0

Query OK, 0 rows affected (0.22 sec)
Records: 0  Duplicates: 0  Warnings: 0

+---------------+
| clientaddress |
+---------------+
|         65762 |
+---------------+
1 row in set (0.04 sec)

Database changed
Query OK, 0 rows affected (0.02 sec)

Query OK, 0 rows affected (0.02 sec)

Database changed
Query OK, 489532 rows affected, 65535 warnings (20.35 sec)
Records: 489532  Deleted: 0  Skipped: 0  Warnings: 192388

Query OK, 0 rows affected (4.07 sec)
Records: 0  Duplicates: 0  Warnings: 0

Query OK, 0 rows affected (2.98 sec)
Records: 0  Duplicates: 0  Warnings: 0

Query OK, 0 rows affected (1.93 sec)
Records: 0  Duplicates: 0  Warnings: 0

Query OK, 0 rows affected (0.29 sec)

Query OK, 489532 rows affected (58.93 sec)
Records: 489532  Duplicates: 0  Warnings: 0

Query OK, 0 rows affected (2.25 sec)
Records: 0  Duplicates: 0  Warnings: 0

Query OK, 0 rows affected (1.71 sec)
Records: 0  Duplicates: 0  Warnings: 0

+-----------+
| contracts |
+-----------+
|    489532 |
+-----------+
1 row in set (0.19 sec)

+-----------------+
| contractaddress |
+-----------------+
|          489532 |
+-----------------+
1 row in set (0.18 sec)

Database changed
Query OK, 0 rows affected (0.01 sec)

Query OK, 0 rows affected (0.00 sec)

Query OK, 7090 rows affected (0.16 sec)
Records: 7090  Deleted: 0  Skipped: 0  Warnings: 0

Query OK, 0 rows affected (0.02 sec)

Query OK, 7059 rows affected (1.55 sec)
Records: 7059  Duplicates: 0  Warnings: 0

Query OK, 0 rows affected (0.04 sec)
Records: 0  Duplicates: 0  Warnings: 0

Query OK, 0 rows affected (0.02 sec)

Query OK, 5537 rows affected (0.04 sec)
Records: 5537  Duplicates: 0  Warnings: 0

Query OK, 0 rows affected (0.03 sec)
Records: 0  Duplicates: 0  Warnings: 0

+-------------------+
| contractdiscounts |
+-------------------+
|              7090 |
+-------------------+
1 row in set (0.00 sec)

+-------------------------+
| clientcontractdiscounts |
+-------------------------+
|                    7059 |
+-------------------------+
1 row in set (0.02 sec)

+----------------------------+
| clientcontractlastdiscount |
+----------------------------+
|                       5537 |
+----------------------------+
1 row in set (0.00 sec)

Database changed
Query OK, 0 rows affected (0.07 sec)

Query OK, 0 rows affected (0.00 sec)

Database changed
Query OK, 130738 rows affected (3.22 sec)
Records: 130738  Deleted: 0  Skipped: 0  Warnings: 0

Query OK, 0 rows affected (0.40 sec)
Records: 0  Duplicates: 0  Warnings: 0

Query OK, 0 rows affected (0.41 sec)
Records: 0  Duplicates: 0  Warnings: 0

Query OK, 0 rows affected (0.38 sec)
Records: 0  Duplicates: 0  Warnings: 0

Query OK, 0 rows affected (0.58 sec)
Records: 0  Duplicates: 0  Warnings: 0

Query OK, 0 rows affected (0.52 sec)
Records: 0  Duplicates: 0  Warnings: 0

Query OK, 0 rows affected (0.83 sec)
Records: 0  Duplicates: 0  Warnings: 0

Query OK, 0 rows affected (0.02 sec)

Query OK, 1671169 rows affected (3 min 4.76 sec)
Records: 1671169  Duplicates: 0  Warnings: 0

+---------+
| devices |
+---------+
|  130738 |
+---------+
1 row in set (0.06 sec)

+-----------------------+
| clientcontractdevices |
+-----------------------+
|               1671169 |
+-----------------------+
1 row in set (0.79 sec)

Query OK, 0 rows affected (0.03 sec)

Query OK, 130676 rows affected (7.36 sec)
Records: 130676  Duplicates: 0  Warnings: 0

+---------------------------+
| rep_clientcontractdevices |
+---------------------------+
|                    130676 |
+---------------------------+
1 row in set (0.06 sec)

Database changed
Query OK, 0 rows affected (0.02 sec)

Query OK, 0 rows affected (0.01 sec)

Query OK, 258485 rows affected (8.45 sec)
Records: 258485  Deleted: 0  Skipped: 0  Warnings: 0

Query OK, 0 rows affected (0.78 sec)
Records: 0  Duplicates: 0  Warnings: 0

Query OK, 0 rows affected (0.75 sec)
Records: 0  Duplicates: 0  Warnings: 0

Query OK, 0 rows affected (0.71 sec)
Records: 0  Duplicates: 0  Warnings: 0

Query OK, 0 rows affected (0.63 sec)
Records: 0  Duplicates: 0  Warnings: 0

+---------+
| tickets |
+---------+
|  258485 |
+---------+
1 row in set (0.08 sec)

Database changed
Query OK, 0 rows affected (0.01 sec)

Query OK, 0 rows affected (0.00 sec)

Empty set (0.00 sec)

Query OK, 0 rows affected (0.00 sec)
Records: 0  Duplicates: 0  Warnings: 0

Query OK, 316 rows affected, 2 warnings (0.01 sec)
Records: 316  Deleted: 0  Skipped: 0  Warnings: 2

+-----------------+
| tickettechusers |
+-----------------+
|             316 |
+-----------------+
1 row in set (0.00 sec)

Database changed
Query OK, 0 rows affected (0.02 sec)

Query OK, 0 rows affected (0.00 sec)

Query OK, 0 rows affected (0.01 sec)
Records: 0  Duplicates: 0  Warnings: 0

Query OK, 545255 rows affected, 42998 warnings (11.03 sec)
Records: 545255  Deleted: 0  Skipped: 0  Warnings: 42998

+-------------------+
| ticketassignments |
+-------------------+
|            545255 |
+-------------------+
1 row in set (0.20 sec)

Database changed
Query OK, 0 rows affected (0.03 sec)

Query OK, 0 rows affected (0.00 sec)

Query OK, 1130972 rows affected (17.95 sec)
Records: 1130972  Deleted: 0  Skipped: 0  Warnings: 0

Query OK, 0 rows affected (10.08 sec)
Records: 0  Duplicates: 0  Warnings: 0

Query OK, 0 rows affected (3.89 sec)
Records: 0  Duplicates: 0  Warnings: 0

Query OK, 0 rows affected (3.29 sec)
Records: 0  Duplicates: 0  Warnings: 0

Query OK, 0 rows affected (3.32 sec)
Records: 0  Duplicates: 0  Warnings: 0

+----------------+
| ticketcomments |
+----------------+
|        1130972 |
+----------------+
1 row in set (0.41 sec)

Database changed
Query OK, 0 rows affected (0.01 sec)

Query OK, 0 rows affected (0.00 sec)

Query OK, 420400 rows affected (51.44 sec)
Records: 420400  Deleted: 0  Skipped: 0  Warnings: 0

Query OK, 0 rows affected (2.94 sec)
Records: 0  Duplicates: 0  Warnings: 0

+----------+
| comments |
+----------+
|   420400 |
+----------+
1 row in set (0.15 sec)

Database changed
Query OK, 0 rows affected (0.04 sec)

Query OK, 0 rows affected (0.01 sec)

Query OK, 979855 rows affected, 65535 warnings (1 min 8.67 sec)
Records: 979855  Deleted: 0  Skipped: 0  Warnings: 979856

Query OK, 0 rows affected (5.40 sec)
Records: 0  Duplicates: 0  Warnings: 0

Query OK, 0 rows affected (2.75 sec)
Records: 0  Duplicates: 0  Warnings: 0

Query OK, 0 rows affected (3.41 sec)
Records: 0  Duplicates: 0  Warnings: 0

Query OK, 0 rows affected (3.21 sec)
Records: 0  Duplicates: 0  Warnings: 0

Query OK, 0 rows affected (4.27 sec)
Records: 0  Duplicates: 0  Warnings: 0

+------------+
| devicesold |
+------------+
|     979855 |
+------------+
1 row in set (0.37 sec)

Database changed
Query OK, 0 rows affected (0.03 sec)

Query OK, 0 rows affected (0.00 sec)

Query OK, 1664601 rows affected (29.26 sec)
Records: 1664601  Deleted: 0  Skipped: 0  Warnings: 0

Query OK, 0 rows affected (6.68 sec)
Records: 0  Duplicates: 0  Warnings: 0

Query OK, 0 rows affected (5.49 sec)
Records: 0  Duplicates: 0  Warnings: 0

Query OK, 0 rows affected (5.09 sec)
Records: 0  Duplicates: 0  Warnings: 0

+------------------+
| contractservices |
+------------------+
|          1664601 |
+------------------+
1 row in set (0.61 sec)

Database changed
Query OK, 0 rows affected (0.08 sec)

Query OK, 0 rows affected (0.01 sec)

Query OK, 3802617 rows affected (2 min 10.61 sec)
Records: 3802617  Deleted: 0  Skipped: 0  Warnings: 0

Query OK, 0 rows affected (16.22 sec)
Records: 0  Duplicates: 0  Warnings: 0

Query OK, 0 rows affected (17.98 sec)
Records: 0  Duplicates: 0  Warnings: 0

Query OK, 0 rows affected (13.99 sec)
Records: 0  Duplicates: 0  Warnings: 0

Query OK, 0 rows affected (17.81 sec)
Records: 0  Duplicates: 0  Warnings: 0

+------------------+
| invoicescontents |
+------------------+
|          3802617 |
+------------------+
1 row in set (1.45 sec)

Database changed
Query OK, 0 rows affected (0.16 sec)

Query OK, 0 rows affected (0.02 sec)

Query OK, 2639093 rows affected (3 min 32.20 sec)
Records: 2639093  Deleted: 0  Skipped: 0  Warnings: 0

Query OK, 0 rows affected (17.90 sec)
Records: 0  Duplicates: 0  Warnings: 0

Query OK, 0 rows affected (15.24 sec)
Records: 0  Duplicates: 0  Warnings: 0

Query OK, 0 rows affected (15.01 sec)
Records: 0  Duplicates: 0  Warnings: 0

Query OK, 0 rows affected (12.01 sec)
Records: 0  Duplicates: 0  Warnings: 0

Query OK, 0 rows affected (15.78 sec)
Records: 0  Duplicates: 0  Warnings: 0

+----------------+
| invoicesheader |
+----------------+
|        2639093 |
+----------------+
1 row in set (1.05 sec)

Database changed
Query OK, 0 rows affected (0.04 sec)

Query OK, 0 rows affected (0.00 sec)

Query OK, 2746105 rows affected (1 min 32.31 sec)
Records: 2746105  Deleted: 0  Skipped: 0  Warnings: 0

Query OK, 0 rows affected (13.02 sec)
Records: 0  Duplicates: 0  Warnings: 0

Query OK, 0 rows affected (11.61 sec)
Records: 0  Duplicates: 0  Warnings: 0

Query OK, 0 rows affected (10.65 sec)
Records: 0  Duplicates: 0  Warnings: 0

Query OK, 0 rows affected (10.33 sec)
Records: 0  Duplicates: 0  Warnings: 0

+---------+
| casa    |
+---------+
| 2746105 |
+---------+
1 row in set (1.03 sec)

Query OK, 0 rows affected (0.00 sec)

Query OK, 13017 rows affected (1 min 33.28 sec)
Records: 13017  Duplicates: 0  Warnings: 0

+--------------------+
| rep_paycol_channel |
+--------------------+
|              13017 |
+--------------------+
1 row in set (0.00 sec)

Query OK, 0 rows affected (0.01 sec)

Query OK, 8753 rows affected (1 min 44.92 sec)
Records: 8753  Duplicates: 0  Warnings: 0

+----------------+
| rep_paycol_pos |
+----------------+
|           8753 |
+----------------+
1 row in set (0.01 sec)

Database changed
Query OK, 0 rows affected (0.02 sec)

Query OK, 0 rows affected (0.00 sec)

Database changed
Query OK, 38537 rows affected (1.01 sec)
Records: 38537  Deleted: 0  Skipped: 0  Warnings: 0

+-------+
| users |
+-------+
| 38537 |
+-------+
1 row in set (0.00 sec)

Database changed
Query OK, 0 rows affected (0.08 sec)

Query OK, 0 rows affected (0.00 sec)

Database changed
Query OK, 9992799 rows affected (2 min 17.87 sec)
Records: 9992799  Deleted: 0  Skipped: 0  Warnings: 0

Query OK, 0 rows affected (38.23 sec)
Records: 0  Duplicates: 0  Warnings: 0

Query OK, 0 rows affected (36.91 sec)
Records: 0  Duplicates: 0  Warnings: 0

Query OK, 0 rows affected (37.34 sec)
Records: 0  Duplicates: 0  Warnings: 0

Query OK, 0 rows affected (33.18 sec)
Records: 0  Duplicates: 0  Warnings: 0

+----------+
| ipusage1 |
+----------+
|  9992799 |
+----------+
1 row in set (6.32 sec)

Query OK, 0 rows affected (0.10 sec)

Query OK, 10079414 rows affected, 65535 warnings (12 min 44.16 sec)
Records: 10079414  Duplicates: 0  Warnings: 10076560

Query OK, 0 rows affected (35.15 sec)
Records: 0  Duplicates: 0  Warnings: 0

Query OK, 0 rows affected (36.33 sec)
Records: 0  Duplicates: 0  Warnings: 0

Query OK, 0 rows affected (36.69 sec)
Records: 0  Duplicates: 0  Warnings: 0

Query OK, 0 rows affected (37.08 sec)
Records: 0  Duplicates: 0  Warnings: 0

Query OK, 0 rows affected (50.28 sec)
Records: 0  Duplicates: 0  Warnings: 0

Query OK, 0 rows affected (55.59 sec)
Records: 0  Duplicates: 0  Warnings: 0

Query OK, 0 rows affected (55.21 sec)
Records: 0  Duplicates: 0  Warnings: 0

+----------+
| ipusage  |
+----------+
| 10079414 |
+----------+
1 row in set (9.60 sec)

Query OK, 0 rows affected (0.39 sec)

Query OK, 2568713 rows affected (3 min 9.20 sec)
Records: 2568713  Duplicates: 0  Warnings: 0

Query OK, 0 rows affected (11.65 sec)
Records: 0  Duplicates: 0  Warnings: 0

Query OK, 0 rows affected (7.56 sec)
Records: 0  Duplicates: 0  Warnings: 0

Query OK, 0 rows affected (11.19 sec)
Records: 0  Duplicates: 0  Warnings: 0

Query OK, 0 rows affected (11.91 sec)
Records: 0  Duplicates: 0  Warnings: 0

Query OK, 0 rows affected (7.59 sec)
Records: 0  Duplicates: 0  Warnings: 0

Query OK, 0 rows affected (0.01 sec)

Query OK, 199124 rows affected (22.65 sec)
Records: 199124  Duplicates: 0  Warnings: 0

Query OK, 0 rows affected (0.83 sec)
Records: 0  Duplicates: 0  Warnings: 0

Query OK, 0 rows affected (0.74 sec)
Records: 0  Duplicates: 0  Warnings: 0

Query OK, 0 rows affected (0.84 sec)
Records: 0  Duplicates: 0  Warnings: 0

Query OK, 0 rows affected (0.48 sec)
Records: 0  Duplicates: 0  Warnings: 0

Query OK, 0 rows affected (0.43 sec)
Records: 0  Duplicates: 0  Warnings: 0

Query OK, 0 rows affected (0.04 sec)

Query OK, 1664418 rows affected (1 min 4.24 sec)
Records: 1664418  Duplicates: 0  Warnings: 0

Query OK, 0 rows affected (10.64 sec)
Records: 0  Duplicates: 0  Warnings: 0

Query OK, 0 rows affected (4.25 sec)
Records: 0  Duplicates: 0  Warnings: 0

Query OK, 0 rows affected (6.88 sec)
Records: 0  Duplicates: 0  Warnings: 0

mysql> mysql \. C:\workspace\cloud\code\sql\_DailyScript\currenttime.sql
+---------------------+
| currenttime         |
+---------------------+
| 2019-10-12 17:26:23 |
+---------------------+
1 row in set (0.01 sec)

mysql> 
mysql> mysql \. C:\workspace\cloud\code\sql\_DailyScript\ticket_analysis.sql
Database changed
Query OK, 0 rows affected (0.03 sec)

Query OK, 491952 rows affected (22.98 sec)
Records: 491952  Duplicates: 0  Warnings: 0

Query OK, 0 rows affected (5.46 sec)
Records: 0  Duplicates: 0  Warnings: 0

Query OK, 0 rows affected (1.70 sec)
Records: 0  Duplicates: 0  Warnings: 0

Query OK, 0 rows affected (1.61 sec)
Records: 0  Duplicates: 0  Warnings: 0

Query OK, 0 rows affected (0.07 sec)

Query OK, 16905 rows affected (11.71 sec)
Records: 16905  Duplicates: 0  Warnings: 0

Query OK, 0 rows affected, 1 warning (0.01 sec)

Query OK, 67628 rows affected (7.55 sec)
Records: 67628  Duplicates: 0  Warnings: 0

Query OK, 0 rows affected, 1 warning (0.00 sec)

Query OK, 351708 rows affected (13.20 sec)
Records: 351708  Duplicates: 0  Warnings: 0

Query OK, 0 rows affected, 1 warning (0.00 sec)

Query OK, 351708 rows affected (13.61 sec)
Records: 351708  Duplicates: 0  Warnings: 0

Query OK, 0 rows affected (0.01 sec)

Query OK, 67674 rows affected (4.16 sec)
Records: 67674  Duplicates: 0  Warnings: 0

Database changed
Query OK, 0 rows affected (0.00 sec)

Query OK, 0 rows affected (0.02 sec)

Query OK, 491952 rows affected (20.74 sec)
Records: 491952  Duplicates: 0  Warnings: 0

Query OK, 0 rows affected (0.02 sec)

Query OK, 237808 rows affected (15.50 sec)
Records: 237808  Duplicates: 0  Warnings: 0

+--------------------------+
| clientticket_cmmtjourney |
+--------------------------+
|                   491952 |
+--------------------------+
1 row in set (3.26 sec)

+---------------------------+
| clientticket_assgnjourney |
+---------------------------+
|                    237808 |
+---------------------------+
1 row in set (0.32 sec)

Query OK, 0 rows affected (0.01 sec)

Query OK, 65 rows affected (0.09 sec)
Records: 65  Duplicates: 0  Warnings: 0

mysql> mysql \. C:\workspace\cloud\code\sql\_DailyScript\currenttime.sql
+---------------------+
| currenttime         |
+---------------------+
| 2019-10-12 17:28:25 |
+---------------------+
1 row in set (0.00 sec)

mysql> 
mysql> mysql \. C:\workspace\cloud\code\sql\_DailyScript\load_DailyCalls.sql
Database changed
Query OK, 238 rows affected (0.19 sec)
Records: 238  Deleted: 0  Skipped: 0  Warnings: 0

Query OK, 0 rows affected, 1 warning (0.00 sec)

Query OK, 235 rows affected (0.26 sec)
Records: 235  Duplicates: 0  Warnings: 0

Query OK, 0 rows affected, 1 warning (0.00 sec)

Query OK, 67561 rows affected (0.40 sec)
Records: 67561  Duplicates: 0  Warnings: 0

+----------------------+
| callingclientsbefore |
+----------------------+
|               764117 |
+----------------------+
1 row in set (1.56 sec)

Query OK, 334 rows affected (6.71 sec)
Records: 334  Duplicates: 0  Warnings: 0

+---------------------+
| callingclientsafter |
+---------------------+
|              764451 |
+---------------------+
1 row in set (0.25 sec)

Query OK, 0 rows affected (0.02 sec)

Query OK, 172 rows affected (17.21 sec)
Records: 172  Duplicates: 0  Warnings: 0

Query OK, 0 rows affected (0.00 sec)

Query OK, 15810 rows affected (2.95 sec)
Records: 15810  Duplicates: 0  Warnings: 0

+-----------+
| callstats |
+-----------+
|     15810 |
+-----------+
1 row in set (0.00 sec)

Query OK, 0 rows affected, 1 warning (0.00 sec)

Query OK, 334 rows affected (10.71 sec)
Records: 334  Duplicates: 0  Warnings: 0

+------------------------+
| rep_cccallreportbefore |
+------------------------+
|                 767954 |
+------------------------+
1 row in set (0.28 sec)

Query OK, 334 rows affected (1.07 sec)
Records: 334  Duplicates: 0  Warnings: 0

+-----------------------+
| rep_cccallreportafter |
+-----------------------+
|                768288 |
+-----------------------+
1 row in set (0.28 sec)

Query OK, 0 rows affected (0.01 sec)

mysql> mysql \. C:\workspace\cloud\code\sql\_DailyScript\currenttime.sql
+---------------------+
| currenttime         |
+---------------------+
| 2019-10-12 17:29:07 |
+---------------------+
1 row in set (0.00 sec)

mysql> 
mysql> mysql \. C:\workspace\cloud\code\sql\_DailyScript\DAILY-SCRIPT-USAGE.sql
Database changed
Query OK, 0 rows affected (0.00 sec)

Query OK, 6895 rows affected, 19990 warnings (2.84 sec)
Records: 6895  Deleted: 0  Skipped: 0  Warnings: 19990

Query OK, 0 rows affected (0.00 sec)

Query OK, 10842 rows affected, 31327 warnings (3.21 sec)
Records: 10842  Deleted: 0  Skipped: 0  Warnings: 31327

Query OK, 0 rows affected (0.00 sec)

Query OK, 46 rows affected, 165 warnings (0.04 sec)
Records: 46  Deleted: 0  Skipped: 0  Warnings: 165

Query OK, 0 rows affected (0.00 sec)

Query OK, 269 rows affected, 909 warnings (0.05 sec)
Records: 269  Deleted: 0  Skipped: 0  Warnings: 909

+------------+
| dailyusage |
+------------+
|    8211494 |
+------------+
1 row in set (30.24 sec)

+------------+------------+------------+---------+
| datestart  | dateend    | insertedon | records |
+------------+------------+------------+---------+
| 2019-10-11 | 2019-10-11 | 2019-10-12 |   18052 |
| 2019-10-10 | 2019-10-10 | 2019-10-11 |   18006 |
| 2019-10-09 | 2019-10-09 | 2019-10-10 |   17950 |
| 2019-10-08 | 2019-10-08 | 2019-10-09 |   17884 |
| 2019-10-07 | 2019-10-07 | 2019-10-08 |   17795 |
+------------+------------+------------+---------+
5 rows in set (3 min 55.44 sec)

mysql> mysql \. C:\workspace\cloud\code\sql\_DailyScript\currenttime.sql
+---------------------+
| currenttime         |
+---------------------+
| 2019-10-12 17:33:39 |
+---------------------+
1 row in set (0.00 sec)

mysql> 
mysql> mysql \. C:\workspace\cloud\code\sql\_DailyScript\DAILY-SCRIPT-SALES-TELEMETRY.sql
Database changed
Query OK, 67 rows affected, 24 warnings (0.08 sec)
Records: 67  Deleted: 0  Skipped: 0  Warnings: 24

+------------+
| dailysales |
+------------+
|     170055 |
+------------+
1 row in set (0.42 sec)

Query OK, 0 rows affected (0.01 sec)

Query OK, 170055 rows affected (22.47 sec)
Records: 170055  Duplicates: 0  Warnings: 0

+--------+
| sales  |
+--------+
| 170055 |
+--------+
1 row in set (0.10 sec)

Query OK, 0 rows affected (0.00 sec)

Query OK, 2727 rows affected (0.35 sec)
Records: 2727  Duplicates: 0  Warnings: 0

+----------------+
| rep_dailysales |
+----------------+
|           2727 |
+----------------+
1 row in set (0.00 sec)

Query OK, 0 rows affected (0.00 sec)

Query OK, 2727 rows affected (0.62 sec)
Records: 2727  Duplicates: 0  Warnings: 0

+-------------------+
| rep_dailysalesreg |
+-------------------+
|              2727 |
+-------------------+
1 row in set (0.00 sec)

Query OK, 0 rows affected (0.00 sec)

Query OK, 2541 rows affected (0.75 sec)
Records: 2541  Duplicates: 0  Warnings: 0

+-----------+
| saleslist |
+-----------+
|      2541 |
+-----------+
1 row in set (0.00 sec)

Database changed
Query OK, 5 rows affected (0.05 sec)
Records: 5  Deleted: 0  Skipped: 0  Warnings: 0

+------------------+
| dailysinglesales |
+------------------+
|             5992 |
+------------------+
1 row in set (0.06 sec)

Database changed
Query OK, 16 rows affected (0.12 sec)
Records: 16  Deleted: 0  Skipped: 0  Warnings: 0

+-----------------+
| dailyaddonsales |
+-----------------+
|           17202 |
+-----------------+
1 row in set (0.09 sec)

Query OK, 72 rows affected (0.10 sec)
Records: 72  Deleted: 0  Skipped: 0  Warnings: 0

+----------------+
| onlinepayments |
+----------------+
|          67103 |
+----------------+
1 row in set (0.31 sec)

+-------------+----------------+---------------------+
| paymentdate | onlinepayments | onlinepaymentamount |
+-------------+----------------+---------------------+
| 2019-10-11  |             72 |         50498.85000 |
| 2019-10-10  |             97 |         55148.50000 |
| 2019-10-09  |             90 |         50309.70000 |
| 2019-10-08  |             78 |         44630.60000 |
| 2019-10-07  |             81 |         48936.18000 |
+-------------+----------------+---------------------+
5 rows in set (3.76 sec)

+-------------+--------------+----------------+---------------------+
| paymentyear | paymentmonth | onlinepayments | onlinepaymentamount |
+-------------+--------------+----------------+---------------------+
|        2019 |           10 |           1128 |        731530.72000 |
|        2019 |            9 |           3167 |       2039048.12000 |
|        2019 |            8 |           3117 |       1993718.27000 |
|        2019 |            7 |           3028 |       2000847.29000 |
|        2019 |            6 |           2798 |       1782990.54000 |
+-------------+--------------+----------------+---------------------+
5 rows in set (0.08 sec)

mysql> mysql \. C:\workspace\cloud\code\sql\_DailyScript\currenttime.sql
+---------------------+
| currenttime         |
+---------------------+
| 2019-10-12 17:34:09 |
+---------------------+
1 row in set (0.00 sec)

mysql> 
mysql> mysql \. C:\workspace\cloud\code\sql\_DailyScript\DAILY-SCRIPT-ACTIVENUMBERS.sql
Database changed
Query OK, 1248 rows affected (1.10 sec)
Records: 1248  Deleted: 0  Skipped: 0  Warnings: 0

+------------+----------+
| period     | count(1) |
+------------+----------+
| 2019-10-11 |     1248 |
| 2019-10-10 |     1250 |
| 2019-10-09 |     1252 |
| 2019-10-08 |     1252 |
| 2019-10-07 |     1250 |
| 2019-10-06 |     1252 |
+------------+----------+
6 rows in set (0.01 sec)

Query OK, 0 rows affected (0.01 sec)

Query OK, 80 rows affected (1.87 sec)
Records: 80  Duplicates: 0  Warnings: 0

+-------------+
| packagelist |
+-------------+
|          80 |
+-------------+
1 row in set (0.00 sec)

Database changed
Query OK, 0 rows affected (0.02 sec)

Query OK, 0 rows affected (0.00 sec)

Query OK, 0 rows affected (0.00 sec)

Query OK, 0 rows affected (0.00 sec)

Query OK, 26928 rows affected, 242 warnings (39.96 sec)
Records: 26928  Deleted: 0  Skipped: 0  Warnings: 242

+------------+----------+
| period     | count(1) |
+------------+----------+
| 2019-10-11 |    26928 |
| 2019-10-10 |    26917 |
| 2019-10-09 |    26910 |
| 2019-10-08 |    26943 |
| 2019-10-07 |    26817 |
+------------+----------+
5 rows in set (0.14 sec)

Query OK, 0 rows affected (0.02 sec)

Query OK, 26303 rows affected (2 min 35.66 sec)
Records: 26303  Duplicates: 0  Warnings: 0

Query OK, 0 rows affected (0.17 sec)
Records: 0  Duplicates: 0  Warnings: 0

Query OK, 0 rows affected (0.13 sec)
Records: 0  Duplicates: 0  Warnings: 0

Query OK, 0 rows affected (0.15 sec)
Records: 0  Duplicates: 0  Warnings: 0

Query OK, 0 rows affected (0.10 sec)
Records: 0  Duplicates: 0  Warnings: 0

Query OK, 0 rows affected (0.09 sec)
Records: 0  Duplicates: 0  Warnings: 0

Query OK, 0 rows affected (0.08 sec)
Records: 0  Duplicates: 0  Warnings: 0

+-------------+
| countbefore |
+-------------+
|    30037760 |
+-------------+
1 row in set (1 min 37.12 sec)

Query OK, 26303 rows affected (22.29 sec)
Records: 26303  Duplicates: 0  Warnings: 0

+------------+
| countafter |
+------------+
|   30064063 |
+------------+
1 row in set (15.49 sec)

+------------+--------------------------+
| period     | customercontractactivity |
+------------+--------------------------+
| 2019-10-11 |                    26303 |
| 2019-10-10 |                    26292 |
| 2019-10-09 |                    26285 |
| 2019-10-08 |                    26318 |
| 2019-10-07 |                    26192 |
+------------+--------------------------+
5 rows in set (0.07 sec)

Query OK, 0 rows affected (0.11 sec)

Query OK, 230989 rows affected (17 min 0.95 sec)
Records: 230989  Duplicates: 0  Warnings: 0

Query OK, 0 rows affected (1.12 sec)
Records: 0  Duplicates: 0  Warnings: 0

Query OK, 0 rows affected (1.17 sec)
Records: 0  Duplicates: 0  Warnings: 0

Query OK, 0 rows affected (1.14 sec)
Records: 0  Duplicates: 0  Warnings: 0

Query OK, 0 rows affected (0.01 sec)

Query OK, 251 rows affected (0.63 sec)
Records: 251  Duplicates: 0  Warnings: 0

Query OK, 0 rows affected (0.00 sec)

Query OK, 2518 rows affected (0.72 sec)
Records: 2518  Duplicates: 0  Warnings: 0

Query OK, 0 rows affected (0.02 sec)

Query OK, 26291 rows affected (0.95 sec)
Records: 26291  Duplicates: 0  Warnings: 0

Query OK, 0 rows affected (0.01 sec)

Query OK, 16808 rows affected (0.46 sec)
Records: 16808  Duplicates: 0  Warnings: 0

Query OK, 0 rows affected (0.00 sec)

Query OK, 16808 rows affected (0.17 sec)
Records: 16808  Duplicates: 0  Warnings: 0

Query OK, 0 rows affected (0.01 sec)

Query OK, 16808 rows affected (1.82 sec)
Records: 16808  Duplicates: 0  Warnings: 0

Query OK, 0 rows affected (0.04 sec)

Query OK, 16808 rows affected (54.34 sec)
Records: 16808  Duplicates: 0  Warnings: 0

+-------------+
| clientstats |
+-------------+
|       16808 |
+-------------+
1 row in set (0.01 sec)

Query OK, 0 rows affected (0.00 sec)

Query OK, 13 rows affected, 1 warning (0.15 sec)
Records: 13  Duplicates: 0  Warnings: 1

+-----------------------+-------------+-------------+----------------+-----------------+
| services              | activecount | allaccounts | uniqueaccounts | uniquecontracts |
+-----------------------+-------------+-------------+----------------+-----------------+
| All                   |         242 |          43 |             43 |             139 |
| Internet & Voice      |         431 |         198 |            198 |             386 |
| Internet Only         |        4204 |        4102 |           4095 |            4151 |
| OTT Only              |           5 |           3 |              3 |               5 |
| TV & Internet         |        8752 |        3841 |           3831 |            7818 |
| TV & Internet & OTT   |        2313 |         619 |            618 |            1275 |
| TV & Internet & Voice |         466 |         135 |            135 |             415 |
| TV & OTT              |         317 |          60 |             60 |              75 |
| TV & Voice            |         109 |          47 |             47 |              97 |
| TV & Voice & OTT      |           3 |           1 |              1 |               2 |
| TV Only               |       10037 |        7581 |           7574 |            7765 |
| Voice Only            |         179 |         178 |            178 |             179 |
| GRAND TOTAL           |       27058 |       16808 |          16739 |           22307 |
+-----------------------+-------------+-------------+----------------+-----------------+
13 rows in set (0.00 sec)

+-------------+-------------+-------------+----------------+-----------------+
| network     | activecount | allaccounts | uniqueaccounts | uniquecontracts |
+-------------+-------------+-------------+----------------+-----------------+
| ADDON       |          14 |          10 |             10 |              10 |
| GPON        |        7274 |        3666 |           3663 |            5588 |
| HFC         |       19767 |       13131 |          13131 |           16706 |
| MOBILE TV   |           3 |           1 |              1 |               3 |
| GRAND TOTAL |       27058 |       16808 |          16739 |           22307 |
+-------------+-------------+-------------+----------------+-----------------+
5 rows in set, 1 warning (0.14 sec)

+-------------+-----------------------+-------------+-------------+----------------+-----------------+
| network     | services              | activecount | allaccounts | uniqueaccounts | uniquecontracts |
+-------------+-----------------------+-------------+-------------+----------------+-----------------+
| ADDON       | OTT Only              |           2 |           2 |              2 |               2 |
| ADDON       | TV & OTT              |           4 |           1 |              1 |               1 |
| ADDON       | TV Only               |           8 |           7 |              7 |               7 |
| ADDON       | Services Total        |          14 |          10 |             10 |              10 |
| GPON        | All                   |         116 |          20 |             20 |              64 |
| GPON        | Internet & Voice      |          67 |          28 |             28 |              57 |
| GPON        | Internet Only         |         947 |         875 |            875 |             897 |
| GPON        | TV & Internet         |        3058 |        1278 |           1278 |            2627 |
| GPON        | TV & Internet & OTT   |        1192 |         315 |            315 |             653 |
| GPON        | TV & Internet & Voice |         135 |          37 |             37 |             115 |
| GPON        | TV & OTT              |          61 |          20 |             20 |              21 |
| GPON        | TV & Voice            |          47 |          19 |             19 |              40 |
| GPON        | TV Only               |        1640 |        1063 |           1063 |            1103 |
| GPON        | Voice Only            |          11 |          11 |             11 |              11 |
| GPON        | Services Total        |        7274 |        3666 |           3663 |            5588 |
| HFC         | All                   |         126 |          23 |             23 |              75 |
| HFC         | Internet & Voice      |         364 |         170 |            170 |             329 |
| HFC         | Internet Only         |        3257 |        3227 |           3227 |            3254 |
| HFC         | TV & Internet         |        5694 |        2563 |           2563 |            5191 |
| HFC         | TV & Internet & OTT   |        1121 |         304 |            304 |             622 |
| HFC         | TV & Internet & Voice |         331 |          98 |             98 |             300 |
| HFC         | TV & OTT              |         252 |          39 |             39 |              53 |
| HFC         | TV & Voice            |          62 |          28 |             28 |              57 |
| HFC         | TV & Voice & OTT      |           3 |           1 |              1 |               2 |
| HFC         | TV Only               |        8389 |        6511 |           6511 |            6655 |
| HFC         | Voice Only            |         168 |         167 |            167 |             168 |
| HFC         | Services Total        |       19767 |       13131 |          13131 |           16706 |
| MOBILE TV   | OTT Only              |           3 |           1 |              1 |               3 |
| MOBILE TV   | Services Total        |           3 |           1 |              1 |               3 |
| GRAND TOTAL | Services Total        |       27058 |       16808 |          16739 |           22307 |
+-------------+-----------------------+-------------+-------------+----------------+-----------------+
30 rows in set, 2 warnings (0.16 sec)

Query OK, 0 rows affected (0.01 sec)

Query OK, 47 rows affected, 3 warnings (0.21 sec)
Records: 47  Duplicates: 0  Warnings: 3

+-------------+---------------+-----------------------+-------------+-------------+----------------+-----------------+
| region      | network       | services              | activecount | allaccounts | uniqueaccounts | uniquecontracts |
+-------------+---------------+-----------------------+-------------+-------------+----------------+-----------------+
| Mahe        | ADDON         | OTT Only              |           2 |           2 |              2 |               2 |
| Mahe        | ADDON         | TV & OTT              |           4 |           1 |              1 |               1 |
| Mahe        | ADDON         | TV Only               |           4 |           3 |              3 |               3 |
| Mahe        | ADDON         | Services Total        |          10 |           6 |              6 |               6 |
| Mahe        | GPON          | All                   |          95 |          16 |             16 |              52 |
| Mahe        | GPON          | Internet & Voice      |          55 |          22 |             22 |              45 |
| Mahe        | GPON          | Internet Only         |         744 |         673 |            673 |             694 |
| Mahe        | GPON          | TV & Internet         |        2214 |         913 |            913 |            1870 |
| Mahe        | GPON          | TV & Internet & OTT   |         791 |         200 |            200 |             412 |
| Mahe        | GPON          | TV & Internet & Voice |         120 |          33 |             33 |             101 |
| Mahe        | GPON          | TV & OTT              |          48 |          14 |             14 |              14 |
| Mahe        | GPON          | TV & Voice            |          44 |          18 |             18 |              37 |
| Mahe        | GPON          | TV Only               |        1227 |         769 |            769 |             792 |
| Mahe        | GPON          | Voice Only            |          10 |          10 |             10 |              10 |
| Mahe        | GPON          | Services Total        |        5348 |        2668 |           2668 |            4027 |
| Mahe        | HFC           | All                   |         126 |          23 |             23 |              75 |
| Mahe        | HFC           | Internet & Voice      |         364 |         170 |            170 |             329 |
| Mahe        | HFC           | Internet Only         |        3257 |        3227 |           3227 |            3254 |
| Mahe        | HFC           | TV & Internet         |        5694 |        2563 |           2563 |            5191 |
| Mahe        | HFC           | TV & Internet & OTT   |        1121 |         304 |            304 |             622 |
| Mahe        | HFC           | TV & Internet & Voice |         331 |          98 |             98 |             300 |
| Mahe        | HFC           | TV & OTT              |         252 |          39 |             39 |              53 |
| Mahe        | HFC           | TV & Voice            |          62 |          28 |             28 |              57 |
| Mahe        | HFC           | TV & Voice & OTT      |           3 |           1 |              1 |               2 |
| Mahe        | HFC           | TV Only               |        8384 |        6508 |           6508 |            6652 |
| Mahe        | HFC           | Voice Only            |         168 |         167 |            167 |             168 |
| Mahe        | HFC           | Services Total        |       19762 |       13128 |          13128 |           16703 |
| Mahe        | MOBILE TV     | OTT Only              |           3 |           1 |              1 |               3 |
| Mahe        | MOBILE TV     | Services Total        |           3 |           1 |              1 |               3 |
| Mahe        | Network Total | Services Total        |       25123 |       15803 |          15740 |           20739 |
| Praslin     | ADDON         | TV Only               |           4 |           4 |              4 |               4 |
| Praslin     | ADDON         | Services Total        |           4 |           4 |              4 |               4 |
| Praslin     | GPON          | All                   |          21 |           4 |              4 |              12 |
| Praslin     | GPON          | Internet & Voice      |          12 |           6 |              6 |              12 |
| Praslin     | GPON          | Internet Only         |         203 |         202 |            202 |             203 |
| Praslin     | GPON          | TV & Internet         |         844 |         365 |            365 |             757 |
| Praslin     | GPON          | TV & Internet & OTT   |         401 |         115 |            115 |             241 |
| Praslin     | GPON          | TV & Internet & Voice |          15 |           4 |              4 |              14 |
| Praslin     | GPON          | TV & OTT              |          13 |           6 |              6 |               7 |
| Praslin     | GPON          | TV & Voice            |           3 |           1 |              1 |               3 |
| Praslin     | GPON          | TV Only               |         413 |         294 |            294 |             311 |
| Praslin     | GPON          | Voice Only            |           1 |           1 |              1 |               1 |
| Praslin     | GPON          | Services Total        |        1926 |         998 |            998 |            1561 |
| Praslin     | HFC           | TV Only               |           5 |           3 |              3 |               3 |
| Praslin     | HFC           | Services Total        |           5 |           3 |              3 |               3 |
| Praslin     | Network Total | Services Total        |        1935 |        1005 |           1002 |            1568 |
| GRAND TOTAL | Network Total | Services Total        |       27058 |       16808 |          16739 |           22307 |
+-------------+---------------+-----------------------+-------------+-------------+----------------+-----------------+
47 rows in set (0.00 sec)

Query OK, 0 rows affected (0.01 sec)

Query OK, 26292 rows affected (0.55 sec)
Records: 26292  Duplicates: 0  Warnings: 0

Query OK, 0 rows affected (0.00 sec)

Query OK, 1933 rows affected (14.18 sec)
Records: 1933  Duplicates: 0  Warnings: 0

+--------------------------------------+
| message                              |
+--------------------------------------+
| running rcbill_my.sp_ActiveNumber2() |
+--------------------------------------+
1 row in set (0.00 sec)

Query OK, 284 rows affected (3 min 5.86 sec)

mysql> mysql \. C:\workspace\cloud\code\sql\_DailyScript\currenttime.sql
+---------------------+
| currenttime         |
+---------------------+
| 2019-10-12 18:01:08 |
+---------------------+
1 row in set (0.00 sec)

mysql> 
mysql> mysql \. C:\workspace\cloud\code\sql\_DailyScript\GetActiveNumbers Average -Pivot.sql
Database changed
+-------------------------------------+
| @today := subdate(current_date(),1) |
+-------------------------------------+
| 2019-10-11                          |
+-------------------------------------+
1 row in set (0.00 sec)

+-------------------------------------+
| @lastdayofmonth := last_day(@today) |
+-------------------------------------+
| 2019-10-31                          |
+-------------------------------------+
1 row in set (0.00 sec)

Query OK, 0 rows affected (0.02 sec)

Query OK, 33417 rows affected, 65535 warnings (1 min 4.41 sec)
Records: 33417  Duplicates: 0  Warnings: 69152

Query OK, 0 rows affected (0.10 sec)
Records: 0  Duplicates: 0  Warnings: 0

Query OK, 0 rows affected (0.13 sec)
Records: 0  Duplicates: 0  Warnings: 0

Query OK, 0 rows affected (0.10 sec)
Records: 0  Duplicates: 0  Warnings: 0

+-----------------+
| activenumberavg |
+-----------------+
|           33417 |
+-----------------+
1 row in set (0.01 sec)

Query OK, 0 rows affected (0.01 sec)

Query OK, 1784 rows affected (0.51 sec)
Records: 1784  Duplicates: 0  Warnings: 0

+---------------------+
| rep_activenumberavg |
+---------------------+
|                1784 |
+---------------------+
1 row in set (0.00 sec)

+----------------------+
| rep_activenumberavg1 |
+----------------------+
|                  845 |
+----------------------+
1 row in set (0.00 sec)

Query OK, 0 rows affected (0.00 sec)

Query OK, 1711 rows affected (0.40 sec)
Records: 1711  Duplicates: 0  Warnings: 0

Query OK, 0 rows affected (0.01 sec)

Query OK, 8667 rows affected (0.72 sec)
Records: 8667  Duplicates: 0  Warnings: 0

Query OK, 0 rows affected (0.00 sec)

Query OK, 0 rows affected (0.02 sec)

Query OK, 0 rows affected (0.00 sec)

Query OK, 0 rows affected (0.00 sec)

Query OK, 0 rows affected (0.00 sec)
Statement prepared

Query OK, 53 rows affected (0.06 sec)
Records: 53  Duplicates: 0  Warnings: 0

Query OK, 0 rows affected (0.00 sec)

Query OK, 0 rows affected (0.00 sec)

+----------------------+
| rep_activenumberavg2 |
+----------------------+
|                 1711 |
+----------------------+
1 row in set (0.00 sec)

+------------------------+
| rep_activenumberavg_pv |
+------------------------+
|                     53 |
+------------------------+
1 row in set (0.00 sec)

Query OK, 0 rows affected (0.01 sec)

Query OK, 1711 rows affected (0.33 sec)
Records: 1711  Duplicates: 0  Warnings: 0

Query OK, 0 rows affected (0.02 sec)

Query OK, 0 rows affected (0.00 sec)

Query OK, 0 rows affected (0.00 sec)

Query OK, 0 rows affected (0.00 sec)

Query OK, 0 rows affected (0.00 sec)
Statement prepared

Query OK, 53 rows affected (0.06 sec)
Records: 53  Duplicates: 0  Warnings: 0

Query OK, 0 rows affected (0.00 sec)

Query OK, 0 rows affected (0.00 sec)

+-------------------------+
| rep_activenumberavgMahe |
+-------------------------+
|                    1711 |
+-------------------------+
1 row in set (0.00 sec)

+----------------------------+
| rep_activenumberavgMahe_pv |
+----------------------------+
|                         53 |
+----------------------------+
1 row in set (0.00 sec)

Query OK, 0 rows affected (0.00 sec)

Query OK, 1094 rows affected (0.15 sec)
Records: 1094  Duplicates: 0  Warnings: 0

Query OK, 0 rows affected (0.00 sec)

Query OK, 0 rows affected (0.01 sec)

Query OK, 0 rows affected (0.00 sec)

Query OK, 0 rows affected (0.00 sec)

Query OK, 0 rows affected (0.00 sec)
Statement prepared

Query OK, 39 rows affected (0.04 sec)
Records: 39  Duplicates: 0  Warnings: 0

Query OK, 0 rows affected (0.00 sec)

Query OK, 0 rows affected (0.00 sec)

+----------------------------+
| rep_activenumberavgPraslin |
+----------------------------+
|                       1094 |
+----------------------------+
1 row in set (0.00 sec)

+-------------------------------+
| rep_activenumberavgPraslin_pv |
+-------------------------------+
|                            39 |
+-------------------------------+
1 row in set (0.00 sec)

mysql> mysql \. C:\workspace\cloud\code\sql\_DailyScript\currenttime.sql
+---------------------+
| currenttime         |
+---------------------+
| 2019-10-12 18:02:15 |
+---------------------+
1 row in set (0.00 sec)

mysql> 
mysql> mysql \. C:\workspace\cloud\code\sql\_DailyScript\budget_actual_analysis_2019.sql
Query OK, 0 rows affected (0.01 sec)

Query OK, 566 rows affected, 3 warnings (0.93 sec)
Records: 566  Duplicates: 0  Warnings: 3

+--------------------+
| budget_actual_2019 |
+--------------------+
|                566 |
+--------------------+
1 row in set (0.00 sec)

Query OK, 0 rows affected (0.00 sec)

Query OK, 48 rows affected (0.04 sec)
Records: 48  Duplicates: 0  Warnings: 0

+---------------------------+
| rep_budget_actual_2019_pv |
+---------------------------+
|                        48 |
+---------------------------+
1 row in set (0.00 sec)

mysql> mysql \. C:\workspace\cloud\code\sql\_DailyScript\currenttime.sql
+---------------------+
| currenttime         |
+---------------------+
| 2019-10-12 18:02:16 |
+---------------------+
1 row in set (0.00 sec)

mysql> 
mysql> mysql \. C:\workspace\cloud\code\sql\_DailyScript\reports-sales-addons-prepaid-camera.sql
Database changed
Query OK, 0 rows affected (0.00 sec)

Query OK, 3828 rows affected (0.37 sec)
Records: 3828  Duplicates: 0  Warnings: 0

Query OK, 0 rows affected (0.01 sec)

Query OK, 17223 rows affected (43.01 sec)
Records: 17223  Duplicates: 0  Warnings: 0

+--------------------+
| rep_prepaid_camera |
+--------------------+
|               3828 |
+--------------------+
1 row in set (0.00 sec)

+-----------+
| rep_addon |
+-----------+
|     17223 |
+-----------+
1 row in set (0.01 sec)

mysql> mysql \. C:\workspace\cloud\code\sql\_DailyScript\currenttime.sql
+---------------------+
| currenttime         |
+---------------------+
| 2019-10-12 18:03:00 |
+---------------------+
1 row in set (0.00 sec)

mysql> 
mysql> mysql \. C:\workspace\cloud\code\sql\_DailyScript\housing-estate-analysis.sql
Database changed
Query OK, 0 rows affected (0.02 sec)

Query OK, 2884 rows affected (43.52 sec)
Records: 2884  Duplicates: 0  Warnings: 0

+--------------------+
| rep_housingestates |
+--------------------+
|               2884 |
+--------------------+
1 row in set (0.00 sec)

mysql> mysql \. C:\workspace\cloud\code\sql\_DailyScript\currenttime.sql
+---------------------+
| currenttime         |
+---------------------+
| 2019-10-12 18:03:43 |
+---------------------+
1 row in set (0.00 sec)

mysql> 
mysql> mysql \. C:\workspace\cloud\code\sql\_DailyScript\RCB_ClientAnalyticsReport_Script.sql
Database changed
Query OK, 0 rows affected (0.00 sec)

Query OK, 0 rows affected (0.09 sec)

Query OK, 1753567 rows affected (1 min 39.67 sec)
Records: 1753567  Duplicates: 0  Warnings: 0

Query OK, 0 rows affected (7.99 sec)
Records: 0  Duplicates: 0  Warnings: 0

Query OK, 0 rows affected (5.85 sec)
Records: 0  Duplicates: 0  Warnings: 0

Query OK, 0 rows affected (10.08 sec)
Records: 0  Duplicates: 0  Warnings: 0

Query OK, 0 rows affected (10.27 sec)
Records: 0  Duplicates: 0  Warnings: 0

Query OK, 0 rows affected (12.02 sec)
Records: 0  Duplicates: 0  Warnings: 0

Query OK, 0 rows affected (8.72 sec)
Records: 0  Duplicates: 0  Warnings: 0

Query OK, 0 rows affected (0.00 sec)

Query OK, 454294 rows affected (16.11 sec)
Rows matched: 1753567  Changed: 454294  Warnings: 0

Query OK, 0 rows affected (0.01 sec)

Query OK, 27100 rows affected (4.44 sec)
Records: 27100  Duplicates: 0  Warnings: 0

Query OK, 0 rows affected (0.02 sec)

Query OK, 42732 rows affected (12 min 38.15 sec)
Records: 42732  Duplicates: 0  Warnings: 0

Query OK, 0 rows affected (0.23 sec)
Records: 0  Duplicates: 0  Warnings: 0

Query OK, 0 rows affected (0.18 sec)
Records: 0  Duplicates: 0  Warnings: 0

Query OK, 0 rows affected (0.11 sec)
Records: 0  Duplicates: 0  Warnings: 0

Query OK, 0 rows affected (0.03 sec)

Query OK, 426398 rows affected (14 min 56.53 sec)
Records: 426398  Duplicates: 0  Warnings: 0

Query OK, 0 rows affected (1.96 sec)
Records: 0  Duplicates: 0  Warnings: 0

Query OK, 0 rows affected (1.97 sec)
Records: 0  Duplicates: 0  Warnings: 0

Query OK, 0 rows affected (1.02 sec)
Records: 0  Duplicates: 0  Warnings: 0

Query OK, 0 rows affected (2.25 sec)
Records: 0  Duplicates: 0  Warnings: 0

Query OK, 0 rows affected (1.22 sec)
Records: 0  Duplicates: 0  Warnings: 0

Query OK, 0 rows affected (0.01 sec)

Query OK, 42732 rows affected (1 min 47.64 sec)
Records: 42732  Duplicates: 0  Warnings: 0

+--------------+
| clientreport |
+--------------+
|        42732 |
+--------------+
1 row in set (0.01 sec)

Query OK, 0 rows affected (0.02 sec)

Query OK, 42732 rows affected (7.48 sec)
Records: 42732  Duplicates: 0  Warnings: 0

+----------------------+
| clientextendedreport |
+----------------------+
|                42732 |
+----------------------+
1 row in set (0.02 sec)

Query OK, 0 rows affected (0.02 sec)

Query OK, 42732 rows affected (1 min 46.92 sec)
Records: 42732  Duplicates: 0  Warnings: 0

+---------+
| allcust |
+---------+
|   42732 |
+---------+
1 row in set (0.02 sec)

Query OK, 0 rows affected, 1 warning (0.00 sec)

Query OK, 5000 rows affected (0.19 sec)
Records: 5000  Duplicates: 0  Warnings: 0

Query OK, 0 rows affected (0.01 sec)

Query OK, 6867 rows affected (0.40 sec)
Records: 6867  Duplicates: 0  Warnings: 0

Query OK, 0 rows affected, 1 warning (0.00 sec)

Query OK, 5000 rows affected (0.19 sec)
Records: 5000  Duplicates: 0  Warnings: 0

Query OK, 0 rows affected (0.00 sec)

Query OK, 7328 rows affected (0.25 sec)
Records: 7328  Duplicates: 0  Warnings: 0

mysql> mysql \. C:\workspace\cloud\code\sql\_DailyScript\currenttime.sql
+---------------------+
| currenttime         |
+---------------------+
| 2019-10-12 18:38:06 |
+---------------------+
1 row in set (0.00 sec)

mysql> 
mysql> mysql \. C:\workspace\cloud\code\sql\_DailyScript\REVENUE_PER_NODE_MXK.sql
Query OK, 0 rows affected (0.01 sec)

Query OK, 0 rows affected (0.01 sec)

Query OK, 0 rows affected (0.01 sec)

Query OK, 4949 rows affected (3.68 sec)
Records: 4949  Duplicates: 0  Warnings: 0

+----------------------+
| message              |
+----------------------+
| created temp table a |
+----------------------+
1 row in set (0.00 sec)

Query OK, 5367 rows affected (1.71 sec)
Records: 5367  Duplicates: 0  Warnings: 0

+----------------------+
| message              |
+----------------------+
| created temp table b |
+----------------------+
1 row in set (0.00 sec)

Query OK, 0 rows affected, 1 warning (0.00 sec)

Query OK, 5227 rows affected (11.38 sec)
Records: 5227  Duplicates: 0  Warnings: 0

+--------------------------------+
| message                        |
+--------------------------------+
| created rcbill_my.tempcustmxk1 |
+--------------------------------+
1 row in set (0.00 sec)

Query OK, 0 rows affected (0.00 sec)

Query OK, 0 rows affected (0.00 sec)

Query OK, 0 rows affected, 1 warning (0.00 sec)

Query OK, 4949 rows affected (1.24 sec)
Records: 4949  Duplicates: 0  Warnings: 0

+----------------+
| message        |
+----------------+
| created temp a |
+----------------+
1 row in set (0.02 sec)

Query OK, 5367 rows affected (0.53 sec)
Records: 5367  Duplicates: 0  Warnings: 0

+----------------+
| message        |
+----------------+
| created temp b |
+----------------+
1 row in set (0.00 sec)

Query OK, 0 rows affected, 1 warning (0.00 sec)

Query OK, 5449 rows affected (7.62 sec)
Records: 5449  Duplicates: 0  Warnings: 0

+--------------------------------+
| message                        |
+--------------------------------+
| created rcbill_my.tempcustmxk2 |
+--------------------------------+
1 row in set (0.00 sec)

Query OK, 0 rows affected (0.00 sec)

Query OK, 0 rows affected (0.02 sec)

Query OK, 0 rows affected, 1 warning (0.00 sec)

Query OK, 0 rows affected (0.00 sec)

Query OK, 5879 rows affected (0.33 sec)
Records: 5879  Duplicates: 0  Warnings: 0

+---------------------------------+
| message                         |
+---------------------------------+
| created rcbill_my.customers_mxk |
+---------------------------------+
1 row in set (0.00 sec)

Query OK, 0 rows affected (0.00 sec)

Query OK, 0 rows affected (0.00 sec)

Query OK, 13336 rows affected (7.08 sec)
Records: 13336  Duplicates: 0  Warnings: 0

+----------------+
| message        |
+----------------+
| created temp a |
+----------------+
1 row in set (0.00 sec)

Query OK, 21067 rows affected (3.29 sec)
Records: 21067  Duplicates: 0  Warnings: 0

+----------------+
| message        |
+----------------+
| created temp c |
+----------------+
1 row in set (0.00 sec)

Query OK, 0 rows affected, 1 warning (0.00 sec)

Query OK, 27871 rows affected (0.39 sec)
Records: 27871  Duplicates: 0  Warnings: 0

+---------------------------------+
| message                         |
+---------------------------------+
| created rcbill_my.tempcustcmts1 |
+---------------------------------+
1 row in set (0.00 sec)

Query OK, 0 rows affected (0.00 sec)

Query OK, 0 rows affected, 1 warning (0.00 sec)

Query OK, 0 rows affected (0.02 sec)

Query OK, 13336 rows affected (6.60 sec)
Records: 13336  Duplicates: 0  Warnings: 0

+----------------+
| message        |
+----------------+
| created temp a |
+----------------+
1 row in set (0.00 sec)

Query OK, 21067 rows affected (1.36 sec)
Records: 21067  Duplicates: 0  Warnings: 0

+----------------+
| message        |
+----------------+
| created temp c |
+----------------+
1 row in set (0.00 sec)

Query OK, 0 rows affected, 1 warning (0.00 sec)

Query OK, 22032 rows affected (0.32 sec)
Records: 22032  Duplicates: 0  Warnings: 0

+---------------------------------+
| message                         |
+---------------------------------+
| created rcbill_my.tempcustcmts2 |
+---------------------------------+
1 row in set (0.01 sec)

Query OK, 0 rows affected (0.00 sec)

Query OK, 0 rows affected, 1 warning (0.00 sec)

Query OK, 0 rows affected (0.02 sec)

Query OK, 0 rows affected (0.01 sec)

Query OK, 13446 rows affected (1.21 sec)
Records: 13446  Duplicates: 0  Warnings: 0

+----------------------------------+
| message                          |
+----------------------------------+
| created rcbill_my.customers_cmts |
+----------------------------------+
1 row in set (0.00 sec)

Query OK, 0 rows affected (0.00 sec)

Query OK, 0 rows affected (0.01 sec)

Query OK, 0 rows affected (0.02 sec)

Query OK, 16936 rows affected (1.07 sec)
Records: 16936  Duplicates: 0  Warnings: 0

+--------------------------------------+
| message                              |
+--------------------------------------+
| created rcbill_my.customers_cmts_mxk |
+--------------------------------------+
1 row in set (0.00 sec)

Query OK, 450449 rows affected (1 min 28.09 sec)
Records: 450449  Duplicates: 0  Warnings: 0

+----------------+
| message        |
+----------------+
| created temp a |
+----------------+
1 row in set (0.00 sec)

Query OK, 0 rows affected (0.03 sec)

Query OK, 451127 rows affected (14.65 sec)
Records: 451127  Duplicates: 0  Warnings: 0

+------------------------------------------------+
| message                                        |
+------------------------------------------------+
| created rcbill_my.customers_contracts_cmts_mxk |
+------------------------------------------------+
1 row in set (0.00 sec)

Query OK, 0 rows affected (0.03 sec)

Query OK, 0 rows affected, 1 warning (0.00 sec)

Query OK, 0 rows affected, 1 warning (0.00 sec)

Query OK, 0 rows affected (0.00 sec)

Query OK, 7774 rows affected (3.82 sec)
Rows matched: 7774  Changed: 7774  Warnings: 0

+------------------------------------------------+
| message                                        |
+------------------------------------------------+
| updated rcbill_my.customers_contracts_cmts_mxk |
+------------------------------------------------+
1 row in set (0.01 sec)

Query OK, 0 rows affected (0.02 sec)

Query OK, 1721348 rows affected (5 min 8.10 sec)
Records: 1721348  Duplicates: 0  Warnings: 0

+----------------------------------------+
| message                                |
+----------------------------------------+
| created rcbill_my.customers_collection |
+----------------------------------------+
1 row in set (0.00 sec)

Query OK, 0 rows affected (0.02 sec)

Query OK, 1982551 rows affected (2 min 12.29 sec)
Records: 1982551  Duplicates: 0  Warnings: 0

+------------------------------------------------+
| message                                        |
+------------------------------------------------+
| created rcbill_my.customers_cmts_mxk_cont_coll |
+------------------------------------------------+
1 row in set (0.00 sec)

Query OK, 0 rows affected (0.01 sec)

Query OK, 48235 rows affected (12.75 sec)
Records: 48235  Duplicates: 0  Warnings: 0

+------------------------------------------------------------+
| message                                                    |
+------------------------------------------------------------+
| created rcbill_my.customers_contracts_collection_pivot2019 |
+------------------------------------------------------------+
1 row in set (0.00 sec)

Query OK, 0 rows affected (0.01 sec)

Query OK, 19999 rows affected (11.15 sec)
Records: 19999  Duplicates: 0  Warnings: 0

+--------------------------------------------------+
| message                                          |
+--------------------------------------------------+
| created rcbill_my.customers_collection_pivot2019 |
+--------------------------------------------------+
1 row in set (0.00 sec)

Query OK, 0 rows affected (0.00 sec)

Query OK, 42732 rows affected (1.63 sec)
Records: 42732  Duplicates: 0  Warnings: 0

+------------------------------------------------+
| message                                        |
+------------------------------------------------+
| created rcbill_my.rep_customers_collection2019 |
+------------------------------------------------+
1 row in set (0.00 sec)

Query OK, 0 rows affected (0.00 sec)

Query OK, 0 rows affected, 1 warning (0.00 sec)

Query OK, 420183 rows affected (24.60 sec)
Records: 420183  Duplicates: 0  Warnings: 0

+-------------------------+
| message                 |
+-------------------------+
| created rcbill_my.tempa |
+-------------------------+
1 row in set (0.00 sec)

Query OK, 0 rows affected, 1 warning (0.00 sec)

Query OK, 97404 rows affected (14.82 sec)
Records: 97404  Duplicates: 0  Warnings: 0

+-------------------------+
| message                 |
+-------------------------+
| created rcbill_my.tempb |
+-------------------------+
1 row in set (0.00 sec)

Query OK, 420183 rows affected (10.27 sec)
Records: 420183  Duplicates: 0  Warnings: 0

+-----------+
| message   |
+-----------+
| created a |
+-----------+
1 row in set (0.00 sec)

Query OK, 97415 rows affected (6.50 sec)
Records: 97415  Duplicates: 0  Warnings: 0

+-----------+
| message   |
+-----------+
| created b |
+-----------+
1 row in set (0.00 sec)

Query OK, 0 rows affected (0.12 sec)

Query OK, 0 rows affected (0.00 sec)

Query OK, 0 rows affected (0.02 sec)

Query OK, 423124 rows affected (40.79 sec)
Records: 423124  Duplicates: 0  Warnings: 0

+----------------------------------------------+
| message                                      |
+----------------------------------------------+
| created rcbill_my.cust_cont_payment_cmts_mxk |
+----------------------------------------------+
1 row in set (0.00 sec)

Query OK, 0 rows affected (0.02 sec)

Query OK, 0 rows affected (0.00 sec)

Query OK, 0 rows affected, 1 warning (0.00 sec)

Query OK, 0 rows affected (0.02 sec)

Query OK, 42732 rows affected (14.35 sec)
Records: 42732  Duplicates: 0  Warnings: 0

+--------------------------------------------------+
| message                                          |
+--------------------------------------------------+
| created rcbill_my.rep_cust_cont_payment_cmts_mxk |
+--------------------------------------------------+
1 row in set (0.00 sec)

Query OK, 0 rows affected, 1 warning (0.00 sec)

Query OK, 0 rows affected, 1 warning (0.00 sec)

Query OK, 0 rows affected (0.01 sec)

Query OK, 42732 rows affected, 5 warnings (9.60 sec)
Records: 42732  Duplicates: 0  Warnings: 5

+----------------------+
| rep_custconsolidated |
+----------------------+
|                42732 |
+----------------------+
1 row in set (0.04 sec)

Query OK, 0 rows affected (0.00 sec)

Query OK, 0 rows affected (0.00 sec)

+----------------------------------------------+
| message                                      |
+----------------------------------------------+
| creating rcbill_my.retentioncustomeractivity |
+----------------------------------------------+
1 row in set (0.02 sec)

Query OK, 871 rows affected (0.10 sec)
Records: 871  Duplicates: 0  Warnings: 0

+---------------------------+
| retentioncustomeractivity |
+---------------------------+
|                       871 |
+---------------------------+
1 row in set (0.00 sec)

+-----------+------------------------------------+------------+-------------+-----------------+------------------+---------------------+-------------------+
| HFC_NODE  | NODENAME                           | CMTS_DATE  | INSERTED_ON | UNIQUE_ACCOUNTS | UNIQUE_CONTRACTS | UNIQUE_MAC_INRCBOSS | UNIQUE_MAC_INCMTS |
+-----------+------------------------------------+------------+-------------+-----------------+------------------+---------------------+-------------------+
| NULL      | NULL                               | NULL       | 2019-10-12  |            5671 |             5939 |                5991 |                 0 |
| C5/0/0/U0 | ANSE-BOILEAU-2                     | 2019-10-01 | 2019-10-12  |             175 |              177 |                 175 |               176 |
| C5/0/0/U1 | 500-C3-ANSE-BOILEAU                | 2019-10-01 | 2019-10-12  |             179 |              187 |                 179 |               181 |
| C5/0/1/U0 | 501-C4-LA-MISIERE-LEFT-I           | 2019-10-01 | 2019-10-12  |             149 |              155 |                 148 |               150 |
| C5/0/1/U1 | 501-C5-LA-MISIERE-RIGHT            | 2019-10-01 | 2019-10-12  |             109 |              112 |                 109 |               111 |
| C5/0/1/U2 | 501-C7-LA-MISIERE-LEFT-II          | 2019-10-01 | 2019-10-12  |             149 |              154 |                 149 |               154 |
| C5/0/2/U0 | 502-C8-LA-LOUISE                   | 2019-10-01 | 2019-10-12  |             139 |              141 |                 139 |               141 |
| C5/0/2/U1 | LA-LOUISE-2                        | 2019-10-01 | 2019-10-12  |             141 |              145 |                 141 |               147 |
| C5/0/3/U0 | 504-C6-PETIT-PARIS                 | 2019-10-01 | 2019-10-12  |             157 |              160 |                 157 |               158 |
| C5/0/3/U1 | PETIT-PARIS-23                     | 2019-10-01 | 2019-10-12  |              71 |               73 |                  71 |                73 |
| C5/0/4/U0 | FOUR-SEASONS                       | 2019-10-01 | 2019-10-12  |               4 |               12 |                  12 |                12 |
| C5/0/4/U1 | ANCHOR-CAFE-I                      | 2019-10-01 | 2019-10-12  |             143 |              145 |                 143 |               146 |
| C5/0/4/U2 | ANCHOR-CAFE-II                     | 2019-10-01 | 2019-10-12  |             147 |              150 |                 147 |               150 |
| C5/1/0/U0 | POINTE-LARUE-AIRPORT-23            | 2019-10-01 | 2019-10-12  |             100 |              106 |                 102 |               104 |
| C5/1/0/U1 | PPROVIDENCE-23                     | 2019-10-01 | 2019-10-12  |              25 |               27 |                  25 |                25 |
| C5/1/0/U2 | ROSHE-CAIMAN-23                    | 2019-10-01 | 2019-10-12  |              10 |               11 |                  10 |                10 |
| C5/1/0/U3 | HEAD-OFFICE | HO-23                | 2019-10-01 | 2019-10-12  |              30 |               30 |                  30 |                32 |
| C5/1/1/U1 | C5-UNION-VALE                      | 2019-10-01 | 2019-10-12  |             186 |              191 |                 186 |               188 |
| C5/1/3/U0 | POINTE-LARUE-AIRPORT-27            | 2019-10-01 | 2019-10-12  |             135 |              140 |                 135 |               136 |
| C5/1/3/U1 | PPROVIDENCE-27                     | 2019-10-01 | 2019-10-12  |              37 |               38 |                  37 |                37 |
| C5/1/3/U2 | ROSHE-CAIMAN-27                    | 2019-10-01 | 2019-10-12  |              26 |               26 |                  26 |                26 |
| C5/1/3/U3 | HEAD-OFFICE | HO-27                | 2019-10-01 | 2019-10-12  |              12 |               13 |                  12 |                13 |
| C5/1/4/U0 | ANSE-ROYALE-27                     | 2019-10-01 | 2019-10-12  |              94 |               98 |                  94 |                95 |
| C5/1/4/U1 | GLACIS-2-57                        | 2019-10-01 | 2019-10-12  |             117 |              123 |                 117 |               119 |
| C5/1/4/U2 | NULL                               | 2019-10-01 | 2019-10-12  |              94 |               95 |                  94 |                95 |
| C5/1/4/U3 | GLACIS-1                           | 2019-10-01 | 2019-10-12  |              44 |               45 |                  44 |                46 |
| C6/0/1/U0 | SERRET-ROAD-RIGHT/CURIO/PASCAL     | 2019-10-01 | 2019-10-12  |             118 |              122 |                 118 |               122 |
| C6/0/1/U1 | SERRET-ROAD-LEFT/ST.LOUIS/TOWN     | 2019-10-01 | 2019-10-12  |             141 |              145 |                 141 |               141 |
| C6/0/1/U2 | SERRET-ROAD-RIGHT/CURIO/PASCAL-2   | 2019-10-01 | 2019-10-12  |             121 |              121 |                 121 |               123 |
| C6/0/1/U3 | SERRET-ROAD-LEFT/ST.LOUIS/TOWN-2   | 2019-10-01 | 2019-10-12  |             145 |              149 |                 145 |               146 |
| C6/0/2/U0 | SANS-SOUCIS-I                      | 2019-10-01 | 2019-10-12  |             122 |              127 |                 122 |               125 |
| C6/0/2/U1 | SANS-SOUCIS-II                     | 2019-10-01 | 2019-10-12  |              99 |              100 |                  99 |               101 |
| C6/0/2/U2 | BEL-AIR-27                         | 2019-10-01 | 2019-10-12  |              92 |               94 |                  92 |                93 |
| C6/0/2/U3 | BEL-AIR-38                         | 2019-10-01 | 2019-10-12  |             105 |              110 |                 105 |               108 |
| C6/0/3/U0 | LES-MAMELLES-23                    | 2019-10-01 | 2019-10-12  |              74 |               74 |                  74 |                75 |
| C6/0/3/U1 | VICTORIA-23                        | 2019-10-01 | 2019-10-12  |              20 |               22 |                  20 |                25 |
| C6/0/4/U0 | LES-MAMELLES-27                    | 2019-10-01 | 2019-10-12  |              81 |               81 |                  81 |                83 |
| C6/0/4/U1 | VICTORIA-27                        | 2019-10-01 | 2019-10-12  |              32 |               35 |                  31 |                31 |
| C7/1/0/U0 | LA-RETRAITE-23                     | 2019-10-01 | 2019-10-12  |              80 |               86 |                  80 |                82 |
| C7/1/0/U1 | TEA-FACTORY-23                     | 2019-10-01 | 2019-10-12  |              21 |               25 |                  21 |                21 |
| C7/1/0/U2 | PAS-23                             | 2019-10-01 | 2019-10-12  |             103 |              104 |                 103 |               104 |
| C7/1/1/U0 | REEF-ESTATE-23                     | 2019-10-01 | 2019-10-12  |              91 |               92 |                  91 |                91 |
| C7/1/1/U1 | BEL-OMBRE-NEW-23                   | 2019-10-01 | 2019-10-12  |              15 |               15 |                  15 |                19 |
| C7/1/2/U0 | LA-RETRAITE-27                     | 2019-10-01 | 2019-10-12  |             125 |              129 |                 126 |               128 |
| C7/1/2/U1 | TEA-FACTORY-27                     | 2019-10-01 | 2019-10-12  |              27 |               31 |                  30 |                31 |
| C7/1/2/U2 | PAS-27                             | 2019-10-01 | 2019-10-12  |              97 |              100 |                  97 |                99 |
| C7/1/3/U0 | MT-BUXTON-27                       | 2019-10-01 | 2019-10-12  |             142 |              144 |                 142 |               143 |
| C7/1/3/U1 | MT-BUXTON-23                       | 2019-10-01 | 2019-10-12  |              74 |               76 |                  74 |                75 |
| C7/1/4/U0 | REEF-ESTATE-27                     | 2019-10-01 | 2019-10-12  |              65 |               66 |                  65 |                65 |
| C7/1/4/U1 | BEL-OMBRE-NEW-27                   | 2019-10-01 | 2019-10-12  |              21 |               21 |                  21 |                23 |
| C8/0/0/U0 | POLICE-ACADEMY-1-27 - POINTE LARUE | 2019-10-01 | 2019-10-12  |             221 |              225 |                 221 |               222 |
| C8/0/0/U1 | NULL                               | 2019-10-01 | 2019-10-12  |              96 |              100 |                  96 |               100 |
| C8/0/1/U0 | NULL                               | 2019-10-01 | 2019-10-12  |             154 |              155 |                 154 |               154 |
| C8/0/1/U1 | POLICE-ACADEMY-2-27 - TURTLE BAY   | 2019-10-01 | 2019-10-12  |             165 |              167 |                 165 |               165 |
| C8/0/2/U0 | BEAU-VALLON-LEFT-1-57              | 2019-10-01 | 2019-10-12  |              95 |               98 |                  95 |                96 |
| C8/0/3/U1 | BEAU-VALLON-RIGHT-2-57             | 2019-10-01 | 2019-10-12  |             174 |              182 |                 174 |               175 |
| C8/1/0/U0 | MA-JOIE-NODE-27                    | 2019-10-01 | 2019-10-12  |             117 |              121 |                 117 |               118 |
| C8/1/0/U1 | BELONIE-27                         | 2019-10-01 | 2019-10-12  |             156 |              159 |                 155 |               155 |
| C8/1/0/U3 | MA-JOIE-NODE-23                    | 2019-10-01 | 2019-10-12  |             105 |              105 |                 105 |               106 |
| C8/1/1/U0 | 611-C1-ROJN I                      | 2019-10-01 | 2019-10-12  |             140 |              141 |                 140 |               141 |
| C8/1/1/U1 | 611-C5-ROJN II                     | 2019-10-01 | 2019-10-12  |             101 |              101 |                 101 |               104 |
| C8/1/2/U0 | 612-C2-ANSE-ETOILE                 | 2019-10-01 | 2019-10-12  |             191 |              196 |                 191 |               192 |
| C8/1/2/U1 | ANSE-ETOILE-U2                     | 2019-10-01 | 2019-10-12  |              58 |               59 |                  58 |                58 |
| C8/1/3/U0 | 613-C3-ANSE-GAULETTE I             | 2019-10-01 | 2019-10-12  |              68 |               74 |                  68 |                71 |
| C8/1/3/U1 | 613-C7-ANSE-GAULETTE II            | 2019-10-01 | 2019-10-12  |              73 |               80 |                  73 |                73 |
| C8/1/3/U2 | 613-C3-ANSE-GAULETTE III           | 2019-10-01 | 2019-10-12  |              36 |               37 |                  36 |                38 |
| C8/1/3/U3 | TAKAMAKA I                         | 2019-10-01 | 2019-10-12  |             103 |              107 |                 103 |               106 |
| C8/1/3/U4 | TAKAMAKA II                        | 2019-10-01 | 2019-10-12  |             101 |              101 |                 101 |               101 |
| C8/1/4/U0 | 614-BEOLIERE-NODE-1                | 2019-10-01 | 2019-10-12  |             128 |              134 |                 128 |               130 |
| C8/1/4/U1 | 614-BEOLIERE-NODE-2                | 2019-10-01 | 2019-10-12  |              97 |              100 |                  97 |               100 |
+-----------+------------------------------------+------------+-------------+-----------------+------------------+---------------------+-------------------+
70 rows in set (0.25 sec)

+------------------+------------+-------------+-----------------+------------------+----------------------+-------------------+
| MXK_NAME         | MXK_DATE   | INSERTED_ON | UNIQUE_ACCOUNTS | UNIQUE_CONTRACTS | UNIQUE_FSAN_INRCBOSS | UNIQUE_FSAN_INMXK |
+------------------+------------+-------------+-----------------+------------------+----------------------+-------------------+
| NULL             | NULL       | 2019-10-12  |             422 |              427 |                  415 |                 0 |
| MXK-ANSEETOILE   | 2019-10-01 | 2019-10-12  |             149 |              151 |                  151 |               156 |
| MXK-ANSEROYALE   | 2019-10-01 | 2019-10-12  |             139 |              139 |                  139 |               156 |
| MXK-BEAUVALLON   | 2019-10-01 | 2019-10-12  |            1191 |             1211 |                 1203 |              1271 |
| MXK-MAHE         | 2019-10-01 | 2019-10-12  |             897 |              919 |                  856 |              1092 |
| MXK-PERSEVERANCE | 2019-10-01 | 2019-10-12  |             989 |              995 |                  994 |              1141 |
| MXK-PRASLIN      | 2019-10-01 | 2019-10-12  |            1165 |             1168 |                 1161 |              1277 |
+------------------+------------+-------------+-----------------+------------------+----------------------+-------------------+
7 rows in set (0.08 sec)

mysql> mysql \. C:\workspace\cloud\code\sql\_DailyScript\currenttime.sql
+---------------------+
| currenttime         |
+---------------------+
| 2019-10-12 18:50:28 |
+---------------------+
1 row in set (0.02 sec)

mysql> 
mysql> mysql \. C:\workspace\cloud\code\sql\Analysis\service_tickets_assignments.sql
Query OK, 0 rows affected (0.00 sec)

Query OK, 74748 rows affected (19.66 sec)
Records: 74748  Duplicates: 0  Warnings: 0

+-------------------------+
| rep_servicetickets_2019 |
+-------------------------+
|                   74748 |
+-------------------------+
1 row in set (1.99 sec)

mysql> mysql \. C:\workspace\cloud\code\sql\_DailyScript\currenttime.sql
+---------------------+
| currenttime         |
+---------------------+
| 2019-10-12 18:50:50 |
+---------------------+
1 row in set (0.00 sec)

mysql> 
mysql> 
mysql> exit
