    -> 
    -> mysql \. C:\workspace\cloud\code\sql\_DailyScript\_setdates.sql
Query OK, 0 rows affected (0.01 sec)

Query OK, 0 rows affected (2.29 sec)

Database changed
Query OK, 0 rows affected (0.00 sec)

Query OK, 0 rows affected (0.00 sec)

Query OK, 0 rows affected (0.00 sec)

Query OK, 0 rows affected (0.00 sec)

Query OK, 0 rows affected (0.00 sec)

Query OK, 0 rows affected (0.00 sec)

Query OK, 0 rows affected (0.00 sec)

Query OK, 0 rows affected (0.00 sec)

Query OK, 0 rows affected (0.00 sec)

Query OK, 0 rows affected (0.00 sec)

Query OK, 0 rows affected (0.00 sec)

Query OK, 0 rows affected (0.00 sec)

Query OK, 0 rows affected (0.00 sec)

Query OK, 0 rows affected (0.00 sec)

Query OK, 0 rows affected (0.00 sec)

Query OK, 0 rows affected (0.00 sec)

Query OK, 0 rows affected (0.00 sec)

Query OK, 0 rows affected (0.00 sec)

Query OK, 0 rows affected (0.00 sec)

Query OK, 0 rows affected (0.00 sec)

Query OK, 0 rows affected (0.00 sec)

Query OK, 0 rows affected (0.00 sec)

mysql> mysql \. C:\workspace\cloud\code\sql\_DailyScript\currenttime.sql
+---------------------+
| currenttime         |
+---------------------+
| 2022-11-14 14:25:50 |
+---------------------+
1 row in set (0.00 sec)

mysql> 
mysql> mysql \. C:\workspace\cloud\code\sql\_DailyScript\load_RCB_VODTITLES.sql
Database changed
Query OK, 0 rows affected (0.00 sec)

Query OK, 19756 rows affected (0.36 sec)

Query OK, 19758 rows affected, 19758 warnings (0.73 sec)
Records: 19758  Deleted: 0  Skipped: 0  Warnings: 19758

Query OK, 0 rows affected (0.00 sec)

Query OK, 2 rows affected (0.02 sec)

+-----------+
| VODTITLES |
+-----------+
|     20216 |
+-----------+
1 row in set (0.01 sec)

+-----------+-----------+
| titletype | typecount |
+-----------+-----------+
| E         |     16800 |
| N         |       245 |
| T         |      2711 |
| NULL      |     19756 |
+-----------+-----------+
4 rows in set (0.05 sec)

mysql> mysql \. C:\workspace\cloud\code\sql\_DailyScript\currenttime.sql
+---------------------+
| currenttime         |
+---------------------+
| 2022-11-14 14:25:52 |
+---------------------+
1 row in set (0.00 sec)

mysql> 
mysql> 
mysql> 
mysql> 
mysql> 
mysql> 
mysql> 
mysql> 
mysql> 
mysql> 
mysql> 
mysql> 
mysql> 
mysql> 
mysql> 
mysql> 
mysql> 
mysql> mysql \. C:\workspace\cloud\code\sql\_DailyScript\GetActiveNumbers Average -Pivot.sql
Database changed
+-------------------------------------+
| @today := subdate(current_date(),1) |
+-------------------------------------+
| 2022-11-13                          |
+-------------------------------------+
1 row in set (0.00 sec)

+-------------------------------------+
| @lastdayofmonth := last_day(@today) |
+-------------------------------------+
| 2022-11-30                          |
+-------------------------------------+
1 row in set (0.00 sec)

Query OK, 0 rows affected (0.01 sec)

Query OK, 59911 rows affected, 65535 warnings (1 min 16.07 sec)
Records: 59911  Duplicates: 0  Warnings: 122569

Query OK, 0 rows affected (0.14 sec)
Records: 0  Duplicates: 0  Warnings: 0

Query OK, 0 rows affected (0.19 sec)
Records: 0  Duplicates: 0  Warnings: 0

Query OK, 0 rows affected (0.14 sec)
Records: 0  Duplicates: 0  Warnings: 0

+-----------------+
| activenumberavg |
+-----------------+
|           59911 |
+-----------------+
1 row in set (0.02 sec)

Query OK, 0 rows affected (0.01 sec)

Query OK, 2031 rows affected (0.70 sec)
Records: 2031  Duplicates: 0  Warnings: 0

+---------------------+
| rep_activenumberavg |
+---------------------+
|                2031 |
+---------------------+
1 row in set (0.00 sec)

+----------------------+
| rep_activenumberavg1 |
+----------------------+
|                  942 |
+----------------------+
1 row in set (0.00 sec)

Query OK, 0 rows affected (0.01 sec)

Query OK, 3217 rows affected (0.56 sec)
Records: 3217  Duplicates: 0  Warnings: 0

Query OK, 0 rows affected (0.01 sec)

Query OK, 16832 rows affected (1.06 sec)
Records: 16832  Duplicates: 0  Warnings: 0

Query OK, 0 rows affected (0.01 sec)

Query OK, 294 rows affected (0.36 sec)
Records: 294  Duplicates: 0  Warnings: 0

Query OK, 0 rows affected (0.00 sec)

Query OK, 0 rows affected (0.01 sec)

Query OK, 0 rows affected (0.01 sec)

Query OK, 0 rows affected (0.00 sec)

Query OK, 0 rows affected (0.00 sec)
Statement prepared

Query OK, 53 rows affected (0.07 sec)
Records: 53  Duplicates: 0  Warnings: 0

Query OK, 0 rows affected (0.00 sec)

Query OK, 0 rows affected (0.00 sec)

+----------------------+
| rep_activenumberavg2 |
+----------------------+
|                 3217 |
+----------------------+
1 row in set (0.00 sec)

+------------------------+
| rep_activenumberavg_pv |
+------------------------+
|                     53 |
+------------------------+
1 row in set (0.00 sec)

Query OK, 0 rows affected (0.01 sec)

Query OK, 3214 rows affected (0.47 sec)
Records: 3214  Duplicates: 0  Warnings: 0

Query OK, 0 rows affected (0.00 sec)

Query OK, 0 rows affected (0.01 sec)

Query OK, 0 rows affected (0.01 sec)

Query OK, 0 rows affected (0.00 sec)

Query OK, 0 rows affected (0.00 sec)
Statement prepared

Query OK, 53 rows affected (0.07 sec)
Records: 53  Duplicates: 0  Warnings: 0

Query OK, 0 rows affected (0.00 sec)

Query OK, 0 rows affected (0.00 sec)

+-------------------------+
| rep_activenumberavgMahe |
+-------------------------+
|                    3214 |
+-------------------------+
1 row in set (0.00 sec)

+----------------------------+
| rep_activenumberavgMahe_pv |
+----------------------------+
|                         53 |
+----------------------------+
1 row in set (0.00 sec)

Query OK, 0 rows affected (0.01 sec)

Query OK, 2032 rows affected (0.21 sec)
Records: 2032  Duplicates: 0  Warnings: 0

Query OK, 0 rows affected (0.00 sec)

Query OK, 0 rows affected (0.00 sec)

Query OK, 0 rows affected (0.01 sec)

Query OK, 0 rows affected (0.00 sec)

Query OK, 0 rows affected (0.00 sec)
Statement prepared

Query OK, 41 rows affected (0.05 sec)
Records: 41  Duplicates: 0  Warnings: 0

Query OK, 0 rows affected (0.00 sec)

Query OK, 0 rows affected (0.00 sec)

+----------------------------+
| rep_activenumberavgPraslin |
+----------------------------+
|                       2032 |
+----------------------------+
1 row in set (0.00 sec)

+-------------------------------+
| rep_activenumberavgPraslin_pv |
+-------------------------------+
|                            41 |
+-------------------------------+
1 row in set (0.00 sec)

mysql> mysql \. C:\workspace\cloud\code\sql\_DailyScript\currenttime.sql
+---------------------+
| currenttime         |
+---------------------+
| 2022-11-14 14:27:12 |
+---------------------+
1 row in set (0.00 sec)

mysql> 
mysql> mysql \. C:\workspace\cloud\code\sql\Analysis\clients_contracts_creditpolicy_2.sql
Database changed
Query OK, 0 rows affected, 1 warning (0.00 sec)

Query OK, 2025303 rows affected (1 min 4.85 sec)
Records: 2025303  Duplicates: 0  Warnings: 0

Query OK, 0 rows affected, 1 warning (0.31 sec)

Query OK, 25774 rows affected (1.43 sec)
Records: 25774  Duplicates: 0  Warnings: 0

Query OK, 0 rows affected (0.05 sec)

Query OK, 25873 rows affected (30.44 sec)
Records: 25873  Duplicates: 0  Warnings: 0

+-------------------------+
| rep_cust_cont_creditpol |
+-------------------------+
|                   25873 |
+-------------------------+
1 row in set (0.01 sec)

mysql> mysql \. C:\workspace\cloud\code\sql\_DailyScript\currenttime.sql
+---------------------+
| currenttime         |
+---------------------+
| 2022-11-14 14:28:49 |
+---------------------+
1 row in set (0.00 sec)

mysql> 
mysql> mysql \. C:\workspace\cloud\code\sql\_DailyScript\budget_actual_analysis_2022.sql
Query OK, 0 rows affected (0.01 sec)

Query OK, 933 rows affected, 3 warnings (0.43 sec)
Records: 933  Duplicates: 0  Warnings: 3

+--------------------+
| budget_actual_2022 |
+--------------------+
|                933 |
+--------------------+
1 row in set (0.00 sec)

Query OK, 0 rows affected (0.01 sec)

Query OK, 47 rows affected (0.04 sec)
Records: 47  Duplicates: 0  Warnings: 0

+---------------------------+
| rep_budget_actual_2022_pv |
+---------------------------+
|                        47 |
+---------------------------+
1 row in set (0.00 sec)

mysql> mysql \. C:\workspace\cloud\code\sql\_DailyScript\currenttime.sql
+---------------------+
| currenttime         |
+---------------------+
| 2022-11-14 14:28:50 |
+---------------------+
1 row in set (0.00 sec)

mysql> 
mysql> mysql \. C:\workspace\cloud\code\sql\_DailyScript\reports-sales-addons-prepaid-camera.sql
Database changed
Query OK, 0 rows affected (0.01 sec)

Query OK, 4488 rows affected (0.23 sec)
Records: 4488  Duplicates: 0  Warnings: 0

Query OK, 0 rows affected (0.01 sec)

Query OK, 30009 rows affected (33.65 sec)
Records: 30009  Duplicates: 0  Warnings: 0

+--------------------+
| rep_prepaid_camera |
+--------------------+
|               4488 |
+--------------------+
1 row in set (0.01 sec)

+-----------+
| rep_addon |
+-----------+
|     30009 |
+-----------+
1 row in set (0.01 sec)

mysql> mysql \. C:\workspace\cloud\code\sql\_DailyScript\currenttime.sql
+---------------------+
| currenttime         |
+---------------------+
| 2022-11-14 14:29:24 |
+---------------------+
1 row in set (0.00 sec)

mysql> 
mysql> mysql \. C:\workspace\cloud\code\sql\Analysis\addon_package_sales2.sql
Query OK, 0 rows affected (0.00 sec)

Query OK, 0 rows affected (0.00 sec)

Query OK, 0 rows affected (0.00 sec)

+------------+
| @startdate |
+------------+
| 2016-05-01 |
+------------+
1 row in set (0.00 sec)

+------------+
| @enddate   |
+------------+
| 2022-11-13 |
+------------+
1 row in set (0.00 sec)

+------------------------+
| IN ADDON PACKAGE SALES |
+------------------------+
| IN ADDON PACKAGE SALES |
+------------------------+
1 row in set (0.00 sec)

Query OK, 0 rows affected (0.00 sec)

Query OK, 0 rows affected (0.04 sec)

Query OK, 2770 rows affected (6 min 23.08 sec)
Records: 2770  Duplicates: 0  Warnings: 0

+-----------------+
| message         |
+-----------------+
| table A created |
+-----------------+
1 row in set (0.00 sec)

Query OK, 0 rows affected (0.02 sec)

Query OK, 2770 rows affected (1.17 sec)
Records: 2770  Duplicates: 0  Warnings: 0

Query OK, 0 rows affected (0.01 sec)

+------------------------+
| rep_newfirstactive_vod |
+------------------------+
|                   2770 |
+------------------------+
1 row in set (0.00 sec)

Query OK, 0 rows affected (0.00 sec)

Query OK, 0 rows affected, 1 warning (0.00 sec)

Query OK, 6887 rows affected (8 min 6.05 sec)
Records: 6887  Duplicates: 0  Warnings: 0

+-----------------+
| message         |
+-----------------+
| table A created |
+-----------------+
1 row in set (0.00 sec)

Query OK, 0 rows affected (0.02 sec)

Query OK, 6887 rows affected (0.36 sec)
Records: 6887  Duplicates: 0  Warnings: 0

Query OK, 0 rows affected (0.01 sec)

+------------------------+
| rep_newfirstactive_int |
+------------------------+
|                   6887 |
+------------------------+
1 row in set (0.00 sec)

Query OK, 0 rows affected (0.00 sec)

Query OK, 0 rows affected, 1 warning (0.00 sec)

Query OK, 406 rows affected (17.81 sec)
Records: 406  Duplicates: 0  Warnings: 0

+-----------------+
| message         |
+-----------------+
| table A created |
+-----------------+
1 row in set (0.00 sec)

Query OK, 0 rows affected (0.01 sec)

Query OK, 406 rows affected (0.06 sec)
Records: 406  Duplicates: 0  Warnings: 0

Query OK, 0 rows affected (0.01 sec)

+-----------------------+
| rep_newfirstactive_dv |
+-----------------------+
|                   406 |
+-----------------------+
1 row in set (0.00 sec)

Query OK, 0 rows affected (0.00 sec)

Query OK, 0 rows affected, 1 warning (0.00 sec)

Query OK, 41 rows affected (0.29 sec)
Records: 41  Duplicates: 0  Warnings: 0

+-----------------+
| message         |
+-----------------+
| table A created |
+-----------------+
1 row in set (0.00 sec)

Query OK, 0 rows affected (0.02 sec)

Query OK, 41 rows affected (0.03 sec)
Records: 41  Duplicates: 0  Warnings: 0

Query OK, 0 rows affected (0.00 sec)

+-----------------------+
| rep_newfirstactive_mv |
+-----------------------+
|                    41 |
+-----------------------+
1 row in set (0.00 sec)

Query OK, 0 rows affected (0.00 sec)

Query OK, 0 rows affected, 1 warning (0.00 sec)

Query OK, 786 rows affected (44.05 sec)
Records: 786  Duplicates: 0  Warnings: 0

+-----------------+
| message         |
+-----------------+
| table A created |
+-----------------+
1 row in set (0.00 sec)

Query OK, 0 rows affected (0.02 sec)

Query OK, 786 rows affected (0.08 sec)
Records: 786  Duplicates: 0  Warnings: 0

Query OK, 0 rows affected (0.01 sec)

+------------------------+
| rep_newfirstactive_igo |
+------------------------+
|                    786 |
+------------------------+
1 row in set (0.00 sec)

mysql> mysql \. C:\workspace\cloud\code\sql\_DailyScript\currenttime.sql
+---------------------+
| currenttime         |
+---------------------+
| 2022-11-14 14:44:56 |
+---------------------+
1 row in set (0.01 sec)

mysql> 
mysql> mysql \. C:\workspace\cloud\code\sql\_DailyScript\RCB_ClientAnalyticsReport_Script.sql
Database changed
Query OK, 0 rows affected (0.00 sec)

Query OK, 0 rows affected (1.36 sec)

Query OK, 2309681 rows affected (2 min 1.23 sec)
Records: 2309681  Duplicates: 0  Warnings: 0

Query OK, 0 rows affected (25.56 sec)
Records: 0  Duplicates: 0  Warnings: 0

Query OK, 0 rows affected (7.41 sec)
Records: 0  Duplicates: 0  Warnings: 0

Query OK, 0 rows affected (11.02 sec)
Records: 0  Duplicates: 0  Warnings: 0

Query OK, 0 rows affected (13.43 sec)
Records: 0  Duplicates: 0  Warnings: 0

Query OK, 0 rows affected (10.77 sec)
Records: 0  Duplicates: 0  Warnings: 0

Query OK, 0 rows affected (12.91 sec)
Records: 0  Duplicates: 0  Warnings: 0

Query OK, 0 rows affected (14.07 sec)
Records: 0  Duplicates: 0  Warnings: 0

Query OK, 0 rows affected (11.11 sec)
Records: 0  Duplicates: 0  Warnings: 0

Query OK, 0 rows affected (0.00 sec)

Query OK, 530898 rows affected, 29145 warnings (27.05 sec)
Rows matched: 2309681  Changed: 530898  Warnings: 29145

Query OK, 0 rows affected (0.07 sec)

Query OK, 26230 rows affected (21.65 sec)
Records: 26230  Duplicates: 0  Warnings: 0

+---------------------+
| clientcontractssubs |
+---------------------+
|               26230 |
+---------------------+
1 row in set (0.01 sec)

Query OK, 0 rows affected (0.02 sec)

Query OK, 46994 rows affected (37.73 sec)
Records: 46994  Duplicates: 0  Warnings: 0

Query OK, 0 rows affected (0.19 sec)
Records: 0  Duplicates: 0  Warnings: 0

Query OK, 0 rows affected (0.18 sec)
Records: 0  Duplicates: 0  Warnings: 0

Query OK, 0 rows affected (0.11 sec)
Records: 0  Duplicates: 0  Warnings: 0

+-----------------------+
| clientcontracthistory |
+-----------------------+
|                 46994 |
+-----------------------+
1 row in set (0.01 sec)

Query OK, 0 rows affected (0.04 sec)

Query OK, 3230517 rows affected (1 min 50.08 sec)
Records: 3230517  Duplicates: 0  Warnings: 0

Query OK, 0 rows affected, 1 warning (0.00 sec)

Query OK, 478291 rows affected (1 min 53.61 sec)
Records: 478291  Duplicates: 0  Warnings: 0

Query OK, 0 rows affected, 1 warning (0.00 sec)

Query OK, 504689 rows affected (1 min 9.24 sec)
Records: 504689  Duplicates: 0  Warnings: 0

Query OK, 0 rows affected (0.06 sec)

Query OK, 523175 rows affected (36.97 sec)
Records: 523175  Duplicates: 0  Warnings: 0

Query OK, 0 rows affected (0.48 sec)

Query OK, 0 rows affected (0.31 sec)

Query OK, 0 rows affected (1.65 sec)
Records: 0  Duplicates: 0  Warnings: 0

Query OK, 0 rows affected (0.86 sec)
Records: 0  Duplicates: 0  Warnings: 0

Query OK, 0 rows affected (2.18 sec)
Records: 0  Duplicates: 0  Warnings: 0

Query OK, 0 rows affected (1.11 sec)
Records: 0  Duplicates: 0  Warnings: 0

+--------------------------+
| clientcontractinvpmt_stg |
+--------------------------+
|                   523175 |
+--------------------------+
1 row in set (0.14 sec)

Query OK, 0 rows affected (0.03 sec)

Query OK, 523175 rows affected (17.07 sec)
Records: 523175  Duplicates: 0  Warnings: 0

Query OK, 0 rows affected (2.61 sec)
Records: 0  Duplicates: 0  Warnings: 0

Query OK, 0 rows affected (1.18 sec)
Records: 0  Duplicates: 0  Warnings: 0

Query OK, 0 rows affected (2.40 sec)
Records: 0  Duplicates: 0  Warnings: 0

Query OK, 0 rows affected (1.53 sec)
Records: 0  Duplicates: 0  Warnings: 0

+----------------------+
| clientcontractinvpmt |
+----------------------+
|               523175 |
+----------------------+
1 row in set (0.14 sec)

Query OK, 0 rows affected (0.04 sec)

Query OK, 46994 rows affected (1 min 36.11 sec)
Records: 46994  Duplicates: 0  Warnings: 0

+--------------+
| clientreport |
+--------------+
|        46994 |
+--------------+
1 row in set (0.01 sec)

Query OK, 0 rows affected (0.02 sec)

Query OK, 46994 rows affected (20.67 sec)
Records: 46994  Duplicates: 0  Warnings: 0

+----------------------+
| clientextendedreport |
+----------------------+
|                46994 |
+----------------------+
1 row in set (0.01 sec)

Query OK, 0 rows affected, 1 warning (0.00 sec)

Query OK, 46994 rows affected (0.88 sec)
Records: 46994  Duplicates: 0  Warnings: 0

Query OK, 0 rows affected, 1 warning (0.00 sec)

Query OK, 31390 rows affected (3 min 19.15 sec)
Records: 31390  Duplicates: 0  Warnings: 0

Query OK, 0 rows affected (0.01 sec)

Query OK, 46994 rows affected (1.22 sec)
Records: 46994  Duplicates: 0  Warnings: 0

Query OK, 0 rows affected (0.01 sec)

Query OK, 0 rows affected (0.01 sec)

+---------+
| allcust |
+---------+
|   46994 |
+---------+
1 row in set (0.01 sec)

Query OK, 0 rows affected, 1 warning (0.00 sec)

Query OK, 5000 rows affected (0.25 sec)
Records: 5000  Duplicates: 0  Warnings: 0

Query OK, 0 rows affected (0.01 sec)

Query OK, 6639 rows affected (0.49 sec)
Records: 6639  Duplicates: 0  Warnings: 0

Query OK, 0 rows affected, 1 warning (0.00 sec)

Query OK, 5000 rows affected (0.16 sec)
Records: 5000  Duplicates: 0  Warnings: 0

Query OK, 0 rows affected (0.01 sec)

Query OK, 7012 rows affected (0.23 sec)
Records: 7012  Duplicates: 0  Warnings: 0

mysql> mysql \. C:\workspace\cloud\code\sql\_DailyScript\currenttime.sql
+---------------------+
| currenttime         |
+---------------------+
| 2022-11-14 15:01:33 |
+---------------------+
1 row in set (0.00 sec)

mysql> 
mysql> mysql \. C:\workspace\cloud\code\sql\_DailyScript\REVENUE_PER_NODE_MXK_2022.sql
Query OK, 0 rows affected, 1 warning (0.00 sec)

Query OK, 0 rows affected, 1 warning (0.00 sec)

Query OK, 0 rows affected, 1 warning (0.00 sec)

Query OK, 15792 rows affected (6.35 sec)
Records: 15792  Duplicates: 0  Warnings: 0

+----------------------+
| message              |
+----------------------+
| created temp table a |
+----------------------+
1 row in set (0.00 sec)

Query OK, 11997 rows affected (1.60 sec)
Records: 11997  Duplicates: 0  Warnings: 0

+----------------------+
| message              |
+----------------------+
| created temp table b |
+----------------------+
1 row in set (0.00 sec)

Query OK, 0 rows affected, 1 warning (0.00 sec)

Query OK, 16555 rows affected (1 min 14.53 sec)
Records: 16555  Duplicates: 0  Warnings: 0

+--------------------------------+
| message                        |
+--------------------------------+
| created rcbill_my.tempcustmxk1 |
+--------------------------------+
1 row in set (0.00 sec)

Query OK, 0 rows affected (0.01 sec)

Query OK, 0 rows affected (0.01 sec)

Query OK, 0 rows affected, 1 warning (0.00 sec)

Query OK, 15792 rows affected (4.67 sec)
Records: 15792  Duplicates: 0  Warnings: 0

+----------------+
| message        |
+----------------+
| created temp a |
+----------------+
1 row in set (0.00 sec)

Query OK, 11997 rows affected (1.31 sec)
Records: 11997  Duplicates: 0  Warnings: 0

+----------------+
| message        |
+----------------+
| created temp b |
+----------------+
1 row in set (0.00 sec)

Query OK, 0 rows affected, 1 warning (0.00 sec)

Query OK, 12162 rows affected (37.44 sec)
Records: 12162  Duplicates: 0  Warnings: 0

+--------------------------------+
| message                        |
+--------------------------------+
| created rcbill_my.tempcustmxk2 |
+--------------------------------+
1 row in set (0.00 sec)

Query OK, 0 rows affected (0.01 sec)

Query OK, 0 rows affected (0.01 sec)

Query OK, 0 rows affected, 1 warning (0.00 sec)

Query OK, 0 rows affected (0.02 sec)

Query OK, 17592 rows affected (0.85 sec)
Records: 17592  Duplicates: 0  Warnings: 0

+---------------------------------+
| message                         |
+---------------------------------+
| created rcbill_my.customers_mxk |
+---------------------------------+
1 row in set (0.00 sec)

Query OK, 0 rows affected (0.01 sec)

Query OK, 0 rows affected (0.01 sec)

Query OK, 25345 rows affected (7.26 sec)
Records: 25345  Duplicates: 0  Warnings: 0

+----------------+
| message        |
+----------------+
| created temp a |
+----------------+
1 row in set (0.00 sec)

Query OK, 11900 rows affected (2.11 sec)
Records: 11900  Duplicates: 0  Warnings: 0

+----------------+
| message        |
+----------------+
| created temp c |
+----------------+
1 row in set (0.00 sec)

Query OK, 0 rows affected, 1 warning (0.00 sec)

Query OK, 33245 rows affected (0.55 sec)
Records: 33245  Duplicates: 0  Warnings: 0

+---------------------------------+
| message                         |
+---------------------------------+
| created rcbill_my.tempcustcmts1 |
+---------------------------------+
1 row in set (0.00 sec)

Query OK, 0 rows affected (0.01 sec)

Query OK, 0 rows affected, 1 warning (0.00 sec)

Query OK, 0 rows affected (0.01 sec)

Query OK, 25345 rows affected (7.15 sec)
Records: 25345  Duplicates: 0  Warnings: 0

+----------------+
| message        |
+----------------+
| created temp a |
+----------------+
1 row in set (0.00 sec)

Query OK, 11900 rows affected (1.72 sec)
Records: 11900  Duplicates: 0  Warnings: 0

+----------------+
| message        |
+----------------+
| created temp c |
+----------------+
1 row in set (0.00 sec)

Query OK, 0 rows affected, 1 warning (0.00 sec)

Query OK, 12176 rows affected (0.26 sec)
Records: 12176  Duplicates: 0  Warnings: 0

+---------------------------------+
| message                         |
+---------------------------------+
| created rcbill_my.tempcustcmts2 |
+---------------------------------+
1 row in set (0.00 sec)

Query OK, 0 rows affected (0.01 sec)

Query OK, 0 rows affected, 1 warning (0.00 sec)

Query OK, 0 rows affected (0.01 sec)

Query OK, 0 rows affected (0.01 sec)

Query OK, 25378 rows affected (1.19 sec)
Records: 25378  Duplicates: 0  Warnings: 0

+----------------------------------+
| message                          |
+----------------------------------+
| created rcbill_my.customers_cmts |
+----------------------------------+
1 row in set (0.00 sec)

Query OK, 0 rows affected (0.01 sec)

Query OK, 0 rows affected (0.01 sec)

Query OK, 0 rows affected (0.02 sec)

Query OK, 33010 rows affected (1.36 sec)
Records: 33010  Duplicates: 0  Warnings: 0

+--------------------------------------+
| message                              |
+--------------------------------------+
| created rcbill_my.customers_cmts_mxk |
+--------------------------------------+
1 row in set (0.00 sec)

Query OK, 556300 rows affected (1 min 8.87 sec)
Records: 556300  Duplicates: 0  Warnings: 0

+----------------+
| message        |
+----------------+
| created temp a |
+----------------+
1 row in set (0.00 sec)

Query OK, 0 rows affected (0.04 sec)

Query OK, 560111 rows affected (11.06 sec)
Records: 560111  Duplicates: 0  Warnings: 0

+------------------------------------------------+
| message                                        |
+------------------------------------------------+
| created rcbill_my.customers_contracts_cmts_mxk |
+------------------------------------------------+
1 row in set (0.00 sec)

Query OK, 0 rows affected (0.06 sec)

Query OK, 0 rows affected, 1 warning (0.00 sec)

Query OK, 0 rows affected, 1 warning (0.00 sec)

Query OK, 0 rows affected (0.00 sec)

Query OK, 10698 rows affected (2.42 sec)
Rows matched: 10698  Changed: 10698  Warnings: 0

+------------------------------------------------+
| message                                        |
+------------------------------------------------+
| updated rcbill_my.customers_contracts_cmts_mxk |
+------------------------------------------------+
1 row in set (0.00 sec)

Query OK, 0 rows affected (0.11 sec)

Query OK, 2517687 rows affected (4 min 58.34 sec)
Records: 2517687  Duplicates: 0  Warnings: 0

+----------------------------------------+
| message                                |
+----------------------------------------+
| created rcbill_my.customers_collection |
+----------------------------------------+
1 row in set (0.00 sec)

Query OK, 0 rows affected (0.17 sec)

Query OK, 3007925 rows affected (2 min 51.97 sec)
Records: 3007925  Duplicates: 0  Warnings: 0

+------------------------------------------------+
| message                                        |
+------------------------------------------------+
| created rcbill_my.customers_cmts_mxk_cont_coll |
+------------------------------------------------+
1 row in set (0.00 sec)

Query OK, 0 rows affected (0.26 sec)

Query OK, 504689 rows affected (4 min 4.33 sec)
Records: 504689  Duplicates: 0  Warnings: 0

+--------------------------------------------------------+
| message                                                |
+--------------------------------------------------------+
| created rcbill_my.customers_contracts_collection_pivot |
+--------------------------------------------------------+
1 row in set (0.00 sec)

Query OK, 0 rows affected (0.06 sec)

Query OK, 42966 rows affected (3 min 39.80 sec)
Records: 42966  Duplicates: 0  Warnings: 0

+----------------------------------------------+
| message                                      |
+----------------------------------------------+
| created rcbill_my.customers_collection_pivot |
+----------------------------------------------+
1 row in set (0.00 sec)

Query OK, 0 rows affected (0.03 sec)

Query OK, 46994 rows affected (3.15 sec)
Records: 46994  Duplicates: 0  Warnings: 0

+--------------------------------------------+
| message                                    |
+--------------------------------------------+
| created rcbill_my.rep_customers_collection |
+--------------------------------------------+
1 row in set (0.00 sec)

Query OK, 0 rows affected (0.01 sec)

Query OK, 0 rows affected, 1 warning (0.00 sec)

Query OK, 514841 rows affected (14.45 sec)
Records: 514841  Duplicates: 0  Warnings: 0

+-------------------------+
| message                 |
+-------------------------+
| created rcbill_my.tempa |
+-------------------------+
1 row in set (0.00 sec)

Query OK, 0 rows affected, 1 warning (0.00 sec)

Query OK, 504689 rows affected (1 min 24.50 sec)
Records: 504689  Duplicates: 0  Warnings: 0

+-------------------------+
| message                 |
+-------------------------+
| created rcbill_my.tempb |
+-------------------------+
1 row in set (0.00 sec)

Query OK, 514841 rows affected (1 min 26.42 sec)
Records: 514841  Duplicates: 0  Warnings: 0

+-----------+
| message   |
+-----------+
| created a |
+-----------+
1 row in set (0.00 sec)

Query OK, 504796 rows affected (1 min 32.73 sec)
Records: 504796  Duplicates: 0  Warnings: 0

+-----------+
| message   |
+-----------+
| created b |
+-----------+
1 row in set (0.00 sec)

Query OK, 0 rows affected (0.04 sec)

Query OK, 0 rows affected (0.06 sec)

Query OK, 0 rows affected (0.07 sec)

Query OK, 552050 rows affected (2 min 6.91 sec)
Records: 552050  Duplicates: 0  Warnings: 0

+----------------------------------------------+
| message                                      |
+----------------------------------------------+
| created rcbill_my.cust_cont_payment_cmts_mxk |
+----------------------------------------------+
1 row in set (0.00 sec)

Query OK, 0 rows affected (0.04 sec)

Query OK, 0 rows affected (0.03 sec)

Query OK, 0 rows affected, 1 warning (0.00 sec)

Query OK, 0 rows affected (0.01 sec)

Query OK, 46994 rows affected (45.32 sec)
Records: 46994  Duplicates: 0  Warnings: 0

+--------------------------------------------------+
| message                                          |
+--------------------------------------------------+
| created rcbill_my.rep_cust_cont_payment_cmts_mxk |
+--------------------------------------------------+
1 row in set (0.00 sec)

Query OK, 0 rows affected, 1 warning (0.00 sec)

Query OK, 0 rows affected, 1 warning (0.00 sec)

Query OK, 0 rows affected (0.02 sec)

Query OK, 46994 rows affected (10.65 sec)
Records: 46994  Duplicates: 0  Warnings: 0

+----------------------+
| rep_custconsolidated |
+----------------------+
|                46994 |
+----------------------+
1 row in set (0.01 sec)

Query OK, 0 rows affected (0.01 sec)

Query OK, 37 rows affected (0.13 sec)
Records: 37  Duplicates: 0  Warnings: 0

+---------------------------------------+
| rep_activecustomerdistribution_level1 |
+---------------------------------------+
|                                    37 |
+---------------------------------------+
1 row in set (0.00 sec)

Query OK, 0 rows affected (0.01 sec)

Query OK, 217 rows affected (0.14 sec)
Records: 217  Duplicates: 0  Warnings: 0

+---------------------------------------+
| rep_activecustomerdistribution_level2 |
+---------------------------------------+
|                                   217 |
+---------------------------------------+
1 row in set (0.00 sec)

Query OK, 0 rows affected (0.01 sec)

Query OK, 46994 rows affected (19.64 sec)
Records: 46994  Duplicates: 0  Warnings: 0

+------------------------------+
| rep_custaddressparcelsprefix |
+------------------------------+
|                        46994 |
+------------------------------+
1 row in set (0.01 sec)

Query OK, 0 rows affected (0.01 sec)

Query OK, 14487 rows affected (7.99 sec)
Records: 14487  Duplicates: 0  Warnings: 0

+-------------------------------------+
| rep_residentialcustomers_tillasleep |
+-------------------------------------+
|                               14487 |
+-------------------------------------+
1 row in set (0.01 sec)

Query OK, 0 rows affected (0.01 sec)

+------------------------------------+
| message                            |
+------------------------------------+
| creating rcbill_my.rep_custextract |
+------------------------------------+
1 row in set (0.00 sec)

Query OK, 46994 rows affected (1.58 sec)
Records: 46994  Duplicates: 0  Warnings: 0

+-----------------+
| rep_custextract |
+-----------------+
|           46994 |
+-----------------+
1 row in set (0.01 sec)

Query OK, 0 rows affected (0.00 sec)

Query OK, 0 rows affected (0.01 sec)

+----------------------------------------------+
| message                                      |
+----------------------------------------------+
| creating rcbill_my.retentioncustomeractivity |
+----------------------------------------------+
1 row in set (0.00 sec)

Query OK, 1192 rows affected (0.12 sec)
Records: 1192  Duplicates: 0  Warnings: 0

+---------------------------+
| retentioncustomeractivity |
+---------------------------+
|                      1192 |
+---------------------------+
1 row in set (0.00 sec)

+-----------+------------------------------------+------------+-------------+-----------------+------------------+---------------------+-------------------+
| HFC_NODE  | NODENAME                           | CMTS_DATE  | INSERTED_ON | UNIQUE_ACCOUNTS | UNIQUE_CONTRACTS | UNIQUE_MAC_INRCBOSS | UNIQUE_MAC_INCMTS |
+-----------+------------------------------------+------------+-------------+-----------------+------------------+---------------------+-------------------+
| NULL      | NULL                               | NULL       | 2022-11-14  |           14452 |            19220 |                9728 |                 0 |
| C5/0/0/U0 | ANSE-BOILEAU-2                     | 2022-09-07 | 2022-11-14  |             161 |              165 |                 161 |               162 |
| C5/0/0/U1 | 500-C3-ANSE-BOILEAU                | 2022-09-07 | 2022-11-14  |             157 |              157 |                 157 |               158 |
| C5/0/1/U0 | 501-C4-LA-MISIERE-LEFT-I           | 2022-09-07 | 2022-11-14  |             101 |              103 |                 101 |               104 |
| C5/0/1/U1 | 501-C5-LA-MISIERE-RIGHT            | 2022-09-07 | 2022-11-14  |              63 |               64 |                  63 |                63 |
| C5/0/1/U2 | 501-C7-LA-MISIERE-LEFT-II          | 2022-09-07 | 2022-11-14  |              99 |              101 |                  99 |               100 |
| C5/0/2/U0 | 502-C8-LA-LOUISE                   | 2022-09-07 | 2022-11-14  |              82 |               83 |                  82 |                83 |
| C5/0/2/U1 | LA-LOUISE-2                        | 2022-09-07 | 2022-11-14  |              86 |               86 |                  86 |                87 |
| C5/0/3/U0 | 504-C6-PETIT-PARIS                 | 2022-09-07 | 2022-11-14  |              99 |              101 |                  98 |               100 |
| C5/0/3/U1 | PETIT-PARIS-23                     | 2022-09-07 | 2022-11-14  |              53 |               53 |                  53 |                54 |
| C5/0/4/U1 | ANCHOR-CAFE-I                      | 2022-09-07 | 2022-11-14  |             131 |              135 |                 132 |               132 |
| C5/0/4/U2 | ANCHOR-CAFE-II                     | 2022-09-07 | 2022-11-14  |             116 |              117 |                 116 |               119 |
| C5/1/0/U0 | POINTE-LARUE-AIRPORT-23            | 2022-09-07 | 2022-11-14  |              66 |               70 |                  66 |                67 |
| C5/1/0/U1 | PPROVIDENCE-23                     | 2022-09-07 | 2022-11-14  |              10 |               10 |                  11 |                11 |
| C5/1/0/U2 | ROSHE-CAIMAN-23                    | 2022-09-07 | 2022-11-14  |              12 |               13 |                  12 |                12 |
| C5/1/0/U3 | HEAD-OFFICE | HO-23                | 2022-09-07 | 2022-11-14  |              14 |               15 |                  14 |                14 |
| C5/1/1/U1 | C5-UNION-VALE                      | 2022-09-07 | 2022-11-14  |              96 |               96 |                  96 |                96 |
| C5/1/3/U0 | POINTE-LARUE-AIRPORT-27            | 2022-09-07 | 2022-11-14  |             120 |              120 |                 120 |               122 |
| C5/1/3/U1 | PPROVIDENCE-27                     | 2022-09-07 | 2022-11-14  |              22 |               22 |                  22 |                22 |
| C5/1/3/U2 | ROSHE-CAIMAN-27                    | 2022-09-07 | 2022-11-14  |              32 |               32 |                  32 |                32 |
| C5/1/3/U3 | HEAD-OFFICE | HO-27                | 2022-09-07 | 2022-11-14  |               9 |                9 |                   9 |                 9 |
| C5/1/4/U0 | ANSE-ROYALE-27                     | 2022-09-07 | 2022-11-14  |              73 |               75 |                  73 |                74 |
| C5/1/4/U1 | GLACIS-2-57                        | 2022-09-07 | 2022-11-14  |              31 |               34 |                  31 |                31 |
| C5/1/4/U2 | NULL                               | 2022-09-07 | 2022-11-14  |              78 |               79 |                  78 |                78 |
| C5/1/4/U3 | GLACIS-1                           | 2022-09-07 | 2022-11-14  |              10 |               10 |                  10 |                10 |
| C6/0/1/U0 | SERRET-ROAD-RIGHT/CURIO/PASCAL     | 2022-09-07 | 2022-11-14  |              69 |               69 |                  69 |                69 |
| C6/0/1/U1 | SERRET-ROAD-LEFT/ST.LOUIS/TOWN     | 2022-09-07 | 2022-11-14  |              33 |               33 |                  33 |                33 |
| C6/0/1/U2 | SERRET-ROAD-RIGHT/CURIO/PASCAL-2   | 2022-09-07 | 2022-11-14  |              71 |               71 |                  71 |                71 |
| C6/0/1/U3 | SERRET-ROAD-LEFT/ST.LOUIS/TOWN-2   | 2022-09-07 | 2022-11-14  |              38 |               40 |                  38 |                38 |
| C6/0/2/U0 | SANS-SOUCIS-I                      | 2022-09-07 | 2022-11-14  |              68 |               70 |                  69 |                71 |
| C6/0/2/U1 | SANS-SOUCIS-II                     | 2022-09-07 | 2022-11-14  |              51 |               52 |                  51 |                51 |
| C6/0/2/U2 | BEL-AIR-27                         | 2022-09-07 | 2022-11-14  |              39 |               40 |                  39 |                39 |
| C6/0/2/U3 | BEL-AIR-38                         | 2022-09-07 | 2022-11-14  |              41 |               41 |                  41 |                41 |
| C6/0/3/U0 | LES-MAMELLES-23                    | 2022-09-07 | 2022-11-14  |              52 |               52 |                  52 |                52 |
| C6/0/3/U1 | VICTORIA-23                        | 2022-09-07 | 2022-11-14  |               4 |                5 |                   5 |                 5 |
| C6/0/4/U0 | LES-MAMELLES-27                    | 2022-09-07 | 2022-11-14  |              39 |               39 |                  39 |                39 |
| C6/0/4/U1 | VICTORIA-27                        | 2022-09-07 | 2022-11-14  |               6 |                6 |                   6 |                 6 |
| C7/1/0/U0 | LA-RETRAITE-23                     | 2022-09-07 | 2022-11-14  |              42 |               42 |                  42 |                42 |
| C7/1/0/U1 | TEA-FACTORY-23                     | 2022-09-07 | 2022-11-14  |              18 |               20 |                  18 |                18 |
| C7/1/0/U2 | PAS-23                             | 2022-09-07 | 2022-11-14  |              71 |               74 |                  71 |                71 |
| C7/1/1/U0 | REEF-ESTATE-23                     | 2022-09-07 | 2022-11-14  |              48 |               48 |                  48 |                49 |
| C7/1/2/U0 | LA-RETRAITE-27                     | 2022-09-07 | 2022-11-14  |              35 |               37 |                  35 |                35 |
| C7/1/2/U1 | TEA-FACTORY-27                     | 2022-09-07 | 2022-11-14  |              13 |               16 |                  13 |                13 |
| C7/1/2/U2 | PAS-27                             | 2022-09-07 | 2022-11-14  |              64 |               66 |                  64 |                64 |
| C7/1/3/U0 | MT-BUXTON-27                       | 2022-09-07 | 2022-11-14  |              87 |               88 |                  87 |                87 |
| C7/1/3/U1 | MT-BUXTON-23                       | 2022-09-07 | 2022-11-14  |              41 |               41 |                  41 |                42 |
| C7/1/4/U0 | REEF-ESTATE-27                     | 2022-09-07 | 2022-11-14  |              66 |               68 |                  66 |                66 |
| C8/0/0/U0 | POLICE-ACADEMY-1-27 - POINTE LARUE | 2022-09-07 | 2022-11-14  |             110 |              110 |                 110 |               111 |
| C8/0/0/U1 | NULL                               | 2022-09-07 | 2022-11-14  |              43 |               44 |                  43 |                44 |
| C8/0/1/U0 | NULL                               | 2022-09-07 | 2022-11-14  |             150 |              151 |                 150 |               150 |
| C8/0/1/U1 | POLICE-ACADEMY-2-27 - TURTLE BAY   | 2022-09-07 | 2022-11-14  |             158 |              161 |                 158 |               159 |
| C8/1/0/U0 | MA-JOIE-NODE-27                    | 2022-09-07 | 2022-11-14  |              51 |               53 |                  53 |                53 |
| C8/1/0/U1 | BELONIE-27                         | 2022-09-07 | 2022-11-14  |              91 |               92 |                  90 |                90 |
| C8/1/0/U3 | MA-JOIE-NODE-23                    | 2022-09-07 | 2022-11-14  |              52 |               52 |                  52 |                53 |
| C8/1/1/U0 | 611-C1-ROJN I                      | 2022-09-07 | 2022-11-14  |              57 |               57 |                  57 |                57 |
| C8/1/1/U1 | 611-C5-ROJN II                     | 2022-09-07 | 2022-11-14  |              88 |               89 |                  88 |                89 |
| C8/1/2/U0 | 612-C2-ANSE-ETOILE                 | 2022-09-07 | 2022-11-14  |              70 |               70 |                  70 |                70 |
| C8/1/2/U1 | ANSE-ETOILE-U2                     | 2022-09-07 | 2022-11-14  |              27 |               27 |                  27 |                27 |
| C8/1/3/U0 | 613-C3-ANSE-GAULETTE I             | 2022-09-07 | 2022-11-14  |              62 |               65 |                  63 |                63 |
| C8/1/3/U1 | 613-C7-ANSE-GAULETTE II            | 2022-09-07 | 2022-11-14  |              65 |               70 |                  65 |                66 |
| C8/1/3/U2 | 613-C3-ANSE-GAULETTE III           | 2022-09-07 | 2022-11-14  |              33 |               33 |                  33 |                33 |
| C8/1/3/U3 | TAKAMAKA I                         | 2022-09-07 | 2022-11-14  |              76 |               77 |                  76 |                76 |
| C8/1/3/U4 | TAKAMAKA II                        | 2022-09-07 | 2022-11-14  |              78 |               79 |                  78 |                80 |
| C8/1/4/U0 | 614-BEOLIERE-NODE-1                | 2022-09-07 | 2022-11-14  |              97 |               99 |                  97 |                99 |
| C8/1/4/U1 | 614-BEOLIERE-NODE-2                | 2022-09-07 | 2022-11-14  |              50 |               51 |                  50 |                51 |
+-----------+------------------------------------+------------+-------------+-----------------+------------------+---------------------+-------------------+
65 rows in set (0.36 sec)

+-----------------------+------------+-------------+-----------------+------------------+----------------------+-------------------+
| MXK_NAME              | MXK_DATE   | INSERTED_ON | UNIQUE_ACCOUNTS | UNIQUE_CONTRACTS | UNIQUE_FSAN_INRCBOSS | UNIQUE_FSAN_INMXK |
+-----------------------+------------+-------------+-----------------+------------------+----------------------+-------------------+
| NULL                  | NULL       | 2022-11-14  |            4054 |             5463 |                 1857 |                 0 |
| MXK-MAHE-ANSEAUXPINS  | 2022-09-07 | 2022-11-14  |             490 |              494 |                  494 |               534 |
| MXK-MAHE-ANSEETOILE   | 2022-09-07 | 2022-11-14  |            1014 |             1024 |                 1017 |              1085 |
| MXK-MAHE-ANSEROYALE   | 2022-09-07 | 2022-11-14  |             466 |              470 |                  467 |               520 |
| MXK-MAHE-BAIELAZARE   | 2022-09-07 | 2022-11-14  |             144 |              145 |                  130 |               149 |
| MXK-MAHE-BEAUVALLON-1 | 2022-09-07 | 2022-11-14  |            2299 |             2340 |                 2328 |              2434 |
| MXK-MAHE-BEAUVALLON-2 | 2022-09-07 | 2022-11-14  |             343 |              367 |                  379 |               423 |
| MXK-MAHE-GRANDANSE    | 2022-09-07 | 2022-11-14  |             370 |              372 |                  372 |               402 |
| MXK-MAHE-MONTFLEURI   | 2022-09-07 | 2022-11-14  |             773 |              775 |                  774 |               823 |
| MXK-MAHE-PERSEVERANCE | 2022-09-07 | 2022-11-14  |            1290 |             1310 |                 1299 |              1432 |
| MXK-MAHE-PROVIDENCE   | 2022-09-07 | 2022-11-14  |            1552 |             1588 |                 1507 |              1778 |
| MXK-PRASLIN-GRANDANSE | 2022-09-07 | 2022-11-14  |            1347 |             1348 |                 1341 |              1512 |
+-----------------------+------------+-------------+-----------------+------------------+----------------------+-------------------+
12 rows in set (0.19 sec)

mysql> mysql \. C:\workspace\cloud\code\sql\_DailyScript\currenttime.sql
+---------------------+
| currenttime         |
+---------------------+
| 2022-11-14 15:29:14 |
+---------------------+
1 row in set (0.00 sec)

mysql> 
mysql> mysql \. C:\workspace\cloud\code\sql\_DailyScript\housing-estate-analysis.sql
Database changed
Query OK, 0 rows affected (0.01 sec)

Query OK, 3838 rows affected (17.56 sec)
Records: 3838  Duplicates: 0  Warnings: 0

+--------------------+
| rep_housingestates |
+--------------------+
|               3838 |
+--------------------+
1 row in set (0.00 sec)

mysql> mysql \. C:\workspace\cloud\code\sql\_DailyScript\currenttime.sql
+---------------------+
| currenttime         |
+---------------------+
| 2022-11-14 15:29:32 |
+---------------------+
1 row in set (0.00 sec)

mysql> 
mysql> mysql \. C:\workspace\cloud\code\sql\_DailyScript\ticket_analysis.sql
Database changed
Query OK, 0 rows affected (0.03 sec)

Query OK, 1069228 rows affected (46.47 sec)
Records: 1069228  Duplicates: 0  Warnings: 0

Query OK, 0 rows affected (4.31 sec)
Records: 0  Duplicates: 0  Warnings: 0

Query OK, 0 rows affected (2.34 sec)
Records: 0  Duplicates: 0  Warnings: 0

Query OK, 0 rows affected (2.11 sec)
Records: 0  Duplicates: 0  Warnings: 0

+---------------------+
| clientticketjourney |
+---------------------+
|             1069228 |
+---------------------+
1 row in set (0.27 sec)

Query OK, 0 rows affected (0.08 sec)

Query OK, 223288 rows affected (38.12 sec)
Records: 223288  Duplicates: 0  Warnings: 0

Query OK, 0 rows affected (0.89 sec)
Records: 0  Duplicates: 0  Warnings: 0

Query OK, 0 rows affected (0.47 sec)
Records: 0  Duplicates: 0  Warnings: 0

Query OK, 0 rows affected (0.90 sec)
Records: 0  Duplicates: 0  Warnings: 0

Query OK, 0 rows affected (0.45 sec)
Records: 0  Duplicates: 0  Warnings: 0

Query OK, 0 rows affected (0.59 sec)
Records: 0  Duplicates: 0  Warnings: 0

Query OK, 0 rows affected (0.70 sec)
Records: 0  Duplicates: 0  Warnings: 0

+-------------------+
| rep_clienttickets |
+-------------------+
|            223288 |
+-------------------+
1 row in set (0.06 sec)

Query OK, 0 rows affected (0.01 sec)

Query OK, 113646 rows affected (5.54 sec)
Records: 113646  Duplicates: 0  Warnings: 0

Query OK, 0 rows affected (0.22 sec)
Records: 0  Duplicates: 0  Warnings: 0

+--------------------------+
| rep_clientticket_summary |
+--------------------------+
|                   113646 |
+--------------------------+
1 row in set (0.03 sec)

Query OK, 0 rows affected (0.02 sec)

Query OK, 33729 rows affected (21.99 sec)
Records: 33729  Duplicates: 0  Warnings: 0

+--------------------------+
| clientticketsnapshot_irs |
+--------------------------+
|                    33729 |
+--------------------------+
1 row in set (0.01 sec)

Query OK, 0 rows affected, 1 warning (0.00 sec)

Query OK, 189563 rows affected (12.43 sec)
Records: 189563  Duplicates: 0  Warnings: 0

Query OK, 0 rows affected, 1 warning (0.00 sec)

Query OK, 921582 rows affected (22.74 sec)
Records: 921582  Duplicates: 0  Warnings: 0

Query OK, 0 rows affected, 1 warning (0.00 sec)

Query OK, 921582 rows affected (27.76 sec)
Records: 921582  Duplicates: 0  Warnings: 0

Query OK, 0 rows affected (0.02 sec)

Query OK, 189777 rows affected (8.07 sec)
Records: 189777  Duplicates: 0  Warnings: 0

+------------------------+
| clientticketsnapshot_f |
+------------------------+
|                 189777 |
+------------------------+
1 row in set (0.05 sec)

Database changed
Query OK, 0 rows affected (0.00 sec)

Query OK, 0 rows affected (0.11 sec)

Query OK, 1069228 rows affected (46.19 sec)
Records: 1069228  Duplicates: 0  Warnings: 0

+--------------------------+
| clientticket_cmmtjourney |
+--------------------------+
|                  1069228 |
+--------------------------+
1 row in set (0.43 sec)

Query OK, 0 rows affected (0.15 sec)

Query OK, 564213 rows affected, 5936 warnings (21 min 6.10 sec)
Records: 564213  Duplicates: 0  Warnings: 5936

+---------------------------+
| clientticket_assgnjourney |
+---------------------------+
|                    564213 |
+---------------------------+
1 row in set (0.71 sec)

Query OK, 0 rows affected (2.60 sec)
Records: 0  Duplicates: 0  Warnings: 0

Query OK, 0 rows affected (1.20 sec)
Records: 0  Duplicates: 0  Warnings: 0

Query OK, 0 rows affected (2.30 sec)
Records: 0  Duplicates: 0  Warnings: 0

Query OK, 0 rows affected (0.01 sec)

Query OK, 2058 rows affected, 2712 warnings (6.68 sec)
Records: 2058  Duplicates: 0  Warnings: 2712

+-------------------------------+
| rep_clientticket_assgnjourney |
+-------------------------------+
|                          2058 |
+-------------------------------+
1 row in set (0.00 sec)

Query OK, 0 rows affected (0.01 sec)

Query OK, 11 rows affected (0.17 sec)
Records: 11  Duplicates: 0  Warnings: 0

+-------------------+
| rep_surveytickets |
+-------------------+
|                11 |
+-------------------+
1 row in set (0.00 sec)

mysql> mysql \. C:\workspace\cloud\code\sql\_DailyScript\currenttime.sql
+---------------------+
| currenttime         |
+---------------------+
| 2022-11-14 15:54:55 |
+---------------------+
1 row in set (0.00 sec)

mysql> 
mysql> mysql \. C:\workspace\cloud\code\sql\Analysis\service_tickets_assignments2022.sql
Query OK, 0 rows affected (0.03 sec)

Query OK, 81317 rows affected (11.58 sec)
Records: 81317  Duplicates: 0  Warnings: 0

Query OK, 0 rows affected (0.66 sec)
Records: 0  Duplicates: 0  Warnings: 0

Query OK, 0 rows affected (0.34 sec)
Records: 0  Duplicates: 0  Warnings: 0

+-------------------------+
| rep_servicetickets_2022 |
+-------------------------+
|                   81317 |
+-------------------------+
1 row in set (0.02 sec)

Query OK, 0 rows affected (0.02 sec)

Query OK, 25231 rows affected (5.55 sec)
Records: 25231  Duplicates: 0  Warnings: 0

+------------------+
| rep_tkt_f_level1 |
+------------------+
|            25231 |
+------------------+
1 row in set (0.01 sec)

Query OK, 0 rows affected (0.01 sec)

Query OK, 136928 rows affected (5.79 sec)
Records: 136928  Duplicates: 0  Warnings: 0

+------------------+
| rep_tkt_f_level2 |
+------------------+
|           136928 |
+------------------+
1 row in set (0.04 sec)

Query OK, 0 rows affected (0.02 sec)

Query OK, 189777 rows affected (8.27 sec)
Records: 189777  Duplicates: 0  Warnings: 0

+------------------+
| rep_tkt_f_level3 |
+------------------+
|           189777 |
+------------------+
1 row in set (0.05 sec)

Query OK, 0 rows affected (0.01 sec)

Query OK, 4165 rows affected (1.24 sec)
Records: 4165  Duplicates: 0  Warnings: 0

+--------------------+
| rep_tkt_irs_level1 |
+--------------------+
|               4165 |
+--------------------+
1 row in set (0.00 sec)

Query OK, 0 rows affected (0.01 sec)

Query OK, 20044 rows affected (0.96 sec)
Records: 20044  Duplicates: 0  Warnings: 0

+--------------------+
| rep_tkt_irs_level2 |
+--------------------+
|              20044 |
+--------------------+
1 row in set (0.01 sec)

Query OK, 0 rows affected (0.02 sec)

Query OK, 33729 rows affected (2.28 sec)
Records: 33729  Duplicates: 0  Warnings: 0

+--------------------+
| rep_tkt_irs_level3 |
+--------------------+
|              33729 |
+--------------------+
1 row in set (0.01 sec)

mysql> mysql \. C:\workspace\cloud\code\sql\_DailyScript\currenttime.sql
+---------------------+
| currenttime         |
+---------------------+
| 2022-11-14 15:55:32 |
+---------------------+
1 row in set (0.00 sec)

mysql> 
mysql> mysql \. C:\workspace\cloud\code\sql\Analysis\service_tickets_assignments2021.sql
Query OK, 0 rows affected (0.03 sec)

Query OK, 107638 rows affected (30.68 sec)
Records: 107638  Duplicates: 0  Warnings: 0

+-------------------------+
| rep_servicetickets_2021 |
+-------------------------+
|                  107638 |
+-------------------------+
1 row in set (10.71 sec)

Query OK, 0 rows affected (0.61 sec)
Records: 0  Duplicates: 0  Warnings: 0

Query OK, 0 rows affected (0.40 sec)
Records: 0  Duplicates: 0  Warnings: 0

mysql> mysql \. C:\workspace\cloud\code\sql\_DailyScript\currenttime.sql
+---------------------+
| currenttime         |
+---------------------+
| 2022-11-14 15:56:15 |
+---------------------+
1 row in set (0.00 sec)

mysql> 
mysql> mysql \. C:\workspace\cloud\code\sql\Analysis\service_tickets_assignments2020.sql
Query OK, 0 rows affected (0.04 sec)

Query OK, 113323 rows affected (23.65 sec)
Records: 113323  Duplicates: 0  Warnings: 0

Query OK, 0 rows affected (11.32 sec)
Records: 0  Duplicates: 0  Warnings: 0

Query OK, 0 rows affected (0.50 sec)
Records: 0  Duplicates: 0  Warnings: 0

+-------------------------+
| rep_servicetickets_2020 |
+-------------------------+
|                  113323 |
+-------------------------+
1 row in set (0.03 sec)

mysql> mysql \. C:\workspace\cloud\code\sql\_DailyScript\currenttime.sql
+---------------------+
| currenttime         |
+---------------------+
| 2022-11-14 15:56:50 |
+---------------------+
1 row in set (0.00 sec)

mysql> 
mysql> mysql \. C:\workspace\cloud\code\sql\Analysis\service_tickets_assignments2019.sql
Query OK, 0 rows affected (0.04 sec)

Query OK, 100178 rows affected (17.43 sec)
Records: 100178  Duplicates: 0  Warnings: 0

Query OK, 0 rows affected (8.87 sec)
Records: 0  Duplicates: 0  Warnings: 0

Query OK, 0 rows affected (0.45 sec)
Records: 0  Duplicates: 0  Warnings: 0

+-------------------------+
| rep_servicetickets_2019 |
+-------------------------+
|                  100178 |
+-------------------------+
1 row in set (0.03 sec)

mysql> mysql \. C:\workspace\cloud\code\sql\_DailyScript\currenttime.sql
+---------------------+
| currenttime         |
+---------------------+
| 2022-11-14 15:57:17 |
+---------------------+
1 row in set (0.00 sec)

mysql> 
mysql> mysql \. C:\workspace\cloud\code\sql\Analysis\service_tickets_assignments2018.sql
Query OK, 0 rows affected (0.03 sec)

Query OK, 84607 rows affected (16.39 sec)
Records: 84607  Duplicates: 0  Warnings: 0

Query OK, 0 rows affected (4.99 sec)
Records: 0  Duplicates: 0  Warnings: 0

Query OK, 0 rows affected (0.35 sec)
Records: 0  Duplicates: 0  Warnings: 0

+-------------------------+
| rep_servicetickets_2018 |
+-------------------------+
|                   84607 |
+-------------------------+
1 row in set (0.02 sec)

mysql> mysql \. C:\workspace\cloud\code\sql\_DailyScript\currenttime.sql
+---------------------+
| currenttime         |
+---------------------+
| 2022-11-14 15:57:39 |
+---------------------+
1 row in set (0.00 sec)

mysql> 
mysql> mysql \. C:\workspace\cloud\code\sql\_DailyScript\DAILY-SCRIPT-USAGESTATS_2022.sql
Database changed
Query OK, 0 rows affected (0.27 sec)

Query OK, 10003461 rows affected, 65535 warnings (4 min 19.64 sec)
Records: 10003461  Duplicates: 0  Warnings: 9991726

Query OK, 0 rows affected (37.04 sec)
Records: 0  Duplicates: 0  Warnings: 0

Query OK, 0 rows affected (33.10 sec)
Records: 0  Duplicates: 0  Warnings: 0

Query OK, 0 rows affected (34.06 sec)
Records: 0  Duplicates: 0  Warnings: 0

Query OK, 0 rows affected (30.75 sec)
Records: 0  Duplicates: 0  Warnings: 0

Query OK, 0 rows affected (47.03 sec)
Records: 0  Duplicates: 0  Warnings: 0

Query OK, 0 rows affected (54.05 sec)
Records: 0  Duplicates: 0  Warnings: 0

Query OK, 0 rows affected (49.85 sec)
Records: 0  Duplicates: 0  Warnings: 0

Query OK, 0 rows affected (42.90 sec)
Records: 0  Duplicates: 0  Warnings: 0

+----------+
| ipusage  |
+----------+
| 10003461 |
+----------+
1 row in set (2.61 sec)

Query OK, 0 rows affected (0.05 sec)

Query OK, 4566425 rows affected (3 min 12.04 sec)
Records: 4566425  Duplicates: 0  Warnings: 0

Query OK, 0 rows affected (26.23 sec)
Records: 0  Duplicates: 0  Warnings: 0

Query OK, 0 rows affected (14.89 sec)
Records: 0  Duplicates: 0  Warnings: 0

Query OK, 0 rows affected (17.35 sec)
Records: 0  Duplicates: 0  Warnings: 0

Query OK, 0 rows affected (22.45 sec)
Records: 0  Duplicates: 0  Warnings: 0

Query OK, 0 rows affected (11.21 sec)
Records: 0  Duplicates: 0  Warnings: 0

+------------------+
| clientcontractip |
+------------------+
|          4566425 |
+------------------+
1 row in set (1.23 sec)

Query OK, 0 rows affected (0.13 sec)

Query OK, 20202464 rows affected (7 min 27.05 sec)
Records: 20202464  Duplicates: 0  Warnings: 0

+---------------------------+
| clientcontractipusage_stg |
+---------------------------+
|                  20202464 |
+---------------------------+
1 row in set (8.93 sec)

+------------------------------------+
| clientcontractipusage_beforeinsert |
+------------------------------------+
|                           20202464 |
+------------------------------------+
1 row in set (17.06 sec)

Query OK, 29212 rows affected (47.03 sec)
Records: 29212  Duplicates: 0  Warnings: 0

+-----------------------------------+
| clientcontractipusage_afterinsert |
+-----------------------------------+
|                          20231676 |
+-----------------------------------+
1 row in set (17.89 sec)

Query OK, 0 rows affected (0.00 sec)

+------------------------+
| info                   |
+------------------------+
| updating null packages |
+------------------------+
1 row in set (0.00 sec)

Query OK, 0 rows affected (1 min 21.73 sec)
Rows matched: 293804  Changed: 0  Warnings: 0

+---------------------------------------+
| info                                  |
+---------------------------------------+
| moving and updating addon information |
+---------------------------------------+
1 row in set (0.00 sec)

Query OK, 216 rows affected (21.02 sec)
Rows matched: 216  Changed: 216  Warnings: 0

Query OK, 216 rows affected (21.06 sec)
Rows matched: 216  Changed: 216  Warnings: 0

Query OK, 216 rows affected (20.70 sec)
Rows matched: 216  Changed: 216  Warnings: 0

+------------+----------+
| usagedate  | count(*) |
+------------+----------+
| 2022-11-13 |     9616 |
| 2022-11-12 |     9795 |
| 2022-11-11 |     9801 |
| 2022-11-10 |     9940 |
| 2022-11-09 |     9854 |
| 2022-11-08 |     9954 |
| 2022-11-07 |     9793 |
| 2022-11-06 |     9864 |
| 2022-11-05 |     9902 |
| 2022-11-04 |    10102 |
| 2022-11-03 |    10088 |
| 2022-11-02 |    10068 |
| 2022-11-01 |    10043 |
| 2022-10-31 |     9988 |
| 2022-10-30 |     9749 |
+------------+----------+
15 rows in set (0.07 sec)

Query OK, 0 rows affected (0.03 sec)

Query OK, 376415 rows affected (32.20 sec)
Records: 376415  Duplicates: 0  Warnings: 0

Query OK, 0 rows affected (1.27 sec)
Records: 0  Duplicates: 0  Warnings: 0

Query OK, 0 rows affected (1.16 sec)
Records: 0  Duplicates: 0  Warnings: 0

Query OK, 0 rows affected (1.27 sec)
Records: 0  Duplicates: 0  Warnings: 0

Query OK, 0 rows affected (0.77 sec)
Records: 0  Duplicates: 0  Warnings: 0

Query OK, 0 rows affected (0.75 sec)
Records: 0  Duplicates: 0  Warnings: 0

Query OK, 0 rows affected (0.69 sec)
Records: 0  Duplicates: 0  Warnings: 0

Query OK, 0 rows affected (0.75 sec)
Records: 0  Duplicates: 0  Warnings: 0

+-----------------------+
| clientcontractipmonth |
+-----------------------+
|                376415 |
+-----------------------+
1 row in set (0.10 sec)

Query OK, 0 rows affected (0.01 sec)

Query OK, 15317 rows affected (55.23 sec)
Records: 15317  Duplicates: 0  Warnings: 0

+---------------------------+
| rep_dailypackageusage2022 |
+---------------------------+
|                     15317 |
+---------------------------+
1 row in set (0.01 sec)

Query OK, 0 rows affected (0.00 sec)

Query OK, 2 rows affected (0.01 sec)

Query OK, 2 rows affected (0.00 sec)

Query OK, 2 rows affected (0.00 sec)

Query OK, 0 rows affected (0.00 sec)

Query OK, 7186 rows affected (1.14 sec)

Query OK, 7257 rows affected (2 min 9.81 sec)
Records: 7257  Duplicates: 0  Warnings: 0

+-----------------------+
| rep_dailypackageusage |
+-----------------------+
|                 32417 |
+-----------------------+
1 row in set (0.02 sec)

mysql> mysql \. C:\workspace\cloud\code\sql\_DailyScript\currenttime.sql
+---------------------+
| currenttime         |
+---------------------+
| 2022-11-14 16:27:24 |
+---------------------+
1 row in set (0.00 sec)

mysql> 
mysql> mysql \. C:\workspace\cloud\code\sql\GIS\GetParcelExtract.sql
Database changed
Query OK, 0 rows affected (0.01 sec)

Query OK, 18334 rows affected (4.24 sec)
Records: 18334  Duplicates: 0  Warnings: 0

+-------------------------+
| IV_PARCELEXTRACTStaging |
+-------------------------+
|                   18334 |
+-------------------------+
1 row in set (0.01 sec)

Query OK, 0 rows affected (0.00 sec)

Query OK, 0 rows affected (0.01 sec)

Query OK, 10786 rows affected (0.42 sec)
Records: 10786  Duplicates: 0  Warnings: 0

+-----------------+
| IV_PARCELFORMAP |
+-----------------+
|           10786 |
+-----------------+
1 row in set (0.01 sec)

Query OK, 0 rows affected (0.01 sec)

Query OK, 256 rows affected (0.03 sec)
Records: 256  Duplicates: 0  Warnings: 0

+----------------------------+
| IV_PARCELFORMAP_Inactive_2 |
+----------------------------+
|                        256 |
+----------------------------+
1 row in set (0.00 sec)

Query OK, 0 rows affected (0.01 sec)

Query OK, 558 rows affected (0.04 sec)
Records: 558  Duplicates: 0  Warnings: 0

+----------------------------+
| IV_PARCELFORMAP_Inactive_3 |
+----------------------------+
|                        558 |
+----------------------------+
1 row in set (0.00 sec)

Query OK, 0 rows affected (0.01 sec)

Query OK, 845 rows affected (0.04 sec)
Records: 845  Duplicates: 0  Warnings: 0

+----------------------------+
| IV_PARCELFORMAP_Inactive_4 |
+----------------------------+
|                        845 |
+----------------------------+
1 row in set (0.00 sec)

Query OK, 0 rows affected (0.01 sec)

Query OK, 3894 rows affected (0.14 sec)
Records: 3894  Duplicates: 0  Warnings: 0

+----------------------------+
| IV_PARCELFORMAP_Inactive_5 |
+----------------------------+
|                       3894 |
+----------------------------+
1 row in set (0.00 sec)

Query OK, 0 rows affected (0.01 sec)

Query OK, 3369 rows affected (0.11 sec)
Records: 3369  Duplicates: 0  Warnings: 0

+---------------------+
| IV_PARCELFORMAP_HFC |
+---------------------+
|                3369 |
+---------------------+
1 row in set (0.00 sec)

Query OK, 0 rows affected (0.01 sec)

Query OK, 5195 rows affected (0.18 sec)
Records: 5195  Duplicates: 0  Warnings: 0

+----------------------+
| IV_PARCELFORMAP_GPON |
+----------------------+
|                 5195 |
+----------------------+
1 row in set (0.00 sec)

Query OK, 0 rows affected (0.01 sec)

Query OK, 56 rows affected (0.03 sec)
Records: 56  Duplicates: 0  Warnings: 0

+---------------------+
| IV_PARCELFORMAP_MIX |
+---------------------+
|                  56 |
+---------------------+
1 row in set (0.00 sec)

mysql> mysql \. C:\workspace\cloud\code\sql\_DailyScript\currenttime.sql
+---------------------+
| currenttime         |
+---------------------+
| 2022-11-14 16:27:29 |
+---------------------+
1 row in set (0.00 sec)

mysql> 
mysql> mysql \. C:\workspace\cloud\code\sql\_DailyScript\DAILY-SCRIPT-LIVETV-STATS.sql
Database changed
Query OK, 0 rows affected (0.01 sec)

Query OK, 437820 rows affected (7.06 sec)
Records: 437820  Duplicates: 0  Warnings: 0

+------------+------------+----------+--------------+--------------+-----------+-------------+----------+--------+------+------------+---------+---------------+
| Table      | Non_unique | Key_name | Seq_in_index | Column_name  | Collation | Cardinality | Sub_part | Packed | Null | Index_type | Comment | Index_comment |
+------------+------------+----------+--------------+--------------+-----------+-------------+----------+--------+------+------------+---------+---------------+
| templivetv |          1 | idxtv1   |            1 | device       | A         |      439762 |     NULL | NULL   | YES  | BTREE      |         |               |
| templivetv |          1 | idxtv2   |            1 | sessionstart | A         |      439762 |     NULL | NULL   | YES  | BTREE      |         |               |
| templivetv |          1 | idxtv3   |            1 | sessiondate  | A         |      439762 |     NULL | NULL   | YES  | BTREE      |         |               |
+------------+------------+----------+--------------+--------------+-----------+-------------+----------+--------+------+------------+---------+---------------+
3 rows in set (0.01 sec)

Query OK, 438851 rows affected (1 min 6.75 sec)
Records: 438851  Duplicates: 0  Warnings: 0

Query OK, 8171 rows affected (3.41 sec)
Records: 8171  Duplicates: 0  Warnings: 0

Query OK, 0 rows affected (0.00 sec)

Query OK, 0 rows affected (0.00 sec)

Query OK, 379 rows affected (0.39 sec)
Records: 379  Duplicates: 0  Warnings: 0

Query OK, 379 rows affected (1.27 sec)
Records: 379  Duplicates: 0  Warnings: 0

+-----------------+
| rep_livetvstats |
+-----------------+
|          134317 |
+-----------------+
1 row in set (0.09 sec)

mysql> mysql \. C:\workspace\cloud\code\sql\_DailyScript\currenttime.sql
+---------------------+
| currenttime         |
+---------------------+
| 2022-11-14 16:28:48 |
+---------------------+
1 row in set (0.00 sec)

mysql> 
mysql> mysql \. C:\workspace\cloud\code\sql\_DailyScript\DAILY-SCRIPT-VODTS-STATS.sql
Database changed
Query OK, 0 rows affected (0.01 sec)

Query OK, 46891 rows affected (3 min 35.26 sec)
Records: 46891  Duplicates: 0  Warnings: 0

+---------+------------+----------+--------------+--------------+-----------+-------------+----------+--------+------+------------+---------+---------------+
| Table   | Non_unique | Key_name | Seq_in_index | Column_name  | Collation | Cardinality | Sub_part | Packed | Null | Index_type | Comment | Index_comment |
+---------+------------+----------+--------------+--------------+-----------+-------------+----------+--------+------+------------+---------+---------------+
| tempvod |          1 | idxtvod1 |            1 | device       | A         |       47016 |     NULL | NULL   | YES  | BTREE      |         |               |
| tempvod |          1 | idxtvod2 |            1 | sessionstart | A         |       47016 |     NULL | NULL   | YES  | BTREE      |         |               |
+---------+------------+----------+--------------+--------------+-----------+-------------+----------+--------+------+------------+---------+---------------+
2 rows in set (0.00 sec)

Query OK, 47199 rows affected (11.78 sec)
Records: 47199  Duplicates: 0  Warnings: 0

Query OK, 0 rows affected (0.02 sec)

Query OK, 2593545 rows affected (4 min 26.28 sec)
Records: 2593545  Duplicates: 0  Warnings: 0

+--------------+
| rep_vodstats |
+--------------+
|      2593545 |
+--------------+
1 row in set (1.30 sec)

Database changed
Query OK, 0 rows affected (0.01 sec)

Query OK, 56935 rows affected (2 min 56.54 sec)
Records: 56935  Duplicates: 0  Warnings: 0

+--------+------------+----------+--------------+--------------+-----------+-------------+----------+--------+------+------------+---------+---------------+
| Table  | Non_unique | Key_name | Seq_in_index | Column_name  | Collation | Cardinality | Sub_part | Packed | Null | Index_type | Comment | Index_comment |
+--------+------------+----------+--------------+--------------+-----------+-------------+----------+--------+------+------------+---------+---------------+
| tempts |          1 | idxtts1  |            1 | device       | A         |       57160 |     NULL | NULL   | YES  | BTREE      |         |               |
| tempts |          1 | idxtts2  |            1 | sessionstart | A         |       57160 |     NULL | NULL   | YES  | BTREE      |         |               |
+--------+------------+----------+--------------+--------------+-----------+-------------+----------+--------+------+------------+---------+---------------+
2 rows in set (0.00 sec)

Query OK, 57074 rows affected (26.08 sec)
Records: 57074  Duplicates: 0  Warnings: 0

Query OK, 0 rows affected (0.01 sec)

Query OK, 68265 rows affected (5 min 1.30 sec)
Records: 68265  Duplicates: 0  Warnings: 0

+-------------+
| rep_tsstats |
+-------------+
|       68265 |
+-------------+
1 row in set (0.02 sec)

mysql> mysql \. C:\workspace\cloud\code\sql\_DailyScript\currenttime.sql
+---------------------+
| currenttime         |
+---------------------+
| 2022-11-14 16:45:27 |
+---------------------+
1 row in set (0.00 sec)

mysql> 
mysql> mysql \. C:\workspace\cloud\code\sql\_DailyScript\DAILY-SCRIPT-RADIO-STATS.sql
Database changed
Query OK, 0 rows affected (0.02 sec)

Query OK, 1387329 rows affected (18.70 sec)
Records: 1387329  Duplicates: 0  Warnings: 0

+-----------+------------+----------+--------------+--------------+-----------+-------------+----------+--------+------+------------+---------+---------------+
| Table     | Non_unique | Key_name | Seq_in_index | Column_name  | Collation | Cardinality | Sub_part | Packed | Null | Index_type | Comment | Index_comment |
+-----------+------------+----------+--------------+--------------+-----------+-------------+----------+--------+------+------------+---------+---------------+
| tempradio |          1 | idxtrad1 |            1 | device       | A         |     1387956 |     NULL | NULL   | YES  | BTREE      |         |               |
| tempradio |          1 | idxtrad2 |            1 | sessionstart | A         |     1387956 |     NULL | NULL   | YES  | BTREE      |         |               |
+-----------+------------+----------+--------------+--------------+-----------+-------------+----------+--------+------+------------+---------+---------------+
2 rows in set (0.00 sec)

Query OK, 9848 rows affected (15.83 sec)
Records: 9848  Duplicates: 0  Warnings: 0

Query OK, 0 rows affected (0.01 sec)

Query OK, 8947 rows affected (1.67 sec)
Records: 8947  Duplicates: 0  Warnings: 0

+----------------+
| rep_radiostats |
+----------------+
|           8947 |
+----------------+
1 row in set (0.00 sec)

mysql> mysql \. C:\workspace\cloud\code\sql\_DailyScript\currenttime.sql
+---------------------+
| currenttime         |
+---------------------+
| 2022-11-14 16:46:03 |
+---------------------+
1 row in set (0.00 sec)

mysql> 
mysql> mysql \. C:\workspace\cloud\code\sql\_DailyScript\DAILY_SCRIPT_TELEMETRY_PIVOT_2022.sql
Query OK, 0 rows affected (0.01 sec)

Query OK, 139 rows affected (0.38 sec)
Records: 139  Duplicates: 0  Warnings: 0

Query OK, 0 rows affected (0.04 sec)

Query OK, 17867 rows affected (12.13 sec)
Records: 17867  Duplicates: 0  Warnings: 0

Query OK, 0 rows affected (0.05 sec)

Query OK, 6 rows affected (0.02 sec)
Records: 6  Duplicates: 0  Warnings: 0

Query OK, 0 rows affected (0.01 sec)

Query OK, 46 rows affected (0.09 sec)
Records: 46  Duplicates: 0  Warnings: 0

mysql> mysql \. C:\workspace\cloud\code\sql\_DailyScript\currenttime.sql
+---------------------+
| currenttime         |
+---------------------+
| 2022-11-14 16:46:16 |
+---------------------+
1 row in set (0.00 sec)

mysql> 
mysql> mysql \. C:\workspace\cloud\code\sql\_DailyScript\telemetry_livetv_ranking2022.sql
Query OK, 0 rows affected (0.01 sec)

Query OK, 139 rows affected (0.33 sec)
Records: 139  Duplicates: 0  Warnings: 0

mysql> mysql \. C:\workspace\cloud\code\sql\_DailyScript\currenttime.sql
+---------------------+
| currenttime         |
+---------------------+
| 2022-11-14 16:46:16 |
+---------------------+
1 row in set (0.00 sec)

mysql> 
mysql> mysql \. C:\workspace\cloud\code\sql\_DailyScript\telemetry_radio_ranking2022.sql
Query OK, 0 rows affected (0.01 sec)

Query OK, 6 rows affected (0.02 sec)
Records: 6  Duplicates: 0  Warnings: 0

mysql> mysql \. C:\workspace\cloud\code\sql\_DailyScript\currenttime.sql
+---------------------+
| currenttime         |
+---------------------+
| 2022-11-14 16:46:16 |
+---------------------+
1 row in set (0.00 sec)

mysql> 
mysql> mysql \. C:\workspace\cloud\code\sql\_DailyScript\telemetry_ts_ranking2022.sql
Query OK, 0 rows affected (0.01 sec)

Query OK, 46 rows affected (0.02 sec)
Records: 46  Duplicates: 0  Warnings: 0

mysql> mysql \. C:\workspace\cloud\code\sql\_DailyScript\currenttime.sql
+---------------------+
| currenttime         |
+---------------------+
| 2022-11-14 16:46:16 |
+---------------------+
1 row in set (0.00 sec)

mysql> 
mysql> mysql \. C:\workspace\cloud\code\sql\_DailyScript\telemetry_vod_ranking2022.sql
Query OK, 0 rows affected (0.01 sec)

Query OK, 17867 rows affected (0.86 sec)
Records: 17867  Duplicates: 0  Warnings: 0

mysql> mysql \. C:\workspace\cloud\code\sql\_DailyScript\currenttime.sql
+---------------------+
| currenttime         |
+---------------------+
| 2022-11-14 16:46:17 |
+---------------------+
1 row in set (0.00 sec)

mysql> 
mysql> mysql \. C:\workspace\cloud\code\sql\_DailyScript\telemetry_vod_ranking2022_1.sql
Query OK, 0 rows affected (0.01 sec)

Query OK, 17867 rows affected (0.41 sec)
Records: 17867  Duplicates: 0  Warnings: 0

mysql> mysql \. C:\workspace\cloud\code\sql\_DailyScript\currenttime.sql
+---------------------+
| currenttime         |
+---------------------+
| 2022-11-14 16:46:18 |
+---------------------+
1 row in set (0.00 sec)

mysql> 
mysql> mysql \. C:\workspace\cloud\code\sql\_DailyScript\telemetry_vod_ranking2022_2.sql
Query OK, 0 rows affected (0.01 sec)

Query OK, 17867 rows affected (0.41 sec)
Records: 17867  Duplicates: 0  Warnings: 0

mysql> mysql \. C:\workspace\cloud\code\sql\_DailyScript\currenttime.sql
+---------------------+
| currenttime         |
+---------------------+
| 2022-11-14 16:46:18 |
+---------------------+
1 row in set (0.00 sec)

mysql> 
mysql> 
mysql> exit
