    -> 
    -> mysql \. C:\workspace\cloud\code\sql\_DailyScript\_setdates.sql
Database changed
Query OK, 0 rows affected (0.00 sec)

Query OK, 0 rows affected (0.00 sec)

Query OK, 0 rows affected (0.00 sec)

Query OK, 0 rows affected (0.00 sec)

Query OK, 0 rows affected (0.00 sec)

Query OK, 0 rows affected (0.00 sec)

Query OK, 0 rows affected (0.00 sec)

Query OK, 0 rows affected (0.00 sec)

Query OK, 0 rows affected (0.00 sec)

Query OK, 0 rows affected (0.00 sec)

Query OK, 0 rows affected (0.00 sec)

Query OK, 0 rows affected (0.00 sec)

Query OK, 0 rows affected (0.00 sec)

Query OK, 0 rows affected (0.00 sec)

Query OK, 0 rows affected (0.00 sec)

Query OK, 0 rows affected (0.00 sec)

Query OK, 0 rows affected (0.00 sec)

Query OK, 0 rows affected (0.00 sec)

Query OK, 0 rows affected (0.00 sec)

Query OK, 0 rows affected (0.00 sec)

Query OK, 0 rows affected (0.00 sec)

mysql> mysql \. C:\workspace\cloud\code\sql\_DailyScript\currenttime.sql
+---------------------+
| currenttime         |
+---------------------+
| 2020-05-08 08:44:23 |
+---------------------+
1 row in set (0.02 sec)

mysql> 
mysql> mysql \. C:\workspace\cloud\code\sql\_DailyScript\load_RCB_VODTITLES.sql
Database changed
Query OK, 0 rows affected (0.00 sec)

Query OK, 10760 rows affected (0.29 sec)

Query OK, 10762 rows affected, 10762 warnings (0.32 sec)
Records: 10762  Deleted: 0  Skipped: 0  Warnings: 10762

Query OK, 0 rows affected (0.00 sec)

Query OK, 2 rows affected (0.03 sec)

+-----------+
| VODTITLES |
+-----------+
|     11220 |
+-----------+
1 row in set (0.01 sec)

+-----------+-----------+
| titletype | typecount |
+-----------+-----------+
| E         |      8938 |
| N         |       213 |
| T         |      1609 |
| NULL      |     10760 |
+-----------+-----------+
4 rows in set (0.12 sec)

mysql> mysql \. C:\workspace\cloud\code\sql\_DailyScript\currenttime.sql
+---------------------+
| currenttime         |
+---------------------+
| 2020-05-08 08:44:24 |
+---------------------+
1 row in set (0.00 sec)

mysql> 
