    -> 
    -> mysql \. C:\workspace\cloud\code\sql\_DailyScript\_setdates.sql
Database changed
Query OK, 0 rows affected (0.00 sec)

Query OK, 0 rows affected (0.00 sec)

Query OK, 0 rows affected (0.00 sec)

Query OK, 0 rows affected (0.00 sec)

Query OK, 0 rows affected (0.00 sec)

Query OK, 0 rows affected (0.00 sec)

Query OK, 0 rows affected (0.00 sec)

Query OK, 0 rows affected (0.00 sec)

mysql> 
mysql> 
mysql> 
mysql> 
mysql> 
mysql> 
mysql> 
mysql> 
mysql> 
mysql> 
mysql> 
mysql> 
mysql> 
mysql> 
mysql> 
mysql> 
mysql> 
mysql> 
mysql> 
mysql> 
mysql> 
mysql> 
mysql> 
mysql> 
mysql> 
mysql> 
mysql> 
mysql> 
mysql> 
mysql> mysql \. C:\workspace\cloud\code\sql\_DailyScript\RCB_ClientAnalyticsReport_Script.sql
Database changed
Query OK, 0 rows affected (0.00 sec)

Query OK, 0 rows affected (0.10 sec)

Query OK, 1581024 rows affected (2 min 41.52 sec)
Records: 1581024  Duplicates: 0  Warnings: 0

Query OK, 0 rows affected (5.87 sec)
Records: 0  Duplicates: 0  Warnings: 0

Query OK, 0 rows affected (5.42 sec)
Records: 0  Duplicates: 0  Warnings: 0

Query OK, 0 rows affected (10.75 sec)
Records: 0  Duplicates: 0  Warnings: 0

Query OK, 0 rows affected (9.65 sec)
Records: 0  Duplicates: 0  Warnings: 0

Query OK, 0 rows affected (11.16 sec)
Records: 0  Duplicates: 0  Warnings: 0

Query OK, 0 rows affected (9.48 sec)
Records: 0  Duplicates: 0  Warnings: 0

Query OK, 0 rows affected (0.00 sec)

Query OK, 420245 rows affected (23.19 sec)
Rows matched: 1581024  Changed: 420245  Warnings: 0

Query OK, 0 rows affected (0.04 sec)

Query OK, 26875 rows affected (2.64 sec)
Records: 26875  Duplicates: 0  Warnings: 0

Query OK, 0 rows affected (0.02 sec)

Query OK, 41588 rows affected (12 min 2.04 sec)
Records: 41588  Duplicates: 0  Warnings: 0

Query OK, 0 rows affected (0.64 sec)
Records: 0  Duplicates: 0  Warnings: 0

Query OK, 0 rows affected (0.40 sec)
Records: 0  Duplicates: 0  Warnings: 0

Query OK, 0 rows affected (0.14 sec)
Records: 0  Duplicates: 0  Warnings: 0

Query OK, 0 rows affected, 1 warning (0.00 sec)

Query OK, 396893 rows affected (7 min 37.21 sec)
Records: 396893  Duplicates: 0  Warnings: 0

Query OK, 0 rows affected (2.38 sec)
Records: 0  Duplicates: 0  Warnings: 0

Query OK, 0 rows affected (1.97 sec)
Records: 0  Duplicates: 0  Warnings: 0

Query OK, 0 rows affected (1.15 sec)
Records: 0  Duplicates: 0  Warnings: 0

Query OK, 0 rows affected (2.50 sec)
Records: 0  Duplicates: 0  Warnings: 0

Query OK, 0 rows affected (1.49 sec)
Records: 0  Duplicates: 0  Warnings: 0

Query OK, 0 rows affected, 1 warning (0.00 sec)

Query OK, 41588 rows affected (1 min 32.58 sec)
Records: 41588  Duplicates: 0  Warnings: 0

+--------------+
| clientreport |
+--------------+
|        41588 |
+--------------+
1 row in set (0.02 sec)

Query OK, 0 rows affected, 1 warning (0.00 sec)

Query OK, 41588 rows affected (8.77 sec)
Records: 41588  Duplicates: 0  Warnings: 0

+----------------------+
| clientextendedreport |
+----------------------+
|                41588 |
+----------------------+
1 row in set (0.02 sec)

Query OK, 0 rows affected, 1 warning (0.00 sec)

Query OK, 41588 rows affected (1 min 5.29 sec)
Records: 41588  Duplicates: 0  Warnings: 0

+---------+
| allcust |
+---------+
|   41588 |
+---------+
1 row in set (0.02 sec)

Query OK, 0 rows affected, 1 warning (0.00 sec)

Query OK, 5000 rows affected (0.69 sec)
Records: 5000  Duplicates: 0  Warnings: 0

Query OK, 0 rows affected, 1 warning (0.00 sec)

Query OK, 7078 rows affected (0.92 sec)
Records: 7078  Duplicates: 0  Warnings: 0

Query OK, 0 rows affected, 1 warning (0.00 sec)

Query OK, 5000 rows affected (0.27 sec)
Records: 5000  Duplicates: 0  Warnings: 0

Query OK, 0 rows affected, 1 warning (0.00 sec)

Query OK, 7386 rows affected (0.36 sec)
Records: 7386  Duplicates: 0  Warnings: 0

mysql> mysql \. C:\workspace\cloud\code\sql\_DailyScript\REVENUE_PER_NODE_MXK.sql
Query OK, 0 rows affected, 1 warning (0.01 sec)

Query OK, 4704 rows affected (7 min 10.09 sec)
Records: 4704  Duplicates: 0  Warnings: 0

Query OK, 0 rows affected, 1 warning (0.00 sec)

Query OK, 4319 rows affected (8 min 34.52 sec)
Records: 4319  Duplicates: 0  Warnings: 0

Query OK, 0 rows affected, 1 warning (0.00 sec)

Query OK, 4924 rows affected (0.33 sec)
Records: 4924  Duplicates: 0  Warnings: 0

Query OK, 0 rows affected (0.01 sec)

Query OK, 0 rows affected (0.00 sec)

Query OK, 0 rows affected, 1 warning (0.00 sec)

Query OK, 37141 rows affected (9 min 46.36 sec)
Records: 37141  Duplicates: 0  Warnings: 0

Query OK, 0 rows affected, 1 warning (0.00 sec)

Query OK, 25786 rows affected (7 min 31.37 sec)
Records: 25786  Duplicates: 0  Warnings: 0

Query OK, 0 rows affected, 1 warning (0.00 sec)

Query OK, 19138 rows affected (1.43 sec)
Records: 19138  Duplicates: 0  Warnings: 0

Query OK, 0 rows affected (0.10 sec)

Query OK, 0 rows affected (0.01 sec)

Query OK, 0 rows affected, 1 warning (0.00 sec)

Query OK, 24062 rows affected (1.51 sec)
Records: 24062  Duplicates: 0  Warnings: 0

Query OK, 0 rows affected, 1 warning (0.00 sec)

Query OK, 418477 rows affected (2 min 14.60 sec)
Records: 418477  Duplicates: 0  Warnings: 0

Query OK, 0 rows affected (0.02 sec)

Query OK, 7759 rows affected (2.27 sec)
Rows matched: 7759  Changed: 7759  Warnings: 0

Query OK, 0 rows affected, 1 warning (0.00 sec)

Query OK, 1512284 rows affected (5 min 34.53 sec)
Records: 1512284  Duplicates: 0  Warnings: 0

Query OK, 0 rows affected, 1 warning (0.00 sec)

Query OK, 1740571 rows affected (3 min 55.21 sec)
Records: 1740571  Duplicates: 0  Warnings: 0

Query OK, 0 rows affected, 1 warning (0.00 sec)

Query OK, 68007 rows affected (13.84 sec)
Records: 68007  Duplicates: 0  Warnings: 0

Query OK, 0 rows affected, 1 warning (0.00 sec)

Query OK, 21296 rows affected (12.21 sec)
Records: 21296  Duplicates: 0  Warnings: 0

Query OK, 0 rows affected, 1 warning (0.00 sec)

Query OK, 41588 rows affected (2.55 sec)
Records: 41588  Duplicates: 0  Warnings: 0

Query OK, 0 rows affected (0.00 sec)

Query OK, 0 rows affected, 1 warning (0.00 sec)

Query OK, 390931 rows affected (1 min 5.99 sec)
Records: 390931  Duplicates: 0  Warnings: 0

Query OK, 0 rows affected, 1 warning (0.00 sec)

Query OK, 68007 rows affected (4.54 sec)
Records: 68007  Duplicates: 0  Warnings: 0

Query OK, 0 rows affected, 1 warning (0.00 sec)

Query OK, 393132 rows affected (41.60 sec)
Records: 393132  Duplicates: 0  Warnings: 0

Query OK, 0 rows affected, 1 warning (0.00 sec)

Query OK, 41631 rows affected (14.24 sec)
Records: 41631  Duplicates: 0  Warnings: 0

Query OK, 0 rows affected (0.01 sec)

Query OK, 0 rows affected (0.01 sec)

Query OK, 0 rows affected, 1 warning (0.00 sec)

Query OK, 37689 rows affected, 5 warnings (6.37 sec)
Records: 37689  Duplicates: 0  Warnings: 5

+----------------------+
| rep_custconsolidated |
+----------------------+
|                37689 |
+----------------------+
1 row in set (0.03 sec)

Query OK, 0 rows affected (0.00 sec)

+-----------+------------------------------------+------------+-------------+-----------------+------------------+---------------------+-------------------+
| HFC_NODE  | NODENAME                           | CMTS_DATE  | INSERTED_ON | UNIQUE_ACCOUNTS | UNIQUE_CONTRACTS | UNIQUE_MAC_INRCBOSS | UNIQUE_MAC_INCMTS |
+-----------+------------------------------------+------------+-------------+-----------------+------------------+---------------------+-------------------+
| NULL      | NULL                               | NULL       | 2018-12-17  |           10129 |            10782 |               10896 |                 0 |
| C5/0/0/U0 | ANSE-BOILEAU-2                     | 2018-11-26 | 2018-12-17  |             142 |              146 |                 142 |               143 |
| C5/0/0/U1 | 500-C3-ANSE-BOILEAU                | 2018-11-26 | 2018-12-17  |             177 |              186 |                 177 |               179 |
| C5/0/1/U0 | 501-C4-LA-MISIERE-LEFT-I           | 2018-11-26 | 2018-12-17  |             177 |              186 |                 176 |               177 |
| C5/0/1/U1 | 501-C5-LA-MISIERE-RIGHT            | 2018-11-26 | 2018-12-17  |              97 |              102 |                  97 |                97 |
| C5/0/1/U2 | 501-C7-LA-MISIERE-LEFT-II          | 2018-11-26 | 2018-12-17  |             115 |              119 |                 115 |               116 |
| C5/0/2/U0 | 502-C8-LA-LOUISE                   | 2018-11-26 | 2018-12-17  |             158 |              161 |                 158 |               159 |
| C5/0/2/U1 | LA-LOUISE-2                        | 2018-11-26 | 2018-12-17  |             130 |              133 |                 130 |               131 |
| C5/0/3/U0 | 504-C6-PETIT-PARIS                 | 2018-11-26 | 2018-12-17  |             148 |              150 |                 148 |               149 |
| C5/0/3/U1 | PETIT-PARIS-23                     | 2018-11-26 | 2018-12-17  |              84 |               86 |                  84 |                84 |
| C5/1/0/U0 | POINTE-LARUE-AIRPORT-23            | 2018-11-26 | 2018-12-17  |             117 |              124 |                 119 |               119 |
| C5/1/0/U1 | PPROVIDENCE-23                     | 2018-11-26 | 2018-12-17  |              28 |               32 |                  29 |                29 |
| C5/1/0/U2 | ROSHE-CAIMAN-23                    | 2018-11-26 | 2018-12-17  |              12 |               13 |                  12 |                12 |
| C5/1/0/U3 | HEAD-OFFICE | HO-23                | 2018-11-26 | 2018-12-17  |              17 |               17 |                  19 |                19 |
| C5/1/1/U1 | C5-UNION-VALE                      | 2018-11-26 | 2018-12-17  |             197 |              203 |                 197 |               198 |
| C5/1/2/U0 | FOUR-SEASONS                       | 2018-11-26 | 2018-12-17  |               6 |               22 |                  22 |                22 |
| C5/1/2/U1 | C10-ANCHOR CAFE                    | 2018-11-26 | 2018-12-17  |             158 |              164 |                 159 |               159 |
| C5/1/2/U2 | ANCHOR-CAFE-23                     | 2018-11-26 | 2018-12-17  |             139 |              143 |                 138 |               139 |
| C5/1/3/U0 | POINTE-LARUE-AIRPORT-27            | 2018-11-26 | 2018-12-17  |             121 |              125 |                 121 |               122 |
| C5/1/3/U1 | PPROVIDENCE-27                     | 2018-11-26 | 2018-12-17  |              34 |               35 |                  34 |                34 |
| C5/1/3/U2 | ROSHE-CAIMAN-27                    | 2018-11-26 | 2018-12-17  |              26 |               26 |                  26 |                26 |
| C5/1/3/U3 | HEAD-OFFICE | HO-27                | 2018-11-26 | 2018-12-17  |              27 |               29 |                  27 |                27 |
| C5/1/4/U0 | ANSE-ROYALE-27                     | 2018-11-26 | 2018-12-17  |             179 |              190 |                 180 |               182 |
| C5/1/4/U1 | GLACIS-2-57                        | 2018-11-26 | 2018-12-17  |             151 |              162 |                 151 |               154 |
| C5/1/4/U3 | GLACIS-1                           | 2018-11-26 | 2018-12-17  |              53 |               55 |                  53 |                53 |
| C6/0/1/U0 | SERRET-ROAD-RIGHT/CURIO/PASCAL     | 2018-11-26 | 2018-12-17  |             146 |              151 |                 146 |               147 |
| C6/0/1/U1 | SERRET-ROAD-LEFT/ST.LOUIS/TOWN     | 2018-11-26 | 2018-12-17  |             168 |              181 |                 168 |               168 |
| C6/0/1/U2 | SERRET-ROAD-RIGHT/CURIO/PASCAL-2   | 2018-11-26 | 2018-12-17  |             114 |              118 |                 114 |               114 |
| C6/0/1/U3 | SERRET-ROAD-LEFT/ST.LOUIS/TOWN-2   | 2018-11-26 | 2018-12-17  |             128 |              132 |                 128 |               128 |
| C6/0/2/U0 | SANS-SOUCIS-I                      | 2018-11-26 | 2018-12-17  |             127 |              133 |                 126 |               126 |
| C6/0/2/U1 | SANS-SOUCIS-II                     | 2018-11-26 | 2018-12-17  |             111 |              116 |                 111 |               111 |
| C6/0/2/U2 | BEL-AIR-27                         | 2018-11-26 | 2018-12-17  |              88 |               90 |                  88 |                88 |
| C6/0/2/U3 | BEL-AIR-38                         | 2018-11-26 | 2018-12-17  |             127 |              135 |                 127 |               128 |
| C6/0/3/U0 | LES-MAMELLES-23                    | 2018-11-26 | 2018-12-17  |              70 |               72 |                  70 |                70 |
| C6/0/3/U1 | VICTORIA-23                        | 2018-11-26 | 2018-12-17  |              44 |               51 |                  47 |                50 |
| C6/0/4/U0 | LES-MAMELLES-27                    | 2018-11-26 | 2018-12-17  |              71 |               72 |                  71 |                71 |
| C6/0/4/U1 | VICTORIA-27                        | 2018-11-26 | 2018-12-17  |              24 |               26 |                  25 |                26 |
| C7/1/0/U0 | LA-RETRAITE-23                     | 2018-11-26 | 2018-12-17  |             136 |              145 |                 136 |               137 |
| C7/1/0/U1 | TEA-FACTORY-23                     | 2018-11-26 | 2018-12-17  |              26 |               29 |                  26 |                26 |
| C7/1/0/U2 | PAS-23                             | 2018-11-26 | 2018-12-17  |             124 |              136 |                 126 |               126 |
| C7/1/1/U0 | REEF-ESTATE-23                     | 2018-11-26 | 2018-12-17  |              93 |               94 |                  93 |                94 |
| C7/1/1/U1 | BEL-OMBRE-NEW-23                   | 2018-11-26 | 2018-12-17  |              32 |               37 |                  36 |                37 |
| C7/1/2/U0 | LA-RETRAITE-27                     | 2018-11-26 | 2018-12-17  |             108 |              114 |                 108 |               108 |
| C7/1/2/U1 | TEA-FACTORY-27                     | 2018-11-26 | 2018-12-17  |              19 |               25 |                  22 |                22 |
| C7/1/2/U2 | PAS-27                             | 2018-11-26 | 2018-12-17  |              81 |               84 |                  83 |                84 |
| C7/1/3/U0 | MT-BUXTON-27                       | 2018-11-26 | 2018-12-17  |             129 |              136 |                 128 |               130 |
| C7/1/3/U1 | MT-BUXTON-23                       | 2018-11-26 | 2018-12-17  |              83 |               83 |                  83 |                85 |
| C7/1/4/U0 | REEF-ESTATE-27                     | 2018-11-26 | 2018-12-17  |              69 |               71 |                  69 |                69 |
| C7/1/4/U1 | BEL-OMBRE-NEW-27                   | 2018-11-26 | 2018-12-17  |              28 |               29 |                  28 |                28 |
| C8/0/0/U0 | POLICE-ACADEMY-1-27 - POINTE LARUE | 2018-11-26 | 2018-12-17  |             343 |              355 |                 343 |               344 |
| C8/0/1/U1 | POLICE-ACADEMY-2-27 - TURTLE BAY   | 2018-11-26 | 2018-12-17  |             253 |              266 |                 255 |               256 |
| C8/0/2/U0 | BEAU-VALLON-LEFT-1-57              | 2018-11-26 | 2018-12-17  |             156 |              164 |                 155 |               155 |
| C8/0/3/U1 | BEAU-VALLON-RIGHT-2-57             | 2018-11-26 | 2018-12-17  |             215 |              224 |                 215 |               216 |
| C8/1/0/U0 | MA-JOIE-NODE-27                    | 2018-11-26 | 2018-12-17  |             112 |              116 |                 112 |               114 |
| C8/1/0/U1 | BELONIE-27                         | 2018-11-26 | 2018-12-17  |             132 |              136 |                 131 |               131 |
| C8/1/0/U3 | MA-JOIE-NODE-23                    | 2018-11-26 | 2018-12-17  |             112 |              113 |                 112 |               114 |
| C8/1/1/U0 | 611-C1-ROJN I                      | 2018-11-26 | 2018-12-17  |             169 |              178 |                 169 |               172 |
| C8/1/1/U1 | 611-C5-ROJN II                     | 2018-11-26 | 2018-12-17  |              60 |               62 |                  60 |                61 |
| C8/1/2/U0 | 612-C2-ANSE-ETOILE                 | 2018-11-26 | 2018-12-17  |             173 |              175 |                 172 |               173 |
| C8/1/2/U1 | ANSE-ETOILE-U2                     | 2018-11-26 | 2018-12-17  |             113 |              120 |                 112 |               113 |
| C8/1/3/U0 | 613-C3-ANSE-GAULETTE I             | 2018-11-26 | 2018-12-17  |              70 |               76 |                  70 |                72 |
| C8/1/3/U1 | 613-C7-ANSE-GAULETTE II            | 2018-11-26 | 2018-12-17  |              73 |               83 |                  73 |                74 |
| C8/1/3/U2 | 613-C3-ANSE-GAULETTE III           | 2018-11-26 | 2018-12-17  |              25 |               26 |                  25 |                25 |
| C8/1/3/U3 | TAKAMAKA I                         | 2018-11-26 | 2018-12-17  |             102 |              103 |                 102 |               104 |
| C8/1/3/U4 | TAKAMAKA II                        | 2018-11-26 | 2018-12-17  |              86 |               87 |                  86 |                86 |
| C8/1/4/U0 | 614-BEOLIERE-NODE-1                | 2018-11-26 | 2018-12-17  |             124 |              130 |                 124 |               124 |
| C8/1/4/U1 | 614-BEOLIERE-NODE-2                | 2018-11-26 | 2018-12-17  |              97 |              105 |                  97 |               101 |
+-----------+------------------------------------+------------+-------------+-----------------+------------------+---------------------+-------------------+
67 rows in set (0.31 sec)

+------------------+------------+-------------+-----------------+------------------+----------------------+-------------------+
| MXK_NAME         | MXK_DATE   | INSERTED_ON | UNIQUE_ACCOUNTS | UNIQUE_CONTRACTS | UNIQUE_FSAN_INRCBOSS | UNIQUE_FSAN_INMXK |
+------------------+------------+-------------+-----------------+------------------+----------------------+-------------------+
| NULL             | NULL       | 2018-12-17  |             574 |              590 |                  582 |                 0 |
| MXK-ANSEETOILE   | 2018-11-26 | 2018-12-17  |              53 |               54 |                   54 |                55 |
| MXK-ANSEROYALE   | 2018-11-26 | 2018-12-17  |             112 |              113 |                  113 |               117 |
| MXK-BEAUVALLON   | 2018-11-26 | 2018-12-17  |             827 |              840 |                  835 |               859 |
| MXK-MAHE         | 2018-11-26 | 2018-12-17  |             849 |              881 |                  837 |               942 |
| MXK-PERSEVERANCE | 2018-11-26 | 2018-12-17  |            1011 |             1029 |                 1026 |              1054 |
| MXK-PRASLIN      | 2018-11-26 | 2018-12-17  |            1098 |             1102 |                 1094 |              1126 |
+------------------+------------+-------------+-----------------+------------------+----------------------+-------------------+
7 rows in set (0.17 sec)

mysql> 
mysql> mysql \. C:\workspace\cloud\code\sql\_DailyScript\sales-to-activenumber.sql
Database changed
Query OK, 0 rows affected, 1 warning (0.00 sec)

Query OK, 12298 rows affected (24 min 24.50 sec)
Records: 12298  Duplicates: 0  Warnings: 0

Query OK, 0 rows affected, 1 warning (0.01 sec)

Query OK, 40679 rows affected (29 min 22.23 sec)
Records: 40679  Duplicates: 0  Warnings: 0

mysql> 
mysql> exit
