    -> 
    -> mysql \. C:\workspace\cloud\code\sql\_DailyScript\_setdates.sql
Database changed
Query OK, 0 rows affected (0.00 sec)

Query OK, 0 rows affected (0.00 sec)

Query OK, 0 rows affected (0.00 sec)

Query OK, 0 rows affected (0.00 sec)

Query OK, 0 rows affected (0.00 sec)

Query OK, 0 rows affected (0.00 sec)

Query OK, 0 rows affected (0.00 sec)

Query OK, 0 rows affected (0.00 sec)

Query OK, 0 rows affected (0.00 sec)

Query OK, 0 rows affected (0.00 sec)

Query OK, 0 rows affected (0.00 sec)

Query OK, 0 rows affected (0.00 sec)

Query OK, 0 rows affected (0.00 sec)

Query OK, 0 rows affected (0.00 sec)

Query OK, 0 rows affected (0.00 sec)

Query OK, 0 rows affected (0.00 sec)

Query OK, 0 rows affected (0.00 sec)

Query OK, 0 rows affected (0.00 sec)

Query OK, 0 rows affected (0.00 sec)

Query OK, 0 rows affected (0.00 sec)

Query OK, 0 rows affected (0.00 sec)

mysql> mysql \. C:\workspace\cloud\code\sql\_DailyScript\currenttime.sql
+---------------------+
| currenttime         |
+---------------------+
| 2020-03-03 07:38:41 |
+---------------------+
1 row in set (0.00 sec)

mysql> 
mysql> mysql \. C:\workspace\cloud\code\sql\_DailyScript\load_RCB_VODTITLES.sql
Database changed
Query OK, 0 rows affected (0.00 sec)

Query OK, 9707 rows affected (0.19 sec)

Query OK, 9709 rows affected, 9709 warnings (0.23 sec)
Records: 9709  Deleted: 0  Skipped: 0  Warnings: 9709

Query OK, 0 rows affected (0.00 sec)

Query OK, 2 rows affected (0.01 sec)

+-----------+
| VODTITLES |
+-----------+
|     10167 |
+-----------+
1 row in set (0.00 sec)

+-----------+-----------+
| titletype | typecount |
+-----------+-----------+
| E         |      8003 |
| N         |       213 |
| T         |      1491 |
| NULL      |      9707 |
+-----------+-----------+
4 rows in set (0.03 sec)

mysql> mysql \. C:\workspace\cloud\code\sql\_DailyScript\currenttime.sql
+---------------------+
| currenttime         |
+---------------------+
| 2020-03-03 07:38:41 |
+---------------------+
1 row in set (0.00 sec)

mysql> 
mysql> mysql \. C:\workspace\cloud\code\sql\_DailyScript\DAILY-SCRIPT-LIVETV-STATS.sql
Database changed
Query OK, 0 rows affected (0.01 sec)

Query OK, 75856 rows affected (0.93 sec)
Records: 75856  Duplicates: 0  Warnings: 0

+------------+------------+----------+--------------+--------------+-----------+-------------+----------+--------+------+------------+---------+---------------+
| Table      | Non_unique | Key_name | Seq_in_index | Column_name  | Collation | Cardinality | Sub_part | Packed | Null | Index_type | Comment | Index_comment |
+------------+------------+----------+--------------+--------------+-----------+-------------+----------+--------+------+------------+---------+---------------+
| templivetv |          1 | idxtv1   |            1 | device       | A         |       75711 |     NULL | NULL   | YES  | BTREE      |         |               |
| templivetv |          1 | idxtv2   |            1 | sessionstart | A         |       75711 |     NULL | NULL   | YES  | BTREE      |         |               |
+------------+------------+----------+--------------+--------------+-----------+-------------+----------+--------+------+------------+---------+---------------+
2 rows in set (0.00 sec)

Query OK, 75746 rows affected (23.83 sec)
Records: 75746  Duplicates: 0  Warnings: 0

Query OK, 2751 rows affected (0.61 sec)
Records: 2751  Duplicates: 0  Warnings: 0

Query OK, 0 rows affected (0.00 sec)

Query OK, 0 rows affected (0.00 sec)

Query OK, 136 rows affected (0.10 sec)
Records: 136  Duplicates: 0  Warnings: 0

Query OK, 0 rows affected (0.01 sec)

Query OK, 111135 rows affected (29 min 9.29 sec)
Records: 111135  Duplicates: 0  Warnings: 0

+-----------------+
| rep_livetvstats |
+-----------------+
|          111135 |
+-----------------+
1 row in set (0.04 sec)

mysql> mysql \. C:\workspace\cloud\code\sql\_DailyScript\currenttime.sql
+---------------------+
| currenttime         |
+---------------------+
| 2020-03-03 08:08:16 |
+---------------------+
1 row in set (0.00 sec)

mysql> 
mysql> mysql \. C:\workspace\cloud\code\sql\_DailyScript\DAILY-SCRIPT-VODTS-STATS.sql
Database changed
Query OK, 0 rows affected (0.01 sec)

Query OK, 2888 rows affected (1 min 9.78 sec)
Records: 2888  Duplicates: 0  Warnings: 0

+---------+------------+----------+--------------+--------------+-----------+-------------+----------+--------+------+------------+---------+---------------+
| Table   | Non_unique | Key_name | Seq_in_index | Column_name  | Collation | Cardinality | Sub_part | Packed | Null | Index_type | Comment | Index_comment |
+---------+------------+----------+--------------+--------------+-----------+-------------+----------+--------+------+------------+---------+---------------+
| tempvod |          1 | idxtvod1 |            1 | device       | A         |        2867 |     NULL | NULL   | YES  | BTREE      |         |               |
| tempvod |          1 | idxtvod2 |            1 | sessionstart | A         |        2867 |     NULL | NULL   | YES  | BTREE      |         |               |
+---------+------------+----------+--------------+--------------+-----------+-------------+----------+--------+------+------------+---------+---------------+
2 rows in set (0.00 sec)

Query OK, 2888 rows affected (2.20 sec)
Records: 2888  Duplicates: 0  Warnings: 0

Query OK, 0 rows affected (0.01 sec)

Query OK, 521845 rows affected (44.83 sec)
Records: 521845  Duplicates: 0  Warnings: 0

+--------------+
| rep_vodstats |
+--------------+
|       521845 |
+--------------+
1 row in set (0.16 sec)

Database changed
Query OK, 0 rows affected (0.13 sec)

Query OK, 11743 rows affected (5 min 50.89 sec)
Records: 11743  Duplicates: 0  Warnings: 0

+--------+------------+----------+--------------+--------------+-----------+-------------+----------+--------+------+------------+---------+---------------+
| Table  | Non_unique | Key_name | Seq_in_index | Column_name  | Collation | Cardinality | Sub_part | Packed | Null | Index_type | Comment | Index_comment |
+--------+------------+----------+--------------+--------------+-----------+-------------+----------+--------+------+------------+---------+---------------+
| tempts |          1 | idxtts1  |            1 | device       | A         |       11915 |     NULL | NULL   | YES  | BTREE      |         |               |
| tempts |          1 | idxtts2  |            1 | sessionstart | A         |       11915 |     NULL | NULL   | YES  | BTREE      |         |               |
+--------+------------+----------+--------------+--------------+-----------+-------------+----------+--------+------+------------+---------+---------------+
2 rows in set (0.00 sec)

Query OK, 11732 rows affected (13.12 sec)
Records: 11732  Duplicates: 0  Warnings: 0

Query OK, 0 rows affected (0.01 sec)

Query OK, 30965 rows affected (5 min 2.87 sec)
Records: 30965  Duplicates: 0  Warnings: 0

+-------------+
| rep_tsstats |
+-------------+
|       30965 |
+-------------+
1 row in set (0.01 sec)

mysql> mysql \. C:\workspace\cloud\code\sql\_DailyScript\currenttime.sql
+---------------------+
| currenttime         |
+---------------------+
| 2020-03-03 08:21:20 |
+---------------------+
1 row in set (0.00 sec)

mysql> 
mysql> mysql \. C:\workspace\cloud\code\sql\_DailyScript\DAILY-SCRIPT-RADIO-STATS.sql
Database changed
Query OK, 0 rows affected (0.01 sec)

Query OK, 230319 rows affected (6.59 sec)
Records: 230319  Duplicates: 0  Warnings: 0

+-----------+------------+----------+--------------+--------------+-----------+-------------+----------+--------+------+------------+---------+---------------+
| Table     | Non_unique | Key_name | Seq_in_index | Column_name  | Collation | Cardinality | Sub_part | Packed | Null | Index_type | Comment | Index_comment |
+-----------+------------+----------+--------------+--------------+-----------+-------------+----------+--------+------+------------+---------+---------------+
| tempradio |          1 | idxtrad1 |            1 | device       | A         |      231350 |     NULL | NULL   | YES  | BTREE      |         |               |
| tempradio |          1 | idxtrad2 |            1 | sessionstart | A         |      231350 |     NULL | NULL   | YES  | BTREE      |         |               |
+-----------+------------+----------+--------------+--------------+-----------+-------------+----------+--------+------+------------+---------+---------------+
2 rows in set (0.00 sec)

Query OK, 218 rows affected (6.20 sec)
Records: 218  Duplicates: 0  Warnings: 0

Query OK, 0 rows affected (0.01 sec)

Query OK, 4238 rows affected (0.35 sec)
Records: 4238  Duplicates: 0  Warnings: 0

+----------------+
| rep_radiostats |
+----------------+
|           4238 |
+----------------+
1 row in set (0.00 sec)

mysql> mysql \. C:\workspace\cloud\code\sql\_DailyScript\currenttime.sql
+---------------------+
| currenttime         |
+---------------------+
| 2020-03-03 08:21:34 |
+---------------------+
1 row in set (0.00 sec)

mysql> 
mysql> mysql \. C:\workspace\cloud\code\sql\_DailyScript\DAILY_SCRIPT_TELEMETRY_PIVOT_2020.sql
Query OK, 0 rows affected (0.03 sec)

Query OK, 144 rows affected (0.12 sec)
Records: 144  Duplicates: 0  Warnings: 0

Query OK, 0 rows affected (0.00 sec)

Query OK, 7718 rows affected (0.79 sec)
Records: 7718  Duplicates: 0  Warnings: 0

Query OK, 0 rows affected (0.00 sec)

Query OK, 8 rows affected (0.01 sec)
Records: 8  Duplicates: 0  Warnings: 0

Query OK, 0 rows affected (0.01 sec)

Query OK, 47 rows affected (0.04 sec)
Records: 47  Duplicates: 0  Warnings: 0

mysql> mysql \. C:\workspace\cloud\code\sql\_DailyScript\currenttime.sql
+---------------------+
| currenttime         |
+---------------------+
| 2020-03-03 08:21:35 |
+---------------------+
1 row in set (0.00 sec)

mysql> 
mysql> mysql \. C:\workspace\cloud\code\sql\_DailyScript\telemetry_livetv_ranking2020.sql
Query OK, 0 rows affected (0.00 sec)

Query OK, 144 rows affected (0.01 sec)
Records: 144  Duplicates: 0  Warnings: 0

mysql> mysql \. C:\workspace\cloud\code\sql\_DailyScript\currenttime.sql
+---------------------+
| currenttime         |
+---------------------+
| 2020-03-03 08:21:35 |
+---------------------+
1 row in set (0.00 sec)

mysql> 
mysql> mysql \. C:\workspace\cloud\code\sql\_DailyScript\telemetry_radio_ranking2020.sql
Query OK, 0 rows affected (0.00 sec)

Query OK, 8 rows affected (0.01 sec)
Records: 8  Duplicates: 0  Warnings: 0

mysql> mysql \. C:\workspace\cloud\code\sql\_DailyScript\currenttime.sql
+---------------------+
| currenttime         |
+---------------------+
| 2020-03-03 08:21:35 |
+---------------------+
1 row in set (0.00 sec)

mysql> 
mysql> mysql \. C:\workspace\cloud\code\sql\_DailyScript\telemetry_ts_ranking2020.sql
Query OK, 0 rows affected (0.00 sec)

Query OK, 47 rows affected (0.01 sec)
Records: 47  Duplicates: 0  Warnings: 0

mysql> mysql \. C:\workspace\cloud\code\sql\_DailyScript\currenttime.sql
+---------------------+
| currenttime         |
+---------------------+
| 2020-03-03 08:21:35 |
+---------------------+
1 row in set (0.00 sec)

mysql> 
mysql> mysql \. C:\workspace\cloud\code\sql\_DailyScript\telemetry_vod_ranking2020.sql
Query OK, 0 rows affected (0.00 sec)

Query OK, 7718 rows affected (0.35 sec)
Records: 7718  Duplicates: 0  Warnings: 0

mysql> mysql \. C:\workspace\cloud\code\sql\_DailyScript\currenttime.sql
+---------------------+
| currenttime         |
+---------------------+
| 2020-03-03 08:21:35 |
+---------------------+
1 row in set (0.00 sec)

mysql> 
mysql> mysql \. C:\workspace\cloud\code\sql\_DailyScript\telemetry_vod_ranking2020_1.sql
Query OK, 0 rows affected (0.01 sec)

Query OK, 7718 rows affected (0.19 sec)
Records: 7718  Duplicates: 0  Warnings: 0

mysql> mysql \. C:\workspace\cloud\code\sql\_DailyScript\currenttime.sql
+---------------------+
| currenttime         |
+---------------------+
| 2020-03-03 08:21:35 |
+---------------------+
1 row in set (0.00 sec)

mysql> 
mysql> mysql \. C:\workspace\cloud\code\sql\_DailyScript\telemetry_vod_ranking2020_2.sql
Query OK, 0 rows affected (0.01 sec)

Query OK, 7718 rows affected (0.17 sec)
Records: 7718  Duplicates: 0  Warnings: 0

mysql> mysql \. C:\workspace\cloud\code\sql\_DailyScript\currenttime.sql
+---------------------+
| currenttime         |
+---------------------+
| 2020-03-03 08:21:35 |
+---------------------+
1 row in set (0.00 sec)

mysql> 
mysql> mysql \. C:\workspace\cloud\code\sql\_DailyScript\DAILY-SCRIPT-CREATE-LOAD.sql
Database changed
Database changed
Query OK, 0 rows affected (0.03 sec)

Query OK, 0 rows affected (0.01 sec)

Database changed
Query OK, 66299 rows affected (2.98 sec)
Records: 66299  Deleted: 0  Skipped: 0  Warnings: 0

Query OK, 0 rows affected (0.20 sec)
Records: 0  Duplicates: 0  Warnings: 0

Query OK, 0 rows affected (0.25 sec)
Records: 0  Duplicates: 0  Warnings: 0

Query OK, 0 rows affected (0.27 sec)
Records: 0  Duplicates: 0  Warnings: 0

Query OK, 0 rows affected (0.25 sec)
Records: 0  Duplicates: 0  Warnings: 0

+---------+
| clients |
+---------+
|   66299 |
+---------+
1 row in set (0.02 sec)

Query OK, 0 rows affected (0.03 sec)

Query OK, 8489 rows affected (5.60 sec)
Records: 8489  Duplicates: 0  Warnings: 0

Query OK, 0 rows affected (0.04 sec)
Records: 0  Duplicates: 0  Warnings: 0

+-------------------+
| rcb_clientparcels |
+-------------------+
|              8489 |
+-------------------+
1 row in set (0.00 sec)

Query OK, 0 rows affected (0.02 sec)

Query OK, 78810 rows affected (3.59 sec)
Records: 78810  Duplicates: 0  Warnings: 0

Query OK, 0 rows affected (0.34 sec)
Records: 0  Duplicates: 0  Warnings: 0

Query OK, 0 rows affected (0.04 sec)

Query OK, 66299 rows affected (18.32 sec)
Records: 66299  Duplicates: 0  Warnings: 0

Query OK, 0 rows affected (0.24 sec)
Records: 0  Duplicates: 0  Warnings: 0

Query OK, 0 rows affected (0.24 sec)
Records: 0  Duplicates: 0  Warnings: 0

Query OK, 0 rows affected (0.18 sec)
Records: 0  Duplicates: 0  Warnings: 0

+---------------+
| clientaddress |
+---------------+
|         66299 |
+---------------+
1 row in set (0.02 sec)

Database changed
Query OK, 0 rows affected (0.01 sec)

Query OK, 0 rows affected (0.01 sec)

Database changed
Query OK, 504016 rows affected, 65535 warnings (16.09 sec)
Records: 504016  Deleted: 0  Skipped: 0  Warnings: 200834

Query OK, 0 rows affected (4.62 sec)
Records: 0  Duplicates: 0  Warnings: 0

Query OK, 0 rows affected (2.42 sec)
Records: 0  Duplicates: 0  Warnings: 0

Query OK, 0 rows affected (1.50 sec)
Records: 0  Duplicates: 0  Warnings: 0

Query OK, 0 rows affected (0.01 sec)

Query OK, 504016 rows affected (52.64 sec)
Records: 504016  Duplicates: 0  Warnings: 0

Query OK, 0 rows affected (1.89 sec)
Records: 0  Duplicates: 0  Warnings: 0

Query OK, 0 rows affected (1.58 sec)
Records: 0  Duplicates: 0  Warnings: 0

+-----------+
| contracts |
+-----------+
|    504016 |
+-----------+
1 row in set (0.17 sec)

+-----------------+
| contractaddress |
+-----------------+
|          504016 |
+-----------------+
1 row in set (0.15 sec)

Database changed
Query OK, 0 rows affected (0.01 sec)

Query OK, 0 rows affected (0.01 sec)

Query OK, 7262 rows affected (0.15 sec)
Records: 7262  Deleted: 0  Skipped: 0  Warnings: 0

Query OK, 0 rows affected (0.01 sec)

Query OK, 7231 rows affected (1.37 sec)
Records: 7231  Duplicates: 0  Warnings: 0

Query OK, 0 rows affected (0.04 sec)
Records: 0  Duplicates: 0  Warnings: 0

Query OK, 0 rows affected (0.01 sec)

Query OK, 5634 rows affected (0.08 sec)
Records: 5634  Duplicates: 0  Warnings: 0

Query OK, 0 rows affected (0.03 sec)
Records: 0  Duplicates: 0  Warnings: 0

+-------------------+
| contractdiscounts |
+-------------------+
|              7262 |
+-------------------+
1 row in set (0.00 sec)

+-------------------------+
| clientcontractdiscounts |
+-------------------------+
|                    7231 |
+-------------------------+
1 row in set (0.00 sec)

+----------------------------+
| clientcontractlastdiscount |
+----------------------------+
|                       5634 |
+----------------------------+
1 row in set (0.00 sec)

Database changed
Query OK, 0 rows affected (0.04 sec)

Query OK, 0 rows affected (0.01 sec)

Database changed
Query OK, 133810 rows affected, 4 warnings (3.39 sec)
Records: 133810  Deleted: 0  Skipped: 0  Warnings: 4

Query OK, 0 rows affected (0.30 sec)
Records: 0  Duplicates: 0  Warnings: 0

Query OK, 0 rows affected (0.30 sec)
Records: 0  Duplicates: 0  Warnings: 0

Query OK, 0 rows affected (0.67 sec)
Records: 0  Duplicates: 0  Warnings: 0

Query OK, 0 rows affected (0.29 sec)
Records: 0  Duplicates: 0  Warnings: 0

Query OK, 0 rows affected (0.39 sec)
Records: 0  Duplicates: 0  Warnings: 0

Query OK, 0 rows affected (0.96 sec)
Records: 0  Duplicates: 0  Warnings: 0

Query OK, 0 rows affected (0.05 sec)

Query OK, 1720488 rows affected (2 min 35.11 sec)
Records: 1720488  Duplicates: 0  Warnings: 0

+---------+
| devices |
+---------+
|  133810 |
+---------+
1 row in set (0.05 sec)

+-----------------------+
| clientcontractdevices |
+-----------------------+
|               1720488 |
+-----------------------+
1 row in set (0.62 sec)

Query OK, 0 rows affected (0.01 sec)

Query OK, 133639 rows affected (5.86 sec)
Records: 133639  Duplicates: 0  Warnings: 0

+---------------------------+
| rep_clientcontractdevices |
+---------------------------+
|                    133639 |
+---------------------------+
1 row in set (0.04 sec)

Database changed
Query OK, 0 rows affected (0.02 sec)

Query OK, 0 rows affected (0.01 sec)

Query OK, 275029 rows affected (7.15 sec)
Records: 275029  Deleted: 0  Skipped: 0  Warnings: 0

Query OK, 0 rows affected (0.67 sec)
Records: 0  Duplicates: 0  Warnings: 0

Query OK, 0 rows affected (0.60 sec)
Records: 0  Duplicates: 0  Warnings: 0

Query OK, 0 rows affected (0.59 sec)
Records: 0  Duplicates: 0  Warnings: 0

Query OK, 0 rows affected (0.51 sec)
Records: 0  Duplicates: 0  Warnings: 0

+---------+
| tickets |
+---------+
|  275029 |
+---------+
1 row in set (0.07 sec)

Database changed
Query OK, 0 rows affected (0.07 sec)

Query OK, 0 rows affected (0.00 sec)

Empty set (0.00 sec)

Query OK, 0 rows affected (0.01 sec)
Records: 0  Duplicates: 0  Warnings: 0

Query OK, 354 rows affected, 2 warnings (0.04 sec)
Records: 354  Deleted: 0  Skipped: 0  Warnings: 2

+-----------------+
| tickettechusers |
+-----------------+
|             354 |
+-----------------+
1 row in set (0.00 sec)

Database changed
Query OK, 0 rows affected (0.02 sec)

Query OK, 0 rows affected (0.01 sec)

Query OK, 0 rows affected (0.01 sec)
Records: 0  Duplicates: 0  Warnings: 0

Query OK, 589331 rows affected, 44931 warnings (10.48 sec)
Records: 589331  Deleted: 0  Skipped: 0  Warnings: 44931

+-------------------+
| ticketassignments |
+-------------------+
|            589331 |
+-------------------+
1 row in set (0.18 sec)

Database changed
Query OK, 0 rows affected (0.04 sec)

Query OK, 0 rows affected (0.01 sec)

Query OK, 1209855 rows affected (16.50 sec)
Records: 1209855  Deleted: 0  Skipped: 0  Warnings: 0

Query OK, 0 rows affected (6.71 sec)
Records: 0  Duplicates: 0  Warnings: 0

Query OK, 0 rows affected (2.98 sec)
Records: 0  Duplicates: 0  Warnings: 0

Query OK, 0 rows affected (3.06 sec)
Records: 0  Duplicates: 0  Warnings: 0

Query OK, 0 rows affected (3.12 sec)
Records: 0  Duplicates: 0  Warnings: 0

+----------------+
| ticketcomments |
+----------------+
|        1209855 |
+----------------+
1 row in set (0.37 sec)

Database changed
Query OK, 0 rows affected (0.03 sec)

Query OK, 0 rows affected (0.01 sec)

Query OK, 436593 rows affected (40.68 sec)
Records: 436593  Deleted: 0  Skipped: 0  Warnings: 0

Query OK, 0 rows affected (2.33 sec)
Records: 0  Duplicates: 0  Warnings: 0

+----------+
| comments |
+----------+
|   436593 |
+----------+
1 row in set (0.13 sec)

Database changed
Query OK, 0 rows affected (0.06 sec)

Query OK, 0 rows affected (0.01 sec)

Query OK, 1168023 rows affected, 65535 warnings (1 min 5.81 sec)
Records: 1168023  Deleted: 0  Skipped: 0  Warnings: 1168039

Query OK, 0 rows affected (4.33 sec)
Records: 0  Duplicates: 0  Warnings: 0

Query OK, 0 rows affected (3.09 sec)
Records: 0  Duplicates: 0  Warnings: 0

Query OK, 0 rows affected (3.21 sec)
Records: 0  Duplicates: 0  Warnings: 0

Query OK, 0 rows affected (2.95 sec)
Records: 0  Duplicates: 0  Warnings: 0

Query OK, 0 rows affected (4.18 sec)
Records: 0  Duplicates: 0  Warnings: 0

+------------+
| devicesold |
+------------+
|    1168023 |
+------------+
1 row in set (0.38 sec)

Database changed
Query OK, 0 rows affected (0.02 sec)

Query OK, 0 rows affected (0.01 sec)

Query OK, 1714161 rows affected (24.42 sec)
Records: 1714161  Deleted: 0  Skipped: 0  Warnings: 0

Query OK, 0 rows affected (7.50 sec)
Records: 0  Duplicates: 0  Warnings: 0

Query OK, 0 rows affected (4.68 sec)
Records: 0  Duplicates: 0  Warnings: 0

Query OK, 0 rows affected (4.56 sec)
Records: 0  Duplicates: 0  Warnings: 0

+------------------+
| contractservices |
+------------------+
|          1714161 |
+------------------+
1 row in set (0.51 sec)

Database changed
Query OK, 0 rows affected (0.34 sec)

Query OK, 0 rows affected (0.01 sec)

Query OK, 4002591 rows affected (2 min 12.75 sec)
Records: 4002591  Deleted: 0  Skipped: 0  Warnings: 0

Query OK, 0 rows affected (12.16 sec)
Records: 0  Duplicates: 0  Warnings: 0

Query OK, 0 rows affected (14.14 sec)
Records: 0  Duplicates: 0  Warnings: 0

Query OK, 0 rows affected (12.99 sec)
Records: 0  Duplicates: 0  Warnings: 0

Query OK, 0 rows affected (13.27 sec)
Records: 0  Duplicates: 0  Warnings: 0

+------------------+
| invoicescontents |
+------------------+
|          4002591 |
+------------------+
1 row in set (1.31 sec)

Database changed
Query OK, 0 rows affected (0.06 sec)

Query OK, 0 rows affected (0.03 sec)

Query OK, 2793667 rows affected (3 min 11.19 sec)
Records: 2793667  Deleted: 0  Skipped: 0  Warnings: 0

Query OK, 0 rows affected (14.27 sec)
Records: 0  Duplicates: 0  Warnings: 0

Query OK, 0 rows affected (14.15 sec)
Records: 0  Duplicates: 0  Warnings: 0

Query OK, 0 rows affected (13.26 sec)
Records: 0  Duplicates: 0  Warnings: 0

Query OK, 0 rows affected (11.34 sec)
Records: 0  Duplicates: 0  Warnings: 0

Query OK, 0 rows affected (12.04 sec)
Records: 0  Duplicates: 0  Warnings: 0

+----------------+
| invoicesheader |
+----------------+
|        2793667 |
+----------------+
1 row in set (0.86 sec)

Database changed
Query OK, 0 rows affected (0.05 sec)

Query OK, 0 rows affected (0.01 sec)

Query OK, 2873000 rows affected (1 min 23.23 sec)
Records: 2873000  Deleted: 0  Skipped: 0  Warnings: 0

Query OK, 0 rows affected (9.92 sec)
Records: 0  Duplicates: 0  Warnings: 0

Query OK, 0 rows affected (9.50 sec)
Records: 0  Duplicates: 0  Warnings: 0

Query OK, 0 rows affected (8.87 sec)
Records: 0  Duplicates: 0  Warnings: 0

Query OK, 0 rows affected (8.34 sec)
Records: 0  Duplicates: 0  Warnings: 0

+---------+
| casa    |
+---------+
| 2873000 |
+---------+
1 row in set (0.89 sec)

Query OK, 0 rows affected (0.01 sec)

Query OK, 13756 rows affected (1 min 16.77 sec)
Records: 13756  Duplicates: 0  Warnings: 0

+--------------------+
| rep_paycol_channel |
+--------------------+
|              13756 |
+--------------------+
1 row in set (0.01 sec)

Query OK, 0 rows affected (0.01 sec)

Query OK, 9824 rows affected (1 min 33.63 sec)
Records: 9824  Duplicates: 0  Warnings: 0

+----------------+
| rep_paycol_pos |
+----------------+
|           9824 |
+----------------+
1 row in set (0.00 sec)

Database changed
Query OK, 0 rows affected (0.01 sec)

Query OK, 0 rows affected (0.00 sec)

Database changed
Query OK, 39110 rows affected (0.87 sec)
Records: 39110  Deleted: 0  Skipped: 0  Warnings: 0

+-------+
| users |
+-------+
| 39110 |
+-------+
1 row in set (0.02 sec)

Query OK, 0 rows affected (0.08 sec)
Records: 0  Duplicates: 0  Warnings: 0

Database changed
Query OK, 0 rows affected (0.03 sec)

Query OK, 0 rows affected (0.00 sec)

Query OK, 1872898 rows affected, 2 warnings (33.30 sec)
Records: 1872898  Deleted: 0  Skipped: 0  Warnings: 2

Query OK, 0 rows affected (8.97 sec)
Records: 0  Duplicates: 0  Warnings: 0

Query OK, 0 rows affected (5.41 sec)
Records: 0  Duplicates: 0  Warnings: 0

Query OK, 0 rows affected (5.72 sec)
Records: 0  Duplicates: 0  Warnings: 0

Query OK, 0 rows affected (5.84 sec)
Records: 0  Duplicates: 0  Warnings: 0

Query OK, 0 rows affected (4.75 sec)
Records: 0  Duplicates: 0  Warnings: 0

+-------------+
| useractions |
+-------------+
|     1872898 |
+-------------+
1 row in set (0.56 sec)

Database changed
Query OK, 0 rows affected (0.07 sec)

Query OK, 0 rows affected (0.01 sec)

Database changed
Query OK, 15179731 rows affected (3 min 24.30 sec)
Records: 15179731  Deleted: 0  Skipped: 0  Warnings: 0

Query OK, 0 rows affected (44.99 sec)
Records: 0  Duplicates: 0  Warnings: 0

Query OK, 0 rows affected (43.19 sec)
Records: 0  Duplicates: 0  Warnings: 0

Query OK, 0 rows affected (43.53 sec)
Records: 0  Duplicates: 0  Warnings: 0

Query OK, 0 rows affected (38.69 sec)
Records: 0  Duplicates: 0  Warnings: 0

+----------+
| ipusage1 |
+----------+
| 15179731 |
+----------+
1 row in set (7.25 sec)

Query OK, 0 rows affected (0.26 sec)

Query OK, 15311784 rows affected, 65535 warnings (15 min 58.56 sec)
Records: 15311784  Duplicates: 0  Warnings: 15307687

Query OK, 0 rows affected (40.57 sec)
Records: 0  Duplicates: 0  Warnings: 0

Query OK, 0 rows affected (42.91 sec)
Records: 0  Duplicates: 0  Warnings: 0

Query OK, 0 rows affected (42.84 sec)
Records: 0  Duplicates: 0  Warnings: 0

Query OK, 0 rows affected (46.93 sec)
Records: 0  Duplicates: 0  Warnings: 0

Query OK, 0 rows affected (1 min 2.74 sec)
Records: 0  Duplicates: 0  Warnings: 0

Query OK, 0 rows affected (1 min 10.04 sec)
Records: 0  Duplicates: 0  Warnings: 0

Query OK, 0 rows affected (1 min 0.51 sec)
Records: 0  Duplicates: 0  Warnings: 0

+----------+
| ipusage  |
+----------+
| 15311784 |
+----------+
1 row in set (5.06 sec)

Query OK, 0 rows affected (0.04 sec)

Query OK, 3855235 rows affected (3 min 32.93 sec)
Records: 3855235  Duplicates: 0  Warnings: 0

Query OK, 0 rows affected (14.45 sec)
Records: 0  Duplicates: 0  Warnings: 0

Query OK, 0 rows affected (11.48 sec)
Records: 0  Duplicates: 0  Warnings: 0

Query OK, 0 rows affected (12.09 sec)
Records: 0  Duplicates: 0  Warnings: 0

Query OK, 0 rows affected (16.23 sec)
Records: 0  Duplicates: 0  Warnings: 0

Query OK, 0 rows affected (10.07 sec)
Records: 0  Duplicates: 0  Warnings: 0

Query OK, 0 rows affected (0.05 sec)

Query OK, 321540 rows affected (28.79 sec)
Records: 321540  Duplicates: 0  Warnings: 0

Query OK, 0 rows affected (1.02 sec)
Records: 0  Duplicates: 0  Warnings: 0

Query OK, 0 rows affected (0.97 sec)
Records: 0  Duplicates: 0  Warnings: 0

Query OK, 0 rows affected (1.15 sec)
Records: 0  Duplicates: 0  Warnings: 0

Query OK, 0 rows affected (0.59 sec)
Records: 0  Duplicates: 0  Warnings: 0

Query OK, 0 rows affected (0.60 sec)
Records: 0  Duplicates: 0  Warnings: 0

Query OK, 0 rows affected (0.61 sec)
Records: 0  Duplicates: 0  Warnings: 0

Query OK, 0 rows affected (0.60 sec)
Records: 0  Duplicates: 0  Warnings: 0

Query OK, 0 rows affected (0.07 sec)

Query OK, 1713968 rows affected (57.54 sec)
Records: 1713968  Duplicates: 0  Warnings: 0

Query OK, 0 rows affected (11.12 sec)
Records: 0  Duplicates: 0  Warnings: 0

Query OK, 0 rows affected (3.33 sec)
Records: 0  Duplicates: 0  Warnings: 0

Query OK, 0 rows affected (5.23 sec)
Records: 0  Duplicates: 0  Warnings: 0

mysql> mysql \. C:\workspace\cloud\code\sql\_DailyScript\currenttime.sql
+---------------------+
| currenttime         |
+---------------------+
| 2020-03-03 09:18:24 |
+---------------------+
1 row in set (0.00 sec)

mysql> 
mysql> mysql \. C:\workspace\cloud\code\sql\_DailyScript\ticket_analysis.sql
Database changed
Query OK, 0 rows affected (0.02 sec)

Query OK, 570829 rows affected (23.17 sec)
Records: 570829  Duplicates: 0  Warnings: 0

Query OK, 0 rows affected (5.12 sec)
Records: 0  Duplicates: 0  Warnings: 0

Query OK, 0 rows affected (1.69 sec)
Records: 0  Duplicates: 0  Warnings: 0

Query OK, 0 rows affected (1.67 sec)
Records: 0  Duplicates: 0  Warnings: 0

Query OK, 0 rows affected (0.05 sec)

Query OK, 19273 rows affected (10.98 sec)
Records: 19273  Duplicates: 0  Warnings: 0

Query OK, 0 rows affected, 1 warning (0.00 sec)

Query OK, 79076 rows affected (6.47 sec)
Records: 79076  Duplicates: 0  Warnings: 0

Query OK, 0 rows affected, 1 warning (0.00 sec)

Query OK, 408356 rows affected (12.31 sec)
Records: 408356  Duplicates: 0  Warnings: 0

Query OK, 0 rows affected, 1 warning (0.00 sec)

Query OK, 408356 rows affected (13.07 sec)
Records: 408356  Duplicates: 0  Warnings: 0

Query OK, 0 rows affected (0.01 sec)

Query OK, 79136 rows affected (4.83 sec)
Records: 79136  Duplicates: 0  Warnings: 0

Database changed
Query OK, 0 rows affected (0.00 sec)

Query OK, 0 rows affected (0.02 sec)

Query OK, 570829 rows affected (18.45 sec)
Records: 570829  Duplicates: 0  Warnings: 0

Query OK, 0 rows affected (0.01 sec)

Query OK, 281884 rows affected (14.46 sec)
Records: 281884  Duplicates: 0  Warnings: 0

+--------------------------+
| clientticket_cmmtjourney |
+--------------------------+
|                   570829 |
+--------------------------+
1 row in set (4.68 sec)

+---------------------------+
| clientticket_assgnjourney |
+---------------------------+
|                    281884 |
+---------------------------+
1 row in set (0.33 sec)

Query OK, 0 rows affected (0.01 sec)

Query OK, 85 rows affected (0.13 sec)
Records: 85  Duplicates: 0  Warnings: 0

mysql> mysql \. C:\workspace\cloud\code\sql\_DailyScript\currenttime.sql
+---------------------+
| currenttime         |
+---------------------+
| 2020-03-03 09:20:21 |
+---------------------+
1 row in set (0.00 sec)

mysql> 
mysql> mysql \. C:\workspace\cloud\code\sql\_DailyScript\load_DailyCalls.sql
Database changed
Query OK, 610 rows affected (1.41 sec)
Records: 610  Deleted: 0  Skipped: 0  Warnings: 0

Query OK, 0 rows affected, 1 warning (0.00 sec)

Query OK, 589 rows affected (0.83 sec)
Records: 589  Duplicates: 0  Warnings: 0

Query OK, 0 rows affected, 1 warning (0.00 sec)

Query OK, 65644 rows affected (0.57 sec)
Records: 65644  Duplicates: 0  Warnings: 0

+----------------------+
| callingclientsbefore |
+----------------------+
|               848490 |
+----------------------+
1 row in set (4.97 sec)

Query OK, 945 rows affected (14.08 sec)
Records: 945  Duplicates: 0  Warnings: 0

+---------------------+
| callingclientsafter |
+---------------------+
|              849435 |
+---------------------+
1 row in set (0.25 sec)

Query OK, 0 rows affected (0.01 sec)

Query OK, 380 rows affected (21.36 sec)
Records: 380  Duplicates: 0  Warnings: 0

Query OK, 0 rows affected (0.00 sec)

Query OK, 17436 rows affected (2.61 sec)
Records: 17436  Duplicates: 0  Warnings: 0

+-----------+
| callstats |
+-----------+
|     17436 |
+-----------+
1 row in set (0.01 sec)

Query OK, 0 rows affected, 1 warning (0.00 sec)

Query OK, 945 rows affected (13.71 sec)
Records: 945  Duplicates: 0  Warnings: 0

+------------------------+
| rep_cccallreportbefore |
+------------------------+
|                 852886 |
+------------------------+
1 row in set (0.25 sec)

Query OK, 945 rows affected (2.42 sec)
Records: 945  Duplicates: 0  Warnings: 0

+-----------------------+
| rep_cccallreportafter |
+-----------------------+
|                853831 |
+-----------------------+
1 row in set (0.26 sec)

Query OK, 0 rows affected (0.01 sec)

mysql> mysql \. C:\workspace\cloud\code\sql\_DailyScript\currenttime.sql
+---------------------+
| currenttime         |
+---------------------+
| 2020-03-03 09:21:24 |
+---------------------+
1 row in set (0.00 sec)

mysql> 
mysql> mysql \. C:\workspace\cloud\code\sql\_DailyScript\DAILY-SCRIPT-USAGE.sql
Database changed
Query OK, 0 rows affected (0.00 sec)

Query OK, 7166 rows affected, 20716 warnings (3.09 sec)
Records: 7166  Deleted: 0  Skipped: 0  Warnings: 20716

Query OK, 0 rows affected (0.00 sec)

Query OK, 10548 rows affected, 30499 warnings (3.44 sec)
Records: 10548  Deleted: 0  Skipped: 0  Warnings: 30499

Query OK, 0 rows affected (0.00 sec)

Query OK, 208 rows affected, 751 warnings (0.04 sec)
Records: 208  Deleted: 0  Skipped: 0  Warnings: 751

Query OK, 0 rows affected (0.00 sec)

Query OK, 249 rows affected, 849 warnings (0.07 sec)
Records: 249  Deleted: 0  Skipped: 0  Warnings: 849

+------------+
| dailyusage |
+------------+
|   10733979 |
+------------+
1 row in set (41.69 sec)

+------------+------------+------------+---------+
| datestart  | dateend    | insertedon | records |
+------------+------------+------------+---------+
| 2020-03-02 | 2020-03-02 | 2020-03-03 |   18171 |
| 2020-03-01 | 2020-03-01 | 2020-03-02 |   18205 |
| 2020-02-29 | 2020-02-29 | 2020-03-01 |   18303 |
| 2020-02-28 | 2020-02-28 | 2020-02-29 |   18399 |
| 2020-02-27 | 2020-02-27 | 2020-02-28 |   18395 |
+------------+------------+------------+---------+
5 rows in set (4 min 45.15 sec)

mysql> mysql \. C:\workspace\cloud\code\sql\_DailyScript\currenttime.sql
+---------------------+
| currenttime         |
+---------------------+
| 2020-03-03 09:26:58 |
+---------------------+
1 row in set (0.00 sec)

mysql> 
mysql> mysql \. C:\workspace\cloud\code\sql\_DailyScript\DAILY-SCRIPT-SALES-TELEMETRY.sql
Database changed
Query OK, 215 rows affected, 98 warnings (0.06 sec)
Records: 215  Deleted: 0  Skipped: 0  Warnings: 98

+------------+
| dailysales |
+------------+
|     186698 |
+------------+
1 row in set (0.47 sec)

Query OK, 0 rows affected (0.07 sec)

Query OK, 186698 rows affected (20.03 sec)
Records: 186698  Duplicates: 0  Warnings: 0

+--------+
| sales  |
+--------+
| 186698 |
+--------+
1 row in set (0.08 sec)

Query OK, 0 rows affected (0.00 sec)

Query OK, 2995 rows affected (0.32 sec)
Records: 2995  Duplicates: 0  Warnings: 0

+----------------+
| rep_dailysales |
+----------------+
|           2995 |
+----------------+
1 row in set (0.00 sec)

Query OK, 0 rows affected (0.01 sec)

Query OK, 2995 rows affected (0.49 sec)
Records: 2995  Duplicates: 0  Warnings: 0

+-------------------+
| rep_dailysalesreg |
+-------------------+
|              2995 |
+-------------------+
1 row in set (0.00 sec)

Query OK, 0 rows affected (0.00 sec)

Query OK, 2674 rows affected (0.64 sec)
Records: 2674  Duplicates: 0  Warnings: 0

+-----------+
| saleslist |
+-----------+
|      2674 |
+-----------+
1 row in set (0.00 sec)

Database changed
Query OK, 4 rows affected (0.06 sec)
Records: 4  Deleted: 0  Skipped: 0  Warnings: 0

+------------------+
| dailysinglesales |
+------------------+
|             6189 |
+------------------+
1 row in set (0.05 sec)

Database changed
Query OK, 9 rows affected (0.11 sec)
Records: 9  Deleted: 0  Skipped: 0  Warnings: 0

+-----------------+
| dailyaddonsales |
+-----------------+
|           18474 |
+-----------------+
1 row in set (0.15 sec)

Query OK, 186 rows affected (0.10 sec)
Records: 186  Deleted: 0  Skipped: 0  Warnings: 0

+----------------+
| onlinepayments |
+----------------+
|          83138 |
+----------------+
1 row in set (0.14 sec)

+-------------+----------------+---------------------+
| paymentdate | onlinepayments | onlinepaymentamount |
+-------------+----------------+---------------------+
| 2020-03-02  |            186 |        125090.87000 |
| 2020-03-01  |            276 |        188458.19000 |
| 2020-02-29  |            192 |        152204.86000 |
| 2020-02-28  |            183 |        122179.42000 |
| 2020-02-27  |            167 |        111003.15000 |
+-------------+----------------+---------------------+
5 rows in set (4.62 sec)

+-------------+--------------+----------------+---------------------+
| paymentyear | paymentmonth | onlinepayments | onlinepaymentamount |
+-------------+--------------+----------------+---------------------+
|        2020 |            3 |            462 |        313549.06000 |
|        2020 |            2 |           3434 |       2334711.58000 |
|        2020 |            1 |           3598 |       2395112.36000 |
|        2020 |         NULL |           7494 |       5043373.00000 |
|        2019 |           12 |           3234 |       2134467.48000 |
+-------------+--------------+----------------+---------------------+
5 rows in set (0.09 sec)

mysql> mysql \. C:\workspace\cloud\code\sql\_DailyScript\currenttime.sql
+---------------------+
| currenttime         |
+---------------------+
| 2020-03-03 09:27:25 |
+---------------------+
1 row in set (0.00 sec)

mysql> 
mysql> mysql \. C:\workspace\cloud\code\sql\_DailyScript\DAILY-SCRIPT-ACTIVENUMBERS.sql
Database changed
Query OK, 1170 rows affected (0.75 sec)
Records: 1170  Deleted: 0  Skipped: 0  Warnings: 0

+------------+----------+
| period     | count(1) |
+------------+----------+
| 2020-03-02 |     1170 |
| 2020-03-01 |     1173 |
| 2020-02-29 |     1173 |
| 2020-02-28 |     1171 |
| 2020-02-27 |     1164 |
| 2020-02-26 |     1166 |
+------------+----------+
6 rows in set (0.01 sec)

Query OK, 0 rows affected (0.00 sec)

Query OK, 80 rows affected (1.58 sec)
Records: 80  Duplicates: 0  Warnings: 0

+-------------+
| packagelist |
+-------------+
|          80 |
+-------------+
1 row in set (0.00 sec)

Database changed
Query OK, 0 rows affected (0.00 sec)

Query OK, 0 rows affected (0.00 sec)

Query OK, 0 rows affected (0.00 sec)

Query OK, 0 rows affected (0.00 sec)

Query OK, 27093 rows affected, 217 warnings (44.16 sec)
Records: 27093  Deleted: 0  Skipped: 0  Warnings: 217

+------------+----------+
| period     | count(1) |
+------------+----------+
| 2020-03-02 |    27093 |
| 2020-03-01 |    26578 |
| 2020-02-29 |    27411 |
| 2020-02-28 |    27439 |
| 2020-02-27 |    27366 |
+------------+----------+
5 rows in set (0.18 sec)

Query OK, 0 rows affected (0.03 sec)

Query OK, 26489 rows affected (3 min 20.74 sec)
Records: 26489  Duplicates: 0  Warnings: 0

Query OK, 0 rows affected (0.15 sec)
Records: 0  Duplicates: 0  Warnings: 0

Query OK, 0 rows affected (0.10 sec)
Records: 0  Duplicates: 0  Warnings: 0

Query OK, 0 rows affected (0.09 sec)
Records: 0  Duplicates: 0  Warnings: 0

Query OK, 0 rows affected (0.07 sec)
Records: 0  Duplicates: 0  Warnings: 0

Query OK, 0 rows affected (0.09 sec)
Records: 0  Duplicates: 0  Warnings: 0

Query OK, 0 rows affected (0.06 sec)
Records: 0  Duplicates: 0  Warnings: 0

+-------------+
| countbefore |
+-------------+
|    33844011 |
+-------------+
1 row in set (2 min 3.26 sec)

Query OK, 26489 rows affected (27.65 sec)
Records: 26489  Duplicates: 0  Warnings: 0

+------------+
| countafter |
+------------+
|   33870500 |
+------------+
1 row in set (12.09 sec)

+------------+--------------------------+
| period     | customercontractactivity |
+------------+--------------------------+
| 2020-03-02 |                    26489 |
| 2020-03-01 |                    25975 |
| 2020-02-29 |                    26808 |
| 2020-02-28 |                    26836 |
| 2020-02-27 |                    26762 |
+------------+--------------------------+
5 rows in set (0.06 sec)

Query OK, 0 rows affected (0.12 sec)

Query OK, 255246 rows affected (19 min 2.36 sec)
Records: 255246  Duplicates: 0  Warnings: 0

Query OK, 0 rows affected (1.01 sec)
Records: 0  Duplicates: 0  Warnings: 0

Query OK, 0 rows affected (1.02 sec)
Records: 0  Duplicates: 0  Warnings: 0

Query OK, 0 rows affected (1.04 sec)
Records: 0  Duplicates: 0  Warnings: 0

Query OK, 0 rows affected (0.01 sec)

Query OK, 182 rows affected (0.51 sec)
Records: 182  Duplicates: 0  Warnings: 0

Query OK, 0 rows affected (0.01 sec)

Query OK, 2565 rows affected (0.57 sec)
Records: 2565  Duplicates: 0  Warnings: 0

Query OK, 0 rows affected (0.01 sec)

Query OK, 26475 rows affected (0.63 sec)
Records: 26475  Duplicates: 0  Warnings: 0

Query OK, 0 rows affected (0.01 sec)

Query OK, 16899 rows affected (0.78 sec)
Records: 16899  Duplicates: 0  Warnings: 0

Query OK, 0 rows affected (0.01 sec)

Query OK, 16899 rows affected (0.14 sec)
Records: 16899  Duplicates: 0  Warnings: 0

Query OK, 0 rows affected (0.01 sec)

Query OK, 16899 rows affected (1.27 sec)
Records: 16899  Duplicates: 0  Warnings: 0

Query OK, 0 rows affected (0.01 sec)

Query OK, 16899 rows affected (44.91 sec)
Records: 16899  Duplicates: 0  Warnings: 0

+-------------+
| clientstats |
+-------------+
|       16899 |
+-------------+
1 row in set (0.01 sec)

Query OK, 0 rows affected (0.00 sec)

Query OK, 13 rows affected, 1 warning (0.11 sec)
Records: 13  Duplicates: 0  Warnings: 1

+-----------------------+-------------+-------------+----------------+-----------------+
| services              | activecount | allaccounts | uniqueaccounts | uniquecontracts |
+-----------------------+-------------+-------------+----------------+-----------------+
| All                   |         302 |          52 |             52 |             167 |
| Internet & Voice      |         423 |         193 |            193 |             377 |
| Internet Only         |        4266 |        4165 |           4148 |            4205 |
| OTT Only              |           1 |           1 |              1 |               1 |
| TV & Internet         |        8859 |        3934 |           3925 |            8028 |
| TV & Internet & OTT   |        2632 |         702 |            701 |            1447 |
| TV & Internet & Voice |         498 |         148 |            148 |             451 |
| TV & OTT              |         324 |          65 |             64 |              81 |
| TV & Voice            |         107 |          48 |             48 |              99 |
| TV & Voice & OTT      |           3 |           1 |              1 |               2 |
| TV Only               |        9672 |        7434 |           7427 |            7631 |
| Voice Only            |         157 |         156 |            155 |             157 |
| GRAND TOTAL           |       27244 |       16899 |          16817 |           22646 |
+-----------------------+-------------+-------------+----------------+-----------------+
13 rows in set (0.00 sec)

+-------------+-------------+-------------+----------------+-----------------+
| network     | activecount | allaccounts | uniqueaccounts | uniquecontracts |
+-------------+-------------+-------------+----------------+-----------------+
| ADDON       |          14 |          10 |             10 |              10 |
| GPON        |        8318 |        4268 |           4265 |            6535 |
| HFC         |       18912 |       12621 |          12621 |           16101 |
| GRAND TOTAL |       27244 |       16899 |          16817 |           22646 |
+-------------+-------------+-------------+----------------+-----------------+
4 rows in set, 1 warning (0.11 sec)

+-------------+-----------------------+-------------+-------------+----------------+-----------------+
| network     | services              | activecount | allaccounts | uniqueaccounts | uniquecontracts |
+-------------+-----------------------+-------------+-------------+----------------+-----------------+
| ADDON       | OTT Only              |           1 |           1 |              1 |               1 |
| ADDON       | TV & OTT              |           6 |           2 |              2 |               2 |
| ADDON       | TV Only               |           7 |           7 |              7 |               7 |
| ADDON       | Services Total        |          14 |          10 |             10 |              10 |
| GPON        | All                   |         169 |          29 |             29 |              92 |
| GPON        | Internet & Voice      |          75 |          32 |             32 |              65 |
| GPON        | Internet Only         |        1132 |        1051 |           1051 |            1073 |
| GPON        | TV & Internet         |        3465 |        1484 |           1484 |            3055 |
| GPON        | TV & Internet & OTT   |        1416 |         371 |            371 |             771 |
| GPON        | TV & Internet & Voice |         165 |          48 |             48 |             148 |
| GPON        | TV & OTT              |          81 |          27 |             27 |              29 |
| GPON        | TV & Voice            |          49 |          21 |             21 |              44 |
| GPON        | TV & Voice & OTT      |           3 |           1 |              1 |               2 |
| GPON        | TV Only               |        1753 |        1194 |           1194 |            1246 |
| GPON        | Voice Only            |          10 |          10 |             10 |              10 |
| GPON        | Services Total        |        8318 |        4268 |           4265 |            6535 |
| HFC         | All                   |         133 |          23 |             23 |              75 |
| HFC         | Internet & Voice      |         348 |         161 |            161 |             312 |
| HFC         | Internet Only         |        3134 |        3114 |           3114 |            3132 |
| HFC         | TV & Internet         |        5394 |        2450 |           2450 |            4973 |
| HFC         | TV & Internet & OTT   |        1216 |         331 |            331 |             676 |
| HFC         | TV & Internet & Voice |         333 |         100 |            100 |             303 |
| HFC         | TV & OTT              |         237 |          36 |             36 |              50 |
| HFC         | TV & Voice            |          58 |          27 |             27 |              55 |
| HFC         | TV Only               |        7912 |        6233 |           6233 |            6378 |
| HFC         | Voice Only            |         147 |         146 |            146 |             147 |
| HFC         | Services Total        |       18912 |       12621 |          12621 |           16101 |
| GRAND TOTAL | Services Total        |       27244 |       16899 |          16817 |           22646 |
+-------------+-----------------------+-------------+-------------+----------------+-----------------+
28 rows in set, 2 warnings (0.13 sec)

Query OK, 0 rows affected (0.01 sec)

Query OK, 46 rows affected, 3 warnings (0.17 sec)
Records: 46  Duplicates: 0  Warnings: 3

+-------------+---------------+-----------------------+-------------+-------------+----------------+-----------------+
| region      | network       | services              | activecount | allaccounts | uniqueaccounts | uniquecontracts |
+-------------+---------------+-----------------------+-------------+-------------+----------------+-----------------+
| Mahe        | ADDON         | OTT Only              |           1 |           1 |              1 |               1 |
| Mahe        | ADDON         | TV & OTT              |           6 |           2 |              2 |               2 |
| Mahe        | ADDON         | TV Only               |           3 |           3 |              3 |               3 |
| Mahe        | ADDON         | Services Total        |          10 |           6 |              6 |               6 |
| Mahe        | GPON          | All                   |         152 |          26 |             26 |              83 |
| Mahe        | GPON          | Internet & Voice      |          61 |          25 |             25 |              51 |
| Mahe        | GPON          | Internet Only         |         894 |         813 |            813 |             835 |
| Mahe        | GPON          | TV & Internet         |        2604 |        1103 |           1103 |            2265 |
| Mahe        | GPON          | TV & Internet & OTT   |        1009 |         255 |            255 |             527 |
| Mahe        | GPON          | TV & Internet & Voice |         152 |          44 |             44 |             135 |
| Mahe        | GPON          | TV & OTT              |          64 |          21 |             21 |              23 |
| Mahe        | GPON          | TV & Voice            |          46 |          20 |             20 |              41 |
| Mahe        | GPON          | TV & Voice & OTT      |           3 |           1 |              1 |               2 |
| Mahe        | GPON          | TV Only               |        1369 |         913 |            913 |             953 |
| Mahe        | GPON          | Voice Only            |           9 |           9 |              9 |               9 |
| Mahe        | GPON          | Services Total        |        6363 |        3230 |           3230 |            4924 |
| Mahe        | HFC           | All                   |         133 |          23 |             23 |              75 |
| Mahe        | HFC           | Internet & Voice      |         348 |         161 |            161 |             312 |
| Mahe        | HFC           | Internet Only         |        3133 |        3113 |           3113 |            3131 |
| Mahe        | HFC           | TV & Internet         |        5394 |        2450 |           2450 |            4973 |
| Mahe        | HFC           | TV & Internet & OTT   |        1216 |         331 |            331 |             676 |
| Mahe        | HFC           | TV & Internet & Voice |         333 |         100 |            100 |             303 |
| Mahe        | HFC           | TV & OTT              |         237 |          36 |             36 |              50 |
| Mahe        | HFC           | TV & Voice            |          58 |          27 |             27 |              55 |
| Mahe        | HFC           | TV Only               |        7907 |        6230 |           6230 |            6375 |
| Mahe        | HFC           | Voice Only            |         147 |         146 |            146 |             147 |
| Mahe        | HFC           | Services Total        |       18906 |       12617 |          12617 |           16097 |
| Mahe        | Network Total | Services Total        |       25279 |       15853 |          15777 |           21027 |
| Praslin     | ADDON         | TV Only               |           4 |           4 |              4 |               4 |
| Praslin     | ADDON         | Services Total        |           4 |           4 |              4 |               4 |
| Praslin     | GPON          | All                   |          17 |           3 |              3 |               9 |
| Praslin     | GPON          | Internet & Voice      |          14 |           7 |              7 |              14 |
| Praslin     | GPON          | Internet Only         |         238 |         238 |            238 |             238 |
| Praslin     | GPON          | TV & Internet         |         861 |         381 |            381 |             790 |
| Praslin     | GPON          | TV & Internet & OTT   |         407 |         116 |            116 |             244 |
| Praslin     | GPON          | TV & Internet & Voice |          13 |           4 |              4 |              13 |
| Praslin     | GPON          | TV & OTT              |          17 |           6 |              6 |               6 |
| Praslin     | GPON          | TV & Voice            |           3 |           1 |              1 |               3 |
| Praslin     | GPON          | TV Only               |         384 |         281 |            281 |             293 |
| Praslin     | GPON          | Voice Only            |           1 |           1 |              1 |               1 |
| Praslin     | GPON          | Services Total        |        1955 |        1038 |           1038 |            1611 |
| Praslin     | HFC           | Internet Only         |           1 |           1 |              1 |               1 |
| Praslin     | HFC           | TV Only               |           5 |           3 |              3 |               3 |
| Praslin     | HFC           | Services Total        |           6 |           4 |              4 |               4 |
| Praslin     | Network Total | Services Total        |        1965 |        1046 |           1043 |            1619 |
| GRAND TOTAL | Network Total | Services Total        |       27244 |       16899 |          16817 |           22646 |
+-------------+---------------+-----------------------+-------------+-------------+----------------+-----------------+
46 rows in set (0.00 sec)

Query OK, 0 rows affected (0.01 sec)

Query OK, 26476 rows affected (0.53 sec)
Records: 26476  Duplicates: 0  Warnings: 0

Query OK, 0 rows affected (0.00 sec)

Query OK, 1983 rows affected (16.61 sec)
Records: 1983  Duplicates: 0  Warnings: 0

+--------------------------------------+
| message                              |
+--------------------------------------+
| running rcbill_my.sp_ActiveNumber2() |
+--------------------------------------+
1 row in set (0.00 sec)

Query OK, 365 rows affected (3 min 27.00 sec)

mysql> mysql \. C:\workspace\cloud\code\sql\_DailyScript\currenttime.sql
+---------------------+
| currenttime         |
+---------------------+
| 2020-03-03 09:57:55 |
+---------------------+
1 row in set (0.00 sec)

mysql> 
mysql> mysql \. C:\workspace\cloud\code\sql\_DailyScript\GetActiveNumbers Average -Pivot.sql
Database changed
+-------------------------------------+
| @today := subdate(current_date(),1) |
+-------------------------------------+
| 2020-03-02                          |
+-------------------------------------+
1 row in set (0.00 sec)

+-------------------------------------+
| @lastdayofmonth := last_day(@today) |
+-------------------------------------+
| 2020-03-31                          |
+-------------------------------------+
1 row in set (0.00 sec)

Query OK, 0 rows affected (0.03 sec)

Query OK, 37284 rows affected, 65535 warnings (55.20 sec)
Records: 37284  Duplicates: 0  Warnings: 75919

Query OK, 0 rows affected (0.09 sec)
Records: 0  Duplicates: 0  Warnings: 0

Query OK, 0 rows affected (0.11 sec)
Records: 0  Duplicates: 0  Warnings: 0

Query OK, 0 rows affected (0.09 sec)
Records: 0  Duplicates: 0  Warnings: 0

+-----------------+
| activenumberavg |
+-----------------+
|           37284 |
+-----------------+
1 row in set (0.01 sec)

Query OK, 0 rows affected (0.01 sec)

Query OK, 1836 rows affected (0.43 sec)
Records: 1836  Duplicates: 0  Warnings: 0

+---------------------+
| rep_activenumberavg |
+---------------------+
|                1836 |
+---------------------+
1 row in set (0.00 sec)

+----------------------+
| rep_activenumberavg1 |
+----------------------+
|                  865 |
+----------------------+
1 row in set (0.00 sec)

Query OK, 0 rows affected (0.00 sec)

Query OK, 1922 rows affected (0.37 sec)
Records: 1922  Duplicates: 0  Warnings: 0

Query OK, 0 rows affected (0.02 sec)

Query OK, 9785 rows affected (0.63 sec)
Records: 9785  Duplicates: 0  Warnings: 0

Query OK, 0 rows affected (0.00 sec)

Query OK, 0 rows affected (0.00 sec)

Query OK, 0 rows affected (0.01 sec)

Query OK, 0 rows affected (0.00 sec)

Query OK, 0 rows affected (0.00 sec)
Statement prepared

Query OK, 53 rows affected (0.04 sec)
Records: 53  Duplicates: 0  Warnings: 0

Query OK, 0 rows affected (0.00 sec)

Query OK, 0 rows affected (0.00 sec)

+----------------------+
| rep_activenumberavg2 |
+----------------------+
|                 1922 |
+----------------------+
1 row in set (0.00 sec)

+------------------------+
| rep_activenumberavg_pv |
+------------------------+
|                     53 |
+------------------------+
1 row in set (0.00 sec)

Query OK, 0 rows affected (0.00 sec)

Query OK, 1922 rows affected (0.30 sec)
Records: 1922  Duplicates: 0  Warnings: 0

Query OK, 0 rows affected (0.00 sec)

Query OK, 0 rows affected (0.00 sec)

Query OK, 0 rows affected (0.01 sec)

Query OK, 0 rows affected (0.00 sec)

Query OK, 0 rows affected (0.00 sec)
Statement prepared

Query OK, 53 rows affected (0.04 sec)
Records: 53  Duplicates: 0  Warnings: 0

Query OK, 0 rows affected (0.00 sec)

Query OK, 0 rows affected (0.00 sec)

+-------------------------+
| rep_activenumberavgMahe |
+-------------------------+
|                    1922 |
+-------------------------+
1 row in set (0.00 sec)

+----------------------------+
| rep_activenumberavgMahe_pv |
+----------------------------+
|                         53 |
+----------------------------+
1 row in set (0.00 sec)

Query OK, 0 rows affected (0.00 sec)

Query OK, 1230 rows affected (0.14 sec)
Records: 1230  Duplicates: 0  Warnings: 0

Query OK, 0 rows affected (0.00 sec)

Query OK, 0 rows affected (0.00 sec)

Query OK, 0 rows affected (0.00 sec)

Query OK, 0 rows affected (0.00 sec)

Query OK, 0 rows affected (0.00 sec)
Statement prepared

Query OK, 40 rows affected (0.03 sec)
Records: 40  Duplicates: 0  Warnings: 0

Query OK, 0 rows affected (0.00 sec)

Query OK, 0 rows affected (0.00 sec)

+----------------------------+
| rep_activenumberavgPraslin |
+----------------------------+
|                       1230 |
+----------------------------+
1 row in set (0.00 sec)

+-------------------------------+
| rep_activenumberavgPraslin_pv |
+-------------------------------+
|                            40 |
+-------------------------------+
1 row in set (0.00 sec)

mysql> mysql \. C:\workspace\cloud\code\sql\_DailyScript\currenttime.sql
+---------------------+
| currenttime         |
+---------------------+
| 2020-03-03 09:58:53 |
+---------------------+
1 row in set (0.00 sec)

mysql> 
mysql> mysql \. C:\workspace\cloud\code\sql\_DailyScript\budget_actual_analysis_2020.sql
Query OK, 0 rows affected (0.00 sec)

Query OK, 634 rows affected, 3 warnings (0.12 sec)
Records: 634  Duplicates: 0  Warnings: 3

+--------------------+
| budget_actual_2020 |
+--------------------+
|                634 |
+--------------------+
1 row in set (0.00 sec)

Query OK, 0 rows affected (0.06 sec)

Query OK, 47 rows affected (0.03 sec)
Records: 47  Duplicates: 0  Warnings: 0

+---------------------------+
| rep_budget_actual_2020_pv |
+---------------------------+
|                        47 |
+---------------------------+
1 row in set (0.00 sec)

mysql> mysql \. C:\workspace\cloud\code\sql\_DailyScript\currenttime.sql
+---------------------+
| currenttime         |
+---------------------+
| 2020-03-03 09:58:53 |
+---------------------+
1 row in set (0.00 sec)

mysql> 
mysql> mysql \. C:\workspace\cloud\code\sql\_DailyScript\reports-sales-addons-prepaid-camera.sql
Database changed
Query OK, 0 rows affected (0.01 sec)

Query OK, 4002 rows affected (0.34 sec)
Records: 4002  Duplicates: 0  Warnings: 0

Query OK, 0 rows affected (0.01 sec)

Query OK, 18517 rows affected (1 min 14.06 sec)
Records: 18517  Duplicates: 0  Warnings: 0

+--------------------+
| rep_prepaid_camera |
+--------------------+
|               4002 |
+--------------------+
1 row in set (0.01 sec)

+-----------+
| rep_addon |
+-----------+
|     18517 |
+-----------+
1 row in set (0.01 sec)

mysql> mysql \. C:\workspace\cloud\code\sql\_DailyScript\currenttime.sql
+---------------------+
| currenttime         |
+---------------------+
| 2020-03-03 10:00:08 |
+---------------------+
1 row in set (0.00 sec)

mysql> 
mysql> mysql \. C:\workspace\cloud\code\sql\_DailyScript\housing-estate-analysis.sql
Database changed
Query OK, 0 rows affected (0.01 sec)

Query OK, 3080 rows affected (3 min 18.09 sec)
Records: 3080  Duplicates: 0  Warnings: 0

+--------------------+
| rep_housingestates |
+--------------------+
|               3080 |
+--------------------+
1 row in set (0.00 sec)

mysql> mysql \. C:\workspace\cloud\code\sql\_DailyScript\currenttime.sql
+---------------------+
| currenttime         |
+---------------------+
| 2020-03-03 10:03:26 |
+---------------------+
1 row in set (0.00 sec)

mysql> 
mysql> mysql \. C:\workspace\cloud\code\sql\_DailyScript\RCB_ClientAnalyticsReport_Script.sql
Database changed
Query OK, 0 rows affected (0.00 sec)

Query OK, 0 rows affected (0.08 sec)

Query OK, 1838196 rows affected (1 min 22.56 sec)
Records: 1838196  Duplicates: 0  Warnings: 0

Query OK, 0 rows affected (7.55 sec)
Records: 0  Duplicates: 0  Warnings: 0

Query OK, 0 rows affected (4.64 sec)
Records: 0  Duplicates: 0  Warnings: 0

Query OK, 0 rows affected (8.41 sec)
Records: 0  Duplicates: 0  Warnings: 0

Query OK, 0 rows affected (9.66 sec)
Records: 0  Duplicates: 0  Warnings: 0

Query OK, 0 rows affected (9.88 sec)
Records: 0  Duplicates: 0  Warnings: 0

Query OK, 0 rows affected (8.12 sec)
Records: 0  Duplicates: 0  Warnings: 0

Query OK, 0 rows affected (0.00 sec)

Query OK, 469859 rows affected (15.78 sec)
Rows matched: 1838196  Changed: 469859  Warnings: 0

Query OK, 0 rows affected (0.01 sec)

Query OK, 27380 rows affected (4.51 sec)
Records: 27380  Duplicates: 0  Warnings: 0

Query OK, 0 rows affected (0.01 sec)

Query OK, 43269 rows affected (10 min 21.90 sec)
Records: 43269  Duplicates: 0  Warnings: 0

Query OK, 0 rows affected (0.17 sec)
Records: 0  Duplicates: 0  Warnings: 0

Query OK, 0 rows affected (0.16 sec)
Records: 0  Duplicates: 0  Warnings: 0

Query OK, 0 rows affected (0.10 sec)
Records: 0  Duplicates: 0  Warnings: 0

Query OK, 0 rows affected (0.02 sec)

Query OK, 440239 rows affected (12 min 47.46 sec)
Records: 440239  Duplicates: 0  Warnings: 0

Query OK, 0 rows affected (1.60 sec)
Records: 0  Duplicates: 0  Warnings: 0

Query OK, 0 rows affected (1.57 sec)
Records: 0  Duplicates: 0  Warnings: 0

Query OK, 0 rows affected (0.84 sec)
Records: 0  Duplicates: 0  Warnings: 0

Query OK, 0 rows affected (2.21 sec)
Records: 0  Duplicates: 0  Warnings: 0

Query OK, 0 rows affected (1.12 sec)
Records: 0  Duplicates: 0  Warnings: 0

Query OK, 0 rows affected (0.01 sec)

Query OK, 43269 rows affected (1 min 25.80 sec)
Records: 43269  Duplicates: 0  Warnings: 0

+--------------+
| clientreport |
+--------------+
|        43269 |
+--------------+
1 row in set (0.02 sec)

Query OK, 0 rows affected (0.01 sec)

Query OK, 43269 rows affected (6.68 sec)
Records: 43269  Duplicates: 0  Warnings: 0

+----------------------+
| clientextendedreport |
+----------------------+
|                43269 |
+----------------------+
1 row in set (0.01 sec)

Query OK, 0 rows affected (0.03 sec)

Query OK, 43269 rows affected (45.72 sec)
Records: 43269  Duplicates: 0  Warnings: 0

+---------+
| allcust |
+---------+
|   43269 |
+---------+
1 row in set (0.01 sec)

Query OK, 0 rows affected, 1 warning (0.00 sec)

Query OK, 5000 rows affected (0.13 sec)
Records: 5000  Duplicates: 0  Warnings: 0

Query OK, 0 rows affected (0.01 sec)

Query OK, 6885 rows affected (0.31 sec)
Records: 6885  Duplicates: 0  Warnings: 0

Query OK, 0 rows affected, 1 warning (0.00 sec)

Query OK, 5000 rows affected (0.13 sec)
Records: 5000  Duplicates: 0  Warnings: 0

Query OK, 0 rows affected (0.01 sec)

Query OK, 7319 rows affected (0.17 sec)
Records: 7319  Duplicates: 0  Warnings: 0

mysql> mysql \. C:\workspace\cloud\code\sql\_DailyScript\currenttime.sql
+---------------------+
| currenttime         |
+---------------------+
| 2020-03-03 10:31:33 |
+---------------------+
1 row in set (0.00 sec)

mysql> 
mysql> 
mysql> mysql \. C:\workspace\cloud\code\sql\_DailyScript\REVENUE_PER_NODE_MXK.sql
Query OK, 0 rows affected (0.00 sec)

Query OK, 0 rows affected (0.01 sec)

Query OK, 0 rows affected (0.01 sec)

Query OK, 5686 rows affected (2.15 sec)
Records: 5686  Duplicates: 0  Warnings: 0

+----------------------+
| message              |
+----------------------+
| created temp table a |
+----------------------+
1 row in set (0.00 sec)

Query OK, 5843 rows affected (2.90 sec)
Records: 5843  Duplicates: 0  Warnings: 0

+----------------------+
| message              |
+----------------------+
| created temp table b |
+----------------------+
1 row in set (0.00 sec)

Query OK, 0 rows affected, 1 warning (0.00 sec)

Query OK, 5975 rows affected (10.89 sec)
Records: 5975  Duplicates: 0  Warnings: 0

+--------------------------------+
| message                        |
+--------------------------------+
| created rcbill_my.tempcustmxk1 |
+--------------------------------+
1 row in set (0.00 sec)

Query OK, 0 rows affected (0.00 sec)

Query OK, 0 rows affected (0.00 sec)

Query OK, 0 rows affected, 1 warning (0.00 sec)

Query OK, 5686 rows affected (1.25 sec)
Records: 5686  Duplicates: 0  Warnings: 0

+----------------+
| message        |
+----------------+
| created temp a |
+----------------+
1 row in set (0.00 sec)

Query OK, 5843 rows affected (0.58 sec)
Records: 5843  Duplicates: 0  Warnings: 0

+----------------+
| message        |
+----------------+
| created temp b |
+----------------+
1 row in set (0.00 sec)

Query OK, 0 rows affected, 1 warning (0.00 sec)

Query OK, 5934 rows affected (7.32 sec)
Records: 5934  Duplicates: 0  Warnings: 0

+--------------------------------+
| message                        |
+--------------------------------+
| created rcbill_my.tempcustmxk2 |
+--------------------------------+
1 row in set (0.00 sec)

Query OK, 0 rows affected (0.00 sec)

Query OK, 0 rows affected (0.00 sec)

Query OK, 0 rows affected, 1 warning (0.00 sec)

Query OK, 0 rows affected (0.01 sec)

Query OK, 6707 rows affected (0.30 sec)
Records: 6707  Duplicates: 0  Warnings: 0

+---------------------------------+
| message                         |
+---------------------------------+
| created rcbill_my.customers_mxk |
+---------------------------------+
1 row in set (0.00 sec)

Query OK, 0 rows affected (0.00 sec)

Query OK, 0 rows affected (0.00 sec)

Query OK, 13947 rows affected (5.56 sec)
Records: 13947  Duplicates: 0  Warnings: 0

+----------------+
| message        |
+----------------+
| created temp a |
+----------------+
1 row in set (0.00 sec)

Query OK, 19661 rows affected (4.14 sec)
Records: 19661  Duplicates: 0  Warnings: 0

+----------------+
| message        |
+----------------+
| created temp c |
+----------------+
1 row in set (0.00 sec)

Query OK, 0 rows affected, 1 warning (0.00 sec)

Query OK, 27220 rows affected (0.30 sec)
Records: 27220  Duplicates: 0  Warnings: 0

+---------------------------------+
| message                         |
+---------------------------------+
| created rcbill_my.tempcustcmts1 |
+---------------------------------+
1 row in set (0.00 sec)

Query OK, 0 rows affected (0.00 sec)

Query OK, 0 rows affected, 1 warning (0.00 sec)

Query OK, 0 rows affected (0.01 sec)

Query OK, 13947 rows affected (5.63 sec)
Records: 13947  Duplicates: 0  Warnings: 0

+----------------+
| message        |
+----------------+
| created temp a |
+----------------+
1 row in set (0.00 sec)

Query OK, 19661 rows affected (1.21 sec)
Records: 19661  Duplicates: 0  Warnings: 0

+----------------+
| message        |
+----------------+
| created temp c |
+----------------+
1 row in set (0.00 sec)

Query OK, 0 rows affected, 1 warning (0.00 sec)

Query OK, 20484 rows affected (0.25 sec)
Records: 20484  Duplicates: 0  Warnings: 0

+---------------------------------+
| message                         |
+---------------------------------+
| created rcbill_my.tempcustcmts2 |
+---------------------------------+
1 row in set (0.00 sec)

Query OK, 0 rows affected (0.01 sec)

Query OK, 0 rows affected, 1 warning (0.00 sec)

Query OK, 0 rows affected (0.01 sec)

Query OK, 0 rows affected (0.01 sec)

Query OK, 14091 rows affected (0.94 sec)
Records: 14091  Duplicates: 0  Warnings: 0

+----------------------------------+
| message                          |
+----------------------------------+
| created rcbill_my.customers_cmts |
+----------------------------------+
1 row in set (0.00 sec)

Query OK, 0 rows affected (0.00 sec)

Query OK, 0 rows affected (0.00 sec)

Query OK, 0 rows affected (0.17 sec)

Query OK, 17873 rows affected (0.89 sec)
Records: 17873  Duplicates: 0  Warnings: 0

+--------------------------------------+
| message                              |
+--------------------------------------+
| created rcbill_my.customers_cmts_mxk |
+--------------------------------------+
1 row in set (0.00 sec)

Query OK, 465802 rows affected (1 min 6.87 sec)
Records: 465802  Duplicates: 0  Warnings: 0

+----------------+
| message        |
+----------------+
| created temp a |
+----------------+
1 row in set (0.00 sec)

Query OK, 0 rows affected (0.01 sec)

Query OK, 466502 rows affected (12.50 sec)
Records: 466502  Duplicates: 0  Warnings: 0

+------------------------------------------------+
| message                                        |
+------------------------------------------------+
| created rcbill_my.customers_contracts_cmts_mxk |
+------------------------------------------------+
1 row in set (0.00 sec)

Query OK, 0 rows affected (0.01 sec)

Query OK, 0 rows affected, 1 warning (0.00 sec)

Query OK, 0 rows affected, 1 warning (0.00 sec)

Query OK, 0 rows affected (0.00 sec)

Query OK, 7873 rows affected (2.83 sec)
Rows matched: 7873  Changed: 7873  Warnings: 0

+------------------------------------------------+
| message                                        |
+------------------------------------------------+
| updated rcbill_my.customers_contracts_cmts_mxk |
+------------------------------------------------+
1 row in set (0.00 sec)

Query OK, 0 rows affected (0.32 sec)

Query OK, 1820871 rows affected (4 min 16.55 sec)
Records: 1820871  Duplicates: 0  Warnings: 0

+----------------------------------------+
| message                                |
+----------------------------------------+
| created rcbill_my.customers_collection |
+----------------------------------------+
1 row in set (0.00 sec)

Query OK, 0 rows affected (0.04 sec)

Query OK, 2099212 rows affected (1 min 47.67 sec)
Records: 2099212  Duplicates: 0  Warnings: 0

+------------------------------------------------+
| message                                        |
+------------------------------------------------+
| created rcbill_my.customers_cmts_mxk_cont_coll |
+------------------------------------------------+
1 row in set (0.00 sec)

Query OK, 0 rows affected (0.02 sec)

Query OK, 426826 rows affected (2 min 28.75 sec)
Records: 426826  Duplicates: 0  Warnings: 0

+--------------------------------------------------------+
| message                                                |
+--------------------------------------------------------+
| created rcbill_my.customers_contracts_collection_pivot |
+--------------------------------------------------------+
1 row in set (0.04 sec)

Query OK, 0 rows affected (0.01 sec)

Query OK, 39337 rows affected (2 min 29.68 sec)
Records: 39337  Duplicates: 0  Warnings: 0

+----------------------------------------------+
| message                                      |
+----------------------------------------------+
| created rcbill_my.customers_collection_pivot |
+----------------------------------------------+
1 row in set (0.00 sec)

Query OK, 0 rows affected (0.01 sec)

Query OK, 43269 rows affected (3.32 sec)
Records: 43269  Duplicates: 0  Warnings: 0

+--------------------------------------------+
| message                                    |
+--------------------------------------------+
| created rcbill_my.rep_customers_collection |
+--------------------------------------------+
1 row in set (0.00 sec)

Query OK, 0 rows affected (0.00 sec)

Query OK, 0 rows affected (0.01 sec)

Query OK, 434018 rows affected (20.04 sec)
Records: 434018  Duplicates: 0  Warnings: 0

+-------------------------+
| message                 |
+-------------------------+
| created rcbill_my.tempa |
+-------------------------+
1 row in set (0.00 sec)

Query OK, 0 rows affected, 1 warning (0.00 sec)

Query OK, 426826 rows affected (31.85 sec)
Records: 426826  Duplicates: 0  Warnings: 0

+-------------------------+
| message                 |
+-------------------------+
| created rcbill_my.tempb |
+-------------------------+
1 row in set (0.00 sec)

Query OK, 434018 rows affected (30.85 sec)
Records: 434018  Duplicates: 0  Warnings: 0

+-----------+
| message   |
+-----------+
| created a |
+-----------+
1 row in set (0.00 sec)

Query OK, 426840 rows affected (26.86 sec)
Records: 426840  Duplicates: 0  Warnings: 0

+-----------+
| message   |
+-----------+
| created b |
+-----------+
1 row in set (0.00 sec)

Query OK, 0 rows affected (0.01 sec)

Query OK, 0 rows affected (0.02 sec)

Query OK, 0 rows affected (0.02 sec)

Query OK, 470357 rows affected (54.90 sec)
Records: 470357  Duplicates: 0  Warnings: 0

+----------------------------------------------+
| message                                      |
+----------------------------------------------+
| created rcbill_my.cust_cont_payment_cmts_mxk |
+----------------------------------------------+
1 row in set (0.00 sec)

Query OK, 0 rows affected (0.01 sec)

Query OK, 0 rows affected (0.01 sec)

Query OK, 0 rows affected, 1 warning (0.00 sec)

Query OK, 0 rows affected (0.02 sec)

Query OK, 43269 rows affected (18.63 sec)
Records: 43269  Duplicates: 0  Warnings: 0

+--------------------------------------------------+
| message                                          |
+--------------------------------------------------+
| created rcbill_my.rep_cust_cont_payment_cmts_mxk |
+--------------------------------------------------+
1 row in set (0.00 sec)

Query OK, 0 rows affected, 1 warning (0.00 sec)

Query OK, 0 rows affected, 1 warning (0.00 sec)

Query OK, 0 rows affected (0.01 sec)

Query OK, 43269 rows affected, 5 warnings (9.43 sec)
Records: 43269  Duplicates: 0  Warnings: 5

+----------------------+
| rep_custconsolidated |
+----------------------+
|                43269 |
+----------------------+
1 row in set (0.72 sec)

Query OK, 0 rows affected (0.00 sec)

Query OK, 0 rows affected (0.01 sec)

+----------------------------------------------+
| message                                      |
+----------------------------------------------+
| creating rcbill_my.retentioncustomeractivity |
+----------------------------------------------+
1 row in set (0.00 sec)

Query OK, 836 rows affected (0.11 sec)
Records: 836  Duplicates: 0  Warnings: 0

+---------------------------+
| retentioncustomeractivity |
+---------------------------+
|                       836 |
+---------------------------+
1 row in set (0.00 sec)

+-----------+------------------------------------+------------+-------------+-----------------+------------------+---------------------+-------------------+
| HFC_NODE  | NODENAME                           | CMTS_DATE  | INSERTED_ON | UNIQUE_ACCOUNTS | UNIQUE_CONTRACTS | UNIQUE_MAC_INRCBOSS | UNIQUE_MAC_INCMTS |
+-----------+------------------------------------+------------+-------------+-----------------+------------------+---------------------+-------------------+
| NULL      | NULL                               | NULL       | 2020-03-03  |            6602 |             6945 |                6984 |                 0 |
| C5/0/0/U0 | ANSE-BOILEAU-2                     | 2020-01-06 | 2020-03-03  |             170 |              177 |                 170 |               171 |
| C5/0/0/U1 | 500-C3-ANSE-BOILEAU                | 2020-01-06 | 2020-03-03  |             174 |              176 |                 174 |               179 |
| C5/0/1/U0 | 501-C4-LA-MISIERE-LEFT-I           | 2020-01-06 | 2020-03-03  |             148 |              155 |                 148 |               150 |
| C5/0/1/U1 | 501-C5-LA-MISIERE-RIGHT            | 2020-01-06 | 2020-03-03  |              96 |               99 |                  96 |               100 |
| C5/0/1/U2 | 501-C7-LA-MISIERE-LEFT-II          | 2020-01-06 | 2020-03-03  |             145 |              152 |                 146 |               147 |
| C5/0/2/U0 | 502-C8-LA-LOUISE                   | 2020-01-06 | 2020-03-03  |             138 |              142 |                 138 |               143 |
| C5/0/2/U1 | LA-LOUISE-2                        | 2020-01-06 | 2020-03-03  |             129 |              129 |                 129 |               132 |
| C5/0/3/U0 | 504-C6-PETIT-PARIS                 | 2020-01-06 | 2020-03-03  |             157 |              161 |                 157 |               159 |
| C5/0/3/U1 | PETIT-PARIS-23                     | 2020-01-06 | 2020-03-03  |              75 |               78 |                  75 |                77 |
| C5/0/4/U0 | FOUR-SEASONS                       | 2020-01-06 | 2020-03-03  |               3 |                4 |                   4 |                 4 |
| C5/0/4/U1 | ANCHOR-CAFE-I                      | 2020-01-06 | 2020-03-03  |             143 |              146 |                 143 |               149 |
| C5/0/4/U2 | ANCHOR-CAFE-II                     | 2020-01-06 | 2020-03-03  |             141 |              145 |                 142 |               144 |
| C5/1/0/U0 | POINTE-LARUE-AIRPORT-23            | 2020-01-06 | 2020-03-03  |              49 |               52 |                  50 |                56 |
| C5/1/0/U1 | PPROVIDENCE-23                     | 2020-01-06 | 2020-03-03  |              21 |               24 |                  22 |                22 |
| C5/1/0/U2 | ROSHE-CAIMAN-23                    | 2020-01-06 | 2020-03-03  |               8 |                8 |                   8 |                 8 |
| C5/1/0/U3 | HEAD-OFFICE | HO-23                | 2020-01-06 | 2020-03-03  |              20 |               20 |                  20 |                20 |
| C5/1/1/U1 | C5-UNION-VALE                      | 2020-01-06 | 2020-03-03  |             183 |              188 |                 183 |               186 |
| C5/1/3/U0 | POINTE-LARUE-AIRPORT-27            | 2020-01-06 | 2020-03-03  |             171 |              176 |                 171 |               173 |
| C5/1/3/U1 | PPROVIDENCE-27                     | 2020-01-06 | 2020-03-03  |              27 |               27 |                  27 |                27 |
| C5/1/3/U2 | ROSHE-CAIMAN-27                    | 2020-01-06 | 2020-03-03  |              33 |               34 |                  32 |                32 |
| C5/1/3/U3 | HEAD-OFFICE | HO-27                | 2020-01-06 | 2020-03-03  |              18 |               19 |                  18 |                18 |
| C5/1/4/U0 | ANSE-ROYALE-27                     | 2020-01-06 | 2020-03-03  |              85 |               88 |                  85 |                87 |
| C5/1/4/U1 | GLACIS-2-57                        | 2020-01-06 | 2020-03-03  |              92 |               95 |                  92 |                95 |
| C5/1/4/U2 | NULL                               | 2020-01-06 | 2020-03-03  |              91 |               92 |                  91 |                93 |
| C5/1/4/U3 | GLACIS-1                           | 2020-01-06 | 2020-03-03  |              47 |               51 |                  47 |                48 |
| C6/0/1/U0 | SERRET-ROAD-RIGHT/CURIO/PASCAL     | 2020-01-06 | 2020-03-03  |             122 |              124 |                 122 |               122 |
| C6/0/1/U1 | SERRET-ROAD-LEFT/ST.LOUIS/TOWN     | 2020-01-06 | 2020-03-03  |             131 |              136 |                 131 |               134 |
| C6/0/1/U2 | SERRET-ROAD-RIGHT/CURIO/PASCAL-2   | 2020-01-06 | 2020-03-03  |             112 |              113 |                 112 |               113 |
| C6/0/1/U3 | SERRET-ROAD-LEFT/ST.LOUIS/TOWN-2   | 2020-01-06 | 2020-03-03  |             127 |              130 |                 127 |               128 |
| C6/0/2/U0 | SANS-SOUCIS-I                      | 2020-01-06 | 2020-03-03  |              84 |               87 |                  84 |                87 |
| C6/0/2/U1 | SANS-SOUCIS-II                     | 2020-01-06 | 2020-03-03  |             131 |              136 |                 131 |               136 |
| C6/0/2/U2 | BEL-AIR-27                         | 2020-01-06 | 2020-03-03  |              96 |               98 |                  96 |               101 |
| C6/0/2/U3 | BEL-AIR-38                         | 2020-01-06 | 2020-03-03  |              99 |              104 |                  99 |               101 |
| C6/0/3/U0 | LES-MAMELLES-23                    | 2020-01-06 | 2020-03-03  |              50 |               50 |                  50 |                51 |
| C6/0/3/U1 | VICTORIA-23                        | 2020-01-06 | 2020-03-03  |              12 |               12 |                  12 |                13 |
| C6/0/4/U0 | LES-MAMELLES-27                    | 2020-01-06 | 2020-03-03  |              86 |               86 |                  86 |                87 |
| C6/0/4/U1 | VICTORIA-27                        | 2020-01-06 | 2020-03-03  |              33 |               35 |                  34 |                37 |
| C7/1/0/U0 | LA-RETRAITE-23                     | 2020-01-06 | 2020-03-03  |             110 |              113 |                 111 |               114 |
| C7/1/0/U1 | TEA-FACTORY-23                     | 2020-01-06 | 2020-03-03  |              26 |               33 |                  28 |                28 |
| C7/1/0/U2 | PAS-23                             | 2020-01-06 | 2020-03-03  |             127 |              130 |                 128 |               128 |
| C7/1/1/U0 | REEF-ESTATE-23                     | 2020-01-06 | 2020-03-03  |              74 |               76 |                  74 |                78 |
| C7/1/1/U1 | BEL-OMBRE-NEW-23                   | 2020-01-06 | 2020-03-03  |               1 |                1 |                   1 |                 2 |
| C7/1/2/U0 | LA-RETRAITE-27                     | 2020-01-06 | 2020-03-03  |              80 |               84 |                  80 |                81 |
| C7/1/2/U1 | TEA-FACTORY-27                     | 2020-01-06 | 2020-03-03  |              22 |               25 |                  23 |                24 |
| C7/1/2/U2 | PAS-27                             | 2020-01-06 | 2020-03-03  |              72 |               75 |                  72 |                74 |
| C7/1/3/U0 | MT-BUXTON-27                       | 2020-01-06 | 2020-03-03  |             154 |              156 |                 154 |               156 |
| C7/1/3/U1 | MT-BUXTON-23                       | 2020-01-06 | 2020-03-03  |              71 |               73 |                  71 |                71 |
| C7/1/4/U0 | REEF-ESTATE-27                     | 2020-01-06 | 2020-03-03  |              79 |               79 |                  79 |                79 |
| C7/1/4/U1 | BEL-OMBRE-NEW-27                   | 2020-01-06 | 2020-03-03  |               4 |                4 |                   4 |                 4 |
| C8/0/0/U0 | POLICE-ACADEMY-1-27 - POINTE LARUE | 2020-01-06 | 2020-03-03  |             180 |              180 |                 180 |               182 |
| C8/0/0/U1 | NULL                               | 2020-01-06 | 2020-03-03  |             113 |              118 |                 114 |               116 |
| C8/0/1/U0 | NULL                               | 2020-01-06 | 2020-03-03  |             181 |              184 |                 180 |               182 |
| C8/0/1/U1 | POLICE-ACADEMY-2-27 - TURTLE BAY   | 2020-01-06 | 2020-03-03  |             141 |              143 |                 142 |               145 |
| C8/0/2/U0 | BEAU-VALLON-LEFT-1-57              | 2020-01-06 | 2020-03-03  |              58 |               60 |                  59 |                62 |
| C8/0/3/U1 | BEAU-VALLON-RIGHT-2-57             | 2020-01-06 | 2020-03-03  |             145 |              151 |                 145 |               150 |
| C8/1/0/U0 | MA-JOIE-NODE-27                    | 2020-01-06 | 2020-03-03  |             109 |              113 |                 108 |               110 |
| C8/1/0/U1 | BELONIE-27                         | 2020-01-06 | 2020-03-03  |             146 |              149 |                 145 |               150 |
| C8/1/0/U3 | MA-JOIE-NODE-23                    | 2020-01-06 | 2020-03-03  |             105 |              105 |                 105 |               107 |
| C8/1/1/U0 | 611-C1-ROJN I                      | 2020-01-06 | 2020-03-03  |             113 |              114 |                 113 |               115 |
| C8/1/1/U1 | 611-C5-ROJN II                     | 2020-01-06 | 2020-03-03  |             120 |              121 |                 120 |               124 |
| C8/1/2/U0 | 612-C2-ANSE-ETOILE                 | 2020-01-06 | 2020-03-03  |             158 |              162 |                 158 |               161 |
| C8/1/2/U1 | ANSE-ETOILE-U2                     | 2020-01-06 | 2020-03-03  |              69 |               70 |                  69 |                69 |
| C8/1/3/U0 | 613-C3-ANSE-GAULETTE I             | 2020-01-06 | 2020-03-03  |              64 |               71 |                  64 |                66 |
| C8/1/3/U1 | 613-C7-ANSE-GAULETTE II            | 2020-01-06 | 2020-03-03  |              72 |               75 |                  72 |                72 |
| C8/1/3/U2 | 613-C3-ANSE-GAULETTE III           | 2020-01-06 | 2020-03-03  |              31 |               33 |                  31 |                31 |
| C8/1/3/U3 | TAKAMAKA I                         | 2020-01-06 | 2020-03-03  |             103 |              106 |                 103 |               105 |
| C8/1/3/U4 | TAKAMAKA II                        | 2020-01-06 | 2020-03-03  |              95 |               96 |                  95 |                96 |
| C8/1/4/U0 | 614-BEOLIERE-NODE-1                | 2020-01-06 | 2020-03-03  |             105 |              107 |                 105 |               112 |
| C8/1/4/U1 | 614-BEOLIERE-NODE-2                | 2020-01-06 | 2020-03-03  |              97 |               99 |                  97 |               102 |
+-----------+------------------------------------+------------+-------------+-----------------+------------------+---------------------+-------------------+
70 rows in set (0.20 sec)

+------------------+------------+-------------+-----------------+------------------+----------------------+-------------------+
| MXK_NAME         | MXK_DATE   | INSERTED_ON | UNIQUE_ACCOUNTS | UNIQUE_CONTRACTS | UNIQUE_FSAN_INRCBOSS | UNIQUE_FSAN_INMXK |
+------------------+------------+-------------+-----------------+------------------+----------------------+-------------------+
| NULL             | NULL       | 2020-03-03  |             756 |              769 |                  758 |                 0 |
| MXK-ANSEETOILE   | 2020-01-06 | 2020-03-03  |             210 |              213 |                  213 |               228 |
| MXK-ANSEROYALE   | 2020-01-06 | 2020-03-03  |             147 |              147 |                  147 |               166 |
| MXK-BEAUVALLON   | 2020-01-06 | 2020-03-03  |            1436 |             1456 |                 1448 |              1537 |
| MXK-MAHE         | 2020-01-06 | 2020-03-03  |             922 |              949 |                  883 |              1124 |
| MXK-PERSEVERANCE | 2020-01-06 | 2020-03-03  |            1001 |             1008 |                 1007 |              1159 |
| MXK-PRASLIN      | 2020-01-06 | 2020-03-03  |            1208 |             1212 |                 1204 |              1357 |
+------------------+------------+-------------+-----------------+------------------+----------------------+-------------------+
7 rows in set (0.09 sec)

mysql> mysql \. C:\workspace\cloud\code\sql\_DailyScript\currenttime.sql
+---------------------+
| currenttime         |
+---------------------+
| 2020-03-03 10:48:01 |
+---------------------+
1 row in set (0.00 sec)

mysql> 
mysql> 
mysql> mysql \. C:\workspace\cloud\code\sql\Analysis\service_tickets_assignments.sql
Query OK, 0 rows affected (0.01 sec)

Query OK, 19452 rows affected (6.98 sec)
Records: 19452  Duplicates: 0  Warnings: 0

+-------------------------+
| rep_servicetickets_2020 |
+-------------------------+
|                   19452 |
+-------------------------+
1 row in set (0.02 sec)

mysql> mysql \. C:\workspace\cloud\code\sql\_DailyScript\currenttime.sql
+---------------------+
| currenttime         |
+---------------------+
| 2020-03-03 10:48:08 |
+---------------------+
1 row in set (0.00 sec)

mysql> 
mysql> 
mysql> exit
