    -> 
    -> mysql \. C:\workspace\cloud\code\sql\_DailyScript\_setdates.sql
Database changed
Query OK, 0 rows affected (0.00 sec)

Query OK, 0 rows affected (0.00 sec)

Query OK, 0 rows affected (0.00 sec)

Query OK, 0 rows affected (0.00 sec)

Query OK, 0 rows affected (0.00 sec)

Query OK, 0 rows affected (0.00 sec)

Query OK, 0 rows affected (0.00 sec)

Query OK, 0 rows affected (0.00 sec)

mysql> mysql \. C:\workspace\cloud\code\sql\_DailyScript\currenttime.sql
+---------------------+
| currenttime         |
+---------------------+
| 2019-02-09 16:09:13 |
+---------------------+
1 row in set (0.00 sec)

mysql> 
mysql> mysql \. C:\workspace\cloud\code\sql\_DailyScript\load_RCB_VODTITLES.sql
Database changed
Query OK, 0 rows affected (0.00 sec)

Query OK, 2596 rows affected (0.07 sec)

Query OK, 2598 rows affected, 2598 warnings (0.07 sec)
Records: 2598  Deleted: 0  Skipped: 0  Warnings: 2598

Query OK, 0 rows affected (0.00 sec)

Query OK, 2 rows affected (0.01 sec)

+-----------+
| VODTITLES |
+-----------+
|      3057 |
+-----------+
1 row in set (0.00 sec)

+-----------+-----------+
| titletype | typecount |
+-----------+-----------+
| E         |      1728 |
| N         |         1 |
| T         |       867 |
| NULL      |      2596 |
+-----------+-----------+
4 rows in set (0.00 sec)

mysql> mysql \. C:\workspace\cloud\code\sql\_DailyScript\currenttime.sql
+---------------------+
| currenttime         |
+---------------------+
| 2019-02-09 16:09:13 |
+---------------------+
1 row in set (0.00 sec)

mysql> 
mysql> mysql \. C:\workspace\cloud\code\sql\_DailyScript\DAILY-SCRIPT-LIVETV-STATS.sql
Database changed
Query OK, 0 rows affected (0.18 sec)

Query OK, 55294 rows affected (2 min 16.42 sec)
Records: 55294  Duplicates: 0  Warnings: 0

+------------+------------+----------+--------------+--------------+-----------+-------------+----------+--------+------+------------+---------+---------------+
| Table      | Non_unique | Key_name | Seq_in_index | Column_name  | Collation | Cardinality | Sub_part | Packed | Null | Index_type | Comment | Index_comment |
+------------+------------+----------+--------------+--------------+-----------+-------------+----------+--------+------+------------+---------+---------------+
| templivetv |          1 | idxtv1   |            1 | device       | A         |       55124 |     NULL | NULL   | YES  | BTREE      |         |               |
| templivetv |          1 | idxtv2   |            1 | sessionstart | A         |       55124 |     NULL | NULL   | YES  | BTREE      |         |               |
+------------+------------+----------+--------------+--------------+-----------+-------------+----------+--------+------+------------+---------+---------------+
2 rows in set (0.01 sec)

Query OK, 55162 rows affected (39.56 sec)
Records: 55162  Duplicates: 0  Warnings: 0

Query OK, 2752 rows affected (0.58 sec)
Records: 2752  Duplicates: 0  Warnings: 0

Query OK, 0 rows affected (0.00 sec)

Query OK, 0 rows affected (0.00 sec)

Query OK, 141 rows affected (0.07 sec)
Records: 141  Duplicates: 0  Warnings: 0

Query OK, 0 rows affected (0.02 sec)

Query OK, 57056 rows affected (2 min 50.73 sec)
Records: 57056  Duplicates: 0  Warnings: 0

+-----------------+
| rep_livetvstats |
+-----------------+
|           57056 |
+-----------------+
1 row in set (0.02 sec)

mysql> mysql \. C:\workspace\cloud\code\sql\_DailyScript\currenttime.sql
+---------------------+
| currenttime         |
+---------------------+
| 2019-02-09 16:15:01 |
+---------------------+
1 row in set (0.00 sec)

mysql> 
mysql> mysql \. C:\workspace\cloud\code\sql\_DailyScript\DAILY-SCRIPT-VODTS-STATS.sql
Database changed
Query OK, 0 rows affected (0.02 sec)

Query OK, 1503 rows affected (5.30 sec)
Records: 1503  Duplicates: 0  Warnings: 0

+---------+------------+----------+--------------+--------------+-----------+-------------+----------+--------+------+------------+---------+---------------+
| Table   | Non_unique | Key_name | Seq_in_index | Column_name  | Collation | Cardinality | Sub_part | Packed | Null | Index_type | Comment | Index_comment |
+---------+------------+----------+--------------+--------------+-----------+-------------+----------+--------+------+------------+---------+---------------+
| tempvod |          1 | idxtvod1 |            1 | device       | A         |        1546 |     NULL | NULL   | YES  | BTREE      |         |               |
| tempvod |          1 | idxtvod2 |            1 | sessionstart | A         |        1546 |     NULL | NULL   | YES  | BTREE      |         |               |
+---------+------------+----------+--------------+--------------+-----------+-------------+----------+--------+------+------------+---------+---------------+
2 rows in set (0.00 sec)

Query OK, 1502 rows affected (0.94 sec)
Records: 1502  Duplicates: 0  Warnings: 0

Query OK, 0 rows affected (0.02 sec)

Query OK, 138725 rows affected (15.22 sec)
Records: 138725  Duplicates: 0  Warnings: 0

+--------------+
| rep_vodstats |
+--------------+
|       138725 |
+--------------+
1 row in set (0.06 sec)

Database changed
Query OK, 0 rows affected (0.02 sec)

Query OK, 12114 rows affected (53.40 sec)
Records: 12114  Duplicates: 0  Warnings: 0

+--------+------------+----------+--------------+--------------+-----------+-------------+----------+--------+------+------------+---------+---------------+
| Table  | Non_unique | Key_name | Seq_in_index | Column_name  | Collation | Cardinality | Sub_part | Packed | Null | Index_type | Comment | Index_comment |
+--------+------------+----------+--------------+--------------+-----------+-------------+----------+--------+------+------------+---------+---------------+
| tempts |          1 | idxtts1  |            1 | device       | A         |       11467 |     NULL | NULL   | YES  | BTREE      |         |               |
| tempts |          1 | idxtts2  |            1 | sessionstart | A         |       11467 |     NULL | NULL   | YES  | BTREE      |         |               |
+--------+------------+----------+--------------+--------------+-----------+-------------+----------+--------+------+------------+---------+---------------+
2 rows in set (0.00 sec)

Query OK, 12102 rows affected (10.97 sec)
Records: 12102  Duplicates: 0  Warnings: 0

Query OK, 0 rows affected (0.01 sec)

Query OK, 15853 rows affected (40.37 sec)
Records: 15853  Duplicates: 0  Warnings: 0

+-------------+
| rep_tsstats |
+-------------+
|       15853 |
+-------------+
1 row in set (0.01 sec)

mysql> mysql \. C:\workspace\cloud\code\sql\_DailyScript\currenttime.sql
+---------------------+
| currenttime         |
+---------------------+
| 2019-02-09 16:17:07 |
+---------------------+
1 row in set (0.00 sec)

mysql> 
mysql> mysql \. C:\workspace\cloud\code\sql\_DailyScript\DAILY-SCRIPT-RADIO-STATS.sql
Database changed
Query OK, 0 rows affected (0.02 sec)

Query OK, 121250 rows affected (2.37 sec)
Records: 121250  Duplicates: 0  Warnings: 0

+-----------+------------+----------+--------------+--------------+-----------+-------------+----------+--------+------+------------+---------+---------------+
| Table     | Non_unique | Key_name | Seq_in_index | Column_name  | Collation | Cardinality | Sub_part | Packed | Null | Index_type | Comment | Index_comment |
+-----------+------------+----------+--------------+--------------+-----------+-------------+----------+--------+------+------------+---------+---------------+
| tempradio |          1 | idxtrad1 |            1 | device       | A         |      121696 |     NULL | NULL   | YES  | BTREE      |         |               |
| tempradio |          1 | idxtrad2 |            1 | sessionstart | A         |      121696 |     NULL | NULL   | YES  | BTREE      |         |               |
+-----------+------------+----------+--------------+--------------+-----------+-------------+----------+--------+------+------------+---------+---------------+
2 rows in set (0.00 sec)

Query OK, 184 rows affected (0.73 sec)
Records: 184  Duplicates: 0  Warnings: 0

Query OK, 0 rows affected (0.02 sec)

Query OK, 2192 rows affected (0.21 sec)
Records: 2192  Duplicates: 0  Warnings: 0

+----------------+
| rep_radiostats |
+----------------+
|           2192 |
+----------------+
1 row in set (0.01 sec)

mysql> mysql \. C:\workspace\cloud\code\sql\_DailyScript\currenttime.sql
+---------------------+
| currenttime         |
+---------------------+
| 2019-02-09 16:17:11 |
+---------------------+
1 row in set (0.00 sec)

mysql> 
mysql> mysql \. C:\workspace\cloud\code\sql\_DailyScript\DAILY_SCRIPT_TELEMETRY_PIVOT.sql
Query OK, 0 rows affected (0.00 sec)

Query OK, 146 rows affected (0.13 sec)
Records: 146  Duplicates: 0  Warnings: 0

Query OK, 0 rows affected (0.01 sec)

Query OK, 2032 rows affected (0.38 sec)
Records: 2032  Duplicates: 0  Warnings: 0

Query OK, 0 rows affected (0.01 sec)

Query OK, 6 rows affected (0.01 sec)
Records: 6  Duplicates: 0  Warnings: 0

Query OK, 0 rows affected (0.02 sec)

Query OK, 37 rows affected (0.05 sec)
Records: 37  Duplicates: 0  Warnings: 0

mysql> mysql \. C:\workspace\cloud\code\sql\_DailyScript\currenttime.sql
+---------------------+
| currenttime         |
+---------------------+
| 2019-02-09 16:17:11 |
+---------------------+
1 row in set (0.01 sec)

mysql> 
mysql> mysql \. C:\workspace\cloud\code\sql\_DailyScript\telemetry_livetv_ranking2019.sql
Query OK, 0 rows affected (0.00 sec)

Query OK, 146 rows affected (0.02 sec)
Records: 146  Duplicates: 0  Warnings: 0

mysql> mysql \. C:\workspace\cloud\code\sql\_DailyScript\currenttime.sql
+---------------------+
| currenttime         |
+---------------------+
| 2019-02-09 16:17:12 |
+---------------------+
1 row in set (0.00 sec)

mysql> 
mysql> mysql \. C:\workspace\cloud\code\sql\_DailyScript\telemetry_radio_ranking2019.sql
Query OK, 0 rows affected (0.00 sec)

Query OK, 6 rows affected (0.01 sec)
Records: 6  Duplicates: 0  Warnings: 0

mysql> mysql \. C:\workspace\cloud\code\sql\_DailyScript\currenttime.sql
+---------------------+
| currenttime         |
+---------------------+
| 2019-02-09 16:17:12 |
+---------------------+
1 row in set (0.00 sec)

mysql> 
mysql> mysql \. C:\workspace\cloud\code\sql\_DailyScript\telemetry_ts_ranking2019.sql
Query OK, 0 rows affected (0.01 sec)

Query OK, 37 rows affected (0.10 sec)
Records: 37  Duplicates: 0  Warnings: 0

mysql> mysql \. C:\workspace\cloud\code\sql\_DailyScript\currenttime.sql
+---------------------+
| currenttime         |
+---------------------+
| 2019-02-09 16:17:12 |
+---------------------+
1 row in set (0.00 sec)

mysql> 
mysql> mysql \. C:\workspace\cloud\code\sql\_DailyScript\telemetry_vod_ranking2019.sql
Query OK, 0 rows affected (0.01 sec)

Query OK, 2032 rows affected (0.13 sec)
Records: 2032  Duplicates: 0  Warnings: 0

mysql> mysql \. C:\workspace\cloud\code\sql\_DailyScript\currenttime.sql
+---------------------+
| currenttime         |
+---------------------+
| 2019-02-09 16:17:12 |
+---------------------+
1 row in set (0.00 sec)

mysql> 
mysql> mysql \. C:\workspace\cloud\code\sql\_DailyScript\telemetry_vod_ranking2019_1.sql
Query OK, 0 rows affected (0.00 sec)

Query OK, 2032 rows affected (0.05 sec)
Records: 2032  Duplicates: 0  Warnings: 0

mysql> mysql \. C:\workspace\cloud\code\sql\_DailyScript\currenttime.sql
+---------------------+
| currenttime         |
+---------------------+
| 2019-02-09 16:17:12 |
+---------------------+
1 row in set (0.00 sec)

mysql> 
mysql> mysql \. C:\workspace\cloud\code\sql\_DailyScript\telemetry_vod_ranking2019_2.sql
Query OK, 0 rows affected (0.02 sec)

Query OK, 2032 rows affected (0.05 sec)
Records: 2032  Duplicates: 0  Warnings: 0

mysql> mysql \. C:\workspace\cloud\code\sql\_DailyScript\currenttime.sql
+---------------------+
| currenttime         |
+---------------------+
| 2019-02-09 16:17:12 |
+---------------------+
1 row in set (0.00 sec)

mysql> 
mysql> mysql \. C:\workspace\cloud\code\sql\_DailyScript\DAILY-SCRIPT-CREATE-LOAD.sql
Database changed
Database changed
Query OK, 0 rows affected (0.03 sec)

Query OK, 0 rows affected (0.01 sec)

Database changed
Query OK, 64883 rows affected (2.80 sec)
Records: 64883  Deleted: 0  Skipped: 0  Warnings: 0

Query OK, 0 rows affected (0.23 sec)
Records: 0  Duplicates: 0  Warnings: 0

Query OK, 0 rows affected (0.32 sec)
Records: 0  Duplicates: 0  Warnings: 0

Query OK, 0 rows affected (0.36 sec)
Records: 0  Duplicates: 0  Warnings: 0

Query OK, 0 rows affected (0.28 sec)
Records: 0  Duplicates: 0  Warnings: 0

+---------+
| clients |
+---------+
|   64883 |
+---------+
1 row in set (0.03 sec)

Query OK, 0 rows affected (0.00 sec)

Query OK, 1577 rows affected (0.42 sec)
Records: 1577  Duplicates: 0  Warnings: 0

+-------------------+
| rcb_clientparcels |
+-------------------+
|              1577 |
+-------------------+
1 row in set (0.00 sec)

Query OK, 0 rows affected (0.01 sec)

Query OK, 83919 rows affected (4.34 sec)
Records: 83919  Duplicates: 0  Warnings: 0

Query OK, 0 rows affected (0.33 sec)
Records: 0  Duplicates: 0  Warnings: 0

Query OK, 0 rows affected (0.05 sec)

Query OK, 64883 rows affected (3.07 sec)
Records: 64883  Duplicates: 0  Warnings: 0

Query OK, 0 rows affected (0.27 sec)
Records: 0  Duplicates: 0  Warnings: 0

Query OK, 0 rows affected (0.27 sec)
Records: 0  Duplicates: 0  Warnings: 0

Query OK, 0 rows affected (0.21 sec)
Records: 0  Duplicates: 0  Warnings: 0

+---------------+
| clientaddress |
+---------------+
|         64883 |
+---------------+
1 row in set (0.02 sec)

Database changed
Query OK, 0 rows affected (0.03 sec)

Query OK, 0 rows affected (0.01 sec)

Database changed
Query OK, 464996 rows affected, 65535 warnings (18.13 sec)
Records: 464996  Deleted: 0  Skipped: 0  Warnings: 178207

Query OK, 0 rows affected (1.41 sec)
Records: 0  Duplicates: 0  Warnings: 0

Query OK, 0 rows affected (2.76 sec)
Records: 0  Duplicates: 0  Warnings: 0

Query OK, 0 rows affected (1.56 sec)
Records: 0  Duplicates: 0  Warnings: 0

Query OK, 0 rows affected (0.01 sec)

Query OK, 464996 rows affected (57.48 sec)
Records: 464996  Duplicates: 0  Warnings: 0

Query OK, 0 rows affected (2.66 sec)
Records: 0  Duplicates: 0  Warnings: 0

Query OK, 0 rows affected (1.80 sec)
Records: 0  Duplicates: 0  Warnings: 0

+-----------+
| contracts |
+-----------+
|    464996 |
+-----------+
1 row in set (0.18 sec)

+-----------------+
| contractaddress |
+-----------------+
|          464996 |
+-----------------+
1 row in set (0.17 sec)

Database changed
Query OK, 0 rows affected (0.01 sec)

Query OK, 0 rows affected (0.01 sec)

Query OK, 6445 rows affected (0.16 sec)
Records: 6445  Deleted: 0  Skipped: 0  Warnings: 0

Query OK, 0 rows affected (0.01 sec)

Query OK, 6415 rows affected (0.40 sec)
Records: 6415  Duplicates: 0  Warnings: 0

Query OK, 0 rows affected (0.04 sec)
Records: 0  Duplicates: 0  Warnings: 0

Query OK, 0 rows affected (0.01 sec)

Query OK, 5292 rows affected (0.05 sec)
Records: 5292  Duplicates: 0  Warnings: 0

Query OK, 0 rows affected (0.04 sec)
Records: 0  Duplicates: 0  Warnings: 0

+-------------------+
| contractdiscounts |
+-------------------+
|              6445 |
+-------------------+
1 row in set (0.00 sec)

+-------------------------+
| clientcontractdiscounts |
+-------------------------+
|                    6415 |
+-------------------------+
1 row in set (0.00 sec)

+----------------------------+
| clientcontractlastdiscount |
+----------------------------+
|                       5292 |
+----------------------------+
1 row in set (0.00 sec)

Database changed
Query OK, 0 rows affected (0.02 sec)

Query OK, 0 rows affected (0.00 sec)

Database changed
Query OK, 126482 rows affected (2.70 sec)
Records: 126482  Deleted: 0  Skipped: 0  Warnings: 0

Query OK, 0 rows affected (0.30 sec)
Records: 0  Duplicates: 0  Warnings: 0

Query OK, 0 rows affected (0.34 sec)
Records: 0  Duplicates: 0  Warnings: 0

Query OK, 0 rows affected (0.32 sec)
Records: 0  Duplicates: 0  Warnings: 0

Query OK, 0 rows affected (0.32 sec)
Records: 0  Duplicates: 0  Warnings: 0

Query OK, 0 rows affected (0.44 sec)
Records: 0  Duplicates: 0  Warnings: 0

Query OK, 0 rows affected (0.63 sec)
Records: 0  Duplicates: 0  Warnings: 0

Query OK, 0 rows affected (0.03 sec)

Query OK, 1587056 rows affected (2 min 35.78 sec)
Records: 1587056  Duplicates: 0  Warnings: 0

+---------+
| devices |
+---------+
|  126482 |
+---------+
1 row in set (0.05 sec)

+-----------------------+
| clientcontractdevices |
+-----------------------+
|               1587056 |
+-----------------------+
1 row in set (0.67 sec)

Query OK, 0 rows affected (0.03 sec)

Query OK, 126374 rows affected (6.31 sec)
Records: 126374  Duplicates: 0  Warnings: 0

+---------------------------+
| rep_clientcontractdevices |
+---------------------------+
|                    126374 |
+---------------------------+
1 row in set (0.05 sec)

Database changed
Query OK, 0 rows affected (0.02 sec)

Query OK, 0 rows affected (0.00 sec)

Query OK, 234634 rows affected (7.36 sec)
Records: 234634  Deleted: 0  Skipped: 0  Warnings: 0

Query OK, 0 rows affected (1.02 sec)
Records: 0  Duplicates: 0  Warnings: 0

Query OK, 0 rows affected (0.69 sec)
Records: 0  Duplicates: 0  Warnings: 0

Query OK, 0 rows affected (0.65 sec)
Records: 0  Duplicates: 0  Warnings: 0

Query OK, 0 rows affected (0.69 sec)
Records: 0  Duplicates: 0  Warnings: 0

+---------+
| tickets |
+---------+
|  234634 |
+---------+
1 row in set (0.08 sec)

Database changed
Query OK, 0 rows affected (0.02 sec)

Query OK, 0 rows affected (0.00 sec)

Empty set (0.00 sec)

Query OK, 0 rows affected (0.02 sec)
Records: 0  Duplicates: 0  Warnings: 0

Query OK, 305 rows affected, 2 warnings (0.05 sec)
Records: 305  Deleted: 0  Skipped: 0  Warnings: 2

+-----------------+
| tickettechusers |
+-----------------+
|             305 |
+-----------------+
1 row in set (0.00 sec)

Database changed
Query OK, 0 rows affected (0.00 sec)

Query OK, 0 rows affected (0.01 sec)

Query OK, 0 rows affected (0.01 sec)
Records: 0  Duplicates: 0  Warnings: 0

Query OK, 479253 rows affected, 40988 warnings (9.22 sec)
Records: 479253  Deleted: 0  Skipped: 0  Warnings: 40988

+-------------------+
| ticketassignments |
+-------------------+
|            479253 |
+-------------------+
1 row in set (0.19 sec)

Database changed
Query OK, 0 rows affected (0.11 sec)

Query OK, 0 rows affected (0.00 sec)

Query OK, 1008847 rows affected (14.24 sec)
Records: 1008847  Deleted: 0  Skipped: 0  Warnings: 0

Query OK, 0 rows affected (3.10 sec)
Records: 0  Duplicates: 0  Warnings: 0

Query OK, 0 rows affected (2.88 sec)
Records: 0  Duplicates: 0  Warnings: 0

Query OK, 0 rows affected (2.58 sec)
Records: 0  Duplicates: 0  Warnings: 0

Query OK, 0 rows affected (2.98 sec)
Records: 0  Duplicates: 0  Warnings: 0

+----------------+
| ticketcomments |
+----------------+
|        1008847 |
+----------------+
1 row in set (0.37 sec)

Database changed
Query OK, 0 rows affected (0.01 sec)

Query OK, 0 rows affected (0.01 sec)

Query OK, 391722 rows affected (43.08 sec)
Records: 391722  Deleted: 0  Skipped: 0  Warnings: 0

Query OK, 0 rows affected (2.56 sec)
Records: 0  Duplicates: 0  Warnings: 0

+----------+
| comments |
+----------+
|   391722 |
+----------+
1 row in set (0.15 sec)

Database changed
Query OK, 0 rows affected (0.03 sec)

Query OK, 0 rows affected (0.00 sec)

Query OK, 641827 rows affected, 65535 warnings (58.03 sec)
Records: 641827  Deleted: 0  Skipped: 0  Warnings: 641828

Query OK, 0 rows affected (1.97 sec)
Records: 0  Duplicates: 0  Warnings: 0

Query OK, 0 rows affected (1.80 sec)
Records: 0  Duplicates: 0  Warnings: 0

Query OK, 0 rows affected (1.74 sec)
Records: 0  Duplicates: 0  Warnings: 0

Query OK, 0 rows affected (2.22 sec)
Records: 0  Duplicates: 0  Warnings: 0

Query OK, 0 rows affected (2.82 sec)
Records: 0  Duplicates: 0  Warnings: 0

+------------+
| devicesold |
+------------+
|     641827 |
+------------+
1 row in set (0.25 sec)

Database changed
Query OK, 0 rows affected (0.02 sec)

Query OK, 0 rows affected (0.01 sec)

Query OK, 1580627 rows affected (26.12 sec)
Records: 1580627  Deleted: 0  Skipped: 0  Warnings: 0

Query OK, 0 rows affected (4.51 sec)
Records: 0  Duplicates: 0  Warnings: 0

Query OK, 0 rows affected (4.82 sec)
Records: 0  Duplicates: 0  Warnings: 0

Query OK, 0 rows affected (4.83 sec)
Records: 0  Duplicates: 0  Warnings: 0

+------------------+
| contractservices |
+------------------+
|          1580627 |
+------------------+
1 row in set (0.59 sec)

Database changed
Query OK, 0 rows affected (0.05 sec)

Query OK, 0 rows affected (0.00 sec)

Query OK, 3475466 rows affected (1 min 53.56 sec)
Records: 3475466  Deleted: 0  Skipped: 0  Warnings: 0

Query OK, 0 rows affected (13.15 sec)
Records: 0  Duplicates: 0  Warnings: 0

Query OK, 0 rows affected (14.94 sec)
Records: 0  Duplicates: 0  Warnings: 0

Query OK, 0 rows affected (13.48 sec)
Records: 0  Duplicates: 0  Warnings: 0

Query OK, 0 rows affected (13.06 sec)
Records: 0  Duplicates: 0  Warnings: 0

+------------------+
| invoicescontents |
+------------------+
|          3475466 |
+------------------+
1 row in set (1.30 sec)

Database changed
Query OK, 0 rows affected (0.19 sec)

Query OK, 0 rows affected (0.01 sec)

Query OK, 2380297 rows affected (2 min 54.14 sec)
Records: 2380297  Deleted: 0  Skipped: 0  Warnings: 0

Query OK, 0 rows affected (12.50 sec)
Records: 0  Duplicates: 0  Warnings: 0

Query OK, 0 rows affected (13.04 sec)
Records: 0  Duplicates: 0  Warnings: 0

Query OK, 0 rows affected (10.80 sec)
Records: 0  Duplicates: 0  Warnings: 0

Query OK, 0 rows affected (11.42 sec)
Records: 0  Duplicates: 0  Warnings: 0

Query OK, 0 rows affected (11.76 sec)
Records: 0  Duplicates: 0  Warnings: 0

+----------------+
| invoicesheader |
+----------------+
|        2380297 |
+----------------+
1 row in set (0.86 sec)

Database changed
Query OK, 0 rows affected (0.03 sec)

Query OK, 0 rows affected (0.00 sec)

Query OK, 2528414 rows affected (1 min 18.84 sec)
Records: 2528414  Deleted: 0  Skipped: 0  Warnings: 0

Query OK, 0 rows affected (8.86 sec)
Records: 0  Duplicates: 0  Warnings: 0

Query OK, 0 rows affected (8.94 sec)
Records: 0  Duplicates: 0  Warnings: 0

Query OK, 0 rows affected (8.52 sec)
Records: 0  Duplicates: 0  Warnings: 0

Query OK, 0 rows affected (8.08 sec)
Records: 0  Duplicates: 0  Warnings: 0

+---------+
| casa    |
+---------+
| 2528414 |
+---------+
1 row in set (0.90 sec)

Query OK, 0 rows affected (0.01 sec)

Query OK, 11751 rows affected (1 min 15.75 sec)
Records: 11751  Duplicates: 0  Warnings: 0

+--------------------+
| rep_paycol_channel |
+--------------------+
|              11751 |
+--------------------+
1 row in set (0.02 sec)

Query OK, 0 rows affected (0.01 sec)

Query OK, 7872 rows affected (1 min 31.99 sec)
Records: 7872  Duplicates: 0  Warnings: 0

+----------------+
| rep_paycol_pos |
+----------------+
|           7872 |
+----------------+
1 row in set (0.00 sec)

Database changed
Query OK, 0 rows affected (0.00 sec)

Query OK, 0 rows affected (0.00 sec)

Database changed
Query OK, 37601 rows affected (1.07 sec)
Records: 37601  Deleted: 0  Skipped: 0  Warnings: 0

+-------+
| users |
+-------+
| 37601 |
+-------+
1 row in set (0.02 sec)

Database changed
Query OK, 0 rows affected (0.05 sec)

Query OK, 0 rows affected (0.02 sec)

Database changed
Query OK, 6517448 rows affected (1 min 20.76 sec)
Records: 6517448  Deleted: 0  Skipped: 0  Warnings: 0

Query OK, 0 rows affected (23.95 sec)
Records: 0  Duplicates: 0  Warnings: 0

Query OK, 0 rows affected (23.05 sec)
Records: 0  Duplicates: 0  Warnings: 0

Query OK, 0 rows affected (23.04 sec)
Records: 0  Duplicates: 0  Warnings: 0

Query OK, 0 rows affected (21.00 sec)
Records: 0  Duplicates: 0  Warnings: 0

+----------+
| ipusage1 |
+----------+
|  6517448 |
+----------+
1 row in set (2.44 sec)

Query OK, 0 rows affected (0.20 sec)

Query OK, 6562846 rows affected, 65535 warnings (8 min 34.01 sec)
Records: 6562846  Duplicates: 0  Warnings: 6553618

Query OK, 0 rows affected (22.77 sec)
Records: 0  Duplicates: 0  Warnings: 0

Query OK, 0 rows affected (22.81 sec)
Records: 0  Duplicates: 0  Warnings: 0

Query OK, 0 rows affected (21.99 sec)
Records: 0  Duplicates: 0  Warnings: 0

Query OK, 0 rows affected (24.57 sec)
Records: 0  Duplicates: 0  Warnings: 0

Query OK, 0 rows affected (31.22 sec)
Records: 0  Duplicates: 0  Warnings: 0

Query OK, 0 rows affected (36.75 sec)
Records: 0  Duplicates: 0  Warnings: 0

Query OK, 0 rows affected (33.62 sec)
Records: 0  Duplicates: 0  Warnings: 0

+---------+
| ipusage |
+---------+
| 6562846 |
+---------+
1 row in set (2.76 sec)

Query OK, 0 rows affected (0.13 sec)

Query OK, 2628095 rows affected (2 min 4.91 sec)
Records: 2628095  Duplicates: 0  Warnings: 0

Query OK, 0 rows affected (12.94 sec)
Records: 0  Duplicates: 0  Warnings: 0

Query OK, 0 rows affected (7.85 sec)
Records: 0  Duplicates: 0  Warnings: 0

Query OK, 0 rows affected (10.93 sec)
Records: 0  Duplicates: 0  Warnings: 0

Query OK, 0 rows affected (14.60 sec)
Records: 0  Duplicates: 0  Warnings: 0

Query OK, 0 rows affected (0.03 sec)

Query OK, 242222 rows affected (21.84 sec)
Records: 242222  Duplicates: 0  Warnings: 0

Query OK, 0 rows affected (0.97 sec)
Records: 0  Duplicates: 0  Warnings: 0

Query OK, 0 rows affected (0.95 sec)
Records: 0  Duplicates: 0  Warnings: 0

Query OK, 0 rows affected (1.12 sec)
Records: 0  Duplicates: 0  Warnings: 0

Query OK, 0 rows affected (0.69 sec)
Records: 0  Duplicates: 0  Warnings: 0

Query OK, 0 rows affected (0.58 sec)
Records: 0  Duplicates: 0  Warnings: 0

mysql> mysql \. C:\workspace\cloud\code\sql\_DailyScript\currenttime.sql
+---------------------+
| currenttime         |
+---------------------+
| 2019-02-09 16:54:32 |
+---------------------+
1 row in set (0.00 sec)

mysql> 
mysql> mysql \. C:\workspace\cloud\code\sql\_DailyScript\ticket_analysis.sql
Database changed
Query OK, 0 rows affected (0.03 sec)

Query OK, 369836 rows affected (20.09 sec)
Records: 369836  Duplicates: 0  Warnings: 0

Query OK, 0 rows affected (2.08 sec)
Records: 0  Duplicates: 0  Warnings: 0

Query OK, 0 rows affected (1.26 sec)
Records: 0  Duplicates: 0  Warnings: 0

Query OK, 0 rows affected (1.18 sec)
Records: 0  Duplicates: 0  Warnings: 0

Query OK, 0 rows affected (0.04 sec)

Query OK, 14182 rows affected (8.82 sec)
Records: 14182  Duplicates: 0  Warnings: 0

Query OK, 0 rows affected, 1 warning (0.00 sec)

Query OK, 50720 rows affected (5.12 sec)
Records: 50720  Duplicates: 0  Warnings: 0

Query OK, 0 rows affected, 1 warning (0.00 sec)

Query OK, 262254 rows affected (9.39 sec)
Records: 262254  Duplicates: 0  Warnings: 0

Query OK, 0 rows affected, 1 warning (0.01 sec)

Query OK, 262254 rows affected (9.41 sec)
Records: 262254  Duplicates: 0  Warnings: 0

Query OK, 0 rows affected (0.01 sec)

Query OK, 50758 rows affected (3.02 sec)
Records: 50758  Duplicates: 0  Warnings: 0

Database changed
Query OK, 0 rows affected (0.01 sec)

Query OK, 0 rows affected (0.01 sec)

Query OK, 369836 rows affected (17.83 sec)
Records: 369836  Duplicates: 0  Warnings: 0

Query OK, 0 rows affected (0.01 sec)

Query OK, 171806 rows affected (10.50 sec)
Records: 171806  Duplicates: 0  Warnings: 0

+--------------------------+
| clientticket_cmmtjourney |
+--------------------------+
|                   369836 |
+--------------------------+
1 row in set (0.51 sec)

+---------------------------+
| clientticket_assgnjourney |
+---------------------------+
|                    171806 |
+---------------------------+
1 row in set (0.23 sec)

Query OK, 0 rows affected (0.02 sec)

Query OK, 59 rows affected (0.09 sec)
Records: 59  Duplicates: 0  Warnings: 0

mysql> mysql \. C:\workspace\cloud\code\sql\_DailyScript\currenttime.sql
+---------------------+
| currenttime         |
+---------------------+
| 2019-02-09 16:56:02 |
+---------------------+
1 row in set (0.00 sec)

mysql> 
mysql> mysql \. C:\workspace\cloud\code\sql\_DailyScript\load_DailyCalls.sql
Database changed
Query OK, 470 rows affected (0.41 sec)
Records: 470  Deleted: 0  Skipped: 0  Warnings: 0

Query OK, 0 rows affected, 1 warning (0.00 sec)

Query OK, 463 rows affected (0.04 sec)
Records: 463  Duplicates: 0  Warnings: 0

Query OK, 0 rows affected, 1 warning (0.00 sec)

Query OK, 66204 rows affected (0.50 sec)
Records: 66204  Duplicates: 0  Warnings: 0

+----------------------+
| callingclientsbefore |
+----------------------+
|               618249 |
+----------------------+
1 row in set (1.96 sec)

Query OK, 609 rows affected (12.54 sec)
Records: 609  Duplicates: 0  Warnings: 0

+---------------------+
| callingclientsafter |
+---------------------+
|              618858 |
+---------------------+
1 row in set (0.26 sec)

Query OK, 0 rows affected (0.01 sec)

Query OK, 326 rows affected (2.94 sec)
Records: 326  Duplicates: 0  Warnings: 0

Query OK, 0 rows affected (0.01 sec)

Query OK, 12775 rows affected (2.17 sec)
Records: 12775  Duplicates: 0  Warnings: 0

+-----------+
| callstats |
+-----------+
|     12775 |
+-----------+
1 row in set (0.01 sec)

mysql> mysql \. C:\workspace\cloud\code\sql\_DailyScript\currenttime.sql
+---------------------+
| currenttime         |
+---------------------+
| 2019-02-09 16:56:23 |
+---------------------+
1 row in set (0.00 sec)

mysql> 
mysql> mysql \. C:\workspace\cloud\code\sql\_DailyScript\DAILY-SCRIPT-USAGE.sql
Database changed
Query OK, 0 rows affected (0.00 sec)

Query OK, 5991 rows affected, 17351 warnings (6.75 sec)
Records: 5991  Deleted: 0  Skipped: 0  Warnings: 17351

Query OK, 0 rows affected (0.00 sec)

Query OK, 10975 rows affected, 31782 warnings (2.35 sec)
Records: 10975  Deleted: 0  Skipped: 0  Warnings: 31782

Query OK, 0 rows affected (0.00 sec)

Query OK, 78 rows affected, 261 warnings (0.06 sec)
Records: 78  Deleted: 0  Skipped: 0  Warnings: 261

Query OK, 0 rows affected (0.00 sec)

Query OK, 387 rows affected, 1321 warnings (0.10 sec)
Records: 387  Deleted: 0  Skipped: 0  Warnings: 1321

+------------+
| dailyusage |
+------------+
|    4110933 |
+------------+
1 row in set (2.48 sec)

+------------+------------+------------+---------+
| datestart  | dateend    | insertedon | records |
+------------+------------+------------+---------+
| 2019-02-08 | 2019-02-08 | 2019-02-09 |   17431 |
| 2019-02-07 | 2019-02-07 | 2019-02-08 |   17567 |
| 2019-02-06 | 2019-02-06 | 2019-02-07 |   17674 |
| 2019-02-05 | 2019-02-05 | 2019-02-06 |   17593 |
| 2019-02-04 | 2019-02-04 | 2019-02-05 |   17494 |
+------------+------------+------------+---------+
5 rows in set (23.33 sec)

mysql> mysql \. C:\workspace\cloud\code\sql\_DailyScript\currenttime.sql
+---------------------+
| currenttime         |
+---------------------+
| 2019-02-09 16:56:58 |
+---------------------+
1 row in set (0.01 sec)

mysql> 
mysql> mysql \. C:\workspace\cloud\code\sql\_DailyScript\DAILY-SCRIPT-SALES-TELEMETRY.sql
Database changed
Query OK, 138 rows affected, 73 warnings (0.11 sec)
Records: 138  Deleted: 0  Skipped: 0  Warnings: 73

+------------+
| dailysales |
+------------+
|     141451 |
+------------+
1 row in set (0.31 sec)

Query OK, 0 rows affected (0.01 sec)

Query OK, 141451 rows affected (10.86 sec)
Records: 141451  Duplicates: 0  Warnings: 0

+--------+
| sales  |
+--------+
| 141451 |
+--------+
1 row in set (0.08 sec)

Query OK, 0 rows affected (0.01 sec)

Query OK, 2292 rows affected (0.71 sec)
Records: 2292  Duplicates: 0  Warnings: 0

+-----------+
| saleslist |
+-----------+
|      2292 |
+-----------+
1 row in set (0.01 sec)

Database changed
Query OK, 9 rows affected (0.02 sec)
Records: 9  Deleted: 0  Skipped: 0  Warnings: 0

+------------------+
| dailysinglesales |
+------------------+
|             5431 |
+------------------+
1 row in set (0.02 sec)

Database changed
Query OK, 7 rows affected (0.03 sec)
Records: 7  Deleted: 0  Skipped: 0  Warnings: 0

+-----------------+
| dailyaddonsales |
+-----------------+
|           14770 |
+-----------------+
1 row in set (0.04 sec)

Query OK, 81 rows affected (0.13 sec)
Records: 81  Deleted: 0  Skipped: 0  Warnings: 0

+----------------+
| onlinepayments |
+----------------+
|          43520 |
+----------------+
1 row in set (0.07 sec)

+-------------+----------------+---------------------+
| paymentdate | onlinepayments | onlinepaymentamount |
+-------------+----------------+---------------------+
| 2019-02-08  |             81 |         46049.07000 |
| 2019-02-07  |             71 |         48152.56000 |
| 2019-02-06  |             75 |         54637.16000 |
| 2019-02-05  |             67 |         52037.30000 |
| 2019-02-04  |             98 |         57125.49000 |
+-------------+----------------+---------------------+
5 rows in set (0.23 sec)

+-------------+--------------+----------------+---------------------+
| paymentyear | paymentmonth | onlinepayments | onlinepaymentamount |
+-------------+--------------+----------------+---------------------+
|        2019 |            2 |            720 |        488193.09000 |
|        2019 |            1 |           2609 |       1678277.98000 |
|        2019 |         NULL |           3329 |       2166471.07000 |
|        2018 |           12 |           2480 |       1616678.80000 |
|        2018 |           11 |           2605 |       1578302.71000 |
+-------------+--------------+----------------+---------------------+
5 rows in set (0.06 sec)

mysql> mysql \. C:\workspace\cloud\code\sql\_DailyScript\currenttime.sql
+---------------------+
| currenttime         |
+---------------------+
| 2019-02-09 16:57:11 |
+---------------------+
1 row in set (0.01 sec)

mysql> 
mysql> mysql \. C:\workspace\cloud\code\sql\_DailyScript\DAILY-SCRIPT-ACTIVENUMBERS.sql
Database changed
Query OK, 1338 rows affected (1.06 sec)
Records: 1338  Deleted: 0  Skipped: 0  Warnings: 0

+------------+----------+
| period     | count(1) |
+------------+----------+
| 2019-02-08 |     1338 |
| 2019-02-07 |     1338 |
| 2019-02-06 |     1338 |
| 2019-02-05 |     1340 |
| 2019-02-04 |     1341 |
| 2019-02-03 |     1345 |
+------------+----------+
6 rows in set (0.03 sec)

Query OK, 0 rows affected (0.01 sec)

Query OK, 86 rows affected (1.99 sec)
Records: 86  Duplicates: 0  Warnings: 0

+-------------+
| packagelist |
+-------------+
|          86 |
+-------------+
1 row in set (0.00 sec)

Database changed
Query OK, 0 rows affected (0.01 sec)

Query OK, 0 rows affected (0.00 sec)

Query OK, 0 rows affected (0.00 sec)

Query OK, 0 rows affected (0.00 sec)

Query OK, 27085 rows affected, 261 warnings (42.87 sec)
Records: 27085  Deleted: 0  Skipped: 0  Warnings: 261

+------------+----------+
| period     | count(1) |
+------------+----------+
| 2019-02-08 |    27085 |
| 2019-02-07 |    27027 |
| 2019-02-06 |    27081 |
| 2019-02-05 |    27013 |
| 2019-02-04 |    26996 |
+------------+----------+
5 rows in set (0.20 sec)

Query OK, 0 rows affected (0.07 sec)

Query OK, 26435 rows affected (1 min 2.27 sec)
Records: 26435  Duplicates: 0  Warnings: 0

Query OK, 0 rows affected (0.27 sec)
Records: 0  Duplicates: 0  Warnings: 0

Query OK, 0 rows affected (0.27 sec)
Records: 0  Duplicates: 0  Warnings: 0

Query OK, 0 rows affected (0.13 sec)
Records: 0  Duplicates: 0  Warnings: 0

Query OK, 0 rows affected (0.19 sec)
Records: 0  Duplicates: 0  Warnings: 0

Query OK, 0 rows affected (0.22 sec)
Records: 0  Duplicates: 0  Warnings: 0

Query OK, 0 rows affected (0.10 sec)
Records: 0  Duplicates: 0  Warnings: 0

+-------------+
| countbefore |
+-------------+
|    23566401 |
+-------------+
1 row in set (14.93 sec)

Query OK, 26435 rows affected (17.04 sec)
Records: 26435  Duplicates: 0  Warnings: 0

+------------+
| countafter |
+------------+
|   23592836 |
+------------+
1 row in set (10.27 sec)

+------------+--------------------------+
| period     | customercontractactivity |
+------------+--------------------------+
| 2019-02-08 |                    26435 |
| 2019-02-07 |                    26377 |
| 2019-02-06 |                    26431 |
| 2019-02-05 |                    26363 |
| 2019-02-04 |                    26345 |
+------------+--------------------------+
5 rows in set (0.09 sec)

Query OK, 0 rows affected (0.01 sec)

Query OK, 204622 rows affected (5 min 47.26 sec)
Records: 204622  Duplicates: 0  Warnings: 0

Query OK, 0 rows affected (0.02 sec)

Query OK, 247 rows affected (0.52 sec)
Records: 247  Duplicates: 0  Warnings: 0

Query OK, 0 rows affected (0.03 sec)

Query OK, 2374 rows affected (0.71 sec)
Records: 2374  Duplicates: 0  Warnings: 0

Query OK, 0 rows affected (0.01 sec)

Query OK, 26422 rows affected (0.75 sec)
Records: 26422  Duplicates: 0  Warnings: 0

Query OK, 0 rows affected (0.01 sec)

Query OK, 17138 rows affected (0.57 sec)
Records: 17138  Duplicates: 0  Warnings: 0

Query OK, 0 rows affected (0.01 sec)

Query OK, 17138 rows affected (0.15 sec)
Records: 17138  Duplicates: 0  Warnings: 0

Query OK, 0 rows affected (0.03 sec)

Query OK, 17138 rows affected (1.94 sec)
Records: 17138  Duplicates: 0  Warnings: 0

Query OK, 0 rows affected (0.02 sec)

Query OK, 17138 rows affected (57.76 sec)
Records: 17138  Duplicates: 0  Warnings: 0

+-------------+
| clientstats |
+-------------+
|       17138 |
+-------------+
1 row in set (0.03 sec)

Query OK, 0 rows affected (0.01 sec)

Query OK, 13 rows affected, 1 warning (0.12 sec)
Records: 13  Duplicates: 0  Warnings: 1

+-----------------------+-------------+-------------+----------------+-----------------+
| services              | activecount | allaccounts | uniqueaccounts | uniquecontracts |
+-----------------------+-------------+-------------+----------------+-----------------+
| All                   |         139 |          30 |             30 |              96 |
| Internet & Voice      |         463 |         212 |            212 |             415 |
| Internet Only         |        4177 |        4041 |           4037 |            4115 |
| OTT Only              |           3 |           3 |              3 |               3 |
| TV & Internet         |        9081 |        3936 |           3932 |            8020 |
| TV & Internet & OTT   |        1602 |         465 |            465 |             946 |
| TV & Internet & Voice |         537 |         150 |            150 |             466 |
| TV & OTT              |          96 |          32 |             32 |              34 |
| TV & Voice            |         124 |          53 |             53 |             107 |
| TV & Voice & OTT      |          14 |           2 |              2 |               5 |
| TV Only               |       10744 |        8000 |           7994 |            8203 |
| Voice Only            |         215 |         214 |            214 |             215 |
| GRAND TOTAL           |       27195 |       17138 |          17083 |           22625 |
+-----------------------+-------------+-------------+----------------+-----------------+
13 rows in set (0.00 sec)

+-------------+-------------+-------------+----------------+-----------------+
| network     | activecount | allaccounts | uniqueaccounts | uniquecontracts |
+-------------+-------------+-------------+----------------+-----------------+
| ADDON       |          11 |           7 |              7 |               7 |
| GPON        |        6493 |        3330 |           3330 |            5021 |
| HFC         |       20691 |       13801 |          13801 |           17597 |
| GRAND TOTAL |       27195 |       17138 |          17083 |           22625 |
+-------------+-------------+-------------+----------------+-----------------+
4 rows in set, 1 warning (0.15 sec)

+-------------+-----------------------+-------------+-------------+----------------+-----------------+
| network     | services              | activecount | allaccounts | uniqueaccounts | uniquecontracts |
+-------------+-----------------------+-------------+-------------+----------------+-----------------+
| ADDON       | OTT Only              |           3 |           3 |              3 |               3 |
| ADDON       | TV & OTT              |           4 |           1 |              1 |               1 |
| ADDON       | TV Only               |           4 |           3 |              3 |               3 |
| ADDON       | Services Total        |          11 |           7 |              7 |               7 |
| GPON        | All                   |          34 |           7 |              7 |              25 |
| GPON        | Internet & Voice      |          63 |          26 |             26 |              53 |
| GPON        | Internet Only         |         848 |         768 |            768 |             786 |
| GPON        | TV & Internet         |        2944 |        1204 |           1204 |            2486 |
| GPON        | TV & Internet & OTT   |         689 |         193 |            193 |             398 |
| GPON        | TV & Internet & Voice |         134 |          36 |             36 |             112 |
| GPON        | TV & OTT              |          52 |          17 |             17 |              19 |
| GPON        | TV & Voice            |          43 |          17 |             17 |              35 |
| GPON        | TV Only               |        1676 |        1052 |           1052 |            1097 |
| GPON        | Voice Only            |          10 |          10 |             10 |              10 |
| GPON        | Services Total        |        6493 |        3330 |           3330 |            5021 |
| HFC         | All                   |         105 |          23 |             23 |              71 |
| HFC         | Internet & Voice      |         400 |         186 |            186 |             362 |
| HFC         | Internet Only         |        3329 |        3273 |           3273 |            3329 |
| HFC         | TV & Internet         |        6137 |        2732 |           2732 |            5534 |
| HFC         | TV & Internet & OTT   |         913 |         272 |            272 |             548 |
| HFC         | TV & Internet & Voice |         403 |         114 |            114 |             354 |
| HFC         | TV & OTT              |          40 |          14 |             14 |              14 |
| HFC         | TV & Voice            |          81 |          36 |             36 |              72 |
| HFC         | TV & Voice & OTT      |          14 |           2 |              2 |               5 |
| HFC         | TV Only               |        9064 |        6945 |           6945 |            7103 |
| HFC         | Voice Only            |         205 |         204 |            204 |             205 |
| HFC         | Services Total        |       20691 |       13801 |          13801 |           17597 |
| GRAND TOTAL | Services Total        |       27195 |       17138 |          17083 |           22625 |
+-------------+-----------------------+-------------+-------------+----------------+-----------------+
28 rows in set, 2 warnings (0.16 sec)

Query OK, 0 rows affected (0.01 sec)

Query OK, 42 rows affected, 3 warnings (0.22 sec)
Records: 42  Duplicates: 0  Warnings: 3

+-------------+---------------+-----------------------+-------------+-------------+----------------+-----------------+
| region      | network       | services              | activecount | allaccounts | uniqueaccounts | uniquecontracts |
+-------------+---------------+-----------------------+-------------+-------------+----------------+-----------------+
| Mahe        | ADDON         | OTT Only              |           3 |           3 |              3 |               3 |
| Mahe        | ADDON         | TV & OTT              |           4 |           1 |              1 |               1 |
| Mahe        | ADDON         | TV Only               |           4 |           3 |              3 |               3 |
| Mahe        | ADDON         | Services Total        |          11 |           7 |              7 |               7 |
| Mahe        | GPON          | All                   |          29 |           6 |              6 |              21 |
| Mahe        | GPON          | Internet & Voice      |          53 |          21 |             21 |              43 |
| Mahe        | GPON          | Internet Only         |         642 |         562 |            562 |             580 |
| Mahe        | GPON          | TV & Internet         |        1994 |         809 |            809 |            1661 |
| Mahe        | GPON          | TV & Internet & OTT   |         399 |         111 |            111 |             226 |
| Mahe        | GPON          | TV & Internet & Voice |         106 |          28 |             28 |              86 |
| Mahe        | GPON          | TV & OTT              |          39 |          11 |             11 |              12 |
| Mahe        | GPON          | TV & Voice            |          43 |          17 |             17 |              35 |
| Mahe        | GPON          | TV Only               |        1244 |         747 |            747 |             773 |
| Mahe        | GPON          | Voice Only            |           7 |           7 |              7 |               7 |
| Mahe        | GPON          | Services Total        |        4556 |        2319 |           2319 |            3444 |
| Mahe        | HFC           | All                   |         105 |          23 |             23 |              71 |
| Mahe        | HFC           | Internet & Voice      |         400 |         186 |            186 |             362 |
| Mahe        | HFC           | Internet Only         |        3329 |        3273 |           3273 |            3329 |
| Mahe        | HFC           | TV & Internet         |        6137 |        2732 |           2732 |            5534 |
| Mahe        | HFC           | TV & Internet & OTT   |         913 |         272 |            272 |             548 |
| Mahe        | HFC           | TV & Internet & Voice |         403 |         114 |            114 |             354 |
| Mahe        | HFC           | TV & OTT              |          40 |          14 |             14 |              14 |
| Mahe        | HFC           | TV & Voice            |          81 |          36 |             36 |              72 |
| Mahe        | HFC           | TV & Voice & OTT      |          14 |           2 |              2 |               5 |
| Mahe        | HFC           | TV Only               |        9062 |        6944 |           6944 |            7102 |
| Mahe        | HFC           | Voice Only            |         205 |         204 |            204 |             205 |
| Mahe        | HFC           | Services Total        |       20689 |       13800 |          13800 |           17596 |
| Mahe        | Network Total | Services Total        |       25256 |       16126 |          16072 |           21047 |
| Praslin     | GPON          | All                   |           5 |           1 |              1 |               4 |
| Praslin     | GPON          | Internet & Voice      |          10 |           5 |              5 |              10 |
| Praslin     | GPON          | Internet Only         |         206 |         206 |            206 |             206 |
| Praslin     | GPON          | TV & Internet         |         950 |         395 |            395 |             825 |
| Praslin     | GPON          | TV & Internet & OTT   |         290 |          82 |             82 |             172 |
| Praslin     | GPON          | TV & Internet & Voice |          28 |           8 |              8 |              26 |
| Praslin     | GPON          | TV & OTT              |          13 |           6 |              6 |               7 |
| Praslin     | GPON          | TV Only               |         432 |         305 |            305 |             324 |
| Praslin     | GPON          | Voice Only            |           3 |           3 |              3 |               3 |
| Praslin     | GPON          | Services Total        |        1937 |        1011 |           1011 |            1577 |
| Praslin     | HFC           | TV Only               |           2 |           1 |              1 |               1 |
| Praslin     | HFC           | Services Total        |           2 |           1 |              1 |               1 |
| Praslin     | Network Total | Services Total        |        1939 |        1012 |           1011 |            1578 |
| GRAND TOTAL | Network Total | Services Total        |       27195 |       17138 |          17083 |           22625 |
+-------------+---------------+-----------------------+-------------+-------------+----------------+-----------------+
42 rows in set (0.00 sec)

Query OK, 0 rows affected (0.01 sec)

Query OK, 26422 rows affected (0.55 sec)
Records: 26422  Duplicates: 0  Warnings: 0

Query OK, 0 rows affected (0.00 sec)

Query OK, 1574 rows affected (1.81 sec)
Records: 1574  Duplicates: 0  Warnings: 0

Query OK, 0 rows affected (1 min 37.65 sec)

Query OK, 0 rows affected (0.01 sec)

Query OK, 446 rows affected (5 min 11.52 sec)
Records: 446  Duplicates: 0  Warnings: 0

+---------------------------+
| retentioncustomeractivity |
+---------------------------+
|                       446 |
+---------------------------+
1 row in set (0.01 sec)

mysql> mysql \. C:\workspace\cloud\code\sql\_DailyScript\currenttime.sql
+---------------------+
| currenttime         |
+---------------------+
| 2019-02-09 17:13:25 |
+---------------------+
1 row in set (0.00 sec)

mysql> 
mysql> mysql \. C:\workspace\cloud\code\sql\_DailyScript\GetActiveNumbers Average -Pivot.sql
Database changed
+-------------------------------------+
| @today := subdate(current_date(),1) |
+-------------------------------------+
| 2019-02-08                          |
+-------------------------------------+
1 row in set (0.00 sec)

+-------------------------------------+
| @lastdayofmonth := last_day(@today) |
+-------------------------------------+
| 2019-02-28                          |
+-------------------------------------+
1 row in set (0.01 sec)

Query OK, 0 rows affected (0.06 sec)

Query OK, 27024 rows affected, 55448 warnings (52.95 sec)
Records: 27024  Duplicates: 0  Warnings: 55448

Query OK, 0 rows affected (0.10 sec)
Records: 0  Duplicates: 0  Warnings: 0

Query OK, 0 rows affected (0.14 sec)
Records: 0  Duplicates: 0  Warnings: 0

Query OK, 0 rows affected (0.10 sec)
Records: 0  Duplicates: 0  Warnings: 0

+-----------------+
| activenumberavg |
+-----------------+
|           27024 |
+-----------------+
1 row in set (0.01 sec)

Query OK, 0 rows affected (0.02 sec)

Query OK, 1698 rows affected (0.40 sec)
Records: 1698  Duplicates: 0  Warnings: 0

+---------------------+
| rep_activenumberavg |
+---------------------+
|                1698 |
+---------------------+
1 row in set (0.01 sec)

+----------------------+
| rep_activenumberavg1 |
+----------------------+
|                  808 |
+----------------------+
1 row in set (0.00 sec)

Query OK, 0 rows affected (0.01 sec)

Query OK, 1357 rows affected (0.32 sec)
Records: 1357  Duplicates: 0  Warnings: 0

Query OK, 0 rows affected (0.00 sec)

Query OK, 6861 rows affected (0.56 sec)
Records: 6861  Duplicates: 0  Warnings: 0

Query OK, 0 rows affected (0.00 sec)

Query OK, 0 rows affected (0.00 sec)

Query OK, 0 rows affected (0.01 sec)

Query OK, 0 rows affected (0.00 sec)

Query OK, 0 rows affected (0.00 sec)
Statement prepared

Query OK, 51 rows affected (0.03 sec)
Records: 51  Duplicates: 0  Warnings: 0

Query OK, 0 rows affected (0.00 sec)

Query OK, 0 rows affected (0.00 sec)

+----------------------+
| rep_activenumberavg2 |
+----------------------+
|                 1357 |
+----------------------+
1 row in set (0.01 sec)

+------------------------+
| rep_activenumberavg_pv |
+------------------------+
|                     51 |
+------------------------+
1 row in set (0.00 sec)

Query OK, 0 rows affected (0.00 sec)

Query OK, 1357 rows affected (0.29 sec)
Records: 1357  Duplicates: 0  Warnings: 0

Query OK, 0 rows affected (0.00 sec)

Query OK, 0 rows affected (0.00 sec)

Query OK, 0 rows affected (0.01 sec)

Query OK, 0 rows affected (0.00 sec)

Query OK, 0 rows affected (0.00 sec)
Statement prepared

Query OK, 51 rows affected (0.03 sec)
Records: 51  Duplicates: 0  Warnings: 0

Query OK, 0 rows affected (0.00 sec)

Query OK, 0 rows affected (0.00 sec)

+-------------------------+
| rep_activenumberavgMahe |
+-------------------------+
|                    1357 |
+-------------------------+
1 row in set (0.00 sec)

+----------------------------+
| rep_activenumberavgMahe_pv |
+----------------------------+
|                         51 |
+----------------------------+
1 row in set (0.00 sec)

Query OK, 0 rows affected (0.00 sec)

Query OK, 875 rows affected (0.14 sec)
Records: 875  Duplicates: 0  Warnings: 0

Query OK, 0 rows affected (0.00 sec)

Query OK, 0 rows affected (0.00 sec)

Query OK, 0 rows affected (0.00 sec)

Query OK, 0 rows affected (0.00 sec)

Query OK, 0 rows affected (0.00 sec)
Statement prepared

Query OK, 37 rows affected (0.02 sec)
Records: 37  Duplicates: 0  Warnings: 0

Query OK, 0 rows affected (0.00 sec)

Query OK, 0 rows affected (0.00 sec)

+----------------------------+
| rep_activenumberavgPraslin |
+----------------------------+
|                        875 |
+----------------------------+
1 row in set (0.00 sec)

+-------------------------------+
| rep_activenumberavgPraslin_pv |
+-------------------------------+
|                            37 |
+-------------------------------+
1 row in set (0.00 sec)

mysql> mysql \. C:\workspace\cloud\code\sql\_DailyScript\currenttime.sql
+---------------------+
| currenttime         |
+---------------------+
| 2019-02-09 17:14:20 |
+---------------------+
1 row in set (0.00 sec)

mysql> 
mysql> 
mysql> mysql \. C:\workspace\cloud\code\sql\_DailyScript\reports-sales-addons-prepaid-camera.sql
Database changed
Query OK, 0 rows affected (0.01 sec)

Query OK, 3365 rows affected (0.22 sec)
Records: 3365  Duplicates: 0  Warnings: 0

Query OK, 0 rows affected (0.02 sec)

Query OK, 14779 rows affected (16.28 sec)
Records: 14779  Duplicates: 0  Warnings: 0

+--------------------+
| rep_prepaid_camera |
+--------------------+
|               3365 |
+--------------------+
1 row in set (0.00 sec)

+-----------+
| rep_addon |
+-----------+
|     14779 |
+-----------+
1 row in set (0.01 sec)

mysql> mysql \. C:\workspace\cloud\code\sql\_DailyScript\currenttime.sql
+---------------------+
| currenttime         |
+---------------------+
| 2019-02-09 17:14:37 |
+---------------------+
1 row in set (0.00 sec)

mysql> 
mysql> mysql \. C:\workspace\cloud\code\sql\_DailyScript\housing-estate-analysis.sql
Database changed
Query OK, 0 rows affected (0.02 sec)

Query OK, 2765 rows affected (13.00 sec)
Records: 2765  Duplicates: 0  Warnings: 0

+--------------------+
| rep_housingestates |
+--------------------+
|               2765 |
+--------------------+
1 row in set (0.00 sec)

mysql> mysql \. C:\workspace\cloud\code\sql\_DailyScript\currenttime.sql
+---------------------+
| currenttime         |
+---------------------+
| 2019-02-09 17:14:50 |
+---------------------+
1 row in set (0.00 sec)

mysql> 
mysql> mysql \. C:\workspace\cloud\code\sql\_DailyScript\RCB_ClientAnalyticsReport_Script.sql
Database changed
Query OK, 0 rows affected (0.00 sec)

Query OK, 0 rows affected (0.18 sec)

Query OK, 1613716 rows affected (1 min 35.63 sec)
Records: 1613716  Duplicates: 0  Warnings: 0

Query OK, 0 rows affected (5.20 sec)
Records: 0  Duplicates: 0  Warnings: 0

Query OK, 0 rows affected (5.21 sec)
Records: 0  Duplicates: 0  Warnings: 0

Query OK, 0 rows affected (9.58 sec)
Records: 0  Duplicates: 0  Warnings: 0

Query OK, 0 rows affected (8.82 sec)
Records: 0  Duplicates: 0  Warnings: 0

Query OK, 0 rows affected (9.88 sec)
Records: 0  Duplicates: 0  Warnings: 0

Query OK, 0 rows affected (8.38 sec)
Records: 0  Duplicates: 0  Warnings: 0

Query OK, 0 rows affected (0.01 sec)

Query OK, 427071 rows affected (16.49 sec)
Rows matched: 1613716  Changed: 427071  Warnings: 0

Query OK, 0 rows affected (0.01 sec)

Query OK, 27272 rows affected (2.95 sec)
Records: 27272  Duplicates: 0  Warnings: 0

Query OK, 0 rows affected (0.02 sec)

Query OK, 41855 rows affected (12 min 47.81 sec)
Records: 41855  Duplicates: 0  Warnings: 0

Query OK, 0 rows affected (0.23 sec)
Records: 0  Duplicates: 0  Warnings: 0

Query OK, 0 rows affected (0.21 sec)
Records: 0  Duplicates: 0  Warnings: 0

Query OK, 0 rows affected (0.10 sec)
Records: 0  Duplicates: 0  Warnings: 0

Query OK, 0 rows affected (0.03 sec)

Query OK, 402980 rows affected (11 min 47.12 sec)
Records: 402980  Duplicates: 0  Warnings: 0

Query OK, 0 rows affected (1.65 sec)
Records: 0  Duplicates: 0  Warnings: 0

Query OK, 0 rows affected (1.97 sec)
Records: 0  Duplicates: 0  Warnings: 0

Query OK, 0 rows affected (0.94 sec)
Records: 0  Duplicates: 0  Warnings: 0

Query OK, 0 rows affected (1.80 sec)
Records: 0  Duplicates: 0  Warnings: 0

Query OK, 0 rows affected (0.89 sec)
Records: 0  Duplicates: 0  Warnings: 0

Query OK, 0 rows affected (0.00 sec)

Query OK, 41855 rows affected (1 min 22.21 sec)
Records: 41855  Duplicates: 0  Warnings: 0

+--------------+
| clientreport |
+--------------+
|        41855 |
+--------------+
1 row in set (0.02 sec)

Query OK, 0 rows affected (0.02 sec)

Query OK, 41855 rows affected (6.98 sec)
Records: 41855  Duplicates: 0  Warnings: 0

+----------------------+
| clientextendedreport |
+----------------------+
|                41855 |
+----------------------+
1 row in set (0.02 sec)

Query OK, 0 rows affected (0.01 sec)

Query OK, 41855 rows affected (53.52 sec)
Records: 41855  Duplicates: 0  Warnings: 0

+---------+
| allcust |
+---------+
|   41855 |
+---------+
1 row in set (0.01 sec)

Query OK, 0 rows affected, 1 warning (0.00 sec)

Query OK, 5000 rows affected (0.35 sec)
Records: 5000  Duplicates: 0  Warnings: 0

Query OK, 0 rows affected (0.01 sec)

Query OK, 7060 rows affected (0.68 sec)
Records: 7060  Duplicates: 0  Warnings: 0

Query OK, 0 rows affected, 1 warning (0.00 sec)

Query OK, 5000 rows affected (0.29 sec)
Records: 5000  Duplicates: 0  Warnings: 0

Query OK, 0 rows affected (0.00 sec)

Query OK, 7378 rows affected (0.36 sec)
Records: 7378  Duplicates: 0  Warnings: 0

mysql> mysql \. C:\workspace\cloud\code\sql\_DailyScript\currenttime.sql
+---------------------+
| currenttime         |
+---------------------+
| 2019-02-09 17:44:40 |
+---------------------+
1 row in set (0.00 sec)

mysql> 
mysql> mysql \. C:\workspace\cloud\code\sql\_DailyScript\REVENUE_PER_NODE_MXK.sql
Query OK, 0 rows affected (0.01 sec)

Query OK, 0 rows affected (0.01 sec)

Query OK, 0 rows affected (0.01 sec)

Query OK, 4726 rows affected (0.69 sec)
Records: 4726  Duplicates: 0  Warnings: 0

Query OK, 4546 rows affected (0.41 sec)
Records: 4546  Duplicates: 0  Warnings: 0

Query OK, 0 rows affected, 1 warning (0.01 sec)

Query OK, 4880 rows affected (8.97 sec)
Records: 4880  Duplicates: 0  Warnings: 0

Query OK, 0 rows affected (0.00 sec)

Query OK, 0 rows affected (0.00 sec)

Query OK, 0 rows affected, 1 warning (0.00 sec)

Query OK, 4726 rows affected (0.20 sec)
Records: 4726  Duplicates: 0  Warnings: 0

Query OK, 4546 rows affected (0.26 sec)
Records: 4546  Duplicates: 0  Warnings: 0

Query OK, 0 rows affected, 1 warning (0.00 sec)

Query OK, 4620 rows affected (6.13 sec)
Records: 4620  Duplicates: 0  Warnings: 0

Query OK, 0 rows affected (0.00 sec)

Query OK, 0 rows affected (0.00 sec)

Query OK, 0 rows affected, 1 warning (0.00 sec)

Query OK, 0 rows affected (0.01 sec)

Query OK, 5140 rows affected (0.28 sec)
Records: 5140  Duplicates: 0  Warnings: 0

Query OK, 0 rows affected (0.00 sec)

Query OK, 0 rows affected (0.00 sec)

Query OK, 19254 rows affected (0.45 sec)
Records: 19254  Duplicates: 0  Warnings: 0

Query OK, 23982 rows affected (1.27 sec)
Records: 23982  Duplicates: 0  Warnings: 0

Query OK, 0 rows affected, 1 warning (0.00 sec)

Query OK, 36758 rows affected (0.57 sec)
Records: 36758  Duplicates: 0  Warnings: 0

Query OK, 0 rows affected (0.00 sec)

Query OK, 0 rows affected, 1 warning (0.00 sec)

Query OK, 0 rows affected (0.01 sec)

Query OK, 19254 rows affected (0.51 sec)
Records: 19254  Duplicates: 0  Warnings: 0

Query OK, 23982 rows affected (1.07 sec)
Records: 23982  Duplicates: 0  Warnings: 0

Query OK, 0 rows affected, 1 warning (0.00 sec)

Query OK, 25364 rows affected (0.61 sec)
Records: 25364  Duplicates: 0  Warnings: 0

Query OK, 0 rows affected (0.01 sec)

Query OK, 0 rows affected, 1 warning (0.00 sec)

Query OK, 0 rows affected (0.00 sec)

Query OK, 0 rows affected (0.03 sec)

Query OK, 19325 rows affected (1.58 sec)
Records: 19325  Duplicates: 0  Warnings: 0

Query OK, 0 rows affected (0.00 sec)

Query OK, 0 rows affected (0.00 sec)

Query OK, 0 rows affected (0.01 sec)

Query OK, 24465 rows affected (1.45 sec)
Records: 24465  Duplicates: 0  Warnings: 0

Query OK, 423906 rows affected (25.29 sec)
Records: 423906  Duplicates: 0  Warnings: 0

Query OK, 0 rows affected (0.03 sec)

Query OK, 425337 rows affected (18.08 sec)
Records: 425337  Duplicates: 0  Warnings: 0

Query OK, 0 rows affected (0.01 sec)

Query OK, 0 rows affected, 1 warning (0.00 sec)

Query OK, 0 rows affected, 1 warning (0.00 sec)

Query OK, 0 rows affected (0.00 sec)

Query OK, 8263 rows affected (2.54 sec)
Rows matched: 8263  Changed: 8263  Warnings: 0

Query OK, 0 rows affected (0.02 sec)

Query OK, 1551401 rows affected (4 min 46.43 sec)
Records: 1551401  Duplicates: 0  Warnings: 0

Query OK, 0 rows affected (0.03 sec)

Query OK, 1787469 rows affected (2 min 17.10 sec)
Records: 1787469  Duplicates: 0  Warnings: 0

Query OK, 0 rows affected (0.01 sec)

Query OK, 70137 rows affected (14.48 sec)
Records: 70137  Duplicates: 0  Warnings: 0

Query OK, 0 rows affected (0.03 sec)

Query OK, 21454 rows affected (13.95 sec)
Records: 21454  Duplicates: 0  Warnings: 0

Query OK, 0 rows affected (0.01 sec)

Query OK, 41855 rows affected (1.96 sec)
Records: 41855  Duplicates: 0  Warnings: 0

Query OK, 0 rows affected (0.01 sec)

Query OK, 23426 rows affected (3.60 sec)
Records: 23426  Duplicates: 0  Warnings: 0

Query OK, 0 rows affected (0.00 sec)

Query OK, 16809 rows affected (2.38 sec)
Records: 16809  Duplicates: 0  Warnings: 0

Query OK, 0 rows affected (0.01 sec)

Query OK, 41855 rows affected (1.89 sec)
Records: 41855  Duplicates: 0  Warnings: 0

Query OK, 0 rows affected (0.00 sec)

Query OK, 0 rows affected, 1 warning (0.00 sec)

Query OK, 397013 rows affected (20.94 sec)
Records: 397013  Duplicates: 0  Warnings: 0

Query OK, 0 rows affected, 1 warning (0.01 sec)

Query OK, 74241 rows affected (7.17 sec)
Records: 74241  Duplicates: 0  Warnings: 0

Query OK, 397013 rows affected (1 hour 38 min 54.01 sec)
Records: 397013  Duplicates: 0  Warnings: 0

Query OK, 74349 rows affected (3.76 sec)
Records: 74349  Duplicates: 0  Warnings: 0

Query OK, 0 rows affected (0.02 sec)

Query OK, 399440 rows affected (38.22 sec)
Records: 399440  Duplicates: 0  Warnings: 0

Query OK, 0 rows affected (0.01 sec)

Query OK, 0 rows affected (0.00 sec)

Query OK, 0 rows affected, 1 warning (0.01 sec)

Query OK, 0 rows affected (0.01 sec)

Query OK, 41855 rows affected (12.81 sec)
Records: 41855  Duplicates: 0  Warnings: 0

Query OK, 0 rows affected (0.01 sec)

Query OK, 0 rows affected (0.01 sec)

Query OK, 0 rows affected (0.00 sec)

Query OK, 37855 rows affected, 5 warnings (6.12 sec)
Records: 37855  Duplicates: 0  Warnings: 5

+----------------------+
| rep_custconsolidated |
+----------------------+
|                37855 |
+----------------------+
1 row in set (0.04 sec)

Query OK, 0 rows affected (0.00 sec)

+-----------+------------------------------------+------------+-------------+-----------------+------------------+---------------------+-------------------+
| HFC_NODE  | NODENAME                           | CMTS_DATE  | INSERTED_ON | UNIQUE_ACCOUNTS | UNIQUE_CONTRACTS | UNIQUE_MAC_INRCBOSS | UNIQUE_MAC_INCMTS |
+-----------+------------------------------------+------------+-------------+-----------------+------------------+---------------------+-------------------+
| NULL      | NULL                               | NULL       | 2019-02-09  |           10199 |            10870 |               10977 |                 0 |
| C5/0/0/U0 | ANSE-BOILEAU-2                     | 2019-02-04 | 2019-02-09  |             118 |              121 |                 117 |               118 |
| C5/0/0/U1 | 500-C3-ANSE-BOILEAU                | 2019-02-04 | 2019-02-09  |             227 |              234 |                 227 |               228 |
| C5/0/1/U0 | 501-C4-LA-MISIERE-LEFT-I           | 2019-02-04 | 2019-02-09  |             204 |              211 |                 203 |               206 |
| C5/0/1/U1 | 501-C5-LA-MISIERE-RIGHT            | 2019-02-04 | 2019-02-09  |              98 |              102 |                  98 |               100 |
| C5/0/1/U2 | 501-C7-LA-MISIERE-LEFT-II          | 2019-02-04 | 2019-02-09  |             103 |              108 |                 103 |               103 |
| C5/0/2/U0 | 502-C8-LA-LOUISE                   | 2019-02-04 | 2019-02-09  |             149 |              153 |                 149 |               149 |
| C5/0/2/U1 | LA-LOUISE-2                        | 2019-02-04 | 2019-02-09  |             149 |              152 |                 150 |               154 |
| C5/0/3/U0 | 504-C6-PETIT-PARIS                 | 2019-02-04 | 2019-02-09  |             156 |              158 |                 156 |               158 |
| C5/0/3/U1 | PETIT-PARIS-23                     | 2019-02-04 | 2019-02-09  |              75 |               78 |                  75 |                75 |
| C5/0/4/U0 | FOUR-SEASONS                       | 2019-02-04 | 2019-02-09  |               6 |               23 |                  23 |                23 |
| C5/0/4/U1 | ANCHOR-CAFE-I                      | 2019-02-04 | 2019-02-09  |             154 |              157 |                 154 |               155 |
| C5/0/4/U2 | ANCHOR-CAFE-II                     | 2019-02-04 | 2019-02-09  |             146 |              150 |                 145 |               145 |
| C5/1/0/U0 | POINTE-LARUE-AIRPORT-23            | 2019-02-04 | 2019-02-09  |             110 |              115 |                 110 |               112 |
| C5/1/0/U1 | PPROVIDENCE-23                     | 2019-02-04 | 2019-02-09  |              24 |               27 |                  25 |                25 |
| C5/1/0/U2 | ROSHE-CAIMAN-23                    | 2019-02-04 | 2019-02-09  |              11 |               12 |                  11 |                11 |
| C5/1/0/U3 | HEAD-OFFICE | HO-23                | 2019-02-04 | 2019-02-09  |              24 |               26 |                  25 |                25 |
| C5/1/1/U1 | C5-UNION-VALE                      | 2019-02-04 | 2019-02-09  |             194 |              202 |                 194 |               196 |
| C5/1/3/U0 | POINTE-LARUE-AIRPORT-27            | 2019-02-04 | 2019-02-09  |             141 |              147 |                 142 |               142 |
| C5/1/3/U1 | PPROVIDENCE-27                     | 2019-02-04 | 2019-02-09  |              34 |               34 |                  34 |                34 |
| C5/1/3/U2 | ROSHE-CAIMAN-27                    | 2019-02-04 | 2019-02-09  |              22 |               22 |                  22 |                22 |
| C5/1/3/U3 | HEAD-OFFICE | HO-27                | 2019-02-04 | 2019-02-09  |              22 |               22 |                  22 |                22 |
| C5/1/4/U0 | ANSE-ROYALE-27                     | 2019-02-04 | 2019-02-09  |             186 |              195 |                 187 |               188 |
| C5/1/4/U1 | GLACIS-2-57                        | 2019-02-04 | 2019-02-09  |             145 |              153 |                 145 |               148 |
| C5/1/4/U3 | GLACIS-1                           | 2019-02-04 | 2019-02-09  |              60 |               64 |                  60 |                62 |
| C6/0/1/U0 | SERRET-ROAD-RIGHT/CURIO/PASCAL     | 2019-02-04 | 2019-02-09  |             144 |              149 |                 144 |               146 |
| C6/0/1/U1 | SERRET-ROAD-LEFT/ST.LOUIS/TOWN     | 2019-02-04 | 2019-02-09  |             181 |              191 |                 181 |               182 |
| C6/0/1/U2 | SERRET-ROAD-RIGHT/CURIO/PASCAL-2   | 2019-02-04 | 2019-02-09  |             122 |              125 |                 122 |               123 |
| C6/0/1/U3 | SERRET-ROAD-LEFT/ST.LOUIS/TOWN-2   | 2019-02-04 | 2019-02-09  |             118 |              123 |                 118 |               118 |
| C6/0/2/U0 | SANS-SOUCIS-I                      | 2019-02-04 | 2019-02-09  |             125 |              128 |                 125 |               126 |
| C6/0/2/U1 | SANS-SOUCIS-II                     | 2019-02-04 | 2019-02-09  |             113 |              121 |                 112 |               112 |
| C6/0/2/U2 | BEL-AIR-27                         | 2019-02-04 | 2019-02-09  |             100 |              106 |                 100 |               101 |
| C6/0/2/U3 | BEL-AIR-38                         | 2019-02-04 | 2019-02-09  |             106 |              110 |                 106 |               106 |
| C6/0/3/U0 | LES-MAMELLES-23                    | 2019-02-04 | 2019-02-09  |              67 |               67 |                  67 |                68 |
| C6/0/3/U1 | VICTORIA-23                        | 2019-02-04 | 2019-02-09  |              30 |               35 |                  33 |                35 |
| C6/0/4/U0 | LES-MAMELLES-27                    | 2019-02-04 | 2019-02-09  |              84 |               85 |                  84 |                84 |
| C6/0/4/U1 | VICTORIA-27                        | 2019-02-04 | 2019-02-09  |              34 |               37 |                  34 |                36 |
| C7/1/0/U0 | LA-RETRAITE-23                     | 2019-02-04 | 2019-02-09  |             117 |              123 |                 118 |               119 |
| C7/1/0/U1 | TEA-FACTORY-23                     | 2019-02-04 | 2019-02-09  |              34 |               38 |                  34 |                34 |
| C7/1/0/U2 | PAS-23                             | 2019-02-04 | 2019-02-09  |             100 |              105 |                 101 |               101 |
| C7/1/1/U0 | REEF-ESTATE-23                     | 2019-02-04 | 2019-02-09  |              95 |               97 |                  95 |                97 |
| C7/1/1/U1 | BEL-OMBRE-NEW-23                   | 2019-02-04 | 2019-02-09  |              39 |               45 |                  43 |                44 |
| C7/1/2/U0 | LA-RETRAITE-27                     | 2019-02-04 | 2019-02-09  |             118 |              125 |                 117 |               120 |
| C7/1/2/U1 | TEA-FACTORY-27                     | 2019-02-04 | 2019-02-09  |              12 |               15 |                  14 |                14 |
| C7/1/2/U2 | PAS-27                             | 2019-02-04 | 2019-02-09  |             105 |              114 |                 107 |               108 |
| C7/1/3/U0 | MT-BUXTON-27                       | 2019-02-04 | 2019-02-09  |             117 |              120 |                 117 |               118 |
| C7/1/3/U1 | MT-BUXTON-23                       | 2019-02-04 | 2019-02-09  |             103 |              105 |                 102 |               105 |
| C7/1/4/U0 | REEF-ESTATE-27                     | 2019-02-04 | 2019-02-09  |              69 |               70 |                  69 |                69 |
| C7/1/4/U1 | BEL-OMBRE-NEW-27                   | 2019-02-04 | 2019-02-09  |              17 |               17 |                  17 |                17 |
| C8/0/0/U0 | POLICE-ACADEMY-1-27 - POINTE LARUE | 2019-02-04 | 2019-02-09  |             361 |              370 |                 361 |               365 |
| C8/0/1/U1 | POLICE-ACADEMY-2-27 - TURTLE BAY   | 2019-02-04 | 2019-02-09  |             265 |              277 |                 267 |               270 |
| C8/0/2/U0 | BEAU-VALLON-LEFT-1-57              | 2019-02-04 | 2019-02-09  |             106 |              111 |                 105 |               105 |
| C8/0/3/U1 | BEAU-VALLON-RIGHT-2-57             | 2019-02-04 | 2019-02-09  |             206 |              215 |                 206 |               210 |
| C8/1/0/U0 | MA-JOIE-NODE-27                    | 2019-02-04 | 2019-02-09  |             107 |              109 |                 107 |               109 |
| C8/1/0/U1 | BELONIE-27                         | 2019-02-04 | 2019-02-09  |             140 |              145 |                 138 |               139 |
| C8/1/0/U3 | MA-JOIE-NODE-23                    | 2019-02-04 | 2019-02-09  |             131 |              136 |                 131 |               133 |
| C8/1/1/U0 | 611-C1-ROJN I                      | 2019-02-04 | 2019-02-09  |             196 |              202 |                 196 |               200 |
| C8/1/1/U1 | 611-C5-ROJN II                     | 2019-02-04 | 2019-02-09  |              54 |               58 |                  54 |                54 |
| C8/1/2/U0 | 612-C2-ANSE-ETOILE                 | 2019-02-04 | 2019-02-09  |             200 |              207 |                 198 |               198 |
| C8/1/2/U1 | ANSE-ETOILE-U2                     | 2019-02-04 | 2019-02-09  |              90 |               92 |                  91 |                91 |
| C8/1/3/U0 | 613-C3-ANSE-GAULETTE I             | 2019-02-04 | 2019-02-09  |              51 |               55 |                  51 |                52 |
| C8/1/3/U1 | 613-C7-ANSE-GAULETTE II            | 2019-02-04 | 2019-02-09  |              68 |               74 |                  68 |                68 |
| C8/1/3/U2 | 613-C3-ANSE-GAULETTE III           | 2019-02-04 | 2019-02-09  |              54 |               59 |                  54 |                54 |
| C8/1/3/U3 | TAKAMAKA I                         | 2019-02-04 | 2019-02-09  |              99 |               99 |                  99 |                99 |
| C8/1/3/U4 | TAKAMAKA II                        | 2019-02-04 | 2019-02-09  |             102 |              104 |                 102 |               103 |
| C8/1/4/U0 | 614-BEOLIERE-NODE-1                | 2019-02-04 | 2019-02-09  |             140 |              148 |                 140 |               142 |
| C8/1/4/U1 | 614-BEOLIERE-NODE-2                | 2019-02-04 | 2019-02-09  |              82 |               87 |                  82 |                82 |
+-----------+------------------------------------+------------+-------------+-----------------+------------------+---------------------+-------------------+
67 rows in set (0.34 sec)

+------------------+------------+-------------+-----------------+------------------+----------------------+-------------------+
| MXK_NAME         | MXK_DATE   | INSERTED_ON | UNIQUE_ACCOUNTS | UNIQUE_CONTRACTS | UNIQUE_FSAN_INRCBOSS | UNIQUE_FSAN_INMXK |
+------------------+------------+-------------+-----------------+------------------+----------------------+-------------------+
| NULL             | NULL       | 2019-02-09  |             490 |              505 |                  496 |                 0 |
| MXK-ANSEETOILE   | 2019-02-04 | 2019-02-09  |              59 |               60 |                   60 |                62 |
| MXK-ANSEROYALE   | 2019-02-04 | 2019-02-09  |             121 |              122 |                  122 |               128 |
| MXK-BEAUVALLON   | 2019-02-04 | 2019-02-09  |             967 |              980 |                  976 |              1006 |
| MXK-MAHE         | 2019-02-04 | 2019-02-09  |             852 |              884 |                  839 |               951 |
| MXK-PERSEVERANCE | 2019-02-04 | 2019-02-09  |            1035 |             1054 |                 1050 |              1087 |
| MXK-PRASLIN      | 2019-02-04 | 2019-02-09  |            1157 |             1162 |                 1154 |              1199 |
+------------------+------------+-------------+-----------------+------------------+----------------------+-------------------+
7 rows in set (0.08 sec)

mysql> mysql \. C:\workspace\cloud\code\sql\_DailyScript\currenttime.sql
+---------------------+
| currenttime         |
+---------------------+
| 2019-02-09 19:33:56 |
+---------------------+
1 row in set (0.00 sec)

mysql> 
mysql> mysql \. C:\workspace\cloud\code\sql\_DailyScript\sales-to-activenumber.sql
Database changed
Query OK, 0 rows affected (0.01 sec)

Query OK, 12940 rows affected (25 min 37.91 sec)
Records: 12940  Duplicates: 0  Warnings: 0

Query OK, 0 rows affected (0.05 sec)

Query OK, 44309 rows affected (25 min 11.64 sec)
Records: 44309  Duplicates: 0  Warnings: 0

mysql> mysql \. C:\workspace\cloud\code\sql\_DailyScript\currenttime.sql
+---------------------+
| currenttime         |
+---------------------+
| 2019-02-09 20:24:45 |
+---------------------+
1 row in set (0.00 sec)

mysql> 
mysql> exit
