    -> 
    -> mysql \. C:\workspace\cloud\code\sql\_DailyScript\load_RCB_VODTITLES.sql
Database changed
Query OK, 0 rows affected (0.00 sec)

Query OK, 962 rows affected (0.39 sec)

Query OK, 964 rows affected, 964 warnings (0.29 sec)
Records: 964  Deleted: 0  Skipped: 0  Warnings: 964

Query OK, 0 rows affected (0.00 sec)

Query OK, 2 rows affected (0.03 sec)

+-----------+
| VODTITLES |
+-----------+
|      1423 |
+-----------+
1 row in set (0.00 sec)

mysql> 
mysql> mysql \. C:\workspace\cloud\code\sql\_DailyScript\DAILY-SCRIPT-LIVETV-STATS.sql
Database changed
Query OK, 0 rows affected (0.54 sec)

Query OK, 66052 rows affected (8 min 17.95 sec)
Records: 66052  Duplicates: 0  Warnings: 0

+------------+------------+----------+--------------+--------------+-----------+-------------+----------+--------+------+------------+---------+---------------+
| Table      | Non_unique | Key_name | Seq_in_index | Column_name  | Collation | Cardinality | Sub_part | Packed | Null | Index_type | Comment | Index_comment |
+------------+------------+----------+--------------+--------------+-----------+-------------+----------+--------+------+------------+---------+---------------+
| templivetv |          1 | idxtv1   |            1 | device       | A         |       66160 |     NULL | NULL   | YES  | BTREE      |         |               |
| templivetv |          1 | idxtv2   |            1 | sessionstart | A         |       66160 |     NULL | NULL   | YES  | BTREE      |         |               |
+------------+------------+----------+--------------+--------------+-----------+-------------+----------+--------+------+------------+---------+---------------+
2 rows in set (0.00 sec)

Query OK, 66057 rows affected (1 min 20.74 sec)
Records: 66057  Duplicates: 0  Warnings: 0

Query OK, 2808 rows affected (1.28 sec)
Records: 2808  Duplicates: 0  Warnings: 0

Query OK, 0 rows affected (0.00 sec)

Query OK, 0 rows affected (0.00 sec)

Query OK, 138 rows affected (0.05 sec)
Records: 138  Duplicates: 0  Warnings: 0

Query OK, 0 rows affected (0.15 sec)

Query OK, 36195 rows affected (5 min 21.81 sec)
Records: 36195  Duplicates: 0  Warnings: 0

+-----------------+
| rep_livetvstats |
+-----------------+
|           36195 |
+-----------------+
1 row in set (0.02 sec)

mysql> mysql \. C:\workspace\cloud\code\sql\_DailyScript\DAILY-SCRIPT-VODTS-STATS.sql
Database changed
Query OK, 0 rows affected (0.01 sec)

Query OK, 0 rows affected (0.10 sec)

Query OK, 887 rows affected (20.00 sec)
Records: 887  Duplicates: 0  Warnings: 0

+---------+------------+----------+--------------+--------------+-----------+-------------+----------+--------+------+------------+---------+---------------+
| Table   | Non_unique | Key_name | Seq_in_index | Column_name  | Collation | Cardinality | Sub_part | Packed | Null | Index_type | Comment | Index_comment |
+---------+------------+----------+--------------+--------------+-----------+-------------+----------+--------+------+------------+---------+---------------+
| tempvod |          1 | idxtvod1 |            1 | device       | A         |         988 |     NULL | NULL   | YES  | BTREE      |         |               |
| tempvod |          1 | idxtvod2 |            1 | sessionstart | A         |         988 |     NULL | NULL   | YES  | BTREE      |         |               |
+---------+------------+----------+--------------+--------------+-----------+-------------+----------+--------+------+------------+---------+---------------+
2 rows in set (0.00 sec)

Query OK, 887 rows affected (1.07 sec)
Records: 887  Duplicates: 0  Warnings: 0

Query OK, 0 rows affected (0.04 sec)

Query OK, 79913 rows affected (12.47 sec)
Records: 79913  Duplicates: 0  Warnings: 0

+--------------+
| rep_vodstats |
+--------------+
|        79913 |
+--------------+
1 row in set (0.04 sec)

Database changed
Query OK, 0 rows affected (0.03 sec)

Query OK, 10070 rows affected (3 min 26.93 sec)
Records: 10070  Duplicates: 0  Warnings: 0

+--------+------------+----------+--------------+--------------+-----------+-------------+----------+--------+------+------------+---------+---------------+
| Table  | Non_unique | Key_name | Seq_in_index | Column_name  | Collation | Cardinality | Sub_part | Packed | Null | Index_type | Comment | Index_comment |
+--------+------------+----------+--------------+--------------+-----------+-------------+----------+--------+------+------------+---------+---------------+
| tempts |          1 | idxtts1  |            1 | device       | A         |       10305 |     NULL | NULL   | YES  | BTREE      |         |               |
| tempts |          1 | idxtts2  |            1 | sessionstart | A         |       10305 |     NULL | NULL   | YES  | BTREE      |         |               |
+--------+------------+----------+--------------+--------------+-----------+-------------+----------+--------+------+------------+---------+---------------+
2 rows in set (0.00 sec)

Query OK, 10070 rows affected (13.02 sec)
Records: 10070  Duplicates: 0  Warnings: 0

Query OK, 0 rows affected (0.13 sec)

Query OK, 11048 rows affected (2 min 18.24 sec)
Records: 11048  Duplicates: 0  Warnings: 0

+-------------+
| rep_tsstats |
+-------------+
|       11048 |
+-------------+
1 row in set (0.01 sec)

mysql> mysql \. C:\workspace\cloud\code\sql\_DailyScript\DAILY-SCRIPT-RADIO-STATS.sql
Database changed
Query OK, 0 rows affected (0.10 sec)

Query OK, 81199 rows affected (2.22 sec)
Records: 81199  Duplicates: 0  Warnings: 0

+-----------+------------+----------+--------------+--------------+-----------+-------------+----------+--------+------+------------+---------+---------------+
| Table     | Non_unique | Key_name | Seq_in_index | Column_name  | Collation | Cardinality | Sub_part | Packed | Null | Index_type | Comment | Index_comment |
+-----------+------------+----------+--------------+--------------+-----------+-------------+----------+--------+------+------------+---------+---------------+
| tempradio |          1 | idxtrad1 |            1 | device       | A         |       81109 |     NULL | NULL   | YES  | BTREE      |         |               |
| tempradio |          1 | idxtrad2 |            1 | sessionstart | A         |       81109 |     NULL | NULL   | YES  | BTREE      |         |               |
+-----------+------------+----------+--------------+--------------+-----------+-------------+----------+--------+------+------------+---------+---------------+
2 rows in set (0.00 sec)

Query OK, 329 rows affected (2.77 sec)
Records: 329  Duplicates: 0  Warnings: 0

Query OK, 0 rows affected (0.01 sec)

Query OK, 1418 rows affected (0.33 sec)
Records: 1418  Duplicates: 0  Warnings: 0

+----------------+
| rep_radiostats |
+----------------+
|           1418 |
+----------------+
1 row in set (0.00 sec)

mysql> mysql \. C:\workspace\cloud\code\sql\_DailyScript\DAILY_SCRIPT_TELEMETRY_PIVOT.sql
Query OK, 0 rows affected (0.00 sec)

Query OK, 169 rows affected (0.33 sec)
Records: 169  Duplicates: 0  Warnings: 0

Query OK, 0 rows affected (0.01 sec)

Query OK, 942 rows affected (0.83 sec)
Records: 942  Duplicates: 0  Warnings: 0

Query OK, 0 rows affected (0.00 sec)

Query OK, 12 rows affected (0.02 sec)
Records: 12  Duplicates: 0  Warnings: 0

Query OK, 0 rows affected (0.01 sec)

Query OK, 47 rows affected (0.04 sec)
Records: 47  Duplicates: 0  Warnings: 0

mysql> 
mysql> mysql \. C:\workspace\cloud\code\sql\_DailyScript\telemetry_livetv_ranking2018.sql
Query OK, 0 rows affected (0.03 sec)

Query OK, 169 rows affected (0.06 sec)
Records: 169  Duplicates: 0  Warnings: 0

mysql> mysql \. C:\workspace\cloud\code\sql\_DailyScript\telemetry_radio_ranking2018.sql
Query OK, 0 rows affected (0.00 sec)

Query OK, 12 rows affected (0.18 sec)
Records: 12  Duplicates: 0  Warnings: 0

mysql> mysql \. C:\workspace\cloud\code\sql\_DailyScript\telemetry_ts_ranking2018.sql
Query OK, 0 rows affected (0.00 sec)

Query OK, 47 rows affected (0.01 sec)
Records: 47  Duplicates: 0  Warnings: 0

mysql> mysql \. C:\workspace\cloud\code\sql\_DailyScript\telemetry_vod_ranking2018.sql
Query OK, 0 rows affected (0.02 sec)

Query OK, 942 rows affected (0.06 sec)
Records: 942  Duplicates: 0  Warnings: 0

mysql> mysql \. C:\workspace\cloud\code\sql\_DailyScript\telemetry_vod_ranking2018_1.sql
Query OK, 0 rows affected (0.24 sec)

Query OK, 942 rows affected (0.14 sec)
Records: 942  Duplicates: 0  Warnings: 0

mysql> mysql \. C:\workspace\cloud\code\sql\_DailyScript\telemetry_vod_ranking2018_2.sql
Query OK, 0 rows affected (0.07 sec)

Query OK, 942 rows affected (0.04 sec)
Records: 942  Duplicates: 0  Warnings: 0

mysql> 
mysql> mysql \. C:\workspace\cloud\code\sql\_DailyScript\DAILY-SCRIPT-CREATE-LOAD.sql
Database changed
Query OK, 0 rows affected (0.00 sec)

Query OK, 0 rows affected (0.00 sec)

Query OK, 0 rows affected (0.00 sec)

Database changed
Query OK, 0 rows affected (0.04 sec)

Query OK, 0 rows affected (0.01 sec)

Database changed
Query OK, 63988 rows affected (4.90 sec)
Records: 63988  Deleted: 0  Skipped: 0  Warnings: 0

Query OK, 0 rows affected (0.55 sec)
Records: 0  Duplicates: 0  Warnings: 0

Query OK, 0 rows affected (0.72 sec)
Records: 0  Duplicates: 0  Warnings: 0

Query OK, 0 rows affected (0.37 sec)
Records: 0  Duplicates: 0  Warnings: 0

Query OK, 0 rows affected (0.70 sec)
Records: 0  Duplicates: 0  Warnings: 0

Query OK, 0 rows affected (0.04 sec)

Query OK, 81730 rows affected (4.22 sec)
Records: 81730  Duplicates: 0  Warnings: 0

Query OK, 0 rows affected (0.33 sec)
Records: 0  Duplicates: 0  Warnings: 0

Query OK, 0 rows affected (0.07 sec)

Query OK, 63988 rows affected (3.30 sec)
Records: 63988  Duplicates: 0  Warnings: 0

Query OK, 0 rows affected (0.36 sec)
Records: 0  Duplicates: 0  Warnings: 0

Query OK, 0 rows affected (0.42 sec)
Records: 0  Duplicates: 0  Warnings: 0

Query OK, 0 rows affected (0.20 sec)
Records: 0  Duplicates: 0  Warnings: 0

+---------+
| clients |
+---------+
|   63988 |
+---------+
1 row in set (0.02 sec)

+---------------+
| clientaddress |
+---------------+
|         63988 |
+---------------+
1 row in set (0.02 sec)

Database changed
Query OK, 0 rows affected (0.01 sec)

Query OK, 0 rows affected (0.01 sec)

Database changed
Query OK, 446567 rows affected, 65535 warnings (26.03 sec)
Records: 446567  Deleted: 0  Skipped: 0  Warnings: 167756

Query OK, 0 rows affected (2.25 sec)
Records: 0  Duplicates: 0  Warnings: 0

Query OK, 0 rows affected (3.38 sec)
Records: 0  Duplicates: 0  Warnings: 0

Query OK, 0 rows affected (1.72 sec)
Records: 0  Duplicates: 0  Warnings: 0

Query OK, 0 rows affected (0.38 sec)

Query OK, 446567 rows affected (1 min 30.02 sec)
Records: 446567  Duplicates: 0  Warnings: 0

Query OK, 0 rows affected (3.52 sec)
Records: 0  Duplicates: 0  Warnings: 0

Query OK, 0 rows affected (1.87 sec)
Records: 0  Duplicates: 0  Warnings: 0

+-----------+
| contracts |
+-----------+
|    446567 |
+-----------+
1 row in set (0.19 sec)

+-----------------+
| contractaddress |
+-----------------+
|          446567 |
+-----------------+
1 row in set (0.15 sec)

Database changed
Query OK, 0 rows affected (0.06 sec)

Query OK, 0 rows affected (0.01 sec)

Query OK, 6208 rows affected (0.23 sec)
Records: 6208  Deleted: 0  Skipped: 0  Warnings: 0

Query OK, 0 rows affected (0.02 sec)

Query OK, 6178 rows affected (0.45 sec)
Records: 6178  Duplicates: 0  Warnings: 0

Query OK, 0 rows affected (0.04 sec)
Records: 0  Duplicates: 0  Warnings: 0

Query OK, 0 rows affected (0.08 sec)

Query OK, 5093 rows affected (0.13 sec)
Records: 5093  Duplicates: 0  Warnings: 0

Query OK, 0 rows affected (0.03 sec)
Records: 0  Duplicates: 0  Warnings: 0

+-------------------+
| contractdiscounts |
+-------------------+
|              6208 |
+-------------------+
1 row in set (0.00 sec)

+-------------------------+
| clientcontractdiscounts |
+-------------------------+
|                    6178 |
+-------------------------+
1 row in set (0.00 sec)

+----------------------------+
| clientcontractlastdiscount |
+----------------------------+
|                       5093 |
+----------------------------+
1 row in set (0.00 sec)

Database changed
Query OK, 0 rows affected (0.17 sec)

Query OK, 0 rows affected (0.01 sec)

Database changed
Query OK, 122548 rows affected (3.90 sec)
Records: 122548  Deleted: 0  Skipped: 0  Warnings: 0

Query OK, 0 rows affected (0.48 sec)
Records: 0  Duplicates: 0  Warnings: 0

Query OK, 0 rows affected (0.56 sec)
Records: 0  Duplicates: 0  Warnings: 0

Query OK, 0 rows affected (0.31 sec)
Records: 0  Duplicates: 0  Warnings: 0

Query OK, 0 rows affected (0.54 sec)
Records: 0  Duplicates: 0  Warnings: 0

Query OK, 0 rows affected (0.68 sec)
Records: 0  Duplicates: 0  Warnings: 0

Query OK, 0 rows affected (0.59 sec)
Records: 0  Duplicates: 0  Warnings: 0

Query OK, 0 rows affected (0.18 sec)

Query OK, 1520218 rows affected (3 min 47.54 sec)
Records: 1520218  Duplicates: 0  Warnings: 0

+---------+
| devices |
+---------+
|  122548 |
+---------+
1 row in set (0.15 sec)

+-----------------------+
| clientcontractdevices |
+-----------------------+
|               1520218 |
+-----------------------+
1 row in set (0.56 sec)

Query OK, 0 rows affected (0.11 sec)

Query OK, 122534 rows affected (9.44 sec)
Records: 122534  Duplicates: 0  Warnings: 0

+---------------------------+
| rep_clientcontractdevices |
+---------------------------+
|                    122534 |
+---------------------------+
1 row in set (0.04 sec)

Database changed
Query OK, 0 rows affected (0.21 sec)

Query OK, 0 rows affected (0.01 sec)

Query OK, 219008 rows affected (10.07 sec)
Records: 219008  Deleted: 0  Skipped: 0  Warnings: 0

Query OK, 0 rows affected (0.81 sec)
Records: 0  Duplicates: 0  Warnings: 0

Query OK, 0 rows affected (1.17 sec)
Records: 0  Duplicates: 0  Warnings: 0

Query OK, 0 rows affected (0.63 sec)
Records: 0  Duplicates: 0  Warnings: 0

Query OK, 0 rows affected (0.67 sec)
Records: 0  Duplicates: 0  Warnings: 0

+---------+
| tickets |
+---------+
|  219008 |
+---------+
1 row in set (0.08 sec)

Database changed
Query OK, 0 rows affected (0.04 sec)

Query OK, 0 rows affected (0.02 sec)

Query OK, 0 rows affected (0.01 sec)
Records: 0  Duplicates: 0  Warnings: 0

Query OK, 442070 rows affected, 38442 warnings (15.25 sec)
Records: 442070  Deleted: 0  Skipped: 0  Warnings: 38442

+-------------------+
| ticketassignments |
+-------------------+
|            442070 |
+-------------------+
1 row in set (0.15 sec)

Database changed
Query OK, 0 rows affected (0.03 sec)

Query OK, 0 rows affected (0.00 sec)

Query OK, 931722 rows affected (22.26 sec)
Records: 931722  Deleted: 0  Skipped: 0  Warnings: 0

Query OK, 0 rows affected (3.73 sec)
Records: 0  Duplicates: 0  Warnings: 0

Query OK, 0 rows affected (4.74 sec)
Records: 0  Duplicates: 0  Warnings: 0

Query OK, 0 rows affected (4.03 sec)
Records: 0  Duplicates: 0  Warnings: 0

Query OK, 0 rows affected (3.32 sec)
Records: 0  Duplicates: 0  Warnings: 0

+----------------+
| ticketcomments |
+----------------+
|         931722 |
+----------------+
1 row in set (0.35 sec)

Database changed
Query OK, 0 rows affected (0.02 sec)

Query OK, 0 rows affected (0.01 sec)

Query OK, 377022 rows affected (40.59 sec)
Records: 377022  Deleted: 0  Skipped: 0  Warnings: 0

Query OK, 0 rows affected (3.22 sec)
Records: 0  Duplicates: 0  Warnings: 0

+----------+
| comments |
+----------+
|   377022 |
+----------+
1 row in set (0.13 sec)

Database changed
Query OK, 0 rows affected (0.12 sec)

Query OK, 0 rows affected (0.01 sec)

Query OK, 443494 rows affected, 65535 warnings (1 min 4.33 sec)
Records: 443494  Deleted: 0  Skipped: 0  Warnings: 443495

Query OK, 0 rows affected (2.37 sec)
Records: 0  Duplicates: 0  Warnings: 0

Query OK, 0 rows affected (2.40 sec)
Records: 0  Duplicates: 0  Warnings: 0

Query OK, 0 rows affected (1.79 sec)
Records: 0  Duplicates: 0  Warnings: 0

Query OK, 0 rows affected (1.44 sec)
Records: 0  Duplicates: 0  Warnings: 0

Query OK, 0 rows affected (2.13 sec)
Records: 0  Duplicates: 0  Warnings: 0

+------------+
| devicesold |
+------------+
|     443494 |
+------------+
1 row in set (0.14 sec)

Database changed
Query OK, 0 rows affected (0.09 sec)

Query OK, 0 rows affected (0.01 sec)

Query OK, 1513563 rows affected (34.13 sec)
Records: 1513563  Deleted: 0  Skipped: 0  Warnings: 0

Query OK, 0 rows affected (5.30 sec)
Records: 0  Duplicates: 0  Warnings: 0

Query OK, 0 rows affected (5.69 sec)
Records: 0  Duplicates: 0  Warnings: 0

Query OK, 0 rows affected (6.64 sec)
Records: 0  Duplicates: 0  Warnings: 0

+------------------+
| contractservices |
+------------------+
|          1513563 |
+------------------+
1 row in set (0.53 sec)

Database changed
Query OK, 0 rows affected (0.10 sec)

Query OK, 0 rows affected (0.01 sec)

Query OK, 3267823 rows affected (3 min 23.86 sec)
Records: 3267823  Deleted: 0  Skipped: 0  Warnings: 0

Query OK, 0 rows affected (18.11 sec)
Records: 0  Duplicates: 0  Warnings: 0

Query OK, 0 rows affected (15.45 sec)
Records: 0  Duplicates: 0  Warnings: 0

Query OK, 0 rows affected (16.41 sec)
Records: 0  Duplicates: 0  Warnings: 0

Query OK, 0 rows affected (15.34 sec)
Records: 0  Duplicates: 0  Warnings: 0

+------------------+
| invoicescontents |
+------------------+
|          3267823 |
+------------------+
1 row in set (1.26 sec)

Database changed
Query OK, 0 rows affected (0.18 sec)

Query OK, 0 rows affected (0.00 sec)

Query OK, 2221374 rows affected (4 min 26.82 sec)
Records: 2221374  Deleted: 0  Skipped: 0  Warnings: 0

Query OK, 0 rows affected (1 min 26.33 sec)
Records: 0  Duplicates: 0  Warnings: 0

Query OK, 0 rows affected (30.20 sec)
Records: 0  Duplicates: 0  Warnings: 0

Query OK, 0 rows affected (25.62 sec)
Records: 0  Duplicates: 0  Warnings: 0

Query OK, 0 rows affected (25.28 sec)
Records: 0  Duplicates: 0  Warnings: 0

Query OK, 0 rows affected (25.14 sec)
Records: 0  Duplicates: 0  Warnings: 0

+----------------+
| invoicesheader |
+----------------+
|        2221374 |
+----------------+
1 row in set (2.65 sec)

Database changed
Query OK, 0 rows affected (0.15 sec)

Query OK, 0 rows affected (0.00 sec)

Query OK, 2392754 rows affected (1 min 50.46 sec)
Records: 2392754  Deleted: 0  Skipped: 0  Warnings: 0

Query OK, 0 rows affected (10.64 sec)
Records: 0  Duplicates: 0  Warnings: 0

Query OK, 0 rows affected (10.64 sec)
Records: 0  Duplicates: 0  Warnings: 0

Query OK, 0 rows affected (11.32 sec)
Records: 0  Duplicates: 0  Warnings: 0

Query OK, 0 rows affected (10.37 sec)
Records: 0  Duplicates: 0  Warnings: 0

+---------+
| casa    |
+---------+
| 2392754 |
+---------+
1 row in set (0.89 sec)

Database changed
Query OK, 0 rows affected (0.06 sec)

Query OK, 0 rows affected (0.00 sec)

Database changed
Query OK, 36683 rows affected (1.27 sec)
Records: 36683  Deleted: 0  Skipped: 0  Warnings: 0

+-------+
| users |
+-------+
| 36683 |
+-------+
1 row in set (0.02 sec)

Database changed
Query OK, 0 rows affected (0.02 sec)

Query OK, 0 rows affected (0.13 sec)

Database changed
Query OK, 4250013 rows affected (1 min 47.17 sec)
Records: 4250013  Deleted: 0  Skipped: 0  Warnings: 0

+---------+
| ipusage |
+---------+
| 4250013 |
+---------+
1 row in set (2.22 sec)

mysql> mysql \. C:\workspace\cloud\code\sql\_DailyScript\ticket_analysis.sql
Database changed
Query OK, 0 rows affected (0.07 sec)

Query OK, 292713 rows affected (22.45 sec)
Records: 292713  Duplicates: 0  Warnings: 0

Query OK, 0 rows affected (1.42 sec)
Records: 0  Duplicates: 0  Warnings: 0

Query OK, 0 rows affected (0.88 sec)
Records: 0  Duplicates: 0  Warnings: 0

Query OK, 0 rows affected (1.00 sec)
Records: 0  Duplicates: 0  Warnings: 0

Query OK, 0 rows affected (0.05 sec)

Query OK, 11360 rows affected (6.64 sec)
Records: 11360  Duplicates: 0  Warnings: 0

Query OK, 0 rows affected, 1 warning (0.00 sec)

Query OK, 39959 rows affected (4.72 sec)
Records: 39959  Duplicates: 0  Warnings: 0

Query OK, 0 rows affected, 1 warning (0.00 sec)

Query OK, 205764 rows affected (8.60 sec)
Records: 205764  Duplicates: 0  Warnings: 0

Query OK, 0 rows affected, 1 warning (0.00 sec)

Query OK, 205764 rows affected (9.98 sec)
Records: 205764  Duplicates: 0  Warnings: 0

Query OK, 0 rows affected (0.02 sec)

Query OK, 39995 rows affected (3.36 sec)
Records: 39995  Duplicates: 0  Warnings: 0

Query OK, 0 rows affected (0.00 sec)

Query OK, 70 rows affected (0.26 sec)
Records: 70  Duplicates: 0  Warnings: 0

mysql> mysql \. C:\workspace\cloud\code\sql\_DailyScript\load_DailyCalls.sql
Database changed
Query OK, 0 rows affected (0.00 sec)

Query OK, 0 rows affected (0.00 sec)

Query OK, 289 rows affected (1.06 sec)
Records: 289  Deleted: 0  Skipped: 0  Warnings: 0

Query OK, 0 rows affected, 1 warning (0.00 sec)

Query OK, 275 rows affected (0.22 sec)
Records: 275  Duplicates: 0  Warnings: 0

Query OK, 0 rows affected, 1 warning (0.00 sec)

Query OK, 64804 rows affected (1.47 sec)
Records: 64804  Duplicates: 0  Warnings: 0

Query OK, 381 rows affected (6.68 sec)
Records: 381  Duplicates: 0  Warnings: 0

Query OK, 0 rows affected (0.03 sec)

Query OK, 172 rows affected (19.95 sec)
Records: 172  Duplicates: 0  Warnings: 0

Query OK, 0 rows affected (0.00 sec)

Query OK, 10907 rows affected (1.65 sec)
Records: 10907  Duplicates: 0  Warnings: 0

+-----------+
| callstats |
+-----------+
|     10907 |
+-----------+
1 row in set (0.00 sec)

mysql> 
mysql> mysql \. C:\workspace\cloud\code\sql\_DailyScript\DAILY-SCRIPT-USAGE.sql
Database changed
Query OK, 0 rows affected (0.00 sec)

Query OK, 0 rows affected (0.00 sec)

Query OK, 0 rows affected (0.00 sec)

Query OK, 2827 rows affected, 8161 warnings (3.54 sec)
Records: 2827  Deleted: 0  Skipped: 0  Warnings: 8161

Query OK, 0 rows affected (0.00 sec)

Query OK, 5879 rows affected, 16871 warnings (2.62 sec)
Records: 5879  Deleted: 0  Skipped: 0  Warnings: 16871

Query OK, 0 rows affected (0.00 sec)

Query OK, 63 rows affected, 219 warnings (0.04 sec)
Records: 63  Deleted: 0  Skipped: 0  Warnings: 219

Query OK, 0 rows affected (0.00 sec)

Query OK, 258 rows affected, 890 warnings (0.05 sec)
Records: 258  Deleted: 0  Skipped: 0  Warnings: 890

+------------+
| dailyusage |
+------------+
|    2578082 |
+------------+
1 row in set (4.94 sec)

+------------+------------+------------+---------+
| datestart  | dateend    | insertedon | records |
+------------+------------+------------+---------+
| 2018-09-09 | 2018-09-09 | 2018-09-10 |    9027 |
| 2018-09-08 | 2018-09-08 | 2018-09-09 |    9506 |
| 2018-09-07 | 2018-09-07 | 2018-09-08 |    9243 |
| 2018-09-06 | 2018-09-06 | 2018-09-07 |    9104 |
| 2018-09-05 | 2018-09-05 | 2018-09-06 |    9257 |
+------------+------------+------------+---------+
5 rows in set (1 min 37.14 sec)

mysql> mysql \. C:\workspace\cloud\code\sql\_DailyScript\DAILY-SCRIPT-SALES-TELEMETRY.sql
Database changed
Query OK, 12 rows affected (0.13 sec)
Records: 12  Deleted: 0  Skipped: 0  Warnings: 0

+------------+
| dailysales |
+------------+
|     119917 |
+------------+
1 row in set (1.39 sec)

Query OK, 0 rows affected (0.66 sec)

Query OK, 119917 rows affected (14.40 sec)
Records: 119917  Duplicates: 0  Warnings: 0

+--------+
| sales  |
+--------+
| 119917 |
+--------+
1 row in set (0.07 sec)

Query OK, 0 rows affected (0.00 sec)

Query OK, 2078 rows affected (0.53 sec)
Records: 2078  Duplicates: 0  Warnings: 0

+-----------+
| saleslist |
+-----------+
|      2078 |
+-----------+
1 row in set (0.00 sec)

Database changed
Query OK, 3 rows affected (0.16 sec)
Records: 3  Deleted: 0  Skipped: 0  Warnings: 0

+------------------+
| dailysinglesales |
+------------------+
|             4685 |
+------------------+
1 row in set (0.02 sec)

Database changed
Query OK, 10 rows affected (0.05 sec)
Records: 10  Deleted: 0  Skipped: 0  Warnings: 0

+-----------------+
| dailyaddonsales |
+-----------------+
|           12391 |
+-----------------+
1 row in set (0.75 sec)

Query OK, 51 rows affected (0.18 sec)
Records: 51  Deleted: 0  Skipped: 0  Warnings: 0

+----------------+
| onlinepayments |
+----------------+
|          30610 |
+----------------+
1 row in set (0.07 sec)

+-------------+----------------+---------------------+
| paymentdate | onlinepayments | onlinepaymentamount |
+-------------+----------------+---------------------+
| 2018-09-09  |             51 |         29386.32000 |
| 2018-09-08  |             47 |         22466.35000 |
| 2018-09-07  |             69 |         44907.10000 |
| 2018-09-06  |             76 |         39975.06000 |
| 2018-09-05  |             63 |         39795.35000 |
+-------------+----------------+---------------------+
5 rows in set (1.70 sec)

+-------------+--------------+----------------+---------------------+
| paymentyear | paymentmonth | onlinepayments | onlinepaymentamount |
+-------------+--------------+----------------+---------------------+
|        2018 |            9 |            714 |        445925.17000 |
|        2018 |            8 |           2677 |       1480347.51000 |
|        2018 |            7 |           2521 |       1406138.40000 |
|        2018 |            6 |           2465 |       1394365.47000 |
|        2018 |            5 |           2330 |       1252012.49000 |
+-------------+--------------+----------------+---------------------+
5 rows in set (0.04 sec)

mysql> 
mysql> mysql \. C:\workspace\cloud\code\sql\_DailyScript\DAILY-SCRIPT-ACTIVENUMBERS.sql
Database changed
Query OK, 0 rows affected (0.00 sec)

Query OK, 1315 rows affected (1.12 sec)
Records: 1315  Deleted: 0  Skipped: 0  Warnings: 0

Query OK, 0 rows affected (0.00 sec)

Query OK, 87 rows affected (2.00 sec)
Records: 87  Duplicates: 0  Warnings: 0

+------------+----------+
| period     | count(1) |
+------------+----------+
| 2018-09-09 |     1315 |
| 2018-09-08 |     1319 |
| 2018-09-07 |     1320 |
| 2018-09-06 |     1318 |
| 2018-09-05 |     1318 |
+------------+----------+
5 rows in set (0.00 sec)

Database changed
Query OK, 0 rows affected (0.00 sec)

Query OK, 0 rows affected (0.00 sec)

Query OK, 0 rows affected (0.00 sec)

Query OK, 0 rows affected (0.00 sec)

Query OK, 26376 rows affected, 256 warnings (2 min 6.66 sec)
Records: 26376  Deleted: 0  Skipped: 0  Warnings: 256

+------------+----------+
| period     | count(1) |
+------------+----------+
| 2018-09-09 |    26376 |
| 2018-09-08 |    26596 |
| 2018-09-07 |    26675 |
| 2018-09-06 |    26667 |
| 2018-09-05 |    26741 |
+------------+----------+
5 rows in set (0.10 sec)

Query OK, 0 rows affected (0.08 sec)

Query OK, 25716 rows affected (2 min 30.79 sec)
Records: 25716  Duplicates: 0  Warnings: 0

Query OK, 0 rows affected (0.52 sec)
Records: 0  Duplicates: 0  Warnings: 0

Query OK, 0 rows affected (0.41 sec)
Records: 0  Duplicates: 0  Warnings: 0

Query OK, 0 rows affected (0.20 sec)
Records: 0  Duplicates: 0  Warnings: 0

Query OK, 0 rows affected (0.18 sec)
Records: 0  Duplicates: 0  Warnings: 0

Query OK, 0 rows affected (0.09 sec)
Records: 0  Duplicates: 0  Warnings: 0

Query OK, 0 rows affected (0.28 sec)
Records: 0  Duplicates: 0  Warnings: 0

+----------+
| count(1) |
+----------+
| 19642811 |
+----------+
1 row in set (53.19 sec)

Query OK, 25716 rows affected (59.73 sec)
Records: 25716  Duplicates: 0  Warnings: 0

+----------+
| count(1) |
+----------+
| 19668527 |
+----------+
1 row in set (12.25 sec)

+------------+--------------------------+
| period     | customercontractactivity |
+------------+--------------------------+
| 2018-09-09 |                    25716 |
| 2018-09-08 |                    25936 |
| 2018-09-07 |                    26015 |
| 2018-09-06 |                    26007 |
| 2018-09-05 |                    26081 |
+------------+--------------------------+
5 rows in set (0.05 sec)

Query OK, 0 rows affected (0.25 sec)

Query OK, 182709 rows affected (10 min 21.67 sec)
Records: 182709  Duplicates: 0  Warnings: 0

Query OK, 0 rows affected (0.03 sec)

Query OK, 245 rows affected (0.55 sec)
Records: 245  Duplicates: 0  Warnings: 0

Query OK, 0 rows affected (0.00 sec)

Query OK, 2307 rows affected (0.63 sec)
Records: 2307  Duplicates: 0  Warnings: 0

Query OK, 0 rows affected (0.02 sec)

Query OK, 25709 rows affected (0.82 sec)
Records: 25709  Duplicates: 0  Warnings: 0

Query OK, 0 rows affected (0.03 sec)

Query OK, 16984 rows affected (0.57 sec)
Records: 16984  Duplicates: 0  Warnings: 0

Query OK, 0 rows affected (0.00 sec)

Query OK, 16984 rows affected (0.19 sec)
Records: 16984  Duplicates: 0  Warnings: 0

Query OK, 0 rows affected (0.02 sec)

Query OK, 16984 rows affected (2.24 sec)
Records: 16984  Duplicates: 0  Warnings: 0

Query OK, 0 rows affected (0.05 sec)

Query OK, 16984 rows affected (54.53 sec)
Records: 16984  Duplicates: 0  Warnings: 0

+-------------+
| clientstats |
+-------------+
|       16984 |
+-------------+
1 row in set (0.00 sec)

Query OK, 0 rows affected (0.01 sec)

Query OK, 12 rows affected, 1 warning (0.10 sec)
Records: 12  Duplicates: 0  Warnings: 1

+-----------------------+-------------+-------------+----------------+-----------------+
| services              | activecount | allaccounts | uniqueaccounts | uniquecontracts |
+-----------------------+-------------+-------------+----------------+-----------------+
| All                   |          90 |          20 |             20 |              63 |
| Internet & Voice      |         485 |         226 |            226 |             446 |
| Internet Only         |        4139 |        4004 |           3996 |            4080 |
| TV & Internet         |        8762 |        3826 |           3822 |            7798 |
| TV & Internet & OTT   |        1044 |         306 |            306 |             623 |
| TV & Internet & Voice |         574 |         164 |            164 |             509 |
| TV & OTT              |          81 |          23 |             23 |              24 |
| TV & Voice            |         127 |          54 |             54 |             110 |
| TV & Voice & OTT      |          11 |           1 |              1 |               3 |
| TV Only               |       10894 |        8130 |           8125 |            8334 |
| Voice Only            |         231 |         230 |            230 |             231 |
| GRAND TOTAL           |       26438 |       16984 |          16933 |           22221 |
+-----------------------+-------------+-------------+----------------+-----------------+
12 rows in set (0.00 sec)

+-------------+-------------+-------------+----------------+-----------------+
| network     | activecount | allaccounts | uniqueaccounts | uniquecontracts |
+-------------+-------------+-------------+----------------+-----------------+
| ADDON       |           7 |           3 |              3 |               3 |
| GPON        |        5642 |        2914 |           2914 |            4385 |
| HFC         |       20789 |       14067 |          14067 |           17833 |
| GRAND TOTAL |       26438 |       16984 |          16933 |           22221 |
+-------------+-------------+-------------+----------------+-----------------+
4 rows in set, 1 warning (0.14 sec)

+-------------+-----------------------+-------------+-------------+----------------+-----------------+
| network     | services              | activecount | allaccounts | uniqueaccounts | uniquecontracts |
+-------------+-----------------------+-------------+-------------+----------------+-----------------+
| ADDON       | TV & OTT              |           4 |           1 |              1 |               1 |
| ADDON       | TV Only               |           3 |           2 |              2 |               2 |
| ADDON       | Services Total        |           7 |           3 |              3 |               3 |
| GPON        | All                   |          18 |           4 |              4 |              13 |
| GPON        | Internet & Voice      |          46 |          17 |             17 |              36 |
| GPON        | Internet Only         |         719 |         641 |            641 |             661 |
| GPON        | TV & Internet         |        2689 |        1105 |           1105 |            2281 |
| GPON        | TV & Internet & OTT   |         439 |         119 |            119 |             246 |
| GPON        | TV & Internet & Voice |         110 |          30 |             30 |              94 |
| GPON        | TV & OTT              |          39 |           9 |              9 |              10 |
| GPON        | TV & Voice            |          40 |          16 |             16 |              34 |
| GPON        | TV Only               |        1532 |         963 |            963 |            1000 |
| GPON        | Voice Only            |          10 |          10 |             10 |              10 |
| GPON        | Services Total        |        5642 |        2914 |           2914 |            4385 |
| HFC         | All                   |          72 |          16 |             16 |              50 |
| HFC         | Internet & Voice      |         439 |         209 |            209 |             410 |
| HFC         | Internet Only         |        3420 |        3363 |           3363 |            3419 |
| HFC         | TV & Internet         |        6073 |        2721 |           2721 |            5517 |
| HFC         | TV & Internet & OTT   |         605 |         187 |            187 |             377 |
| HFC         | TV & Internet & Voice |         464 |         134 |            134 |             415 |
| HFC         | TV & OTT              |          38 |          13 |             13 |              13 |
| HFC         | TV & Voice            |          87 |          38 |             38 |              76 |
| HFC         | TV & Voice & OTT      |          11 |           1 |              1 |               3 |
| HFC         | TV Only               |        9359 |        7165 |           7165 |            7332 |
| HFC         | Voice Only            |         221 |         220 |            220 |             221 |
| HFC         | Services Total        |       20789 |       14067 |          14067 |           17833 |
| GRAND TOTAL | Services Total        |       26438 |       16984 |          16933 |           22221 |
+-------------+-----------------------+-------------+-------------+----------------+-----------------+
27 rows in set, 2 warnings (0.14 sec)

Query OK, 0 rows affected (0.00 sec)

Query OK, 43 rows affected, 3 warnings (0.22 sec)
Records: 43  Duplicates: 0  Warnings: 3

+-------------+---------------+-----------------------+-------------+-------------+----------------+-----------------+
| region      | network       | services              | activecount | allaccounts | uniqueaccounts | uniquecontracts |
+-------------+---------------+-----------------------+-------------+-------------+----------------+-----------------+
| Mahe        | ADDON         | TV & OTT              |           4 |           1 |              1 |               1 |
| Mahe        | ADDON         | TV Only               |           2 |           1 |              1 |               1 |
| Mahe        | ADDON         | Services Total        |           6 |           2 |              2 |               2 |
| Mahe        | GPON          | All                   |           9 |           2 |              2 |               6 |
| Mahe        | GPON          | Internet & Voice      |          40 |          14 |             14 |              30 |
| Mahe        | GPON          | Internet Only         |         528 |         450 |            450 |             470 |
| Mahe        | GPON          | TV & Internet         |        1703 |         689 |            689 |            1419 |
| Mahe        | GPON          | TV & Internet & OTT   |         246 |          66 |             66 |             133 |
| Mahe        | GPON          | TV & Internet & Voice |          86 |          23 |             23 |              71 |
| Mahe        | GPON          | TV & OTT              |          26 |           5 |              5 |               6 |
| Mahe        | GPON          | TV & Voice            |          40 |          16 |             16 |              34 |
| Mahe        | GPON          | TV Only               |        1093 |         646 |            646 |             664 |
| Mahe        | GPON          | Voice Only            |           6 |           6 |              6 |               6 |
| Mahe        | GPON          | Services Total        |        3777 |        1917 |           1917 |            2839 |
| Mahe        | HFC           | All                   |          72 |          16 |             16 |              50 |
| Mahe        | HFC           | Internet & Voice      |         439 |         209 |            209 |             410 |
| Mahe        | HFC           | Internet Only         |        3420 |        3363 |           3363 |            3419 |
| Mahe        | HFC           | TV & Internet         |        6073 |        2721 |           2721 |            5517 |
| Mahe        | HFC           | TV & Internet & OTT   |         605 |         187 |            187 |             377 |
| Mahe        | HFC           | TV & Internet & Voice |         464 |         134 |            134 |             415 |
| Mahe        | HFC           | TV & OTT              |          38 |          13 |             13 |              13 |
| Mahe        | HFC           | TV & Voice            |          87 |          38 |             38 |              76 |
| Mahe        | HFC           | TV & Voice & OTT      |          11 |           1 |              1 |               3 |
| Mahe        | HFC           | TV Only               |        9357 |        7164 |           7164 |            7331 |
| Mahe        | HFC           | Voice Only            |         221 |         220 |            220 |             221 |
| Mahe        | HFC           | Services Total        |       20787 |       14066 |          14066 |           17832 |
| Mahe        | Network Total | Services Total        |       24570 |       15985 |          15935 |           20673 |
| Praslin     | ADDON         | TV Only               |           1 |           1 |              1 |               1 |
| Praslin     | ADDON         | Services Total        |           1 |           1 |              1 |               1 |
| Praslin     | GPON          | All                   |           9 |           2 |              2 |               7 |
| Praslin     | GPON          | Internet & Voice      |           6 |           3 |              3 |               6 |
| Praslin     | GPON          | Internet Only         |         191 |         191 |            191 |             191 |
| Praslin     | GPON          | TV & Internet         |         986 |         416 |            416 |             862 |
| Praslin     | GPON          | TV & Internet & OTT   |         193 |          53 |             53 |             113 |
| Praslin     | GPON          | TV & Internet & Voice |          24 |           7 |              7 |              23 |
| Praslin     | GPON          | TV & OTT              |          13 |           4 |              4 |               4 |
| Praslin     | GPON          | TV Only               |         439 |         317 |            317 |             336 |
| Praslin     | GPON          | Voice Only            |           4 |           4 |              4 |               4 |
| Praslin     | GPON          | Services Total        |        1865 |         997 |            997 |            1546 |
| Praslin     | HFC           | TV Only               |           2 |           1 |              1 |               1 |
| Praslin     | HFC           | Services Total        |           2 |           1 |              1 |               1 |
| Praslin     | Network Total | Services Total        |        1868 |         999 |            998 |            1548 |
| GRAND TOTAL | Network Total | Services Total        |       26438 |       16984 |          16933 |           22221 |
+-------------+---------------+-----------------------+-------------+-------------+----------------+-----------------+
43 rows in set (0.00 sec)

Query OK, 0 rows affected (0.00 sec)

Query OK, 25710 rows affected (0.82 sec)
Records: 25710  Duplicates: 0  Warnings: 0

Query OK, 0 rows affected (0.02 sec)

Query OK, 1551 rows affected (3.80 sec)
Records: 1551  Duplicates: 0  Warnings: 0

Query OK, 9 rows affected (1 min 46.11 sec)

Query OK, 0 rows affected (0.00 sec)

Query OK, 408 rows affected (15 min 2.15 sec)
Records: 408  Duplicates: 0  Warnings: 0

+---------------------------+
| retentioncustomeractivity |
+---------------------------+
|                       408 |
+---------------------------+
1 row in set (0.01 sec)

mysql> 
mysql> 
mysql> mysql \. C:\workspace\cloud\code\sql\_DailyScript\reports-sales-addons-prepaid-camera.sql
Database changed
Query OK, 0 rows affected (0.08 sec)

Query OK, 2832 rows affected (0.30 sec)
Records: 2832  Duplicates: 0  Warnings: 0

Query OK, 0 rows affected (0.04 sec)

Query OK, 12400 rows affected (16.75 sec)
Records: 12400  Duplicates: 0  Warnings: 0

+--------------------+
| rep_prepaid_camera |
+--------------------+
|               2832 |
+--------------------+
1 row in set (0.00 sec)

+-----------+
| rep_addon |
+-----------+
|     12400 |
+-----------+
1 row in set (0.00 sec)

mysql> mysql \. C:\workspace\cloud\code\sql\_DailyScript\housing-estate-analysis.sql
Database changed
Query OK, 0 rows affected (0.01 sec)

Query OK, 2622 rows affected (12.79 sec)
Records: 2622  Duplicates: 0  Warnings: 0

+--------------------+
| rep_housingestates |
+--------------------+
|               2622 |
+--------------------+
1 row in set (0.02 sec)

mysql> 
mysql> mysql \. C:\workspace\cloud\code\sql\_DailyScript\sales-to-activenumber.sql
Database changed
Query OK, 0 rows affected (0.02 sec)

Query OK, 10298 rows affected (19 min 18.25 sec)
Records: 10298  Duplicates: 0  Warnings: 0

Query OK, 0 rows affected (0.05 sec)

Query OK, 30944 rows affected (20 min 14.56 sec)
Records: 30944  Duplicates: 0  Warnings: 0

mysql> mysql \. C:\workspace\cloud\code\sql\_DailyScript\RCB_ClientAnalyticsReport_Script.sql
Database changed
Query OK, 0 rows affected (0.00 sec)

Query OK, 0 rows affected (0.20 sec)

Query OK, 1517899 rows affected (2 min 32.88 sec)
Records: 1517899  Duplicates: 0  Warnings: 0

Query OK, 0 rows affected (5.72 sec)
Records: 0  Duplicates: 0  Warnings: 0

Query OK, 0 rows affected (6.68 sec)
Records: 0  Duplicates: 0  Warnings: 0

Query OK, 0 rows affected (10.86 sec)
Records: 0  Duplicates: 0  Warnings: 0

Query OK, 0 rows affected (8.74 sec)
Records: 0  Duplicates: 0  Warnings: 0

Query OK, 0 rows affected (9.08 sec)
Records: 0  Duplicates: 0  Warnings: 0

Query OK, 0 rows affected (8.20 sec)
Records: 0  Duplicates: 0  Warnings: 0

Query OK, 0 rows affected (0.00 sec)

Query OK, 406835 rows affected (22.22 sec)
Rows matched: 1517899  Changed: 406835  Warnings: 0

Query OK, 0 rows affected (0.02 sec)

Query OK, 26738 rows affected (3.79 sec)
Records: 26738  Duplicates: 0  Warnings: 0

Query OK, 0 rows affected (0.07 sec)

Query OK, 40960 rows affected (11 min 30.27 sec)
Records: 40960  Duplicates: 0  Warnings: 0

Query OK, 0 rows affected (0.50 sec)
Records: 0  Duplicates: 0  Warnings: 0

Query OK, 0 rows affected (0.32 sec)
Records: 0  Duplicates: 0  Warnings: 0

Query OK, 0 rows affected (0.22 sec)
Records: 0  Duplicates: 0  Warnings: 0

Query OK, 0 rows affected (0.11 sec)

Query OK, 385225 rows affected (10 min 19.30 sec)
Records: 385225  Duplicates: 0  Warnings: 0

Query OK, 0 rows affected (2.84 sec)
Records: 0  Duplicates: 0  Warnings: 0

Query OK, 0 rows affected (2.44 sec)
Records: 0  Duplicates: 0  Warnings: 0

Query OK, 0 rows affected (1.94 sec)
Records: 0  Duplicates: 0  Warnings: 0

Query OK, 0 rows affected (2.27 sec)
Records: 0  Duplicates: 0  Warnings: 0

Query OK, 0 rows affected (1.25 sec)
Records: 0  Duplicates: 0  Warnings: 0

Query OK, 0 rows affected (0.02 sec)

Query OK, 40960 rows affected (1 min 26.01 sec)
Records: 40960  Duplicates: 0  Warnings: 0

+--------------+
| clientreport |
+--------------+
|        40960 |
+--------------+
1 row in set (0.02 sec)

Query OK, 0 rows affected (0.03 sec)

Query OK, 40960 rows affected (8.45 sec)
Records: 40960  Duplicates: 0  Warnings: 0

+----------------------+
| clientextendedreport |
+----------------------+
|                40960 |
+----------------------+
1 row in set (0.01 sec)

Query OK, 0 rows affected (0.03 sec)

Query OK, 40960 rows affected (51.16 sec)
Records: 40960  Duplicates: 0  Warnings: 0

+---------+
| allcust |
+---------+
|   40960 |
+---------+
1 row in set (0.02 sec)

Query OK, 0 rows affected, 1 warning (0.01 sec)

Query OK, 5000 rows affected (0.43 sec)
Records: 5000  Duplicates: 0  Warnings: 0

Query OK, 0 rows affected (0.01 sec)

Query OK, 7093 rows affected (1.23 sec)
Records: 7093  Duplicates: 0  Warnings: 0

Query OK, 0 rows affected, 1 warning (0.00 sec)

Query OK, 5000 rows affected (0.24 sec)
Records: 5000  Duplicates: 0  Warnings: 0

Query OK, 0 rows affected (0.00 sec)

Query OK, 7410 rows affected (0.42 sec)
Records: 7410  Duplicates: 0  Warnings: 0

mysql> mysql \. C:\workspace\cloud\code\sql\_DailyScript\REVENUE_PER_NODE_MXK.sql
Query OK, 0 rows affected, 1 warning (0.00 sec)

Query OK, 4440 rows affected (1 min 43.39 sec)
Records: 4440  Duplicates: 0  Warnings: 0

Query OK, 0 rows affected, 1 warning (0.00 sec)

Query OK, 4585 rows affected (4 min 47.76 sec)
Records: 4585  Duplicates: 0  Warnings: 0

Query OK, 0 rows affected (0.01 sec)

Query OK, 4937 rows affected (0.26 sec)
Records: 4937  Duplicates: 0  Warnings: 0

Query OK, 0 rows affected (0.00 sec)

Query OK, 0 rows affected (0.00 sec)

Query OK, 0 rows affected, 1 warning (0.00 sec)

Query OK, 37530 rows affected (1 min 1.14 sec)
Records: 37530  Duplicates: 0  Warnings: 0

Query OK, 0 rows affected, 1 warning (0.00 sec)

Query OK, 27032 rows affected (28.68 sec)
Records: 27032  Duplicates: 0  Warnings: 0

Query OK, 0 rows affected (0.02 sec)

Query OK, 18524 rows affected (1.42 sec)
Records: 18524  Duplicates: 0  Warnings: 0

Query OK, 0 rows affected (0.07 sec)

Query OK, 0 rows affected (0.00 sec)

Query OK, 0 rows affected (0.05 sec)

Query OK, 23461 rows affected (1.67 sec)
Records: 23461  Duplicates: 0  Warnings: 0

Query OK, 0 rows affected (0.02 sec)

Query OK, 405694 rows affected (1 min 4.46 sec)
Records: 405694  Duplicates: 0  Warnings: 0

Query OK, 0 rows affected (0.08 sec)

Query OK, 1445131 rows affected (5 min 27.00 sec)
Records: 1445131  Duplicates: 0  Warnings: 0

Query OK, 0 rows affected (0.10 sec)

Query OK, 1665163 rows affected (3 min 54.00 sec)
Records: 1665163  Duplicates: 0  Warnings: 0

Query OK, 0 rows affected (0.10 sec)

Query OK, 56428 rows affected (11.42 sec)
Records: 56428  Duplicates: 0  Warnings: 0

Query OK, 0 rows affected (0.03 sec)

Query OK, 20463 rows affected (8.88 sec)
Records: 20463  Duplicates: 0  Warnings: 0

Query OK, 0 rows affected (0.03 sec)

Query OK, 40960 rows affected (2.81 sec)
Records: 40960  Duplicates: 0  Warnings: 0

+-----------+------------------------------------+------------+-------------+-----------------+------------------+---------------------+-------------------+
| HFC_NODE  | NODENAME                           | CMTS_DATE  | REPORT_DATE | UNIQUE_ACCOUNTS | UNIQUE_CONTRACTS | UNIQUE_MAC_INRCBOSS | UNIQUE_MAC_INCMTS |
+-----------+------------------------------------+------------+-------------+-----------------+------------------+---------------------+-------------------+
| NULL      | NULL                               | NULL       | 2018-09-10  |            9327 |             9894 |               10039 |                 0 |
| C5/0/0/U0 | NULL                               | 2018-09-02 | 2018-09-10  |             131 |              138 |                 130 |               130 |
| C5/0/0/U1 | 500-C3-ANSE-BOILEAU                | 2018-09-02 | 2018-09-10  |             179 |              183 |                 179 |               180 |
| C5/0/1/U0 | 501-C4-LA-MISIERE-LEFT-I           | 2018-09-02 | 2018-09-10  |             200 |              210 |                 200 |               201 |
| C5/0/1/U1 | 501-C5-LA-MISIERE-RIGHT            | 2018-09-02 | 2018-09-10  |              96 |              101 |                  96 |                96 |
| C5/0/1/U2 | 501-C7-LA-MISIERE-LEFT-II          | 2018-09-02 | 2018-09-10  |             101 |              105 |                 100 |               101 |
| C5/0/2/U0 | 502-C8-LA-LOUISE                   | 2018-09-02 | 2018-09-10  |             143 |              147 |                 143 |               144 |
| C5/0/2/U1 | NULL                               | 2018-09-02 | 2018-09-10  |             141 |              145 |                 141 |               143 |
| C5/0/3/U0 | 504-C6-PETIT-PARIS                 | 2018-09-02 | 2018-09-10  |             162 |              166 |                 162 |               162 |
| C5/0/3/U1 | NULL                               | 2018-09-02 | 2018-09-10  |              58 |               58 |                  58 |                60 |
| C5/1/0/U0 | POINTE-LARUE-AIRPORT-23            | 2018-09-02 | 2018-09-10  |             116 |              124 |                 117 |               118 |
| C5/1/0/U1 | PPROVIDENCE-23                     | 2018-09-02 | 2018-09-10  |              26 |               28 |                  27 |                27 |
| C5/1/0/U2 | ROSHE-CAIMAN-23                    | 2018-09-02 | 2018-09-10  |              15 |               16 |                  15 |                15 |
| C5/1/0/U3 | HEAD-OFFICE | HO-23                | 2018-09-02 | 2018-09-10  |              18 |               19 |                  18 |                18 |
| C5/1/1/U1 | C5-UNION-VALE                      | 2018-09-02 | 2018-09-10  |             185 |              193 |                 185 |               187 |
| C5/1/2/U0 | FOUR-SEASONS                       | 2018-09-02 | 2018-09-10  |               6 |               24 |                  24 |                24 |
| C5/1/2/U1 | C10-ANCHOR CAFE                    | 2018-09-02 | 2018-09-10  |             154 |              159 |                 154 |               154 |
| C5/1/2/U2 | NULL                               | 2018-09-02 | 2018-09-10  |             149 |              155 |                 148 |               148 |
| C5/1/3/U0 | POINTE-LARUE-AIRPORT-27            | 2018-09-02 | 2018-09-10  |             135 |              141 |                 135 |               135 |
| C5/1/3/U1 | PPROVIDENCE-27                     | 2018-09-02 | 2018-09-10  |              35 |               38 |                  35 |                35 |
| C5/1/3/U2 | ROSHE-CAIMAN-27                    | 2018-09-02 | 2018-09-10  |              22 |               22 |                  22 |                22 |
| C5/1/3/U3 | HEAD-OFFICE | HO-27                | 2018-09-02 | 2018-09-10  |              25 |               26 |                  25 |                25 |
| C5/1/4/U0 | ANSE-ROYALE-27                     | 2018-09-02 | 2018-09-10  |             192 |              201 |                 193 |               197 |
| C5/1/4/U1 | NULL                               | 2018-09-02 | 2018-09-10  |             150 |              158 |                 150 |               151 |
| C5/1/4/U3 | NULL                               | 2018-09-02 | 2018-09-10  |              72 |               75 |                  72 |                75 |
| C6/0/1/U0 | SERRET-ROAD-RIGHT/CURIO/PASCAL     | 2018-09-02 | 2018-09-10  |             122 |              123 |                 123 |               123 |
| C6/0/1/U1 | SERRET-ROAD-LEFT/ST.LOUIS/TOWN     | 2018-09-02 | 2018-09-10  |             137 |              144 |                 137 |               137 |
| C6/0/1/U2 | NULL                               | 2018-09-02 | 2018-09-10  |             138 |              146 |                 137 |               139 |
| C6/0/1/U3 | NULL                               | 2018-09-02 | 2018-09-10  |             159 |              168 |                 159 |               159 |
| C6/0/2/U0 | NULL                               | 2018-09-02 | 2018-09-10  |              94 |               95 |                  94 |                94 |
| C6/0/2/U1 | NULL                               | 2018-09-02 | 2018-09-10  |             144 |              153 |                 143 |               144 |
| C6/0/2/U2 | NULL                               | 2018-09-02 | 2018-09-10  |             135 |              140 |                 135 |               136 |
| C6/0/2/U3 | NULL                               | 2018-09-02 | 2018-09-10  |              80 |               85 |                  80 |                80 |
| C6/0/3/U0 | LES-MAMELLES-23                    | 2018-09-02 | 2018-09-10  |              86 |               87 |                  86 |                86 |
| C6/0/3/U1 | VICTORIA-23                        | 2018-09-02 | 2018-09-10  |              49 |               53 |                  50 |                52 |
| C6/0/4/U0 | LES-MAMELLES-27                    | 2018-09-02 | 2018-09-10  |              67 |               69 |                  67 |                67 |
| C6/0/4/U1 | VICTORIA-27                        | 2018-09-02 | 2018-09-10  |              19 |               23 |                  21 |                22 |
| C7/1/0/U0 | LA-RETRAITE-23                     | 2018-09-02 | 2018-09-10  |             128 |              141 |                 128 |               128 |
| C7/1/0/U1 | TEA-FACTORY-23                     | 2018-09-02 | 2018-09-10  |              22 |               28 |                  24 |                24 |
| C7/1/0/U2 | PAS-23                             | 2018-09-02 | 2018-09-10  |              83 |               87 |                  84 |                85 |
| C7/1/1/U0 | REEF-ESTATE-23                     | 2018-09-02 | 2018-09-10  |              74 |               76 |                  74 |                75 |
| C7/1/1/U1 | BEL-OMBRE-NEW-23                   | 2018-09-02 | 2018-09-10  |              61 |               72 |                  66 |                67 |
| C7/1/2/U0 | LA-RETRAITE-27                     | 2018-09-02 | 2018-09-10  |             109 |              112 |                 109 |               109 |
| C7/1/2/U1 | TEA-FACTORY-27                     | 2018-09-02 | 2018-09-10  |              21 |               25 |                  22 |                22 |
| C7/1/2/U2 | PAS-27                             | 2018-09-02 | 2018-09-10  |             121 |              131 |                 122 |               122 |
| C7/1/3/U0 | MT-BUXTON-27                       | 2018-09-02 | 2018-09-10  |             159 |              164 |                 159 |               161 |
| C7/1/3/U1 | MT-BUXTON-23                       | 2018-09-02 | 2018-09-10  |              55 |               59 |                  54 |                56 |
| C7/1/4/U0 | REEF-ESTATE-27                     | 2018-09-02 | 2018-09-10  |              90 |               91 |                  90 |                90 |
| C7/1/4/U1 | BEL-OMBRE-NEW-27                   | 2018-09-02 | 2018-09-10  |              87 |               95 |                  88 |                88 |
| C8/0/0/U0 | POLICE-ACADEMY-1-27 - POINTE LARUE | 2018-09-02 | 2018-09-10  |             351 |              362 |                 351 |               352 |
| C8/0/1/U1 | POLICE-ACADEMY-2-27 - TURTLE BAY   | 2018-09-02 | 2018-09-10  |             261 |              274 |                 263 |               264 |
| C8/0/2/U0 | BEAU-VALLON-LEFT-1-57              | 2018-09-02 | 2018-09-10  |             166 |              174 |                 165 |               165 |
| C8/0/3/U1 | BEAU-VALLON-RIGHT-2-57             | 2018-09-02 | 2018-09-10  |             228 |              238 |                 227 |               230 |
| C8/1/0/U0 | MA-JOIE-NODE-27                    | 2018-09-02 | 2018-09-10  |             117 |              119 |                 117 |               118 |
| C8/1/0/U1 | BELONIE-27                         | 2018-09-02 | 2018-09-10  |             143 |              147 |                 142 |               142 |
| C8/1/0/U3 | NULL                               | 2018-09-02 | 2018-09-10  |             124 |              130 |                 124 |               127 |
| C8/1/1/U0 | 611-C1-ROJN I                      | 2018-09-02 | 2018-09-10  |             204 |              212 |                 204 |               211 |
| C8/1/1/U1 | 611-C5-ROJN II                     | 2018-09-02 | 2018-09-10  |              40 |               42 |                  40 |                40 |
| C8/1/2/U0 | 612-C2-ANSE-ETOILE                 | 2018-09-02 | 2018-09-10  |             213 |              224 |                 212 |               215 |
| C8/1/2/U1 | NULL                               | 2018-09-02 | 2018-09-10  |              84 |               85 |                  83 |                83 |
| C8/1/3/U0 | 613-C3-ANSE-GAULETTE I             | 2018-09-02 | 2018-09-10  |             214 |              229 |                 214 |               214 |
| C8/1/3/U1 | 613-C7-ANSE-GAULETTE II            | 2018-09-02 | 2018-09-10  |             160 |              166 |                 160 |               160 |
| C8/1/4/U0 | 614-BEOLIERE-NODE-1                | 2018-09-02 | 2018-09-10  |             115 |              123 |                 115 |               117 |
| C8/1/4/U1 | 614-BEOLIERE-NODE-2                | 2018-09-02 | 2018-09-10  |             114 |              120 |                 114 |               114 |
+-----------+------------------------------------+------------+-------------+-----------------+------------------+---------------------+-------------------+
64 rows in set (0.30 sec)

+------------------+------------+-------------+-----------------+------------------+----------------------+-------------------+
| MXK_NAME         | MXK_DATE   | REPORT_DATE | UNIQUE_ACCOUNTS | UNIQUE_CONTRACTS | UNIQUE_FSAN_INRCBOSS | UNIQUE_FSAN_INMXK |
+------------------+------------+-------------+-----------------+------------------+----------------------+-------------------+
| NULL             | NULL       | 2018-09-10  |             328 |              336 |                  329 |                 0 |
| MXK-ANSEETOILE   | 2018-09-04 | 2018-09-10  |              48 |               49 |                   49 |                59 |
| MXK-ANSEROYALE   | 2018-09-04 | 2018-09-10  |              63 |               64 |                   64 |                70 |
| MXK-BEAUVALLON   | 2018-09-04 | 2018-09-10  |             577 |              586 |                  584 |               617 |
| MXK-MAHE         | 2018-09-04 | 2018-09-10  |             791 |              819 |                  787 |               962 |
| MXK-PERSEVERANCE | 2018-09-04 | 2018-09-10  |             933 |              946 |                  942 |              1038 |
| MXK-PRASLIN      | 2018-09-04 | 2018-09-10  |            1307 |             1324 |                 1317 |              1431 |
+------------------+------------+-------------+-----------------+------------------+----------------------+-------------------+
7 rows in set (0.15 sec)

mysql> 
mysql> 
mysql> exit
