    -> 
    -> mysql \. C:\workspace\cloud\code\sql\_DailyScript\_setdates.sql
Database changed
Query OK, 0 rows affected (0.00 sec)

Query OK, 0 rows affected (0.00 sec)

Query OK, 0 rows affected (0.00 sec)

Query OK, 0 rows affected (0.00 sec)

Query OK, 0 rows affected (0.00 sec)

Query OK, 0 rows affected (0.00 sec)

Query OK, 0 rows affected (0.00 sec)

Query OK, 0 rows affected (0.00 sec)

Query OK, 0 rows affected (0.00 sec)

Query OK, 0 rows affected (0.00 sec)

Query OK, 0 rows affected (0.00 sec)

Query OK, 0 rows affected (0.00 sec)

Query OK, 0 rows affected (0.00 sec)

Query OK, 0 rows affected (0.00 sec)

Query OK, 0 rows affected (0.00 sec)

Query OK, 0 rows affected (0.00 sec)

Query OK, 0 rows affected (0.00 sec)

Query OK, 0 rows affected (0.00 sec)

Query OK, 0 rows affected (0.00 sec)

Query OK, 0 rows affected (0.00 sec)

Query OK, 0 rows affected (0.00 sec)

mysql> mysql \. C:\workspace\cloud\code\sql\_DailyScript\currenttime.sql
+---------------------+
| currenttime         |
+---------------------+
| 2020-08-19 08:57:30 |
+---------------------+
1 row in set (0.00 sec)

mysql> 
mysql> mysql \. C:\workspace\cloud\code\sql\_DailyScript\load_RCB_VODTITLES.sql
Database changed
Query OK, 0 rows affected (0.00 sec)

Query OK, 11808 rows affected (0.14 sec)

Query OK, 11810 rows affected, 11810 warnings (0.34 sec)
Records: 11810  Deleted: 0  Skipped: 0  Warnings: 11810

Query OK, 0 rows affected (0.00 sec)

Query OK, 2 rows affected (0.01 sec)

+-----------+
| VODTITLES |
+-----------+
|     12268 |
+-----------+
1 row in set (0.00 sec)

+-----------+-----------+
| titletype | typecount |
+-----------+-----------+
| E         |      9778 |
| N         |       229 |
| T         |      1801 |
| NULL      |     11808 |
+-----------+-----------+
4 rows in set (0.12 sec)

mysql> mysql \. C:\workspace\cloud\code\sql\_DailyScript\currenttime.sql
+---------------------+
| currenttime         |
+---------------------+
| 2020-08-19 08:57:30 |
+---------------------+
1 row in set (0.00 sec)

mysql> 
mysql> mysql \. C:\workspace\cloud\code\sql\_DailyScript\DAILY-SCRIPT-LIVETV-STATS.sql
Database changed
Query OK, 0 rows affected (0.02 sec)

Query OK, 83017 rows affected (0.87 sec)
Records: 83017  Duplicates: 0  Warnings: 0

+------------+------------+----------+--------------+--------------+-----------+-------------+----------+--------+------+------------+---------+---------------+
| Table      | Non_unique | Key_name | Seq_in_index | Column_name  | Collation | Cardinality | Sub_part | Packed | Null | Index_type | Comment | Index_comment |
+------------+------------+----------+--------------+--------------+-----------+-------------+----------+--------+------+------------+---------+---------------+
| templivetv |          1 | idxtv1   |            1 | device       | A         |       83046 |     NULL | NULL   | YES  | BTREE      |         |               |
| templivetv |          1 | idxtv2   |            1 | sessionstart | A         |       83046 |     NULL | NULL   | YES  | BTREE      |         |               |
+------------+------------+----------+--------------+--------------+-----------+-------------+----------+--------+------+------------+---------+---------------+
2 rows in set (0.00 sec)

Query OK, 82929 rows affected (12.54 sec)
Records: 82929  Duplicates: 0  Warnings: 0

Query OK, 2687 rows affected (0.56 sec)
Records: 2687  Duplicates: 0  Warnings: 0

Query OK, 0 rows affected (0.00 sec)

Query OK, 0 rows affected (0.00 sec)

Query OK, 136 rows affected (0.04 sec)
Records: 136  Duplicates: 0  Warnings: 0

Query OK, 0 rows affected (0.01 sec)

Query OK, 30938 rows affected (1 min 47.93 sec)
Records: 30938  Duplicates: 0  Warnings: 0

+-----------------+
| rep_livetvstats |
+-----------------+
|           30938 |
+-----------------+
1 row in set (0.01 sec)

mysql> mysql \. C:\workspace\cloud\code\sql\_DailyScript\currenttime.sql
+---------------------+
| currenttime         |
+---------------------+
| 2020-08-19 08:59:32 |
+---------------------+
1 row in set (0.00 sec)

mysql> 
mysql> mysql \. C:\workspace\cloud\code\sql\_DailyScript\DAILY-SCRIPT-VODTS-STATS.sql
Database changed
Query OK, 0 rows affected (0.01 sec)

Query OK, 4526 rows affected (13.71 sec)
Records: 4526  Duplicates: 0  Warnings: 0

+---------+------------+----------+--------------+--------------+-----------+-------------+----------+--------+------+------------+---------+---------------+
| Table   | Non_unique | Key_name | Seq_in_index | Column_name  | Collation | Cardinality | Sub_part | Packed | Null | Index_type | Comment | Index_comment |
+---------+------------+----------+--------------+--------------+-----------+-------------+----------+--------+------+------------+---------+---------------+
| tempvod |          1 | idxtvod1 |            1 | device       | A         |        4445 |     NULL | NULL   | YES  | BTREE      |         |               |
| tempvod |          1 | idxtvod2 |            1 | sessionstart | A         |        4445 |     NULL | NULL   | YES  | BTREE      |         |               |
+---------+------------+----------+--------------+--------------+-----------+-------------+----------+--------+------+------------+---------+---------------+
2 rows in set (0.00 sec)

Query OK, 4526 rows affected (2.56 sec)
Records: 4526  Duplicates: 0  Warnings: 0

Query OK, 0 rows affected (0.01 sec)

Query OK, 779788 rows affected (1 min 1.73 sec)
Records: 779788  Duplicates: 0  Warnings: 0

+--------------+
| rep_vodstats |
+--------------+
|       779788 |
+--------------+
1 row in set (0.23 sec)

Database changed
Query OK, 0 rows affected (0.01 sec)

Query OK, 14567 rows affected (36.23 sec)
Records: 14567  Duplicates: 0  Warnings: 0

+--------+------------+----------+--------------+--------------+-----------+-------------+----------+--------+------+------------+---------+---------------+
| Table  | Non_unique | Key_name | Seq_in_index | Column_name  | Collation | Cardinality | Sub_part | Packed | Null | Index_type | Comment | Index_comment |
+--------+------------+----------+--------------+--------------+-----------+-------------+----------+--------+------+------------+---------+---------------+
| tempts |          1 | idxtts1  |            1 | device       | A         |       14653 |     NULL | NULL   | YES  | BTREE      |         |               |
| tempts |          1 | idxtts2  |            1 | sessionstart | A         |       14653 |     NULL | NULL   | YES  | BTREE      |         |               |
+--------+------------+----------+--------------+--------------+-----------+-------------+----------+--------+------+------------+---------+---------------+
2 rows in set (0.00 sec)

Query OK, 14557 rows affected (11.08 sec)
Records: 14557  Duplicates: 0  Warnings: 0

Query OK, 0 rows affected (0.01 sec)

Query OK, 37580 rows affected (34.99 sec)
Records: 37580  Duplicates: 0  Warnings: 0

+-------------+
| rep_tsstats |
+-------------+
|       37580 |
+-------------+
1 row in set (0.01 sec)

mysql> mysql \. C:\workspace\cloud\code\sql\_DailyScript\currenttime.sql
+---------------------+
| currenttime         |
+---------------------+
| 2020-08-19 09:02:13 |
+---------------------+
1 row in set (0.00 sec)

mysql> 
mysql> mysql \. C:\workspace\cloud\code\sql\_DailyScript\DAILY-SCRIPT-RADIO-STATS.sql
Database changed
Query OK, 0 rows affected (0.01 sec)

Query OK, 293110 rows affected (3.08 sec)
Records: 293110  Duplicates: 0  Warnings: 0

+-----------+------------+----------+--------------+--------------+-----------+-------------+----------+--------+------+------------+---------+---------------+
| Table     | Non_unique | Key_name | Seq_in_index | Column_name  | Collation | Cardinality | Sub_part | Packed | Null | Index_type | Comment | Index_comment |
+-----------+------------+----------+--------------+--------------+-----------+-------------+----------+--------+------+------------+---------+---------------+
| tempradio |          1 | idxtrad1 |            1 | device       | A         |      294580 |     NULL | NULL   | YES  | BTREE      |         |               |
| tempradio |          1 | idxtrad2 |            1 | sessionstart | A         |      294580 |     NULL | NULL   | YES  | BTREE      |         |               |
+-----------+------------+----------+--------------+--------------+-----------+-------------+----------+--------+------+------------+---------+---------------+
2 rows in set (0.00 sec)

Query OK, 277 rows affected (1.15 sec)
Records: 277  Duplicates: 0  Warnings: 0

Query OK, 0 rows affected (0.01 sec)

Query OK, 5067 rows affected (0.40 sec)
Records: 5067  Duplicates: 0  Warnings: 0

+----------------+
| rep_radiostats |
+----------------+
|           5067 |
+----------------+
1 row in set (0.00 sec)

mysql> mysql \. C:\workspace\cloud\code\sql\_DailyScript\currenttime.sql
+---------------------+
| currenttime         |
+---------------------+
| 2020-08-19 09:02:18 |
+---------------------+
1 row in set (0.00 sec)

mysql> 
mysql> mysql \. C:\workspace\cloud\code\sql\_DailyScript\DAILY_SCRIPT_TELEMETRY_PIVOT_2020.sql
Query OK, 0 rows affected (0.01 sec)

Query OK, 146 rows affected (0.14 sec)
Records: 146  Duplicates: 0  Warnings: 0

Query OK, 0 rows affected (0.01 sec)

Query OK, 10216 rows affected (2.10 sec)
Records: 10216  Duplicates: 0  Warnings: 0

Query OK, 0 rows affected (0.01 sec)

Query OK, 8 rows affected (0.02 sec)
Records: 8  Duplicates: 0  Warnings: 0

Query OK, 0 rows affected (0.01 sec)

Query OK, 47 rows affected (0.07 sec)
Records: 47  Duplicates: 0  Warnings: 0

mysql> mysql \. C:\workspace\cloud\code\sql\_DailyScript\currenttime.sql
+---------------------+
| currenttime         |
+---------------------+
| 2020-08-19 09:02:20 |
+---------------------+
1 row in set (0.00 sec)

mysql> 
mysql> mysql \. C:\workspace\cloud\code\sql\_DailyScript\telemetry_livetv_ranking2020.sql
Query OK, 0 rows affected (0.00 sec)

Query OK, 146 rows affected (0.02 sec)
Records: 146  Duplicates: 0  Warnings: 0

mysql> mysql \. C:\workspace\cloud\code\sql\_DailyScript\currenttime.sql
+---------------------+
| currenttime         |
+---------------------+
| 2020-08-19 09:02:20 |
+---------------------+
1 row in set (0.00 sec)

mysql> 
mysql> mysql \. C:\workspace\cloud\code\sql\_DailyScript\telemetry_radio_ranking2020.sql
Query OK, 0 rows affected (0.01 sec)

Query OK, 8 rows affected (0.01 sec)
Records: 8  Duplicates: 0  Warnings: 0

mysql> mysql \. C:\workspace\cloud\code\sql\_DailyScript\currenttime.sql
+---------------------+
| currenttime         |
+---------------------+
| 2020-08-19 09:02:20 |
+---------------------+
1 row in set (0.00 sec)

mysql> 
mysql> mysql \. C:\workspace\cloud\code\sql\_DailyScript\telemetry_ts_ranking2020.sql
Query OK, 0 rows affected (0.01 sec)

Query OK, 47 rows affected (0.01 sec)
Records: 47  Duplicates: 0  Warnings: 0

mysql> mysql \. C:\workspace\cloud\code\sql\_DailyScript\currenttime.sql
+---------------------+
| currenttime         |
+---------------------+
| 2020-08-19 09:02:20 |
+---------------------+
1 row in set (0.00 sec)

mysql> 
mysql> mysql \. C:\workspace\cloud\code\sql\_DailyScript\telemetry_vod_ranking2020.sql
Query OK, 0 rows affected (0.00 sec)

Query OK, 10216 rows affected (0.44 sec)
Records: 10216  Duplicates: 0  Warnings: 0

mysql> mysql \. C:\workspace\cloud\code\sql\_DailyScript\currenttime.sql
+---------------------+
| currenttime         |
+---------------------+
| 2020-08-19 09:02:20 |
+---------------------+
1 row in set (0.00 sec)

mysql> 
mysql> mysql \. C:\workspace\cloud\code\sql\_DailyScript\telemetry_vod_ranking2020_1.sql
Query OK, 0 rows affected (0.01 sec)

Query OK, 10216 rows affected (0.22 sec)
Records: 10216  Duplicates: 0  Warnings: 0

mysql> mysql \. C:\workspace\cloud\code\sql\_DailyScript\currenttime.sql
+---------------------+
| currenttime         |
+---------------------+
| 2020-08-19 09:02:21 |
+---------------------+
1 row in set (0.00 sec)

mysql> 
mysql> mysql \. C:\workspace\cloud\code\sql\_DailyScript\telemetry_vod_ranking2020_2.sql
Query OK, 0 rows affected (0.01 sec)

Query OK, 10216 rows affected (0.20 sec)
Records: 10216  Duplicates: 0  Warnings: 0

mysql> mysql \. C:\workspace\cloud\code\sql\_DailyScript\currenttime.sql
+---------------------+
| currenttime         |
+---------------------+
| 2020-08-19 09:02:21 |
+---------------------+
1 row in set (0.00 sec)

mysql> 
mysql> mysql \. C:\workspace\cloud\code\sql\_DailyScript\DAILY-SCRIPT-CREATE-LOAD.sql
Database changed
Database changed
Query OK, 0 rows affected (0.02 sec)

Query OK, 0 rows affected (0.01 sec)

Database changed
Query OK, 66928 rows affected (2.30 sec)
Records: 66928  Deleted: 0  Skipped: 0  Warnings: 0

Query OK, 0 rows affected (0.13 sec)
Records: 0  Duplicates: 0  Warnings: 0

Query OK, 0 rows affected (0.21 sec)
Records: 0  Duplicates: 0  Warnings: 0

Query OK, 0 rows affected (0.23 sec)
Records: 0  Duplicates: 0  Warnings: 0

Query OK, 0 rows affected (0.21 sec)
Records: 0  Duplicates: 0  Warnings: 0

+---------+
| clients |
+---------+
|   66928 |
+---------+
1 row in set (0.02 sec)

Query OK, 0 rows affected (0.01 sec)

Query OK, 12556 rows affected (5.85 sec)
Records: 12556  Duplicates: 0  Warnings: 0

Query OK, 0 rows affected (0.04 sec)
Records: 0  Duplicates: 0  Warnings: 0

+-------------------+
| rcb_clientparcels |
+-------------------+
|             12556 |
+-------------------+
1 row in set (0.01 sec)

Query OK, 0 rows affected (0.01 sec)

Query OK, 79862 rows affected (3.08 sec)
Records: 79862  Duplicates: 0  Warnings: 0

Query OK, 0 rows affected (0.24 sec)
Records: 0  Duplicates: 0  Warnings: 0

Query OK, 0 rows affected (0.01 sec)

Query OK, 66928 rows affected (35.56 sec)
Records: 66928  Duplicates: 0  Warnings: 0

Query OK, 0 rows affected (0.19 sec)
Records: 0  Duplicates: 0  Warnings: 0

Query OK, 0 rows affected (0.21 sec)
Records: 0  Duplicates: 0  Warnings: 0

Query OK, 0 rows affected (0.17 sec)
Records: 0  Duplicates: 0  Warnings: 0

+---------------+
| clientaddress |
+---------------+
|         66928 |
+---------------+
1 row in set (0.02 sec)

Database changed
Query OK, 0 rows affected (0.03 sec)

Query OK, 0 rows affected (0.01 sec)

Database changed
Query OK, 521808 rows affected, 65535 warnings (14.59 sec)
Records: 521808  Deleted: 0  Skipped: 0  Warnings: 212428

Query OK, 0 rows affected (2.53 sec)
Records: 0  Duplicates: 0  Warnings: 0

Query OK, 0 rows affected (2.46 sec)
Records: 0  Duplicates: 0  Warnings: 0

Query OK, 0 rows affected (1.17 sec)
Records: 0  Duplicates: 0  Warnings: 0

Query OK, 0 rows affected (0.01 sec)

Query OK, 521808 rows affected (42.69 sec)
Records: 521808  Duplicates: 0  Warnings: 0

Query OK, 0 rows affected (1.70 sec)
Records: 0  Duplicates: 0  Warnings: 0

Query OK, 0 rows affected (1.30 sec)
Records: 0  Duplicates: 0  Warnings: 0

+-----------+
| contracts |
+-----------+
|    521808 |
+-----------+
1 row in set (0.15 sec)

+-----------------+
| contractaddress |
+-----------------+
|          521808 |
+-----------------+
1 row in set (0.14 sec)

Database changed
Query OK, 0 rows affected (0.01 sec)

Query OK, 0 rows affected (0.01 sec)

Query OK, 7519 rows affected (0.12 sec)
Records: 7519  Deleted: 0  Skipped: 0  Warnings: 0

Query OK, 0 rows affected (0.01 sec)

Query OK, 7487 rows affected (0.95 sec)
Records: 7487  Duplicates: 0  Warnings: 0

Query OK, 0 rows affected (0.03 sec)
Records: 0  Duplicates: 0  Warnings: 0

Query OK, 0 rows affected (0.01 sec)

Query OK, 5748 rows affected (0.07 sec)
Records: 5748  Duplicates: 0  Warnings: 0

Query OK, 0 rows affected (0.03 sec)
Records: 0  Duplicates: 0  Warnings: 0

+-------------------+
| contractdiscounts |
+-------------------+
|              7519 |
+-------------------+
1 row in set (0.00 sec)

+-------------------------+
| clientcontractdiscounts |
+-------------------------+
|                    7487 |
+-------------------------+
1 row in set (0.00 sec)

+----------------------------+
| clientcontractlastdiscount |
+----------------------------+
|                       5748 |
+----------------------------+
1 row in set (0.00 sec)

Database changed
Query OK, 0 rows affected (0.02 sec)

Query OK, 0 rows affected (0.01 sec)

Database changed
Query OK, 138910 rows affected, 8 warnings (2.76 sec)
Records: 138910  Deleted: 0  Skipped: 0  Warnings: 8

Query OK, 0 rows affected (0.26 sec)
Records: 0  Duplicates: 0  Warnings: 0

Query OK, 0 rows affected (0.30 sec)
Records: 0  Duplicates: 0  Warnings: 0

Query OK, 0 rows affected (0.29 sec)
Records: 0  Duplicates: 0  Warnings: 0

Query OK, 0 rows affected (0.27 sec)
Records: 0  Duplicates: 0  Warnings: 0

Query OK, 0 rows affected (0.34 sec)
Records: 0  Duplicates: 0  Warnings: 0

Query OK, 0 rows affected (0.51 sec)
Records: 0  Duplicates: 0  Warnings: 0

Query OK, 0 rows affected (0.07 sec)

Query OK, 1777691 rows affected (3 min 38.18 sec)
Records: 1777691  Duplicates: 0  Warnings: 0

Query OK, 0 rows affected (4.49 sec)
Records: 0  Duplicates: 0  Warnings: 0

+---------+
| devices |
+---------+
|  138910 |
+---------+
1 row in set (0.04 sec)

+-----------------------+
| clientcontractdevices |
+-----------------------+
|               1777691 |
+-----------------------+
1 row in set (0.63 sec)

Query OK, 0 rows affected (0.01 sec)

Query OK, 138814 rows affected (5.52 sec)
Records: 138814  Duplicates: 0  Warnings: 0

+---------------------------+
| rep_clientcontractdevices |
+---------------------------+
|                    138814 |
+---------------------------+
1 row in set (0.04 sec)

Database changed
Query OK, 0 rows affected (0.02 sec)

Query OK, 0 rows affected (0.01 sec)

Query OK, 294315 rows affected (6.79 sec)
Records: 294315  Deleted: 0  Skipped: 0  Warnings: 0

Query OK, 0 rows affected (0.68 sec)
Records: 0  Duplicates: 0  Warnings: 0

Query OK, 0 rows affected (0.61 sec)
Records: 0  Duplicates: 0  Warnings: 0

Query OK, 0 rows affected (0.58 sec)
Records: 0  Duplicates: 0  Warnings: 0

Query OK, 0 rows affected (0.50 sec)
Records: 0  Duplicates: 0  Warnings: 0

+---------+
| tickets |
+---------+
|  294315 |
+---------+
1 row in set (0.08 sec)

Database changed
Query OK, 0 rows affected (0.01 sec)

Query OK, 0 rows affected (0.01 sec)

Empty set (0.00 sec)

Query OK, 0 rows affected (0.02 sec)
Records: 0  Duplicates: 0  Warnings: 0

Query OK, 360 rows affected, 2 warnings (0.05 sec)
Records: 360  Deleted: 0  Skipped: 0  Warnings: 2

+-----------------+
| tickettechusers |
+-----------------+
|             360 |
+-----------------+
1 row in set (0.00 sec)

Database changed
Query OK, 0 rows affected (0.01 sec)

Query OK, 0 rows affected (0.01 sec)

Query OK, 0 rows affected (0.02 sec)
Records: 0  Duplicates: 0  Warnings: 0

Query OK, 642161 rows affected, 46891 warnings (10.34 sec)
Records: 642161  Deleted: 0  Skipped: 0  Warnings: 46891

+-------------------+
| ticketassignments |
+-------------------+
|            642161 |
+-------------------+
1 row in set (0.17 sec)

Database changed
Query OK, 0 rows affected (0.02 sec)

Query OK, 0 rows affected (0.01 sec)

Query OK, 1303729 rows affected (14.52 sec)
Records: 1303729  Deleted: 0  Skipped: 0  Warnings: 0

Query OK, 0 rows affected (4.03 sec)
Records: 0  Duplicates: 0  Warnings: 0

Query OK, 0 rows affected (2.77 sec)
Records: 0  Duplicates: 0  Warnings: 0

Query OK, 0 rows affected (2.45 sec)
Records: 0  Duplicates: 0  Warnings: 0

Query OK, 0 rows affected (2.82 sec)
Records: 0  Duplicates: 0  Warnings: 0

+----------------+
| ticketcomments |
+----------------+
|        1303729 |
+----------------+
1 row in set (0.37 sec)

Database changed
Query OK, 0 rows affected (0.01 sec)

Query OK, 0 rows affected (0.01 sec)

Query OK, 456759 rows affected (32.79 sec)
Records: 456759  Deleted: 0  Skipped: 0  Warnings: 0

Query OK, 0 rows affected (2.16 sec)
Records: 0  Duplicates: 0  Warnings: 0

+----------+
| comments |
+----------+
|   456759 |
+----------+
1 row in set (0.13 sec)

Database changed
Query OK, 0 rows affected (0.03 sec)

Query OK, 0 rows affected (0.01 sec)

Query OK, 1375256 rows affected, 65535 warnings (1 min 10.88 sec)
Records: 1375256  Deleted: 0  Skipped: 0  Warnings: 1375278

Query OK, 0 rows affected (3.87 sec)
Records: 0  Duplicates: 0  Warnings: 0

Query OK, 0 rows affected (3.18 sec)
Records: 0  Duplicates: 0  Warnings: 0

Query OK, 0 rows affected (3.16 sec)
Records: 0  Duplicates: 0  Warnings: 0

Query OK, 0 rows affected (3.45 sec)
Records: 0  Duplicates: 0  Warnings: 0

Query OK, 0 rows affected (4.30 sec)
Records: 0  Duplicates: 0  Warnings: 0

+------------+
| devicesold |
+------------+
|    1375256 |
+------------+
1 row in set (0.39 sec)

Database changed
Query OK, 0 rows affected (0.02 sec)

Query OK, 0 rows affected (0.01 sec)

Query OK, 1771117 rows affected (22.11 sec)
Records: 1771117  Deleted: 0  Skipped: 0  Warnings: 0

Query OK, 0 rows affected (4.75 sec)
Records: 0  Duplicates: 0  Warnings: 0

Query OK, 0 rows affected (4.05 sec)
Records: 0  Duplicates: 0  Warnings: 0

Query OK, 0 rows affected (4.05 sec)
Records: 0  Duplicates: 0  Warnings: 0

+------------------+
| contractservices |
+------------------+
|          1771117 |
+------------------+
1 row in set (0.49 sec)

Database changed
Query OK, 0 rows affected (0.05 sec)

Query OK, 0 rows affected (0.01 sec)

Query OK, 4236323 rows affected (1 min 45.61 sec)
Records: 4236323  Deleted: 0  Skipped: 0  Warnings: 0

Query OK, 0 rows affected (11.44 sec)
Records: 0  Duplicates: 0  Warnings: 0

Query OK, 0 rows affected (14.78 sec)
Records: 0  Duplicates: 0  Warnings: 0

Query OK, 0 rows affected (10.96 sec)
Records: 0  Duplicates: 0  Warnings: 0

Query OK, 0 rows affected (11.22 sec)
Records: 0  Duplicates: 0  Warnings: 0

+------------------+
| invoicescontents |
+------------------+
|          4236323 |
+------------------+
1 row in set (1.34 sec)

Database changed
Query OK, 0 rows affected (0.10 sec)

Query OK, 0 rows affected (0.03 sec)

Query OK, 2975589 rows affected (2 min 43.37 sec)
Records: 2975589  Deleted: 0  Skipped: 0  Warnings: 0

Query OK, 0 rows affected (11.92 sec)
Records: 0  Duplicates: 0  Warnings: 0

Query OK, 0 rows affected (10.15 sec)
Records: 0  Duplicates: 0  Warnings: 0

Query OK, 0 rows affected (10.61 sec)
Records: 0  Duplicates: 0  Warnings: 0

Query OK, 0 rows affected (10.57 sec)
Records: 0  Duplicates: 0  Warnings: 0

Query OK, 0 rows affected (11.47 sec)
Records: 0  Duplicates: 0  Warnings: 0

+----------------+
| invoicesheader |
+----------------+
|        2975589 |
+----------------+
1 row in set (0.81 sec)

Database changed
Query OK, 0 rows affected (0.03 sec)

Query OK, 0 rows affected (0.01 sec)

Query OK, 3020124 rows affected (1 min 16.21 sec)
Records: 3020124  Deleted: 0  Skipped: 0  Warnings: 0

Query OK, 0 rows affected (7.77 sec)
Records: 0  Duplicates: 0  Warnings: 0

Query OK, 0 rows affected (7.19 sec)
Records: 0  Duplicates: 0  Warnings: 0

Query OK, 0 rows affected (7.54 sec)
Records: 0  Duplicates: 0  Warnings: 0

Query OK, 0 rows affected (7.34 sec)
Records: 0  Duplicates: 0  Warnings: 0

+---------+
| casa    |
+---------+
| 3020124 |
+---------+
1 row in set (0.84 sec)

Query OK, 0 rows affected (0.01 sec)

Query OK, 14668 rows affected (1 min 13.08 sec)
Records: 14668  Duplicates: 0  Warnings: 0

+--------------------+
| rep_paycol_channel |
+--------------------+
|              14668 |
+--------------------+
1 row in set (0.01 sec)

Query OK, 0 rows affected (0.01 sec)

Query OK, 10699 rows affected (1 min 29.22 sec)
Records: 10699  Duplicates: 0  Warnings: 0

+----------------+
| rep_paycol_pos |
+----------------+
|          10699 |
+----------------+
1 row in set (0.01 sec)

Database changed
Query OK, 0 rows affected (0.01 sec)

Query OK, 0 rows affected (0.01 sec)

Database changed
Query OK, 39393 rows affected (0.78 sec)
Records: 39393  Deleted: 0  Skipped: 0  Warnings: 0

+-------+
| users |
+-------+
| 39393 |
+-------+
1 row in set (0.01 sec)

Query OK, 0 rows affected (0.08 sec)
Records: 0  Duplicates: 0  Warnings: 0

Database changed
Query OK, 0 rows affected (0.02 sec)

Query OK, 0 rows affected (0.01 sec)

Query OK, 1872898 rows affected, 2 warnings (28.02 sec)
Records: 1872898  Deleted: 0  Skipped: 0  Warnings: 2

Query OK, 0 rows affected (7.03 sec)
Records: 0  Duplicates: 0  Warnings: 0

Query OK, 0 rows affected (3.92 sec)
Records: 0  Duplicates: 0  Warnings: 0

Query OK, 0 rows affected (4.48 sec)
Records: 0  Duplicates: 0  Warnings: 0

Query OK, 0 rows affected (4.18 sec)
Records: 0  Duplicates: 0  Warnings: 0

Query OK, 0 rows affected (3.88 sec)
Records: 0  Duplicates: 0  Warnings: 0

+-------------+
| useractions |
+-------------+
|     1872898 |
+-------------+
1 row in set (0.52 sec)

Database changed
Query OK, 0 rows affected (0.08 sec)

Query OK, 0 rows affected (0.01 sec)

Database changed
Query OK, 22054425 rows affected (3 min 46.80 sec)
Records: 22054425  Deleted: 0  Skipped: 0  Warnings: 0

Query OK, 0 rows affected (55.86 sec)
Records: 0  Duplicates: 0  Warnings: 0

Query OK, 0 rows affected (54.19 sec)
Records: 0  Duplicates: 0  Warnings: 0

Query OK, 0 rows affected (54.87 sec)
Records: 0  Duplicates: 0  Warnings: 0

Query OK, 0 rows affected (49.41 sec)
Records: 0  Duplicates: 0  Warnings: 0

Query OK, 0 rows affected (1 min 4.11 sec)
Records: 0  Duplicates: 0  Warnings: 0

+----------+
| ipusage1 |
+----------+
| 22054425 |
+----------+
1 row in set (7.26 sec)

Query OK, 0 rows affected (0.10 sec)

Query OK, 22290438 rows affected, 65535 warnings (9 min 14.26 sec)
Records: 22290438  Duplicates: 0  Warnings: 22284564

Query OK, 0 rows affected (56.44 sec)
Records: 0  Duplicates: 0  Warnings: 0

Query OK, 0 rows affected (56.06 sec)
Records: 0  Duplicates: 0  Warnings: 0

Query OK, 0 rows affected (58.15 sec)
Records: 0  Duplicates: 0  Warnings: 0

Query OK, 0 rows affected (52.29 sec)
Records: 0  Duplicates: 0  Warnings: 0

Query OK, 0 rows affected (1 min 26.94 sec)
Records: 0  Duplicates: 0  Warnings: 0

Query OK, 0 rows affected (1 min 30.98 sec)
Records: 0  Duplicates: 0  Warnings: 0

Query OK, 0 rows affected (1 min 21.93 sec)
Records: 0  Duplicates: 0  Warnings: 0

+----------+
| ipusage  |
+----------+
| 22290438 |
+----------+
1 row in set (7.94 sec)

Query OK, 0 rows affected (0.04 sec)

Query OK, 5402799 rows affected (5 min 15.31 sec)
Records: 5402799  Duplicates: 0  Warnings: 0

Query OK, 0 rows affected (17.34 sec)
Records: 0  Duplicates: 0  Warnings: 0

Query OK, 0 rows affected (13.26 sec)
Records: 0  Duplicates: 0  Warnings: 0

Query OK, 0 rows affected (17.92 sec)
Records: 0  Duplicates: 0  Warnings: 0

Query OK, 0 rows affected (21.84 sec)
Records: 0  Duplicates: 0  Warnings: 0

Query OK, 0 rows affected (15.78 sec)
Records: 0  Duplicates: 0  Warnings: 0

Query OK, 0 rows affected (0.01 sec)

Query OK, 446527 rows affected (36.95 sec)
Records: 446527  Duplicates: 0  Warnings: 0

Query OK, 0 rows affected (1.37 sec)
Records: 0  Duplicates: 0  Warnings: 0

Query OK, 0 rows affected (1.24 sec)
Records: 0  Duplicates: 0  Warnings: 0

Query OK, 0 rows affected (1.52 sec)
Records: 0  Duplicates: 0  Warnings: 0

Query OK, 0 rows affected (0.81 sec)
Records: 0  Duplicates: 0  Warnings: 0

Query OK, 0 rows affected (0.79 sec)
Records: 0  Duplicates: 0  Warnings: 0

Query OK, 0 rows affected (0.79 sec)
Records: 0  Duplicates: 0  Warnings: 0

Query OK, 0 rows affected (0.81 sec)
Records: 0  Duplicates: 0  Warnings: 0

+-----------------------+
| clientcontractipmonth |
+-----------------------+
|                446527 |
+-----------------------+
1 row in set (0.12 sec)

Query OK, 0 rows affected (0.02 sec)

Query OK, 1770896 rows affected (49.41 sec)
Records: 1770896  Duplicates: 0  Warnings: 0

Query OK, 0 rows affected (7.12 sec)
Records: 0  Duplicates: 0  Warnings: 0

Query OK, 0 rows affected (3.86 sec)
Records: 0  Duplicates: 0  Warnings: 0

Query OK, 0 rows affected (5.16 sec)
Records: 0  Duplicates: 0  Warnings: 0

+------------------------------+
| contractsservicepackageprice |
+------------------------------+
|                      1770896 |
+------------------------------+
1 row in set (0.49 sec)

Query OK, 0 rows affected (0.03 sec)

Query OK, 1770896 rows affected (2 min 34.96 sec)
Records: 1770896  Duplicates: 0  Warnings: 0

Query OK, 0 rows affected (6.98 sec)
Records: 0  Duplicates: 0  Warnings: 0

Query OK, 0 rows affected (8.10 sec)
Records: 0  Duplicates: 0  Warnings: 0

Query OK, 0 rows affected (4.53 sec)
Records: 0  Duplicates: 0  Warnings: 0

Query OK, 0 rows affected (5.84 sec)
Records: 0  Duplicates: 0  Warnings: 0

+------------------------------------+
| clientcontractsservicepackageprice |
+------------------------------------+
|                            1770896 |
+------------------------------------+
1 row in set (0.55 sec)

mysql> mysql \. C:\workspace\cloud\code\sql\_DailyScript\currenttime.sql
+---------------------+
| currenttime         |
+---------------------+
| 2020-08-19 10:00:45 |
+---------------------+
1 row in set (0.00 sec)

mysql> 
mysql> mysql \. C:\workspace\cloud\code\sql\_DailyScript\ticket_analysis.sql
Database changed
Query OK, 0 rows affected (0.03 sec)

Query OK, 664691 rows affected (20.82 sec)
Records: 664691  Duplicates: 0  Warnings: 0

Query OK, 0 rows affected (3.90 sec)
Records: 0  Duplicates: 0  Warnings: 0

Query OK, 0 rows affected (1.84 sec)
Records: 0  Duplicates: 0  Warnings: 0

Query OK, 0 rows affected (1.73 sec)
Records: 0  Duplicates: 0  Warnings: 0

Query OK, 0 rows affected (0.01 sec)

Query OK, 21555 rows affected (11.23 sec)
Records: 21555  Duplicates: 0  Warnings: 0

Query OK, 0 rows affected, 1 warning (0.00 sec)

Query OK, 94178 rows affected (6.50 sec)
Records: 94178  Duplicates: 0  Warnings: 0

Query OK, 0 rows affected, 1 warning (0.00 sec)

Query OK, 482903 rows affected (12.42 sec)
Records: 482903  Duplicates: 0  Warnings: 0

Query OK, 0 rows affected, 1 warning (0.00 sec)

Query OK, 482903 rows affected (13.06 sec)
Records: 482903  Duplicates: 0  Warnings: 0

Query OK, 0 rows affected (0.01 sec)

Query OK, 94259 rows affected (5.05 sec)
Records: 94259  Duplicates: 0  Warnings: 0

Database changed
Query OK, 0 rows affected (0.00 sec)

Query OK, 0 rows affected (0.02 sec)

Query OK, 664691 rows affected (19.63 sec)
Records: 664691  Duplicates: 0  Warnings: 0

Query OK, 0 rows affected (0.01 sec)

Query OK, 334710 rows affected (14.57 sec)
Records: 334710  Duplicates: 0  Warnings: 0

+--------------------------+
| clientticket_cmmtjourney |
+--------------------------+
|                   664691 |
+--------------------------+
1 row in set (2.15 sec)

+---------------------------+
| clientticket_assgnjourney |
+---------------------------+
|                    334710 |
+---------------------------+
1 row in set (0.36 sec)

Query OK, 0 rows affected (0.02 sec)

Query OK, 73 rows affected (0.08 sec)
Records: 73  Duplicates: 0  Warnings: 0

mysql> mysql \. C:\workspace\cloud\code\sql\_DailyScript\currenttime.sql
+---------------------+
| currenttime         |
+---------------------+
| 2020-08-19 10:02:39 |
+---------------------+
1 row in set (0.00 sec)

mysql> 
mysql> mysql \. C:\workspace\cloud\code\sql\_DailyScript\load_DailyCalls.sql
Database changed
Query OK, 359 rows affected (0.19 sec)
Records: 359  Deleted: 0  Skipped: 0  Warnings: 0

Query OK, 0 rows affected, 1 warning (0.00 sec)

Query OK, 349 rows affected (0.03 sec)
Records: 349  Duplicates: 0  Warnings: 0

Query OK, 0 rows affected, 1 warning (0.00 sec)

Query OK, 67412 rows affected (0.27 sec)
Records: 67412  Duplicates: 0  Warnings: 0

+----------------------+
| callingclientsbefore |
+----------------------+
|               980038 |
+----------------------+
1 row in set (0.39 sec)

Query OK, 458 rows affected (7.25 sec)
Records: 458  Duplicates: 0  Warnings: 0

+---------------------+
| callingclientsafter |
+---------------------+
|              980496 |
+---------------------+
1 row in set (0.26 sec)

Query OK, 0 rows affected (0.01 sec)

Query OK, 270 rows affected (3.27 sec)
Records: 270  Duplicates: 0  Warnings: 0

Query OK, 0 rows affected (0.00 sec)

Query OK, 19696 rows affected (3.09 sec)
Records: 19696  Duplicates: 0  Warnings: 0

+-----------+
| callstats |
+-----------+
|     19696 |
+-----------+
1 row in set (0.01 sec)

Query OK, 0 rows affected, 1 warning (0.00 sec)

Query OK, 458 rows affected (2.47 sec)
Records: 458  Duplicates: 0  Warnings: 0

+------------------------+
| rep_cccallreportbefore |
+------------------------+
|                 979934 |
+------------------------+
1 row in set (0.34 sec)

Query OK, 458 rows affected (0.14 sec)
Records: 458  Duplicates: 0  Warnings: 0

+-----------------------+
| rep_cccallreportafter |
+-----------------------+
|                980392 |
+-----------------------+
1 row in set (0.26 sec)

Query OK, 0 rows affected (0.01 sec)

mysql> mysql \. C:\workspace\cloud\code\sql\_DailyScript\currenttime.sql
+---------------------+
| currenttime         |
+---------------------+
| 2020-08-19 10:02:57 |
+---------------------+
1 row in set (0.00 sec)

mysql> 
mysql> mysql \. C:\workspace\cloud\code\sql\_DailyScript\DAILY-SCRIPT-USAGE.sql
Database changed
Query OK, 0 rows affected (0.00 sec)

Query OK, 8214 rows affected, 23809 warnings (1.55 sec)
Records: 8214  Deleted: 0  Skipped: 0  Warnings: 23809

Query OK, 0 rows affected (0.00 sec)

Query OK, 12355 rows affected, 35785 warnings (2.09 sec)
Records: 12355  Deleted: 0  Skipped: 0  Warnings: 35785

Query OK, 0 rows affected (0.00 sec)

Query OK, 320 rows affected, 1160 warnings (0.07 sec)
Records: 320  Deleted: 0  Skipped: 0  Warnings: 1160

Query OK, 0 rows affected (0.00 sec)

Query OK, 247 rows affected, 838 warnings (0.09 sec)
Records: 247  Deleted: 0  Skipped: 0  Warnings: 838

+------------+
| dailyusage |
+------------+
|   14161509 |
+------------+
1 row in set (6.00 sec)

+------------+------------+------------+---------+
| datestart  | dateend    | insertedon | records |
+------------+------------+------------+---------+
| 2020-08-18 | 2020-08-18 | 2020-08-19 |   21136 |
| 2020-08-17 | 2020-08-17 | 2020-08-18 |   24020 |
| 2020-08-16 | 2020-08-16 | 2020-08-17 |   21719 |
| 2020-08-15 | 2020-08-15 | 2020-08-16 |   21860 |
| 2020-08-14 | 2020-08-14 | 2020-08-15 |   21375 |
+------------+------------+------------+---------+
5 rows in set (29.18 sec)

+----------+------------+------------+------------+---------+
| category | datestart  | dateend    | insertedon | records |
+----------+------------+------------+------------+---------+
| UNCAPPED | 2020-08-18 | 2020-08-18 | 2020-08-19 |   12355 |
| PREPAID  | 2020-08-18 | 2020-08-18 | 2020-08-19 |     320 |
| HOTSPOT  | 2020-08-18 | 2020-08-18 | 2020-08-19 |     247 |
| CAPPED   | 2020-08-18 | 2020-08-18 | 2020-08-19 |    8214 |
| UNCAPPED | 2020-08-17 | 2020-08-17 | 2020-08-18 |   14277 |
| PREPAID  | 2020-08-17 | 2020-08-17 | 2020-08-18 |     328 |
| HOTSPOT  | 2020-08-17 | 2020-08-17 | 2020-08-18 |     231 |
| CAPPED   | 2020-08-17 | 2020-08-17 | 2020-08-18 |    9184 |
| UNCAPPED | 2020-08-16 | 2020-08-16 | 2020-08-17 |   12739 |
| PREPAID  | 2020-08-16 | 2020-08-16 | 2020-08-17 |     372 |
| HOTSPOT  | 2020-08-16 | 2020-08-16 | 2020-08-17 |     179 |
| CAPPED   | 2020-08-16 | 2020-08-16 | 2020-08-17 |    8429 |
| UNCAPPED | 2020-08-15 | 2020-08-15 | 2020-08-16 |   12763 |
| PREPAID  | 2020-08-15 | 2020-08-15 | 2020-08-16 |     335 |
| HOTSPOT  | 2020-08-15 | 2020-08-15 | 2020-08-16 |     195 |
| CAPPED   | 2020-08-15 | 2020-08-15 | 2020-08-16 |    8567 |
| UNCAPPED | 2020-08-14 | 2020-08-14 | 2020-08-15 |   12476 |
| PREPAID  | 2020-08-14 | 2020-08-14 | 2020-08-15 |     324 |
| HOTSPOT  | 2020-08-14 | 2020-08-14 | 2020-08-15 |     208 |
| CAPPED   | 2020-08-14 | 2020-08-14 | 2020-08-15 |    8367 |
+----------+------------+------------+------------+---------+
20 rows in set (21.00 sec)

mysql> mysql \. C:\workspace\cloud\code\sql\_DailyScript\currenttime.sql
+---------------------+
| currenttime         |
+---------------------+
| 2020-08-19 10:03:57 |
+---------------------+
1 row in set (0.00 sec)

mysql> 
mysql> mysql \. C:\workspace\cloud\code\sql\_DailyScript\DAILY-SCRIPT-SALES-TELEMETRY.sql
Database changed
Query OK, 113 rows affected, 64 warnings (0.04 sec)
Records: 113  Deleted: 0  Skipped: 0  Warnings: 64

+------------+
| dailysales |
+------------+
|     205040 |
+------------+
1 row in set (0.25 sec)

Query OK, 0 rows affected (0.04 sec)

Query OK, 205040 rows affected (12.61 sec)
Records: 205040  Duplicates: 0  Warnings: 0

+--------+
| sales  |
+--------+
| 205040 |
+--------+
1 row in set (0.08 sec)

Query OK, 0 rows affected (0.01 sec)

Query OK, 3312 rows affected (0.34 sec)
Records: 3312  Duplicates: 0  Warnings: 0

+----------------+
| rep_dailysales |
+----------------+
|           3312 |
+----------------+
1 row in set (0.00 sec)

Query OK, 0 rows affected (0.01 sec)

Query OK, 3312 rows affected (0.51 sec)
Records: 3312  Duplicates: 0  Warnings: 0

+-------------------+
| rep_dailysalesreg |
+-------------------+
|              3312 |
+-------------------+
1 row in set (0.00 sec)

Query OK, 0 rows affected (0.01 sec)

Query OK, 2789 rows affected (0.65 sec)
Records: 2789  Duplicates: 0  Warnings: 0

+-----------+
| saleslist |
+-----------+
|      2789 |
+-----------+
1 row in set (0.00 sec)

Database changed
Query OK, 1 row affected (0.02 sec)
Records: 1  Deleted: 0  Skipped: 0  Warnings: 0

+------------------+
| dailysinglesales |
+------------------+
|             6335 |
+------------------+
1 row in set (0.01 sec)

Database changed
Query OK, 13 rows affected (0.03 sec)
Records: 13  Deleted: 0  Skipped: 0  Warnings: 0

+-----------------+
| dailyaddonsales |
+-----------------+
|           20357 |
+-----------------+
1 row in set (0.04 sec)

Query OK, 157 rows affected (0.04 sec)
Records: 157  Deleted: 0  Skipped: 0  Warnings: 0

+----------------+
| onlinepayments |
+----------------+
|         117305 |
+----------------+
1 row in set (0.09 sec)

+-------------+----------------+---------------------+
| paymentdate | onlinepayments | onlinepaymentamount |
+-------------+----------------+---------------------+
| 2020-08-18  |            157 |        102761.22000 |
| 2020-08-17  |            149 |         89519.85000 |
| 2020-08-16  |            157 |        101242.56000 |
| 2020-08-15  |            124 |         74430.84000 |
| 2020-08-14  |            140 |         90559.05000 |
+-------------+----------------+---------------------+
5 rows in set (0.42 sec)

+-------------+--------------+----------------+---------------------+
| paymentyear | paymentmonth | onlinepayments | onlinepaymentamount |
+-------------+--------------+----------------+---------------------+
|        2020 |            8 |           3037 |       2015184.36000 |
|        2020 |            7 |           6291 |       4053825.83000 |
|        2020 |            6 |           6133 |       4006312.90000 |
|        2020 |            5 |           6399 |       4169369.14000 |
|        2020 |            4 |           7837 |       4979458.33000 |
+-------------+--------------+----------------+---------------------+
5 rows in set (0.11 sec)

mysql> mysql \. C:\workspace\cloud\code\sql\_DailyScript\currenttime.sql
+---------------------+
| currenttime         |
+---------------------+
| 2020-08-19 10:04:12 |
+---------------------+
1 row in set (0.00 sec)

mysql> 
mysql> mysql \. C:\workspace\cloud\code\sql\_DailyScript\DAILY-SCRIPT-ACTIVENUMBERS.sql
Database changed
Query OK, 1164 rows affected (0.49 sec)
Records: 1164  Deleted: 0  Skipped: 0  Warnings: 0

+------------+----------+
| period     | count(1) |
+------------+----------+
| 2020-08-18 |     1164 |
| 2020-08-17 |     1163 |
| 2020-08-16 |     1168 |
| 2020-08-15 |     1168 |
| 2020-08-14 |     1169 |
+------------+----------+
5 rows in set (0.00 sec)

Query OK, 0 rows affected (0.04 sec)

Query OK, 79 rows affected (1.34 sec)
Records: 79  Duplicates: 0  Warnings: 0

+-------------+
| packagelist |
+-------------+
|          79 |
+-------------+
1 row in set (0.00 sec)

Database changed
Query OK, 0 rows affected (0.00 sec)

Query OK, 0 rows affected (0.00 sec)

Query OK, 0 rows affected (0.00 sec)

Query OK, 0 rows affected (0.00 sec)

Query OK, 27469 rows affected, 194 warnings (20.53 sec)
Records: 27469  Deleted: 0  Skipped: 0  Warnings: 194

+------------+----------+
| period     | count(1) |
+------------+----------+
| 2020-08-18 |    27469 |
| 2020-08-17 |    27397 |
| 2020-08-16 |    27319 |
| 2020-08-15 |    27445 |
| 2020-08-14 |    27584 |
+------------+----------+
5 rows in set (0.12 sec)

Query OK, 0 rows affected (0.04 sec)

Query OK, 26880 rows affected (46.69 sec)
Records: 26880  Duplicates: 0  Warnings: 0

Query OK, 0 rows affected (0.11 sec)
Records: 0  Duplicates: 0  Warnings: 0

Query OK, 0 rows affected (0.10 sec)
Records: 0  Duplicates: 0  Warnings: 0

Query OK, 0 rows affected (0.12 sec)
Records: 0  Duplicates: 0  Warnings: 0

Query OK, 0 rows affected (0.09 sec)
Records: 0  Duplicates: 0  Warnings: 0

Query OK, 0 rows affected (0.07 sec)
Records: 0  Duplicates: 0  Warnings: 0

Query OK, 0 rows affected (0.07 sec)
Records: 0  Duplicates: 0  Warnings: 0

+-------------+
| countbefore |
+-------------+
|    38400024 |
+-------------+
1 row in set (14.86 sec)

Query OK, 26880 rows affected (6.73 sec)
Records: 26880  Duplicates: 0  Warnings: 0

+------------+
| countafter |
+------------+
|   38426904 |
+------------+
1 row in set (14.20 sec)

+------------+--------------------------+
| period     | customercontractactivity |
+------------+--------------------------+
| 2020-08-18 |                    26880 |
| 2020-08-17 |                    26809 |
| 2020-08-16 |                    26731 |
| 2020-08-15 |                    26856 |
| 2020-08-14 |                    26995 |
+------------+--------------------------+
5 rows in set (0.06 sec)

Query OK, 0 rows affected (0.02 sec)

Query OK, 275129 rows affected (6 min 54.05 sec)
Records: 275129  Duplicates: 0  Warnings: 0

Query OK, 0 rows affected (0.93 sec)
Records: 0  Duplicates: 0  Warnings: 0

Query OK, 0 rows affected (0.95 sec)
Records: 0  Duplicates: 0  Warnings: 0

Query OK, 0 rows affected (0.98 sec)
Records: 0  Duplicates: 0  Warnings: 0

Query OK, 0 rows affected (0.01 sec)

Query OK, 228 rows affected (0.41 sec)
Records: 228  Duplicates: 0  Warnings: 0

Query OK, 0 rows affected (0.01 sec)

Query OK, 2590 rows affected (0.56 sec)
Records: 2590  Duplicates: 0  Warnings: 0

Query OK, 0 rows affected (0.01 sec)

Query OK, 26861 rows affected (0.52 sec)
Records: 26861  Duplicates: 0  Warnings: 0

Query OK, 0 rows affected (0.02 sec)

Query OK, 16971 rows affected (0.33 sec)
Records: 16971  Duplicates: 0  Warnings: 0

Query OK, 0 rows affected (0.01 sec)

Query OK, 16971 rows affected (0.14 sec)
Records: 16971  Duplicates: 0  Warnings: 0

Query OK, 0 rows affected (0.01 sec)

Query OK, 16971 rows affected (1.07 sec)
Records: 16971  Duplicates: 0  Warnings: 0

Query OK, 0 rows affected (0.03 sec)

Query OK, 16971 rows affected (42.36 sec)
Records: 16971  Duplicates: 0  Warnings: 0

+-------------+
| clientstats |
+-------------+
|       16971 |
+-------------+
1 row in set (0.01 sec)

Query OK, 0 rows affected (0.01 sec)

Query OK, 13 rows affected, 1 warning (0.09 sec)
Records: 13  Duplicates: 0  Warnings: 1

+-----------------------+-------------+-------------+----------------+-----------------+
| services              | activecount | allaccounts | uniqueaccounts | uniquecontracts |
+-----------------------+-------------+-------------+----------------+-----------------+
| All                   |         338 |          54 |             54 |             174 |
| Internet & Voice      |         389 |         176 |            176 |             344 |
| Internet Only         |        4317 |        4231 |           4220 |            4271 |
| OTT Only              |           1 |           1 |              1 |               1 |
| TV & Internet         |        9059 |        4095 |           4087 |            8312 |
| TV & Internet & OTT   |        3151 |         811 |            807 |            1688 |
| TV & Internet & Voice |         491 |         145 |            145 |             443 |
| TV & OTT              |         331 |          63 |             62 |              77 |
| TV & Voice            |          82 |          38 |             38 |              78 |
| TV & Voice & OTT      |           3 |           1 |              1 |               2 |
| TV Only               |        9256 |        7215 |           7201 |            7394 |
| Voice Only            |         142 |         141 |            140 |             142 |
| GRAND TOTAL           |       27560 |       16971 |          16888 |           22926 |
+-----------------------+-------------+-------------+----------------+-----------------+
13 rows in set (0.00 sec)

+-------------+-------------+-------------+----------------+-----------------+
| network     | activecount | allaccounts | uniqueaccounts | uniquecontracts |
+-------------+-------------+-------------+----------------+-----------------+
| GPON        |        9133 |        4657 |           4654 |            7228 |
| HFC         |       18427 |       12314 |          12314 |           15698 |
| GRAND TOTAL |       27560 |       16971 |          16888 |           22926 |
+-------------+-------------+-------------+----------------+-----------------+
3 rows in set, 1 warning (0.11 sec)

+-------------+-----------------------+-------------+-------------+----------------+-----------------+
| network     | services              | activecount | allaccounts | uniqueaccounts | uniquecontracts |
+-------------+-----------------------+-------------+-------------+----------------+-----------------+
| GPON        | All                   |         187 |          30 |             30 |              96 |
| GPON        | Internet & Voice      |          76 |          32 |             32 |              66 |
| GPON        | Internet Only         |        1141 |        1072 |           1072 |            1096 |
| GPON        | TV & Internet         |        3790 |        1671 |           1671 |            3421 |
| GPON        | TV & Internet & OTT   |        1774 |         451 |            451 |             948 |
| GPON        | TV & Internet & Voice |         191 |          56 |             56 |             173 |
| GPON        | TV & OTT              |          89 |          25 |             25 |              28 |
| GPON        | TV & Voice            |          40 |          18 |             18 |              37 |
| GPON        | TV Only               |        1833 |        1290 |           1290 |            1351 |
| GPON        | Voice Only            |          12 |          12 |             12 |              12 |
| GPON        | Services Total        |        9133 |        4657 |           4654 |            7228 |
| HFC         | All                   |         151 |          24 |             24 |              78 |
| HFC         | Internet & Voice      |         313 |         144 |            144 |             278 |
| HFC         | Internet Only         |        3176 |        3159 |           3159 |            3175 |
| HFC         | OTT Only              |           1 |           1 |              1 |               1 |
| HFC         | TV & Internet         |        5269 |        2424 |           2424 |            4891 |
| HFC         | TV & Internet & OTT   |        1377 |         360 |            360 |             740 |
| HFC         | TV & Internet & Voice |         300 |          89 |             89 |             270 |
| HFC         | TV & OTT              |         242 |          38 |             38 |              49 |
| HFC         | TV & Voice            |          42 |          20 |             20 |              41 |
| HFC         | TV & Voice & OTT      |           3 |           1 |              1 |               2 |
| HFC         | TV Only               |        7423 |        5925 |           5925 |            6043 |
| HFC         | Voice Only            |         130 |         129 |            129 |             130 |
| HFC         | Services Total        |       18427 |       12314 |          12314 |           15698 |
| GRAND TOTAL | Services Total        |       27560 |       16971 |          16888 |           22926 |
+-------------+-----------------------+-------------+-------------+----------------+-----------------+
25 rows in set, 2 warnings (0.12 sec)

Query OK, 0 rows affected (0.01 sec)

Query OK, 40 rows affected, 3 warnings (0.17 sec)
Records: 40  Duplicates: 0  Warnings: 3

+-------------+---------------+-----------------------+-------------+-------------+----------------+-----------------+
| region      | network       | services              | activecount | allaccounts | uniqueaccounts | uniquecontracts |
+-------------+---------------+-----------------------+-------------+-------------+----------------+-----------------+
| Mahe        | GPON          | All                   |         161 |          26 |             26 |              84 |
| Mahe        | GPON          | Internet & Voice      |          62 |          25 |             25 |              52 |
| Mahe        | GPON          | Internet Only         |         922 |         853 |            853 |             877 |
| Mahe        | GPON          | TV & Internet         |        2982 |        1307 |           1307 |            2678 |
| Mahe        | GPON          | TV & Internet & OTT   |        1360 |         335 |            335 |             708 |
| Mahe        | GPON          | TV & Internet & Voice |         178 |          52 |             52 |             160 |
| Mahe        | GPON          | TV & OTT              |          75 |          18 |             18 |              21 |
| Mahe        | GPON          | TV & Voice            |          40 |          18 |             18 |              37 |
| Mahe        | GPON          | TV Only               |        1500 |        1024 |           1024 |            1077 |
| Mahe        | GPON          | Voice Only            |          11 |          11 |             11 |              11 |
| Mahe        | GPON          | Services Total        |        7291 |        3669 |           3669 |            5705 |
| Mahe        | HFC           | All                   |         151 |          24 |             24 |              78 |
| Mahe        | HFC           | Internet & Voice      |         313 |         144 |            144 |             278 |
| Mahe        | HFC           | Internet Only         |        3175 |        3158 |           3158 |            3174 |
| Mahe        | HFC           | OTT Only              |           1 |           1 |              1 |               1 |
| Mahe        | HFC           | TV & Internet         |        5269 |        2424 |           2424 |            4891 |
| Mahe        | HFC           | TV & Internet & OTT   |        1377 |         360 |            360 |             740 |
| Mahe        | HFC           | TV & Internet & Voice |         300 |          89 |             89 |             270 |
| Mahe        | HFC           | TV & OTT              |         242 |          38 |             38 |              49 |
| Mahe        | HFC           | TV & Voice            |          42 |          20 |             20 |              41 |
| Mahe        | HFC           | TV & Voice & OTT      |           3 |           1 |              1 |               2 |
| Mahe        | HFC           | TV Only               |        7418 |        5922 |           5922 |            6040 |
| Mahe        | HFC           | Voice Only            |         130 |         129 |            129 |             130 |
| Mahe        | HFC           | Services Total        |       18421 |       12310 |          12310 |           15694 |
| Mahe        | Network Total | Services Total        |       25712 |       15979 |          15900 |           21399 |
| Praslin     | GPON          | All                   |          26 |           4 |              4 |              12 |
| Praslin     | GPON          | Internet & Voice      |          14 |           7 |              7 |              14 |
| Praslin     | GPON          | Internet Only         |         219 |         219 |            219 |             219 |
| Praslin     | GPON          | TV & Internet         |         808 |         364 |            364 |             743 |
| Praslin     | GPON          | TV & Internet & OTT   |         414 |         116 |            116 |             240 |
| Praslin     | GPON          | TV & Internet & Voice |          13 |           4 |              4 |              13 |
| Praslin     | GPON          | TV & OTT              |          14 |           7 |              7 |               7 |
| Praslin     | GPON          | TV Only               |         333 |         266 |            266 |             274 |
| Praslin     | GPON          | Voice Only            |           1 |           1 |              1 |               1 |
| Praslin     | GPON          | Services Total        |        1842 |         988 |            988 |            1523 |
| Praslin     | HFC           | Internet Only         |           1 |           1 |              1 |               1 |
| Praslin     | HFC           | TV Only               |           5 |           3 |              3 |               3 |
| Praslin     | HFC           | Services Total        |           6 |           4 |              4 |               4 |
| Praslin     | Network Total | Services Total        |        1848 |         992 |            991 |            1527 |
| GRAND TOTAL | Network Total | Services Total        |       27560 |       16971 |          16888 |           22926 |
+-------------+---------------+-----------------------+-------------+-------------+----------------+-----------------+
40 rows in set (0.00 sec)

Query OK, 0 rows affected (0.01 sec)

Query OK, 26862 rows affected (0.40 sec)
Records: 26862  Duplicates: 0  Warnings: 0

Query OK, 0 rows affected (0.01 sec)

Query OK, 2111 rows affected (1.62 sec)
Records: 2111  Duplicates: 0  Warnings: 0

+--------------------------------------+
| message                              |
+--------------------------------------+
| running rcbill_my.sp_ActiveNumber2() |
+--------------------------------------+
1 row in set (0.00 sec)

Query OK, 365 rows affected (1 min 46.31 sec)

mysql> mysql \. C:\workspace\cloud\code\sql\_DailyScript\currenttime.sql
+---------------------+
| currenttime         |
+---------------------+
| 2020-08-19 10:15:29 |
+---------------------+
1 row in set (0.00 sec)

mysql> 
mysql> mysql \. C:\workspace\cloud\code\sql\_DailyScript\GetActiveNumbers Average -Pivot.sql
Database changed
+-------------------------------------+
| @today := subdate(current_date(),1) |
+-------------------------------------+
| 2020-08-18                          |
+-------------------------------------+
1 row in set (0.00 sec)

+-------------------------------------+
| @lastdayofmonth := last_day(@today) |
+-------------------------------------+
| 2020-08-31                          |
+-------------------------------------+
1 row in set (0.00 sec)

Query OK, 0 rows affected (0.01 sec)

Query OK, 41000 rows affected, 65535 warnings (49.64 sec)
Records: 41000  Duplicates: 0  Warnings: 84661

Query OK, 0 rows affected (0.09 sec)
Records: 0  Duplicates: 0  Warnings: 0

Query OK, 0 rows affected (0.11 sec)
Records: 0  Duplicates: 0  Warnings: 0

Query OK, 0 rows affected (0.09 sec)
Records: 0  Duplicates: 0  Warnings: 0

+-----------------+
| activenumberavg |
+-----------------+
|           41000 |
+-----------------+
1 row in set (0.01 sec)

Query OK, 0 rows affected (0.01 sec)

Query OK, 1897 rows affected (0.49 sec)
Records: 1897  Duplicates: 0  Warnings: 0

+---------------------+
| rep_activenumberavg |
+---------------------+
|                1897 |
+---------------------+
1 row in set (0.00 sec)

+----------------------+
| rep_activenumberavg1 |
+----------------------+
|                  885 |
+----------------------+
1 row in set (0.00 sec)

Query OK, 0 rows affected (0.01 sec)

Query OK, 2133 rows affected (0.38 sec)
Records: 2133  Duplicates: 0  Warnings: 0

Query OK, 0 rows affected (0.02 sec)

Query OK, 10907 rows affected (0.67 sec)
Records: 10907  Duplicates: 0  Warnings: 0

Query OK, 0 rows affected (0.00 sec)

Query OK, 0 rows affected (0.00 sec)

Query OK, 0 rows affected (0.01 sec)

Query OK, 0 rows affected (0.00 sec)

Query OK, 0 rows affected (0.00 sec)
Statement prepared

Query OK, 53 rows affected (0.04 sec)
Records: 53  Duplicates: 0  Warnings: 0

Query OK, 0 rows affected (0.00 sec)

Query OK, 0 rows affected (0.00 sec)

+----------------------+
| rep_activenumberavg2 |
+----------------------+
|                 2133 |
+----------------------+
1 row in set (0.00 sec)

+------------------------+
| rep_activenumberavg_pv |
+------------------------+
|                     53 |
+------------------------+
1 row in set (0.00 sec)

Query OK, 0 rows affected (0.00 sec)

Query OK, 2132 rows affected (0.31 sec)
Records: 2132  Duplicates: 0  Warnings: 0

Query OK, 0 rows affected (0.00 sec)

Query OK, 0 rows affected (0.00 sec)

Query OK, 0 rows affected (0.00 sec)

Query OK, 0 rows affected (0.00 sec)

Query OK, 0 rows affected (0.00 sec)
Statement prepared

Query OK, 53 rows affected (0.04 sec)
Records: 53  Duplicates: 0  Warnings: 0

Query OK, 0 rows affected (0.00 sec)

Query OK, 0 rows affected (0.00 sec)

+-------------------------+
| rep_activenumberavgMahe |
+-------------------------+
|                    2132 |
+-------------------------+
1 row in set (0.00 sec)

+----------------------------+
| rep_activenumberavgMahe_pv |
+----------------------------+
|                         53 |
+----------------------------+
1 row in set (0.00 sec)

Query OK, 0 rows affected (0.01 sec)

Query OK, 1362 rows affected (0.14 sec)
Records: 1362  Duplicates: 0  Warnings: 0

Query OK, 0 rows affected (0.00 sec)

Query OK, 0 rows affected (0.00 sec)

Query OK, 0 rows affected (0.01 sec)

Query OK, 0 rows affected (0.00 sec)

Query OK, 0 rows affected (0.00 sec)
Statement prepared

Query OK, 40 rows affected (0.03 sec)
Records: 40  Duplicates: 0  Warnings: 0

Query OK, 0 rows affected (0.00 sec)

Query OK, 0 rows affected (0.00 sec)

+----------------------------+
| rep_activenumberavgPraslin |
+----------------------------+
|                       1362 |
+----------------------------+
1 row in set (0.00 sec)

+-------------------------------+
| rep_activenumberavgPraslin_pv |
+-------------------------------+
|                            40 |
+-------------------------------+
1 row in set (0.00 sec)

mysql> mysql \. C:\workspace\cloud\code\sql\_DailyScript\currenttime.sql
+---------------------+
| currenttime         |
+---------------------+
| 2020-08-19 10:16:22 |
+---------------------+
1 row in set (0.00 sec)

mysql> 
mysql> mysql \. C:\workspace\cloud\code\sql\_DailyScript\budget_actual_analysis_2020.sql
Query OK, 0 rows affected (0.01 sec)

Query OK, 881 rows affected, 3 warnings (0.18 sec)
Records: 881  Duplicates: 0  Warnings: 3

+--------------------+
| budget_actual_2020 |
+--------------------+
|                881 |
+--------------------+
1 row in set (0.00 sec)

Query OK, 0 rows affected (0.01 sec)

Query OK, 48 rows affected (0.04 sec)
Records: 48  Duplicates: 0  Warnings: 0

+---------------------------+
| rep_budget_actual_2020_pv |
+---------------------------+
|                        48 |
+---------------------------+
1 row in set (0.00 sec)

mysql> mysql \. C:\workspace\cloud\code\sql\_DailyScript\currenttime.sql
+---------------------+
| currenttime         |
+---------------------+
| 2020-08-19 10:16:22 |
+---------------------+
1 row in set (0.00 sec)

mysql> 
mysql> mysql \. C:\workspace\cloud\code\sql\_DailyScript\reports-sales-addons-prepaid-camera.sql
Database changed
Query OK, 0 rows affected (0.00 sec)

Query OK, 4131 rows affected (0.19 sec)
Records: 4131  Duplicates: 0  Warnings: 0

Query OK, 0 rows affected (0.01 sec)

Query OK, 20400 rows affected (16.03 sec)
Records: 20400  Duplicates: 0  Warnings: 0

+--------------------+
| rep_prepaid_camera |
+--------------------+
|               4131 |
+--------------------+
1 row in set (0.01 sec)

+-----------+
| rep_addon |
+-----------+
|     20400 |
+-----------+
1 row in set (0.01 sec)

mysql> mysql \. C:\workspace\cloud\code\sql\_DailyScript\currenttime.sql
+---------------------+
| currenttime         |
+---------------------+
| 2020-08-19 10:16:38 |
+---------------------+
1 row in set (0.00 sec)

mysql> 
mysql> mysql \. C:\workspace\cloud\code\sql\_DailyScript\housing-estate-analysis.sql
Database changed
Query OK, 0 rows affected (0.01 sec)

Query OK, 3194 rows affected (53.76 sec)
Records: 3194  Duplicates: 0  Warnings: 0

+--------------------+
| rep_housingestates |
+--------------------+
|               3194 |
+--------------------+
1 row in set (0.00 sec)

mysql> mysql \. C:\workspace\cloud\code\sql\_DailyScript\currenttime.sql
+---------------------+
| currenttime         |
+---------------------+
| 2020-08-19 10:17:32 |
+---------------------+
1 row in set (0.00 sec)

mysql> 
mysql> mysql \. C:\workspace\cloud\code\sql\_DailyScript\RCB_ClientAnalyticsReport_Script.sql
Database changed
Query OK, 0 rows affected (0.00 sec)

Query OK, 0 rows affected (0.04 sec)

Query OK, 1929911 rows affected (1 min 8.47 sec)
Records: 1929911  Duplicates: 0  Warnings: 0

Query OK, 0 rows affected (5.48 sec)
Records: 0  Duplicates: 0  Warnings: 0

Query OK, 0 rows affected (4.66 sec)
Records: 0  Duplicates: 0  Warnings: 0

Query OK, 0 rows affected (8.81 sec)
Records: 0  Duplicates: 0  Warnings: 0

Query OK, 0 rows affected (7.13 sec)
Records: 0  Duplicates: 0  Warnings: 0

Query OK, 0 rows affected (8.59 sec)
Records: 0  Duplicates: 0  Warnings: 0

Query OK, 0 rows affected (7.28 sec)
Records: 0  Duplicates: 0  Warnings: 0

Query OK, 0 rows affected (0.00 sec)

Query OK, 487649 rows affected (15.37 sec)
Rows matched: 1929911  Changed: 487649  Warnings: 0

Query OK, 0 rows affected (0.02 sec)

Query OK, 27738 rows affected (4.07 sec)
Records: 27738  Duplicates: 0  Warnings: 0

Query OK, 0 rows affected (0.01 sec)

Query OK, 43898 rows affected (10 min 2.02 sec)
Records: 43898  Duplicates: 0  Warnings: 0

Query OK, 0 rows affected (0.17 sec)
Records: 0  Duplicates: 0  Warnings: 0

Query OK, 0 rows affected (0.14 sec)
Records: 0  Duplicates: 0  Warnings: 0

Query OK, 0 rows affected (0.09 sec)
Records: 0  Duplicates: 0  Warnings: 0

Query OK, 0 rows affected (0.03 sec)

Query OK, 455444 rows affected (12 min 38.11 sec)
Records: 455444  Duplicates: 0  Warnings: 0

Query OK, 0 rows affected (1.48 sec)
Records: 0  Duplicates: 0  Warnings: 0

Query OK, 0 rows affected (1.47 sec)
Records: 0  Duplicates: 0  Warnings: 0

Query OK, 0 rows affected (0.87 sec)
Records: 0  Duplicates: 0  Warnings: 0

Query OK, 0 rows affected (1.81 sec)
Records: 0  Duplicates: 0  Warnings: 0

Query OK, 0 rows affected (1.81 sec)
Records: 0  Duplicates: 0  Warnings: 0

Query OK, 0 rows affected (0.03 sec)

Query OK, 43898 rows affected (1 min 20.58 sec)
Records: 43898  Duplicates: 0  Warnings: 0

+--------------+
| clientreport |
+--------------+
|        43898 |
+--------------+
1 row in set (0.02 sec)

Query OK, 0 rows affected (0.01 sec)

Query OK, 43898 rows affected (5.59 sec)
Records: 43898  Duplicates: 0  Warnings: 0

+----------------------+
| clientextendedreport |
+----------------------+
|                43898 |
+----------------------+
1 row in set (0.01 sec)

Query OK, 0 rows affected (0.01 sec)

Query OK, 43898 rows affected (51.43 sec)
Records: 43898  Duplicates: 0  Warnings: 0

+---------+
| allcust |
+---------+
|   43898 |
+---------+
1 row in set (0.01 sec)

Query OK, 0 rows affected, 1 warning (0.00 sec)

Query OK, 5000 rows affected (0.13 sec)
Records: 5000  Duplicates: 0  Warnings: 0

Query OK, 0 rows affected (0.01 sec)

Query OK, 6887 rows affected (0.31 sec)
Records: 6887  Duplicates: 0  Warnings: 0

Query OK, 0 rows affected, 1 warning (0.00 sec)

Query OK, 5000 rows affected (0.14 sec)
Records: 5000  Duplicates: 0  Warnings: 0

Query OK, 0 rows affected (0.01 sec)

Query OK, 7255 rows affected (0.19 sec)
Records: 7255  Duplicates: 0  Warnings: 0

mysql> mysql \. C:\workspace\cloud\code\sql\_DailyScript\currenttime.sql
+---------------------+
| currenttime         |
+---------------------+
| 2020-08-19 10:44:48 |
+---------------------+
1 row in set (0.00 sec)

mysql> 
mysql> 
mysql> mysql \. C:\workspace\cloud\code\sql\_DailyScript\REVENUE_PER_NODE_MXK.sql
Query OK, 0 rows affected (0.01 sec)

Query OK, 0 rows affected (0.01 sec)

Query OK, 0 rows affected (0.02 sec)

Query OK, 6441 rows affected (1.93 sec)
Records: 6441  Duplicates: 0  Warnings: 0

+----------------------+
| message              |
+----------------------+
| created temp table a |
+----------------------+
1 row in set (0.00 sec)

Query OK, 6786 rows affected (0.96 sec)
Records: 6786  Duplicates: 0  Warnings: 0

+----------------------+
| message              |
+----------------------+
| created temp table b |
+----------------------+
1 row in set (0.00 sec)

Query OK, 0 rows affected, 1 warning (0.00 sec)

Query OK, 6748 rows affected (13.80 sec)
Records: 6748  Duplicates: 0  Warnings: 0

+--------------------------------+
| message                        |
+--------------------------------+
| created rcbill_my.tempcustmxk1 |
+--------------------------------+
1 row in set (0.00 sec)

Query OK, 0 rows affected (0.01 sec)

Query OK, 0 rows affected (0.00 sec)

Query OK, 0 rows affected, 1 warning (0.00 sec)

Query OK, 6441 rows affected (1.36 sec)
Records: 6441  Duplicates: 0  Warnings: 0

+----------------+
| message        |
+----------------+
| created temp a |
+----------------+
1 row in set (0.00 sec)

Query OK, 6786 rows affected (0.82 sec)
Records: 6786  Duplicates: 0  Warnings: 0

+----------------+
| message        |
+----------------+
| created temp b |
+----------------+
1 row in set (0.00 sec)

Query OK, 0 rows affected, 1 warning (0.00 sec)

Query OK, 6882 rows affected (8.94 sec)
Records: 6882  Duplicates: 0  Warnings: 0

+--------------------------------+
| message                        |
+--------------------------------+
| created rcbill_my.tempcustmxk2 |
+--------------------------------+
1 row in set (0.00 sec)

Query OK, 0 rows affected (0.01 sec)

Query OK, 0 rows affected (0.00 sec)

Query OK, 0 rows affected, 1 warning (0.00 sec)

Query OK, 0 rows affected (0.01 sec)

Query OK, 7595 rows affected (0.33 sec)
Records: 7595  Duplicates: 0  Warnings: 0

+---------------------------------+
| message                         |
+---------------------------------+
| created rcbill_my.customers_mxk |
+---------------------------------+
1 row in set (0.00 sec)

Query OK, 0 rows affected (0.01 sec)

Query OK, 0 rows affected (0.00 sec)

Query OK, 14203 rows affected (5.31 sec)
Records: 14203  Duplicates: 0  Warnings: 0

+----------------+
| message        |
+----------------+
| created temp a |
+----------------+
1 row in set (0.00 sec)

Query OK, 19587 rows affected (1.59 sec)
Records: 19587  Duplicates: 0  Warnings: 0

+----------------+
| message        |
+----------------+
| created temp c |
+----------------+
1 row in set (0.00 sec)

Query OK, 0 rows affected, 1 warning (0.00 sec)

Query OK, 27404 rows affected (0.28 sec)
Records: 27404  Duplicates: 0  Warnings: 0

+---------------------------------+
| message                         |
+---------------------------------+
| created rcbill_my.tempcustcmts1 |
+---------------------------------+
1 row in set (0.00 sec)

Query OK, 0 rows affected (0.01 sec)

Query OK, 0 rows affected, 1 warning (0.00 sec)

Query OK, 0 rows affected (0.01 sec)

Query OK, 14203 rows affected (5.37 sec)
Records: 14203  Duplicates: 0  Warnings: 0

+----------------+
| message        |
+----------------+
| created temp a |
+----------------+
1 row in set (0.00 sec)

Query OK, 19587 rows affected (1.50 sec)
Records: 19587  Duplicates: 0  Warnings: 0

+----------------+
| message        |
+----------------+
| created temp c |
+----------------+
1 row in set (0.00 sec)

Query OK, 0 rows affected, 1 warning (0.00 sec)

Query OK, 20286 rows affected (0.29 sec)
Records: 20286  Duplicates: 0  Warnings: 0

+---------------------------------+
| message                         |
+---------------------------------+
| created rcbill_my.tempcustcmts2 |
+---------------------------------+
1 row in set (0.00 sec)

Query OK, 0 rows affected (0.01 sec)

Query OK, 0 rows affected, 1 warning (0.00 sec)

Query OK, 0 rows affected (0.01 sec)

Query OK, 0 rows affected (0.01 sec)

Query OK, 14282 rows affected (0.91 sec)
Records: 14282  Duplicates: 0  Warnings: 0

+----------------------------------+
| message                          |
+----------------------------------+
| created rcbill_my.customers_cmts |
+----------------------------------+
1 row in set (0.00 sec)

Query OK, 0 rows affected (0.01 sec)

Query OK, 0 rows affected (0.01 sec)

Query OK, 0 rows affected (0.01 sec)

Query OK, 18613 rows affected (0.82 sec)
Records: 18613  Duplicates: 0  Warnings: 0

+--------------------------------------+
| message                              |
+--------------------------------------+
| created rcbill_my.customers_cmts_mxk |
+--------------------------------------+
1 row in set (0.00 sec)

Query OK, 482738 rows affected (57.01 sec)
Records: 482738  Duplicates: 0  Warnings: 0

+----------------+
| message        |
+----------------+
| created temp a |
+----------------+
1 row in set (0.00 sec)

Query OK, 0 rows affected (0.02 sec)

Query OK, 483488 rows affected (10.95 sec)
Records: 483488  Duplicates: 0  Warnings: 0

+------------------------------------------------+
| message                                        |
+------------------------------------------------+
| created rcbill_my.customers_contracts_cmts_mxk |
+------------------------------------------------+
1 row in set (0.00 sec)

Query OK, 0 rows affected (0.01 sec)

Query OK, 0 rows affected, 1 warning (0.00 sec)

Query OK, 0 rows affected, 1 warning (0.00 sec)

Query OK, 0 rows affected (0.00 sec)

Query OK, 8495 rows affected (2.69 sec)
Rows matched: 8495  Changed: 8495  Warnings: 0

+------------------------------------------------+
| message                                        |
+------------------------------------------------+
| updated rcbill_my.customers_contracts_cmts_mxk |
+------------------------------------------------+
1 row in set (0.00 sec)

Query OK, 0 rows affected (0.03 sec)

Query OK, 1936483 rows affected (3 min 37.23 sec)
Records: 1936483  Duplicates: 0  Warnings: 0

+----------------------------------------+
| message                                |
+----------------------------------------+
| created rcbill_my.customers_collection |
+----------------------------------------+
1 row in set (0.00 sec)

Query OK, 0 rows affected (0.03 sec)

Query OK, 2236634 rows affected (1 min 46.87 sec)
Records: 2236634  Duplicates: 0  Warnings: 0

+------------------------------------------------+
| message                                        |
+------------------------------------------------+
| created rcbill_my.customers_cmts_mxk_cont_coll |
+------------------------------------------------+
1 row in set (0.00 sec)

Query OK, 0 rows affected (0.03 sec)

Query OK, 441363 rows affected (2 min 12.64 sec)
Records: 441363  Duplicates: 0  Warnings: 0

+--------------------------------------------------------+
| message                                                |
+--------------------------------------------------------+
| created rcbill_my.customers_contracts_collection_pivot |
+--------------------------------------------------------+
1 row in set (0.00 sec)

Query OK, 0 rows affected (0.01 sec)

Query OK, 39963 rows affected (2 min 16.89 sec)
Records: 39963  Duplicates: 0  Warnings: 0

+----------------------------------------------+
| message                                      |
+----------------------------------------------+
| created rcbill_my.customers_collection_pivot |
+----------------------------------------------+
1 row in set (0.00 sec)

Query OK, 0 rows affected (0.01 sec)

Query OK, 43898 rows affected (2.15 sec)
Records: 43898  Duplicates: 0  Warnings: 0

+--------------------------------------------+
| message                                    |
+--------------------------------------------+
| created rcbill_my.rep_customers_collection |
+--------------------------------------------+
1 row in set (0.00 sec)

Query OK, 0 rows affected (0.00 sec)

Query OK, 0 rows affected, 1 warning (0.00 sec)

Query OK, 449209 rows affected (12.84 sec)
Records: 449209  Duplicates: 0  Warnings: 0

+-------------------------+
| message                 |
+-------------------------+
| created rcbill_my.tempa |
+-------------------------+
1 row in set (0.00 sec)

Query OK, 0 rows affected, 1 warning (0.00 sec)

Query OK, 441363 rows affected (18.83 sec)
Records: 441363  Duplicates: 0  Warnings: 0

+-------------------------+
| message                 |
+-------------------------+
| created rcbill_my.tempb |
+-------------------------+
1 row in set (0.00 sec)

Query OK, 449209 rows affected (20.62 sec)
Records: 449209  Duplicates: 0  Warnings: 0

+-----------+
| message   |
+-----------+
| created a |
+-----------+
1 row in set (0.00 sec)

Query OK, 441373 rows affected (20.64 sec)
Records: 441373  Duplicates: 0  Warnings: 0

+-----------+
| message   |
+-----------+
| created b |
+-----------+
1 row in set (0.00 sec)

Query OK, 0 rows affected (0.02 sec)

Query OK, 0 rows affected (0.02 sec)

Query OK, 0 rows affected (0.02 sec)

Query OK, 485645 rows affected (52.20 sec)
Records: 485645  Duplicates: 0  Warnings: 0

+----------------------------------------------+
| message                                      |
+----------------------------------------------+
| created rcbill_my.cust_cont_payment_cmts_mxk |
+----------------------------------------------+
1 row in set (0.00 sec)

Query OK, 0 rows affected (0.02 sec)

Query OK, 0 rows affected (0.01 sec)

Query OK, 0 rows affected, 1 warning (0.00 sec)

Query OK, 0 rows affected (0.01 sec)

Query OK, 43898 rows affected (17.16 sec)
Records: 43898  Duplicates: 0  Warnings: 0

+--------------------------------------------------+
| message                                          |
+--------------------------------------------------+
| created rcbill_my.rep_cust_cont_payment_cmts_mxk |
+--------------------------------------------------+
1 row in set (0.00 sec)

Query OK, 0 rows affected, 1 warning (0.00 sec)

Query OK, 0 rows affected, 1 warning (0.00 sec)

Query OK, 0 rows affected (0.01 sec)

Query OK, 43898 rows affected, 5 warnings (7.62 sec)
Records: 43898  Duplicates: 0  Warnings: 5

+----------------------+
| rep_custconsolidated |
+----------------------+
|                43898 |
+----------------------+
1 row in set (0.46 sec)

Query OK, 0 rows affected (0.01 sec)

+------------------------------------+
| message                            |
+------------------------------------+
| creating rcbill_my.rep_custextract |
+------------------------------------+
1 row in set (0.00 sec)

Query OK, 43898 rows affected (1.10 sec)
Records: 43898  Duplicates: 0  Warnings: 0

+-----------------+
| rep_custextract |
+-----------------+
|           43898 |
+-----------------+
1 row in set (0.01 sec)

Query OK, 0 rows affected (0.00 sec)

Query OK, 0 rows affected (0.01 sec)

+----------------------------------------------+
| message                                      |
+----------------------------------------------+
| creating rcbill_my.retentioncustomeractivity |
+----------------------------------------------+
1 row in set (0.00 sec)

Query OK, 869 rows affected (0.09 sec)
Records: 869  Duplicates: 0  Warnings: 0

+---------------------------+
| retentioncustomeractivity |
+---------------------------+
|                       869 |
+---------------------------+
1 row in set (0.00 sec)

+-----------+------------------------------------+------------+-------------+-----------------+------------------+---------------------+-------------------+
| HFC_NODE  | NODENAME                           | CMTS_DATE  | INSERTED_ON | UNIQUE_ACCOUNTS | UNIQUE_CONTRACTS | UNIQUE_MAC_INRCBOSS | UNIQUE_MAC_INCMTS |
+-----------+------------------------------------+------------+-------------+-----------------+------------------+---------------------+-------------------+
| NULL      | NULL                               | NULL       | 2020-08-19  |            6698 |             7058 |                7103 |                 0 |
| C5/0/0/U0 | ANSE-BOILEAU-2                     | 2020-07-27 | 2020-08-19  |             186 |              190 |                 186 |               188 |
| C5/0/0/U1 | 500-C3-ANSE-BOILEAU                | 2020-07-27 | 2020-08-19  |             189 |              193 |                 189 |               191 |
| C5/0/1/U0 | 501-C4-LA-MISIERE-LEFT-I           | 2020-07-27 | 2020-08-19  |             161 |              167 |                 161 |               161 |
| C5/0/1/U1 | 501-C5-LA-MISIERE-RIGHT            | 2020-07-27 | 2020-08-19  |             111 |              114 |                 112 |               115 |
| C5/0/1/U2 | 501-C7-LA-MISIERE-LEFT-II          | 2020-07-27 | 2020-08-19  |             160 |              163 |                 160 |               161 |
| C5/0/2/U0 | 502-C8-LA-LOUISE                   | 2020-07-27 | 2020-08-19  |             149 |              149 |                 149 |               151 |
| C5/0/2/U1 | LA-LOUISE-2                        | 2020-07-27 | 2020-08-19  |             145 |              147 |                 145 |               146 |
| C5/0/3/U0 | 504-C6-PETIT-PARIS                 | 2020-07-27 | 2020-08-19  |             162 |              165 |                 162 |               163 |
| C5/0/3/U1 | PETIT-PARIS-23                     | 2020-07-27 | 2020-08-19  |              80 |               82 |                  80 |                80 |
| C5/0/4/U0 | FOUR-SEASONS                       | 2020-07-27 | 2020-08-19  |               4 |                4 |                   4 |                 4 |
| C5/0/4/U1 | ANCHOR-CAFE-I                      | 2020-07-27 | 2020-08-19  |             148 |              152 |                 148 |               149 |
| C5/0/4/U2 | ANCHOR-CAFE-II                     | 2020-07-27 | 2020-08-19  |             156 |              157 |                 156 |               158 |
| C5/1/0/U0 | POINTE-LARUE-AIRPORT-23            | 2020-07-27 | 2020-08-19  |             101 |              104 |                 102 |               109 |
| C5/1/0/U1 | PPROVIDENCE-23                     | 2020-07-27 | 2020-08-19  |              20 |               21 |                  20 |                20 |
| C5/1/0/U2 | ROSHE-CAIMAN-23                    | 2020-07-27 | 2020-08-19  |              10 |               10 |                  10 |                10 |
| C5/1/0/U3 | HEAD-OFFICE | HO-23                | 2020-07-27 | 2020-08-19  |              22 |               22 |                  22 |                23 |
| C5/1/1/U1 | C5-UNION-VALE                      | 2020-07-27 | 2020-08-19  |             198 |              201 |                 198 |               198 |
| C5/1/3/U0 | POINTE-LARUE-AIRPORT-27            | 2020-07-27 | 2020-08-19  |             151 |              156 |                 151 |               153 |
| C5/1/3/U1 | PPROVIDENCE-27                     | 2020-07-27 | 2020-08-19  |              24 |               24 |                  24 |                24 |
| C5/1/3/U2 | ROSHE-CAIMAN-27                    | 2020-07-27 | 2020-08-19  |              30 |               31 |                  30 |                30 |
| C5/1/3/U3 | HEAD-OFFICE | HO-27                | 2020-07-27 | 2020-08-19  |              18 |               19 |                  18 |                19 |
| C5/1/4/U0 | ANSE-ROYALE-27                     | 2020-07-27 | 2020-08-19  |             102 |              104 |                 102 |               102 |
| C5/1/4/U1 | GLACIS-2-57                        | 2020-07-27 | 2020-08-19  |              59 |               64 |                  59 |                60 |
| C5/1/4/U2 | NULL                               | 2020-07-27 | 2020-08-19  |             104 |              106 |                 104 |               104 |
| C5/1/4/U3 | GLACIS-1                           | 2020-07-27 | 2020-08-19  |              48 |               50 |                  48 |                48 |
| C6/0/1/U0 | SERRET-ROAD-RIGHT/CURIO/PASCAL     | 2020-07-27 | 2020-08-19  |             133 |              136 |                 133 |               134 |
| C6/0/1/U1 | SERRET-ROAD-LEFT/ST.LOUIS/TOWN     | 2020-07-27 | 2020-08-19  |             109 |              115 |                 110 |               112 |
| C6/0/1/U2 | SERRET-ROAD-RIGHT/CURIO/PASCAL-2   | 2020-07-27 | 2020-08-19  |             125 |              126 |                 125 |               125 |
| C6/0/1/U3 | SERRET-ROAD-LEFT/ST.LOUIS/TOWN-2   | 2020-07-27 | 2020-08-19  |             108 |              112 |                 108 |               109 |
| C6/0/2/U0 | SANS-SOUCIS-I                      | 2020-07-27 | 2020-08-19  |             111 |              112 |                 109 |               110 |
| C6/0/2/U1 | SANS-SOUCIS-II                     | 2020-07-27 | 2020-08-19  |             105 |              108 |                 105 |               107 |
| C6/0/2/U2 | BEL-AIR-27                         | 2020-07-27 | 2020-08-19  |             118 |              124 |                 118 |               121 |
| C6/0/2/U3 | BEL-AIR-38                         | 2020-07-27 | 2020-08-19  |              76 |               77 |                  76 |                76 |
| C6/0/3/U0 | LES-MAMELLES-23                    | 2020-07-27 | 2020-08-19  |              75 |               75 |                  75 |                76 |
| C6/0/3/U1 | VICTORIA-23                        | 2020-07-27 | 2020-08-19  |               9 |                9 |                   9 |                12 |
| C6/0/4/U0 | LES-MAMELLES-27                    | 2020-07-27 | 2020-08-19  |              81 |               81 |                  81 |                83 |
| C6/0/4/U1 | VICTORIA-27                        | 2020-07-27 | 2020-08-19  |              35 |               36 |                  36 |                36 |
| C7/1/0/U0 | LA-RETRAITE-23                     | 2020-07-27 | 2020-08-19  |             101 |              105 |                 102 |               102 |
| C7/1/0/U1 | TEA-FACTORY-23                     | 2020-07-27 | 2020-08-19  |              18 |               21 |                  20 |                22 |
| C7/1/0/U2 | PAS-23                             | 2020-07-27 | 2020-08-19  |              83 |               85 |                  83 |                87 |
| C7/1/1/U0 | REEF-ESTATE-23                     | 2020-07-27 | 2020-08-19  |              81 |               83 |                  81 |                83 |
| C7/1/2/U0 | LA-RETRAITE-27                     | 2020-07-27 | 2020-08-19  |              82 |               83 |                  82 |                84 |
| C7/1/2/U1 | TEA-FACTORY-27                     | 2020-07-27 | 2020-08-19  |              35 |               44 |                  36 |                37 |
| C7/1/2/U2 | PAS-27                             | 2020-07-27 | 2020-08-19  |             109 |              111 |                 109 |               110 |
| C7/1/3/U0 | MT-BUXTON-27                       | 2020-07-27 | 2020-08-19  |             164 |              166 |                 164 |               166 |
| C7/1/3/U1 | MT-BUXTON-23                       | 2020-07-27 | 2020-08-19  |              74 |               76 |                  75 |                76 |
| C7/1/4/U0 | REEF-ESTATE-27                     | 2020-07-27 | 2020-08-19  |              98 |               99 |                  98 |                99 |
| C8/0/0/U0 | POLICE-ACADEMY-1-27 - POINTE LARUE | 2020-07-27 | 2020-08-19  |             218 |              219 |                 218 |               219 |
| C8/0/0/U1 | NULL                               | 2020-07-27 | 2020-08-19  |             101 |              105 |                 101 |               103 |
| C8/0/1/U0 | NULL                               | 2020-07-27 | 2020-08-19  |             194 |              196 |                 193 |               196 |
| C8/0/1/U1 | POLICE-ACADEMY-2-27 - TURTLE BAY   | 2020-07-27 | 2020-08-19  |             160 |              164 |                 161 |               161 |
| C8/0/2/U0 | BEAU-VALLON-LEFT-1-57              | 2020-07-27 | 2020-08-19  |              29 |               29 |                  29 |                29 |
| C8/0/3/U1 | BEAU-VALLON-RIGHT-2-57             | 2020-07-27 | 2020-08-19  |              53 |               57 |                  53 |                54 |
| C8/1/0/U0 | MA-JOIE-NODE-27                    | 2020-07-27 | 2020-08-19  |              97 |               98 |                  97 |                97 |
| C8/1/0/U1 | BELONIE-27                         | 2020-07-27 | 2020-08-19  |             147 |              149 |                 146 |               150 |
| C8/1/0/U3 | MA-JOIE-NODE-23                    | 2020-07-27 | 2020-08-19  |             104 |              105 |                 104 |               105 |
| C8/1/1/U0 | 611-C1-ROJN I                      | 2020-07-27 | 2020-08-19  |             115 |              115 |                 115 |               115 |
| C8/1/1/U1 | 611-C5-ROJN II                     | 2020-07-27 | 2020-08-19  |             136 |              138 |                 136 |               136 |
| C8/1/2/U0 | 612-C2-ANSE-ETOILE                 | 2020-07-27 | 2020-08-19  |             132 |              132 |                 132 |               132 |
| C8/1/2/U1 | ANSE-ETOILE-U2                     | 2020-07-27 | 2020-08-19  |              71 |               73 |                  71 |                73 |
| C8/1/3/U0 | 613-C3-ANSE-GAULETTE I             | 2020-07-27 | 2020-08-19  |              73 |               77 |                  73 |                74 |
| C8/1/3/U1 | 613-C7-ANSE-GAULETTE II            | 2020-07-27 | 2020-08-19  |              69 |               73 |                  69 |                69 |
| C8/1/3/U2 | 613-C3-ANSE-GAULETTE III           | 2020-07-27 | 2020-08-19  |              35 |               38 |                  35 |                35 |
| C8/1/3/U3 | TAKAMAKA I                         | 2020-07-27 | 2020-08-19  |             100 |              103 |                 100 |               101 |
| C8/1/3/U4 | TAKAMAKA II                        | 2020-07-27 | 2020-08-19  |             102 |              104 |                 102 |               102 |
| C8/1/4/U0 | 614-BEOLIERE-NODE-1                | 2020-07-27 | 2020-08-19  |             123 |              129 |                 124 |               126 |
| C8/1/4/U1 | 614-BEOLIERE-NODE-2                | 2020-07-27 | 2020-08-19  |             102 |              102 |                 102 |               104 |
+-----------+------------------------------------+------------+-------------+-----------------+------------------+---------------------+-------------------+
68 rows in set (0.17 sec)

+-----------------------+------------+-------------+-----------------+------------------+----------------------+-------------------+
| MXK_NAME              | MXK_DATE   | INSERTED_ON | UNIQUE_ACCOUNTS | UNIQUE_CONTRACTS | UNIQUE_FSAN_INRCBOSS | UNIQUE_FSAN_INMXK |
+-----------------------+------------+-------------+-----------------+------------------+----------------------+-------------------+
| NULL                  | NULL       | 2020-08-19  |             700 |              710 |                  699 |                 0 |
| MXK-MAHE-ANSEETOILE   | 2020-07-27 | 2020-08-19  |             378 |              382 |                  381 |               398 |
| MXK-MAHE-ANSEROYALE   | 2020-07-27 | 2020-08-19  |             175 |              175 |                  174 |               198 |
| MXK-MAHE-BEAUVALLON-1 | 2020-07-27 | 2020-08-19  |            1806 |             1829 |                 1820 |              1919 |
| MXK-MAHE-BEAUVALLON-2 | 2020-07-27 | 2020-08-19  |              27 |               27 |                   27 |                30 |
| MXK-MAHE-PERSEVERANCE | 2020-07-27 | 2020-08-19  |            1060 |             1071 |                 1072 |              1241 |
| MXK-MAHE-PROVIDENCE   | 2020-07-27 | 2020-08-19  |             988 |             1016 |                  948 |              1192 |
| MXK-PRASLIN-GRANDANSE | 2020-07-27 | 2020-08-19  |            1299 |             1303 |                 1296 |              1514 |
+-----------------------+------------+-------------+-----------------+------------------+----------------------+-------------------+
8 rows in set (0.07 sec)

mysql> mysql \. C:\workspace\cloud\code\sql\_DailyScript\currenttime.sql
+---------------------+
| currenttime         |
+---------------------+
| 2020-08-19 10:59:12 |
+---------------------+
1 row in set (0.00 sec)

mysql> 
mysql> 
mysql> mysql \. C:\workspace\cloud\code\sql\Analysis\service_tickets_assignments.sql
Query OK, 0 rows affected (0.01 sec)

Query OK, 72211 rows affected (11.86 sec)
Records: 72211  Duplicates: 0  Warnings: 0

+-------------------------+
| rep_servicetickets_2020 |
+-------------------------+
|                   72211 |
+-------------------------+
1 row in set (2.00 sec)

mysql> mysql \. C:\workspace\cloud\code\sql\_DailyScript\currenttime.sql
+---------------------+
| currenttime         |
+---------------------+
| 2020-08-19 10:59:26 |
+---------------------+
1 row in set (0.00 sec)

mysql> 
mysql> 
mysql> exit
