    -> 
    -> mysql \. C:\workspace\cloud\code\sql\_DailyScript\_setdates.sql
Query OK, 0 rows affected (0.01 sec)

Query OK, 0 rows affected (1.80 sec)

Database changed
Query OK, 0 rows affected (0.00 sec)

Query OK, 0 rows affected (0.00 sec)

Query OK, 0 rows affected (0.00 sec)

Query OK, 0 rows affected (0.00 sec)

Query OK, 0 rows affected (0.00 sec)

Query OK, 0 rows affected (0.00 sec)

Query OK, 0 rows affected (0.00 sec)

Query OK, 0 rows affected (0.00 sec)

Query OK, 0 rows affected (0.00 sec)

Query OK, 0 rows affected (0.00 sec)

Query OK, 0 rows affected (0.00 sec)

Query OK, 0 rows affected (0.00 sec)

Query OK, 0 rows affected (0.00 sec)

Query OK, 0 rows affected (0.00 sec)

Query OK, 0 rows affected (0.00 sec)

Query OK, 0 rows affected (0.00 sec)

Query OK, 0 rows affected (0.00 sec)

Query OK, 0 rows affected (0.00 sec)

Query OK, 0 rows affected (0.00 sec)

Query OK, 0 rows affected (0.00 sec)

Query OK, 0 rows affected (0.00 sec)

Query OK, 0 rows affected (0.00 sec)

mysql> mysql \. C:\workspace\cloud\code\sql\_DailyScript\currenttime.sql
+---------------------+
| currenttime         |
+---------------------+
| 2021-12-20 09:22:00 |
+---------------------+
1 row in set (0.00 sec)

mysql> 
mysql> mysql \. C:\workspace\cloud\code\sql\_DailyScript\load_RCB_VODTITLES.sql
Database changed
Query OK, 0 rows affected (0.00 sec)

Query OK, 16955 rows affected (0.20 sec)

Query OK, 16964 rows affected, 16964 warnings (0.44 sec)
Records: 16964  Deleted: 0  Skipped: 0  Warnings: 16964

Query OK, 0 rows affected (0.00 sec)

Query OK, 2 rows affected (0.01 sec)

+-----------+
| VODTITLES |
+-----------+
|     17422 |
+-----------+
1 row in set (0.01 sec)

+-----------+-----------+
| titletype | typecount |
+-----------+-----------+
| E         |     14445 |
| N         |       245 |
| T         |      2272 |
| NULL      |     16962 |
+-----------+-----------+
4 rows in set (0.09 sec)

mysql> mysql \. C:\workspace\cloud\code\sql\_DailyScript\currenttime.sql
+---------------------+
| currenttime         |
+---------------------+
| 2021-12-20 09:22:01 |
+---------------------+
1 row in set (0.00 sec)

mysql> 
mysql> 
mysql> 
mysql> 
mysql> 
mysql> 
mysql> 
mysql> 
mysql> 
mysql> 
mysql> 
mysql> 
mysql> 
mysql> 
mysql> 
mysql> 
mysql> 
mysql> 
mysql> 
mysql> 
mysql> 
mysql> 
mysql> 
mysql> 
mysql> 
mysql> 
mysql> 
mysql> 
mysql> 
mysql> 
mysql> 
mysql> 
mysql> 
mysql> 
mysql> 
mysql> 
mysql> 
mysql> mysql \. C:\workspace\cloud\code\sql\_DailyScript\load_DailyCalls.sql
Database changed
Query OK, 451 rows affected (0.21 sec)
Records: 451  Deleted: 0  Skipped: 0  Warnings: 0

Query OK, 0 rows affected, 1 warning (0.00 sec)

Query OK, 450 rows affected (0.03 sec)
Records: 450  Duplicates: 0  Warnings: 0

Query OK, 0 rows affected, 1 warning (0.00 sec)

Query OK, 93936 rows affected (0.40 sec)
Records: 93936  Duplicates: 0  Warnings: 0

+----------------------+
| callingclientsbefore |
+----------------------+
|              1334009 |
+----------------------+
1 row in set (0.73 sec)

Query OK, 630 rows affected (12.18 sec)
Records: 630  Duplicates: 0  Warnings: 0

+---------------------+
| callingclientsafter |
+---------------------+
|             1334639 |
+---------------------+
1 row in set (0.36 sec)

Query OK, 0 rows affected (0.01 sec)

Query OK, 275 rows affected (5.59 sec)
Records: 275  Duplicates: 0  Warnings: 0

Query OK, 0 rows affected (0.00 sec)

Query OK, 25873 rows affected (4.34 sec)
Records: 25873  Duplicates: 0  Warnings: 0

+-----------+
| callstats |
+-----------+
|     25873 |
+-----------+
1 row in set (0.01 sec)

Query OK, 0 rows affected, 1 warning (0.00 sec)

Query OK, 630 rows affected (4.36 sec)
Records: 630  Duplicates: 0  Warnings: 0

+------------------------+
| rep_cccallreportbefore |
+------------------------+
|                1334257 |
+------------------------+
1 row in set (0.35 sec)

Query OK, 630 rows affected (0.20 sec)
Records: 630  Duplicates: 0  Warnings: 0

+-----------------------+
| rep_cccallreportafter |
+-----------------------+
|               1334887 |
+-----------------------+
1 row in set (0.35 sec)

Query OK, 0 rows affected (0.01 sec)

mysql> mysql \. C:\workspace\cloud\code\sql\_DailyScript\currenttime.sql
+---------------------+
| currenttime         |
+---------------------+
| 2021-12-20 09:22:31 |
+---------------------+
1 row in set (0.00 sec)

mysql> 
mysql> mysql \. C:\workspace\cloud\code\sql\_DailyScript\DAILY-SCRIPT-USAGE.sql
Database changed
Query OK, 0 rows affected (0.00 sec)

Query OK, 4013 rows affected, 11625 warnings (1.08 sec)
Records: 4013  Deleted: 0  Skipped: 0  Warnings: 11625

Query OK, 0 rows affected (0.00 sec)

Query OK, 6621 rows affected, 19075 warnings (1.30 sec)
Records: 6621  Deleted: 0  Skipped: 0  Warnings: 19075

Query OK, 0 rows affected (0.00 sec)

Query OK, 329 rows affected, 1172 warnings (0.05 sec)
Records: 329  Deleted: 0  Skipped: 0  Warnings: 1172

Query OK, 0 rows affected (0.00 sec)

Query OK, 166 rows affected, 573 warnings (0.06 sec)
Records: 166  Deleted: 0  Skipped: 0  Warnings: 573

+------------+
| dailyusage |
+------------+
|   19997314 |
+------------+
1 row in set (9.66 sec)

+------------+------------+------------+---------+
| datestart  | dateend    | insertedon | records |
+------------+------------+------------+---------+
| 2021-12-17 | 2021-12-17 | 2021-12-20 |   11129 |
| 2021-12-16 | 2021-12-16 | 2021-12-17 |   10831 |
| 2021-12-15 | 2021-12-15 | 2021-12-16 |   12109 |
| 2021-12-14 | 2021-12-14 | 2021-12-15 |   12600 |
| 2021-12-13 | 2021-12-13 | 2021-12-14 |   12608 |
+------------+------------+------------+---------+
5 rows in set (51.84 sec)

+----------+------------+------------+------------+---------+
| category | datestart  | dateend    | insertedon | records |
+----------+------------+------------+------------+---------+
| UNCAPPED | 2021-12-17 | 2021-12-17 | 2021-12-20 |    6621 |
| PREPAID  | 2021-12-17 | 2021-12-17 | 2021-12-20 |     329 |
| HOTSPOT  | 2021-12-17 | 2021-12-17 | 2021-12-20 |     166 |
| CAPPED   | 2021-12-17 | 2021-12-17 | 2021-12-20 |    4013 |
| UNCAPPED | 2021-12-16 | 2021-12-16 | 2021-12-17 |    6303 |
| PREPAID  | 2021-12-16 | 2021-12-16 | 2021-12-17 |     342 |
| HOTSPOT  | 2021-12-16 | 2021-12-16 | 2021-12-17 |     179 |
| CAPPED   | 2021-12-16 | 2021-12-16 | 2021-12-17 |    4007 |
| UNCAPPED | 2021-12-15 | 2021-12-15 | 2021-12-16 |    7225 |
| PREPAID  | 2021-12-15 | 2021-12-15 | 2021-12-16 |     304 |
| HOTSPOT  | 2021-12-15 | 2021-12-15 | 2021-12-16 |     186 |
| CAPPED   | 2021-12-15 | 2021-12-15 | 2021-12-16 |    4394 |
| UNCAPPED | 2021-12-14 | 2021-12-14 | 2021-12-15 |    7576 |
| PREPAID  | 2021-12-14 | 2021-12-14 | 2021-12-15 |     319 |
| HOTSPOT  | 2021-12-14 | 2021-12-14 | 2021-12-15 |     195 |
| CAPPED   | 2021-12-14 | 2021-12-14 | 2021-12-15 |    4510 |
| UNCAPPED | 2021-12-13 | 2021-12-13 | 2021-12-14 |    7510 |
| PREPAID  | 2021-12-13 | 2021-12-13 | 2021-12-14 |     333 |
| HOTSPOT  | 2021-12-13 | 2021-12-13 | 2021-12-14 |     200 |
| CAPPED   | 2021-12-13 | 2021-12-13 | 2021-12-14 |    4565 |
+----------+------------+------------+------------+---------+
20 rows in set (30.78 sec)

mysql> mysql \. C:\workspace\cloud\code\sql\_DailyScript\currenttime.sql
+---------------------+
| currenttime         |
+---------------------+
| 2021-12-20 09:24:06 |
+---------------------+
1 row in set (0.00 sec)

mysql> 
mysql> mysql \. C:\workspace\cloud\code\sql\_DailyScript\DAILY-SCRIPT-SALES-TELEMETRY.sql
Database changed
Query OK, 131 rows affected, 91 warnings (0.04 sec)
Records: 131  Deleted: 0  Skipped: 0  Warnings: 91

+------------+
| dailysales |
+------------+
|     244330 |
+------------+
1 row in set (0.27 sec)

+------------+---------+
| orderdate  | records |
+------------+---------+
| 2021-12-17 |     131 |
| 2021-12-16 |     202 |
| 2021-12-15 |      89 |
| 2021-12-14 |     102 |
| 2021-12-13 |     188 |
| 2021-12-12 |      18 |
| 2021-12-11 |      86 |
| 2021-12-10 |     146 |
| 2021-12-09 |     195 |
| 2021-12-08 |       4 |
| 2021-12-07 |     185 |
| 2021-12-06 |     209 |
| 2021-12-05 |      21 |
| 2021-12-04 |      92 |
| 2021-12-03 |     165 |
+------------+---------+
15 rows in set (0.58 sec)

Query OK, 0 rows affected (0.02 sec)

Query OK, 244330 rows affected (20.90 sec)
Records: 244330  Duplicates: 0  Warnings: 0

+--------+
| sales  |
+--------+
| 244330 |
+--------+
1 row in set (0.07 sec)

Query OK, 0 rows affected (0.01 sec)

Query OK, 6322 rows affected (0.42 sec)
Records: 6322  Duplicates: 0  Warnings: 0

+----------------+
| rep_dailysales |
+----------------+
|           6322 |
+----------------+
1 row in set (0.00 sec)

Query OK, 0 rows affected (0.01 sec)

Query OK, 6322 rows affected (0.76 sec)
Records: 6322  Duplicates: 0  Warnings: 0

+-------------------+
| rep_dailysalesreg |
+-------------------+
|              6322 |
+-------------------+
1 row in set (0.00 sec)

Query OK, 0 rows affected (0.01 sec)

Query OK, 2406 rows affected (0.74 sec)
Records: 2406  Duplicates: 0  Warnings: 0

+-----------+
| saleslist |
+-----------+
|      2406 |
+-----------+
1 row in set (0.00 sec)

Database changed
Query OK, 1 row affected (0.01 sec)
Records: 1  Deleted: 0  Skipped: 0  Warnings: 0

+------------------+
| dailysinglesales |
+------------------+
|             6648 |
+------------------+
1 row in set (0.05 sec)

Database changed
Query OK, 5 rows affected (0.01 sec)
Records: 5  Deleted: 0  Skipped: 0  Warnings: 0

+-----------------+
| dailyaddonsales |
+-----------------+
|           26132 |
+-----------------+
1 row in set (0.21 sec)

Query OK, 288 rows affected (0.11 sec)
Records: 288  Deleted: 0  Skipped: 0  Warnings: 0

+----------------+
| onlinepayments |
+----------------+
|         249107 |
+----------------+
1 row in set (0.24 sec)

+-------------+----------------+---------------------+
| paymentdate | onlinepayments | onlinepaymentamount |
+-------------+----------------+---------------------+
| 2021-12-17  |            288 |        192092.30000 |
| 2021-12-16  |            257 |        162488.67000 |
| 2021-12-15  |            223 |        153985.22000 |
| 2021-12-14  |            199 |        121456.84000 |
| 2021-12-13  |            209 |        126461.69000 |
+-------------+----------------+---------------------+
5 rows in set (0.93 sec)

+-------------+--------------+----------------+---------------------+
| paymentyear | paymentmonth | onlinepayments | onlinepaymentamount |
+-------------+--------------+----------------+---------------------+
|        2021 |           12 |           4329 |       2841716.09000 |
|        2021 |           11 |           8553 |       5661260.44000 |
|        2021 |           10 |           8715 |       5741511.04000 |
|        2021 |            9 |           8803 |       5663928.71000 |
|        2021 |            8 |           8864 |       5714008.87000 |
+-------------+--------------+----------------+---------------------+
5 rows in set (0.24 sec)

mysql> mysql \. C:\workspace\cloud\code\sql\_DailyScript\currenttime.sql
+---------------------+
| currenttime         |
+---------------------+
| 2021-12-20 09:24:32 |
+---------------------+
1 row in set (0.00 sec)

mysql> 
mysql> mysql \. C:\workspace\cloud\code\sql\_DailyScript\DAILY-SCRIPT-ACTIVENUMBERS.sql
Database changed
Query OK, 1090 rows affected (0.52 sec)
Records: 1090  Deleted: 0  Skipped: 0  Warnings: 0

+------------+----------+
| period     | count(1) |
+------------+----------+
| 2021-12-17 |     1090 |
| 2021-12-16 |     1090 |
| 2021-12-15 |     1088 |
| 2021-12-14 |     1088 |
| 2021-12-13 |     1089 |
+------------+----------+
5 rows in set (0.01 sec)

Query OK, 0 rows affected (0.01 sec)

Query OK, 75 rows affected (1.36 sec)
Records: 75  Duplicates: 0  Warnings: 0

+-------------+
| packagelist |
+-------------+
|          75 |
+-------------+
1 row in set (0.00 sec)

Database changed
Query OK, 0 rows affected (0.00 sec)

Query OK, 0 rows affected (0.00 sec)

Query OK, 0 rows affected (0.00 sec)

Query OK, 0 rows affected (0.00 sec)

Query OK, 29151 rows affected, 235 warnings (20.23 sec)
Records: 29151  Deleted: 0  Skipped: 0  Warnings: 235

+------------+----------+
| period     | count(1) |
+------------+----------+
| 2021-12-17 |    29151 |
| 2021-12-16 |    29072 |
| 2021-12-15 |    28996 |
| 2021-12-14 |    29015 |
| 2021-12-13 |    28945 |
+------------+----------+
5 rows in set (0.14 sec)

Query OK, 0 rows affected (0.02 sec)

Query OK, 28591 rows affected (57.85 sec)
Records: 28591  Duplicates: 0  Warnings: 0

Query OK, 0 rows affected (0.12 sec)
Records: 0  Duplicates: 0  Warnings: 0

Query OK, 0 rows affected (0.12 sec)
Records: 0  Duplicates: 0  Warnings: 0

Query OK, 0 rows affected (0.11 sec)
Records: 0  Duplicates: 0  Warnings: 0

Query OK, 0 rows affected (0.12 sec)
Records: 0  Duplicates: 0  Warnings: 0

Query OK, 0 rows affected (0.07 sec)
Records: 0  Duplicates: 0  Warnings: 0

Query OK, 0 rows affected (0.07 sec)
Records: 0  Duplicates: 0  Warnings: 0

+-------------+
| countbefore |
+-------------+
|    51961324 |
+-------------+
1 row in set (21.56 sec)

Query OK, 28591 rows affected (5.70 sec)
Records: 28591  Duplicates: 0  Warnings: 0

+------------+
| countafter |
+------------+
|   51989915 |
+------------+
1 row in set (17.70 sec)

+------------+--------------------------+
| period     | customercontractactivity |
+------------+--------------------------+
| 2021-12-17 |                    28591 |
| 2021-12-16 |                    28511 |
| 2021-12-15 |                    28438 |
| 2021-12-14 |                    28457 |
| 2021-12-13 |                    28386 |
+------------+--------------------------+
5 rows in set (0.06 sec)

Query OK, 0 rows affected (0.02 sec)

Query OK, 326494 rows affected, 4 warnings (10 min 26.58 sec)
Records: 326494  Duplicates: 0  Warnings: 4

Query OK, 0 rows affected (1.13 sec)
Records: 0  Duplicates: 0  Warnings: 0

Query OK, 0 rows affected (1.28 sec)
Records: 0  Duplicates: 0  Warnings: 0

Query OK, 0 rows affected (1.24 sec)
Records: 0  Duplicates: 0  Warnings: 0

Query OK, 0 rows affected (0.01 sec)

Query OK, 223 rows affected (0.49 sec)
Records: 223  Duplicates: 0  Warnings: 0

Query OK, 0 rows affected (0.02 sec)

Query OK, 2614 rows affected (0.69 sec)
Records: 2614  Duplicates: 0  Warnings: 0

Query OK, 0 rows affected (0.03 sec)

Query OK, 28567 rows affected (0.64 sec)
Records: 28567  Duplicates: 0  Warnings: 0

Query OK, 0 rows affected (0.02 sec)

Query OK, 17109 rows affected (0.41 sec)
Records: 17109  Duplicates: 0  Warnings: 0

Query OK, 0 rows affected (0.01 sec)

Query OK, 17109 rows affected (0.14 sec)
Records: 17109  Duplicates: 0  Warnings: 0

Query OK, 0 rows affected (0.04 sec)

Query OK, 17109 rows affected (1.36 sec)
Records: 17109  Duplicates: 0  Warnings: 0

Query OK, 0 rows affected (0.03 sec)

Query OK, 17109 rows affected (45.00 sec)
Records: 17109  Duplicates: 0  Warnings: 0

+-------------+
| clientstats |
+-------------+
|       17109 |
+-------------+
1 row in set (0.01 sec)

Query OK, 0 rows affected (0.01 sec)

Query OK, 13 rows affected, 1 warning (0.14 sec)
Records: 13  Duplicates: 0  Warnings: 1

+-----------------------+-------------+-------------+----------------+-----------------+
| services              | activecount | allaccounts | uniqueaccounts | uniquecontracts |
+-----------------------+-------------+-------------+----------------+-----------------+
| All                   |         435 |          72 |             72 |             231 |
| Internet & OTT        |           8 |           4 |              4 |               5 |
| Internet & Voice      |         294 |         127 |            127 |             249 |
| Internet Only         |        4382 |        4286 |           4282 |            4321 |
| OTT Only              |           1 |           1 |              1 |               1 |
| TV & Internet         |        9985 |        4467 |           4456 |            9106 |
| TV & Internet & OTT   |        4791 |        1255 |           1252 |            2616 |
| TV & Internet & Voice |         512 |         145 |            145 |             445 |
| TV & OTT              |         331 |          86 |             84 |              95 |
| TV & Voice            |          82 |          36 |             36 |              74 |
| TV Only               |        8307 |        6523 |           6515 |            6728 |
| Voice Only            |         108 |         107 |            107 |             108 |
| GRAND TOTAL           |       29236 |       17109 |          17033 |           23979 |
+-----------------------+-------------+-------------+----------------+-----------------+
13 rows in set (0.00 sec)

+-------------+-------------+-------------+----------------+-----------------+
| network     | activecount | allaccounts | uniqueaccounts | uniquecontracts |
+-------------+-------------+-------------+----------------+-----------------+
| GPON        |       14380 |        7071 |           7068 |           11264 |
| HFC         |       14856 |       10038 |          10038 |           12715 |
| GRAND TOTAL |       29236 |       17109 |          17033 |           23979 |
+-------------+-------------+-------------+----------------+-----------------+
3 rows in set, 1 warning (0.13 sec)

+-------------+-----------------------+-------------+-------------+----------------+-----------------+
| network     | services              | activecount | allaccounts | uniqueaccounts | uniquecontracts |
+-------------+-----------------------+-------------+-------------+----------------+-----------------+
| GPON        | All                   |         339 |          59 |             59 |             188 |
| GPON        | Internet & OTT        |           2 |           1 |              1 |               1 |
| GPON        | Internet & Voice      |          81 |          33 |             33 |              70 |
| GPON        | Internet Only         |        1696 |        1615 |           1615 |            1636 |
| GPON        | TV & Internet         |        5706 |        2510 |           2510 |            5140 |
| GPON        | TV & Internet & OTT   |        3812 |         991 |            991 |            2077 |
| GPON        | TV & Internet & Voice |         292 |          77 |             77 |             239 |
| GPON        | TV & OTT              |         205 |          66 |             66 |              70 |
| GPON        | TV & Voice            |          51 |          23 |             23 |              48 |
| GPON        | TV Only               |        2184 |        1685 |           1685 |            1783 |
| GPON        | Voice Only            |          12 |          11 |             11 |              12 |
| GPON        | Services Total        |       14380 |        7071 |           7068 |           11264 |
| HFC         | All                   |          96 |          13 |             13 |              43 |
| HFC         | Internet & OTT        |           6 |           3 |              3 |               4 |
| HFC         | Internet & Voice      |         213 |          94 |             94 |             179 |
| HFC         | Internet Only         |        2686 |        2671 |           2671 |            2685 |
| HFC         | OTT Only              |           1 |           1 |              1 |               1 |
| HFC         | TV & Internet         |        4279 |        1957 |           1957 |            3966 |
| HFC         | TV & Internet & OTT   |         979 |         264 |            264 |             539 |
| HFC         | TV & Internet & Voice |         220 |          68 |             68 |             206 |
| HFC         | TV & OTT              |         126 |          20 |             20 |              25 |
| HFC         | TV & Voice            |          31 |          13 |             13 |              26 |
| HFC         | TV Only               |        6123 |        4838 |           4838 |            4945 |
| HFC         | Voice Only            |          96 |          96 |             96 |              96 |
| HFC         | Services Total        |       14856 |       10038 |          10038 |           12715 |
| GRAND TOTAL | Services Total        |       29236 |       17109 |          17033 |           23979 |
+-------------+-----------------------+-------------+-------------+----------------+-----------------+
26 rows in set, 2 warnings (0.15 sec)

Query OK, 0 rows affected (0.01 sec)

Query OK, 40 rows affected, 3 warnings (0.20 sec)
Records: 40  Duplicates: 0  Warnings: 3

+-------------+---------------+-----------------------+-------------+-------------+----------------+-----------------+
| region      | network       | services              | activecount | allaccounts | uniqueaccounts | uniquecontracts |
+-------------+---------------+-----------------------+-------------+-------------+----------------+-----------------+
| Mahe        | GPON          | All                   |         298 |          52 |             52 |             165 |
| Mahe        | GPON          | Internet & OTT        |           2 |           1 |              1 |               1 |
| Mahe        | GPON          | Internet & Voice      |          71 |          28 |             28 |              60 |
| Mahe        | GPON          | Internet Only         |        1444 |        1363 |           1363 |            1384 |
| Mahe        | GPON          | TV & Internet         |        4949 |        2173 |           2173 |            4448 |
| Mahe        | GPON          | TV & Internet & OTT   |        3180 |         807 |            807 |            1697 |
| Mahe        | GPON          | TV & Internet & Voice |         283 |          74 |             74 |             230 |
| Mahe        | GPON          | TV & OTT              |         187 |          57 |             57 |              61 |
| Mahe        | GPON          | TV & Voice            |          48 |          22 |             22 |              45 |
| Mahe        | GPON          | TV Only               |        1832 |        1411 |           1411 |            1496 |
| Mahe        | GPON          | Voice Only            |          12 |          11 |             11 |              12 |
| Mahe        | GPON          | Services Total        |       12306 |        5999 |           5999 |            9599 |
| Mahe        | HFC           | All                   |          96 |          13 |             13 |              43 |
| Mahe        | HFC           | Internet & OTT        |           6 |           3 |              3 |               4 |
| Mahe        | HFC           | Internet & Voice      |         213 |          94 |             94 |             179 |
| Mahe        | HFC           | Internet Only         |        2686 |        2671 |           2671 |            2685 |
| Mahe        | HFC           | OTT Only              |           1 |           1 |              1 |               1 |
| Mahe        | HFC           | TV & Internet         |        4279 |        1957 |           1957 |            3966 |
| Mahe        | HFC           | TV & Internet & OTT   |         979 |         264 |            264 |             539 |
| Mahe        | HFC           | TV & Internet & Voice |         220 |          68 |             68 |             206 |
| Mahe        | HFC           | TV & OTT              |         126 |          20 |             20 |              25 |
| Mahe        | HFC           | TV & Voice            |          31 |          13 |             13 |              26 |
| Mahe        | HFC           | TV Only               |        6122 |        4837 |           4837 |            4944 |
| Mahe        | HFC           | Voice Only            |          96 |          96 |             96 |              96 |
| Mahe        | HFC           | Services Total        |       14855 |       10037 |          10037 |           12714 |
| Mahe        | Network Total | Services Total        |       27161 |       16036 |          15963 |           22313 |
| Praslin     | GPON          | All                   |          41 |           7 |              7 |              23 |
| Praslin     | GPON          | Internet & Voice      |          10 |           5 |              5 |              10 |
| Praslin     | GPON          | Internet Only         |         252 |         252 |            252 |             252 |
| Praslin     | GPON          | TV & Internet         |         757 |         337 |            337 |             692 |
| Praslin     | GPON          | TV & Internet & OTT   |         632 |         184 |            184 |             380 |
| Praslin     | GPON          | TV & Internet & Voice |           9 |           3 |              3 |               9 |
| Praslin     | GPON          | TV & OTT              |          18 |           9 |              9 |               9 |
| Praslin     | GPON          | TV & Voice            |           3 |           1 |              1 |               3 |
| Praslin     | GPON          | TV Only               |         352 |         274 |            274 |             287 |
| Praslin     | GPON          | Services Total        |        2074 |        1072 |           1072 |            1665 |
| Praslin     | HFC           | TV Only               |           1 |           1 |              1 |               1 |
| Praslin     | HFC           | Services Total        |           1 |           1 |              1 |               1 |
| Praslin     | Network Total | Services Total        |        2075 |        1073 |           1073 |            1666 |
| GRAND TOTAL | Network Total | Services Total        |       29236 |       17109 |          17033 |           23979 |
+-------------+---------------+-----------------------+-------------+-------------+----------------+-----------------+
40 rows in set (0.00 sec)

Query OK, 0 rows affected (0.01 sec)

Query OK, 28568 rows affected (0.46 sec)
Records: 28568  Duplicates: 0  Warnings: 0

Query OK, 0 rows affected (0.01 sec)

Query OK, 2372 rows affected (2.23 sec)
Records: 2372  Duplicates: 0  Warnings: 0

+--------------------------------------+
| message                              |
+--------------------------------------+
| running rcbill_my.sp_ActiveNumber2() |
+--------------------------------------+
1 row in set (0.00 sec)

Query OK, 365 rows affected (2 min 31.24 sec)

mysql> mysql \. C:\workspace\cloud\code\sql\_DailyScript\currenttime.sql
+---------------------+
| currenttime         |
+---------------------+
| 2021-12-20 09:40:32 |
+---------------------+
1 row in set (0.00 sec)

mysql> 
mysql> mysql \. C:\workspace\cloud\code\sql\_DailyScript\GetActiveNumbers Average -Pivot.sql
Database changed
+-------------------------------------+
| @today := subdate(current_date(),1) |
+-------------------------------------+
| 2021-12-19                          |
+-------------------------------------+
1 row in set (0.00 sec)

+-------------------------------------+
| @lastdayofmonth := last_day(@today) |
+-------------------------------------+
| 2021-12-31                          |
+-------------------------------------+
1 row in set (0.00 sec)

Query OK, 0 rows affected (0.03 sec)

Query OK, 52588 rows affected, 65535 warnings (1 min 7.40 sec)
Records: 52588  Duplicates: 0  Warnings: 107858

Query OK, 0 rows affected (0.12 sec)
Records: 0  Duplicates: 0  Warnings: 0

Query OK, 0 rows affected (0.15 sec)
Records: 0  Duplicates: 0  Warnings: 0

Query OK, 0 rows affected (0.13 sec)
Records: 0  Duplicates: 0  Warnings: 0

+-----------------+
| activenumberavg |
+-----------------+
|           52588 |
+-----------------+
1 row in set (0.02 sec)

Query OK, 0 rows affected (0.02 sec)

Query OK, 2005 rows affected (0.63 sec)
Records: 2005  Duplicates: 0  Warnings: 0

+---------------------+
| rep_activenumberavg |
+---------------------+
|                2005 |
+---------------------+
1 row in set (0.00 sec)

+----------------------+
| rep_activenumberavg1 |
+----------------------+
|                  931 |
+----------------------+
1 row in set (0.00 sec)

Query OK, 0 rows affected (0.01 sec)

Query OK, 2788 rows affected (0.49 sec)
Records: 2788  Duplicates: 0  Warnings: 0

Query OK, 0 rows affected (0.01 sec)

Query OK, 14438 rows affected (0.92 sec)
Records: 14438  Duplicates: 0  Warnings: 0

Query OK, 0 rows affected (0.01 sec)

Query OK, 250 rows affected (0.30 sec)
Records: 250  Duplicates: 0  Warnings: 0

Query OK, 0 rows affected (0.00 sec)

Query OK, 0 rows affected (0.01 sec)

Query OK, 0 rows affected (0.01 sec)

Query OK, 0 rows affected (0.00 sec)

Query OK, 0 rows affected (0.00 sec)
Statement prepared

Query OK, 53 rows affected (0.06 sec)
Records: 53  Duplicates: 0  Warnings: 0

Query OK, 0 rows affected (0.00 sec)

Query OK, 0 rows affected (0.00 sec)

+----------------------+
| rep_activenumberavg2 |
+----------------------+
|                 2788 |
+----------------------+
1 row in set (0.00 sec)

+------------------------+
| rep_activenumberavg_pv |
+------------------------+
|                     53 |
+------------------------+
1 row in set (0.00 sec)

Query OK, 0 rows affected (0.01 sec)

Query OK, 2785 rows affected (0.41 sec)
Records: 2785  Duplicates: 0  Warnings: 0

Query OK, 0 rows affected (0.00 sec)

Query OK, 0 rows affected (0.01 sec)

Query OK, 0 rows affected (0.01 sec)

Query OK, 0 rows affected (0.00 sec)

Query OK, 0 rows affected (0.00 sec)
Statement prepared

Query OK, 53 rows affected (0.06 sec)
Records: 53  Duplicates: 0  Warnings: 0

Query OK, 0 rows affected (0.00 sec)

Query OK, 0 rows affected (0.00 sec)

+-------------------------+
| rep_activenumberavgMahe |
+-------------------------+
|                    2785 |
+-------------------------+
1 row in set (0.00 sec)

+----------------------------+
| rep_activenumberavgMahe_pv |
+----------------------------+
|                         53 |
+----------------------------+
1 row in set (0.00 sec)

Query OK, 0 rows affected (0.01 sec)

Query OK, 1763 rows affected (0.19 sec)
Records: 1763  Duplicates: 0  Warnings: 0

Query OK, 0 rows affected (0.00 sec)

Query OK, 0 rows affected (0.00 sec)

Query OK, 0 rows affected (0.01 sec)

Query OK, 0 rows affected (0.00 sec)

Query OK, 0 rows affected (0.00 sec)
Statement prepared

Query OK, 40 rows affected (0.04 sec)
Records: 40  Duplicates: 0  Warnings: 0

Query OK, 0 rows affected (0.00 sec)

Query OK, 0 rows affected (0.00 sec)

+----------------------------+
| rep_activenumberavgPraslin |
+----------------------------+
|                       1763 |
+----------------------------+
1 row in set (0.00 sec)

+-------------------------------+
| rep_activenumberavgPraslin_pv |
+-------------------------------+
|                            40 |
+-------------------------------+
1 row in set (0.00 sec)

mysql> mysql \. C:\workspace\cloud\code\sql\_DailyScript\currenttime.sql
+---------------------+
| currenttime         |
+---------------------+
| 2021-12-20 09:41:43 |
+---------------------+
1 row in set (0.00 sec)

mysql> 
mysql> mysql \. C:\workspace\cloud\code\sql\Analysis\clients_contracts_creditpolicy_2.sql
Database changed
Query OK, 0 rows affected (0.00 sec)

Query OK, 1922498 rows affected (46.01 sec)
Records: 1922498  Duplicates: 0  Warnings: 0

Query OK, 0 rows affected (0.01 sec)

Query OK, 28591 rows affected (1.09 sec)
Records: 28591  Duplicates: 0  Warnings: 0

Query OK, 0 rows affected (0.01 sec)

Query OK, 28666 rows affected (15.05 sec)
Records: 28666  Duplicates: 0  Warnings: 0

+-------------------------+
| rep_cust_cont_creditpol |
+-------------------------+
|                   28666 |
+-------------------------+
1 row in set (0.01 sec)

mysql> mysql \. C:\workspace\cloud\code\sql\_DailyScript\currenttime.sql
+---------------------+
| currenttime         |
+---------------------+
| 2021-12-20 09:42:45 |
+---------------------+
1 row in set (0.00 sec)

mysql> 
mysql> 
mysql> 
mysql> 
mysql> 
mysql> 
mysql> 
mysql> 
mysql> 
mysql> 
mysql> 
mysql> 
mysql> 
mysql> 
mysql> 
mysql> 
mysql> 
mysql> 
mysql> 
mysql> 
mysql> 
mysql> 
mysql> 
mysql> 
mysql> 
mysql> 
mysql> 
mysql> 
mysql> exit
