    -> 
    -> mysql \. C:\workspace\cloud\code\sql\_DailyScript\_setdates.sql
Database changed
Query OK, 0 rows affected (0.00 sec)

Query OK, 0 rows affected (0.00 sec)

Query OK, 0 rows affected (0.00 sec)

Query OK, 0 rows affected (0.00 sec)

Query OK, 0 rows affected (0.00 sec)

Query OK, 0 rows affected (0.00 sec)

Query OK, 0 rows affected (0.00 sec)

Query OK, 0 rows affected (0.00 sec)

Query OK, 0 rows affected (0.00 sec)

Query OK, 0 rows affected (0.00 sec)

Query OK, 0 rows affected (0.00 sec)

Query OK, 0 rows affected (0.00 sec)

Query OK, 0 rows affected (0.00 sec)

Query OK, 0 rows affected (0.00 sec)

Query OK, 0 rows affected (0.00 sec)

Query OK, 0 rows affected (0.00 sec)

Query OK, 0 rows affected (0.00 sec)

Query OK, 0 rows affected (0.00 sec)

Query OK, 0 rows affected (0.00 sec)

Query OK, 0 rows affected (0.00 sec)

Query OK, 0 rows affected (0.00 sec)

mysql> mysql \. C:\workspace\cloud\code\sql\_DailyScript\currenttime.sql
+---------------------+
| currenttime         |
+---------------------+
| 2020-10-13 09:30:49 |
+---------------------+
1 row in set (0.00 sec)

mysql> 
mysql> mysql \. C:\workspace\cloud\code\sql\_DailyScript\load_RCB_VODTITLES.sql
Database changed
Query OK, 0 rows affected (0.00 sec)

Query OK, 13290 rows affected (0.14 sec)

Query OK, 13191 rows affected, 13191 warnings (0.29 sec)
Records: 13191  Deleted: 0  Skipped: 0  Warnings: 13191

Query OK, 0 rows affected (0.00 sec)

Query OK, 2 rows affected (0.01 sec)

+-----------+
| VODTITLES |
+-----------+
|     13649 |
+-----------+
1 row in set (0.00 sec)

+-----------+-----------+
| titletype | typecount |
+-----------+-----------+
| E         |     11092 |
| N         |       236 |
| T         |      1861 |
| NULL      |     13189 |
+-----------+-----------+
4 rows in set (0.03 sec)

mysql> mysql \. C:\workspace\cloud\code\sql\_DailyScript\currenttime.sql
+---------------------+
| currenttime         |
+---------------------+
| 2020-10-13 09:30:49 |
+---------------------+
1 row in set (0.00 sec)

mysql> 
mysql> mysql \. C:\workspace\cloud\code\sql\_DailyScript\DAILY-SCRIPT-LIVETV-STATS.sql
Database changed
Query OK, 0 rows affected (0.01 sec)

Query OK, 0 rows affected (0.02 sec)
Records: 0  Duplicates: 0  Warnings: 0

+------------+------------+----------+--------------+--------------+-----------+-------------+----------+--------+------+------------+---------+---------------+
| Table      | Non_unique | Key_name | Seq_in_index | Column_name  | Collation | Cardinality | Sub_part | Packed | Null | Index_type | Comment | Index_comment |
+------------+------------+----------+--------------+--------------+-----------+-------------+----------+--------+------+------------+---------+---------------+
| templivetv |          1 | idxtv1   |            1 | device       | A         |           0 |     NULL | NULL   | YES  | BTREE      |         |               |
| templivetv |          1 | idxtv2   |            1 | sessionstart | A         |           0 |     NULL | NULL   | YES  | BTREE      |         |               |
+------------+------------+----------+--------------+--------------+-----------+-------------+----------+--------+------+------------+---------+---------------+
2 rows in set (0.00 sec)

Query OK, 0 rows affected (0.00 sec)
Records: 0  Duplicates: 0  Warnings: 0

Query OK, 0 rows affected (0.00 sec)
Records: 0  Duplicates: 0  Warnings: 0

Query OK, 0 rows affected (0.00 sec)

Query OK, 0 rows affected (0.00 sec)

Query OK, 0 rows affected (0.00 sec)
Records: 0  Duplicates: 0  Warnings: 0

Query OK, 0 rows affected (0.00 sec)

Query OK, 38282 rows affected (2 min 2.13 sec)
Records: 38282  Duplicates: 0  Warnings: 0

+-----------------+
| rep_livetvstats |
+-----------------+
|           38282 |
+-----------------+
1 row in set (0.02 sec)

mysql> mysql \. C:\workspace\cloud\code\sql\_DailyScript\currenttime.sql
+---------------------+
| currenttime         |
+---------------------+
| 2020-10-13 09:32:52 |
+---------------------+
1 row in set (0.00 sec)

mysql> 
mysql> mysql \. C:\workspace\cloud\code\sql\_DailyScript\DAILY-SCRIPT-VODTS-STATS.sql
Database changed
Query OK, 0 rows affected (0.01 sec)

Query OK, 0 rows affected (8.87 sec)
Records: 0  Duplicates: 0  Warnings: 0

+---------+------------+----------+--------------+--------------+-----------+-------------+----------+--------+------+------------+---------+---------------+
| Table   | Non_unique | Key_name | Seq_in_index | Column_name  | Collation | Cardinality | Sub_part | Packed | Null | Index_type | Comment | Index_comment |
+---------+------------+----------+--------------+--------------+-----------+-------------+----------+--------+------+------------+---------+---------------+
| tempvod |          1 | idxtvod1 |            1 | device       | A         |           0 |     NULL | NULL   | YES  | BTREE      |         |               |
| tempvod |          1 | idxtvod2 |            1 | sessionstart | A         |           0 |     NULL | NULL   | YES  | BTREE      |         |               |
+---------+------------+----------+--------------+--------------+-----------+-------------+----------+--------+------+------------+---------+---------------+
2 rows in set (0.00 sec)

Query OK, 0 rows affected (0.00 sec)
Records: 0  Duplicates: 0  Warnings: 0

Query OK, 0 rows affected (0.01 sec)

Query OK, 837663 rows affected (1 min 7.06 sec)
Records: 837663  Duplicates: 0  Warnings: 0

+--------------+
| rep_vodstats |
+--------------+
|       837663 |
+--------------+
1 row in set (0.25 sec)

Database changed
Query OK, 0 rows affected (0.01 sec)

Query OK, 0 rows affected (38.43 sec)
Records: 0  Duplicates: 0  Warnings: 0

+--------+------------+----------+--------------+--------------+-----------+-------------+----------+--------+------+------------+---------+---------------+
| Table  | Non_unique | Key_name | Seq_in_index | Column_name  | Collation | Cardinality | Sub_part | Packed | Null | Index_type | Comment | Index_comment |
+--------+------------+----------+--------------+--------------+-----------+-------------+----------+--------+------+------------+---------+---------------+
| tempts |          1 | idxtts1  |            1 | device       | A         |           0 |     NULL | NULL   | YES  | BTREE      |         |               |
| tempts |          1 | idxtts2  |            1 | sessionstart | A         |           0 |     NULL | NULL   | YES  | BTREE      |         |               |
+--------+------------+----------+--------------+--------------+-----------+-------------+----------+--------+------+------------+---------+---------------+
2 rows in set (0.00 sec)

Query OK, 0 rows affected (0.00 sec)
Records: 0  Duplicates: 0  Warnings: 0

Query OK, 0 rows affected (0.01 sec)

Query OK, 39671 rows affected (36.67 sec)
Records: 39671  Duplicates: 0  Warnings: 0

+-------------+
| rep_tsstats |
+-------------+
|       39671 |
+-------------+
1 row in set (0.01 sec)

mysql> mysql \. C:\workspace\cloud\code\sql\_DailyScript\currenttime.sql
+---------------------+
| currenttime         |
+---------------------+
| 2020-10-13 09:35:23 |
+---------------------+
1 row in set (0.00 sec)

mysql> 
mysql> mysql \. C:\workspace\cloud\code\sql\_DailyScript\DAILY-SCRIPT-RADIO-STATS.sql
Database changed
Query OK, 0 rows affected (0.04 sec)

Query OK, 311673 rows affected (3.84 sec)
Records: 311673  Duplicates: 0  Warnings: 0

+-----------+------------+----------+--------------+--------------+-----------+-------------+----------+--------+------+------------+---------+---------------+
| Table     | Non_unique | Key_name | Seq_in_index | Column_name  | Collation | Cardinality | Sub_part | Packed | Null | Index_type | Comment | Index_comment |
+-----------+------------+----------+--------------+--------------+-----------+-------------+----------+--------+------+------------+---------+---------------+
| tempradio |          1 | idxtrad1 |            1 | device       | A         |      312737 |     NULL | NULL   | YES  | BTREE      |         |               |
| tempradio |          1 | idxtrad2 |            1 | sessionstart | A         |      312737 |     NULL | NULL   | YES  | BTREE      |         |               |
+-----------+------------+----------+--------------+--------------+-----------+-------------+----------+--------+------+------------+---------+---------------+
2 rows in set (0.00 sec)

Query OK, 0 rows affected (1.18 sec)
Records: 0  Duplicates: 0  Warnings: 0

Query OK, 0 rows affected (0.01 sec)

Query OK, 5333 rows affected (0.44 sec)
Records: 5333  Duplicates: 0  Warnings: 0

+----------------+
| rep_radiostats |
+----------------+
|           5333 |
+----------------+
1 row in set (0.00 sec)

mysql> mysql \. C:\workspace\cloud\code\sql\_DailyScript\currenttime.sql
+---------------------+
| currenttime         |
+---------------------+
| 2020-10-13 09:35:29 |
+---------------------+
1 row in set (0.00 sec)

mysql> 
mysql> mysql \. C:\workspace\cloud\code\sql\_DailyScript\DAILY_SCRIPT_TELEMETRY_PIVOT_2020.sql
Query OK, 0 rows affected (0.01 sec)

Query OK, 146 rows affected (0.17 sec)
Records: 146  Duplicates: 0  Warnings: 0

Query OK, 0 rows affected (0.01 sec)

Query OK, 10526 rows affected (2.57 sec)
Records: 10526  Duplicates: 0  Warnings: 0

Query OK, 0 rows affected (0.01 sec)

Query OK, 8 rows affected (0.02 sec)
Records: 8  Duplicates: 0  Warnings: 0

Query OK, 0 rows affected (0.01 sec)

Query OK, 47 rows affected (0.07 sec)
Records: 47  Duplicates: 0  Warnings: 0

mysql> mysql \. C:\workspace\cloud\code\sql\_DailyScript\currenttime.sql
+---------------------+
| currenttime         |
+---------------------+
| 2020-10-13 09:35:31 |
+---------------------+
1 row in set (0.00 sec)

mysql> 
mysql> mysql \. C:\workspace\cloud\code\sql\_DailyScript\telemetry_livetv_ranking2020.sql
Query OK, 0 rows affected (0.00 sec)

Query OK, 146 rows affected (0.02 sec)
Records: 146  Duplicates: 0  Warnings: 0

mysql> mysql \. C:\workspace\cloud\code\sql\_DailyScript\currenttime.sql
+---------------------+
| currenttime         |
+---------------------+
| 2020-10-13 09:35:32 |
+---------------------+
1 row in set (0.00 sec)

mysql> 
mysql> mysql \. C:\workspace\cloud\code\sql\_DailyScript\telemetry_radio_ranking2020.sql
Query OK, 0 rows affected (0.01 sec)

Query OK, 8 rows affected (0.01 sec)
Records: 8  Duplicates: 0  Warnings: 0

mysql> mysql \. C:\workspace\cloud\code\sql\_DailyScript\currenttime.sql
+---------------------+
| currenttime         |
+---------------------+
| 2020-10-13 09:35:32 |
+---------------------+
1 row in set (0.00 sec)

mysql> 
mysql> mysql \. C:\workspace\cloud\code\sql\_DailyScript\telemetry_ts_ranking2020.sql
Query OK, 0 rows affected (0.00 sec)

Query OK, 47 rows affected (0.02 sec)
Records: 47  Duplicates: 0  Warnings: 0

mysql> mysql \. C:\workspace\cloud\code\sql\_DailyScript\currenttime.sql
+---------------------+
| currenttime         |
+---------------------+
| 2020-10-13 09:35:32 |
+---------------------+
1 row in set (0.00 sec)

mysql> 
mysql> mysql \. C:\workspace\cloud\code\sql\_DailyScript\telemetry_vod_ranking2020.sql
Query OK, 0 rows affected (0.01 sec)

Query OK, 10526 rows affected (0.48 sec)
Records: 10526  Duplicates: 0  Warnings: 0

mysql> mysql \. C:\workspace\cloud\code\sql\_DailyScript\currenttime.sql
+---------------------+
| currenttime         |
+---------------------+
| 2020-10-13 09:35:32 |
+---------------------+
1 row in set (0.00 sec)

mysql> 
mysql> mysql \. C:\workspace\cloud\code\sql\_DailyScript\telemetry_vod_ranking2020_1.sql
Query OK, 0 rows affected (0.01 sec)

Query OK, 10526 rows affected (0.24 sec)
Records: 10526  Duplicates: 0  Warnings: 0

mysql> mysql \. C:\workspace\cloud\code\sql\_DailyScript\currenttime.sql
+---------------------+
| currenttime         |
+---------------------+
| 2020-10-13 09:35:32 |
+---------------------+
1 row in set (0.00 sec)

mysql> 
mysql> mysql \. C:\workspace\cloud\code\sql\_DailyScript\telemetry_vod_ranking2020_2.sql
Query OK, 0 rows affected (0.01 sec)

Query OK, 10526 rows affected (0.22 sec)
Records: 10526  Duplicates: 0  Warnings: 0

mysql> mysql \. C:\workspace\cloud\code\sql\_DailyScript\currenttime.sql
+---------------------+
| currenttime         |
+---------------------+
| 2020-10-13 09:35:33 |
+---------------------+
1 row in set (0.00 sec)

mysql> 
mysql> 
mysql> 
mysql> 
mysql> mysql \. C:\workspace\cloud\code\sql\_DailyScript\ticket_analysis.sql
Database changed
Query OK, 0 rows affected (0.17 sec)

Query OK, 696814 rows affected (28.23 sec)
Records: 696814  Duplicates: 0  Warnings: 0

Query OK, 0 rows affected (5.52 sec)
Records: 0  Duplicates: 0  Warnings: 0

Query OK, 0 rows affected (1.77 sec)
Records: 0  Duplicates: 0  Warnings: 0

Query OK, 0 rows affected (1.82 sec)
Records: 0  Duplicates: 0  Warnings: 0

Query OK, 0 rows affected (0.01 sec)

Query OK, 22436 rows affected (12.23 sec)
Records: 22436  Duplicates: 0  Warnings: 0

Query OK, 0 rows affected, 1 warning (0.00 sec)

Query OK, 98802 rows affected (6.83 sec)
Records: 98802  Duplicates: 0  Warnings: 0

Query OK, 0 rows affected, 1 warning (0.00 sec)

Query OK, 506534 rows affected (13.98 sec)
Records: 506534  Duplicates: 0  Warnings: 0

Query OK, 0 rows affected, 1 warning (0.00 sec)

Query OK, 506534 rows affected (14.15 sec)
Records: 506534  Duplicates: 0  Warnings: 0

Query OK, 0 rows affected (0.02 sec)

Query OK, 98888 rows affected (6.16 sec)
Records: 98888  Duplicates: 0  Warnings: 0

Database changed
Query OK, 0 rows affected (0.00 sec)

Query OK, 0 rows affected (0.03 sec)

Query OK, 696814 rows affected (25.77 sec)
Records: 696814  Duplicates: 0  Warnings: 0

Query OK, 0 rows affected (0.03 sec)

Query OK, 351823 rows affected (17.22 sec)
Records: 351823  Duplicates: 0  Warnings: 0

+--------------------------+
| clientticket_cmmtjourney |
+--------------------------+
|                   696814 |
+--------------------------+
1 row in set (2.20 sec)

+---------------------------+
| clientticket_assgnjourney |
+---------------------------+
|                    351823 |
+---------------------------+
1 row in set (0.41 sec)

Query OK, 0 rows affected (0.01 sec)

Query OK, 81 rows affected (0.09 sec)
Records: 81  Duplicates: 0  Warnings: 0

mysql> mysql \. C:\workspace\cloud\code\sql\_DailyScript\currenttime.sql
+---------------------+
| currenttime         |
+---------------------+
| 2020-10-13 09:37:49 |
+---------------------+
1 row in set (0.00 sec)

mysql> 
mysql> mysql \. C:\workspace\cloud\code\sql\_DailyScript\load_DailyCalls.sql
Database changed
Query OK, 427 rows affected (0.12 sec)
Records: 427  Deleted: 0  Skipped: 0  Warnings: 0

Query OK, 0 rows affected, 1 warning (0.00 sec)

Query OK, 421 rows affected (0.03 sec)
Records: 421  Duplicates: 0  Warnings: 0

Query OK, 0 rows affected, 1 warning (0.00 sec)

Query OK, 67848 rows affected (0.30 sec)
Records: 67848  Duplicates: 0  Warnings: 0

+----------------------+
| callingclientsbefore |
+----------------------+
|              1015795 |
+----------------------+
1 row in set (0.41 sec)

Query OK, 576 rows affected (8.78 sec)
Records: 576  Duplicates: 0  Warnings: 0

+---------------------+
| callingclientsafter |
+---------------------+
|             1016371 |
+---------------------+
1 row in set (0.27 sec)

Query OK, 0 rows affected (0.01 sec)

Query OK, 290 rows affected (3.39 sec)
Records: 290  Duplicates: 0  Warnings: 0

Query OK, 0 rows affected (0.01 sec)

Query OK, 20372 rows affected (3.08 sec)
Records: 20372  Duplicates: 0  Warnings: 0

+-----------+
| callstats |
+-----------+
|     20372 |
+-----------+
1 row in set (0.01 sec)

Query OK, 0 rows affected, 1 warning (0.00 sec)

Query OK, 576 rows affected (2.45 sec)
Records: 576  Duplicates: 0  Warnings: 0

+------------------------+
| rep_cccallreportbefore |
+------------------------+
|                1016505 |
+------------------------+
1 row in set (0.37 sec)

Query OK, 576 rows affected (0.13 sec)
Records: 576  Duplicates: 0  Warnings: 0

+-----------------------+
| rep_cccallreportafter |
+-----------------------+
|               1017081 |
+-----------------------+
1 row in set (0.27 sec)

Query OK, 0 rows affected (0.01 sec)

mysql> mysql \. C:\workspace\cloud\code\sql\_DailyScript\currenttime.sql
+---------------------+
| currenttime         |
+---------------------+
| 2020-10-13 09:38:09 |
+---------------------+
1 row in set (0.00 sec)

mysql> 
mysql> mysql \. C:\workspace\cloud\code\sql\_DailyScript\DAILY-SCRIPT-USAGE.sql
Database changed
Query OK, 0 rows affected (0.00 sec)

Query OK, 4550 rows affected, 13233 warnings (1.06 sec)
Records: 4550  Deleted: 0  Skipped: 0  Warnings: 13233

Query OK, 0 rows affected (0.00 sec)

Query OK, 6374 rows affected, 18369 warnings (1.25 sec)
Records: 6374  Deleted: 0  Skipped: 0  Warnings: 18369

Query OK, 0 rows affected (0.00 sec)

Query OK, 284 rows affected, 1037 warnings (0.06 sec)
Records: 284  Deleted: 0  Skipped: 0  Warnings: 1037

Query OK, 0 rows affected (0.00 sec)

Query OK, 162 rows affected, 565 warnings (0.05 sec)
Records: 162  Deleted: 0  Skipped: 0  Warnings: 565

+------------+
| dailyusage |
+------------+
|   15201481 |
+------------+
1 row in set (5.96 sec)

+------------+------------+------------+---------+
| datestart  | dateend    | insertedon | records |
+------------+------------+------------+---------+
| 2020-10-12 | 2020-10-12 | 2020-10-13 |   11370 |
| 2020-10-11 | 2020-10-11 | 2020-10-12 |   11150 |
| 2020-10-10 | 2020-10-10 | 2020-10-12 |   11335 |
| 2020-10-09 | 2020-10-09 | 2020-10-12 |   11361 |
| 2020-10-08 | 2020-10-08 | 2020-10-09 |   11420 |
+------------+------------+------------+---------+
5 rows in set (30.59 sec)

+----------+------------+------------+------------+---------+
| category | datestart  | dateend    | insertedon | records |
+----------+------------+------------+------------+---------+
| UNCAPPED | 2020-10-12 | 2020-10-12 | 2020-10-13 |    6374 |
| PREPAID  | 2020-10-12 | 2020-10-12 | 2020-10-13 |     284 |
| HOTSPOT  | 2020-10-12 | 2020-10-12 | 2020-10-13 |     162 |
| CAPPED   | 2020-10-12 | 2020-10-12 | 2020-10-13 |    4550 |
| UNCAPPED | 2020-10-11 | 2020-10-11 | 2020-10-12 |    6220 |
| PREPAID  | 2020-10-11 | 2020-10-11 | 2020-10-12 |     290 |
| HOTSPOT  | 2020-10-11 | 2020-10-11 | 2020-10-12 |     148 |
| CAPPED   | 2020-10-11 | 2020-10-11 | 2020-10-12 |    4492 |
| UNCAPPED | 2020-10-10 | 2020-10-10 | 2020-10-12 |    6330 |
| PREPAID  | 2020-10-10 | 2020-10-10 | 2020-10-12 |     268 |
| HOTSPOT  | 2020-10-10 | 2020-10-10 | 2020-10-12 |     163 |
| CAPPED   | 2020-10-10 | 2020-10-10 | 2020-10-12 |    4574 |
| UNCAPPED | 2020-10-09 | 2020-10-09 | 2020-10-12 |    6365 |
| PREPAID  | 2020-10-09 | 2020-10-09 | 2020-10-12 |     279 |
| HOTSPOT  | 2020-10-09 | 2020-10-09 | 2020-10-12 |     168 |
| CAPPED   | 2020-10-09 | 2020-10-09 | 2020-10-12 |    4549 |
| UNCAPPED | 2020-10-08 | 2020-10-08 | 2020-10-09 |    6346 |
| PREPAID  | 2020-10-08 | 2020-10-08 | 2020-10-09 |     276 |
| HOTSPOT  | 2020-10-08 | 2020-10-08 | 2020-10-09 |     181 |
| CAPPED   | 2020-10-08 | 2020-10-08 | 2020-10-09 |    4617 |
+----------+------------+------------+------------+---------+
20 rows in set (22.95 sec)

mysql> mysql \. C:\workspace\cloud\code\sql\_DailyScript\currenttime.sql
+---------------------+
| currenttime         |
+---------------------+
| 2020-10-13 09:39:11 |
+---------------------+
1 row in set (0.00 sec)

mysql> 
mysql> mysql \. C:\workspace\cloud\code\sql\_DailyScript\DAILY-SCRIPT-SALES-TELEMETRY.sql
Database changed
Query OK, 109 rows affected, 101 warnings (0.04 sec)
Records: 109  Deleted: 0  Skipped: 0  Warnings: 101

+------------+
| dailysales |
+------------+
|     210662 |
+------------+
1 row in set (0.24 sec)

Query OK, 0 rows affected (0.01 sec)

Query OK, 210662 rows affected (13.31 sec)
Records: 210662  Duplicates: 0  Warnings: 0

+--------+
| sales  |
+--------+
| 210662 |
+--------+
1 row in set (0.09 sec)

Query OK, 0 rows affected (0.01 sec)

Query OK, 3420 rows affected (0.35 sec)
Records: 3420  Duplicates: 0  Warnings: 0

+----------------+
| rep_dailysales |
+----------------+
|           3420 |
+----------------+
1 row in set (0.00 sec)

Query OK, 0 rows affected (0.01 sec)

Query OK, 3420 rows affected (0.52 sec)
Records: 3420  Duplicates: 0  Warnings: 0

+-------------------+
| rep_dailysalesreg |
+-------------------+
|              3420 |
+-------------------+
1 row in set (0.00 sec)

Query OK, 0 rows affected (0.01 sec)

Query OK, 2822 rows affected (0.68 sec)
Records: 2822  Duplicates: 0  Warnings: 0

+-----------+
| saleslist |
+-----------+
|      2822 |
+-----------+
1 row in set (0.00 sec)

Database changed
Query OK, 1 row affected (0.02 sec)
Records: 1  Deleted: 0  Skipped: 0  Warnings: 0

+------------------+
| dailysinglesales |
+------------------+
|             6387 |
+------------------+
1 row in set (0.01 sec)

Database changed
Query OK, 6 rows affected (0.04 sec)
Records: 6  Deleted: 0  Skipped: 0  Warnings: 0

+-----------------+
| dailyaddonsales |
+-----------------+
|           20782 |
+-----------------+
1 row in set (0.03 sec)

Query OK, 185 rows affected (0.05 sec)
Records: 185  Deleted: 0  Skipped: 0  Warnings: 0

+----------------+
| onlinepayments |
+----------------+
|         128969 |
+----------------+
1 row in set (0.10 sec)

+-------------+----------------+---------------------+
| paymentdate | onlinepayments | onlinepaymentamount |
+-------------+----------------+---------------------+
| 2020-10-12  |            185 |        121642.44000 |
| 2020-10-11  |            146 |         92069.53000 |
| 2020-10-10  |            149 |        108673.90000 |
| 2020-10-09  |            155 |         90297.20000 |
| 2020-10-08  |            152 |         96801.88000 |
+-------------+----------------+---------------------+
5 rows in set (0.48 sec)

+-------------+--------------+----------------+---------------------+
| paymentyear | paymentmonth | onlinepayments | onlinepaymentamount |
+-------------+--------------+----------------+---------------------+
|        2020 |           10 |           2329 |       1541690.21000 |
|        2020 |            9 |           6132 |       3998941.54000 |
|        2020 |            8 |           6240 |       4098025.79000 |
|        2020 |            7 |           6291 |       4053825.83000 |
|        2020 |            6 |           6133 |       4006312.90000 |
+-------------+--------------+----------------+---------------------+
5 rows in set (0.12 sec)

mysql> mysql \. C:\workspace\cloud\code\sql\_DailyScript\currenttime.sql
+---------------------+
| currenttime         |
+---------------------+
| 2020-10-13 09:39:27 |
+---------------------+
1 row in set (0.00 sec)

mysql> 
mysql> mysql \. C:\workspace\cloud\code\sql\_DailyScript\DAILY-SCRIPT-ACTIVENUMBERS.sql
Database changed
Query OK, 1166 rows affected (0.58 sec)
Records: 1166  Deleted: 0  Skipped: 0  Warnings: 0

+------------+----------+
| period     | count(1) |
+------------+----------+
| 2020-10-12 |     1166 |
| 2020-10-11 |     1165 |
| 2020-10-10 |     1165 |
| 2020-10-09 |     1166 |
| 2020-10-08 |     1165 |
+------------+----------+
5 rows in set (0.01 sec)

Query OK, 0 rows affected (0.00 sec)

Query OK, 79 rows affected (1.38 sec)
Records: 79  Duplicates: 0  Warnings: 0

+-------------+
| packagelist |
+-------------+
|          79 |
+-------------+
1 row in set (0.00 sec)

Database changed
Query OK, 0 rows affected (0.00 sec)

Query OK, 0 rows affected (0.00 sec)

Query OK, 0 rows affected (0.00 sec)

Query OK, 0 rows affected (0.00 sec)

Query OK, 27710 rows affected, 193 warnings (22.39 sec)
Records: 27710  Deleted: 0  Skipped: 0  Warnings: 193

+------------+----------+
| period     | count(1) |
+------------+----------+
| 2020-10-12 |    27710 |
| 2020-10-11 |    27616 |
| 2020-10-10 |    27783 |
| 2020-10-09 |    27843 |
| 2020-10-08 |    27733 |
+------------+----------+
5 rows in set (0.11 sec)

Query OK, 0 rows affected (0.01 sec)

Query OK, 27127 rows affected (47.08 sec)
Records: 27127  Duplicates: 0  Warnings: 0

Query OK, 0 rows affected (0.11 sec)
Records: 0  Duplicates: 0  Warnings: 0

Query OK, 0 rows affected (0.13 sec)
Records: 0  Duplicates: 0  Warnings: 0

Query OK, 0 rows affected (0.10 sec)
Records: 0  Duplicates: 0  Warnings: 0

Query OK, 0 rows affected (0.08 sec)
Records: 0  Duplicates: 0  Warnings: 0

Query OK, 0 rows affected (0.07 sec)
Records: 0  Duplicates: 0  Warnings: 0

Query OK, 0 rows affected (0.07 sec)
Records: 0  Duplicates: 0  Warnings: 0

+-------------+
| countbefore |
+-------------+
|    39884711 |
+-------------+
1 row in set (14.90 sec)

Query OK, 27127 rows affected (6.84 sec)
Records: 27127  Duplicates: 0  Warnings: 0

+------------+
| countafter |
+------------+
|   39911838 |
+------------+
1 row in set (13.90 sec)

+------------+--------------------------+
| period     | customercontractactivity |
+------------+--------------------------+
| 2020-10-12 |                    27127 |
| 2020-10-11 |                    27033 |
| 2020-10-10 |                    27200 |
| 2020-10-09 |                    27260 |
| 2020-10-08 |                    27149 |
+------------+--------------------------+
5 rows in set (0.06 sec)

Query OK, 0 rows affected (0.02 sec)

Query OK, 280918 rows affected (7 min 25.14 sec)
Records: 280918  Duplicates: 0  Warnings: 0

Query OK, 0 rows affected (0.98 sec)
Records: 0  Duplicates: 0  Warnings: 0

Query OK, 0 rows affected (1.01 sec)
Records: 0  Duplicates: 0  Warnings: 0

Query OK, 0 rows affected (1.06 sec)
Records: 0  Duplicates: 0  Warnings: 0

Query OK, 0 rows affected (0.01 sec)

Query OK, 230 rows affected (0.42 sec)
Records: 230  Duplicates: 0  Warnings: 0

Query OK, 0 rows affected (0.01 sec)

Query OK, 2654 rows affected (0.56 sec)
Records: 2654  Duplicates: 0  Warnings: 0

Query OK, 0 rows affected (0.01 sec)

Query OK, 27107 rows affected (0.54 sec)
Records: 27107  Duplicates: 0  Warnings: 0

Query OK, 0 rows affected (0.01 sec)

Query OK, 17045 rows affected (0.37 sec)
Records: 17045  Duplicates: 0  Warnings: 0

Query OK, 0 rows affected (0.01 sec)

Query OK, 17045 rows affected (0.13 sec)
Records: 17045  Duplicates: 0  Warnings: 0

Query OK, 0 rows affected (0.01 sec)

Query OK, 17045 rows affected (1.05 sec)
Records: 17045  Duplicates: 0  Warnings: 0

Query OK, 0 rows affected (0.01 sec)

Query OK, 17045 rows affected (43.37 sec)
Records: 17045  Duplicates: 0  Warnings: 0

+-------------+
| clientstats |
+-------------+
|       17045 |
+-------------+
1 row in set (0.01 sec)

Query OK, 0 rows affected (0.01 sec)

Query OK, 13 rows affected, 1 warning (0.09 sec)
Records: 13  Duplicates: 0  Warnings: 1

+-----------------------+-------------+-------------+----------------+-----------------+
| services              | activecount | allaccounts | uniqueaccounts | uniquecontracts |
+-----------------------+-------------+-------------+----------------+-----------------+
| All                   |         366 |          59 |             59 |             190 |
| Internet & Voice      |         367 |         165 |            165 |             322 |
| Internet Only         |        4300 |        4168 |           4162 |            4210 |
| OTT Only              |           1 |           1 |              1 |               1 |
| TV & Internet         |        9267 |        4193 |           4183 |            8529 |
| TV & Internet & OTT   |        3122 |         797 |            795 |            1655 |
| TV & Internet & Voice |         509 |         152 |            152 |             466 |
| TV & OTT              |         337 |          68 |             67 |              85 |
| TV & Voice            |          86 |          39 |             39 |              80 |
| TV & Voice & OTT      |           7 |           1 |              1 |               2 |
| TV Only               |        9318 |        7247 |           7233 |            7440 |
| Voice Only            |         156 |         155 |            155 |             156 |
| GRAND TOTAL           |       27836 |       17045 |          16967 |           23136 |
+-----------------------+-------------+-------------+----------------+-----------------+
13 rows in set (0.00 sec)

+-------------+-------------+-------------+----------------+-----------------+
| network     | activecount | allaccounts | uniqueaccounts | uniquecontracts |
+-------------+-------------+-------------+----------------+-----------------+
| GPON        |        9610 |        4932 |           4929 |            7625 |
| HFC         |       18226 |       12113 |          12113 |           15511 |
| GRAND TOTAL |       27836 |       17045 |          16967 |           23136 |
+-------------+-------------+-------------+----------------+-----------------+
3 rows in set, 1 warning (0.11 sec)

+-------------+-----------------------+-------------+-------------+----------------+-----------------+
| network     | services              | activecount | allaccounts | uniqueaccounts | uniquecontracts |
+-------------+-----------------------+-------------+-------------+----------------+-----------------+
| GPON        | All                   |         210 |          34 |             34 |             108 |
| GPON        | Internet & Voice      |          68 |          28 |             28 |              58 |
| GPON        | Internet Only         |        1245 |        1131 |           1131 |            1156 |
| GPON        | TV & Internet         |        3971 |        1762 |           1762 |            3612 |
| GPON        | TV & Internet & OTT   |        1777 |         447 |            447 |             934 |
| GPON        | TV & Internet & Voice |         198 |          58 |             58 |             182 |
| GPON        | TV & OTT              |         115 |          34 |             34 |              41 |
| GPON        | TV & Voice            |          52 |          23 |             23 |              48 |
| GPON        | TV Only               |        1958 |        1399 |           1399 |            1470 |
| GPON        | Voice Only            |          16 |          16 |             16 |              16 |
| GPON        | Services Total        |        9610 |        4932 |           4929 |            7625 |
| HFC         | All                   |         156 |          25 |             25 |              82 |
| HFC         | Internet & Voice      |         299 |         137 |            137 |             264 |
| HFC         | Internet Only         |        3055 |        3037 |           3037 |            3054 |
| HFC         | OTT Only              |           1 |           1 |              1 |               1 |
| HFC         | TV & Internet         |        5296 |        2431 |           2431 |            4917 |
| HFC         | TV & Internet & OTT   |        1345 |         350 |            350 |             721 |
| HFC         | TV & Internet & Voice |         311 |          94 |             94 |             284 |
| HFC         | TV & OTT              |         222 |          34 |             34 |              44 |
| HFC         | TV & Voice            |          34 |          16 |             16 |              32 |
| HFC         | TV & Voice & OTT      |           7 |           1 |              1 |               2 |
| HFC         | TV Only               |        7360 |        5848 |           5848 |            5970 |
| HFC         | Voice Only            |         140 |         139 |            139 |             140 |
| HFC         | Services Total        |       18226 |       12113 |          12113 |           15511 |
| GRAND TOTAL | Services Total        |       27836 |       17045 |          16967 |           23136 |
+-------------+-----------------------+-------------+-------------+----------------+-----------------+
25 rows in set, 2 warnings (0.13 sec)

Query OK, 0 rows affected (0.01 sec)

Query OK, 41 rows affected, 3 warnings (0.18 sec)
Records: 41  Duplicates: 0  Warnings: 3

+-------------+---------------+-----------------------+-------------+-------------+----------------+-----------------+
| region      | network       | services              | activecount | allaccounts | uniqueaccounts | uniquecontracts |
+-------------+---------------+-----------------------+-------------+-------------+----------------+-----------------+
| Mahe        | GPON          | All                   |         179 |          29 |             29 |              93 |
| Mahe        | GPON          | Internet & Voice      |          58 |          23 |             23 |              48 |
| Mahe        | GPON          | Internet Only         |        1020 |         906 |            906 |             931 |
| Mahe        | GPON          | TV & Internet         |        3183 |        1406 |           1406 |            2882 |
| Mahe        | GPON          | TV & Internet & OTT   |        1396 |         338 |            338 |             713 |
| Mahe        | GPON          | TV & Internet & Voice |         185 |          54 |             54 |             169 |
| Mahe        | GPON          | TV & OTT              |          86 |          23 |             23 |              28 |
| Mahe        | GPON          | TV & Voice            |          48 |          21 |             21 |              44 |
| Mahe        | GPON          | TV Only               |        1590 |        1110 |           1110 |            1170 |
| Mahe        | GPON          | Voice Only            |          14 |          14 |             14 |              14 |
| Mahe        | GPON          | Services Total        |        7759 |        3924 |           3924 |            6092 |
| Mahe        | HFC           | All                   |         156 |          25 |             25 |              82 |
| Mahe        | HFC           | Internet & Voice      |         299 |         137 |            137 |             264 |
| Mahe        | HFC           | Internet Only         |        3054 |        3036 |           3036 |            3053 |
| Mahe        | HFC           | OTT Only              |           1 |           1 |              1 |               1 |
| Mahe        | HFC           | TV & Internet         |        5296 |        2431 |           2431 |            4917 |
| Mahe        | HFC           | TV & Internet & OTT   |        1345 |         350 |            350 |             721 |
| Mahe        | HFC           | TV & Internet & Voice |         311 |          94 |             94 |             284 |
| Mahe        | HFC           | TV & OTT              |         222 |          34 |             34 |              44 |
| Mahe        | HFC           | TV & Voice            |          34 |          16 |             16 |              32 |
| Mahe        | HFC           | TV & Voice & OTT      |           7 |           1 |              1 |               2 |
| Mahe        | HFC           | TV Only               |        7355 |        5845 |           5845 |            5967 |
| Mahe        | HFC           | Voice Only            |         140 |         139 |            139 |             140 |
| Mahe        | HFC           | Services Total        |       18220 |       12109 |          12109 |           15507 |
| Mahe        | Network Total | Services Total        |       25979 |       16033 |          15959 |           21599 |
| Praslin     | GPON          | All                   |          31 |           5 |              5 |              15 |
| Praslin     | GPON          | Internet & Voice      |          10 |           5 |              5 |              10 |
| Praslin     | GPON          | Internet Only         |         225 |         225 |            225 |             225 |
| Praslin     | GPON          | TV & Internet         |         788 |         356 |            356 |             730 |
| Praslin     | GPON          | TV & Internet & OTT   |         381 |         109 |            109 |             221 |
| Praslin     | GPON          | TV & Internet & Voice |          13 |           4 |              4 |              13 |
| Praslin     | GPON          | TV & OTT              |          29 |          11 |             11 |              13 |
| Praslin     | GPON          | TV & Voice            |           4 |           2 |              2 |               4 |
| Praslin     | GPON          | TV Only               |         368 |         289 |            289 |             300 |
| Praslin     | GPON          | Voice Only            |           2 |           2 |              2 |               2 |
| Praslin     | GPON          | Services Total        |        1851 |        1008 |           1008 |            1533 |
| Praslin     | HFC           | Internet Only         |           1 |           1 |              1 |               1 |
| Praslin     | HFC           | TV Only               |           5 |           3 |              3 |               3 |
| Praslin     | HFC           | Services Total        |           6 |           4 |              4 |               4 |
| Praslin     | Network Total | Services Total        |        1857 |        1012 |           1011 |            1537 |
| GRAND TOTAL | Network Total | Services Total        |       27836 |       17045 |          16967 |           23136 |
+-------------+---------------+-----------------------+-------------+-------------+----------------+-----------------+
41 rows in set (0.00 sec)

Query OK, 0 rows affected (0.01 sec)

Query OK, 27108 rows affected (0.41 sec)
Records: 27108  Duplicates: 0  Warnings: 0

Query OK, 0 rows affected (0.01 sec)

Query OK, 2170 rows affected (1.42 sec)
Records: 2170  Duplicates: 0  Warnings: 0

+--------------------------------------+
| message                              |
+--------------------------------------+
| running rcbill_my.sp_ActiveNumber2() |
+--------------------------------------+
1 row in set (0.00 sec)

Query OK, 365 rows affected (1 min 49.36 sec)

mysql> mysql \. C:\workspace\cloud\code\sql\_DailyScript\currenttime.sql
+---------------------+
| currenttime         |
+---------------------+
| 2020-10-13 09:51:22 |
+---------------------+
1 row in set (0.00 sec)

mysql> 
mysql> mysql \. C:\workspace\cloud\code\sql\_DailyScript\GetActiveNumbers Average -Pivot.sql
Database changed
+-------------------------------------+
| @today := subdate(current_date(),1) |
+-------------------------------------+
| 2020-10-12                          |
+-------------------------------------+
1 row in set (0.00 sec)

+-------------------------------------+
| @lastdayofmonth := last_day(@today) |
+-------------------------------------+
| 2020-10-31                          |
+-------------------------------------+
1 row in set (0.00 sec)

Query OK, 0 rows affected (0.01 sec)

Query OK, 42492 rows affected, 65535 warnings (51.51 sec)
Records: 42492  Duplicates: 0  Warnings: 87247

Query OK, 0 rows affected (0.09 sec)
Records: 0  Duplicates: 0  Warnings: 0

Query OK, 0 rows affected (0.12 sec)
Records: 0  Duplicates: 0  Warnings: 0

Query OK, 0 rows affected (0.10 sec)
Records: 0  Duplicates: 0  Warnings: 0

+-----------------+
| activenumberavg |
+-----------------+
|           42492 |
+-----------------+
1 row in set (0.01 sec)

Query OK, 0 rows affected (0.01 sec)

Query OK, 1916 rows affected (0.50 sec)
Records: 1916  Duplicates: 0  Warnings: 0

+---------------------+
| rep_activenumberavg |
+---------------------+
|                1916 |
+---------------------+
1 row in set (0.00 sec)

+----------------------+
| rep_activenumberavg1 |
+----------------------+
|                  897 |
+----------------------+
1 row in set (0.00 sec)

Query OK, 0 rows affected (0.01 sec)

Query OK, 2215 rows affected (0.39 sec)
Records: 2215  Duplicates: 0  Warnings: 0

Query OK, 0 rows affected (0.01 sec)

Query OK, 11352 rows affected (0.71 sec)
Records: 11352  Duplicates: 0  Warnings: 0

Query OK, 0 rows affected (0.00 sec)

Query OK, 0 rows affected (0.01 sec)

Query OK, 0 rows affected (0.01 sec)

Query OK, 0 rows affected (0.00 sec)

Query OK, 0 rows affected (0.00 sec)
Statement prepared

Query OK, 53 rows affected (0.05 sec)
Records: 53  Duplicates: 0  Warnings: 0

Query OK, 0 rows affected (0.00 sec)

Query OK, 0 rows affected (0.00 sec)

+----------------------+
| rep_activenumberavg2 |
+----------------------+
|                 2215 |
+----------------------+
1 row in set (0.00 sec)

+------------------------+
| rep_activenumberavg_pv |
+------------------------+
|                     53 |
+------------------------+
1 row in set (0.00 sec)

Query OK, 0 rows affected (0.01 sec)

Query OK, 2214 rows affected (0.33 sec)
Records: 2214  Duplicates: 0  Warnings: 0

Query OK, 0 rows affected (0.00 sec)

Query OK, 0 rows affected (0.00 sec)

Query OK, 0 rows affected (0.01 sec)

Query OK, 0 rows affected (0.00 sec)

Query OK, 0 rows affected (0.00 sec)
Statement prepared

Query OK, 53 rows affected (0.04 sec)
Records: 53  Duplicates: 0  Warnings: 0

Query OK, 0 rows affected (0.00 sec)

Query OK, 0 rows affected (0.00 sec)

+-------------------------+
| rep_activenumberavgMahe |
+-------------------------+
|                    2214 |
+-------------------------+
1 row in set (0.00 sec)

+----------------------------+
| rep_activenumberavgMahe_pv |
+----------------------------+
|                         53 |
+----------------------------+
1 row in set (0.00 sec)

Query OK, 0 rows affected (0.01 sec)

Query OK, 1414 rows affected (0.15 sec)
Records: 1414  Duplicates: 0  Warnings: 0

Query OK, 0 rows affected (0.00 sec)

Query OK, 0 rows affected (0.00 sec)

Query OK, 0 rows affected (0.01 sec)

Query OK, 0 rows affected (0.00 sec)

Query OK, 0 rows affected (0.00 sec)
Statement prepared

Query OK, 40 rows affected (0.03 sec)
Records: 40  Duplicates: 0  Warnings: 0

Query OK, 0 rows affected (0.00 sec)

Query OK, 0 rows affected (0.00 sec)

+----------------------------+
| rep_activenumberavgPraslin |
+----------------------------+
|                       1414 |
+----------------------------+
1 row in set (0.00 sec)

+-------------------------------+
| rep_activenumberavgPraslin_pv |
+-------------------------------+
|                            40 |
+-------------------------------+
1 row in set (0.00 sec)

mysql> mysql \. C:\workspace\cloud\code\sql\_DailyScript\currenttime.sql
+---------------------+
| currenttime         |
+---------------------+
| 2020-10-13 09:52:16 |
+---------------------+
1 row in set (0.00 sec)

mysql> 
mysql> mysql \. C:\workspace\cloud\code\sql\_DailyScript\budget_actual_analysis_2020.sql
Query OK, 0 rows affected (0.01 sec)

Query OK, 922 rows affected, 3 warnings (0.20 sec)
Records: 922  Duplicates: 0  Warnings: 3

+--------------------+
| budget_actual_2020 |
+--------------------+
|                922 |
+--------------------+
1 row in set (0.00 sec)

Query OK, 0 rows affected (0.01 sec)

Query OK, 48 rows affected (0.04 sec)
Records: 48  Duplicates: 0  Warnings: 0

+---------------------------+
| rep_budget_actual_2020_pv |
+---------------------------+
|                        48 |
+---------------------------+
1 row in set (0.00 sec)

mysql> mysql \. C:\workspace\cloud\code\sql\_DailyScript\currenttime.sql
+---------------------+
| currenttime         |
+---------------------+
| 2020-10-13 09:52:16 |
+---------------------+
1 row in set (0.00 sec)

mysql> 
mysql> mysql \. C:\workspace\cloud\code\sql\_DailyScript\reports-sales-addons-prepaid-camera.sql
Database changed
Query OK, 0 rows affected (0.01 sec)

Query OK, 4178 rows affected (0.19 sec)
Records: 4178  Duplicates: 0  Warnings: 0

Query OK, 0 rows affected (0.01 sec)

Query OK, 20825 rows affected (15.64 sec)
Records: 20825  Duplicates: 0  Warnings: 0

+--------------------+
| rep_prepaid_camera |
+--------------------+
|               4178 |
+--------------------+
1 row in set (0.01 sec)

+-----------+
| rep_addon |
+-----------+
|     20825 |
+-----------+
1 row in set (0.01 sec)

mysql> mysql \. C:\workspace\cloud\code\sql\_DailyScript\currenttime.sql
+---------------------+
| currenttime         |
+---------------------+
| 2020-10-13 09:52:32 |
+---------------------+
1 row in set (0.00 sec)

mysql> 
mysql> mysql \. C:\workspace\cloud\code\sql\_DailyScript\housing-estate-analysis.sql
Database changed
Query OK, 0 rows affected (0.01 sec)

Query OK, 3233 rows affected (58.54 sec)
Records: 3233  Duplicates: 0  Warnings: 0

+--------------------+
| rep_housingestates |
+--------------------+
|               3233 |
+--------------------+
1 row in set (0.00 sec)

mysql> mysql \. C:\workspace\cloud\code\sql\_DailyScript\currenttime.sql
+---------------------+
| currenttime         |
+---------------------+
| 2020-10-13 09:53:31 |
+---------------------+
1 row in set (0.00 sec)

mysql> 
mysql> mysql \. C:\workspace\cloud\code\sql\_DailyScript\RCB_ClientAnalyticsReport_Script.sql
Database changed
Query OK, 0 rows affected (0.00 sec)

Query OK, 0 rows affected (0.04 sec)

Query OK, 1965990 rows affected (1 min 17.77 sec)
Records: 1965990  Duplicates: 0  Warnings: 0

Query OK, 0 rows affected (5.57 sec)
Records: 0  Duplicates: 0  Warnings: 0

Query OK, 0 rows affected (4.76 sec)
Records: 0  Duplicates: 0  Warnings: 0

Query OK, 0 rows affected (7.80 sec)
Records: 0  Duplicates: 0  Warnings: 0

Query OK, 0 rows affected (8.42 sec)
Records: 0  Duplicates: 0  Warnings: 0

Query OK, 0 rows affected (8.87 sec)
Records: 0  Duplicates: 0  Warnings: 0

Query OK, 0 rows affected (6.95 sec)
Records: 0  Duplicates: 0  Warnings: 0

Query OK, 0 rows affected (0.00 sec)

Query OK, 492889 rows affected (16.11 sec)
Rows matched: 1965990  Changed: 492889  Warnings: 0

Query OK, 0 rows affected (0.01 sec)

Query OK, 27926 rows affected (4.19 sec)
Records: 27926  Duplicates: 0  Warnings: 0

Query OK, 0 rows affected (0.02 sec)

Query OK, 44168 rows affected (10 min 27.32 sec)
Records: 44168  Duplicates: 0  Warnings: 0

Query OK, 0 rows affected (0.18 sec)
Records: 0  Duplicates: 0  Warnings: 0

Query OK, 0 rows affected (0.15 sec)
Records: 0  Duplicates: 0  Warnings: 0

Query OK, 0 rows affected (0.10 sec)
Records: 0  Duplicates: 0  Warnings: 0

Query OK, 0 rows affected (0.02 sec)

Query OK, 460013 rows affected (15 min 4.65 sec)
Records: 460013  Duplicates: 0  Warnings: 0

Query OK, 0 rows affected (1.56 sec)
Records: 0  Duplicates: 0  Warnings: 0

Query OK, 0 rows affected (1.55 sec)
Records: 0  Duplicates: 0  Warnings: 0

Query OK, 0 rows affected (0.87 sec)
Records: 0  Duplicates: 0  Warnings: 0

Query OK, 0 rows affected (1.85 sec)
Records: 0  Duplicates: 0  Warnings: 0

Query OK, 0 rows affected (1.80 sec)
Records: 0  Duplicates: 0  Warnings: 0

Query OK, 0 rows affected (0.01 sec)

Query OK, 44168 rows affected (1 min 25.47 sec)
Records: 44168  Duplicates: 0  Warnings: 0

+--------------+
| clientreport |
+--------------+
|        44168 |
+--------------+
1 row in set (0.02 sec)

Query OK, 0 rows affected (0.01 sec)

Query OK, 44168 rows affected (5.81 sec)
Records: 44168  Duplicates: 0  Warnings: 0

+----------------------+
| clientextendedreport |
+----------------------+
|                44168 |
+----------------------+
1 row in set (0.01 sec)

Query OK, 0 rows affected (0.01 sec)

Query OK, 44168 rows affected (54.43 sec)
Records: 44168  Duplicates: 0  Warnings: 0

+---------+
| allcust |
+---------+
|   44168 |
+---------+
1 row in set (0.01 sec)

Query OK, 0 rows affected, 1 warning (0.00 sec)

Query OK, 5000 rows affected (0.13 sec)
Records: 5000  Duplicates: 0  Warnings: 0

Query OK, 0 rows affected (0.01 sec)

Query OK, 6898 rows affected (0.32 sec)
Records: 6898  Duplicates: 0  Warnings: 0

Query OK, 0 rows affected, 1 warning (0.00 sec)

Query OK, 5000 rows affected (0.13 sec)
Records: 5000  Duplicates: 0  Warnings: 0

Query OK, 0 rows affected (0.01 sec)

Query OK, 7236 rows affected (0.18 sec)
Records: 7236  Duplicates: 0  Warnings: 0

mysql> mysql \. C:\workspace\cloud\code\sql\_DailyScript\currenttime.sql
+---------------------+
| currenttime         |
+---------------------+
| 2020-10-13 10:23:58 |
+---------------------+
1 row in set (0.00 sec)

mysql> 
mysql> 
mysql> mysql \. C:\workspace\cloud\code\sql\_DailyScript\REVENUE_PER_NODE_MXK.sql
Query OK, 0 rows affected (0.01 sec)

Query OK, 0 rows affected (0.02 sec)

Query OK, 0 rows affected (0.02 sec)

Query OK, 6777 rows affected (2.15 sec)
Records: 6777  Duplicates: 0  Warnings: 0

+----------------------+
| message              |
+----------------------+
| created temp table a |
+----------------------+
1 row in set (0.00 sec)

Query OK, 6786 rows affected (0.96 sec)
Records: 6786  Duplicates: 0  Warnings: 0

+----------------------+
| message              |
+----------------------+
| created temp table b |
+----------------------+
1 row in set (0.00 sec)

Query OK, 0 rows affected, 1 warning (0.00 sec)

Query OK, 7085 rows affected (14.48 sec)
Records: 7085  Duplicates: 0  Warnings: 0

+--------------------------------+
| message                        |
+--------------------------------+
| created rcbill_my.tempcustmxk1 |
+--------------------------------+
1 row in set (0.00 sec)

Query OK, 0 rows affected (0.00 sec)

Query OK, 0 rows affected (0.00 sec)

Query OK, 0 rows affected, 1 warning (0.00 sec)

Query OK, 6777 rows affected (1.61 sec)
Records: 6777  Duplicates: 0  Warnings: 0

+----------------+
| message        |
+----------------+
| created temp a |
+----------------+
1 row in set (0.00 sec)

Query OK, 6786 rows affected (0.84 sec)
Records: 6786  Duplicates: 0  Warnings: 0

+----------------+
| message        |
+----------------+
| created temp b |
+----------------+
1 row in set (0.00 sec)

Query OK, 0 rows affected, 1 warning (0.00 sec)

Query OK, 6886 rows affected (9.39 sec)
Records: 6886  Duplicates: 0  Warnings: 0

+--------------------------------+
| message                        |
+--------------------------------+
| created rcbill_my.tempcustmxk2 |
+--------------------------------+
1 row in set (0.00 sec)

Query OK, 0 rows affected (0.02 sec)

Query OK, 0 rows affected (0.01 sec)

Query OK, 0 rows affected, 1 warning (0.00 sec)

Query OK, 0 rows affected (0.01 sec)

Query OK, 7946 rows affected (0.34 sec)
Records: 7946  Duplicates: 0  Warnings: 0

+---------------------------------+
| message                         |
+---------------------------------+
| created rcbill_my.customers_mxk |
+---------------------------------+
1 row in set (0.00 sec)

Query OK, 0 rows affected (0.00 sec)

Query OK, 0 rows affected (0.01 sec)

Query OK, 14322 rows affected (5.51 sec)
Records: 14322  Duplicates: 0  Warnings: 0

+----------------+
| message        |
+----------------+
| created temp a |
+----------------+
1 row in set (0.00 sec)

Query OK, 19587 rows affected (1.66 sec)
Records: 19587  Duplicates: 0  Warnings: 0

+----------------+
| message        |
+----------------+
| created temp c |
+----------------+
1 row in set (0.01 sec)

Query OK, 0 rows affected, 1 warning (0.00 sec)

Query OK, 27321 rows affected (0.29 sec)
Records: 27321  Duplicates: 0  Warnings: 0

+---------------------------------+
| message                         |
+---------------------------------+
| created rcbill_my.tempcustcmts1 |
+---------------------------------+
1 row in set (0.00 sec)

Query OK, 0 rows affected (0.01 sec)

Query OK, 0 rows affected, 1 warning (0.00 sec)

Query OK, 0 rows affected (0.01 sec)

Query OK, 14322 rows affected (5.84 sec)
Records: 14322  Duplicates: 0  Warnings: 0

+----------------+
| message        |
+----------------+
| created temp a |
+----------------+
1 row in set (0.00 sec)

Query OK, 19587 rows affected (1.51 sec)
Records: 19587  Duplicates: 0  Warnings: 0

+----------------+
| message        |
+----------------+
| created temp c |
+----------------+
1 row in set (0.00 sec)

Query OK, 0 rows affected, 1 warning (0.00 sec)

Query OK, 20283 rows affected (0.24 sec)
Records: 20283  Duplicates: 0  Warnings: 0

+---------------------------------+
| message                         |
+---------------------------------+
| created rcbill_my.tempcustcmts2 |
+---------------------------------+
1 row in set (0.00 sec)

Query OK, 0 rows affected (0.01 sec)

Query OK, 0 rows affected, 1 warning (0.00 sec)

Query OK, 0 rows affected (0.01 sec)

Query OK, 0 rows affected (0.01 sec)

Query OK, 14486 rows affected (0.95 sec)
Records: 14486  Duplicates: 0  Warnings: 0

+----------------------------------+
| message                          |
+----------------------------------+
| created rcbill_my.customers_cmts |
+----------------------------------+
1 row in set (0.00 sec)

Query OK, 0 rows affected (0.01 sec)

Query OK, 0 rows affected (0.01 sec)

Query OK, 0 rows affected (0.01 sec)

Query OK, 18821 rows affected (0.81 sec)
Records: 18821  Duplicates: 0  Warnings: 0

+--------------------------------------+
| message                              |
+--------------------------------------+
| created rcbill_my.customers_cmts_mxk |
+--------------------------------------+
1 row in set (0.00 sec)

Query OK, 487817 rows affected (59.29 sec)
Records: 487817  Duplicates: 0  Warnings: 0

+----------------+
| message        |
+----------------+
| created temp a |
+----------------+
1 row in set (0.00 sec)

Query OK, 0 rows affected (0.02 sec)

Query OK, 488559 rows affected (11.38 sec)
Records: 488559  Duplicates: 0  Warnings: 0

+------------------------------------------------+
| message                                        |
+------------------------------------------------+
| created rcbill_my.customers_contracts_cmts_mxk |
+------------------------------------------------+
1 row in set (0.00 sec)

Query OK, 0 rows affected (0.01 sec)

Query OK, 0 rows affected, 1 warning (0.00 sec)

Query OK, 0 rows affected, 1 warning (0.00 sec)

Query OK, 0 rows affected (0.00 sec)

Query OK, 8370 rows affected (2.79 sec)
Rows matched: 8370  Changed: 8370  Warnings: 0

+------------------------------------------------+
| message                                        |
+------------------------------------------------+
| updated rcbill_my.customers_contracts_cmts_mxk |
+------------------------------------------------+
1 row in set (0.00 sec)

Query OK, 0 rows affected (0.07 sec)

Query OK, 1976741 rows affected (3 min 45.41 sec)
Records: 1976741  Duplicates: 0  Warnings: 0

+----------------------------------------+
| message                                |
+----------------------------------------+
| created rcbill_my.customers_collection |
+----------------------------------------+
1 row in set (0.00 sec)

Query OK, 0 rows affected (0.04 sec)

Query OK, 2283231 rows affected (1 min 53.02 sec)
Records: 2283231  Duplicates: 0  Warnings: 0

+------------------------------------------------+
| message                                        |
+------------------------------------------------+
| created rcbill_my.customers_cmts_mxk_cont_coll |
+------------------------------------------------+
1 row in set (0.00 sec)

Query OK, 0 rows affected (0.03 sec)

Query OK, 445790 rows affected (2 min 14.73 sec)
Records: 445790  Duplicates: 0  Warnings: 0

+--------------------------------------------------------+
| message                                                |
+--------------------------------------------------------+
| created rcbill_my.customers_contracts_collection_pivot |
+--------------------------------------------------------+
1 row in set (0.00 sec)

Query OK, 0 rows affected (0.01 sec)

Query OK, 40234 rows affected (2 min 22.32 sec)
Records: 40234  Duplicates: 0  Warnings: 0

+----------------------------------------------+
| message                                      |
+----------------------------------------------+
| created rcbill_my.customers_collection_pivot |
+----------------------------------------------+
1 row in set (0.00 sec)

Query OK, 0 rows affected (0.01 sec)

Query OK, 44168 rows affected (2.21 sec)
Records: 44168  Duplicates: 0  Warnings: 0

+--------------------------------------------+
| message                                    |
+--------------------------------------------+
| created rcbill_my.rep_customers_collection |
+--------------------------------------------+
1 row in set (0.00 sec)

Query OK, 0 rows affected (0.00 sec)

Query OK, 0 rows affected, 1 warning (0.00 sec)

Query OK, 453776 rows affected (13.87 sec)
Records: 453776  Duplicates: 0  Warnings: 0

+-------------------------+
| message                 |
+-------------------------+
| created rcbill_my.tempa |
+-------------------------+
1 row in set (0.00 sec)

Query OK, 0 rows affected, 1 warning (0.00 sec)

Query OK, 445790 rows affected (19.59 sec)
Records: 445790  Duplicates: 0  Warnings: 0

+-------------------------+
| message                 |
+-------------------------+
| created rcbill_my.tempb |
+-------------------------+
1 row in set (0.00 sec)

Query OK, 453776 rows affected (21.03 sec)
Records: 453776  Duplicates: 0  Warnings: 0

+-----------+
| message   |
+-----------+
| created a |
+-----------+
1 row in set (0.00 sec)

Query OK, 445800 rows affected (21.14 sec)
Records: 445800  Duplicates: 0  Warnings: 0

+-----------+
| message   |
+-----------+
| created b |
+-----------+
1 row in set (0.00 sec)

Query OK, 0 rows affected (0.02 sec)

Query OK, 0 rows affected (0.02 sec)

Query OK, 0 rows affected (0.02 sec)

Query OK, 490239 rows affected (55.95 sec)
Records: 490239  Duplicates: 0  Warnings: 0

+----------------------------------------------+
| message                                      |
+----------------------------------------------+
| created rcbill_my.cust_cont_payment_cmts_mxk |
+----------------------------------------------+
1 row in set (0.00 sec)

Query OK, 0 rows affected (0.02 sec)

Query OK, 0 rows affected (0.01 sec)

Query OK, 0 rows affected, 1 warning (0.00 sec)

Query OK, 0 rows affected (0.01 sec)

Query OK, 44168 rows affected (17.53 sec)
Records: 44168  Duplicates: 0  Warnings: 0

+--------------------------------------------------+
| message                                          |
+--------------------------------------------------+
| created rcbill_my.rep_cust_cont_payment_cmts_mxk |
+--------------------------------------------------+
1 row in set (0.00 sec)

Query OK, 0 rows affected, 1 warning (0.00 sec)

Query OK, 0 rows affected, 1 warning (0.00 sec)

Query OK, 0 rows affected (0.01 sec)

Query OK, 44168 rows affected, 5 warnings (7.96 sec)
Records: 44168  Duplicates: 0  Warnings: 5

+----------------------+
| rep_custconsolidated |
+----------------------+
|                44168 |
+----------------------+
1 row in set (0.48 sec)

Query OK, 0 rows affected (0.01 sec)

+------------------------------------+
| message                            |
+------------------------------------+
| creating rcbill_my.rep_custextract |
+------------------------------------+
1 row in set (0.00 sec)

Query OK, 44168 rows affected (1.20 sec)
Records: 44168  Duplicates: 0  Warnings: 0

+-----------------+
| rep_custextract |
+-----------------+
|           44168 |
+-----------------+
1 row in set (0.01 sec)

Query OK, 0 rows affected (0.00 sec)

Query OK, 0 rows affected (0.01 sec)

+----------------------------------------------+
| message                                      |
+----------------------------------------------+
| creating rcbill_my.retentioncustomeractivity |
+----------------------------------------------+
1 row in set (0.00 sec)

Query OK, 876 rows affected (0.09 sec)
Records: 876  Duplicates: 0  Warnings: 0

+---------------------------+
| retentioncustomeractivity |
+---------------------------+
|                       876 |
+---------------------------+
1 row in set (0.00 sec)

+-----------+------------------------------------+------------+-------------+-----------------+------------------+---------------------+-------------------+
| HFC_NODE  | NODENAME                           | CMTS_DATE  | INSERTED_ON | UNIQUE_ACCOUNTS | UNIQUE_CONTRACTS | UNIQUE_MAC_INRCBOSS | UNIQUE_MAC_INCMTS |
+-----------+------------------------------------+------------+-------------+-----------------+------------------+---------------------+-------------------+
| NULL      | NULL                               | NULL       | 2020-10-13  |            6872 |             7256 |                7304 |                 0 |
| C5/0/0/U0 | ANSE-BOILEAU-2                     | 2020-07-27 | 2020-10-13  |             183 |              187 |                 183 |               188 |
| C5/0/0/U1 | 500-C3-ANSE-BOILEAU                | 2020-07-27 | 2020-10-13  |             182 |              186 |                 182 |               191 |
| C5/0/1/U0 | 501-C4-LA-MISIERE-LEFT-I           | 2020-07-27 | 2020-10-13  |             154 |              159 |                 154 |               161 |
| C5/0/1/U1 | 501-C5-LA-MISIERE-RIGHT            | 2020-07-27 | 2020-10-13  |             112 |              114 |                 112 |               115 |
| C5/0/1/U2 | 501-C7-LA-MISIERE-LEFT-II          | 2020-07-27 | 2020-10-13  |             153 |              156 |                 153 |               161 |
| C5/0/2/U0 | 502-C8-LA-LOUISE                   | 2020-07-27 | 2020-10-13  |             148 |              148 |                 148 |               151 |
| C5/0/2/U1 | LA-LOUISE-2                        | 2020-07-27 | 2020-10-13  |             144 |              146 |                 144 |               146 |
| C5/0/3/U0 | 504-C6-PETIT-PARIS                 | 2020-07-27 | 2020-10-13  |             160 |              163 |                 160 |               163 |
| C5/0/3/U1 | PETIT-PARIS-23                     | 2020-07-27 | 2020-10-13  |              80 |               82 |                  80 |                80 |
| C5/0/4/U0 | FOUR-SEASONS                       | 2020-07-27 | 2020-10-13  |               4 |                4 |                   4 |                 4 |
| C5/0/4/U1 | ANCHOR-CAFE-I                      | 2020-07-27 | 2020-10-13  |             147 |              151 |                 147 |               149 |
| C5/0/4/U2 | ANCHOR-CAFE-II                     | 2020-07-27 | 2020-10-13  |             157 |              158 |                 157 |               158 |
| C5/1/0/U0 | POINTE-LARUE-AIRPORT-23            | 2020-07-27 | 2020-10-13  |             102 |              105 |                 103 |               109 |
| C5/1/0/U1 | PPROVIDENCE-23                     | 2020-07-27 | 2020-10-13  |              20 |               22 |                  20 |                20 |
| C5/1/0/U2 | ROSHE-CAIMAN-23                    | 2020-07-27 | 2020-10-13  |              10 |               10 |                  10 |                10 |
| C5/1/0/U3 | HEAD-OFFICE | HO-23                | 2020-07-27 | 2020-10-13  |              22 |               22 |                  22 |                23 |
| C5/1/1/U1 | C5-UNION-VALE                      | 2020-07-27 | 2020-10-13  |             195 |              198 |                 195 |               198 |
| C5/1/3/U0 | POINTE-LARUE-AIRPORT-27            | 2020-07-27 | 2020-10-13  |             148 |              153 |                 148 |               153 |
| C5/1/3/U1 | PPROVIDENCE-27                     | 2020-07-27 | 2020-10-13  |              24 |               24 |                  24 |                24 |
| C5/1/3/U2 | ROSHE-CAIMAN-27                    | 2020-07-27 | 2020-10-13  |              30 |               31 |                  30 |                30 |
| C5/1/3/U3 | HEAD-OFFICE | HO-27                | 2020-07-27 | 2020-10-13  |              19 |               20 |                  19 |                19 |
| C5/1/4/U0 | ANSE-ROYALE-27                     | 2020-07-27 | 2020-10-13  |             101 |              103 |                 101 |               102 |
| C5/1/4/U1 | GLACIS-2-57                        | 2020-07-27 | 2020-10-13  |              59 |               64 |                  59 |                60 |
| C5/1/4/U2 | NULL                               | 2020-07-27 | 2020-10-13  |             104 |              106 |                 104 |               104 |
| C5/1/4/U3 | GLACIS-1                           | 2020-07-27 | 2020-10-13  |              48 |               50 |                  48 |                48 |
| C6/0/1/U0 | SERRET-ROAD-RIGHT/CURIO/PASCAL     | 2020-07-27 | 2020-10-13  |             130 |              133 |                 130 |               134 |
| C6/0/1/U1 | SERRET-ROAD-LEFT/ST.LOUIS/TOWN     | 2020-07-27 | 2020-10-13  |             106 |              112 |                 107 |               112 |
| C6/0/1/U2 | SERRET-ROAD-RIGHT/CURIO/PASCAL-2   | 2020-07-27 | 2020-10-13  |             124 |              125 |                 124 |               125 |
| C6/0/1/U3 | SERRET-ROAD-LEFT/ST.LOUIS/TOWN-2   | 2020-07-27 | 2020-10-13  |             106 |              110 |                 106 |               109 |
| C6/0/2/U0 | SANS-SOUCIS-I                      | 2020-07-27 | 2020-10-13  |             107 |              108 |                 105 |               110 |
| C6/0/2/U1 | SANS-SOUCIS-II                     | 2020-07-27 | 2020-10-13  |              98 |              101 |                  98 |               107 |
| C6/0/2/U2 | BEL-AIR-27                         | 2020-07-27 | 2020-10-13  |             117 |              124 |                 117 |               121 |
| C6/0/2/U3 | BEL-AIR-38                         | 2020-07-27 | 2020-10-13  |              76 |               77 |                  76 |                76 |
| C6/0/3/U0 | LES-MAMELLES-23                    | 2020-07-27 | 2020-10-13  |              74 |               74 |                  74 |                76 |
| C6/0/3/U1 | VICTORIA-23                        | 2020-07-27 | 2020-10-13  |               9 |                9 |                   9 |                12 |
| C6/0/4/U0 | LES-MAMELLES-27                    | 2020-07-27 | 2020-10-13  |              82 |               82 |                  82 |                83 |
| C6/0/4/U1 | VICTORIA-27                        | 2020-07-27 | 2020-10-13  |              35 |               36 |                  36 |                36 |
| C7/1/0/U0 | LA-RETRAITE-23                     | 2020-07-27 | 2020-10-13  |             101 |              105 |                 102 |               102 |
| C7/1/0/U1 | TEA-FACTORY-23                     | 2020-07-27 | 2020-10-13  |              17 |               20 |                  19 |                22 |
| C7/1/0/U2 | PAS-23                             | 2020-07-27 | 2020-10-13  |              83 |               86 |                  83 |                87 |
| C7/1/1/U0 | REEF-ESTATE-23                     | 2020-07-27 | 2020-10-13  |              82 |               84 |                  82 |                83 |
| C7/1/2/U0 | LA-RETRAITE-27                     | 2020-07-27 | 2020-10-13  |              81 |               82 |                  81 |                84 |
| C7/1/2/U1 | TEA-FACTORY-27                     | 2020-07-27 | 2020-10-13  |              34 |               43 |                  35 |                37 |
| C7/1/2/U2 | PAS-27                             | 2020-07-27 | 2020-10-13  |             107 |              109 |                 107 |               110 |
| C7/1/3/U0 | MT-BUXTON-27                       | 2020-07-27 | 2020-10-13  |             160 |              162 |                 160 |               166 |
| C7/1/3/U1 | MT-BUXTON-23                       | 2020-07-27 | 2020-10-13  |              73 |               76 |                  74 |                76 |
| C7/1/4/U0 | REEF-ESTATE-27                     | 2020-07-27 | 2020-10-13  |              97 |               98 |                  97 |                99 |
| C8/0/0/U0 | POLICE-ACADEMY-1-27 - POINTE LARUE | 2020-07-27 | 2020-10-13  |             216 |              217 |                 216 |               219 |
| C8/0/0/U1 | NULL                               | 2020-07-27 | 2020-10-13  |             100 |              104 |                 100 |               103 |
| C8/0/1/U0 | NULL                               | 2020-07-27 | 2020-10-13  |             195 |              197 |                 194 |               196 |
| C8/0/1/U1 | POLICE-ACADEMY-2-27 - TURTLE BAY   | 2020-07-27 | 2020-10-13  |             159 |              163 |                 160 |               161 |
| C8/0/2/U0 | BEAU-VALLON-LEFT-1-57              | 2020-07-27 | 2020-10-13  |              29 |               29 |                  29 |                29 |
| C8/0/3/U1 | BEAU-VALLON-RIGHT-2-57             | 2020-07-27 | 2020-10-13  |              52 |               56 |                  52 |                54 |
| C8/1/0/U0 | MA-JOIE-NODE-27                    | 2020-07-27 | 2020-10-13  |              96 |               97 |                  96 |                97 |
| C8/1/0/U1 | BELONIE-27                         | 2020-07-27 | 2020-10-13  |             147 |              149 |                 146 |               150 |
| C8/1/0/U3 | MA-JOIE-NODE-23                    | 2020-07-27 | 2020-10-13  |             104 |              105 |                 103 |               105 |
| C8/1/1/U0 | 611-C1-ROJN I                      | 2020-07-27 | 2020-10-13  |             115 |              115 |                 115 |               115 |
| C8/1/1/U1 | 611-C5-ROJN II                     | 2020-07-27 | 2020-10-13  |             135 |              137 |                 135 |               136 |
| C8/1/2/U0 | 612-C2-ANSE-ETOILE                 | 2020-07-27 | 2020-10-13  |             130 |              130 |                 130 |               132 |
| C8/1/2/U1 | ANSE-ETOILE-U2                     | 2020-07-27 | 2020-10-13  |              71 |               72 |                  71 |                73 |
| C8/1/3/U0 | 613-C3-ANSE-GAULETTE I             | 2020-07-27 | 2020-10-13  |              71 |               75 |                  71 |                74 |
| C8/1/3/U1 | 613-C7-ANSE-GAULETTE II            | 2020-07-27 | 2020-10-13  |              69 |               73 |                  69 |                69 |
| C8/1/3/U2 | 613-C3-ANSE-GAULETTE III           | 2020-07-27 | 2020-10-13  |              35 |               38 |                  35 |                35 |
| C8/1/3/U3 | TAKAMAKA I                         | 2020-07-27 | 2020-10-13  |              98 |              101 |                  98 |               101 |
| C8/1/3/U4 | TAKAMAKA II                        | 2020-07-27 | 2020-10-13  |             101 |              103 |                 101 |               102 |
| C8/1/4/U0 | 614-BEOLIERE-NODE-1                | 2020-07-27 | 2020-10-13  |             120 |              126 |                 121 |               126 |
| C8/1/4/U1 | 614-BEOLIERE-NODE-2                | 2020-07-27 | 2020-10-13  |              98 |               98 |                  98 |               104 |
+-----------+------------------------------------+------------+-------------+-----------------+------------------+---------------------+-------------------+
68 rows in set (0.17 sec)

+-----------------------+------------+-------------+-----------------+------------------+----------------------+-------------------+
| MXK_NAME              | MXK_DATE   | INSERTED_ON | UNIQUE_ACCOUNTS | UNIQUE_CONTRACTS | UNIQUE_FSAN_INRCBOSS | UNIQUE_FSAN_INMXK |
+-----------------------+------------+-------------+-----------------+------------------+----------------------+-------------------+
| NULL                  | NULL       | 2020-10-13  |            1045 |             1057 |                 1046 |                 0 |
| MXK-MAHE-ANSEETOILE   | 2020-07-27 | 2020-10-13  |             376 |              379 |                  378 |               398 |
| MXK-MAHE-ANSEROYALE   | 2020-07-27 | 2020-10-13  |             175 |              175 |                  174 |               198 |
| MXK-MAHE-BEAUVALLON-1 | 2020-07-27 | 2020-10-13  |            1808 |             1831 |                 1821 |              1919 |
| MXK-MAHE-BEAUVALLON-2 | 2020-07-27 | 2020-10-13  |              24 |               24 |                   24 |                30 |
| MXK-MAHE-PERSEVERANCE | 2020-07-27 | 2020-10-13  |            1061 |             1072 |                 1073 |              1241 |
| MXK-MAHE-PROVIDENCE   | 2020-07-27 | 2020-10-13  |             985 |             1012 |                  941 |              1192 |
| MXK-PRASLIN-GRANDANSE | 2020-07-27 | 2020-10-13  |            1296 |             1300 |                 1293 |              1514 |
+-----------------------+------------+-------------+-----------------+------------------+----------------------+-------------------+
8 rows in set (0.07 sec)

mysql> mysql \. C:\workspace\cloud\code\sql\_DailyScript\currenttime.sql
+---------------------+
| currenttime         |
+---------------------+
| 2020-10-13 10:38:56 |
+---------------------+
1 row in set (0.00 sec)

mysql> 
mysql> 
mysql> mysql \. C:\workspace\cloud\code\sql\Analysis\service_tickets_assignments.sql
Query OK, 0 rows affected (0.05 sec)

Query OK, 89315 rows affected (15.05 sec)
Records: 89315  Duplicates: 0  Warnings: 0

+-------------------------+
| rep_servicetickets_2020 |
+-------------------------+
|                   89315 |
+-------------------------+
1 row in set (2.12 sec)

mysql> mysql \. C:\workspace\cloud\code\sql\_DailyScript\currenttime.sql
+---------------------+
| currenttime         |
+---------------------+
| 2020-10-13 10:39:13 |
+---------------------+
1 row in set (0.00 sec)

mysql> 
mysql> 
mysql> exit
