    -> 
    -> mysql \. C:\workspace\cloud\code\sql\_DailyScript\_setdates.sql
Database changed
Query OK, 0 rows affected (0.00 sec)

Query OK, 0 rows affected (0.00 sec)

Query OK, 0 rows affected (0.00 sec)

Query OK, 0 rows affected (0.00 sec)

Query OK, 0 rows affected (0.00 sec)

Query OK, 0 rows affected (0.00 sec)

Query OK, 0 rows affected (0.00 sec)

Query OK, 0 rows affected (0.00 sec)

mysql> 
mysql> mysql \. C:\workspace\cloud\code\sql\_DailyScript\load_RCB_VODTITLES.sql
Database changed
Query OK, 0 rows affected (0.00 sec)

Query OK, 1850 rows affected (0.20 sec)

Query OK, 1852 rows affected, 1852 warnings (0.11 sec)
Records: 1852  Deleted: 0  Skipped: 0  Warnings: 1852

Query OK, 0 rows affected (0.00 sec)

Query OK, 2 rows affected (0.02 sec)

+-----------+
| VODTITLES |
+-----------+
|      2311 |
+-----------+
1 row in set (0.00 sec)

+-----------+-----------+
| titletype | typecount |
+-----------+-----------+
| E         |      1154 |
| T         |       696 |
| NULL      |      1850 |
+-----------+-----------+
3 rows in set (0.01 sec)

mysql> 
mysql> mysql \. C:\workspace\cloud\code\sql\_DailyScript\DAILY-SCRIPT-LIVETV-STATS.sql
Database changed
Query OK, 0 rows affected (0.28 sec)

Query OK, 60844 rows affected (10 min 2.99 sec)
Records: 60844  Duplicates: 0  Warnings: 0

+------------+------------+----------+--------------+--------------+-----------+-------------+----------+--------+------+------------+---------+---------------+
| Table      | Non_unique | Key_name | Seq_in_index | Column_name  | Collation | Cardinality | Sub_part | Packed | Null | Index_type | Comment | Index_comment |
+------------+------------+----------+--------------+--------------+-----------+-------------+----------+--------+------+------------+---------+---------------+
| templivetv |          1 | idxtv1   |            1 | device       | A         |       61013 |     NULL | NULL   | YES  | BTREE      |         |               |
| templivetv |          1 | idxtv2   |            1 | sessionstart | A         |       61013 |     NULL | NULL   | YES  | BTREE      |         |               |
+------------+------------+----------+--------------+--------------+-----------+-------------+----------+--------+------+------------+---------+---------------+
2 rows in set (0.01 sec)

Query OK, 60590 rows affected (1 min 1.81 sec)
Records: 60590  Duplicates: 0  Warnings: 0

Query OK, 2683 rows affected (2.42 sec)
Records: 2683  Duplicates: 0  Warnings: 0

Query OK, 0 rows affected (0.00 sec)

Query OK, 0 rows affected (0.01 sec)

Query OK, 141 rows affected (0.27 sec)
Records: 141  Duplicates: 0  Warnings: 0

Query OK, 0 rows affected (0.18 sec)

Query OK, 44764 rows affected (7 min 15.34 sec)
Records: 44764  Duplicates: 0  Warnings: 0

+-----------------+
| rep_livetvstats |
+-----------------+
|           44764 |
+-----------------+
1 row in set (0.02 sec)

mysql> mysql \. C:\workspace\cloud\code\sql\_DailyScript\DAILY-SCRIPT-VODTS-STATS.sql
Database changed
Query OK, 0 rows affected (0.00 sec)

Query OK, 0 rows affected (0.52 sec)

Query OK, 1101 rows affected (37.62 sec)
Records: 1101  Duplicates: 0  Warnings: 0

+---------+------------+----------+--------------+--------------+-----------+-------------+----------+--------+------+------------+---------+---------------+
| Table   | Non_unique | Key_name | Seq_in_index | Column_name  | Collation | Cardinality | Sub_part | Packed | Null | Index_type | Comment | Index_comment |
+---------+------------+----------+--------------+--------------+-----------+-------------+----------+--------+------+------------+---------+---------------+
| tempvod |          1 | idxtvod1 |            1 | device       | A         |        1127 |     NULL | NULL   | YES  | BTREE      |         |               |
| tempvod |          1 | idxtvod2 |            1 | sessionstart | A         |        1127 |     NULL | NULL   | YES  | BTREE      |         |               |
+---------+------------+----------+--------------+--------------+-----------+-------------+----------+--------+------+------------+---------+---------------+
2 rows in set (0.01 sec)

Query OK, 1099 rows affected (0.82 sec)
Records: 1099  Duplicates: 0  Warnings: 0

Query OK, 0 rows affected (0.01 sec)

Query OK, 95222 rows affected (10.84 sec)
Records: 95222  Duplicates: 0  Warnings: 0

+--------------+
| rep_vodstats |
+--------------+
|        95222 |
+--------------+
1 row in set (0.03 sec)

Database changed
Query OK, 0 rows affected (0.34 sec)

Query OK, 14459 rows affected (3 min 43.75 sec)
Records: 14459  Duplicates: 0  Warnings: 0

+--------+------------+----------+--------------+--------------+-----------+-------------+----------+--------+------+------------+---------+---------------+
| Table  | Non_unique | Key_name | Seq_in_index | Column_name  | Collation | Cardinality | Sub_part | Packed | Null | Index_type | Comment | Index_comment |
+--------+------------+----------+--------------+--------------+-----------+-------------+----------+--------+------+------------+---------+---------------+
| tempts |          1 | idxtts1  |            1 | device       | A         |       14653 |     NULL | NULL   | YES  | BTREE      |         |               |
| tempts |          1 | idxtts2  |            1 | sessionstart | A         |       14653 |     NULL | NULL   | YES  | BTREE      |         |               |
+--------+------------+----------+--------------+--------------+-----------+-------------+----------+--------+------+------------+---------+---------------+
2 rows in set (0.00 sec)

Query OK, 14450 rows affected (15.93 sec)
Records: 14450  Duplicates: 0  Warnings: 0

Query OK, 0 rows affected (0.05 sec)

Query OK, 13036 rows affected (3 min 5.88 sec)
Records: 13036  Duplicates: 0  Warnings: 0

+-------------+
| rep_tsstats |
+-------------+
|       13036 |
+-------------+
1 row in set (0.03 sec)

mysql> mysql \. C:\workspace\cloud\code\sql\_DailyScript\DAILY-SCRIPT-RADIO-STATS.sql
Database changed
Query OK, 0 rows affected (0.02 sec)

Query OK, 99459 rows affected (4.04 sec)
Records: 99459  Duplicates: 0  Warnings: 0

+-----------+------------+----------+--------------+--------------+-----------+-------------+----------+--------+------+------------+---------+---------------+
| Table     | Non_unique | Key_name | Seq_in_index | Column_name  | Collation | Cardinality | Sub_part | Packed | Null | Index_type | Comment | Index_comment |
+-----------+------------+----------+--------------+--------------+-----------+-------------+----------+--------+------+------------+---------+---------------+
| tempradio |          1 | idxtrad1 |            1 | device       | A         |       99757 |     NULL | NULL   | YES  | BTREE      |         |               |
| tempradio |          1 | idxtrad2 |            1 | sessionstart | A         |       99757 |     NULL | NULL   | YES  | BTREE      |         |               |
+-----------+------------+----------+--------------+--------------+-----------+-------------+----------+--------+------+------------+---------+---------------+
2 rows in set (0.00 sec)

Query OK, 217 rows affected (3.47 sec)
Records: 217  Duplicates: 0  Warnings: 0

Query OK, 0 rows affected (0.01 sec)

Query OK, 1751 rows affected (0.35 sec)
Records: 1751  Duplicates: 0  Warnings: 0

+----------------+
| rep_radiostats |
+----------------+
|           1751 |
+----------------+
1 row in set (0.00 sec)

mysql> mysql \. C:\workspace\cloud\code\sql\_DailyScript\DAILY_SCRIPT_TELEMETRY_PIVOT.sql
Query OK, 0 rows affected (0.00 sec)

Query OK, 169 rows affected (0.69 sec)
Records: 169  Duplicates: 0  Warnings: 0

Query OK, 0 rows affected (0.00 sec)

Query OK, 1544 rows affected (0.32 sec)
Records: 1544  Duplicates: 0  Warnings: 0

Query OK, 0 rows affected (0.02 sec)

Query OK, 12 rows affected (0.07 sec)
Records: 12  Duplicates: 0  Warnings: 0

Query OK, 0 rows affected (0.01 sec)

Query OK, 47 rows affected (0.05 sec)
Records: 47  Duplicates: 0  Warnings: 0

mysql> 
mysql> mysql \. C:\workspace\cloud\code\sql\_DailyScript\telemetry_livetv_ranking2018.sql
Query OK, 0 rows affected (0.12 sec)

Query OK, 169 rows affected (0.09 sec)
Records: 169  Duplicates: 0  Warnings: 0

mysql> mysql \. C:\workspace\cloud\code\sql\_DailyScript\telemetry_radio_ranking2018.sql
Query OK, 0 rows affected (0.00 sec)

Query OK, 12 rows affected (0.02 sec)
Records: 12  Duplicates: 0  Warnings: 0

mysql> mysql \. C:\workspace\cloud\code\sql\_DailyScript\telemetry_ts_ranking2018.sql
Query OK, 0 rows affected (0.02 sec)

Query OK, 47 rows affected (0.01 sec)
Records: 47  Duplicates: 0  Warnings: 0

mysql> mysql \. C:\workspace\cloud\code\sql\_DailyScript\telemetry_vod_ranking2018.sql
Query OK, 0 rows affected (0.01 sec)

Query OK, 1544 rows affected (0.62 sec)
Records: 1544  Duplicates: 0  Warnings: 0

mysql> mysql \. C:\workspace\cloud\code\sql\_DailyScript\telemetry_vod_ranking2018_1.sql
Query OK, 0 rows affected (0.00 sec)

Query OK, 1544 rows affected (0.05 sec)
Records: 1544  Duplicates: 0  Warnings: 0

mysql> mysql \. C:\workspace\cloud\code\sql\_DailyScript\telemetry_vod_ranking2018_2.sql
Query OK, 0 rows affected (0.00 sec)

Query OK, 1544 rows affected (0.05 sec)
Records: 1544  Duplicates: 0  Warnings: 0

mysql> 
mysql> mysql \. C:\workspace\cloud\code\sql\_DailyScript\DAILY-SCRIPT-CREATE-LOAD.sql
Database changed
Database changed
Query OK, 0 rows affected (0.14 sec)

Query OK, 0 rows affected (0.05 sec)

Database changed
Query OK, 64356 rows affected (4.95 sec)
Records: 64356  Deleted: 0  Skipped: 0  Warnings: 0

Query OK, 0 rows affected (0.58 sec)
Records: 0  Duplicates: 0  Warnings: 0

Query OK, 0 rows affected (0.54 sec)
Records: 0  Duplicates: 0  Warnings: 0

Query OK, 0 rows affected (0.58 sec)
Records: 0  Duplicates: 0  Warnings: 0

Query OK, 0 rows affected (0.52 sec)
Records: 0  Duplicates: 0  Warnings: 0

Query OK, 0 rows affected (0.05 sec)

Query OK, 82442 rows affected (4.44 sec)
Records: 82442  Duplicates: 0  Warnings: 0

Query OK, 0 rows affected (0.73 sec)
Records: 0  Duplicates: 0  Warnings: 0

Query OK, 0 rows affected (0.25 sec)

Query OK, 64356 rows affected (3.63 sec)
Records: 64356  Duplicates: 0  Warnings: 0

Query OK, 0 rows affected (0.63 sec)
Records: 0  Duplicates: 0  Warnings: 0

Query OK, 0 rows affected (0.52 sec)
Records: 0  Duplicates: 0  Warnings: 0

Query OK, 0 rows affected (0.25 sec)
Records: 0  Duplicates: 0  Warnings: 0

+---------+
| clients |
+---------+
|   64356 |
+---------+
1 row in set (0.02 sec)

+---------------+
| clientaddress |
+---------------+
|         64356 |
+---------------+
1 row in set (0.03 sec)

Database changed
Query OK, 0 rows affected (0.19 sec)

Query OK, 0 rows affected (0.01 sec)

Database changed
Query OK, 454399 rows affected, 65535 warnings (28.82 sec)
Records: 454399  Deleted: 0  Skipped: 0  Warnings: 172070

Query OK, 0 rows affected (1.81 sec)
Records: 0  Duplicates: 0  Warnings: 0

Query OK, 0 rows affected (3.37 sec)
Records: 0  Duplicates: 0  Warnings: 0

Query OK, 0 rows affected (2.02 sec)
Records: 0  Duplicates: 0  Warnings: 0

Query OK, 0 rows affected (0.10 sec)

Query OK, 454399 rows affected (1 min 46.79 sec)
Records: 454399  Duplicates: 0  Warnings: 0

Query OK, 0 rows affected (3.13 sec)
Records: 0  Duplicates: 0  Warnings: 0

Query OK, 0 rows affected (1.92 sec)
Records: 0  Duplicates: 0  Warnings: 0

+-----------+
| contracts |
+-----------+
|    454399 |
+-----------+
1 row in set (0.73 sec)

+-----------------+
| contractaddress |
+-----------------+
|          454399 |
+-----------------+
1 row in set (0.15 sec)

Database changed
Query OK, 0 rows affected (0.10 sec)

Query OK, 0 rows affected (0.19 sec)

Query OK, 6324 rows affected (0.32 sec)
Records: 6324  Deleted: 0  Skipped: 0  Warnings: 0

Query OK, 0 rows affected (0.04 sec)

Query OK, 6293 rows affected (0.46 sec)
Records: 6293  Duplicates: 0  Warnings: 0

Query OK, 0 rows affected (0.12 sec)
Records: 0  Duplicates: 0  Warnings: 0

Query OK, 0 rows affected (0.03 sec)

Query OK, 5191 rows affected (0.05 sec)
Records: 5191  Duplicates: 0  Warnings: 0

Query OK, 0 rows affected (0.03 sec)
Records: 0  Duplicates: 0  Warnings: 0

+-------------------+
| contractdiscounts |
+-------------------+
|              6324 |
+-------------------+
1 row in set (0.02 sec)

+-------------------------+
| clientcontractdiscounts |
+-------------------------+
|                    6293 |
+-------------------------+
1 row in set (0.00 sec)

+----------------------------+
| clientcontractlastdiscount |
+----------------------------+
|                       5191 |
+----------------------------+
1 row in set (0.00 sec)

Database changed
Query OK, 0 rows affected (0.24 sec)

Query OK, 0 rows affected (0.00 sec)

Database changed
Query OK, 124252 rows affected (5.03 sec)
Records: 124252  Deleted: 0  Skipped: 0  Warnings: 0

Query OK, 0 rows affected (0.87 sec)
Records: 0  Duplicates: 0  Warnings: 0

Query OK, 0 rows affected (0.32 sec)
Records: 0  Duplicates: 0  Warnings: 0

Query OK, 0 rows affected (0.33 sec)
Records: 0  Duplicates: 0  Warnings: 0

Query OK, 0 rows affected (1.30 sec)
Records: 0  Duplicates: 0  Warnings: 0

Query OK, 0 rows affected (0.39 sec)
Records: 0  Duplicates: 0  Warnings: 0

Query OK, 0 rows affected (1.04 sec)
Records: 0  Duplicates: 0  Warnings: 0

Query OK, 0 rows affected (0.30 sec)

Query OK, 1548961 rows affected (4 min 32.62 sec)
Records: 1548961  Duplicates: 0  Warnings: 0

+---------+
| devices |
+---------+
|  124252 |
+---------+
1 row in set (0.05 sec)

+-----------------------+
| clientcontractdevices |
+-----------------------+
|               1548961 |
+-----------------------+
1 row in set (0.66 sec)

Query OK, 0 rows affected (0.01 sec)

Query OK, 124156 rows affected (10.77 sec)
Records: 124156  Duplicates: 0  Warnings: 0

+---------------------------+
| rep_clientcontractdevices |
+---------------------------+
|                    124156 |
+---------------------------+
1 row in set (0.05 sec)

Database changed
Query OK, 0 rows affected (0.16 sec)

Query OK, 0 rows affected (0.01 sec)

Query OK, 225360 rows affected (12.49 sec)
Records: 225360  Deleted: 0  Skipped: 0  Warnings: 0

Query OK, 0 rows affected (1.15 sec)
Records: 0  Duplicates: 0  Warnings: 0

Query OK, 0 rows affected (1.09 sec)
Records: 0  Duplicates: 0  Warnings: 0

Query OK, 0 rows affected (2.33 sec)
Records: 0  Duplicates: 0  Warnings: 0

Query OK, 0 rows affected (0.65 sec)
Records: 0  Duplicates: 0  Warnings: 0

+---------+
| tickets |
+---------+
|  225360 |
+---------+
1 row in set (0.08 sec)

Database changed
Query OK, 0 rows affected (0.00 sec)

Query OK, 0 rows affected (0.02 sec)

Empty set (0.00 sec)

Query OK, 0 rows affected (0.02 sec)
Records: 0  Duplicates: 0  Warnings: 0

Query OK, 301 rows affected, 2 warnings (0.00 sec)
Records: 301  Deleted: 0  Skipped: 0  Warnings: 2

+-----------------+
| tickettechusers |
+-----------------+
|             301 |
+-----------------+
1 row in set (0.00 sec)

Database changed
Query OK, 0 rows affected (0.01 sec)

Query OK, 0 rows affected (0.01 sec)

Query OK, 0 rows affected (0.02 sec)
Records: 0  Duplicates: 0  Warnings: 0

Query OK, 457382 rows affected, 39498 warnings (13.93 sec)
Records: 457382  Deleted: 0  Skipped: 0  Warnings: 39498

+-------------------+
| ticketassignments |
+-------------------+
|            457382 |
+-------------------+
1 row in set (0.15 sec)

Database changed
Query OK, 0 rows affected (0.25 sec)

Query OK, 0 rows affected (0.01 sec)

Query OK, 962767 rows affected (26.55 sec)
Records: 962767  Deleted: 0  Skipped: 0  Warnings: 0

Query OK, 0 rows affected (5.61 sec)
Records: 0  Duplicates: 0  Warnings: 0

Query OK, 0 rows affected (3.98 sec)
Records: 0  Duplicates: 0  Warnings: 0

Query OK, 0 rows affected (4.01 sec)
Records: 0  Duplicates: 0  Warnings: 0

Query OK, 0 rows affected (3.98 sec)
Records: 0  Duplicates: 0  Warnings: 0

+----------------+
| ticketcomments |
+----------------+
|         962767 |
+----------------+
1 row in set (0.35 sec)

Database changed
Query OK, 0 rows affected (0.02 sec)

Query OK, 0 rows affected (0.13 sec)

Query OK, 382069 rows affected (46.41 sec)
Records: 382069  Deleted: 0  Skipped: 0  Warnings: 0

Query OK, 0 rows affected (2.97 sec)
Records: 0  Duplicates: 0  Warnings: 0

+----------+
| comments |
+----------+
|   382069 |
+----------+
1 row in set (0.14 sec)

Database changed
Query OK, 0 rows affected (0.15 sec)

Query OK, 0 rows affected (0.09 sec)

Query OK, 520945 rows affected, 65535 warnings (1 min 2.96 sec)
Records: 520945  Deleted: 0  Skipped: 0  Warnings: 520946

Query OK, 0 rows affected (1.89 sec)
Records: 0  Duplicates: 0  Warnings: 0

Query OK, 0 rows affected (1.77 sec)
Records: 0  Duplicates: 0  Warnings: 0

Query OK, 0 rows affected (2.34 sec)
Records: 0  Duplicates: 0  Warnings: 0

Query OK, 0 rows affected (1.79 sec)
Records: 0  Duplicates: 0  Warnings: 0

Query OK, 0 rows affected (2.15 sec)
Records: 0  Duplicates: 0  Warnings: 0

+------------+
| devicesold |
+------------+
|     520945 |
+------------+
1 row in set (0.19 sec)

Database changed
Query OK, 0 rows affected (0.28 sec)

Query OK, 0 rows affected (0.04 sec)

Query OK, 1542526 rows affected (37.67 sec)
Records: 1542526  Deleted: 0  Skipped: 0  Warnings: 0

Query OK, 0 rows affected (5.64 sec)
Records: 0  Duplicates: 0  Warnings: 0

Query OK, 0 rows affected (6.24 sec)
Records: 0  Duplicates: 0  Warnings: 0

Query OK, 0 rows affected (5.52 sec)
Records: 0  Duplicates: 0  Warnings: 0

+------------------+
| contractservices |
+------------------+
|          1542526 |
+------------------+
1 row in set (0.47 sec)

Database changed
Query OK, 0 rows affected (0.12 sec)

Query OK, 0 rows affected (0.02 sec)

Query OK, 3352435 rows affected (3 min 7.82 sec)
Records: 3352435  Deleted: 0  Skipped: 0  Warnings: 0

Query OK, 0 rows affected (14.89 sec)
Records: 0  Duplicates: 0  Warnings: 0

Query OK, 0 rows affected (19.45 sec)
Records: 0  Duplicates: 0  Warnings: 0

Query OK, 0 rows affected (18.25 sec)
Records: 0  Duplicates: 0  Warnings: 0

Query OK, 0 rows affected (15.02 sec)
Records: 0  Duplicates: 0  Warnings: 0

+------------------+
| invoicescontents |
+------------------+
|          3352435 |
+------------------+
1 row in set (1.20 sec)

Database changed
Query OK, 0 rows affected (0.19 sec)

Query OK, 0 rows affected (0.03 sec)

Query OK, 2285628 rows affected (4 min 37.74 sec)
Records: 2285628  Deleted: 0  Skipped: 0  Warnings: 0

Query OK, 0 rows affected (1 min 29.14 sec)
Records: 0  Duplicates: 0  Warnings: 0

Query OK, 0 rows affected (26.63 sec)
Records: 0  Duplicates: 0  Warnings: 0

Query OK, 0 rows affected (22.87 sec)
Records: 0  Duplicates: 0  Warnings: 0

Query OK, 0 rows affected (23.12 sec)
Records: 0  Duplicates: 0  Warnings: 0

Query OK, 0 rows affected (24.47 sec)
Records: 0  Duplicates: 0  Warnings: 0

+----------------+
| invoicesheader |
+----------------+
|        2285628 |
+----------------+
1 row in set (1.43 sec)

Database changed
Query OK, 0 rows affected (0.67 sec)

Query OK, 0 rows affected (0.40 sec)

Query OK, 2447894 rows affected (1 min 52.89 sec)
Records: 2447894  Deleted: 0  Skipped: 0  Warnings: 0

Query OK, 0 rows affected (12.64 sec)
Records: 0  Duplicates: 0  Warnings: 0

Query OK, 0 rows affected (12.77 sec)
Records: 0  Duplicates: 0  Warnings: 0

Query OK, 0 rows affected (11.82 sec)
Records: 0  Duplicates: 0  Warnings: 0

Query OK, 0 rows affected (13.55 sec)
Records: 0  Duplicates: 0  Warnings: 0

+---------+
| casa    |
+---------+
| 2447894 |
+---------+
1 row in set (1.10 sec)

Database changed
Query OK, 0 rows affected (0.07 sec)

Query OK, 0 rows affected (0.01 sec)

Database changed
Query OK, 37055 rows affected (2.39 sec)
Records: 37055  Deleted: 0  Skipped: 0  Warnings: 0

+-------+
| users |
+-------+
| 37055 |
+-------+
1 row in set (0.03 sec)

Database changed
Query OK, 0 rows affected (0.32 sec)

Query OK, 0 rows affected (0.00 sec)

Database changed
Query OK, 5365023 rows affected (1 min 59.25 sec)
Records: 5365023  Deleted: 0  Skipped: 0  Warnings: 0

Query OK, 0 rows affected (24.95 sec)
Records: 0  Duplicates: 0  Warnings: 0

Query OK, 0 rows affected (21.56 sec)
Records: 0  Duplicates: 0  Warnings: 0

Query OK, 0 rows affected (25.11 sec)
Records: 0  Duplicates: 0  Warnings: 0

Query OK, 0 rows affected (24.35 sec)
Records: 0  Duplicates: 0  Warnings: 0

+----------+
| ipusage1 |
+----------+
|  5365023 |
+----------+
1 row in set (1.82 sec)

Query OK, 0 rows affected (0.15 sec)

Query OK, 5424488 rows affected, 65535 warnings (8 min 21.76 sec)
Records: 5424488  Duplicates: 0  Warnings: 5410448

Query OK, 0 rows affected (1 min 9.36 sec)
Records: 0  Duplicates: 0  Warnings: 0

Query OK, 0 rows affected (21.13 sec)
Records: 0  Duplicates: 0  Warnings: 0

Query OK, 0 rows affected (25.04 sec)
Records: 0  Duplicates: 0  Warnings: 0

Query OK, 0 rows affected (24.21 sec)
Records: 0  Duplicates: 0  Warnings: 0

Query OK, 0 rows affected (39.44 sec)
Records: 0  Duplicates: 0  Warnings: 0

Query OK, 0 rows affected (43.13 sec)
Records: 0  Duplicates: 0  Warnings: 0

Query OK, 0 rows affected (37.90 sec)
Records: 0  Duplicates: 0  Warnings: 0

+---------+
| ipusage |
+---------+
| 5424488 |
+---------+
1 row in set (2.05 sec)

Query OK, 0 rows affected (0.07 sec)

Query OK, 2486586 rows affected (1 min 56.16 sec)
Records: 2486586  Duplicates: 0  Warnings: 0

Query OK, 0 rows affected (12.57 sec)
Records: 0  Duplicates: 0  Warnings: 0

Query OK, 0 rows affected (9.05 sec)
Records: 0  Duplicates: 0  Warnings: 0

Query OK, 0 rows affected (11.75 sec)
Records: 0  Duplicates: 0  Warnings: 0

Query OK, 0 rows affected (16.48 sec)
Records: 0  Duplicates: 0  Warnings: 0

Query OK, 0 rows affected (0.06 sec)

Query OK, 259868 rows affected (26.48 sec)
Records: 259868  Duplicates: 0  Warnings: 0

Query OK, 0 rows affected (1.23 sec)
Records: 0  Duplicates: 0  Warnings: 0

Query OK, 0 rows affected (1.19 sec)
Records: 0  Duplicates: 0  Warnings: 0

Query OK, 0 rows affected (1.22 sec)
Records: 0  Duplicates: 0  Warnings: 0

Query OK, 0 rows affected (1.03 sec)
Records: 0  Duplicates: 0  Warnings: 0

Query OK, 0 rows affected (0.90 sec)
Records: 0  Duplicates: 0  Warnings: 0

mysql> mysql \. C:\workspace\cloud\code\sql\_DailyScript\ticket_analysis.sql
Database changed
Query OK, 0 rows affected (0.15 sec)

Query OK, 323757 rows affected (34.18 sec)
Records: 323757  Duplicates: 0  Warnings: 0

Query OK, 0 rows affected (2.06 sec)
Records: 0  Duplicates: 0  Warnings: 0

Query OK, 0 rows affected (1.87 sec)
Records: 0  Duplicates: 0  Warnings: 0

Query OK, 0 rows affected (1.81 sec)
Records: 0  Duplicates: 0  Warnings: 0

Query OK, 0 rows affected (0.02 sec)

Query OK, 12507 rows affected (7.63 sec)
Records: 12507  Duplicates: 0  Warnings: 0

Query OK, 0 rows affected, 1 warning (0.00 sec)

Query OK, 44300 rows affected (6.49 sec)
Records: 44300  Duplicates: 0  Warnings: 0

Query OK, 0 rows affected, 1 warning (0.00 sec)

Query OK, 228321 rows affected (10.96 sec)
Records: 228321  Duplicates: 0  Warnings: 0

Query OK, 0 rows affected, 1 warning (0.00 sec)

Query OK, 228321 rows affected (10.71 sec)
Records: 228321  Duplicates: 0  Warnings: 0

Query OK, 0 rows affected (0.03 sec)

Query OK, 44338 rows affected (3.37 sec)
Records: 44338  Duplicates: 0  Warnings: 0

Database changed
Query OK, 0 rows affected (0.10 sec)

Query OK, 0 rows affected (0.08 sec)

Query OK, 151174 rows affected (9.26 sec)
Records: 151174  Duplicates: 0  Warnings: 0

Query OK, 0 rows affected (0.01 sec)

Query OK, 72066 rows affected (5.96 sec)
Records: 72066  Duplicates: 0  Warnings: 0

+--------------------------+
| clientticket_cmmtjourney |
+--------------------------+
|                   151174 |
+--------------------------+
1 row in set (0.20 sec)

+---------------------------+
| clientticket_assgnjourney |
+---------------------------+
|                     72066 |
+---------------------------+
1 row in set (0.03 sec)

Query OK, 0 rows affected (0.02 sec)

Query OK, 73 rows affected (0.10 sec)
Records: 73  Duplicates: 0  Warnings: 0

mysql> mysql \. C:\workspace\cloud\code\sql\_DailyScript\load_DailyCalls.sql
Database changed
Query OK, 442 rows affected (0.89 sec)
Records: 442  Deleted: 0  Skipped: 0  Warnings: 0

Query OK, 0 rows affected, 1 warning (0.00 sec)

Query OK, 429 rows affected (0.32 sec)
Records: 429  Duplicates: 0  Warnings: 0

Query OK, 0 rows affected, 1 warning (0.00 sec)

Query OK, 65389 rows affected (1.92 sec)
Records: 65389  Duplicates: 0  Warnings: 0

+----------------------+
| callingclientsbefore |
+----------------------+
|               564934 |
+----------------------+
1 row in set (5.74 sec)

Query OK, 584 rows affected (11.19 sec)
Records: 584  Duplicates: 0  Warnings: 0

+---------------------+
| callingclientsafter |
+---------------------+
|              565518 |
+---------------------+
1 row in set (0.23 sec)

Query OK, 0 rows affected (0.00 sec)

Query OK, 284 rows affected (17.16 sec)
Records: 284  Duplicates: 0  Warnings: 0

Query OK, 0 rows affected (0.00 sec)

Query OK, 11688 rows affected (1.97 sec)
Records: 11688  Duplicates: 0  Warnings: 0

+-----------+
| callstats |
+-----------+
|     11688 |
+-----------+
1 row in set (0.02 sec)

mysql> 
mysql> mysql \. C:\workspace\cloud\code\sql\_DailyScript\DAILY-SCRIPT-USAGE.sql
Database changed
Query OK, 0 rows affected (0.00 sec)

Query OK, 2702 rows affected, 7817 warnings (1.90 sec)
Records: 2702  Deleted: 0  Skipped: 0  Warnings: 7817

Query OK, 0 rows affected (0.00 sec)

Query OK, 5969 rows affected, 17237 warnings (3.59 sec)
Records: 5969  Deleted: 0  Skipped: 0  Warnings: 17237

Query OK, 0 rows affected (0.00 sec)

Query OK, 62 rows affected, 217 warnings (0.05 sec)
Records: 62  Deleted: 0  Skipped: 0  Warnings: 217

Query OK, 0 rows affected (0.00 sec)

Query OK, 497 rows affected, 1695 warnings (0.35 sec)
Records: 497  Deleted: 0  Skipped: 0  Warnings: 1695

+------------+
| dailyusage |
+------------+
|    3132456 |
+------------+
1 row in set (9.20 sec)

+------------+------------+------------+---------+
| datestart  | dateend    | insertedon | records |
+------------+------------+------------+---------+
| 2018-11-09 | 2018-11-09 | 2018-11-10 |    9230 |
| 2018-11-08 | 2018-11-08 | 2018-11-09 |    9323 |
| 2018-11-07 | 2018-11-07 | 2018-11-08 |    9031 |
| 2018-11-06 | 2018-11-06 | 2018-11-07 |    8961 |
| 2018-11-05 | 2018-11-05 | 2018-11-06 |    9077 |
+------------+------------+------------+---------+
5 rows in set (1 min 56.92 sec)

mysql> mysql \. C:\workspace\cloud\code\sql\_DailyScript\DAILY-SCRIPT-SALES-TELEMETRY.sql
Database changed
Query OK, 108 rows affected, 50 warnings (0.22 sec)
Records: 108  Deleted: 0  Skipped: 0  Warnings: 50

+------------+
| dailysales |
+------------+
|     129043 |
+------------+
1 row in set (2.42 sec)

Query OK, 0 rows affected (0.00 sec)

Query OK, 129043 rows affected (18.10 sec)
Records: 129043  Duplicates: 0  Warnings: 0

+--------+
| sales  |
+--------+
| 129043 |
+--------+
1 row in set (0.07 sec)

Query OK, 0 rows affected (0.00 sec)

Query OK, 2150 rows affected (0.62 sec)
Records: 2150  Duplicates: 0  Warnings: 0

+-----------+
| saleslist |
+-----------+
|      2150 |
+-----------+
1 row in set (0.00 sec)

Database changed
Query OK, 7 rows affected (0.15 sec)
Records: 7  Deleted: 0  Skipped: 0  Warnings: 0

+------------------+
| dailysinglesales |
+------------------+
|             5052 |
+------------------+
1 row in set (0.03 sec)

Database changed
Query OK, 13 rows affected (0.23 sec)
Records: 13  Deleted: 0  Skipped: 0  Warnings: 0

+-----------------+
| dailyaddonsales |
+-----------------+
|           13723 |
+-----------------+
1 row in set (0.90 sec)

Query OK, 71 rows affected (0.22 sec)
Records: 71  Deleted: 0  Skipped: 0  Warnings: 0

+----------------+
| onlinepayments |
+----------------+
|          35918 |
+----------------+
1 row in set (0.16 sec)

+-------------+----------------+---------------------+
| paymentdate | onlinepayments | onlinepaymentamount |
+-------------+----------------+---------------------+
| 2018-11-09  |             71 |         34766.07000 |
| 2018-11-08  |             55 |         27752.34000 |
| 2018-11-07  |             70 |         40909.85000 |
| 2018-11-06  |             68 |         40173.20000 |
| 2018-11-05  |            103 |         64002.50000 |
+-------------+----------------+---------------------+
5 rows in set (1.96 sec)

+-------------+--------------+----------------+---------------------+
| paymentyear | paymentmonth | onlinepayments | onlinepaymentamount |
+-------------+--------------+----------------+---------------------+
|        2018 |           11 |            812 |        506558.56000 |
|        2018 |           10 |           2674 |       1575052.70000 |
|        2018 |            9 |           2536 |       1488279.08000 |
|        2018 |            8 |           2677 |       1480347.51000 |
|        2018 |            7 |           2521 |       1406138.40000 |
+-------------+--------------+----------------+---------------------+
5 rows in set (0.05 sec)

mysql> 
mysql> mysql \. C:\workspace\cloud\code\sql\_DailyScript\DAILY-SCRIPT-ACTIVENUMBERS.sql
Database changed
Query OK, 1316 rows affected (1.63 sec)
Records: 1316  Deleted: 0  Skipped: 0  Warnings: 0

+------------+----------+
| period     | count(1) |
+------------+----------+
| 2018-11-09 |     1316 |
| 2018-11-08 |     1318 |
| 2018-11-07 |     1320 |
| 2018-11-06 |     1322 |
| 2018-11-05 |     1321 |
+------------+----------+
5 rows in set (0.01 sec)

Query OK, 0 rows affected (0.02 sec)

Query OK, 86 rows affected (1.80 sec)
Records: 86  Duplicates: 0  Warnings: 0

+-------------+
| packagelist |
+-------------+
|          86 |
+-------------+
1 row in set (0.00 sec)

Database changed
Query OK, 0 rows affected (0.02 sec)

Query OK, 0 rows affected (0.00 sec)

Query OK, 0 rows affected (0.00 sec)

Query OK, 0 rows affected (0.00 sec)

Query OK, 26452 rows affected, 267 warnings (2 min 11.08 sec)
Records: 26452  Deleted: 0  Skipped: 0  Warnings: 267

+------------+----------+
| period     | count(1) |
+------------+----------+
| 2018-11-09 |    26452 |
| 2018-11-08 |    26419 |
| 2018-11-07 |    26429 |
| 2018-11-06 |    26329 |
| 2018-11-05 |    26257 |
+------------+----------+
5 rows in set (0.32 sec)

Query OK, 0 rows affected (0.15 sec)

Query OK, 25797 rows affected (2 min 59.22 sec)
Records: 25797  Duplicates: 0  Warnings: 0

Query OK, 0 rows affected (0.48 sec)
Records: 0  Duplicates: 0  Warnings: 0

Query OK, 0 rows affected (0.58 sec)
Records: 0  Duplicates: 0  Warnings: 0

Query OK, 0 rows affected (0.20 sec)
Records: 0  Duplicates: 0  Warnings: 0

Query OK, 0 rows affected (0.28 sec)
Records: 0  Duplicates: 0  Warnings: 0

Query OK, 0 rows affected (0.48 sec)
Records: 0  Duplicates: 0  Warnings: 0

Query OK, 0 rows affected (0.08 sec)
Records: 0  Duplicates: 0  Warnings: 0

+----------+
| count(1) |
+----------+
| 21214299 |
+----------+
1 row in set (1 min 10.09 sec)

Query OK, 25797 rows affected (1 min 0.11 sec)
Records: 25797  Duplicates: 0  Warnings: 0

+----------+
| count(1) |
+----------+
| 21240096 |
+----------+
1 row in set (15.59 sec)

+------------+--------------------------+
| period     | customercontractactivity |
+------------+--------------------------+
| 2018-11-09 |                    25797 |
| 2018-11-08 |                    25764 |
| 2018-11-07 |                    25774 |
| 2018-11-06 |                    25674 |
| 2018-11-05 |                    25603 |
+------------+--------------------------+
5 rows in set (0.07 sec)

Query OK, 0 rows affected (0.05 sec)

Query OK, 191766 rows affected (14 min 47.98 sec)
Records: 191766  Duplicates: 0  Warnings: 0

Query OK, 0 rows affected (0.05 sec)

Query OK, 238 rows affected (0.60 sec)
Records: 238  Duplicates: 0  Warnings: 0

Query OK, 0 rows affected (0.00 sec)

Query OK, 2301 rows affected (0.83 sec)
Records: 2301  Duplicates: 0  Warnings: 0

Query OK, 0 rows affected (0.02 sec)

Query OK, 25790 rows affected (0.82 sec)
Records: 25790  Duplicates: 0  Warnings: 0

Query OK, 0 rows affected (0.15 sec)

Query OK, 16973 rows affected (0.63 sec)
Records: 16973  Duplicates: 0  Warnings: 0

Query OK, 0 rows affected (0.13 sec)

Query OK, 16973 rows affected (0.39 sec)
Records: 16973  Duplicates: 0  Warnings: 0

Query OK, 0 rows affected (0.05 sec)

Query OK, 16973 rows affected (3.67 sec)
Records: 16973  Duplicates: 0  Warnings: 0

Query OK, 0 rows affected (0.04 sec)

Query OK, 16973 rows affected (59.30 sec)
Records: 16973  Duplicates: 0  Warnings: 0

+-------------+
| clientstats |
+-------------+
|       16973 |
+-------------+
1 row in set (0.00 sec)

Query OK, 0 rows affected (0.01 sec)

Query OK, 13 rows affected, 1 warning (0.13 sec)
Records: 13  Duplicates: 0  Warnings: 1

+-----------------------+-------------+-------------+----------------+-----------------+
| services              | activecount | allaccounts | uniqueaccounts | uniquecontracts |
+-----------------------+-------------+-------------+----------------+-----------------+
| All                   |          77 |          17 |             17 |              53 |
| Internet & Voice      |         473 |         220 |            220 |             434 |
| Internet Only         |        4114 |        3978 |           3972 |            4054 |
| OTT Only              |           2 |           2 |              2 |               2 |
| TV & Internet         |        8767 |        3821 |           3817 |            7785 |
| TV & Internet & OTT   |        1145 |         333 |            333 |             675 |
| TV & Internet & Voice |         601 |         169 |            169 |             523 |
| TV & OTT              |          78 |          22 |             22 |              23 |
| TV & Voice            |         133 |          55 |             55 |             111 |
| TV & Voice & OTT      |          15 |           2 |              2 |               6 |
| TV Only               |       10893 |        8126 |           8115 |            8332 |
| Voice Only            |         228 |         228 |            228 |             228 |
| GRAND TOTAL           |       26526 |       16973 |          16910 |           22226 |
+-----------------------+-------------+-------------+----------------+-----------------+
13 rows in set (0.00 sec)

+-------------+-------------+-------------+----------------+-----------------+
| network     | activecount | allaccounts | uniqueaccounts | uniquecontracts |
+-------------+-------------+-------------+----------------+-----------------+
| ADDON       |          11 |           7 |              7 |               7 |
| GPON        |        5867 |        3062 |           3062 |            4544 |
| HFC         |       20648 |       13904 |          13904 |           17675 |
| GRAND TOTAL |       26526 |       16973 |          16910 |           22226 |
+-------------+-------------+-------------+----------------+-----------------+
4 rows in set, 1 warning (0.13 sec)

+-------------+-----------------------+-------------+-------------+----------------+-----------------+
| network     | services              | activecount | allaccounts | uniqueaccounts | uniquecontracts |
+-------------+-----------------------+-------------+-------------+----------------+-----------------+
| ADDON       | OTT Only              |           2 |           2 |              2 |               2 |
| ADDON       | TV & OTT              |           4 |           1 |              1 |               1 |
| ADDON       | TV Only               |           5 |           4 |              4 |               4 |
| ADDON       | Services Total        |          11 |           7 |              7 |               7 |
| GPON        | All                   |          14 |           3 |              3 |              10 |
| GPON        | Internet & Voice      |          51 |          20 |             20 |              41 |
| GPON        | Internet Only         |         779 |         701 |            701 |             720 |
| GPON        | TV & Internet         |        2660 |        1086 |           1086 |            2243 |
| GPON        | TV & Internet & OTT   |         487 |         132 |            132 |             271 |
| GPON        | TV & Internet & Voice |         130 |          36 |             36 |             110 |
| GPON        | TV & OTT              |          45 |          11 |             11 |              12 |
| GPON        | TV & Voice            |          55 |          22 |             22 |              45 |
| GPON        | TV & Voice & OTT      |           4 |           1 |              1 |               3 |
| GPON        | TV Only               |        1627 |        1035 |           1035 |            1074 |
| GPON        | Voice Only            |          15 |          15 |             15 |              15 |
| GPON        | Services Total        |        5867 |        3062 |           3062 |            4544 |
| HFC         | All                   |          63 |          14 |             14 |              43 |
| HFC         | Internet & Voice      |         422 |         200 |            200 |             393 |
| HFC         | Internet Only         |        3335 |        3277 |           3277 |            3334 |
| HFC         | TV & Internet         |        6107 |        2735 |           2735 |            5542 |
| HFC         | TV & Internet & OTT   |         658 |         201 |            201 |             404 |
| HFC         | TV & Internet & Voice |         471 |         133 |            133 |             413 |
| HFC         | TV & OTT              |          29 |          10 |             10 |              10 |
| HFC         | TV & Voice            |          78 |          33 |             33 |              66 |
| HFC         | TV & Voice & OTT      |          11 |           1 |              1 |               3 |
| HFC         | TV Only               |        9261 |        7087 |           7087 |            7254 |
| HFC         | Voice Only            |         213 |         213 |            213 |             213 |
| HFC         | Services Total        |       20648 |       13904 |          13904 |           17675 |
| GRAND TOTAL | Services Total        |       26526 |       16973 |          16910 |           22226 |
+-------------+-----------------------+-------------+-------------+----------------+-----------------+
29 rows in set, 2 warnings (0.15 sec)

Query OK, 0 rows affected (0.00 sec)

Query OK, 45 rows affected, 3 warnings (0.50 sec)
Records: 45  Duplicates: 0  Warnings: 3

+-------------+---------------+-----------------------+-------------+-------------+----------------+-----------------+
| region      | network       | services              | activecount | allaccounts | uniqueaccounts | uniquecontracts |
+-------------+---------------+-----------------------+-------------+-------------+----------------+-----------------+
| Mahe        | ADDON         | OTT Only              |           2 |           2 |              2 |               2 |
| Mahe        | ADDON         | TV & OTT              |           4 |           1 |              1 |               1 |
| Mahe        | ADDON         | TV Only               |           4 |           3 |              3 |               3 |
| Mahe        | ADDON         | Services Total        |          10 |           6 |              6 |               6 |
| Mahe        | GPON          | All                   |          14 |           3 |              3 |              10 |
| Mahe        | GPON          | Internet & Voice      |          41 |          15 |             15 |              31 |
| Mahe        | GPON          | Internet Only         |         580 |         502 |            502 |             521 |
| Mahe        | GPON          | TV & Internet         |        1734 |         698 |            698 |            1433 |
| Mahe        | GPON          | TV & Internet & OTT   |         280 |          75 |             75 |             152 |
| Mahe        | GPON          | TV & Internet & Voice |         107 |          29 |             29 |              87 |
| Mahe        | GPON          | TV & OTT              |          30 |           6 |              6 |               7 |
| Mahe        | GPON          | TV & Voice            |          52 |          21 |             21 |              43 |
| Mahe        | GPON          | TV Only               |        1152 |         695 |            695 |             714 |
| Mahe        | GPON          | Voice Only            |          11 |          11 |             11 |              11 |
| Mahe        | GPON          | Services Total        |        4001 |        2055 |           2055 |            3009 |
| Mahe        | HFC           | All                   |          63 |          14 |             14 |              43 |
| Mahe        | HFC           | Internet & Voice      |         422 |         200 |            200 |             393 |
| Mahe        | HFC           | Internet Only         |        3335 |        3277 |           3277 |            3334 |
| Mahe        | HFC           | TV & Internet         |        6107 |        2735 |           2735 |            5542 |
| Mahe        | HFC           | TV & Internet & OTT   |         658 |         201 |            201 |             404 |
| Mahe        | HFC           | TV & Internet & Voice |         471 |         133 |            133 |             413 |
| Mahe        | HFC           | TV & OTT              |          29 |          10 |             10 |              10 |
| Mahe        | HFC           | TV & Voice            |          78 |          33 |             33 |              66 |
| Mahe        | HFC           | TV & Voice & OTT      |          11 |           1 |              1 |               3 |
| Mahe        | HFC           | TV Only               |        9259 |        7086 |           7086 |            7253 |
| Mahe        | HFC           | Voice Only            |         213 |         213 |            213 |             213 |
| Mahe        | HFC           | Services Total        |       20646 |       13903 |          13903 |           17674 |
| Mahe        | Network Total | Services Total        |       24657 |       15964 |          15902 |           20689 |
| Praslin     | ADDON         | TV Only               |           1 |           1 |              1 |               1 |
| Praslin     | ADDON         | Services Total        |           1 |           1 |              1 |               1 |
| Praslin     | GPON          | Internet & Voice      |          10 |           5 |              5 |              10 |
| Praslin     | GPON          | Internet Only         |         199 |         199 |            199 |             199 |
| Praslin     | GPON          | TV & Internet         |         926 |         388 |            388 |             810 |
| Praslin     | GPON          | TV & Internet & OTT   |         207 |          57 |             57 |             119 |
| Praslin     | GPON          | TV & Internet & Voice |          23 |           7 |              7 |              23 |
| Praslin     | GPON          | TV & OTT              |          15 |           5 |              5 |               5 |
| Praslin     | GPON          | TV & Voice            |           3 |           1 |              1 |               2 |
| Praslin     | GPON          | TV & Voice & OTT      |           4 |           1 |              1 |               3 |
| Praslin     | GPON          | TV Only               |         475 |         340 |            340 |             360 |
| Praslin     | GPON          | Voice Only            |           4 |           4 |              4 |               4 |
| Praslin     | GPON          | Services Total        |        1866 |        1007 |           1007 |            1535 |
| Praslin     | HFC           | TV Only               |           2 |           1 |              1 |               1 |
| Praslin     | HFC           | Services Total        |           2 |           1 |              1 |               1 |
| Praslin     | Network Total | Services Total        |        1869 |        1009 |           1008 |            1537 |
| GRAND TOTAL | Network Total | Services Total        |       26526 |       16973 |          16910 |           22226 |
+-------------+---------------+-----------------------+-------------+-------------+----------------+-----------------+
45 rows in set (0.00 sec)

Query OK, 0 rows affected (0.00 sec)

Query OK, 25790 rows affected (1.29 sec)
Records: 25790  Duplicates: 0  Warnings: 0

Query OK, 0 rows affected (0.04 sec)

Query OK, 1562 rows affected (5.31 sec)
Records: 1562  Duplicates: 0  Warnings: 0

Query OK, 70 rows affected (2 min 41.42 sec)

Query OK, 0 rows affected (0.00 sec)

Query OK, 411 rows affected (20 min 35.55 sec)
Records: 411  Duplicates: 0  Warnings: 0

+---------------------------+
| retentioncustomeractivity |
+---------------------------+
|                       411 |
+---------------------------+
1 row in set (0.00 sec)

mysql> 
mysql> 
mysql> mysql \. C:\workspace\cloud\code\sql\_DailyScript\reports-sales-addons-prepaid-camera.sql
Database changed
Query OK, 0 rows affected (0.05 sec)

Query OK, 3081 rows affected (0.62 sec)
Records: 3081  Duplicates: 0  Warnings: 0

Query OK, 0 rows affected (0.12 sec)

Query OK, 13732 rows affected (1 min 13.30 sec)
Records: 13732  Duplicates: 0  Warnings: 0

+--------------------+
| rep_prepaid_camera |
+--------------------+
|               3081 |
+--------------------+
1 row in set (0.02 sec)

+-----------+
| rep_addon |
+-----------+
|     13732 |
+-----------+
1 row in set (0.01 sec)

mysql> mysql \. C:\workspace\cloud\code\sql\_DailyScript\housing-estate-analysis.sql
Database changed
Query OK, 0 rows affected (0.02 sec)

Query OK, 2682 rows affected (1 min 29.83 sec)
Records: 2682  Duplicates: 0  Warnings: 0

+--------------------+
| rep_housingestates |
+--------------------+
|               2682 |
+--------------------+
1 row in set (0.00 sec)

mysql> 
mysql> mysql \. C:\workspace\cloud\code\sql\_DailyScript\RCB_ClientAnalyticsReport_Script.sql
Database changed
Query OK, 0 rows affected (0.01 sec)

Query OK, 0 rows affected (0.20 sec)

Query OK, 1558901 rows affected (3 min 26.49 sec)
Records: 1558901  Duplicates: 0  Warnings: 0

Query OK, 0 rows affected (6.88 sec)
Records: 0  Duplicates: 0  Warnings: 0

Query OK, 0 rows affected (6.21 sec)
Records: 0  Duplicates: 0  Warnings: 0

Query OK, 0 rows affected (14.32 sec)
Records: 0  Duplicates: 0  Warnings: 0

Query OK, 0 rows affected (11.82 sec)
Records: 0  Duplicates: 0  Warnings: 0

Query OK, 0 rows affected (11.35 sec)
Records: 0  Duplicates: 0  Warnings: 0

Query OK, 0 rows affected (9.62 sec)
Records: 0  Duplicates: 0  Warnings: 0

Query OK, 0 rows affected (0.00 sec)

Query OK, 415249 rows affected (24.49 sec)
Rows matched: 1558901  Changed: 415249  Warnings: 0

Query OK, 0 rows affected (0.02 sec)

Query OK, 26723 rows affected (5.89 sec)
Records: 26723  Duplicates: 0  Warnings: 0

Query OK, 0 rows affected (0.02 sec)

Query OK, 41328 rows affected (12 min 17.01 sec)
Records: 41328  Duplicates: 0  Warnings: 0

Query OK, 0 rows affected (0.83 sec)
Records: 0  Duplicates: 0  Warnings: 0

Query OK, 0 rows affected (0.22 sec)
Records: 0  Duplicates: 0  Warnings: 0

Query OK, 0 rows affected (0.16 sec)
Records: 0  Duplicates: 0  Warnings: 0

Query OK, 0 rows affected (0.12 sec)

Query OK, 392722 rows affected (14 min 5.61 sec)
Records: 392722  Duplicates: 0  Warnings: 0

Query OK, 0 rows affected (2.81 sec)
Records: 0  Duplicates: 0  Warnings: 0

Query OK, 0 rows affected (1.93 sec)
Records: 0  Duplicates: 0  Warnings: 0

Query OK, 0 rows affected (1.99 sec)
Records: 0  Duplicates: 0  Warnings: 0

Query OK, 0 rows affected (2.78 sec)
Records: 0  Duplicates: 0  Warnings: 0

Query OK, 0 rows affected (2.00 sec)
Records: 0  Duplicates: 0  Warnings: 0

Query OK, 0 rows affected (0.05 sec)

Query OK, 41328 rows affected (1 min 35.95 sec)
Records: 41328  Duplicates: 0  Warnings: 0

+--------------+
| clientreport |
+--------------+
|        41328 |
+--------------+
1 row in set (0.04 sec)

Query OK, 0 rows affected (0.79 sec)

Query OK, 41328 rows affected (12.18 sec)
Records: 41328  Duplicates: 0  Warnings: 0

+----------------------+
| clientextendedreport |
+----------------------+
|                41328 |
+----------------------+
1 row in set (0.01 sec)

Query OK, 0 rows affected (0.46 sec)

Query OK, 41328 rows affected (1 min 3.95 sec)
Records: 41328  Duplicates: 0  Warnings: 0

+---------+
| allcust |
+---------+
|   41328 |
+---------+
1 row in set (0.03 sec)

Query OK, 0 rows affected, 1 warning (0.00 sec)

Query OK, 5000 rows affected (1.13 sec)
Records: 5000  Duplicates: 0  Warnings: 0

Query OK, 0 rows affected (0.05 sec)

Query OK, 7066 rows affected (2.49 sec)
Records: 7066  Duplicates: 0  Warnings: 0

Query OK, 0 rows affected, 1 warning (0.00 sec)

Query OK, 5000 rows affected (0.24 sec)
Records: 5000  Duplicates: 0  Warnings: 0

Query OK, 0 rows affected (0.02 sec)

Query OK, 7405 rows affected (0.89 sec)
Records: 7405  Duplicates: 0  Warnings: 0

mysql> mysql \. C:\workspace\cloud\code\sql\_DailyScript\REVENUE_PER_NODE_MXK.sql
Query OK, 0 rows affected, 1 warning (0.00 sec)

Query OK, 4709 rows affected (5 min 10.22 sec)
Records: 4709  Duplicates: 0  Warnings: 0

Query OK, 0 rows affected, 1 warning (0.00 sec)

Query OK, 4685 rows affected (7 min 22.45 sec)
Records: 4685  Duplicates: 0  Warnings: 0

Query OK, 0 rows affected (0.00 sec)

Query OK, 4997 rows affected (0.33 sec)
Records: 4997  Duplicates: 0  Warnings: 0

Query OK, 0 rows affected (0.00 sec)

Query OK, 0 rows affected (0.00 sec)

Query OK, 0 rows affected, 1 warning (0.00 sec)

Query OK, 36890 rows affected (6 min 3.99 sec)
Records: 36890  Duplicates: 0  Warnings: 0

Query OK, 0 rows affected, 1 warning (0.00 sec)

Query OK, 26062 rows affected (4 min 18.34 sec)
Records: 26062  Duplicates: 0  Warnings: 0

Query OK, 0 rows affected (0.06 sec)

Query OK, 18892 rows affected (1.69 sec)
Records: 18892  Duplicates: 0  Warnings: 0

Query OK, 0 rows affected (0.00 sec)

Query OK, 0 rows affected (0.01 sec)

Query OK, 0 rows affected (0.17 sec)

Query OK, 23889 rows affected (2.57 sec)
Records: 23889  Duplicates: 0  Warnings: 0

Query OK, 0 rows affected (0.04 sec)

Query OK, 414000 rows affected (1 min 11.08 sec)
Records: 414000  Duplicates: 0  Warnings: 0

Query OK, 0 rows affected (0.01 sec)

Query OK, 7709 rows affected (2.30 sec)
Rows matched: 7709  Changed: 7709  Warnings: 0

Query OK, 0 rows affected (0.20 sec)

Query OK, 1488257 rows affected (6 min 13.58 sec)
Records: 1488257  Duplicates: 0  Warnings: 0

Query OK, 0 rows affected (0.35 sec)

Query OK, 1716203 rows affected (5 min 2.89 sec)
Records: 1716203  Duplicates: 0  Warnings: 0

Query OK, 0 rows affected (0.19 sec)

Query OK, 64033 rows affected (14.85 sec)
Records: 64033  Duplicates: 0  Warnings: 0

Query OK, 0 rows affected (0.05 sec)

Query OK, 20989 rows affected (11.69 sec)
Records: 20989  Duplicates: 0  Warnings: 0

Query OK, 0 rows affected (0.02 sec)

Query OK, 41328 rows affected (4.39 sec)
Records: 41328  Duplicates: 0  Warnings: 0

Query OK, 0 rows affected, 1 warning (0.01 sec)

Query OK, 386997 rows affected (1 min 14.84 sec)
Records: 386997  Duplicates: 0  Warnings: 0

Query OK, 0 rows affected, 1 warning (0.00 sec)

Query OK, 64033 rows affected (10.65 sec)
Records: 64033  Duplicates: 0  Warnings: 0

Query OK, 0 rows affected (0.12 sec)

Query OK, 389066 rows affected (37.36 sec)
Records: 389066  Duplicates: 0  Warnings: 0

Query OK, 0 rows affected (0.04 sec)

Query OK, 41425 rows affected (16.84 sec)
Records: 41425  Duplicates: 0  Warnings: 0

Query OK, 0 rows affected (0.00 sec)

Query OK, 0 rows affected (0.02 sec)

+-----------+------------------------------------+------------+-------------+-----------------+------------------+---------------------+-------------------+
| HFC_NODE  | NODENAME                           | CMTS_DATE  | REPORT_DATE | UNIQUE_ACCOUNTS | UNIQUE_CONTRACTS | UNIQUE_MAC_INRCBOSS | UNIQUE_MAC_INCMTS |
+-----------+------------------------------------+------------+-------------+-----------------+------------------+---------------------+-------------------+
| NULL      | NULL                               | NULL       | 2018-11-10  |            9744 |            10339 |               10479 |                 0 |
| C5/0/0/U0 | ANSE-BOILEAU-2                     | 2018-10-13 | 2018-11-10  |             118 |              121 |                 118 |               119 |
| C5/0/0/U1 | 500-C3-ANSE-BOILEAU                | 2018-10-13 | 2018-11-10  |             209 |              218 |                 208 |               208 |
| C5/0/1/U0 | 501-C4-LA-MISIERE-LEFT-I           | 2018-10-13 | 2018-11-10  |             195 |              206 |                 194 |               196 |
| C5/0/1/U1 | 501-C5-LA-MISIERE-RIGHT            | 2018-10-13 | 2018-11-10  |             102 |              107 |                 102 |               102 |
| C5/0/1/U2 | 501-C7-LA-MISIERE-LEFT-II          | 2018-10-13 | 2018-11-10  |             104 |              106 |                 104 |               106 |
| C5/0/2/U0 | 502-C8-LA-LOUISE                   | 2018-10-13 | 2018-11-10  |             153 |              153 |                 153 |               154 |
| C5/0/2/U1 | LA-LOUISE-2                        | 2018-10-13 | 2018-11-10  |             129 |              135 |                 129 |               130 |
| C5/0/3/U0 | 504-C6-PETIT-PARIS                 | 2018-10-13 | 2018-11-10  |             133 |              136 |                 133 |               136 |
| C5/0/3/U1 | PETIT-PARIS-23                     | 2018-10-13 | 2018-11-10  |              91 |               93 |                  91 |                93 |
| C5/1/0/U0 | POINTE-LARUE-AIRPORT-23            | 2018-10-13 | 2018-11-10  |             118 |              127 |                 120 |               122 |
| C5/1/0/U1 | PPROVIDENCE-23                     | 2018-10-13 | 2018-11-10  |              28 |               33 |                  29 |                29 |
| C5/1/0/U2 | ROSHE-CAIMAN-23                    | 2018-10-13 | 2018-11-10  |              10 |               11 |                  10 |                11 |
| C5/1/0/U3 | HEAD-OFFICE | HO-23                | 2018-10-13 | 2018-11-10  |              19 |               19 |                  21 |                22 |
| C5/1/1/U1 | C5-UNION-VALE                      | 2018-10-13 | 2018-11-10  |             184 |              191 |                 184 |               188 |
| C5/1/2/U0 | FOUR-SEASONS                       | 2018-10-13 | 2018-11-10  |               6 |               24 |                  24 |                24 |
| C5/1/2/U1 | C10-ANCHOR CAFE                    | 2018-10-13 | 2018-11-10  |             188 |              193 |                 188 |               191 |
| C5/1/2/U2 | ANCHOR-CAFE-23                     | 2018-10-13 | 2018-11-10  |             114 |              119 |                 113 |               116 |
| C5/1/3/U0 | POINTE-LARUE-AIRPORT-27            | 2018-10-13 | 2018-11-10  |             126 |              129 |                 126 |               127 |
| C5/1/3/U1 | PPROVIDENCE-27                     | 2018-10-13 | 2018-11-10  |              34 |               34 |                  34 |                34 |
| C5/1/3/U2 | ROSHE-CAIMAN-27                    | 2018-10-13 | 2018-11-10  |              20 |               20 |                  20 |                20 |
| C5/1/3/U3 | HEAD-OFFICE | HO-27                | 2018-10-13 | 2018-11-10  |              21 |               23 |                  21 |                22 |
| C5/1/4/U0 | ANSE-ROYALE-27                     | 2018-10-13 | 2018-11-10  |             187 |              198 |                 188 |               192 |
| C5/1/4/U1 | GLACIS-2-57                        | 2018-10-13 | 2018-11-10  |             154 |              164 |                 154 |               155 |
| C5/1/4/U3 | GLACIS-1                           | 2018-10-13 | 2018-11-10  |              54 |               56 |                  54 |                55 |
| C6/0/1/U0 | SERRET-ROAD-RIGHT/CURIO/PASCAL     | 2018-10-13 | 2018-11-10  |             112 |              115 |                 112 |               117 |
| C6/0/1/U1 | SERRET-ROAD-LEFT/ST.LOUIS/TOWN     | 2018-10-13 | 2018-11-10  |             162 |              170 |                 162 |               162 |
| C6/0/1/U2 | SERRET-ROAD-RIGHT/CURIO/PASCAL-2   | 2018-10-13 | 2018-11-10  |             144 |              148 |                 144 |               145 |
| C6/0/1/U3 | SERRET-ROAD-LEFT/ST.LOUIS/TOWN-2   | 2018-10-13 | 2018-11-10  |             136 |              142 |                 136 |               140 |
| C6/0/2/U0 | SANS-SOUCIS-I                      | 2018-10-13 | 2018-11-10  |             105 |              107 |                 105 |               106 |
| C6/0/2/U1 | SANS-SOUCIS-II                     | 2018-10-13 | 2018-11-10  |             124 |              132 |                 123 |               124 |
| C6/0/2/U2 | BEL-AIR-27                         | 2018-10-13 | 2018-11-10  |             108 |              111 |                 108 |               108 |
| C6/0/2/U3 | BEL-AIR-38                         | 2018-10-13 | 2018-11-10  |             108 |              115 |                 108 |               108 |
| C6/0/3/U0 | LES-MAMELLES-23                    | 2018-10-13 | 2018-11-10  |              63 |               64 |                  63 |                65 |
| C6/0/3/U1 | VICTORIA-23                        | 2018-10-13 | 2018-11-10  |              34 |               35 |                  34 |                34 |
| C6/0/4/U0 | LES-MAMELLES-27                    | 2018-10-13 | 2018-11-10  |              85 |               87 |                  85 |                86 |
| C6/0/4/U1 | VICTORIA-27                        | 2018-10-13 | 2018-11-10  |              39 |               45 |                  40 |                43 |
| C7/1/0/U0 | LA-RETRAITE-23                     | 2018-10-13 | 2018-11-10  |             124 |              129 |                 124 |               126 |
| C7/1/0/U1 | TEA-FACTORY-23                     | 2018-10-13 | 2018-11-10  |              33 |               40 |                  36 |                36 |
| C7/1/0/U2 | PAS-23                             | 2018-10-13 | 2018-11-10  |             122 |              129 |                 124 |               125 |
| C7/1/1/U0 | REEF-ESTATE-23                     | 2018-10-13 | 2018-11-10  |              85 |               88 |                  85 |                86 |
| C7/1/1/U1 | BEL-OMBRE-NEW-23                   | 2018-10-13 | 2018-11-10  |              46 |               55 |                  51 |                52 |
| C7/1/2/U0 | LA-RETRAITE-27                     | 2018-10-13 | 2018-11-10  |             118 |              128 |                 118 |               118 |
| C7/1/2/U1 | TEA-FACTORY-27                     | 2018-10-13 | 2018-11-10  |              12 |               15 |                  12 |                12 |
| C7/1/2/U2 | PAS-27                             | 2018-10-13 | 2018-11-10  |              89 |               96 |                  89 |                89 |
| C7/1/3/U0 | MT-BUXTON-27                       | 2018-10-13 | 2018-11-10  |             136 |              141 |                 135 |               139 |
| C7/1/3/U1 | MT-BUXTON-23                       | 2018-10-13 | 2018-11-10  |              84 |               86 |                  84 |                84 |
| C7/1/4/U0 | REEF-ESTATE-27                     | 2018-10-13 | 2018-11-10  |              74 |               75 |                  74 |                74 |
| C7/1/4/U1 | BEL-OMBRE-NEW-27                   | 2018-10-13 | 2018-11-10  |              50 |               51 |                  50 |                50 |
| C8/0/0/U0 | POLICE-ACADEMY-1-27 - POINTE LARUE | 2018-10-13 | 2018-11-10  |             358 |              370 |                 358 |               364 |
| C8/0/1/U1 | POLICE-ACADEMY-2-27 - TURTLE BAY   | 2018-10-13 | 2018-11-10  |             261 |              274 |                 263 |               265 |
| C8/0/2/U0 | BEAU-VALLON-LEFT-1-57              | 2018-10-13 | 2018-11-10  |             169 |              176 |                 168 |               169 |
| C8/0/3/U1 | BEAU-VALLON-RIGHT-2-57             | 2018-10-13 | 2018-11-10  |             220 |              230 |                 219 |               222 |
| C8/1/0/U0 | MA-JOIE-NODE-27                    | 2018-10-13 | 2018-11-10  |             136 |              141 |                 136 |               138 |
| C8/1/0/U1 | BELONIE-27                         | 2018-10-13 | 2018-11-10  |             144 |              149 |                 143 |               143 |
| C8/1/0/U3 | MA-JOIE-NODE-23                    | 2018-10-13 | 2018-11-10  |             103 |              105 |                 103 |               106 |
| C8/1/1/U0 | 611-C1-ROJN I                      | 2018-10-13 | 2018-11-10  |             170 |              177 |                 170 |               174 |
| C8/1/1/U1 | 611-C5-ROJN II                     | 2018-10-13 | 2018-11-10  |              77 |               81 |                  77 |                77 |
| C8/1/2/U0 | 612-C2-ANSE-ETOILE                 | 2018-10-13 | 2018-11-10  |             181 |              188 |                 180 |               180 |
| C8/1/2/U1 | ANSE-ETOILE-U2                     | 2018-10-13 | 2018-11-10  |              98 |              101 |                  97 |                99 |
| C8/1/3/U0 | 613-C3-ANSE-GAULETTE I             | 2018-10-13 | 2018-11-10  |              63 |               67 |                  63 |                63 |
| C8/1/3/U1 | 613-C7-ANSE-GAULETTE II            | 2018-10-13 | 2018-11-10  |              70 |               78 |                  70 |                70 |
| C8/1/3/U2 | NULL                               | 2018-10-13 | 2018-11-10  |              40 |               45 |                  40 |                40 |
| C8/1/3/U3 | NULL                               | 2018-10-13 | 2018-11-10  |             101 |              102 |                 101 |               102 |
| C8/1/3/U4 | NULL                               | 2018-10-13 | 2018-11-10  |              84 |               86 |                  84 |                86 |
| C8/1/4/U0 | 614-BEOLIERE-NODE-1                | 2018-10-13 | 2018-11-10  |             125 |              132 |                 125 |               126 |
| C8/1/4/U1 | 614-BEOLIERE-NODE-2                | 2018-10-13 | 2018-11-10  |              99 |              105 |                  99 |                99 |
+-----------+------------------------------------+------------+-------------+-----------------+------------------+---------------------+-------------------+
67 rows in set (0.43 sec)

+------------------+------------+-------------+-----------------+------------------+----------------------+-------------------+
| MXK_NAME         | MXK_DATE   | REPORT_DATE | UNIQUE_ACCOUNTS | UNIQUE_CONTRACTS | UNIQUE_FSAN_INRCBOSS | UNIQUE_FSAN_INMXK |
+------------------+------------+-------------+-----------------+------------------+----------------------+-------------------+
| NULL             | NULL       | 2018-11-10  |             289 |              296 |                  290 |                 0 |
| MXK-ANSEETOILE   | 2018-10-13 | 2018-11-10  |              52 |               53 |                   53 |                54 |
| MXK-ANSEROYALE   | 2018-10-13 | 2018-11-10  |             108 |              109 |                  109 |               113 |
| MXK-BEAUVALLON   | 2018-10-13 | 2018-11-10  |             724 |              736 |                  733 |               754 |
| MXK-MAHE         | 2018-10-13 | 2018-11-10  |             816 |              847 |                  811 |               907 |
| MXK-PERSEVERANCE | 2018-10-13 | 2018-11-10  |             995 |             1013 |                 1010 |              1042 |
| MXK-PRASLIN      | 2018-10-13 | 2018-11-10  |            1319 |             1338 |                 1330 |              1413 |
+------------------+------------+-------------+-----------------+------------------+----------------------+-------------------+
7 rows in set (0.28 sec)

mysql> 
mysql> mysql \. C:\workspace\cloud\code\sql\_DailyScript\sales-to-activenumber.sql
Database changed
Query OK, 0 rows affected (0.02 sec)

Query OK, 11418 rows affected (31 min 0.99 sec)
Records: 11418  Duplicates: 0  Warnings: 0

Query OK, 0 rows affected (0.20 sec)

Query OK, 36320 rows affected (26 min 27.11 sec)
Records: 36320  Duplicates: 0  Warnings: 0

mysql> 
mysql> exit
