    -> 
    -> mysql \. C:\workspace\cloud\code\sql\_DailyScript\_setdates.sql
Database changed
Query OK, 0 rows affected (0.00 sec)

Query OK, 0 rows affected (0.00 sec)

Query OK, 0 rows affected (0.00 sec)

Query OK, 0 rows affected (0.00 sec)

Query OK, 0 rows affected (0.00 sec)

Query OK, 0 rows affected (0.00 sec)

Query OK, 0 rows affected (0.00 sec)

Query OK, 0 rows affected (0.00 sec)

mysql> 
mysql> mysql \. C:\workspace\cloud\code\sql\_DailyScript\load_RCB_VODTITLES.sql
Database changed
Query OK, 0 rows affected (0.00 sec)

Query OK, 2308 rows affected (0.40 sec)

Query OK, 2310 rows affected, 2310 warnings (0.07 sec)
Records: 2310  Deleted: 0  Skipped: 0  Warnings: 2310

Query OK, 0 rows affected (0.00 sec)

Query OK, 2 rows affected (0.00 sec)

+-----------+
| VODTITLES |
+-----------+
|      2769 |
+-----------+
1 row in set (0.00 sec)

+-----------+-----------+
| titletype | typecount |
+-----------+-----------+
| E         |      1498 |
| T         |       810 |
| NULL      |      2308 |
+-----------+-----------+
3 rows in set (0.00 sec)

mysql> 
mysql> mysql \. C:\workspace\cloud\code\sql\_DailyScript\DAILY-SCRIPT-LIVETV-STATS.sql
Database changed
Query OK, 0 rows affected (0.24 sec)

Query OK, 67696 rows affected (12 min 53.33 sec)
Records: 67696  Duplicates: 0  Warnings: 0

+------------+------------+----------+--------------+--------------+-----------+-------------+----------+--------+------+------------+---------+---------------+
| Table      | Non_unique | Key_name | Seq_in_index | Column_name  | Collation | Cardinality | Sub_part | Packed | Null | Index_type | Comment | Index_comment |
+------------+------------+----------+--------------+--------------+-----------+-------------+----------+--------+------+------------+---------+---------------+
| templivetv |          1 | idxtv1   |            1 | device       | A         |       67715 |     NULL | NULL   | YES  | BTREE      |         |               |
| templivetv |          1 | idxtv2   |            1 | sessionstart | A         |       67715 |     NULL | NULL   | YES  | BTREE      |         |               |
+------------+------------+----------+--------------+--------------+-----------+-------------+----------+--------+------+------------+---------+---------------+
2 rows in set (0.03 sec)

Query OK, 67308 rows affected (1 min 23.24 sec)
Records: 67308  Duplicates: 0  Warnings: 0

Query OK, 2700 rows affected (2.07 sec)
Records: 2700  Duplicates: 0  Warnings: 0

Query OK, 0 rows affected (0.00 sec)

Query OK, 0 rows affected (0.00 sec)

Query OK, 137 rows affected (0.93 sec)
Records: 137  Duplicates: 0  Warnings: 0

Query OK, 0 rows affected (0.10 sec)

Query OK, 50374 rows affected (8 min 0.00 sec)
Records: 50374  Duplicates: 0  Warnings: 0

+-----------------+
| rep_livetvstats |
+-----------------+
|           50374 |
+-----------------+
1 row in set (0.02 sec)

mysql> mysql \. C:\workspace\cloud\code\sql\_DailyScript\DAILY-SCRIPT-VODTS-STATS.sql
Database changed
Query OK, 0 rows affected (0.05 sec)

Query OK, 2505 rows affected (27.75 sec)
Records: 2505  Duplicates: 0  Warnings: 0

+---------+------------+----------+--------------+--------------+-----------+-------------+----------+--------+------+------------+---------+---------------+
| Table   | Non_unique | Key_name | Seq_in_index | Column_name  | Collation | Cardinality | Sub_part | Packed | Null | Index_type | Comment | Index_comment |
+---------+------------+----------+--------------+--------------+-----------+-------------+----------+--------+------+------------+---------+---------------+
| tempvod |          1 | idxtvod1 |            1 | device       | A         |        1579 |     NULL | NULL   | YES  | BTREE      |         |               |
| tempvod |          1 | idxtvod2 |            1 | sessionstart | A         |        1579 |     NULL | NULL   | YES  | BTREE      |         |               |
+---------+------------+----------+--------------+--------------+-----------+-------------+----------+--------+------+------------+---------+---------------+
2 rows in set (0.00 sec)

Query OK, 2480 rows affected (1.99 sec)
Records: 2480  Duplicates: 0  Warnings: 0

Query OK, 0 rows affected (0.02 sec)

Query OK, 113512 rows affected (12.52 sec)
Records: 113512  Duplicates: 0  Warnings: 0

+--------------+
| rep_vodstats |
+--------------+
|       113512 |
+--------------+
1 row in set (0.05 sec)

Database changed
Query OK, 0 rows affected (0.18 sec)

Query OK, 11641 rows affected (4 min 14.33 sec)
Records: 11641  Duplicates: 0  Warnings: 0

+--------+------------+----------+--------------+--------------+-----------+-------------+----------+--------+------+------------+---------+---------------+
| Table  | Non_unique | Key_name | Seq_in_index | Column_name  | Collation | Cardinality | Sub_part | Packed | Null | Index_type | Comment | Index_comment |
+--------+------------+----------+--------------+--------------+-----------+-------------+----------+--------+------+------------+---------+---------------+
| tempts |          1 | idxtts1  |            1 | device       | A         |       11754 |     NULL | NULL   | YES  | BTREE      |         |               |
| tempts |          1 | idxtts2  |            1 | sessionstart | A         |       11754 |     NULL | NULL   | YES  | BTREE      |         |               |
+--------+------------+----------+--------------+--------------+-----------+-------------+----------+--------+------+------------+---------+---------------+
2 rows in set (0.00 sec)

Query OK, 11550 rows affected (13.16 sec)
Records: 11550  Duplicates: 0  Warnings: 0

Query OK, 0 rows affected (0.04 sec)

Query OK, 14330 rows affected (3 min 0.67 sec)
Records: 14330  Duplicates: 0  Warnings: 0

+-------------+
| rep_tsstats |
+-------------+
|       14330 |
+-------------+
1 row in set (0.00 sec)

mysql> mysql \. C:\workspace\cloud\code\sql\_DailyScript\DAILY-SCRIPT-RADIO-STATS.sql
Database changed
Query OK, 0 rows affected (0.20 sec)

Query OK, 110270 rows affected (4.64 sec)
Records: 110270  Duplicates: 0  Warnings: 0

+-----------+------------+----------+--------------+--------------+-----------+-------------+----------+--------+------+------------+---------+---------------+
| Table     | Non_unique | Key_name | Seq_in_index | Column_name  | Collation | Cardinality | Sub_part | Packed | Null | Index_type | Comment | Index_comment |
+-----------+------------+----------+--------------+--------------+-----------+-------------+----------+--------+------+------------+---------+---------------+
| tempradio |          1 | idxtrad1 |            1 | device       | A         |      110485 |     NULL | NULL   | YES  | BTREE      |         |               |
| tempradio |          1 | idxtrad2 |            1 | sessionstart | A         |      110485 |     NULL | NULL   | YES  | BTREE      |         |               |
+-----------+------------+----------+--------------+--------------+-----------+-------------+----------+--------+------+------------+---------+---------------+
2 rows in set (0.00 sec)

Query OK, 321 rows affected (3.84 sec)
Records: 321  Duplicates: 0  Warnings: 0

Query OK, 0 rows affected (0.03 sec)

Query OK, 1954 rows affected (0.22 sec)
Records: 1954  Duplicates: 0  Warnings: 0

+----------------+
| rep_radiostats |
+----------------+
|           1954 |
+----------------+
1 row in set (0.00 sec)

mysql> mysql \. C:\workspace\cloud\code\sql\_DailyScript\DAILY_SCRIPT_TELEMETRY_PIVOT.sql
Query OK, 0 rows affected (0.02 sec)

Query OK, 170 rows affected (0.30 sec)
Records: 170  Duplicates: 0  Warnings: 0

Query OK, 0 rows affected (0.02 sec)

Query OK, 2078 rows affected (0.72 sec)
Records: 2078  Duplicates: 0  Warnings: 0

Query OK, 0 rows affected (0.12 sec)

Query OK, 12 rows affected (0.13 sec)
Records: 12  Duplicates: 0  Warnings: 0

Query OK, 0 rows affected (0.20 sec)

Query OK, 47 rows affected (0.15 sec)
Records: 47  Duplicates: 0  Warnings: 0

mysql> 
mysql> mysql \. C:\workspace\cloud\code\sql\_DailyScript\telemetry_livetv_ranking2018.sql
Query OK, 0 rows affected (0.02 sec)

Query OK, 170 rows affected (0.52 sec)
Records: 170  Duplicates: 0  Warnings: 0

mysql> mysql \. C:\workspace\cloud\code\sql\_DailyScript\telemetry_radio_ranking2018.sql
Query OK, 0 rows affected (0.00 sec)

Query OK, 12 rows affected (0.01 sec)
Records: 12  Duplicates: 0  Warnings: 0

mysql> mysql \. C:\workspace\cloud\code\sql\_DailyScript\telemetry_ts_ranking2018.sql
Query OK, 0 rows affected (0.00 sec)

Query OK, 47 rows affected (0.07 sec)
Records: 47  Duplicates: 0  Warnings: 0

mysql> mysql \. C:\workspace\cloud\code\sql\_DailyScript\telemetry_vod_ranking2018.sql
Query OK, 0 rows affected (0.00 sec)

Query OK, 2078 rows affected (0.08 sec)
Records: 2078  Duplicates: 0  Warnings: 0

mysql> mysql \. C:\workspace\cloud\code\sql\_DailyScript\telemetry_vod_ranking2018_1.sql
Query OK, 0 rows affected (0.01 sec)

Query OK, 2078 rows affected (0.04 sec)
Records: 2078  Duplicates: 0  Warnings: 0

mysql> mysql \. C:\workspace\cloud\code\sql\_DailyScript\telemetry_vod_ranking2018_2.sql
Query OK, 0 rows affected (0.02 sec)

Query OK, 2078 rows affected (0.05 sec)
Records: 2078  Duplicates: 0  Warnings: 0

mysql> 
mysql> mysql \. C:\workspace\cloud\code\sql\_DailyScript\DAILY-SCRIPT-CREATE-LOAD.sql
Database changed
Database changed
Query OK, 0 rows affected (0.09 sec)

Query OK, 0 rows affected (0.06 sec)

Database changed
Query OK, 64629 rows affected (5.57 sec)
Records: 64629  Deleted: 0  Skipped: 0  Warnings: 0

Query OK, 0 rows affected (0.23 sec)
Records: 0  Duplicates: 0  Warnings: 0

Query OK, 0 rows affected (0.42 sec)
Records: 0  Duplicates: 0  Warnings: 0

Query OK, 0 rows affected (0.52 sec)
Records: 0  Duplicates: 0  Warnings: 0

Query OK, 0 rows affected (0.63 sec)
Records: 0  Duplicates: 0  Warnings: 0

Query OK, 0 rows affected (0.03 sec)

Query OK, 83150 rows affected (4.12 sec)
Records: 83150  Duplicates: 0  Warnings: 0

Query OK, 0 rows affected (0.81 sec)
Records: 0  Duplicates: 0  Warnings: 0

Query OK, 0 rows affected (0.13 sec)

Query OK, 64629 rows affected (3.79 sec)
Records: 64629  Duplicates: 0  Warnings: 0

Query OK, 0 rows affected (0.30 sec)
Records: 0  Duplicates: 0  Warnings: 0

Query OK, 0 rows affected (0.30 sec)
Records: 0  Duplicates: 0  Warnings: 0

Query OK, 0 rows affected (0.27 sec)
Records: 0  Duplicates: 0  Warnings: 0

+---------+
| clients |
+---------+
|   64629 |
+---------+
1 row in set (0.03 sec)

+---------------+
| clientaddress |
+---------------+
|         64629 |
+---------------+
1 row in set (0.01 sec)

Database changed
Query OK, 0 rows affected (0.24 sec)

Query OK, 0 rows affected (0.02 sec)

Database changed
Query OK, 459193 rows affected, 65535 warnings (28.61 sec)
Records: 459193  Deleted: 0  Skipped: 0  Warnings: 174818

Query OK, 0 rows affected (2.24 sec)
Records: 0  Duplicates: 0  Warnings: 0

Query OK, 0 rows affected (3.92 sec)
Records: 0  Duplicates: 0  Warnings: 0

Query OK, 0 rows affected (2.48 sec)
Records: 0  Duplicates: 0  Warnings: 0

Query OK, 0 rows affected (0.23 sec)

Query OK, 459193 rows affected (1 min 57.34 sec)
Records: 459193  Duplicates: 0  Warnings: 0

Query OK, 0 rows affected (2.86 sec)
Records: 0  Duplicates: 0  Warnings: 0

Query OK, 0 rows affected (2.03 sec)
Records: 0  Duplicates: 0  Warnings: 0

+-----------+
| contracts |
+-----------+
|    459193 |
+-----------+
1 row in set (0.34 sec)

+-----------------+
| contractaddress |
+-----------------+
|          459193 |
+-----------------+
1 row in set (0.15 sec)

Database changed
Query OK, 0 rows affected (0.15 sec)

Query OK, 0 rows affected (0.09 sec)

Query OK, 6393 rows affected (0.19 sec)
Records: 6393  Deleted: 0  Skipped: 0  Warnings: 0

Query OK, 0 rows affected (0.18 sec)

Query OK, 6362 rows affected (0.58 sec)
Records: 6362  Duplicates: 0  Warnings: 0

Query OK, 0 rows affected (0.04 sec)
Records: 0  Duplicates: 0  Warnings: 0

Query OK, 0 rows affected (0.01 sec)

Query OK, 5246 rows affected (0.05 sec)
Records: 5246  Duplicates: 0  Warnings: 0

Query OK, 0 rows affected (0.26 sec)
Records: 0  Duplicates: 0  Warnings: 0

+-------------------+
| contractdiscounts |
+-------------------+
|              6393 |
+-------------------+
1 row in set (0.00 sec)

+-------------------------+
| clientcontractdiscounts |
+-------------------------+
|                    6362 |
+-------------------------+
1 row in set (0.01 sec)

+----------------------------+
| clientcontractlastdiscount |
+----------------------------+
|                       5246 |
+----------------------------+
1 row in set (0.00 sec)

Database changed
Query OK, 0 rows affected (0.29 sec)

Query OK, 0 rows affected (0.17 sec)

Database changed
Query OK, 125544 rows affected (4.41 sec)
Records: 125544  Deleted: 0  Skipped: 0  Warnings: 0

Query OK, 0 rows affected (0.52 sec)
Records: 0  Duplicates: 0  Warnings: 0

Query OK, 0 rows affected (0.33 sec)
Records: 0  Duplicates: 0  Warnings: 0

Query OK, 0 rows affected (0.34 sec)
Records: 0  Duplicates: 0  Warnings: 0

Query OK, 0 rows affected (0.49 sec)
Records: 0  Duplicates: 0  Warnings: 0

Query OK, 0 rows affected (0.60 sec)
Records: 0  Duplicates: 0  Warnings: 0

Query OK, 0 rows affected (0.59 sec)
Records: 0  Duplicates: 0  Warnings: 0

Query OK, 0 rows affected (0.08 sec)

Query OK, 1566851 rows affected (4 min 16.35 sec)
Records: 1566851  Duplicates: 0  Warnings: 0

+---------+
| devices |
+---------+
|  125544 |
+---------+
1 row in set (0.05 sec)

+-----------------------+
| clientcontractdevices |
+-----------------------+
|               1566851 |
+-----------------------+
1 row in set (0.62 sec)

Query OK, 0 rows affected (0.40 sec)

Query OK, 125378 rows affected (13.68 sec)
Records: 125378  Duplicates: 0  Warnings: 0

+---------------------------+
| rep_clientcontractdevices |
+---------------------------+
|                    125378 |
+---------------------------+
1 row in set (0.07 sec)

Database changed
Query OK, 0 rows affected (0.05 sec)

Query OK, 0 rows affected (0.03 sec)

Query OK, 229592 rows affected (12.44 sec)
Records: 229592  Deleted: 0  Skipped: 0  Warnings: 0

Query OK, 0 rows affected (0.84 sec)
Records: 0  Duplicates: 0  Warnings: 0

Query OK, 0 rows affected (1.12 sec)
Records: 0  Duplicates: 0  Warnings: 0

Query OK, 0 rows affected (0.77 sec)
Records: 0  Duplicates: 0  Warnings: 0

Query OK, 0 rows affected (0.72 sec)
Records: 0  Duplicates: 0  Warnings: 0

+---------+
| tickets |
+---------+
|  229592 |
+---------+
1 row in set (0.07 sec)

Database changed
Query OK, 0 rows affected (0.00 sec)

Query OK, 0 rows affected (0.00 sec)

Empty set (0.02 sec)

Query OK, 0 rows affected (0.07 sec)
Records: 0  Duplicates: 0  Warnings: 0

Query OK, 304 rows affected, 2 warnings (0.01 sec)
Records: 304  Deleted: 0  Skipped: 0  Warnings: 2

+-----------------+
| tickettechusers |
+-----------------+
|             304 |
+-----------------+
1 row in set (0.00 sec)

Database changed
Query OK, 0 rows affected (0.17 sec)

Query OK, 0 rows affected (0.05 sec)

Query OK, 0 rows affected (0.34 sec)
Records: 0  Duplicates: 0  Warnings: 0

Query OK, 466675 rows affected, 40412 warnings (14.73 sec)
Records: 466675  Deleted: 0  Skipped: 0  Warnings: 40412

+-------------------+
| ticketassignments |
+-------------------+
|            466675 |
+-------------------+
1 row in set (0.15 sec)

Database changed
Query OK, 0 rows affected (0.05 sec)

Query OK, 0 rows affected (0.00 sec)

Query OK, 982148 rows affected (24.97 sec)
Records: 982148  Deleted: 0  Skipped: 0  Warnings: 0

Query OK, 0 rows affected (4.36 sec)
Records: 0  Duplicates: 0  Warnings: 0

Query OK, 0 rows affected (3.48 sec)
Records: 0  Duplicates: 0  Warnings: 0

Query OK, 0 rows affected (3.51 sec)
Records: 0  Duplicates: 0  Warnings: 0

Query OK, 0 rows affected (3.71 sec)
Records: 0  Duplicates: 0  Warnings: 0

+----------------+
| ticketcomments |
+----------------+
|         982148 |
+----------------+
1 row in set (0.40 sec)

Database changed
Query OK, 0 rows affected (0.15 sec)

Query OK, 0 rows affected (0.03 sec)

Query OK, 386445 rows affected (43.31 sec)
Records: 386445  Deleted: 0  Skipped: 0  Warnings: 0

Query OK, 0 rows affected (3.29 sec)
Records: 0  Duplicates: 0  Warnings: 0

+----------+
| comments |
+----------+
|   386445 |
+----------+
1 row in set (0.14 sec)

Database changed
Query OK, 0 rows affected (0.06 sec)

Query OK, 0 rows affected (0.00 sec)

Query OK, 563176 rows affected, 65535 warnings (1 min 3.09 sec)
Records: 563176  Deleted: 0  Skipped: 0  Warnings: 563177

Query OK, 0 rows affected (2.25 sec)
Records: 0  Duplicates: 0  Warnings: 0

Query OK, 0 rows affected (2.37 sec)
Records: 0  Duplicates: 0  Warnings: 0

Query OK, 0 rows affected (1.56 sec)
Records: 0  Duplicates: 0  Warnings: 0

Query OK, 0 rows affected (2.70 sec)
Records: 0  Duplicates: 0  Warnings: 0

Query OK, 0 rows affected (2.92 sec)
Records: 0  Duplicates: 0  Warnings: 0

+------------+
| devicesold |
+------------+
|     563176 |
+------------+
1 row in set (0.26 sec)

Database changed
Query OK, 0 rows affected (0.20 sec)

Query OK, 0 rows affected (0.14 sec)

Query OK, 1560726 rows affected (39.92 sec)
Records: 1560726  Deleted: 0  Skipped: 0  Warnings: 0

Query OK, 0 rows affected (5.91 sec)
Records: 0  Duplicates: 0  Warnings: 0

Query OK, 0 rows affected (5.26 sec)
Records: 0  Duplicates: 0  Warnings: 0

Query OK, 0 rows affected (5.06 sec)
Records: 0  Duplicates: 0  Warnings: 0

+------------------+
| contractservices |
+------------------+
|          1560726 |
+------------------+
1 row in set (0.65 sec)

Database changed
Query OK, 0 rows affected (0.43 sec)

Query OK, 0 rows affected (0.01 sec)

Query OK, 3405456 rows affected (3 min 13.74 sec)
Records: 3405456  Deleted: 0  Skipped: 0  Warnings: 0

Query OK, 0 rows affected (17.14 sec)
Records: 0  Duplicates: 0  Warnings: 0

Query OK, 0 rows affected (19.66 sec)
Records: 0  Duplicates: 0  Warnings: 0

Query OK, 0 rows affected (15.19 sec)
Records: 0  Duplicates: 0  Warnings: 0

Query OK, 0 rows affected (15.63 sec)
Records: 0  Duplicates: 0  Warnings: 0

+------------------+
| invoicescontents |
+------------------+
|          3405456 |
+------------------+
1 row in set (1.22 sec)

Database changed
Query OK, 0 rows affected (0.53 sec)

Query OK, 0 rows affected (0.02 sec)

Query OK, 2325659 rows affected (4 min 52.98 sec)
Records: 2325659  Deleted: 0  Skipped: 0  Warnings: 0

Query OK, 0 rows affected (1 min 20.26 sec)
Records: 0  Duplicates: 0  Warnings: 0

Query OK, 0 rows affected (27.16 sec)
Records: 0  Duplicates: 0  Warnings: 0

Query OK, 0 rows affected (21.54 sec)
Records: 0  Duplicates: 0  Warnings: 0

Query OK, 0 rows affected (24.13 sec)
Records: 0  Duplicates: 0  Warnings: 0

Query OK, 0 rows affected (23.99 sec)
Records: 0  Duplicates: 0  Warnings: 0

+----------------+
| invoicesheader |
+----------------+
|        2325659 |
+----------------+
1 row in set (2.15 sec)

Database changed
Query OK, 0 rows affected (0.08 sec)

Query OK, 0 rows affected (0.01 sec)

Query OK, 2481389 rows affected (1 min 56.56 sec)
Records: 2481389  Deleted: 0  Skipped: 0  Warnings: 0

Query OK, 0 rows affected (12.49 sec)
Records: 0  Duplicates: 0  Warnings: 0

Query OK, 0 rows affected (11.08 sec)
Records: 0  Duplicates: 0  Warnings: 0

Query OK, 0 rows affected (12.42 sec)
Records: 0  Duplicates: 0  Warnings: 0

Query OK, 0 rows affected (11.49 sec)
Records: 0  Duplicates: 0  Warnings: 0

+---------+
| casa    |
+---------+
| 2481389 |
+---------+
1 row in set (0.85 sec)

Query OK, 0 rows affected (0.00 sec)

Query OK, 11496 rows affected (1 min 14.71 sec)
Records: 11496  Duplicates: 0  Warnings: 0

+--------------------+
| rep_paycol_channel |
+--------------------+
|              11496 |
+--------------------+
1 row in set (0.00 sec)

Query OK, 0 rows affected (0.04 sec)

Query OK, 7584 rows affected (1 min 25.11 sec)
Records: 7584  Duplicates: 0  Warnings: 0

+----------------+
| rep_paycol_pos |
+----------------+
|           7584 |
+----------------+
1 row in set (0.00 sec)

Database changed
Query OK, 0 rows affected (0.00 sec)

Query OK, 0 rows affected (0.03 sec)

Database changed
Query OK, 37325 rows affected (1.42 sec)
Records: 37325  Deleted: 0  Skipped: 0  Warnings: 0

+-------+
| users |
+-------+
| 37325 |
+-------+
1 row in set (0.02 sec)

Database changed
Query OK, 0 rows affected (0.20 sec)

Query OK, 0 rows affected (0.03 sec)

Database changed
Query OK, 6114450 rows affected (2 min 6.92 sec)
Records: 6114450  Deleted: 0  Skipped: 0  Warnings: 0

Query OK, 0 rows affected (33.45 sec)
Records: 0  Duplicates: 0  Warnings: 0

Query OK, 0 rows affected (33.11 sec)
Records: 0  Duplicates: 0  Warnings: 0

Query OK, 0 rows affected (30.94 sec)
Records: 0  Duplicates: 0  Warnings: 0

Query OK, 0 rows affected (22.20 sec)
Records: 0  Duplicates: 0  Warnings: 0

+----------+
| ipusage1 |
+----------+
|  6114450 |
+----------+
1 row in set (1.98 sec)

Query OK, 0 rows affected (0.10 sec)

Query OK, 6155267 rows affected, 65535 warnings (9 min 6.97 sec)
Records: 6155267  Duplicates: 0  Warnings: 6140271

Query OK, 0 rows affected (1 min 10.34 sec)
Records: 0  Duplicates: 0  Warnings: 0

Query OK, 0 rows affected (37.04 sec)
Records: 0  Duplicates: 0  Warnings: 0

Query OK, 0 rows affected (36.72 sec)
Records: 0  Duplicates: 0  Warnings: 0

Query OK, 0 rows affected (35.27 sec)
Records: 0  Duplicates: 0  Warnings: 0

Query OK, 0 rows affected (40.69 sec)
Records: 0  Duplicates: 0  Warnings: 0

Query OK, 0 rows affected (48.41 sec)
Records: 0  Duplicates: 0  Warnings: 0

Query OK, 0 rows affected (43.21 sec)
Records: 0  Duplicates: 0  Warnings: 0

+---------+
| ipusage |
+---------+
| 6155267 |
+---------+
1 row in set (6.34 sec)

Query OK, 0 rows affected (0.25 sec)

Query OK, 2822813 rows affected (2 min 8.18 sec)
Records: 2822813  Duplicates: 0  Warnings: 0

Query OK, 0 rows affected (18.64 sec)
Records: 0  Duplicates: 0  Warnings: 0

Query OK, 0 rows affected (11.02 sec)
Records: 0  Duplicates: 0  Warnings: 0

Query OK, 0 rows affected (13.74 sec)
Records: 0  Duplicates: 0  Warnings: 0

Query OK, 0 rows affected (16.55 sec)
Records: 0  Duplicates: 0  Warnings: 0

Query OK, 0 rows affected (0.05 sec)

Query OK, 283702 rows affected (31.30 sec)
Records: 283702  Duplicates: 0  Warnings: 0

Query OK, 0 rows affected (1.43 sec)
Records: 0  Duplicates: 0  Warnings: 0

Query OK, 0 rows affected (1.55 sec)
Records: 0  Duplicates: 0  Warnings: 0

Query OK, 0 rows affected (1.25 sec)
Records: 0  Duplicates: 0  Warnings: 0

Query OK, 0 rows affected (1.22 sec)
Records: 0  Duplicates: 0  Warnings: 0

Query OK, 0 rows affected (0.92 sec)
Records: 0  Duplicates: 0  Warnings: 0

mysql> mysql \. C:\workspace\cloud\code\sql\_DailyScript\ticket_analysis.sql
Database changed
Query OK, 0 rows affected (0.05 sec)

Query OK, 343138 rows affected (33.52 sec)
Records: 343138  Duplicates: 0  Warnings: 0

Query OK, 0 rows affected (2.45 sec)
Records: 0  Duplicates: 0  Warnings: 0

Query OK, 0 rows affected (1.67 sec)
Records: 0  Duplicates: 0  Warnings: 0

Query OK, 0 rows affected (1.76 sec)
Records: 0  Duplicates: 0  Warnings: 0

Query OK, 0 rows affected (0.26 sec)

Query OK, 13512 rows affected (8.20 sec)
Records: 13512  Duplicates: 0  Warnings: 0

Query OK, 0 rows affected, 1 warning (0.00 sec)

Query OK, 47014 rows affected (6.82 sec)
Records: 47014  Duplicates: 0  Warnings: 0

Query OK, 0 rows affected, 1 warning (0.00 sec)

Query OK, 241880 rows affected (11.19 sec)
Records: 241880  Duplicates: 0  Warnings: 0

Query OK, 0 rows affected, 1 warning (0.00 sec)

Query OK, 241880 rows affected (10.67 sec)
Records: 241880  Duplicates: 0  Warnings: 0

Query OK, 0 rows affected (0.02 sec)

Query OK, 47052 rows affected (3.93 sec)
Records: 47052  Duplicates: 0  Warnings: 0

Database changed
Query OK, 0 rows affected (0.00 sec)

Query OK, 0 rows affected (0.06 sec)

Query OK, 343138 rows affected (20.58 sec)
Records: 343138  Duplicates: 0  Warnings: 0

Query OK, 0 rows affected (0.03 sec)

Query OK, 159228 rows affected (11.22 sec)
Records: 159228  Duplicates: 0  Warnings: 0

+--------------------------+
| clientticket_cmmtjourney |
+--------------------------+
|                   343138 |
+--------------------------+
1 row in set (0.65 sec)

+---------------------------+
| clientticket_assgnjourney |
+---------------------------+
|                    159228 |
+---------------------------+
1 row in set (0.20 sec)

Query OK, 0 rows affected (0.00 sec)

Query OK, 81 rows affected (0.22 sec)
Records: 81  Duplicates: 0  Warnings: 0

mysql> mysql \. C:\workspace\cloud\code\sql\_DailyScript\load_DailyCalls.sql
Database changed
Query OK, 590 rows affected (1.00 sec)
Records: 590  Deleted: 0  Skipped: 0  Warnings: 0

Query OK, 0 rows affected, 1 warning (0.00 sec)

Query OK, 561 rows affected (0.60 sec)
Records: 561  Duplicates: 0  Warnings: 0

Query OK, 0 rows affected, 1 warning (0.00 sec)

Query OK, 65827 rows affected (2.33 sec)
Records: 65827  Duplicates: 0  Warnings: 0

+----------------------+
| callingclientsbefore |
+----------------------+
|               585741 |
+----------------------+
1 row in set (9.41 sec)

Query OK, 744 rows affected (14.36 sec)
Records: 744  Duplicates: 0  Warnings: 0

+---------------------+
| callingclientsafter |
+---------------------+
|              586485 |
+---------------------+
1 row in set (0.23 sec)

Query OK, 0 rows affected (0.12 sec)

Query OK, 383 rows affected (16.66 sec)
Records: 383  Duplicates: 0  Warnings: 0

Query OK, 0 rows affected (0.00 sec)

Query OK, 12168 rows affected (1.97 sec)
Records: 12168  Duplicates: 0  Warnings: 0

+-----------+
| callstats |
+-----------+
|     12168 |
+-----------+
1 row in set (0.02 sec)

mysql> 
mysql> mysql \. C:\workspace\cloud\code\sql\_DailyScript\DAILY-SCRIPT-USAGE.sql
Database changed
Query OK, 0 rows affected (0.00 sec)

Query OK, 5131 rows affected, 14848 warnings (3.17 sec)
Records: 5131  Deleted: 0  Skipped: 0  Warnings: 14848

Query OK, 0 rows affected (0.00 sec)

Query OK, 11179 rows affected, 32364 warnings (5.00 sec)
Records: 11179  Deleted: 0  Skipped: 0  Warnings: 32364

Query OK, 0 rows affected (0.00 sec)

Query OK, 51 rows affected, 172 warnings (0.02 sec)
Records: 51  Deleted: 0  Skipped: 0  Warnings: 172

Query OK, 0 rows affected (0.00 sec)

Query OK, 430 rows affected, 1449 warnings (0.08 sec)
Records: 430  Deleted: 0  Skipped: 0  Warnings: 1449

+------------+
| dailyusage |
+------------+
|    3496637 |
+------------+
1 row in set (8.31 sec)

+------------+------------+------------+---------+
| datestart  | dateend    | insertedon | records |
+------------+------------+------------+---------+
| 2018-12-19 | 2018-12-19 | 2018-12-20 |   16791 |
| 2018-12-18 | 2018-12-18 | 2018-12-19 |    9137 |
| 2018-12-17 | 2018-12-17 | 2018-12-18 |    8868 |
| 2018-12-16 | 2018-12-16 | 2018-12-17 |    8740 |
| 2018-12-15 | 2018-12-15 | 2018-12-16 |    8916 |
+------------+------------+------------+---------+
5 rows in set (1 min 29.88 sec)

mysql> mysql \. C:\workspace\cloud\code\sql\_DailyScript\DAILY-SCRIPT-SALES-TELEMETRY.sql
Database changed
Query OK, 266 rows affected, 134 warnings (0.08 sec)
Records: 266  Deleted: 0  Skipped: 0  Warnings: 134

+------------+
| dailysales |
+------------+
|     134537 |
+------------+
1 row in set (1.06 sec)

Query OK, 0 rows affected (0.00 sec)

Query OK, 134537 rows affected (15.60 sec)
Records: 134537  Duplicates: 0  Warnings: 0

+--------+
| sales  |
+--------+
| 134537 |
+--------+
1 row in set (0.08 sec)

Query OK, 0 rows affected (0.00 sec)

Query OK, 2224 rows affected (0.59 sec)
Records: 2224  Duplicates: 0  Warnings: 0

+-----------+
| saleslist |
+-----------+
|      2224 |
+-----------+
1 row in set (0.00 sec)

Database changed
Query OK, 6 rows affected (0.02 sec)
Records: 6  Deleted: 0  Skipped: 0  Warnings: 0

+------------------+
| dailysinglesales |
+------------------+
|             5194 |
+------------------+
1 row in set (0.02 sec)

Database changed
Query OK, 10 rows affected (0.02 sec)
Records: 10  Deleted: 0  Skipped: 0  Warnings: 0

+-----------------+
| dailyaddonsales |
+-----------------+
|           14336 |
+-----------------+
1 row in set (0.42 sec)

Query OK, 80 rows affected (0.24 sec)
Records: 80  Deleted: 0  Skipped: 0  Warnings: 0

+----------------+
| onlinepayments |
+----------------+
|          39117 |
+----------------+
1 row in set (0.12 sec)

+-------------+----------------+---------------------+
| paymentdate | onlinepayments | onlinepaymentamount |
+-------------+----------------+---------------------+
| 2018-12-19  |             80 |         47608.65000 |
| 2018-12-18  |             72 |         39902.19000 |
| 2018-12-17  |             49 |         29742.36000 |
| 2018-12-16  |             63 |         40113.70000 |
| 2018-12-15  |             56 |         30151.71000 |
+-------------+----------------+---------------------+
5 rows in set (1.93 sec)

+-------------+--------------+----------------+---------------------+
| paymentyear | paymentmonth | onlinepayments | onlinepaymentamount |
+-------------+--------------+----------------+---------------------+
|        2018 |           12 |           1406 |        887206.30000 |
|        2018 |           11 |           2605 |       1578302.71000 |
|        2018 |           10 |           2674 |       1575052.70000 |
|        2018 |            9 |           2536 |       1488279.08000 |
|        2018 |            8 |           2677 |       1480347.51000 |
+-------------+--------------+----------------+---------------------+
5 rows in set (0.04 sec)

mysql> 
mysql> mysql \. C:\workspace\cloud\code\sql\_DailyScript\DAILY-SCRIPT-ACTIVENUMBERS.sql
Database changed
Query OK, 1364 rows affected (1.25 sec)
Records: 1364  Deleted: 0  Skipped: 0  Warnings: 0

+------------+----------+
| period     | count(1) |
+------------+----------+
| 2018-12-19 |     1364 |
| 2018-12-18 |     1358 |
| 2018-12-17 |     1356 |
| 2018-12-16 |     1365 |
| 2018-12-15 |     1364 |
+------------+----------+
5 rows in set (0.02 sec)

Query OK, 0 rows affected (0.00 sec)

Query OK, 88 rows affected (0.50 sec)
Records: 88  Duplicates: 0  Warnings: 0

+-------------+
| packagelist |
+-------------+
|          88 |
+-------------+
1 row in set (0.00 sec)

Database changed
Query OK, 0 rows affected (0.02 sec)

Query OK, 0 rows affected (0.00 sec)

Query OK, 0 rows affected (0.00 sec)

Query OK, 0 rows affected (0.00 sec)

Query OK, 26791 rows affected, 242 warnings (2 min 9.20 sec)
Records: 26791  Deleted: 0  Skipped: 0  Warnings: 242

+------------+----------+
| period     | count(1) |
+------------+----------+
| 2018-12-19 |    26791 |
| 2018-12-18 |    26751 |
| 2018-12-17 |    26635 |
| 2018-12-16 |    26476 |
| 2018-12-15 |    26599 |
+------------+----------+
5 rows in set (0.33 sec)

Query OK, 0 rows affected (0.02 sec)

Query OK, 26137 rows affected (2 min 27.47 sec)
Records: 26137  Duplicates: 0  Warnings: 0

Query OK, 0 rows affected (0.39 sec)
Records: 0  Duplicates: 0  Warnings: 0

Query OK, 0 rows affected (0.33 sec)
Records: 0  Duplicates: 0  Warnings: 0

Query OK, 0 rows affected (0.60 sec)
Records: 0  Duplicates: 0  Warnings: 0

Query OK, 0 rows affected (0.19 sec)
Records: 0  Duplicates: 0  Warnings: 0

Query OK, 0 rows affected (0.20 sec)
Records: 0  Duplicates: 0  Warnings: 0

Query OK, 0 rows affected (0.09 sec)
Records: 0  Duplicates: 0  Warnings: 0

+----------+
| count(1) |
+----------+
| 22242017 |
+----------+
1 row in set (0.00 sec)

Query OK, 26137 rows affected (48.56 sec)
Records: 26137  Duplicates: 0  Warnings: 0

+----------+
| count(1) |
+----------+
| 22268154 |
+----------+
1 row in set (1 min 15.75 sec)

+------------+--------------------------+
| period     | customercontractactivity |
+------------+--------------------------+
| 2018-12-19 |                    26137 |
| 2018-12-18 |                    26097 |
| 2018-12-17 |                    25980 |
| 2018-12-16 |                    25822 |
| 2018-12-15 |                    25946 |
+------------+--------------------------+
5 rows in set (0.07 sec)

Query OK, 0 rows affected (0.07 sec)

Query OK, 197373 rows affected (13 min 15.53 sec)
Records: 197373  Duplicates: 0  Warnings: 0

Query OK, 0 rows affected (0.03 sec)

Query OK, 245 rows affected (1.25 sec)
Records: 245  Duplicates: 0  Warnings: 0

Query OK, 0 rows affected (0.02 sec)

Query OK, 2351 rows affected (0.63 sec)
Records: 2351  Duplicates: 0  Warnings: 0

Query OK, 0 rows affected (0.01 sec)

Query OK, 26125 rows affected (1.03 sec)
Records: 26125  Duplicates: 0  Warnings: 0

Query OK, 0 rows affected (0.04 sec)

Query OK, 17028 rows affected (0.43 sec)
Records: 17028  Duplicates: 0  Warnings: 0

Query OK, 0 rows affected (0.00 sec)

Query OK, 17028 rows affected (0.52 sec)
Records: 17028  Duplicates: 0  Warnings: 0

Query OK, 0 rows affected (0.07 sec)

Query OK, 17028 rows affected (3.26 sec)
Records: 17028  Duplicates: 0  Warnings: 0

Query OK, 0 rows affected (0.18 sec)

Query OK, 17028 rows affected (57.33 sec)
Records: 17028  Duplicates: 0  Warnings: 0

+-------------+
| clientstats |
+-------------+
|       17028 |
+-------------+
1 row in set (0.00 sec)

Query OK, 0 rows affected (0.06 sec)

Query OK, 13 rows affected, 1 warning (0.14 sec)
Records: 13  Duplicates: 0  Warnings: 1

+-----------------------+-------------+-------------+----------------+-----------------+
| services              | activecount | allaccounts | uniqueaccounts | uniquecontracts |
+-----------------------+-------------+-------------+----------------+-----------------+
| All                   |         130 |          28 |             28 |              88 |
| Internet & Voice      |         452 |         208 |            208 |             408 |
| Internet Only         |        4056 |        3919 |           3912 |            3994 |
| OTT Only              |           2 |           2 |              2 |               2 |
| TV & Internet         |        8886 |        3874 |           3863 |            7892 |
| TV & Internet & OTT   |        1483 |         432 |            431 |             879 |
| TV & Internet & Voice |         535 |         152 |            151 |             471 |
| TV & OTT              |          99 |          31 |             31 |              33 |
| TV & Voice            |         130 |          54 |             54 |             111 |
| TV & Voice & OTT      |          11 |           1 |              1 |               3 |
| TV Only               |       10870 |        8117 |           8101 |            8327 |
| Voice Only            |         211 |         210 |            210 |             211 |
| GRAND TOTAL           |       26865 |       17028 |          16944 |           22419 |
+-----------------------+-------------+-------------+----------------+-----------------+
13 rows in set (0.00 sec)

+-------------+-------------+-------------+----------------+-----------------+
| network     | activecount | allaccounts | uniqueaccounts | uniquecontracts |
+-------------+-------------+-------------+----------------+-----------------+
| ADDON       |          10 |           6 |              6 |               6 |
| GPON        |        6240 |        3211 |           3211 |            4838 |
| HFC         |       20615 |       13811 |          13811 |           17575 |
| GRAND TOTAL |       26865 |       17028 |          16944 |           22419 |
+-------------+-------------+-------------+----------------+-----------------+
4 rows in set, 1 warning (0.13 sec)

+-------------+-----------------------+-------------+-------------+----------------+-----------------+
| network     | services              | activecount | allaccounts | uniqueaccounts | uniquecontracts |
+-------------+-----------------------+-------------+-------------+----------------+-----------------+
| ADDON       | OTT Only              |           2 |           2 |              2 |               2 |
| ADDON       | TV & OTT              |           4 |           1 |              1 |               1 |
| ADDON       | TV Only               |           4 |           3 |              3 |               3 |
| ADDON       | Services Total        |          10 |           6 |              6 |               6 |
| GPON        | All                   |          34 |           7 |              7 |              23 |
| GPON        | Internet & Voice      |          57 |          23 |             23 |              47 |
| GPON        | Internet Only         |         781 |         701 |            701 |             719 |
| GPON        | TV & Internet         |        2859 |        1184 |           1184 |            2436 |
| GPON        | TV & Internet & OTT   |         617 |         171 |            171 |             353 |
| GPON        | TV & Internet & Voice |         122 |          33 |             33 |             103 |
| GPON        | TV & OTT              |          49 |          13 |             13 |              15 |
| GPON        | TV & Voice            |          49 |          19 |             19 |              41 |
| GPON        | TV Only               |        1658 |        1046 |           1046 |            1087 |
| GPON        | Voice Only            |          14 |          14 |             14 |              14 |
| GPON        | Services Total        |        6240 |        3211 |           3211 |            4838 |
| HFC         | All                   |          96 |          21 |             21 |              65 |
| HFC         | Internet & Voice      |         395 |         185 |            185 |             361 |
| HFC         | Internet Only         |        3275 |        3218 |           3218 |            3275 |
| HFC         | TV & Internet         |        6027 |        2690 |           2690 |            5456 |
| HFC         | TV & Internet & OTT   |         866 |         261 |            261 |             526 |
| HFC         | TV & Internet & Voice |         413 |         119 |            119 |             368 |
| HFC         | TV & OTT              |          46 |          17 |             17 |              17 |
| HFC         | TV & Voice            |          81 |          35 |             35 |              70 |
| HFC         | TV & Voice & OTT      |          11 |           1 |              1 |               3 |
| HFC         | TV Only               |        9208 |        7068 |           7068 |            7237 |
| HFC         | Voice Only            |         197 |         196 |            196 |             197 |
| HFC         | Services Total        |       20615 |       13811 |          13811 |           17575 |
| GRAND TOTAL | Services Total        |       26865 |       17028 |          16944 |           22419 |
+-------------+-----------------------+-------------+-------------+----------------+-----------------+
28 rows in set, 2 warnings (0.15 sec)

Query OK, 0 rows affected (0.02 sec)

Query OK, 43 rows affected, 3 warnings (0.21 sec)
Records: 43  Duplicates: 0  Warnings: 3

+-------------+---------------+-----------------------+-------------+-------------+----------------+-----------------+
| region      | network       | services              | activecount | allaccounts | uniqueaccounts | uniquecontracts |
+-------------+---------------+-----------------------+-------------+-------------+----------------+-----------------+
| Mahe        | ADDON         | OTT Only              |           2 |           2 |              2 |               2 |
| Mahe        | ADDON         | TV & OTT              |           4 |           1 |              1 |               1 |
| Mahe        | ADDON         | TV Only               |           4 |           3 |              3 |               3 |
| Mahe        | ADDON         | Services Total        |          10 |           6 |              6 |               6 |
| Mahe        | GPON          | All                   |          29 |           6 |              6 |              19 |
| Mahe        | GPON          | Internet & Voice      |          47 |          18 |             18 |              37 |
| Mahe        | GPON          | Internet Only         |         594 |         514 |            514 |             532 |
| Mahe        | GPON          | TV & Internet         |        1981 |         815 |            815 |            1669 |
| Mahe        | GPON          | TV & Internet & OTT   |         336 |          93 |             93 |             188 |
| Mahe        | GPON          | TV & Internet & Voice |          97 |          26 |             26 |              80 |
| Mahe        | GPON          | TV & OTT              |          38 |           8 |              8 |              10 |
| Mahe        | GPON          | TV & Voice            |          43 |          17 |             17 |              37 |
| Mahe        | GPON          | TV Only               |        1194 |         716 |            716 |             738 |
| Mahe        | GPON          | Voice Only            |          10 |          10 |             10 |              10 |
| Mahe        | GPON          | Services Total        |        4369 |        2223 |           2223 |            3320 |
| Mahe        | HFC           | All                   |          96 |          21 |             21 |              65 |
| Mahe        | HFC           | Internet & Voice      |         395 |         185 |            185 |             361 |
| Mahe        | HFC           | Internet Only         |        3275 |        3218 |           3218 |            3275 |
| Mahe        | HFC           | TV & Internet         |        6027 |        2690 |           2690 |            5456 |
| Mahe        | HFC           | TV & Internet & OTT   |         866 |         261 |            261 |             526 |
| Mahe        | HFC           | TV & Internet & Voice |         413 |         119 |            119 |             368 |
| Mahe        | HFC           | TV & OTT              |          46 |          17 |             17 |              17 |
| Mahe        | HFC           | TV & Voice            |          81 |          35 |             35 |              70 |
| Mahe        | HFC           | TV & Voice & OTT      |          11 |           1 |              1 |               3 |
| Mahe        | HFC           | TV Only               |        9206 |        7067 |           7067 |            7236 |
| Mahe        | HFC           | Voice Only            |         197 |         196 |            196 |             197 |
| Mahe        | HFC           | Services Total        |       20613 |       13810 |          13810 |           17574 |
| Mahe        | Network Total | Services Total        |       24992 |       16039 |          15956 |           20900 |
| Praslin     | GPON          | All                   |           5 |           1 |              1 |               4 |
| Praslin     | GPON          | Internet & Voice      |          10 |           5 |              5 |              10 |
| Praslin     | GPON          | Internet Only         |         187 |         187 |            187 |             187 |
| Praslin     | GPON          | TV & Internet         |         878 |         369 |            369 |             767 |
| Praslin     | GPON          | TV & Internet & OTT   |         281 |          78 |             78 |             165 |
| Praslin     | GPON          | TV & Internet & Voice |          25 |           7 |              7 |              23 |
| Praslin     | GPON          | TV & OTT              |          11 |           5 |              5 |               5 |
| Praslin     | GPON          | TV & Voice            |           6 |           2 |              2 |               4 |
| Praslin     | GPON          | TV Only               |         464 |         330 |            330 |             349 |
| Praslin     | GPON          | Voice Only            |           4 |           4 |              4 |               4 |
| Praslin     | GPON          | Services Total        |        1871 |         988 |            988 |            1518 |
| Praslin     | HFC           | TV Only               |           2 |           1 |              1 |               1 |
| Praslin     | HFC           | Services Total        |           2 |           1 |              1 |               1 |
| Praslin     | Network Total | Services Total        |        1873 |         989 |            988 |            1519 |
| GRAND TOTAL | Network Total | Services Total        |       26865 |       17028 |          16944 |           22419 |
+-------------+---------------+-----------------------+-------------+-------------+----------------+-----------------+
43 rows in set (0.00 sec)

Query OK, 0 rows affected (0.03 sec)

Query OK, 26125 rows affected (0.94 sec)
Records: 26125  Duplicates: 0  Warnings: 0

Query OK, 0 rows affected (0.01 sec)

Query OK, 1574 rows affected (7.31 sec)
Records: 1574  Duplicates: 0  Warnings: 0

Query OK, 0 rows affected (2 min 26.10 sec)

Query OK, 0 rows affected (0.00 sec)

Query OK, 418 rows affected (21 min 49.50 sec)
Records: 418  Duplicates: 0  Warnings: 0

+---------------------------+
| retentioncustomeractivity |
+---------------------------+
|                       418 |
+---------------------------+
1 row in set (0.03 sec)

mysql> mysql \. C:\workspace\cloud\code\sql\_DailyScript\GetActiveNumbers Average -Pivot.sql
Database changed
+-------------------------------------+
| @today := subdate(current_date(),1) |
+-------------------------------------+
| 2018-12-19                          |
+-------------------------------------+
1 row in set (0.00 sec)

+-------------------------------------+
| @lastdayofmonth := last_day(@today) |
+-------------------------------------+
| 2018-12-31                          |
+-------------------------------------+
1 row in set (0.10 sec)

Query OK, 0 rows affected (0.15 sec)

Query OK, 25909 rows affected, 53631 warnings (1 min 7.88 sec)
Records: 25909  Duplicates: 0  Warnings: 53631

Query OK, 0 rows affected (0.18 sec)
Records: 0  Duplicates: 0  Warnings: 0

Query OK, 0 rows affected (0.22 sec)
Records: 0  Duplicates: 0  Warnings: 0

Query OK, 0 rows affected (0.20 sec)
Records: 0  Duplicates: 0  Warnings: 0

+-----------------+
| activenumberavg |
+-----------------+
|           25909 |
+-----------------+
1 row in set (0.00 sec)

Query OK, 0 rows affected (0.03 sec)

Query OK, 1718 rows affected (0.57 sec)
Records: 1718  Duplicates: 0  Warnings: 0

+---------------------+
| rep_activenumberavg |
+---------------------+
|                1718 |
+---------------------+
1 row in set (0.00 sec)

+----------------------+
| rep_activenumberavg1 |
+----------------------+
|                  815 |
+----------------------+
1 row in set (0.00 sec)

Query OK, 0 rows affected (0.03 sec)

Query OK, 1380 rows affected (1.19 sec)
Records: 1380  Duplicates: 0  Warnings: 0

Query OK, 0 rows affected (0.00 sec)

Query OK, 0 rows affected (0.00 sec)

Query OK, 0 rows affected (0.11 sec)

Query OK, 0 rows affected (0.00 sec)

Query OK, 0 rows affected (0.00 sec)
Statement prepared

Query OK, 55 rows affected (0.10 sec)
Records: 55  Duplicates: 0  Warnings: 0

Query OK, 0 rows affected (0.00 sec)

Query OK, 0 rows affected (0.00 sec)

+----------------------+
| rep_activenumberavg2 |
+----------------------+
|                 1380 |
+----------------------+
1 row in set (0.00 sec)

+------------------------+
| rep_activenumberavg_pv |
+------------------------+
|                     55 |
+------------------------+
1 row in set (0.00 sec)

Query OK, 0 rows affected (0.15 sec)

Query OK, 1380 rows affected (0.40 sec)
Records: 1380  Duplicates: 0  Warnings: 0

Query OK, 0 rows affected (0.00 sec)

Query OK, 0 rows affected (0.00 sec)

Query OK, 0 rows affected (0.02 sec)

Query OK, 0 rows affected (0.00 sec)

Query OK, 0 rows affected (0.00 sec)
Statement prepared

Query OK, 55 rows affected (0.16 sec)
Records: 55  Duplicates: 0  Warnings: 0

Query OK, 0 rows affected (0.00 sec)

Query OK, 0 rows affected (0.00 sec)

+-------------------------+
| rep_activenumberavgMahe |
+-------------------------+
|                    1380 |
+-------------------------+
1 row in set (0.00 sec)

+----------------------------+
| rep_activenumberavgMahe_pv |
+----------------------------+
|                         55 |
+----------------------------+
1 row in set (0.00 sec)

Query OK, 0 rows affected (0.02 sec)

Query OK, 827 rows affected (0.28 sec)
Records: 827  Duplicates: 0  Warnings: 0

Query OK, 0 rows affected (0.00 sec)

Query OK, 0 rows affected (0.00 sec)

Query OK, 0 rows affected (0.00 sec)

Query OK, 0 rows affected (0.00 sec)

Query OK, 0 rows affected (0.00 sec)
Statement prepared

Query OK, 37 rows affected (0.20 sec)
Records: 37  Duplicates: 0  Warnings: 0

Query OK, 0 rows affected (0.00 sec)

Query OK, 0 rows affected (0.00 sec)

+----------------------------+
| rep_activenumberavgPraslin |
+----------------------------+
|                        827 |
+----------------------------+
1 row in set (0.00 sec)

+----------------------------+
| rep_activenumberavgMahe_pv |
+----------------------------+
|                         37 |
+----------------------------+
1 row in set (0.00 sec)

mysql> 
mysql> 
mysql> mysql \. C:\workspace\cloud\code\sql\_DailyScript\reports-sales-addons-prepaid-camera.sql
Database changed
Query OK, 0 rows affected (0.02 sec)

Query OK, 3191 rows affected (0.79 sec)
Records: 3191  Duplicates: 0  Warnings: 0

Query OK, 0 rows affected (0.02 sec)

Query OK, 14345 rows affected (1 min 50.68 sec)
Records: 14345  Duplicates: 0  Warnings: 0

+--------------------+
| rep_prepaid_camera |
+--------------------+
|               3191 |
+--------------------+
1 row in set (0.00 sec)

+-----------+
| rep_addon |
+-----------+
|     14345 |
+-----------+
1 row in set (0.01 sec)

mysql> mysql \. C:\workspace\cloud\code\sql\_DailyScript\housing-estate-analysis.sql
Database changed
Query OK, 0 rows affected (0.00 sec)

Query OK, 2733 rows affected (36.13 sec)
Records: 2733  Duplicates: 0  Warnings: 0

+--------------------+
| rep_housingestates |
+--------------------+
|               2733 |
+--------------------+
1 row in set (0.02 sec)

mysql> 
mysql> mysql \. C:\workspace\cloud\code\sql\_DailyScript\RCB_ClientAnalyticsReport_Script.sql
Database changed
Query OK, 0 rows affected (0.00 sec)

Query OK, 0 rows affected (0.20 sec)

Query OK, 1582880 rows affected (3 min 38.02 sec)
Records: 1582880  Duplicates: 0  Warnings: 0

Query OK, 0 rows affected (6.64 sec)
Records: 0  Duplicates: 0  Warnings: 0

Query OK, 0 rows affected (6.66 sec)
Records: 0  Duplicates: 0  Warnings: 0

Query OK, 0 rows affected (12.47 sec)
Records: 0  Duplicates: 0  Warnings: 0

Query OK, 0 rows affected (11.53 sec)
Records: 0  Duplicates: 0  Warnings: 0

Query OK, 0 rows affected (11.00 sec)
Records: 0  Duplicates: 0  Warnings: 0

Query OK, 0 rows affected (9.86 sec)
Records: 0  Duplicates: 0  Warnings: 0

Query OK, 0 rows affected (0.00 sec)

Query OK, 420783 rows affected (23.39 sec)
Rows matched: 1582880  Changed: 420783  Warnings: 0

Query OK, 0 rows affected (0.03 sec)

Query OK, 27252 rows affected (3.60 sec)
Records: 27252  Duplicates: 0  Warnings: 0

Query OK, 0 rows affected (0.02 sec)

Query OK, 41601 rows affected (12 min 26.68 sec)
Records: 41601  Duplicates: 0  Warnings: 0

Query OK, 0 rows affected (0.35 sec)
Records: 0  Duplicates: 0  Warnings: 0

Query OK, 0 rows affected (0.22 sec)
Records: 0  Duplicates: 0  Warnings: 0

Query OK, 0 rows affected (0.12 sec)
Records: 0  Duplicates: 0  Warnings: 0

Query OK, 0 rows affected (0.15 sec)

Query OK, 397384 rows affected (10 min 34.00 sec)
Records: 397384  Duplicates: 0  Warnings: 0

Query OK, 0 rows affected (2.94 sec)
Records: 0  Duplicates: 0  Warnings: 0

Query OK, 0 rows affected (2.56 sec)
Records: 0  Duplicates: 0  Warnings: 0

Query OK, 0 rows affected (1.39 sec)
Records: 0  Duplicates: 0  Warnings: 0

Query OK, 0 rows affected (2.22 sec)
Records: 0  Duplicates: 0  Warnings: 0

Query OK, 0 rows affected (1.60 sec)
Records: 0  Duplicates: 0  Warnings: 0

Query OK, 0 rows affected (0.02 sec)

Query OK, 41601 rows affected (1 min 34.31 sec)
Records: 41601  Duplicates: 0  Warnings: 0

+--------------+
| clientreport |
+--------------+
|        41601 |
+--------------+
1 row in set (0.12 sec)

Query OK, 0 rows affected (0.06 sec)

Query OK, 41601 rows affected (10.36 sec)
Records: 41601  Duplicates: 0  Warnings: 0

+----------------------+
| clientextendedreport |
+----------------------+
|                41601 |
+----------------------+
1 row in set (0.02 sec)

Query OK, 0 rows affected (0.04 sec)

Query OK, 41601 rows affected (2 min 30.01 sec)
Records: 41601  Duplicates: 0  Warnings: 0

+---------+
| allcust |
+---------+
|   41601 |
+---------+
1 row in set (0.04 sec)

Query OK, 0 rows affected, 1 warning (0.00 sec)

Query OK, 5000 rows affected (0.95 sec)
Records: 5000  Duplicates: 0  Warnings: 0

Query OK, 0 rows affected (0.09 sec)

Query OK, 7071 rows affected (1.16 sec)
Records: 7071  Duplicates: 0  Warnings: 0

Query OK, 0 rows affected, 1 warning (0.00 sec)

Query OK, 5000 rows affected (1.05 sec)
Records: 5000  Duplicates: 0  Warnings: 0

Query OK, 0 rows affected (0.17 sec)

Query OK, 7400 rows affected (0.28 sec)
Records: 7400  Duplicates: 0  Warnings: 0

mysql> mysql \. C:\workspace\cloud\code\sql\_DailyScript\REVENUE_PER_NODE_MXK.sql
Query OK, 0 rows affected, 1 warning (0.00 sec)

Query OK, 4738 rows affected (7 min 11.25 sec)
Records: 4738  Duplicates: 0  Warnings: 0

Query OK, 0 rows affected, 1 warning (0.00 sec)

Query OK, 4318 rows affected (8 min 35.00 sec)
Records: 4318  Duplicates: 0  Warnings: 0

Query OK, 0 rows affected (0.01 sec)

Query OK, 4981 rows affected (0.29 sec)
Records: 4981  Duplicates: 0  Warnings: 0

Query OK, 0 rows affected (0.00 sec)

Query OK, 0 rows affected (0.00 sec)

Query OK, 0 rows affected, 1 warning (0.00 sec)

Query OK, 37004 rows affected (9 min 42.14 sec)
Records: 37004  Duplicates: 0  Warnings: 0

Query OK, 0 rows affected, 1 warning (0.00 sec)

Query OK, 25775 rows affected (7 min 30.95 sec)
Records: 25775  Duplicates: 0  Warnings: 0

Query OK, 0 rows affected (0.01 sec)

Query OK, 19165 rows affected (1.61 sec)
Records: 19165  Duplicates: 0  Warnings: 0

Query OK, 0 rows affected (0.01 sec)

Query OK, 0 rows affected (0.00 sec)

Query OK, 0 rows affected (0.04 sec)

Query OK, 24146 rows affected (2.29 sec)
Records: 24146  Duplicates: 0  Warnings: 0

Query OK, 0 rows affected (0.04 sec)

Query OK, 419021 rows affected (1 min 33.52 sec)
Records: 419021  Duplicates: 0  Warnings: 0

Query OK, 0 rows affected (0.02 sec)

Query OK, 7833 rows affected (2.22 sec)
Rows matched: 7833  Changed: 7833  Warnings: 0

Query OK, 0 rows affected (0.23 sec)

Query OK, 1514840 rows affected (6 min 9.89 sec)
Records: 1514840  Duplicates: 0  Warnings: 0

Query OK, 0 rows affected (0.59 sec)

Query OK, 1743639 rows affected (4 min 57.51 sec)
Records: 1743639  Duplicates: 0  Warnings: 0

Query OK, 0 rows affected (0.12 sec)

Query OK, 68452 rows affected (15.37 sec)
Records: 68452  Duplicates: 0  Warnings: 0

Query OK, 0 rows affected (0.07 sec)

Query OK, 21324 rows affected (12.38 sec)
Records: 21324  Duplicates: 0  Warnings: 0

Query OK, 0 rows affected (0.01 sec)

Query OK, 41601 rows affected (4.09 sec)
Records: 41601  Duplicates: 0  Warnings: 0

Query OK, 0 rows affected (0.00 sec)

Query OK, 0 rows affected, 1 warning (0.00 sec)

Query OK, 391421 rows affected (1 min 11.21 sec)
Records: 391421  Duplicates: 0  Warnings: 0

Query OK, 0 rows affected, 1 warning (0.00 sec)

Query OK, 68452 rows affected (10.22 sec)
Records: 68452  Duplicates: 0  Warnings: 0

Query OK, 0 rows affected (0.30 sec)

Query OK, 393632 rows affected (49.00 sec)
Records: 393632  Duplicates: 0  Warnings: 0

Query OK, 0 rows affected (0.03 sec)

Query OK, 41644 rows affected (18.39 sec)
Records: 41644  Duplicates: 0  Warnings: 0

Query OK, 0 rows affected (0.16 sec)

Query OK, 0 rows affected (0.11 sec)

Query OK, 0 rows affected (0.15 sec)

Query OK, 37654 rows affected, 5 warnings (11.35 sec)
Records: 37654  Duplicates: 0  Warnings: 5

+----------------------+
| rep_custconsolidated |
+----------------------+
|                37654 |
+----------------------+
1 row in set (0.03 sec)

Query OK, 0 rows affected (0.00 sec)

+-----------+------------------------------------+------------+-------------+-----------------+------------------+---------------------+-------------------+
| HFC_NODE  | NODENAME                           | CMTS_DATE  | INSERTED_ON | UNIQUE_ACCOUNTS | UNIQUE_CONTRACTS | UNIQUE_MAC_INRCBOSS | UNIQUE_MAC_INCMTS |
+-----------+------------------------------------+------------+-------------+-----------------+------------------+---------------------+-------------------+
| NULL      | NULL                               | NULL       | 2018-12-20  |           10156 |            10812 |               10925 |                 0 |
| C5/0/0/U0 | ANSE-BOILEAU-2                     | 2018-11-26 | 2018-12-20  |             142 |              146 |                 142 |               143 |
| C5/0/0/U1 | 500-C3-ANSE-BOILEAU                | 2018-11-26 | 2018-12-20  |             174 |              183 |                 174 |               179 |
| C5/0/1/U0 | 501-C4-LA-MISIERE-LEFT-I           | 2018-11-26 | 2018-12-20  |             177 |              186 |                 176 |               177 |
| C5/0/1/U1 | 501-C5-LA-MISIERE-RIGHT            | 2018-11-26 | 2018-12-20  |              97 |              102 |                  97 |                97 |
| C5/0/1/U2 | 501-C7-LA-MISIERE-LEFT-II          | 2018-11-26 | 2018-12-20  |             115 |              119 |                 115 |               116 |
| C5/0/2/U0 | 502-C8-LA-LOUISE                   | 2018-11-26 | 2018-12-20  |             157 |              160 |                 157 |               159 |
| C5/0/2/U1 | LA-LOUISE-2                        | 2018-11-26 | 2018-12-20  |             128 |              131 |                 128 |               131 |
| C5/0/3/U0 | 504-C6-PETIT-PARIS                 | 2018-11-26 | 2018-12-20  |             146 |              148 |                 146 |               149 |
| C5/0/3/U1 | PETIT-PARIS-23                     | 2018-11-26 | 2018-12-20  |              84 |               86 |                  84 |                84 |
| C5/1/0/U0 | POINTE-LARUE-AIRPORT-23            | 2018-11-26 | 2018-12-20  |             116 |              123 |                 118 |               119 |
| C5/1/0/U1 | PPROVIDENCE-23                     | 2018-11-26 | 2018-12-20  |              28 |               32 |                  29 |                29 |
| C5/1/0/U2 | ROSHE-CAIMAN-23                    | 2018-11-26 | 2018-12-20  |              12 |               13 |                  12 |                12 |
| C5/1/0/U3 | HEAD-OFFICE | HO-23                | 2018-11-26 | 2018-12-20  |              17 |               17 |                  19 |                19 |
| C5/1/1/U1 | C5-UNION-VALE                      | 2018-11-26 | 2018-12-20  |             196 |              202 |                 196 |               198 |
| C5/1/2/U0 | FOUR-SEASONS                       | 2018-11-26 | 2018-12-20  |               6 |               22 |                  22 |                22 |
| C5/1/2/U1 | C10-ANCHOR CAFE                    | 2018-11-26 | 2018-12-20  |             156 |              162 |                 157 |               159 |
| C5/1/2/U2 | ANCHOR-CAFE-23                     | 2018-11-26 | 2018-12-20  |             137 |              141 |                 136 |               139 |
| C5/1/3/U0 | POINTE-LARUE-AIRPORT-27            | 2018-11-26 | 2018-12-20  |             120 |              124 |                 120 |               122 |
| C5/1/3/U1 | PPROVIDENCE-27                     | 2018-11-26 | 2018-12-20  |              34 |               35 |                  34 |                34 |
| C5/1/3/U2 | ROSHE-CAIMAN-27                    | 2018-11-26 | 2018-12-20  |              26 |               26 |                  26 |                26 |
| C5/1/3/U3 | HEAD-OFFICE | HO-27                | 2018-11-26 | 2018-12-20  |              27 |               29 |                  27 |                27 |
| C5/1/4/U0 | ANSE-ROYALE-27                     | 2018-11-26 | 2018-12-20  |             178 |              189 |                 179 |               182 |
| C5/1/4/U1 | GLACIS-2-57                        | 2018-11-26 | 2018-12-20  |             148 |              159 |                 148 |               154 |
| C5/1/4/U3 | GLACIS-1                           | 2018-11-26 | 2018-12-20  |              52 |               54 |                  52 |                53 |
| C6/0/1/U0 | SERRET-ROAD-RIGHT/CURIO/PASCAL     | 2018-11-26 | 2018-12-20  |             146 |              151 |                 146 |               147 |
| C6/0/1/U1 | SERRET-ROAD-LEFT/ST.LOUIS/TOWN     | 2018-11-26 | 2018-12-20  |             168 |              181 |                 168 |               168 |
| C6/0/1/U2 | SERRET-ROAD-RIGHT/CURIO/PASCAL-2   | 2018-11-26 | 2018-12-20  |             114 |              118 |                 114 |               114 |
| C6/0/1/U3 | SERRET-ROAD-LEFT/ST.LOUIS/TOWN-2   | 2018-11-26 | 2018-12-20  |             128 |              132 |                 128 |               128 |
| C6/0/2/U0 | SANS-SOUCIS-I                      | 2018-11-26 | 2018-12-20  |             127 |              133 |                 126 |               126 |
| C6/0/2/U1 | SANS-SOUCIS-II                     | 2018-11-26 | 2018-12-20  |             111 |              116 |                 111 |               111 |
| C6/0/2/U2 | BEL-AIR-27                         | 2018-11-26 | 2018-12-20  |              87 |               89 |                  87 |                88 |
| C6/0/2/U3 | BEL-AIR-38                         | 2018-11-26 | 2018-12-20  |             127 |              135 |                 127 |               128 |
| C6/0/3/U0 | LES-MAMELLES-23                    | 2018-11-26 | 2018-12-20  |              69 |               71 |                  69 |                70 |
| C6/0/3/U1 | VICTORIA-23                        | 2018-11-26 | 2018-12-20  |              43 |               50 |                  46 |                50 |
| C6/0/4/U0 | LES-MAMELLES-27                    | 2018-11-26 | 2018-12-20  |              71 |               72 |                  71 |                71 |
| C6/0/4/U1 | VICTORIA-27                        | 2018-11-26 | 2018-12-20  |              24 |               26 |                  25 |                26 |
| C7/1/0/U0 | LA-RETRAITE-23                     | 2018-11-26 | 2018-12-20  |             136 |              145 |                 136 |               137 |
| C7/1/0/U1 | TEA-FACTORY-23                     | 2018-11-26 | 2018-12-20  |              26 |               29 |                  26 |                26 |
| C7/1/0/U2 | PAS-23                             | 2018-11-26 | 2018-12-20  |             124 |              136 |                 126 |               126 |
| C7/1/1/U0 | REEF-ESTATE-23                     | 2018-11-26 | 2018-12-20  |              93 |               94 |                  93 |                94 |
| C7/1/1/U1 | BEL-OMBRE-NEW-23                   | 2018-11-26 | 2018-12-20  |              32 |               37 |                  36 |                37 |
| C7/1/2/U0 | LA-RETRAITE-27                     | 2018-11-26 | 2018-12-20  |             107 |              113 |                 107 |               108 |
| C7/1/2/U1 | TEA-FACTORY-27                     | 2018-11-26 | 2018-12-20  |              19 |               25 |                  22 |                22 |
| C7/1/2/U2 | PAS-27                             | 2018-11-26 | 2018-12-20  |              81 |               84 |                  83 |                84 |
| C7/1/3/U0 | MT-BUXTON-27                       | 2018-11-26 | 2018-12-20  |             128 |              134 |                 127 |               130 |
| C7/1/3/U1 | MT-BUXTON-23                       | 2018-11-26 | 2018-12-20  |              82 |               82 |                  82 |                85 |
| C7/1/4/U0 | REEF-ESTATE-27                     | 2018-11-26 | 2018-12-20  |              69 |               71 |                  69 |                69 |
| C7/1/4/U1 | BEL-OMBRE-NEW-27                   | 2018-11-26 | 2018-12-20  |              28 |               29 |                  28 |                28 |
| C8/0/0/U0 | POLICE-ACADEMY-1-27 - POINTE LARUE | 2018-11-26 | 2018-12-20  |             342 |              353 |                 342 |               344 |
| C8/0/1/U1 | POLICE-ACADEMY-2-27 - TURTLE BAY   | 2018-11-26 | 2018-12-20  |             251 |              264 |                 253 |               256 |
| C8/0/2/U0 | BEAU-VALLON-LEFT-1-57              | 2018-11-26 | 2018-12-20  |             153 |              160 |                 152 |               155 |
| C8/0/3/U1 | BEAU-VALLON-RIGHT-2-57             | 2018-11-26 | 2018-12-20  |             215 |              224 |                 215 |               216 |
| C8/1/0/U0 | MA-JOIE-NODE-27                    | 2018-11-26 | 2018-12-20  |             111 |              115 |                 111 |               114 |
| C8/1/0/U1 | BELONIE-27                         | 2018-11-26 | 2018-12-20  |             129 |              133 |                 128 |               131 |
| C8/1/0/U3 | MA-JOIE-NODE-23                    | 2018-11-26 | 2018-12-20  |             111 |              112 |                 111 |               114 |
| C8/1/1/U0 | 611-C1-ROJN I                      | 2018-11-26 | 2018-12-20  |             168 |              177 |                 168 |               172 |
| C8/1/1/U1 | 611-C5-ROJN II                     | 2018-11-26 | 2018-12-20  |              59 |               61 |                  59 |                61 |
| C8/1/2/U0 | 612-C2-ANSE-ETOILE                 | 2018-11-26 | 2018-12-20  |             172 |              174 |                 171 |               173 |
| C8/1/2/U1 | ANSE-ETOILE-U2                     | 2018-11-26 | 2018-12-20  |             112 |              119 |                 111 |               113 |
| C8/1/3/U0 | 613-C3-ANSE-GAULETTE I             | 2018-11-26 | 2018-12-20  |              70 |               76 |                  70 |                72 |
| C8/1/3/U1 | 613-C7-ANSE-GAULETTE II            | 2018-11-26 | 2018-12-20  |              73 |               83 |                  73 |                74 |
| C8/1/3/U2 | 613-C3-ANSE-GAULETTE III           | 2018-11-26 | 2018-12-20  |              24 |               25 |                  24 |                25 |
| C8/1/3/U3 | TAKAMAKA I                         | 2018-11-26 | 2018-12-20  |             101 |              102 |                 101 |               104 |
| C8/1/3/U4 | TAKAMAKA II                        | 2018-11-26 | 2018-12-20  |              86 |               87 |                  86 |                86 |
| C8/1/4/U0 | 614-BEOLIERE-NODE-1                | 2018-11-26 | 2018-12-20  |             124 |              130 |                 124 |               124 |
| C8/1/4/U1 | 614-BEOLIERE-NODE-2                | 2018-11-26 | 2018-12-20  |              96 |              104 |                  96 |               101 |
+-----------+------------------------------------+------------+-------------+-----------------+------------------+---------------------+-------------------+
67 rows in set (0.37 sec)

+------------------+------------+-------------+-----------------+------------------+----------------------+-------------------+
| MXK_NAME         | MXK_DATE   | INSERTED_ON | UNIQUE_ACCOUNTS | UNIQUE_CONTRACTS | UNIQUE_FSAN_INRCBOSS | UNIQUE_FSAN_INMXK |
+------------------+------------+-------------+-----------------+------------------+----------------------+-------------------+
| NULL             | NULL       | 2018-12-20  |             632 |              648 |                  640 |                 0 |
| MXK-ANSEETOILE   | 2018-11-26 | 2018-12-20  |              53 |               54 |                   54 |                55 |
| MXK-ANSEROYALE   | 2018-11-26 | 2018-12-20  |             111 |              112 |                  112 |               117 |
| MXK-BEAUVALLON   | 2018-11-26 | 2018-12-20  |             826 |              839 |                  834 |               859 |
| MXK-MAHE         | 2018-11-26 | 2018-12-20  |             841 |              873 |                  830 |               942 |
| MXK-PERSEVERANCE | 2018-11-26 | 2018-12-20  |            1002 |             1020 |                 1017 |              1054 |
| MXK-PRASLIN      | 2018-11-26 | 2018-12-20  |            1093 |             1097 |                 1089 |              1126 |
+------------------+------------+-------------+-----------------+------------------+----------------------+-------------------+
7 rows in set (0.33 sec)

mysql> 
mysql> mysql \. C:\workspace\cloud\code\sql\_DailyScript\sales-to-activenumber.sql
Database changed
Query OK, 0 rows affected (0.02 sec)

Query OK, 12349 rows affected (36 min 22.99 sec)
Records: 12349  Duplicates: 0  Warnings: 0

Query OK, 0 rows affected (0.11 sec)

Query OK, 40996 rows affected (33 min 6.99 sec)
Records: 40996  Duplicates: 0  Warnings: 0

mysql> 
mysql> exit
