    -> 
    -> 
    -> mysql \. C:\workspace\cloud\code\sql\_DailyScript\DAILY-SCRIPT-LIVETV-STATS.sql
Database changed
Query OK, 0 rows affected, 1 warning (0.02 sec)

Query OK, 59379 rows affected (7 min 14.31 sec)
Records: 59379  Duplicates: 0  Warnings: 0

+------------+------------+----------+--------------+-------------+-----------+-------------+----------+--------+------+------------+---------+---------------+
| Table      | Non_unique | Key_name | Seq_in_index | Column_name | Collation | Cardinality | Sub_part | Packed | Null | Index_type | Comment | Index_comment |
+------------+------------+----------+--------------+-------------+-----------+-------------+----------+--------+------+------------+---------+---------------+
| templivetv |          1 | idxtv1   |            1 | device      | A         |       59520 |     NULL | NULL   | YES  | BTREE      |         |               |
+------------+------------+----------+--------------+-------------+-----------+-------------+----------+--------+------+------------+---------+---------------+
1 row in set (0.00 sec)

Query OK, 59253 rows affected (58.00 sec)
Records: 59253  Duplicates: 0  Warnings: 0

Query OK, 0 rows affected (0.22 sec)

Query OK, 33138 rows affected (58.38 sec)
Records: 33138  Duplicates: 0  Warnings: 0

+-----------------+
| rep_livetvstats |
+-----------------+
|           33138 |
+-----------------+
1 row in set (0.02 sec)

mysql> mysql \. C:\workspace\cloud\code\sql\_DailyScript\DAILY-SCRIPT-VODTS-STATS.sql
Database changed
Query OK, 0 rows affected (0.05 sec)

Query OK, 0 rows affected, 1 warning (0.00 sec)

Query OK, 157 rows affected (20.34 sec)
Records: 157  Duplicates: 0  Warnings: 0

+---------+------------+----------+--------------+-------------+-----------+-------------+----------+--------+------+------------+---------+---------------+
| Table   | Non_unique | Key_name | Seq_in_index | Column_name | Collation | Cardinality | Sub_part | Packed | Null | Index_type | Comment | Index_comment |
+---------+------------+----------+--------------+-------------+-----------+-------------+----------+--------+------+------------+---------+---------------+
| tempvod |          1 | idxtv1   |            1 | device      | A         |         157 |     NULL | NULL   | YES  | BTREE      |         |               |
+---------+------------+----------+--------------+-------------+-----------+-------------+----------+--------+------+------------+---------+---------------+
1 row in set (0.00 sec)

Query OK, 157 rows affected (0.26 sec)
Records: 157  Duplicates: 0  Warnings: 0

Query OK, 0 rows affected (0.04 sec)

Query OK, 179786 rows affected (7.03 sec)
Records: 179786  Duplicates: 0  Warnings: 0

+--------------+
| rep_vodstats |
+--------------+
|       179786 |
+--------------+
1 row in set (0.07 sec)

Database changed
Query OK, 0 rows affected, 1 warning (0.00 sec)

Query OK, 9488 rows affected (5 min 35.13 sec)
Records: 9488  Duplicates: 0  Warnings: 0

+--------+------------+----------+--------------+-------------+-----------+-------------+----------+--------+------+------------+---------+---------------+
| Table  | Non_unique | Key_name | Seq_in_index | Column_name | Collation | Cardinality | Sub_part | Packed | Null | Index_type | Comment | Index_comment |
+--------+------------+----------+--------------+-------------+-----------+-------------+----------+--------+------+------------+---------+---------------+
| tempts |          1 | idxtv1   |            1 | device      | A         |        9661 |     NULL | NULL   | YES  | BTREE      |         |               |
+--------+------------+----------+--------------+-------------+-----------+-------------+----------+--------+------+------------+---------+---------------+
1 row in set (0.00 sec)

Query OK, 9471 rows affected (24.18 sec)
Records: 9471  Duplicates: 0  Warnings: 0

Query OK, 0 rows affected (0.03 sec)

Query OK, 10324 rows affected (24.95 sec)
Records: 10324  Duplicates: 0  Warnings: 0

+-------------+
| rep_tsstats |
+-------------+
|       10324 |
+-------------+
1 row in set (0.00 sec)

mysql> mysql \. C:\workspace\cloud\code\sql\_DailyScript\DAILY-SCRIPT-RADIO-STATS.sql
Database changed
Query OK, 0 rows affected, 1 warning (0.00 sec)

Query OK, 71774 rows affected (2.47 sec)
Records: 71774  Duplicates: 0  Warnings: 0

+-----------+------------+----------+--------------+-------------+-----------+-------------+----------+--------+------+------------+---------+---------------+
| Table     | Non_unique | Key_name | Seq_in_index | Column_name | Collation | Cardinality | Sub_part | Packed | Null | Index_type | Comment | Index_comment |
+-----------+------------+----------+--------------+-------------+-----------+-------------+----------+--------+------+------------+---------+---------------+
| tempradio |          1 | idxrad1  |            1 | device      | A         |       64853 |     NULL | NULL   | YES  | BTREE      |         |               |
+-----------+------------+----------+--------------+-------------+-----------+-------------+----------+--------+------+------------+---------+---------------+
1 row in set (0.02 sec)

Query OK, 411 rows affected (2.27 sec)
Records: 411  Duplicates: 0  Warnings: 0

Query OK, 0 rows affected (0.02 sec)

Query OK, 1286 rows affected (0.19 sec)
Records: 1286  Duplicates: 0  Warnings: 0

+----------------+
| rep_radiostats |
+----------------+
|           1286 |
+----------------+
1 row in set (0.00 sec)

mysql> 
mysql> mysql \. C:\workspace\cloud\code\sql\_DailyScript\DAILY-SCRIPT-CREATE-LOAD.sql
Database changed
Query OK, 0 rows affected (0.00 sec)

Query OK, 0 rows affected (0.00 sec)

Query OK, 0 rows affected (0.00 sec)

Database changed
Query OK, 0 rows affected (0.54 sec)

Query OK, 0 rows affected (0.10 sec)

Database changed
Query OK, 63838 rows affected (5.43 sec)
Records: 63838  Deleted: 0  Skipped: 0  Warnings: 0

Query OK, 0 rows affected (0.42 sec)
Records: 0  Duplicates: 0  Warnings: 0

Query OK, 0 rows affected (0.95 sec)
Records: 0  Duplicates: 0  Warnings: 0

Query OK, 0 rows affected (0.45 sec)
Records: 0  Duplicates: 0  Warnings: 0

Query OK, 0 rows affected (0.37 sec)
Records: 0  Duplicates: 0  Warnings: 0

Query OK, 0 rows affected (0.08 sec)

Query OK, 81368 rows affected (4.61 sec)
Records: 81368  Duplicates: 0  Warnings: 0

Query OK, 0 rows affected (0.65 sec)
Records: 0  Duplicates: 0  Warnings: 0

Query OK, 0 rows affected (0.56 sec)

Query OK, 63838 rows affected (5.36 sec)
Records: 63838  Duplicates: 0  Warnings: 0

Query OK, 0 rows affected (0.55 sec)
Records: 0  Duplicates: 0  Warnings: 0

Query OK, 0 rows affected (0.40 sec)
Records: 0  Duplicates: 0  Warnings: 0

Query OK, 0 rows affected (0.33 sec)
Records: 0  Duplicates: 0  Warnings: 0

+---------+
| clients |
+---------+
|   63838 |
+---------+
1 row in set (0.03 sec)

+---------------+
| clientaddress |
+---------------+
|         63838 |
+---------------+
1 row in set (0.03 sec)

Database changed
Query OK, 0 rows affected (0.18 sec)

Query OK, 0 rows affected (0.12 sec)

Database changed
Query OK, 443424 rows affected, 65535 warnings (31.43 sec)
Records: 443424  Deleted: 0  Skipped: 0  Warnings: 166070

Query OK, 0 rows affected (2.97 sec)
Records: 0  Duplicates: 0  Warnings: 0

Query OK, 0 rows affected (3.29 sec)
Records: 0  Duplicates: 0  Warnings: 0

Query OK, 0 rows affected (2.79 sec)
Records: 0  Duplicates: 0  Warnings: 0

Query OK, 0 rows affected (0.02 sec)

Query OK, 443424 rows affected (2 min 11.04 sec)
Records: 443424  Duplicates: 0  Warnings: 0

Query OK, 0 rows affected (7.77 sec)
Records: 0  Duplicates: 0  Warnings: 0

Query OK, 0 rows affected (6.57 sec)
Records: 0  Duplicates: 0  Warnings: 0

+-----------+
| contracts |
+-----------+
|    443424 |
+-----------+
1 row in set (0.57 sec)

+-----------------+
| contractaddress |
+-----------------+
|          443424 |
+-----------------+
1 row in set (0.50 sec)

Database changed
Query OK, 0 rows affected (0.07 sec)

Query OK, 0 rows affected (0.39 sec)

Query OK, 6166 rows affected (0.26 sec)
Records: 6166  Deleted: 0  Skipped: 0  Warnings: 0

Query OK, 0 rows affected (0.15 sec)

Query OK, 6135 rows affected (2.37 sec)
Records: 6135  Duplicates: 0  Warnings: 0

Query OK, 0 rows affected (0.46 sec)
Records: 0  Duplicates: 0  Warnings: 0

Query OK, 0 rows affected (0.23 sec)

Query OK, 5052 rows affected (0.19 sec)
Records: 5052  Duplicates: 0  Warnings: 0

Query OK, 0 rows affected (0.22 sec)
Records: 0  Duplicates: 0  Warnings: 0

+-------------------+
| contractdiscounts |
+-------------------+
|              6166 |
+-------------------+
1 row in set (0.00 sec)

+-------------------------+
| clientcontractdiscounts |
+-------------------------+
|                    6135 |
+-------------------------+
1 row in set (0.01 sec)

+----------------------------+
| clientcontractlastdiscount |
+----------------------------+
|                       5052 |
+----------------------------+
1 row in set (0.00 sec)

Database changed
Query OK, 0 rows affected (0.56 sec)

Query OK, 0 rows affected (0.05 sec)

Database changed
Query OK, 121905 rows affected (12.77 sec)
Records: 121905  Deleted: 0  Skipped: 0  Warnings: 0

Query OK, 0 rows affected (1.36 sec)
Records: 0  Duplicates: 0  Warnings: 0

Query OK, 0 rows affected (3.12 sec)
Records: 0  Duplicates: 0  Warnings: 0

Query OK, 0 rows affected (1.03 sec)
Records: 0  Duplicates: 0  Warnings: 0

Query OK, 0 rows affected (0.59 sec)
Records: 0  Duplicates: 0  Warnings: 0

Query OK, 0 rows affected (0.93 sec)
Records: 0  Duplicates: 0  Warnings: 0

Query OK, 0 rows affected (1.95 sec)
Records: 0  Duplicates: 0  Warnings: 0

Query OK, 0 rows affected (0.13 sec)

Query OK, 1508268 rows affected (4 min 33.70 sec)
Records: 1508268  Duplicates: 0  Warnings: 0

+---------+
| devices |
+---------+
|  121905 |
+---------+
1 row in set (0.44 sec)

+-----------------------+
| clientcontractdevices |
+-----------------------+
|               1508268 |
+-----------------------+
1 row in set (1.19 sec)

Query OK, 0 rows affected (0.32 sec)

Query OK, 121748 rows affected (21.68 sec)
Records: 121748  Duplicates: 0  Warnings: 0

+---------------------------+
| rep_clientcontractdevices |
+---------------------------+
|                    121748 |
+---------------------------+
1 row in set (0.03 sec)

Database changed
Query OK, 0 rows affected (0.26 sec)

Query OK, 0 rows affected (0.24 sec)

Query OK, 216809 rows affected (9.77 sec)
Records: 216809  Deleted: 0  Skipped: 0  Warnings: 0

Query OK, 0 rows affected (0.98 sec)
Records: 0  Duplicates: 0  Warnings: 0

Query OK, 0 rows affected (0.73 sec)
Records: 0  Duplicates: 0  Warnings: 0

Query OK, 0 rows affected (0.67 sec)
Records: 0  Duplicates: 0  Warnings: 0

Query OK, 0 rows affected (0.89 sec)
Records: 0  Duplicates: 0  Warnings: 0

+---------+
| tickets |
+---------+
|  216809 |
+---------+
1 row in set (0.09 sec)

Database changed
Query OK, 0 rows affected (0.03 sec)

Query OK, 0 rows affected (0.07 sec)

Query OK, 0 rows affected (0.03 sec)
Records: 0  Duplicates: 0  Warnings: 0

Query OK, 437098 rows affected, 38074 warnings (15.46 sec)
Records: 437098  Deleted: 0  Skipped: 0  Warnings: 38074

+-------------------+
| ticketassignments |
+-------------------+
|            437098 |
+-------------------+
1 row in set (0.14 sec)

Database changed
Query OK, 0 rows affected (0.15 sec)

Query OK, 0 rows affected (0.07 sec)

Query OK, 921404 rows affected (26.30 sec)
Records: 921404  Deleted: 0  Skipped: 0  Warnings: 0

Query OK, 0 rows affected (4.46 sec)
Records: 0  Duplicates: 0  Warnings: 0

Query OK, 0 rows affected (3.26 sec)
Records: 0  Duplicates: 0  Warnings: 0

Query OK, 0 rows affected (3.08 sec)
Records: 0  Duplicates: 0  Warnings: 0

Query OK, 0 rows affected (2.87 sec)
Records: 0  Duplicates: 0  Warnings: 0

+----------------+
| ticketcomments |
+----------------+
|         921404 |
+----------------+
1 row in set (0.54 sec)

Database changed
Query OK, 0 rows affected (0.01 sec)

Query OK, 0 rows affected (0.00 sec)

Query OK, 375284 rows affected (42.17 sec)
Records: 375284  Deleted: 0  Skipped: 0  Warnings: 0

Query OK, 0 rows affected (2.95 sec)
Records: 0  Duplicates: 0  Warnings: 0

+----------+
| comments |
+----------+
|   375284 |
+----------+
1 row in set (0.13 sec)

Database changed
Query OK, 0 rows affected (0.09 sec)

Query OK, 0 rows affected (0.03 sec)

Query OK, 408985 rows affected, 65535 warnings (59.76 sec)
Records: 408985  Deleted: 0  Skipped: 0  Warnings: 408985

Query OK, 0 rows affected (1.68 sec)
Records: 0  Duplicates: 0  Warnings: 0

Query OK, 0 rows affected (1.59 sec)
Records: 0  Duplicates: 0  Warnings: 0

Query OK, 0 rows affected (1.64 sec)
Records: 0  Duplicates: 0  Warnings: 0

Query OK, 0 rows affected (1.74 sec)
Records: 0  Duplicates: 0  Warnings: 0

Query OK, 0 rows affected (2.07 sec)
Records: 0  Duplicates: 0  Warnings: 0

+------------+
| devicesold |
+------------+
|     408985 |
+------------+
1 row in set (0.13 sec)

Database changed
Query OK, 0 rows affected (0.39 sec)

Query OK, 0 rows affected (0.04 sec)

Query OK, 1502010 rows affected (40.33 sec)
Records: 1502010  Deleted: 0  Skipped: 0  Warnings: 0

Query OK, 0 rows affected (5.38 sec)
Records: 0  Duplicates: 0  Warnings: 0

Query OK, 0 rows affected (5.58 sec)
Records: 0  Duplicates: 0  Warnings: 0

Query OK, 0 rows affected (5.09 sec)
Records: 0  Duplicates: 0  Warnings: 0

+------------------+
| contractservices |
+------------------+
|          1502010 |
+------------------+
1 row in set (0.57 sec)

Database changed
Query OK, 0 rows affected (0.42 sec)

Query OK, 0 rows affected (0.13 sec)

Query OK, 3234460 rows affected (3 min 19.46 sec)
Records: 3234460  Deleted: 0  Skipped: 0  Warnings: 0

Query OK, 0 rows affected (14.43 sec)
Records: 0  Duplicates: 0  Warnings: 0

Query OK, 0 rows affected (16.61 sec)
Records: 0  Duplicates: 0  Warnings: 0

Query OK, 0 rows affected (20.34 sec)
Records: 0  Duplicates: 0  Warnings: 0

Query OK, 0 rows affected (23.96 sec)
Records: 0  Duplicates: 0  Warnings: 0

+------------------+
| invoicescontents |
+------------------+
|          3234460 |
+------------------+
1 row in set (1.47 sec)

Database changed
Query OK, 0 rows affected (0.33 sec)

Query OK, 0 rows affected (0.53 sec)

Query OK, 2195849 rows affected (5 min 56.50 sec)
Records: 2195849  Deleted: 0  Skipped: 0  Warnings: 0

Query OK, 0 rows affected (35.65 sec)
Records: 0  Duplicates: 0  Warnings: 0

Query OK, 0 rows affected (17.46 sec)
Records: 0  Duplicates: 0  Warnings: 0

Query OK, 0 rows affected (12.78 sec)
Records: 0  Duplicates: 0  Warnings: 0

Query OK, 0 rows affected (12.65 sec)
Records: 0  Duplicates: 0  Warnings: 0

Query OK, 0 rows affected (14.93 sec)
Records: 0  Duplicates: 0  Warnings: 0

+----------------+
| invoicesheader |
+----------------+
|        2195849 |
+----------------+
1 row in set (0.84 sec)

Database changed
Query OK, 0 rows affected (0.20 sec)

Query OK, 0 rows affected (0.36 sec)

Query OK, 2370240 rows affected (1 min 53.87 sec)
Records: 2370240  Deleted: 0  Skipped: 0  Warnings: 0

Query OK, 0 rows affected (11.79 sec)
Records: 0  Duplicates: 0  Warnings: 0

Query OK, 0 rows affected (15.15 sec)
Records: 0  Duplicates: 0  Warnings: 0

Query OK, 0 rows affected (12.81 sec)
Records: 0  Duplicates: 0  Warnings: 0

Query OK, 0 rows affected (11.55 sec)
Records: 0  Duplicates: 0  Warnings: 0

+---------+
| casa    |
+---------+
| 2370240 |
+---------+
1 row in set (1.02 sec)

Database changed
Query OK, 0 rows affected (0.13 sec)

Query OK, 0 rows affected (0.01 sec)

Database changed
Query OK, 36526 rows affected (1.32 sec)
Records: 36526  Deleted: 0  Skipped: 0  Warnings: 0

+-------+
| users |
+-------+
| 36526 |
+-------+
1 row in set (0.02 sec)

Database changed
Query OK, 0 rows affected (0.02 sec)

Query OK, 0 rows affected (0.01 sec)

Database changed
Query OK, 3831797 rows affected (1 min 27.47 sec)
Records: 3831797  Deleted: 0  Skipped: 0  Warnings: 0

+---------+
| ipusage |
+---------+
| 3831797 |
+---------+
1 row in set (2.24 sec)

mysql> mysql \. C:\workspace\cloud\code\sql\_DailyScript\ticket_analysis.sql
Database changed
Query OK, 0 rows affected (0.08 sec)

Query OK, 282398 rows affected (19.42 sec)
Records: 282398  Duplicates: 0  Warnings: 0

Query OK, 0 rows affected (1.68 sec)
Records: 0  Duplicates: 0  Warnings: 0

Query OK, 0 rows affected (1.62 sec)
Records: 0  Duplicates: 0  Warnings: 0

Query OK, 0 rows affected (0.77 sec)
Records: 0  Duplicates: 0  Warnings: 0

Query OK, 0 rows affected (0.13 sec)

Query OK, 10956 rows affected (5.84 sec)
Records: 10956  Duplicates: 0  Warnings: 0

Query OK, 0 rows affected, 1 warning (0.00 sec)

Query OK, 38430 rows affected (5.13 sec)
Records: 38430  Duplicates: 0  Warnings: 0

Query OK, 0 rows affected, 1 warning (0.00 sec)

Query OK, 198114 rows affected (9.06 sec)
Records: 198114  Duplicates: 0  Warnings: 0

Query OK, 0 rows affected, 1 warning (0.00 sec)

Query OK, 198114 rows affected (8.45 sec)
Records: 198114  Duplicates: 0  Warnings: 0

Query OK, 0 rows affected (0.04 sec)

Query OK, 38466 rows affected (3.46 sec)
Records: 38466  Duplicates: 0  Warnings: 0

Query OK, 0 rows affected (0.00 sec)

Query OK, 61 rows affected (0.22 sec)
Records: 61  Duplicates: 0  Warnings: 0

mysql> mysql \. C:\workspace\cloud\code\sql\_DailyScript\load DailyCalls.sql
Database changed
Query OK, 0 rows affected (0.02 sec)

Query OK, 0 rows affected (0.00 sec)

Query OK, 352 rows affected (0.84 sec)
Records: 352  Deleted: 0  Skipped: 0  Warnings: 0

Query OK, 0 rows affected, 1 warning (0.00 sec)

Query OK, 345 rows affected (0.26 sec)
Records: 345  Duplicates: 0  Warnings: 0

Query OK, 0 rows affected, 1 warning (0.00 sec)

Query OK, 64587 rows affected (1.43 sec)
Records: 64587  Duplicates: 0  Warnings: 0

Query OK, 528 rows affected (9.05 sec)
Records: 528  Duplicates: 0  Warnings: 0

Query OK, 0 rows affected (0.00 sec)

Query OK, 221 rows affected (11.30 sec)
Records: 221  Duplicates: 0  Warnings: 0

Query OK, 0 rows affected (0.00 sec)

Query OK, 10599 rows affected (1.50 sec)
Records: 10599  Duplicates: 0  Warnings: 0

+-----------+
| callstats |
+-----------+
|     10599 |
+-----------+
1 row in set (0.00 sec)

mysql> 
mysql> mysql \. C:\workspace\cloud\code\sql\_DailyScript\DAILY-SCRIPT-USAGE.sql
Database changed
Query OK, 0 rows affected (0.00 sec)

Query OK, 0 rows affected (0.00 sec)

Query OK, 0 rows affected (0.00 sec)

Query OK, 2801 rows affected, 8098 warnings (1.82 sec)
Records: 2801  Deleted: 0  Skipped: 0  Warnings: 8098

Query OK, 0 rows affected (0.00 sec)

Query OK, 5577 rows affected, 16044 warnings (2.75 sec)
Records: 5577  Deleted: 0  Skipped: 0  Warnings: 16044

Query OK, 0 rows affected (0.00 sec)

Query OK, 89 rows affected, 316 warnings (0.05 sec)
Records: 89  Deleted: 0  Skipped: 0  Warnings: 316

Query OK, 0 rows affected (0.00 sec)

Query OK, 458 rows affected, 1572 warnings (0.27 sec)
Records: 458  Deleted: 0  Skipped: 0  Warnings: 1572

+----------+
| count(1) |
+----------+
|  2369814 |
+----------+
1 row in set (5.34 sec)

+------------+------------+------------+---------+
| datestart  | dateend    | insertedon | records |
+------------+------------+------------+---------+
| 2018-08-17 | 2018-08-17 | 2018-08-18 |    8925 |
| 2018-08-16 | 2018-08-16 | 2018-08-17 |    8895 |
| 2018-08-15 | 2018-08-15 | 2018-08-16 |    8700 |
| 2018-08-14 | 2018-08-14 | 2018-08-15 |    9095 |
| 2018-08-13 | 2018-08-13 | 2018-08-14 |    8958 |
+------------+------------+------------+---------+
5 rows in set (1 min 19.92 sec)

mysql> mysql \. C:\workspace\cloud\code\sql\_DailyScript\DAILY-SCRIPT-SALES-TELEMETRY.sql
Database changed
Query OK, 179 rows affected, 89 warnings (0.22 sec)
Records: 179  Deleted: 0  Skipped: 0  Warnings: 89

+------------+
| dailysales |
+------------+
|     116248 |
+------------+
1 row in set (0.52 sec)

Query OK, 0 rows affected (0.01 sec)

Query OK, 116248 rows affected (15.38 sec)
Records: 116248  Duplicates: 0  Warnings: 0

+--------+
| sales  |
+--------+
| 116248 |
+--------+
1 row in set (0.06 sec)

Query OK, 0 rows affected (0.07 sec)

Query OK, 2055 rows affected (0.74 sec)
Records: 2055  Duplicates: 0  Warnings: 0

+-----------+
| saleslist |
+-----------+
|      2055 |
+-----------+
1 row in set (0.02 sec)

Database changed
Query OK, 15 rows affected (0.16 sec)
Records: 15  Deleted: 0  Skipped: 0  Warnings: 0

+------------------+
| dailysinglesales |
+------------------+
|             4531 |
+------------------+
1 row in set (0.05 sec)

Database changed
Query OK, 29 rows affected (0.07 sec)
Records: 29  Deleted: 0  Skipped: 0  Warnings: 0

+-----------------+
| dailyaddonsales |
+-----------------+
|           11824 |
+-----------------+
1 row in set (0.08 sec)

Query OK, 53 rows affected (0.31 sec)
Records: 53  Deleted: 0  Skipped: 0  Warnings: 0

+----------------+
| onlinepayments |
+----------------+
|          28532 |
+----------------+
1 row in set (0.36 sec)

+-------------+----------------+---------------------+
| paymentdate | onlinepayments | onlinepaymentamount |
+-------------+----------------+---------------------+
| 2018-08-17  |             53 |         21716.70000 |
| 2018-08-16  |             88 |         50221.11000 |
| 2018-08-15  |             66 |         30449.05000 |
| 2018-08-14  |             74 |         40567.21000 |
| 2018-08-13  |             76 |         37151.59000 |
+-------------+----------------+---------------------+
5 rows in set (1.36 sec)

+-------------+--------------+----------------+---------------------+
| paymentyear | paymentmonth | onlinepayments | onlinepaymentamount |
+-------------+--------------+----------------+---------------------+
|        2018 |            8 |           1313 |        742815.36000 |
|        2018 |            7 |           2521 |       1406138.40000 |
|        2018 |            6 |           2465 |       1394365.47000 |
|        2018 |            5 |           2330 |       1252012.49000 |
|        2018 |            4 |           2427 |       1314697.50000 |
+-------------+--------------+----------------+---------------------+
5 rows in set (0.03 sec)

mysql> 
mysql> mysql \. C:\workspace\cloud\code\sql\_DailyScript\DAILY-SCRIPT-ACTIVENUMBERS.sql
Database changed
Query OK, 0 rows affected (0.00 sec)

Query OK, 1323 rows affected (1.76 sec)
Records: 1323  Deleted: 0  Skipped: 0  Warnings: 0

Query OK, 0 rows affected (0.02 sec)

Query OK, 86 rows affected (1.92 sec)
Records: 86  Duplicates: 0  Warnings: 0

+------------+----------+
| period     | count(1) |
+------------+----------+
| 2018-08-17 |     1323 |
| 2018-08-16 |     1323 |
| 2018-08-15 |     1322 |
| 2018-08-14 |     1323 |
| 2018-08-13 |     1323 |
+------------+----------+
5 rows in set (0.00 sec)

Database changed
Query OK, 0 rows affected (0.02 sec)

Query OK, 0 rows affected (0.00 sec)

Query OK, 0 rows affected (0.00 sec)

Query OK, 0 rows affected (0.00 sec)

Query OK, 26451 rows affected, 298 warnings (2 min 1.35 sec)
Records: 26451  Deleted: 0  Skipped: 0  Warnings: 298

+------------+----------+
| period     | count(1) |
+------------+----------+
| 2018-08-17 |    26451 |
| 2018-08-16 |    26400 |
| 2018-08-15 |    26396 |
| 2018-08-14 |    26549 |
| 2018-08-13 |    26543 |
+------------+----------+
5 rows in set (0.76 sec)

Query OK, 0 rows affected (0.07 sec)

Query OK, 25795 rows affected (2 min 19.13 sec)
Records: 25795  Duplicates: 0  Warnings: 0

Query OK, 0 rows affected (0.35 sec)
Records: 0  Duplicates: 0  Warnings: 0

Query OK, 0 rows affected (0.48 sec)
Records: 0  Duplicates: 0  Warnings: 0

Query OK, 0 rows affected (0.28 sec)
Records: 0  Duplicates: 0  Warnings: 0

Query OK, 0 rows affected (0.11 sec)
Records: 0  Duplicates: 0  Warnings: 0

Query OK, 0 rows affected (0.20 sec)
Records: 0  Duplicates: 0  Warnings: 0

Query OK, 0 rows affected (0.09 sec)
Records: 0  Duplicates: 0  Warnings: 0

+----------+
| count(1) |
+----------+
| 19047589 |
+----------+
1 row in set (55.68 sec)

Query OK, 25795 rows affected (1 min 31.44 sec)
Records: 25795  Duplicates: 0  Warnings: 0

+----------+
| count(1) |
+----------+
| 19073384 |
+----------+
1 row in set (10.37 sec)

+------------+--------------------------+
| period     | customercontractactivity |
+------------+--------------------------+
| 2018-08-17 |                    25795 |
| 2018-08-16 |                    25744 |
| 2018-08-15 |                    25740 |
| 2018-08-14 |                    25893 |
| 2018-08-13 |                    25880 |
+------------+--------------------------+
5 rows in set (0.07 sec)

Query OK, 0 rows affected (0.03 sec)

Query OK, 179109 rows affected (13 min 46.65 sec)
Records: 179109  Duplicates: 0  Warnings: 0

Query OK, 0 rows affected (0.02 sec)

Query OK, 254 rows affected (0.63 sec)
Records: 254  Duplicates: 0  Warnings: 0

Query OK, 0 rows affected (0.10 sec)

Query OK, 2347 rows affected (0.66 sec)
Records: 2347  Duplicates: 0  Warnings: 0

Query OK, 0 rows affected (0.02 sec)

Query OK, 25787 rows affected (1.09 sec)
Records: 25787  Duplicates: 0  Warnings: 0

Query OK, 0 rows affected (0.00 sec)

Query OK, 17091 rows affected (1.24 sec)
Records: 17091  Duplicates: 0  Warnings: 0

Query OK, 0 rows affected (0.04 sec)

Query OK, 17091 rows affected (0.18 sec)
Records: 17091  Duplicates: 0  Warnings: 0

Query OK, 0 rows affected (0.06 sec)

Query OK, 17091 rows affected (2.44 sec)
Records: 17091  Duplicates: 0  Warnings: 0

Query OK, 0 rows affected (0.02 sec)

Query OK, 17091 rows affected (1 min 1.13 sec)
Records: 17091  Duplicates: 0  Warnings: 0

+-------------+
| clientstats |
+-------------+
|       17091 |
+-------------+
1 row in set (0.00 sec)

Query OK, 0 rows affected (0.00 sec)

Query OK, 8 rows affected, 1 warning (0.16 sec)
Records: 8  Duplicates: 0  Warnings: 1

+------------------+-------------+-------------+----------------+-----------------+
| services         | activecount | allaccounts | uniqueaccounts | uniquecontracts |
+------------------+-------------+-------------+----------------+-----------------+
| All              |         649 |         182 |            182 |             563 |
| Internet & Voice |         505 |         236 |            236 |             466 |
| Internet Only    |        4191 |        4058 |           4047 |            4132 |
| TV & Internet    |        9832 |        4151 |           4147 |            8449 |
| TV & Voice       |         123 |          48 |             48 |              98 |
| TV Only          |       11016 |        8209 |           8198 |            8429 |
| Voice Only       |         208 |         207 |            207 |             208 |
| GRAND TOTAL      |       26524 |       17091 |          17033 |           22345 |
+------------------+-------------+-------------+----------------+-----------------+
8 rows in set (0.00 sec)

+-------------+-------------+-------------+----------------+-----------------+
| network     | activecount | allaccounts | uniqueaccounts | uniquecontracts |
+-------------+-------------+-------------+----------------+-----------------+
| ADDON       |           7 |           3 |              3 |               3 |
| GPON        |        5611 |        2876 |           2876 |            4375 |
| HFC         |       20906 |       14212 |          14212 |           17967 |
| GRAND TOTAL |       26524 |       17091 |          17033 |           22345 |
+-------------+-------------+-------------+----------------+-----------------+
4 rows in set, 1 warning (0.14 sec)

+-------------+------------------+-------------+-------------+----------------+-----------------+
| network     | services         | activecount | allaccounts | uniqueaccounts | uniquecontracts |
+-------------+------------------+-------------+-------------+----------------+-----------------+
| ADDON       | TV Only          |           7 |           3 |              3 |               3 |
| ADDON       | Services Total   |           7 |           3 |              3 |               3 |
| GPON        | All              |         124 |          34 |             34 |             105 |
| GPON        | Internet & Voice |          52 |          20 |             20 |              42 |
| GPON        | Internet Only    |         683 |         608 |            608 |             625 |
| GPON        | TV & Internet    |        3200 |        1261 |           1261 |            2602 |
| GPON        | TV & Voice       |          28 |          11 |             11 |              23 |
| GPON        | TV Only          |        1515 |         933 |            933 |             969 |
| GPON        | Voice Only       |           9 |           9 |              9 |               9 |
| GPON        | Services Total   |        5611 |        2876 |           2876 |            4375 |
| HFC         | All              |         525 |         148 |            148 |             458 |
| HFC         | Internet & Voice |         453 |         216 |            216 |             424 |
| HFC         | Internet Only    |        3508 |        3450 |           3450 |            3507 |
| HFC         | TV & Internet    |        6632 |        2890 |           2890 |            5847 |
| HFC         | TV & Voice       |          95 |          37 |             37 |              75 |
| HFC         | TV Only          |        9494 |        7273 |           7273 |            7457 |
| HFC         | Voice Only       |         199 |         198 |            198 |             199 |
| HFC         | Services Total   |       20906 |       14212 |          14212 |           17967 |
| GRAND TOTAL | Services Total   |       26524 |       17091 |          17033 |           22345 |
+-------------+------------------+-------------+-------------+----------------+-----------------+
19 rows in set, 2 warnings (0.15 sec)

Query OK, 0 rows affected (0.02 sec)

Query OK, 32 rows affected, 3 warnings (0.22 sec)
Records: 32  Duplicates: 0  Warnings: 3

+-------------+---------------+------------------+-------------+-------------+----------------+-----------------+
| region      | network       | services         | activecount | allaccounts | uniqueaccounts | uniquecontracts |
+-------------+---------------+------------------+-------------+-------------+----------------+-----------------+
| Mahe        | ADDON         | TV Only          |           6 |           2 |              2 |               2 |
| Mahe        | ADDON         | Services Total   |           6 |           2 |              2 |               2 |
| Mahe        | GPON          | All              |          93 |          25 |             25 |              76 |
| Mahe        | GPON          | Internet & Voice |          44 |          16 |             16 |              34 |
| Mahe        | GPON          | Internet Only    |         504 |         430 |            430 |             446 |
| Mahe        | GPON          | TV & Internet    |        1972 |         761 |            761 |            1563 |
| Mahe        | GPON          | TV & Voice       |          28 |          11 |             11 |              23 |
| Mahe        | GPON          | TV Only          |        1089 |         632 |            632 |             653 |
| Mahe        | GPON          | Voice Only       |           6 |           6 |              6 |               6 |
| Mahe        | GPON          | Services Total   |        3736 |        1881 |           1881 |            2801 |
| Mahe        | HFC           | All              |         525 |         148 |            148 |             458 |
| Mahe        | HFC           | Internet & Voice |         453 |         216 |            216 |             424 |
| Mahe        | HFC           | Internet Only    |        3508 |        3450 |           3450 |            3507 |
| Mahe        | HFC           | TV & Internet    |        6632 |        2890 |           2890 |            5847 |
| Mahe        | HFC           | TV & Voice       |          95 |          37 |             37 |              75 |
| Mahe        | HFC           | TV Only          |        9492 |        7272 |           7272 |            7456 |
| Mahe        | HFC           | Voice Only       |         199 |         198 |            198 |             199 |
| Mahe        | HFC           | Services Total   |       20904 |       14211 |          14211 |           17966 |
| Mahe        | Network Total | Services Total   |       24646 |       16094 |          16037 |           20769 |
| Praslin     | ADDON         | TV Only          |           1 |           1 |              1 |               1 |
| Praslin     | ADDON         | Services Total   |           1 |           1 |              1 |               1 |
| Praslin     | GPON          | All              |          31 |           9 |              9 |              29 |
| Praslin     | GPON          | Internet & Voice |           8 |           4 |              4 |               8 |
| Praslin     | GPON          | Internet Only    |         179 |         178 |            178 |             179 |
| Praslin     | GPON          | TV & Internet    |        1228 |         500 |            500 |            1039 |
| Praslin     | GPON          | TV Only          |         426 |         301 |            301 |             316 |
| Praslin     | GPON          | Voice Only       |           3 |           3 |              3 |               3 |
| Praslin     | GPON          | Services Total   |        1875 |         995 |            995 |            1574 |
| Praslin     | HFC           | TV Only          |           2 |           1 |              1 |               1 |
| Praslin     | HFC           | Services Total   |           2 |           1 |              1 |               1 |
| Praslin     | Network Total | Services Total   |        1878 |         997 |            996 |            1576 |
| GRAND TOTAL | Network Total | Services Total   |       26524 |       17091 |          17033 |           22345 |
+-------------+---------------+------------------+-------------+-------------+----------------+-----------------+
32 rows in set (0.00 sec)

Query OK, 0 rows affected (0.01 sec)

Query OK, 25788 rows affected (0.99 sec)
Records: 25788  Duplicates: 0  Warnings: 0

Query OK, 0 rows affected (0.14 sec)

Query OK, 1542 rows affected (4.03 sec)
Records: 1542  Duplicates: 0  Warnings: 0

Query OK, 839 rows affected (2 min 9.69 sec)

Query OK, 0 rows affected (0.00 sec)

Query OK, 388 rows affected (19 min 13.78 sec)
Records: 388  Duplicates: 0  Warnings: 0

+---------------------------+
| retentioncustomeractivity |
+---------------------------+
|                       388 |
+---------------------------+
1 row in set (0.01 sec)

mysql> 
mysql> 
mysql> mysql \. C:\workspace\cloud\code\sql\_DailyScript\reports-sales-addons-prepaid-camera.sql
Database changed
Query OK, 0 rows affected (0.03 sec)

Query OK, 2725 rows affected (0.32 sec)
Records: 2725  Duplicates: 0  Warnings: 0

Query OK, 0 rows affected (0.03 sec)

Query OK, 11833 rows affected (17.68 sec)
Records: 11833  Duplicates: 0  Warnings: 0

+--------------------+
| rep_prepaid_camera |
+--------------------+
|               2725 |
+--------------------+
1 row in set (0.00 sec)

+-----------+
| rep_addon |
+-----------+
|     11833 |
+-----------+
1 row in set (0.02 sec)

mysql> mysql \. C:\workspace\cloud\code\sql\_DailyScript\housing-estate-analysis.sql
Database changed
Query OK, 0 rows affected (0.02 sec)

Query OK, 2596 rows affected (52.01 sec)
Records: 2596  Duplicates: 0  Warnings: 0

+--------------------+
| rep_housingestates |
+--------------------+
|               2596 |
+--------------------+
1 row in set (0.00 sec)

mysql> 
mysql> mysql \. C:\workspace\cloud\code\sql\_DailyScript\sales-to-activenumber.sql
Database changed
Query OK, 0 rows affected (0.00 sec)

Query OK, 9921 rows affected (17 min 6.82 sec)
Records: 9921  Duplicates: 0  Warnings: 0

Query OK, 0 rows affected (0.10 sec)

Query OK, 29613 rows affected (13 min 16.54 sec)
Records: 29613  Duplicates: 0  Warnings: 0

mysql> mysql \. C:\workspace\cloud\code\sql\_DailyScript\RCB_ClientAnalyticsReport_Script.sql
Database changed
Query OK, 0 rows affected (0.00 sec)

Query OK, 0 rows affected (0.21 sec)

Query OK, 1502221 rows affected (2 min 37.66 sec)
Records: 1502221  Duplicates: 0  Warnings: 0

Query OK, 0 rows affected (6.38 sec)
Records: 0  Duplicates: 0  Warnings: 0

Query OK, 0 rows affected (6.44 sec)
Records: 0  Duplicates: 0  Warnings: 0

Query OK, 0 rows affected (11.07 sec)
Records: 0  Duplicates: 0  Warnings: 0

Query OK, 0 rows affected (10.33 sec)
Records: 0  Duplicates: 0  Warnings: 0

Query OK, 0 rows affected (10.41 sec)
Records: 0  Duplicates: 0  Warnings: 0

Query OK, 0 rows affected (8.26 sec)
Records: 0  Duplicates: 0  Warnings: 0

Query OK, 0 rows affected (0.00 sec)

Query OK, 403379 rows affected (19.74 sec)
Rows matched: 1502221  Changed: 403379  Warnings: 0

Query OK, 0 rows affected (0.06 sec)

Query OK, 26843 rows affected (2.93 sec)
Records: 26843  Duplicates: 0  Warnings: 0

Query OK, 0 rows affected (0.01 sec)

Query OK, 40811 rows affected (11 min 47.92 sec)
Records: 40811  Duplicates: 0  Warnings: 0

Query OK, 0 rows affected (0.68 sec)
Records: 0  Duplicates: 0  Warnings: 0

Query OK, 0 rows affected (0.17 sec)
Records: 0  Duplicates: 0  Warnings: 0

Query OK, 0 rows affected (0.30 sec)
Records: 0  Duplicates: 0  Warnings: 0

Query OK, 0 rows affected (0.07 sec)

Query OK, 382223 rows affected (4 min 43.72 sec)
Records: 382223  Duplicates: 0  Warnings: 0

Query OK, 0 rows affected (2.71 sec)
Records: 0  Duplicates: 0  Warnings: 0

Query OK, 0 rows affected (2.66 sec)
Records: 0  Duplicates: 0  Warnings: 0

Query OK, 0 rows affected (1.86 sec)
Records: 0  Duplicates: 0  Warnings: 0

Query OK, 0 rows affected (2.53 sec)
Records: 0  Duplicates: 0  Warnings: 0

Query OK, 0 rows affected (1.90 sec)
Records: 0  Duplicates: 0  Warnings: 0

Query OK, 0 rows affected (0.02 sec)

Query OK, 40811 rows affected (1 min 25.40 sec)
Records: 40811  Duplicates: 0  Warnings: 0

+--------------+
| clientreport |
+--------------+
|        40811 |
+--------------+
1 row in set (0.03 sec)

Query OK, 0 rows affected (0.04 sec)

Query OK, 40811 rows affected (9.26 sec)
Records: 40811  Duplicates: 0  Warnings: 0

+----------------------+
| clientextendedreport |
+----------------------+
|                40811 |
+----------------------+
1 row in set (0.01 sec)

Query OK, 0 rows affected (0.02 sec)

Query OK, 40811 rows affected (40.07 sec)
Records: 40811  Duplicates: 0  Warnings: 0

+---------+
| allcust |
+---------+
|   40811 |
+---------+
1 row in set (0.01 sec)

Query OK, 0 rows affected, 1 warning (0.00 sec)

Query OK, 5000 rows affected (0.37 sec)
Records: 5000  Duplicates: 0  Warnings: 0

Query OK, 0 rows affected (0.00 sec)

Query OK, 7072 rows affected (1.12 sec)
Records: 7072  Duplicates: 0  Warnings: 0

Query OK, 0 rows affected, 1 warning (0.01 sec)

Query OK, 5000 rows affected (0.31 sec)
Records: 5000  Duplicates: 0  Warnings: 0

Query OK, 0 rows affected (0.00 sec)

Query OK, 7463 rows affected (0.74 sec)
Records: 7463  Duplicates: 0  Warnings: 0

mysql> 
mysql> 
mysql> exit
    -> 
    -> 
    -> mysql \. C:\workspace\cloud\code\sql\_DailyScript\DAILY-SCRIPT-LIVETV-STATS.sql
Database changed
Query OK, 0 rows affected, 1 warning (0.00 sec)

Query OK, 68091 rows affected (9 min 34.02 sec)
Records: 68091  Duplicates: 0  Warnings: 0

+------------+------------+----------+--------------+-------------+-----------+-------------+----------+--------+------+------------+---------+---------------+
| Table      | Non_unique | Key_name | Seq_in_index | Column_name | Collation | Cardinality | Sub_part | Packed | Null | Index_type | Comment | Index_comment |
+------------+------------+----------+--------------+-------------+-----------+-------------+----------+--------+------+------------+---------+---------------+
| templivetv |          1 | idxtv1   |            1 | device      | A         |       67984 |     NULL | NULL   | YES  | BTREE      |         |               |
+------------+------------+----------+--------------+-------------+-----------+-------------+----------+--------+------+------------+---------+---------------+
1 row in set (0.00 sec)

Query OK, 67828 rows affected (58.58 sec)
Records: 67828  Duplicates: 0  Warnings: 0

Query OK, 0 rows affected (0.01 sec)

Query OK, 33280 rows affected (57.83 sec)
Records: 33280  Duplicates: 0  Warnings: 0

+-----------------+
| rep_livetvstats |
+-----------------+
|           33280 |
+-----------------+
1 row in set (0.01 sec)

mysql> mysql \. C:\workspace\cloud\code\sql\_DailyScript\DAILY-SCRIPT-VODTS-STATS.sql
Database changed
Query OK, 0 rows affected (0.00 sec)

Query OK, 0 rows affected, 1 warning (0.04 sec)

Query OK, 134 rows affected (11.00 sec)
Records: 134  Duplicates: 0  Warnings: 0

+---------+------------+----------+--------------+-------------+-----------+-------------+----------+--------+------+------------+---------+---------------+
| Table   | Non_unique | Key_name | Seq_in_index | Column_name | Collation | Cardinality | Sub_part | Packed | Null | Index_type | Comment | Index_comment |
+---------+------------+----------+--------------+-------------+-----------+-------------+----------+--------+------+------------+---------+---------------+
| tempvod |          1 | idxtv1   |            1 | device      | A         |         134 |     NULL | NULL   | YES  | BTREE      |         |               |
+---------+------------+----------+--------------+-------------+-----------+-------------+----------+--------+------+------------+---------+---------------+
1 row in set (0.00 sec)

Query OK, 134 rows affected (0.46 sec)
Records: 134  Duplicates: 0  Warnings: 0

Query OK, 0 rows affected (0.01 sec)

Query OK, 54568 rows affected (4.40 sec)
Records: 54568  Duplicates: 0  Warnings: 0

+--------------+
| rep_vodstats |
+--------------+
|        54568 |
+--------------+
1 row in set (0.03 sec)

Database changed
Query OK, 0 rows affected, 1 warning (0.00 sec)

Query OK, 8700 rows affected (1 min 41.87 sec)
Records: 8700  Duplicates: 0  Warnings: 0

+--------+------------+----------+--------------+-------------+-----------+-------------+----------+--------+------+------------+---------+---------------+
| Table  | Non_unique | Key_name | Seq_in_index | Column_name | Collation | Cardinality | Sub_part | Packed | Null | Index_type | Comment | Index_comment |
+--------+------------+----------+--------------+-------------+-----------+-------------+----------+--------+------+------------+---------+---------------+
| tempts |          1 | idxtv1   |            1 | device      | A         |        8856 |     NULL | NULL   | YES  | BTREE      |         |               |
+--------+------------+----------+--------------+-------------+-----------+-------------+----------+--------+------+------------+---------+---------------+
1 row in set (0.00 sec)

Query OK, 8650 rows affected (12.28 sec)
Records: 8650  Duplicates: 0  Warnings: 0

Query OK, 0 rows affected (0.00 sec)

Query OK, 10359 rows affected (15.61 sec)
Records: 10359  Duplicates: 0  Warnings: 0

+-------------+
| rep_tsstats |
+-------------+
|       10359 |
+-------------+
1 row in set (0.01 sec)

mysql> mysql \. C:\workspace\cloud\code\sql\_DailyScript\DAILY-SCRIPT-RADIO-STATS.sql
Database changed
Query OK, 0 rows affected, 1 warning (0.00 sec)

Query OK, 72315 rows affected (1.78 sec)
Records: 72315  Duplicates: 0  Warnings: 0

+-----------+------------+----------+--------------+-------------+-----------+-------------+----------+--------+------+------------+---------+---------------+
| Table     | Non_unique | Key_name | Seq_in_index | Column_name | Collation | Cardinality | Sub_part | Packed | Null | Index_type | Comment | Index_comment |
+-----------+------------+----------+--------------+-------------+-----------+-------------+----------+--------+------+------------+---------+---------------+
| tempradio |          1 | idxrad1  |            1 | device      | A         |       72374 |     NULL | NULL   | YES  | BTREE      |         |               |
+-----------+------------+----------+--------------+-------------+-----------+-------------+----------+--------+------+------------+---------+---------------+
1 row in set (0.00 sec)

Query OK, 541 rows affected (2.57 sec)
Records: 541  Duplicates: 0  Warnings: 0

Query OK, 0 rows affected (0.00 sec)

Query OK, 1292 rows affected (0.17 sec)
Records: 1292  Duplicates: 0  Warnings: 0

+----------------+
| rep_radiostats |
+----------------+
|           1292 |
+----------------+
1 row in set (0.00 sec)

mysql> mysql \. C:\workspace\cloud\code\sql\_DailyScript\DAILY_SCRIPT_TELEMETRY_PIVOT.sql
Query OK, 0 rows affected (0.01 sec)

Query OK, 169 rows affected (0.40 sec)
Records: 169  Duplicates: 0  Warnings: 0

Query OK, 0 rows affected (0.00 sec)

ERROR 1054 (42S22): Unknown column 'originaltitle' in 'field list'
Query OK, 0 rows affected (0.00 sec)

ERROR 1054 (42S22): Unknown column 'resource' in 'field list'
Query OK, 0 rows affected (0.01 sec)

Query OK, 47 rows affected (0.05 sec)
Records: 47  Duplicates: 0  Warnings: 0

ERROR 1146 (42S02): Table 'rcbill_my.rep_vodpivot2018' doesn't exist
ERROR 1146 (42S02): Table 'rcbill_my.rep_radiopivot2018' doesn't exist
+----------------------+--------+--------+--------+--------+--------+--------+--------+-------+------+------+------+------+----------------+
| RESOURCE             | JAN    | FEB    | MAR    | APR    | MAY    | JUN    | JUL    | AUG   | SEP  | OCT  | NOV  | DEC  | TOTAL_SESSIONS |
+----------------------+--------+--------+--------+--------+--------+--------+--------+-------+------+------+------+------+----------------+
| AMC                  |  40198 |  22923 |  30629 |  37359 |  27406 |  18670 |  19442 |  9729 |    0 |    0 |    0 |    0 |         206356 |
| ANIMAL-PLANET        |      0 |      0 |      4 |     58 |    269 |    337 |    294 |   188 |    0 |    0 |    0 |    0 |           1150 |
| BOOMERANG            |      0 |      0 |      0 |     82 |      0 |      0 |      0 |     0 |    0 |    0 |    0 |    0 |             82 |
| CBSREALITY           |      0 |      0 |      8 |     54 |    320 |    231 |    312 |   266 |    0 |    0 |    0 |    0 |           1191 |
| CNN                  |      0 |     18 |     24 |     17 |     81 |     53 |     39 |    23 |    0 |    0 |    0 |    0 |            255 |
| CRIME                |      0 |      0 |      2 |      0 |      0 |      0 |      0 |     0 |    0 |    0 |    0 |    0 |              2 |
| DAYSTAR              |      0 |      0 |      0 |      9 |      6 |     55 |     33 |    15 |    0 |    0 |    0 |    0 |            118 |
| DISCOVERY            |      0 |      0 |      0 |     53 |    136 |    274 |    479 |   566 |    0 |    0 |    0 |    0 |           1508 |
| DISNEY               |      1 |      0 |      0 |      0 |      0 |      0 |      0 |     0 |    0 |    0 |    0 |    0 |              1 |
| DISNEY-JUNIOR        |  27273 |  12892 |  19655 |  25089 |  23337 |  14130 |  13117 |  7755 |    0 |    0 |    0 |    0 |         143248 |
| DISNEY-XD            |  37296 |   7557 |   1879 |    111 |  12715 |  14842 |  14991 |   331 |    0 |    0 |    0 |    0 |          89722 |
| DOCUBOX              |      0 |      0 |      1 |      0 |      0 |      0 |      0 |     0 |    0 |    0 |    0 |    0 |              1 |
| DUBAIONE             |  23738 |  13078 |  10833 |   6023 |   5258 |   5614 |   8335 |  3617 |    0 |    0 |    0 |    0 |          76496 |
| E4                   |  14385 |  16399 |  15695 |  14215 |  16013 |  16429 |  15350 |  5590 |    0 |    0 |    0 |    0 |         114076 |
| FINELIVING           |      0 |      0 |      2 |    117 |    183 |    303 |    837 |   443 |    0 |    0 |    0 |    0 |           1885 |
| FOOD-NETWORK         |      0 |      0 |      1 |     48 |    322 |    417 |    383 |   159 |    0 |    0 |    0 |    0 |           1330 |
| FOX-ENT              |    960 |    170 |    225 |    148 |    237 |      0 |      0 |     0 |    0 |    0 |    0 |    0 |           1740 |
| FX                   |      0 |      0 |      0 |     77 |    934 |    717 |   1463 |   803 |    0 |    0 |    0 |    0 |           3994 |
| INTV-CINEMA-PREMIERE |      0 |      0 |      0 |      0 |      0 |      0 |      0 |   592 |    0 |    0 |    0 |    0 |            592 |
| INTV1                | 214777 | 180560 | 160366 | 162745 | 163511 | 154679 | 137995 | 54704 |    0 |    0 |    0 |    0 |        1229337 |
| INTVACTION           |  16938 |  10030 |  13782 |  16591 |  13716 |   9841 |  10521 |  5434 |    0 |    0 |    0 |    0 |          96853 |
| INTVDRAMA            |      0 |      3 |      1 |      0 |      0 |      0 |      0 |     0 |    0 |    0 |    0 |    0 |              4 |
| INTVFIRST            |  18139 |  15608 |  23630 |  26620 |  24320 |  25875 |  19517 |  9458 |    0 |    0 |    0 |    0 |         163167 |
| INTVSPORTS1          |  10757 |   9642 |   5809 |   7689 |  15412 |   7636 |   4888 |  2366 |    0 |    0 |    0 |    0 |          64199 |
| INTVSPORTS3          |      0 |      0 |      1 |     91 |     82 |    130 |    210 |   712 |    0 |    0 |    0 |    0 |           1226 |
| INTVSPORTS5          |   7183 |   6663 |   6851 |   8481 |   6068 |   1993 |   1670 |  2123 |    0 |    0 |    0 |    0 |          41032 |
| INTVSPORTSARENA      |  17652 |  15707 |  25356 |  34942 |  11184 |      0 |      0 |     0 |    0 |    0 |    0 |    0 |         104841 |
| INTVSPORTSFOOTBALL   |      0 |      0 |      1 |      2 |      0 |      0 |      0 |     0 |    0 |    0 |    0 |    0 |              3 |
| IVINFO               |      0 |      0 |      2 |     73 |    152 |    407 |   1450 |  1139 |    0 |    0 |    0 |    0 |           3223 |
| IVSE01               |      0 |      0 |      0 |     21 |      2 |    610 |    350 |    33 |    0 |    0 |    0 |    0 |           1016 |
| IVSE02               |      0 |      0 |      0 |      0 |      3 |     47 |      4 |     1 |    0 |    0 |    0 |    0 |             55 |
| JIMJAM               |   1936 |   1159 |    945 |   1257 |   1268 |   1528 |   1346 |   490 |    0 |    0 |    0 |    0 |           9929 |
| NATGEOWILD           |      0 |      0 |      0 |    100 |     67 |    119 |    338 |   235 |    0 |    0 |    0 |    0 |            859 |
| NICKELODEON          |      0 |      0 |      2 |   1002 |   2446 |   4041 |   7184 |  4433 |    0 |    0 |    0 |    0 |          19108 |
| NINA-FR              |      0 |      0 |      1 |      0 |      0 |      0 |      0 |     0 |    0 |    0 |    0 |    0 |              1 |
| OSNCOMEDY            |  11043 |   7279 |   6922 |  10364 |  10761 |   7138 |   6230 |  2701 |    0 |    0 |    0 |    0 |          62438 |
| SBC                  | 120972 | 125437 | 160607 | 185504 | 169338 | 166685 | 110553 | 40918 |    0 |    0 |    0 |    0 |        1080014 |
| SKY-ATLANTIC         |   6176 |   5672 |   7606 |   6268 |   5885 |   6853 |   5125 |  1608 |    0 |    0 |    0 |    0 |          45193 |
| SKY-LIVING           |  12582 |   9259 |   8333 |   6123 |   6721 |   6163 |   4744 |  1785 |    0 |    0 |    0 |    0 |          55710 |
| SKY-MOVIES-PREMIER   |      0 |      0 |      2 |    146 |    271 |    112 |      0 |     0 |    0 |    0 |    0 |    0 |            531 |
| SKY-ONE              |  14582 |  11414 |  14748 |  17569 |  18229 |  13697 |  11821 |  4467 |    0 |    0 |    0 |    0 |         106527 |
| SKYNEWS              |      0 |      0 |      2 |      2 |     19 |      7 |     44 |    11 |    0 |    0 |    0 |    0 |             85 |
| SKY_SPORTS_ARENA     |      0 |      0 |      0 |    103 |  21547 |  42229 |  43155 |  4209 |    0 |    0 |    0 |    0 |         111243 |
| SKY_SPORTS_FOOTBALL  |      0 |      0 |      0 |     12 |     56 |     68 |    122 |   108 |    0 |    0 |    0 |    0 |            366 |
| STAR-PLUS            |   2837 |   1609 |   2391 |   2555 |   3232 |   2023 |   1449 |   570 |    0 |    0 |    0 |    0 |          16666 |
| VH1                  |      0 |      0 |      2 |     30 |    171 |    267 |    619 |   378 |    0 |    0 |    0 |    0 |           1467 |
| ZUKU-NOVELA          |  20710 |  14422 |   8168 |   9323 |   9370 |   2859 |   3536 |   420 |    0 |    0 |    0 |    0 |          68808 |
+----------------------+--------+--------+--------+--------+--------+--------+--------+-------+------+------+------+------+----------------+
47 rows in set (0.00 sec)

mysql> 
mysql> 
mysql> mysql \. C:\workspace\cloud\code\sql\_DailyScript\DAILY-SCRIPT-CREATE-LOAD.sql
Database changed
Query OK, 0 rows affected (0.04 sec)

Query OK, 0 rows affected (0.00 sec)

Query OK, 0 rows affected (0.00 sec)

Database changed
Query OK, 0 rows affected (0.11 sec)

Query OK, 0 rows affected (0.11 sec)

Database changed
Query OK, 63842 rows affected (4.89 sec)
Records: 63842  Deleted: 0  Skipped: 0  Warnings: 0

Query OK, 0 rows affected (0.20 sec)
Records: 0  Duplicates: 0  Warnings: 0

Query OK, 0 rows affected (0.33 sec)
Records: 0  Duplicates: 0  Warnings: 0

Query OK, 0 rows affected (0.39 sec)
Records: 0  Duplicates: 0  Warnings: 0

Query OK, 0 rows affected (0.53 sec)
Records: 0  Duplicates: 0  Warnings: 0

Query OK, 0 rows affected (0.05 sec)

Query OK, 81393 rows affected (4.57 sec)
Records: 81393  Duplicates: 0  Warnings: 0

Query OK, 0 rows affected (0.61 sec)
Records: 0  Duplicates: 0  Warnings: 0

Query OK, 0 rows affected (0.04 sec)

Query OK, 63842 rows affected (3.35 sec)
Records: 63842  Duplicates: 0  Warnings: 0

Query OK, 0 rows affected (0.43 sec)
Records: 0  Duplicates: 0  Warnings: 0

Query OK, 0 rows affected (0.36 sec)
Records: 0  Duplicates: 0  Warnings: 0

Query OK, 0 rows affected (0.22 sec)
Records: 0  Duplicates: 0  Warnings: 0

+---------+
| clients |
+---------+
|   63842 |
+---------+
1 row in set (0.02 sec)

+---------------+
| clientaddress |
+---------------+
|         63842 |
+---------------+
1 row in set (0.02 sec)

Database changed
Query OK, 0 rows affected (0.07 sec)

Query OK, 0 rows affected (0.07 sec)

Database changed
Query OK, 443520 rows affected, 65535 warnings (30.42 sec)
Records: 443520  Deleted: 0  Skipped: 0  Warnings: 166122

Query OK, 0 rows affected (2.15 sec)
Records: 0  Duplicates: 0  Warnings: 0

Query OK, 0 rows affected (3.30 sec)
Records: 0  Duplicates: 0  Warnings: 0

Query OK, 0 rows affected (2.21 sec)
Records: 0  Duplicates: 0  Warnings: 0

Query OK, 0 rows affected (0.04 sec)

Query OK, 443520 rows affected (1 min 4.83 sec)
Records: 443520  Duplicates: 0  Warnings: 0

Query OK, 0 rows affected (3.04 sec)
Records: 0  Duplicates: 0  Warnings: 0

Query OK, 0 rows affected (2.70 sec)
Records: 0  Duplicates: 0  Warnings: 0

+-----------+
| contracts |
+-----------+
|    443520 |
+-----------+
1 row in set (0.32 sec)

+-----------------+
| contractaddress |
+-----------------+
|          443520 |
+-----------------+
1 row in set (0.15 sec)

Database changed
Query OK, 0 rows affected (0.01 sec)

Query OK, 0 rows affected (0.04 sec)

Query OK, 6166 rows affected (0.45 sec)
Records: 6166  Deleted: 0  Skipped: 0  Warnings: 0

Query OK, 0 rows affected (0.00 sec)

Query OK, 6135 rows affected (0.64 sec)
Records: 6135  Duplicates: 0  Warnings: 0

Query OK, 0 rows affected (0.10 sec)
Records: 0  Duplicates: 0  Warnings: 0

Query OK, 0 rows affected (0.04 sec)

Query OK, 5052 rows affected (0.05 sec)
Records: 5052  Duplicates: 0  Warnings: 0

Query OK, 0 rows affected (0.07 sec)
Records: 0  Duplicates: 0  Warnings: 0

+-------------------+
| contractdiscounts |
+-------------------+
|              6166 |
+-------------------+
1 row in set (0.01 sec)

+-------------------------+
| clientcontractdiscounts |
+-------------------------+
|                    6135 |
+-------------------------+
1 row in set (0.00 sec)

+----------------------------+
| clientcontractlastdiscount |
+----------------------------+
|                       5052 |
+----------------------------+
1 row in set (0.00 sec)

Database changed
Query OK, 0 rows affected (0.09 sec)

Query OK, 0 rows affected (0.04 sec)

Database changed
Query OK, 121928 rows affected (5.54 sec)
Records: 121928  Deleted: 0  Skipped: 0  Warnings: 0

Query OK, 0 rows affected (0.32 sec)
Records: 0  Duplicates: 0  Warnings: 0

Query OK, 0 rows affected (0.98 sec)
Records: 0  Duplicates: 0  Warnings: 0

Query OK, 0 rows affected (0.46 sec)
Records: 0  Duplicates: 0  Warnings: 0

Query OK, 0 rows affected (0.42 sec)
Records: 0  Duplicates: 0  Warnings: 0

Query OK, 0 rows affected (0.97 sec)
Records: 0  Duplicates: 0  Warnings: 0

Query OK, 0 rows affected (0.72 sec)
Records: 0  Duplicates: 0  Warnings: 0

Query OK, 0 rows affected (0.70 sec)

Query OK, 1508792 rows affected (3 min 48.12 sec)
Records: 1508792  Duplicates: 0  Warnings: 0

+---------+
| devices |
+---------+
|  121928 |
+---------+
1 row in set (0.30 sec)

+-----------------------+
| clientcontractdevices |
+-----------------------+
|               1508792 |
+-----------------------+
1 row in set (0.65 sec)

Query OK, 0 rows affected (0.11 sec)

Query OK, 121832 rows affected (8.66 sec)
Records: 121832  Duplicates: 0  Warnings: 0

+---------------------------+
| rep_clientcontractdevices |
+---------------------------+
|                    121832 |
+---------------------------+
1 row in set (0.04 sec)

Database changed
Query OK, 0 rows affected (0.05 sec)

Query OK, 0 rows affected (0.00 sec)

Query OK, 216863 rows affected (9.68 sec)
Records: 216863  Deleted: 0  Skipped: 0  Warnings: 0

Query OK, 0 rows affected (0.85 sec)
Records: 0  Duplicates: 0  Warnings: 0

Query OK, 0 rows affected (0.79 sec)
Records: 0  Duplicates: 0  Warnings: 0

Query OK, 0 rows affected (0.86 sec)
Records: 0  Duplicates: 0  Warnings: 0

Query OK, 0 rows affected (0.57 sec)
Records: 0  Duplicates: 0  Warnings: 0

+---------+
| tickets |
+---------+
|  216863 |
+---------+
1 row in set (0.08 sec)

Database changed
Query OK, 0 rows affected (0.01 sec)

Query OK, 0 rows affected (0.02 sec)

Query OK, 0 rows affected (0.02 sec)
Records: 0  Duplicates: 0  Warnings: 0

Query OK, 437213 rows affected, 38081 warnings (15.72 sec)
Records: 437213  Deleted: 0  Skipped: 0  Warnings: 38081

+-------------------+
| ticketassignments |
+-------------------+
|            437213 |
+-------------------+
1 row in set (0.15 sec)

Database changed
Query OK, 0 rows affected (0.12 sec)

Query OK, 0 rows affected (0.00 sec)

Query OK, 921627 rows affected (24.50 sec)
Records: 921627  Deleted: 0  Skipped: 0  Warnings: 0

Query OK, 0 rows affected (4.97 sec)
Records: 0  Duplicates: 0  Warnings: 0

Query OK, 0 rows affected (3.69 sec)
Records: 0  Duplicates: 0  Warnings: 0

Query OK, 0 rows affected (3.45 sec)
Records: 0  Duplicates: 0  Warnings: 0

Query OK, 0 rows affected (3.12 sec)
Records: 0  Duplicates: 0  Warnings: 0

+----------------+
| ticketcomments |
+----------------+
|         921627 |
+----------------+
1 row in set (0.36 sec)

Database changed
Query OK, 0 rows affected (0.01 sec)

Query OK, 0 rows affected (0.02 sec)

Query OK, 375337 rows affected (43.10 sec)
Records: 375337  Deleted: 0  Skipped: 0  Warnings: 0

Query OK, 0 rows affected (2.99 sec)
Records: 0  Duplicates: 0  Warnings: 0

+----------+
| comments |
+----------+
|   375337 |
+----------+
1 row in set (0.14 sec)

Database changed
Query OK, 0 rows affected (0.13 sec)

Query OK, 0 rows affected (0.03 sec)

Query OK, 408985 rows affected, 65535 warnings (58.40 sec)
Records: 408985  Deleted: 0  Skipped: 0  Warnings: 408985

Query OK, 0 rows affected (1.32 sec)
Records: 0  Duplicates: 0  Warnings: 0

Query OK, 0 rows affected (1.69 sec)
Records: 0  Duplicates: 0  Warnings: 0

Query OK, 0 rows affected (1.42 sec)
Records: 0  Duplicates: 0  Warnings: 0

Query OK, 0 rows affected (1.22 sec)
Records: 0  Duplicates: 0  Warnings: 0

Query OK, 0 rows affected (2.51 sec)
Records: 0  Duplicates: 0  Warnings: 0

+------------+
| devicesold |
+------------+
|     408985 |
+------------+
1 row in set (0.14 sec)

Database changed
Query OK, 0 rows affected (0.10 sec)

Query OK, 0 rows affected (0.02 sec)

Query OK, 1502360 rows affected (34.63 sec)
Records: 1502360  Deleted: 0  Skipped: 0  Warnings: 0

Query OK, 0 rows affected (5.09 sec)
Records: 0  Duplicates: 0  Warnings: 0

Query OK, 0 rows affected (5.04 sec)
Records: 0  Duplicates: 0  Warnings: 0

Query OK, 0 rows affected (5.06 sec)
Records: 0  Duplicates: 0  Warnings: 0

+------------------+
| contractservices |
+------------------+
|          1502360 |
+------------------+
1 row in set (0.55 sec)

Database changed
Query OK, 0 rows affected (0.05 sec)

Query OK, 0 rows affected (0.02 sec)

Query OK, 3235254 rows affected (2 min 59.85 sec)
Records: 3235254  Deleted: 0  Skipped: 0  Warnings: 0

Query OK, 0 rows affected (17.45 sec)
Records: 0  Duplicates: 0  Warnings: 0

Query OK, 0 rows affected (16.36 sec)
Records: 0  Duplicates: 0  Warnings: 0

Query OK, 0 rows affected (17.09 sec)
Records: 0  Duplicates: 0  Warnings: 0

Query OK, 0 rows affected (16.91 sec)
Records: 0  Duplicates: 0  Warnings: 0

+------------------+
| invoicescontents |
+------------------+
|          3235254 |
+------------------+
1 row in set (1.24 sec)

Database changed
Query OK, 0 rows affected (0.30 sec)

Query OK, 0 rows affected (0.01 sec)

Query OK, 2196460 rows affected (4 min 48.46 sec)
Records: 2196460  Deleted: 0  Skipped: 0  Warnings: 0

Query OK, 0 rows affected (43.53 sec)
Records: 0  Duplicates: 0  Warnings: 0

Query OK, 0 rows affected (14.24 sec)
Records: 0  Duplicates: 0  Warnings: 0

Query OK, 0 rows affected (11.24 sec)
Records: 0  Duplicates: 0  Warnings: 0

Query OK, 0 rows affected (11.91 sec)
Records: 0  Duplicates: 0  Warnings: 0

Query OK, 0 rows affected (13.67 sec)
Records: 0  Duplicates: 0  Warnings: 0

+----------------+
| invoicesheader |
+----------------+
|        2196460 |
+----------------+
1 row in set (0.83 sec)

Database changed
Query OK, 0 rows affected (0.52 sec)

Query OK, 0 rows affected (0.04 sec)

Query OK, 2370779 rows affected (2 min 2.44 sec)
Records: 2370779  Deleted: 0  Skipped: 0  Warnings: 0

Query OK, 0 rows affected (9.32 sec)
Records: 0  Duplicates: 0  Warnings: 0

Query OK, 0 rows affected (11.06 sec)
Records: 0  Duplicates: 0  Warnings: 0

Query OK, 0 rows affected (10.27 sec)
Records: 0  Duplicates: 0  Warnings: 0

Query OK, 0 rows affected (10.29 sec)
Records: 0  Duplicates: 0  Warnings: 0

+---------+
| casa    |
+---------+
| 2370779 |
+---------+
1 row in set (0.92 sec)

Database changed
Query OK, 0 rows affected (0.02 sec)

Query OK, 0 rows affected (0.02 sec)

Database changed
Query OK, 36530 rows affected (1.07 sec)
Records: 36530  Deleted: 0  Skipped: 0  Warnings: 0

+-------+
| users |
+-------+
| 36530 |
+-------+
1 row in set (0.01 sec)

Database changed
Query OK, 0 rows affected (0.02 sec)

Query OK, 0 rows affected (0.13 sec)

Database changed
Query OK, 3849202 rows affected (1 min 14.61 sec)
Records: 3849202  Deleted: 0  Skipped: 0  Warnings: 0

+---------+
| ipusage |
+---------+
| 3849202 |
+---------+
1 row in set (2.23 sec)

mysql> mysql \. C:\workspace\cloud\code\sql\_DailyScript\ticket_analysis.sql
Database changed
Query OK, 0 rows affected (0.10 sec)

Query OK, 282621 rows affected (18.82 sec)
Records: 282621  Duplicates: 0  Warnings: 0

Query OK, 0 rows affected (1.45 sec)
Records: 0  Duplicates: 0  Warnings: 0

Query OK, 0 rows affected (0.89 sec)
Records: 0  Duplicates: 0  Warnings: 0

Query OK, 0 rows affected (0.77 sec)
Records: 0  Duplicates: 0  Warnings: 0

Query OK, 0 rows affected (0.01 sec)

Query OK, 10963 rows affected (6.05 sec)
Records: 10963  Duplicates: 0  Warnings: 0

Query OK, 0 rows affected, 1 warning (0.00 sec)

Query OK, 38469 rows affected (5.01 sec)
Records: 38469  Duplicates: 0  Warnings: 0

Query OK, 0 rows affected, 1 warning (0.00 sec)

Query OK, 198290 rows affected (8.41 sec)
Records: 198290  Duplicates: 0  Warnings: 0

Query OK, 0 rows affected, 1 warning (0.00 sec)

Query OK, 198290 rows affected (9.08 sec)
Records: 198290  Duplicates: 0  Warnings: 0

Query OK, 0 rows affected (0.02 sec)

Query OK, 38505 rows affected (3.32 sec)
Records: 38505  Duplicates: 0  Warnings: 0

Query OK, 0 rows affected (0.02 sec)

Query OK, 62 rows affected (0.06 sec)
Records: 62  Duplicates: 0  Warnings: 0

mysql> mysql \. C:\workspace\cloud\code\sql\_DailyScript\load DailyCalls.sql
Database changed
Query OK, 0 rows affected (0.00 sec)

Query OK, 0 rows affected (0.02 sec)

Query OK, 398 rows affected (0.82 sec)
Records: 398  Deleted: 0  Skipped: 0  Warnings: 0

Query OK, 0 rows affected, 1 warning (0.00 sec)

Query OK, 384 rows affected (0.82 sec)
Records: 384  Duplicates: 0  Warnings: 0

Query OK, 0 rows affected, 1 warning (0.00 sec)

Query OK, 64605 rows affected (0.87 sec)
Records: 64605  Duplicates: 0  Warnings: 0

Query OK, 523 rows affected (10.22 sec)
Records: 523  Duplicates: 0  Warnings: 0

Query OK, 0 rows affected (0.09 sec)

Query OK, 240 rows affected (8.45 sec)
Records: 240  Duplicates: 0  Warnings: 0

Query OK, 0 rows affected (0.00 sec)

Query OK, 10613 rows affected (1.56 sec)
Records: 10613  Duplicates: 0  Warnings: 0

+-----------+
| callstats |
+-----------+
|     10613 |
+-----------+
1 row in set (0.01 sec)

mysql> 
mysql> mysql \. C:\workspace\cloud\code\sql\_DailyScript\DAILY-SCRIPT-USAGE.sql
Database changed
Query OK, 0 rows affected (0.00 sec)

Query OK, 0 rows affected (0.00 sec)

Query OK, 0 rows affected (0.00 sec)

Query OK, 2853 rows affected, 8283 warnings (2.44 sec)
Records: 2853  Deleted: 0  Skipped: 0  Warnings: 8283

Query OK, 0 rows affected (0.00 sec)

Query OK, 5553 rows affected, 15991 warnings (1.45 sec)
Records: 5553  Deleted: 0  Skipped: 0  Warnings: 15991

Query OK, 0 rows affected (0.00 sec)

Query OK, 70 rows affected, 237 warnings (0.02 sec)
Records: 70  Deleted: 0  Skipped: 0  Warnings: 237

Query OK, 0 rows affected (0.00 sec)

Query OK, 312 rows affected, 1071 warnings (0.18 sec)
Records: 312  Deleted: 0  Skipped: 0  Warnings: 1071

+----------+
| count(1) |
+----------+
|  2378602 |
+----------+
1 row in set (5.89 sec)

+------------+------------+------------+---------+
| datestart  | dateend    | insertedon | records |
+------------+------------+------------+---------+
| 2018-08-18 | 2018-08-18 | 2018-08-19 |    8788 |
| 2018-08-17 | 2018-08-17 | 2018-08-18 |    8925 |
| 2018-08-16 | 2018-08-16 | 2018-08-17 |    8895 |
| 2018-08-15 | 2018-08-15 | 2018-08-16 |    8700 |
| 2018-08-14 | 2018-08-14 | 2018-08-15 |    9095 |
+------------+------------+------------+---------+
5 rows in set (1 min 1.97 sec)

mysql> mysql \. C:\workspace\cloud\code\sql\_DailyScript\DAILY-SCRIPT-SALES-TELEMETRY.sql
Database changed
Query OK, 119 rows affected, 62 warnings (0.09 sec)
Records: 119  Deleted: 0  Skipped: 0  Warnings: 62

+------------+
| dailysales |
+------------+
|     116367 |
+------------+
1 row in set (0.25 sec)

Query OK, 0 rows affected (0.01 sec)

Query OK, 116367 rows affected (12.12 sec)
Records: 116367  Duplicates: 0  Warnings: 0

+--------+
| sales  |
+--------+
| 116367 |
+--------+
1 row in set (0.06 sec)

Query OK, 0 rows affected (0.07 sec)

Query OK, 2055 rows affected (0.65 sec)
Records: 2055  Duplicates: 0  Warnings: 0

+-----------+
| saleslist |
+-----------+
|      2055 |
+-----------+
1 row in set (0.00 sec)

Database changed
Query OK, 5 rows affected (0.03 sec)
Records: 5  Deleted: 0  Skipped: 0  Warnings: 0

+------------------+
| dailysinglesales |
+------------------+
|             4536 |
+------------------+
1 row in set (0.10 sec)

Database changed
Query OK, 23 rows affected (0.02 sec)
Records: 23  Deleted: 0  Skipped: 0  Warnings: 0

+-----------------+
| dailyaddonsales |
+-----------------+
|           11847 |
+-----------------+
1 row in set (0.07 sec)

Query OK, 78 rows affected (0.07 sec)
Records: 78  Deleted: 0  Skipped: 0  Warnings: 0

+----------------+
| onlinepayments |
+----------------+
|          28610 |
+----------------+
1 row in set (0.10 sec)

+-------------+----------------+---------------------+
| paymentdate | onlinepayments | onlinepaymentamount |
+-------------+----------------+---------------------+
| 2018-08-18  |             78 |         41248.26000 |
| 2018-08-17  |             53 |         21716.70000 |
| 2018-08-16  |             88 |         50221.11000 |
| 2018-08-15  |             66 |         30449.05000 |
| 2018-08-14  |             74 |         40567.21000 |
+-------------+----------------+---------------------+
5 rows in set (0.83 sec)

+-------------+--------------+----------------+---------------------+
| paymentyear | paymentmonth | onlinepayments | onlinepaymentamount |
+-------------+--------------+----------------+---------------------+
|        2018 |            8 |           1391 |        784063.62000 |
|        2018 |            7 |           2521 |       1406138.40000 |
|        2018 |            6 |           2465 |       1394365.47000 |
|        2018 |            5 |           2330 |       1252012.49000 |
|        2018 |            4 |           2427 |       1314697.50000 |
+-------------+--------------+----------------+---------------------+
5 rows in set (0.04 sec)

mysql> 
mysql> mysql \. C:\workspace\cloud\code\sql\_DailyScript\DAILY-SCRIPT-ACTIVENUMBERS.sql
Database changed
Query OK, 0 rows affected (0.00 sec)

Query OK, 1323 rows affected (1.13 sec)
Records: 1323  Deleted: 0  Skipped: 0  Warnings: 0

Query OK, 0 rows affected (0.01 sec)

Query OK, 86 rows affected (2.04 sec)
Records: 86  Duplicates: 0  Warnings: 0

+------------+----------+
| period     | count(1) |
+------------+----------+
| 2018-08-18 |     1323 |
| 2018-08-17 |     1323 |
| 2018-08-16 |     1323 |
| 2018-08-15 |     1322 |
| 2018-08-14 |     1323 |
+------------+----------+
5 rows in set (0.01 sec)

Database changed
Query OK, 0 rows affected (0.00 sec)

Query OK, 0 rows affected (0.00 sec)

Query OK, 0 rows affected (0.00 sec)

Query OK, 0 rows affected (0.00 sec)

Query OK, 26493 rows affected, 283 warnings (1 min 18.29 sec)
Records: 26493  Deleted: 0  Skipped: 0  Warnings: 283

+------------+----------+
| period     | count(1) |
+------------+----------+
| 2018-08-18 |    26493 |
| 2018-08-17 |    26451 |
| 2018-08-16 |    26400 |
| 2018-08-15 |    26396 |
| 2018-08-14 |    26549 |
+------------+----------+
5 rows in set (0.19 sec)

Query OK, 0 rows affected (0.02 sec)

Query OK, 25837 rows affected (1 min 42.57 sec)
Records: 25837  Duplicates: 0  Warnings: 0

Query OK, 0 rows affected (0.27 sec)
Records: 0  Duplicates: 0  Warnings: 0

Query OK, 0 rows affected (0.55 sec)
Records: 0  Duplicates: 0  Warnings: 0

Query OK, 0 rows affected (0.45 sec)
Records: 0  Duplicates: 0  Warnings: 0

Query OK, 0 rows affected (0.09 sec)
Records: 0  Duplicates: 0  Warnings: 0

Query OK, 0 rows affected (0.36 sec)
Records: 0  Duplicates: 0  Warnings: 0

Query OK, 0 rows affected (0.20 sec)
Records: 0  Duplicates: 0  Warnings: 0

+----------+
| count(1) |
+----------+
| 19073384 |
+----------+
1 row in set (41.25 sec)

Query OK, 25837 rows affected (1 min 15.85 sec)
Records: 25837  Duplicates: 0  Warnings: 0

+----------+
| count(1) |
+----------+
| 19099221 |
+----------+
1 row in set (11.74 sec)

+------------+--------------------------+
| period     | customercontractactivity |
+------------+--------------------------+
| 2018-08-18 |                    25837 |
| 2018-08-17 |                    25795 |
| 2018-08-16 |                    25744 |
| 2018-08-15 |                    25740 |
| 2018-08-14 |                    25893 |
+------------+--------------------------+
5 rows in set (0.05 sec)

Query OK, 0 rows affected (0.13 sec)

Query OK, 179208 rows affected (14 min 16.55 sec)
Records: 179208  Duplicates: 0  Warnings: 0

Query OK, 0 rows affected (0.03 sec)

Query OK, 254 rows affected (0.63 sec)
Records: 254  Duplicates: 0  Warnings: 0

Query OK, 0 rows affected (0.01 sec)

Query OK, 2348 rows affected (0.72 sec)
Records: 2348  Duplicates: 0  Warnings: 0

Query OK, 0 rows affected (0.05 sec)

Query OK, 25829 rows affected (1.21 sec)
Records: 25829  Duplicates: 0  Warnings: 0

Query OK, 0 rows affected (0.01 sec)

Query OK, 17108 rows affected (0.72 sec)
Records: 17108  Duplicates: 0  Warnings: 0

Query OK, 0 rows affected (0.02 sec)

Query OK, 17108 rows affected (0.37 sec)
Records: 17108  Duplicates: 0  Warnings: 0

Query OK, 0 rows affected (0.03 sec)

Query OK, 17108 rows affected (2.12 sec)
Records: 17108  Duplicates: 0  Warnings: 0

Query OK, 0 rows affected (0.02 sec)

Query OK, 17108 rows affected (58.86 sec)
Records: 17108  Duplicates: 0  Warnings: 0

+-------------+
| clientstats |
+-------------+
|       17108 |
+-------------+
1 row in set (0.00 sec)

Query OK, 0 rows affected (0.00 sec)

Query OK, 8 rows affected, 1 warning (0.14 sec)
Records: 8  Duplicates: 0  Warnings: 1

+------------------+-------------+-------------+----------------+-----------------+
| services         | activecount | allaccounts | uniqueaccounts | uniquecontracts |
+------------------+-------------+-------------+----------------+-----------------+
| All              |         653 |         183 |            183 |             566 |
| Internet & Voice |         503 |         235 |            235 |             464 |
| Internet Only    |        4173 |        4040 |           4029 |            4114 |
| TV & Internet    |        9856 |        4166 |           4161 |            8479 |
| TV & Voice       |         122 |          48 |             48 |              98 |
| TV Only          |       11040 |        8228 |           8217 |            8447 |
| Voice Only       |         209 |         208 |            208 |             209 |
| GRAND TOTAL      |       26556 |       17108 |          17048 |           22377 |
+------------------+-------------+-------------+----------------+-----------------+
8 rows in set (0.00 sec)

+-------------+-------------+-------------+----------------+-----------------+
| network     | activecount | allaccounts | uniqueaccounts | uniquecontracts |
+-------------+-------------+-------------+----------------+-----------------+
| ADDON       |           7 |           3 |              3 |               3 |
| GPON        |        5614 |        2876 |           2876 |            4380 |
| HFC         |       20935 |       14229 |          14229 |           17994 |
| GRAND TOTAL |       26556 |       17108 |          17048 |           22377 |
+-------------+-------------+-------------+----------------+-----------------+
4 rows in set, 1 warning (0.15 sec)

+-------------+------------------+-------------+-------------+----------------+-----------------+
| network     | services         | activecount | allaccounts | uniqueaccounts | uniquecontracts |
+-------------+------------------+-------------+-------------+----------------+-----------------+
| ADDON       | TV Only          |           7 |           3 |              3 |               3 |
| ADDON       | Services Total   |           7 |           3 |              3 |               3 |
| GPON        | All              |         124 |          34 |             34 |             105 |
| GPON        | Internet & Voice |          52 |          20 |             20 |              42 |
| GPON        | Internet Only    |         678 |         603 |            603 |             620 |
| GPON        | TV & Internet    |        3208 |        1268 |           1268 |            2615 |
| GPON        | TV & Voice       |          28 |          11 |             11 |              23 |
| GPON        | TV Only          |        1515 |         931 |            931 |             966 |
| GPON        | Voice Only       |           9 |           9 |              9 |               9 |
| GPON        | Services Total   |        5614 |        2876 |           2876 |            4380 |
| HFC         | All              |         529 |         149 |            149 |             461 |
| HFC         | Internet & Voice |         451 |         215 |            215 |             422 |
| HFC         | Internet Only    |        3495 |        3437 |           3437 |            3494 |
| HFC         | TV & Internet    |        6648 |        2898 |           2898 |            5864 |
| HFC         | TV & Voice       |          94 |          37 |             37 |              75 |
| HFC         | TV Only          |        9518 |        7294 |           7294 |            7478 |
| HFC         | Voice Only       |         200 |         199 |            199 |             200 |
| HFC         | Services Total   |       20935 |       14229 |          14229 |           17994 |
| GRAND TOTAL | Services Total   |       26556 |       17108 |          17048 |           22377 |
+-------------+------------------+-------------+-------------+----------------+-----------------+
19 rows in set, 2 warnings (0.17 sec)

Query OK, 0 rows affected (0.00 sec)

Query OK, 32 rows affected, 3 warnings (0.22 sec)
Records: 32  Duplicates: 0  Warnings: 3

+-------------+---------------+------------------+-------------+-------------+----------------+-----------------+
| region      | network       | services         | activecount | allaccounts | uniqueaccounts | uniquecontracts |
+-------------+---------------+------------------+-------------+-------------+----------------+-----------------+
| Mahe        | ADDON         | TV Only          |           6 |           2 |              2 |               2 |
| Mahe        | ADDON         | Services Total   |           6 |           2 |              2 |               2 |
| Mahe        | GPON          | All              |          93 |          25 |             25 |              76 |
| Mahe        | GPON          | Internet & Voice |          44 |          16 |             16 |              34 |
| Mahe        | GPON          | Internet Only    |         502 |         428 |            428 |             444 |
| Mahe        | GPON          | TV & Internet    |        1976 |         767 |            767 |            1574 |
| Mahe        | GPON          | TV & Voice       |          28 |          11 |             11 |              23 |
| Mahe        | GPON          | TV Only          |        1092 |         633 |            633 |             653 |
| Mahe        | GPON          | Voice Only       |           6 |           6 |              6 |               6 |
| Mahe        | GPON          | Services Total   |        3741 |        1886 |           1886 |            2810 |
| Mahe        | HFC           | All              |         529 |         149 |            149 |             461 |
| Mahe        | HFC           | Internet & Voice |         451 |         215 |            215 |             422 |
| Mahe        | HFC           | Internet Only    |        3495 |        3437 |           3437 |            3494 |
| Mahe        | HFC           | TV & Internet    |        6648 |        2898 |           2898 |            5864 |
| Mahe        | HFC           | TV & Voice       |          94 |          37 |             37 |              75 |
| Mahe        | HFC           | TV Only          |        9516 |        7293 |           7293 |            7477 |
| Mahe        | HFC           | Voice Only       |         200 |         199 |            199 |             200 |
| Mahe        | HFC           | Services Total   |       20933 |       14228 |          14228 |           17993 |
| Mahe        | Network Total | Services Total   |       24680 |       16116 |          16057 |           20805 |
| Praslin     | ADDON         | TV Only          |           1 |           1 |              1 |               1 |
| Praslin     | ADDON         | Services Total   |           1 |           1 |              1 |               1 |
| Praslin     | GPON          | All              |          31 |           9 |              9 |              29 |
| Praslin     | GPON          | Internet & Voice |           8 |           4 |              4 |               8 |
| Praslin     | GPON          | Internet Only    |         176 |         175 |            175 |             176 |
| Praslin     | GPON          | TV & Internet    |        1232 |         501 |            501 |            1041 |
| Praslin     | GPON          | TV Only          |         423 |         298 |            298 |             313 |
| Praslin     | GPON          | Voice Only       |           3 |           3 |              3 |               3 |
| Praslin     | GPON          | Services Total   |        1873 |         990 |            990 |            1570 |
| Praslin     | HFC           | TV Only          |           2 |           1 |              1 |               1 |
| Praslin     | HFC           | Services Total   |           2 |           1 |              1 |               1 |
| Praslin     | Network Total | Services Total   |        1876 |         992 |            991 |            1572 |
| GRAND TOTAL | Network Total | Services Total   |       26556 |       17108 |          17048 |           22377 |
+-------------+---------------+------------------+-------------+-------------+----------------+-----------------+
32 rows in set (0.00 sec)

Query OK, 0 rows affected (0.10 sec)

Query OK, 25830 rows affected (0.57 sec)
Records: 25830  Duplicates: 0  Warnings: 0

Query OK, 0 rows affected (0.01 sec)

Query OK, 1542 rows affected (5.01 sec)
Records: 1542  Duplicates: 0  Warnings: 0

Query OK, 840 rows affected (1 min 49.63 sec)

Query OK, 0 rows affected (0.00 sec)

Query OK, 388 rows affected (16 min 32.21 sec)
Records: 388  Duplicates: 0  Warnings: 0

+---------------------------+
| retentioncustomeractivity |
+---------------------------+
|                       388 |
+---------------------------+
1 row in set (0.01 sec)

mysql> 
mysql> 
mysql> mysql \. C:\workspace\cloud\code\sql\_DailyScript\reports-sales-addons-prepaid-camera.sql
Database changed
Query OK, 0 rows affected (0.09 sec)

Query OK, 2730 rows affected (0.20 sec)
Records: 2730  Duplicates: 0  Warnings: 0

Query OK, 0 rows affected (0.02 sec)

Query OK, 11856 rows affected (17.97 sec)
Records: 11856  Duplicates: 0  Warnings: 0

+--------------------+
| rep_prepaid_camera |
+--------------------+
|               2730 |
+--------------------+
1 row in set (0.00 sec)

+-----------+
| rep_addon |
+-----------+
|     11856 |
+-----------+
1 row in set (0.02 sec)

mysql> mysql \. C:\workspace\cloud\code\sql\_DailyScript\housing-estate-analysis.sql
Database changed
Query OK, 0 rows affected (0.02 sec)

Query OK, 2596 rows affected (54.21 sec)
Records: 2596  Duplicates: 0  Warnings: 0

+--------------------+
| rep_housingestates |
+--------------------+
|               2596 |
+--------------------+
1 row in set (0.01 sec)

mysql> 
mysql> mysql \. C:\workspace\cloud\code\sql\_DailyScript\sales-to-activenumber.sql
Database changed
Query OK, 0 rows affected (0.02 sec)

Query OK, 9929 rows affected (17 min 9.91 sec)
Records: 9929  Duplicates: 0  Warnings: 0

Query OK, 0 rows affected (0.11 sec)

Query OK, 29642 rows affected (13 min 1.86 sec)
Records: 29642  Duplicates: 0  Warnings: 0

mysql> mysql \. C:\workspace\cloud\code\sql\_DailyScript\RCB_ClientAnalyticsReport_Script.sql
Database changed
Query OK, 0 rows affected (0.00 sec)

Query OK, 0 rows affected (0.18 sec)

Query OK, 1503256 rows affected (2 min 32.98 sec)
Records: 1503256  Duplicates: 0  Warnings: 0

Query OK, 0 rows affected (6.63 sec)
Records: 0  Duplicates: 0  Warnings: 0

Query OK, 0 rows affected (6.26 sec)
Records: 0  Duplicates: 0  Warnings: 0

Query OK, 0 rows affected (9.72 sec)
Records: 0  Duplicates: 0  Warnings: 0

Query OK, 0 rows affected (9.70 sec)
Records: 0  Duplicates: 0  Warnings: 0

Query OK, 0 rows affected (12.04 sec)
Records: 0  Duplicates: 0  Warnings: 0

Query OK, 0 rows affected (9.42 sec)
Records: 0  Duplicates: 0  Warnings: 0

Query OK, 0 rows affected (0.00 sec)

Query OK, 403525 rows affected (21.71 sec)
Rows matched: 1503256  Changed: 403525  Warnings: 0

Query OK, 0 rows affected (0.02 sec)

Query OK, 26842 rows affected (3.29 sec)
Records: 26842  Duplicates: 0  Warnings: 0

Query OK, 0 rows affected (0.02 sec)

Query OK, 40815 rows affected (12 min 4.12 sec)
Records: 40815  Duplicates: 0  Warnings: 0

Query OK, 0 rows affected (0.69 sec)
Records: 0  Duplicates: 0  Warnings: 0

Query OK, 0 rows affected (0.19 sec)
Records: 0  Duplicates: 0  Warnings: 0

Query OK, 0 rows affected (0.12 sec)
Records: 0  Duplicates: 0  Warnings: 0

Query OK, 0 rows affected (0.11 sec)

Query OK, 382316 rows affected (5 min 50.90 sec)
Records: 382316  Duplicates: 0  Warnings: 0

Query OK, 0 rows affected (1.86 sec)
Records: 0  Duplicates: 0  Warnings: 0

Query OK, 0 rows affected (1.94 sec)
Records: 0  Duplicates: 0  Warnings: 0

Query OK, 0 rows affected (1.42 sec)
Records: 0  Duplicates: 0  Warnings: 0

Query OK, 0 rows affected (2.06 sec)
Records: 0  Duplicates: 0  Warnings: 0

Query OK, 0 rows affected (1.13 sec)
Records: 0  Duplicates: 0  Warnings: 0

Query OK, 0 rows affected (0.04 sec)

Query OK, 40815 rows affected (1 min 27.52 sec)
Records: 40815  Duplicates: 0  Warnings: 0

+--------------+
| clientreport |
+--------------+
|        40815 |
+--------------+
1 row in set (0.02 sec)

Query OK, 0 rows affected (0.03 sec)

Query OK, 40815 rows affected (8.68 sec)
Records: 40815  Duplicates: 0  Warnings: 0

+----------------------+
| clientextendedreport |
+----------------------+
|                40815 |
+----------------------+
1 row in set (0.01 sec)

Query OK, 0 rows affected (0.00 sec)

Query OK, 40815 rows affected (40.47 sec)
Records: 40815  Duplicates: 0  Warnings: 0

+---------+
| allcust |
+---------+
|   40815 |
+---------+
1 row in set (0.03 sec)

Query OK, 0 rows affected, 1 warning (0.00 sec)

Query OK, 5000 rows affected (0.24 sec)
Records: 5000  Duplicates: 0  Warnings: 0

Query OK, 0 rows affected (0.03 sec)

Query OK, 7067 rows affected (0.47 sec)
Records: 7067  Duplicates: 0  Warnings: 0

Query OK, 0 rows affected, 1 warning (0.00 sec)

Query OK, 5000 rows affected (0.28 sec)
Records: 5000  Duplicates: 0  Warnings: 0

Query OK, 0 rows affected (0.01 sec)

Query OK, 7460 rows affected (0.80 sec)
Records: 7460  Duplicates: 0  Warnings: 0

mysql> 
mysql> 
mysql> exit
