    -> 
    -> mysql \. C:\workspace\cloud\code\sql\_DailyScript\_setdates.sql
Database changed
Query OK, 0 rows affected (0.00 sec)

Query OK, 0 rows affected (0.02 sec)

Query OK, 0 rows affected (0.00 sec)

Query OK, 0 rows affected (0.00 sec)

Query OK, 0 rows affected (0.00 sec)

Query OK, 0 rows affected (0.00 sec)

Query OK, 0 rows affected (0.00 sec)

Query OK, 0 rows affected (0.00 sec)

mysql> mysql \. C:\workspace\cloud\code\sql\_DailyScript\currenttime.sql
+---------------------+
| currenttime         |
+---------------------+
| 2019-02-10 11:54:54 |
+---------------------+
1 row in set (0.00 sec)

mysql> 
mysql> mysql \. C:\workspace\cloud\code\sql\_DailyScript\load_RCB_VODTITLES.sql
Database changed
Query OK, 0 rows affected (0.00 sec)

Query OK, 2596 rows affected (0.13 sec)

Query OK, 2598 rows affected, 2598 warnings (0.17 sec)
Records: 2598  Deleted: 0  Skipped: 0  Warnings: 2598

Query OK, 0 rows affected (0.00 sec)

Query OK, 2 rows affected (0.00 sec)

+-----------+
| VODTITLES |
+-----------+
|      3057 |
+-----------+
1 row in set (0.00 sec)

+-----------+-----------+
| titletype | typecount |
+-----------+-----------+
| E         |      1728 |
| N         |         1 |
| T         |       867 |
| NULL      |      2596 |
+-----------+-----------+
4 rows in set (0.17 sec)

mysql> mysql \. C:\workspace\cloud\code\sql\_DailyScript\currenttime.sql
+---------------------+
| currenttime         |
+---------------------+
| 2019-02-10 11:54:55 |
+---------------------+
1 row in set (0.00 sec)

mysql> 
mysql> mysql \. C:\workspace\cloud\code\sql\_DailyScript\DAILY-SCRIPT-LIVETV-STATS.sql
Database changed
Query OK, 0 rows affected (0.07 sec)

Query OK, 71803 rows affected (3 min 29.90 sec)
Records: 71803  Duplicates: 0  Warnings: 0

+------------+------------+----------+--------------+--------------+-----------+-------------+----------+--------+------+------------+---------+---------------+
| Table      | Non_unique | Key_name | Seq_in_index | Column_name  | Collation | Cardinality | Sub_part | Packed | Null | Index_type | Comment | Index_comment |
+------------+------------+----------+--------------+--------------+-----------+-------------+----------+--------+------+------------+---------+---------------+
| templivetv |          1 | idxtv1   |            1 | device       | A         |       71496 |     NULL | NULL   | YES  | BTREE      |         |               |
| templivetv |          1 | idxtv2   |            1 | sessionstart | A         |       71496 |     NULL | NULL   | YES  | BTREE      |         |               |
+------------+------------+----------+--------------+--------------+-----------+-------------+----------+--------+------+------------+---------+---------------+
2 rows in set (0.00 sec)

Query OK, 71655 rows affected (51.36 sec)
Records: 71655  Duplicates: 0  Warnings: 0

Query OK, 2805 rows affected (0.72 sec)
Records: 2805  Duplicates: 0  Warnings: 0

Query OK, 0 rows affected (0.00 sec)

Query OK, 0 rows affected (0.00 sec)

Query OK, 143 rows affected (0.12 sec)
Records: 143  Duplicates: 0  Warnings: 0

Query OK, 0 rows affected (0.14 sec)

Query OK, 57199 rows affected (3 min 45.84 sec)
Records: 57199  Duplicates: 0  Warnings: 0

+-----------------+
| rep_livetvstats |
+-----------------+
|           57199 |
+-----------------+
1 row in set (0.02 sec)

mysql> mysql \. C:\workspace\cloud\code\sql\_DailyScript\currenttime.sql
+---------------------+
| currenttime         |
+---------------------+
| 2019-02-10 12:03:03 |
+---------------------+
1 row in set (0.00 sec)

mysql> 
mysql> mysql \. C:\workspace\cloud\code\sql\_DailyScript\DAILY-SCRIPT-VODTS-STATS.sql
Database changed
Query OK, 0 rows affected (0.03 sec)

Query OK, 2321 rows affected (7.63 sec)
Records: 2321  Duplicates: 0  Warnings: 0

+---------+------------+----------+--------------+--------------+-----------+-------------+----------+--------+------+------------+---------+---------------+
| Table   | Non_unique | Key_name | Seq_in_index | Column_name  | Collation | Cardinality | Sub_part | Packed | Null | Index_type | Comment | Index_comment |
+---------+------------+----------+--------------+--------------+-----------+-------------+----------+--------+------+------------+---------+---------------+
| tempvod |          1 | idxtvod1 |            1 | device       | A         |        2416 |     NULL | NULL   | YES  | BTREE      |         |               |
| tempvod |          1 | idxtvod2 |            1 | sessionstart | A         |        2416 |     NULL | NULL   | YES  | BTREE      |         |               |
+---------+------------+----------+--------------+--------------+-----------+-------------+----------+--------+------+------------+---------+---------------+
2 rows in set (0.00 sec)

Query OK, 2321 rows affected (1.24 sec)
Records: 2321  Duplicates: 0  Warnings: 0

Query OK, 0 rows affected (0.02 sec)

Query OK, 139263 rows affected (15.23 sec)
Records: 139263  Duplicates: 0  Warnings: 0

+--------------+
| rep_vodstats |
+--------------+
|       139263 |
+--------------+
1 row in set (0.04 sec)

Database changed
Query OK, 0 rows affected (0.00 sec)

Query OK, 12394 rows affected (57.09 sec)
Records: 12394  Duplicates: 0  Warnings: 0

+--------+------------+----------+--------------+--------------+-----------+-------------+----------+--------+------+------------+---------+---------------+
| Table  | Non_unique | Key_name | Seq_in_index | Column_name  | Collation | Cardinality | Sub_part | Packed | Null | Index_type | Comment | Index_comment |
+--------+------------+----------+--------------+--------------+-----------+-------------+----------+--------+------+------------+---------+---------------+
| tempts |          1 | idxtts1  |            1 | device       | A         |       12559 |     NULL | NULL   | YES  | BTREE      |         |               |
| tempts |          1 | idxtts2  |            1 | sessionstart | A         |       12559 |     NULL | NULL   | YES  | BTREE      |         |               |
+--------+------------+----------+--------------+--------------+-----------+-------------+----------+--------+------+------------+---------+---------------+
2 rows in set (0.00 sec)

Query OK, 12391 rows affected (12.77 sec)
Records: 12391  Duplicates: 0  Warnings: 0

Query OK, 0 rows affected (0.02 sec)

Query OK, 15889 rows affected (1 min 10.56 sec)
Records: 15889  Duplicates: 0  Warnings: 0

+-------------+
| rep_tsstats |
+-------------+
|       15889 |
+-------------+
1 row in set (0.00 sec)

mysql> mysql \. C:\workspace\cloud\code\sql\_DailyScript\currenttime.sql
+---------------------+
| currenttime         |
+---------------------+
| 2019-02-10 12:05:48 |
+---------------------+
1 row in set (0.00 sec)

mysql> 
mysql> mysql \. C:\workspace\cloud\code\sql\_DailyScript\DAILY-SCRIPT-RADIO-STATS.sql
Database changed
Query OK, 0 rows affected (0.04 sec)

Query OK, 121583 rows affected (2.62 sec)
Records: 121583  Duplicates: 0  Warnings: 0

+-----------+------------+----------+--------------+--------------+-----------+-------------+----------+--------+------+------------+---------+---------------+
| Table     | Non_unique | Key_name | Seq_in_index | Column_name  | Collation | Cardinality | Sub_part | Packed | Null | Index_type | Comment | Index_comment |
+-----------+------------+----------+--------------+--------------+-----------+-------------+----------+--------+------+------------+---------+---------------+
| tempradio |          1 | idxtrad1 |            1 | device       | A         |      121965 |     NULL | NULL   | YES  | BTREE      |         |               |
| tempradio |          1 | idxtrad2 |            1 | sessionstart | A         |      121965 |     NULL | NULL   | YES  | BTREE      |         |               |
+-----------+------------+----------+--------------+--------------+-----------+-------------+----------+--------+------+------------+---------+---------------+
2 rows in set (0.00 sec)

Query OK, 332 rows affected (1.95 sec)
Records: 332  Duplicates: 0  Warnings: 0

Query OK, 0 rows affected (0.03 sec)

Query OK, 2197 rows affected (0.26 sec)
Records: 2197  Duplicates: 0  Warnings: 0

+----------------+
| rep_radiostats |
+----------------+
|           2197 |
+----------------+
1 row in set (0.00 sec)

mysql> mysql \. C:\workspace\cloud\code\sql\_DailyScript\currenttime.sql
+---------------------+
| currenttime         |
+---------------------+
| 2019-02-10 12:05:53 |
+---------------------+
1 row in set (0.00 sec)

mysql> 
mysql> mysql \. C:\workspace\cloud\code\sql\_DailyScript\DAILY_SCRIPT_TELEMETRY_PIVOT.sql
Query OK, 0 rows affected (0.02 sec)

Query OK, 146 rows affected (0.15 sec)
Records: 146  Duplicates: 0  Warnings: 0

Query OK, 0 rows affected (0.00 sec)

Query OK, 2033 rows affected (0.44 sec)
Records: 2033  Duplicates: 0  Warnings: 0

Query OK, 0 rows affected (0.00 sec)

Query OK, 6 rows affected (0.03 sec)
Records: 6  Duplicates: 0  Warnings: 0

Query OK, 0 rows affected (0.00 sec)

Query OK, 38 rows affected (0.03 sec)
Records: 38  Duplicates: 0  Warnings: 0

mysql> mysql \. C:\workspace\cloud\code\sql\_DailyScript\currenttime.sql
+---------------------+
| currenttime         |
+---------------------+
| 2019-02-10 12:05:53 |
+---------------------+
1 row in set (0.00 sec)

mysql> 
mysql> mysql \. C:\workspace\cloud\code\sql\_DailyScript\telemetry_livetv_ranking2019.sql
Query OK, 0 rows affected (0.01 sec)

Query OK, 146 rows affected (0.02 sec)
Records: 146  Duplicates: 0  Warnings: 0

mysql> mysql \. C:\workspace\cloud\code\sql\_DailyScript\currenttime.sql
+---------------------+
| currenttime         |
+---------------------+
| 2019-02-10 12:05:53 |
+---------------------+
1 row in set (0.00 sec)

mysql> 
mysql> mysql \. C:\workspace\cloud\code\sql\_DailyScript\telemetry_radio_ranking2019.sql
Query OK, 0 rows affected (0.00 sec)

Query OK, 6 rows affected (0.02 sec)
Records: 6  Duplicates: 0  Warnings: 0

mysql> mysql \. C:\workspace\cloud\code\sql\_DailyScript\currenttime.sql
+---------------------+
| currenttime         |
+---------------------+
| 2019-02-10 12:05:53 |
+---------------------+
1 row in set (0.00 sec)

mysql> 
mysql> mysql \. C:\workspace\cloud\code\sql\_DailyScript\telemetry_ts_ranking2019.sql
Query OK, 0 rows affected (0.02 sec)

Query OK, 38 rows affected (0.00 sec)
Records: 38  Duplicates: 0  Warnings: 0

mysql> mysql \. C:\workspace\cloud\code\sql\_DailyScript\currenttime.sql
+---------------------+
| currenttime         |
+---------------------+
| 2019-02-10 12:05:53 |
+---------------------+
1 row in set (0.00 sec)

mysql> 
mysql> mysql \. C:\workspace\cloud\code\sql\_DailyScript\telemetry_vod_ranking2019.sql
Query OK, 0 rows affected (0.02 sec)

Query OK, 2033 rows affected (0.11 sec)
Records: 2033  Duplicates: 0  Warnings: 0

mysql> mysql \. C:\workspace\cloud\code\sql\_DailyScript\currenttime.sql
+---------------------+
| currenttime         |
+---------------------+
| 2019-02-10 12:05:54 |
+---------------------+
1 row in set (0.00 sec)

mysql> 
mysql> mysql \. C:\workspace\cloud\code\sql\_DailyScript\telemetry_vod_ranking2019_1.sql
Query OK, 0 rows affected (0.03 sec)

Query OK, 2033 rows affected (0.08 sec)
Records: 2033  Duplicates: 0  Warnings: 0

mysql> mysql \. C:\workspace\cloud\code\sql\_DailyScript\currenttime.sql
+---------------------+
| currenttime         |
+---------------------+
| 2019-02-10 12:05:54 |
+---------------------+
1 row in set (0.00 sec)

mysql> 
mysql> mysql \. C:\workspace\cloud\code\sql\_DailyScript\telemetry_vod_ranking2019_2.sql
Query OK, 0 rows affected (0.00 sec)

Query OK, 2033 rows affected (0.04 sec)
Records: 2033  Duplicates: 0  Warnings: 0

mysql> mysql \. C:\workspace\cloud\code\sql\_DailyScript\currenttime.sql
+---------------------+
| currenttime         |
+---------------------+
| 2019-02-10 12:05:54 |
+---------------------+
1 row in set (0.00 sec)

mysql> 
mysql> mysql \. C:\workspace\cloud\code\sql\_DailyScript\DAILY-SCRIPT-CREATE-LOAD.sql
Database changed
Database changed
Query OK, 0 rows affected (0.03 sec)

Query OK, 0 rows affected (0.12 sec)

Database changed
Query OK, 64886 rows affected (3.16 sec)
Records: 64886  Deleted: 0  Skipped: 0  Warnings: 0

Query OK, 0 rows affected (0.25 sec)
Records: 0  Duplicates: 0  Warnings: 0

Query OK, 0 rows affected (0.29 sec)
Records: 0  Duplicates: 0  Warnings: 0

Query OK, 0 rows affected (0.30 sec)
Records: 0  Duplicates: 0  Warnings: 0

Query OK, 0 rows affected (0.29 sec)
Records: 0  Duplicates: 0  Warnings: 0

+---------+
| clients |
+---------+
|   64886 |
+---------+
1 row in set (0.03 sec)

Query OK, 0 rows affected (0.00 sec)

Query OK, 1578 rows affected (0.52 sec)
Records: 1578  Duplicates: 0  Warnings: 0

+-------------------+
| rcb_clientparcels |
+-------------------+
|              1578 |
+-------------------+
1 row in set (0.00 sec)

Query OK, 0 rows affected (0.05 sec)

Query OK, 83934 rows affected (4.36 sec)
Records: 83934  Duplicates: 0  Warnings: 0

Query OK, 0 rows affected (0.53 sec)
Records: 0  Duplicates: 0  Warnings: 0

Query OK, 0 rows affected (0.03 sec)

Query OK, 64886 rows affected (3.63 sec)
Records: 64886  Duplicates: 0  Warnings: 0

Query OK, 0 rows affected (0.38 sec)
Records: 0  Duplicates: 0  Warnings: 0

Query OK, 0 rows affected (0.25 sec)
Records: 0  Duplicates: 0  Warnings: 0

Query OK, 0 rows affected (0.22 sec)
Records: 0  Duplicates: 0  Warnings: 0

+---------------+
| clientaddress |
+---------------+
|         64886 |
+---------------+
1 row in set (0.02 sec)

Database changed
Query OK, 0 rows affected (0.12 sec)

Query OK, 0 rows affected (0.02 sec)

Database changed
Query OK, 465056 rows affected, 65535 warnings (19.47 sec)
Records: 465056  Deleted: 0  Skipped: 0  Warnings: 178240

Query OK, 0 rows affected (1.84 sec)
Records: 0  Duplicates: 0  Warnings: 0

Query OK, 0 rows affected (3.14 sec)
Records: 0  Duplicates: 0  Warnings: 0

Query OK, 0 rows affected (1.94 sec)
Records: 0  Duplicates: 0  Warnings: 0

Query OK, 0 rows affected (0.04 sec)

Query OK, 465056 rows affected (1 min 1.23 sec)
Records: 465056  Duplicates: 0  Warnings: 0

Query OK, 0 rows affected (2.17 sec)
Records: 0  Duplicates: 0  Warnings: 0

Query OK, 0 rows affected (1.71 sec)
Records: 0  Duplicates: 0  Warnings: 0

+-----------+
| contracts |
+-----------+
|    465056 |
+-----------+
1 row in set (0.20 sec)

+-----------------+
| contractaddress |
+-----------------+
|          465056 |
+-----------------+
1 row in set (0.18 sec)

Database changed
Query OK, 0 rows affected (0.00 sec)

Query OK, 0 rows affected (0.02 sec)

Query OK, 6445 rows affected (0.15 sec)
Records: 6445  Deleted: 0  Skipped: 0  Warnings: 0

Query OK, 0 rows affected (0.00 sec)

Query OK, 6415 rows affected (0.60 sec)
Records: 6415  Duplicates: 0  Warnings: 0

Query OK, 0 rows affected (0.05 sec)
Records: 0  Duplicates: 0  Warnings: 0

Query OK, 0 rows affected (0.05 sec)

Query OK, 5292 rows affected (0.04 sec)
Records: 5292  Duplicates: 0  Warnings: 0

Query OK, 0 rows affected (0.04 sec)
Records: 0  Duplicates: 0  Warnings: 0

+-------------------+
| contractdiscounts |
+-------------------+
|              6445 |
+-------------------+
1 row in set (0.00 sec)

+-------------------------+
| clientcontractdiscounts |
+-------------------------+
|                    6415 |
+-------------------------+
1 row in set (0.00 sec)

+----------------------------+
| clientcontractlastdiscount |
+----------------------------+
|                       5292 |
+----------------------------+
1 row in set (0.00 sec)

Database changed
Query OK, 0 rows affected (0.04 sec)

Query OK, 0 rows affected (0.02 sec)

Database changed
Query OK, 126488 rows affected (3.24 sec)
Records: 126488  Deleted: 0  Skipped: 0  Warnings: 0

Query OK, 0 rows affected (0.29 sec)
Records: 0  Duplicates: 0  Warnings: 0

Query OK, 0 rows affected (0.44 sec)
Records: 0  Duplicates: 0  Warnings: 0

Query OK, 0 rows affected (0.43 sec)
Records: 0  Duplicates: 0  Warnings: 0

Query OK, 0 rows affected (0.32 sec)
Records: 0  Duplicates: 0  Warnings: 0

Query OK, 0 rows affected (0.58 sec)
Records: 0  Duplicates: 0  Warnings: 0

Query OK, 0 rows affected (0.85 sec)
Records: 0  Duplicates: 0  Warnings: 0

Query OK, 0 rows affected (0.07 sec)

Query OK, 1587384 rows affected (2 min 51.29 sec)
Records: 1587384  Duplicates: 0  Warnings: 0

+---------+
| devices |
+---------+
|  126488 |
+---------+
1 row in set (0.10 sec)

+-----------------------+
| clientcontractdevices |
+-----------------------+
|               1587384 |
+-----------------------+
1 row in set (0.68 sec)

Query OK, 0 rows affected (0.14 sec)

Query OK, 126429 rows affected (8.18 sec)
Records: 126429  Duplicates: 0  Warnings: 0

+---------------------------+
| rep_clientcontractdevices |
+---------------------------+
|                    126429 |
+---------------------------+
1 row in set (0.05 sec)

Database changed
Query OK, 0 rows affected (0.13 sec)

Query OK, 0 rows affected (0.01 sec)

Query OK, 234698 rows affected (7.90 sec)
Records: 234698  Deleted: 0  Skipped: 0  Warnings: 0

Query OK, 0 rows affected (0.75 sec)
Records: 0  Duplicates: 0  Warnings: 0

Query OK, 0 rows affected (1.16 sec)
Records: 0  Duplicates: 0  Warnings: 0

Query OK, 0 rows affected (0.69 sec)
Records: 0  Duplicates: 0  Warnings: 0

Query OK, 0 rows affected (1.10 sec)
Records: 0  Duplicates: 0  Warnings: 0

+---------+
| tickets |
+---------+
|  234698 |
+---------+
1 row in set (0.09 sec)

Database changed
Query OK, 0 rows affected (0.01 sec)

Query OK, 0 rows affected (0.00 sec)

Empty set (0.00 sec)

Query OK, 0 rows affected (0.02 sec)
Records: 0  Duplicates: 0  Warnings: 0

Query OK, 305 rows affected, 2 warnings (0.02 sec)
Records: 305  Deleted: 0  Skipped: 0  Warnings: 2

+-----------------+
| tickettechusers |
+-----------------+
|             305 |
+-----------------+
1 row in set (0.00 sec)

Database changed
Query OK, 0 rows affected (0.37 sec)

Query OK, 0 rows affected (0.00 sec)

Query OK, 0 rows affected (0.02 sec)
Records: 0  Duplicates: 0  Warnings: 0

Query OK, 479393 rows affected, 40992 warnings (9.76 sec)
Records: 479393  Deleted: 0  Skipped: 0  Warnings: 40992

+-------------------+
| ticketassignments |
+-------------------+
|            479393 |
+-------------------+
1 row in set (0.19 sec)

Database changed
Query OK, 0 rows affected (0.03 sec)

Query OK, 0 rows affected (0.00 sec)

Query OK, 1009166 rows affected (15.60 sec)
Records: 1009166  Deleted: 0  Skipped: 0  Warnings: 0

Query OK, 0 rows affected (3.81 sec)
Records: 0  Duplicates: 0  Warnings: 0

Query OK, 0 rows affected (3.11 sec)
Records: 0  Duplicates: 0  Warnings: 0

Query OK, 0 rows affected (3.44 sec)
Records: 0  Duplicates: 0  Warnings: 0

Query OK, 0 rows affected (3.86 sec)
Records: 0  Duplicates: 0  Warnings: 0

+----------------+
| ticketcomments |
+----------------+
|        1009166 |
+----------------+
1 row in set (0.38 sec)

Database changed
Query OK, 0 rows affected (0.02 sec)

Query OK, 0 rows affected (0.00 sec)

Query OK, 391786 rows affected (43.71 sec)
Records: 391786  Deleted: 0  Skipped: 0  Warnings: 0

Query OK, 0 rows affected (3.05 sec)
Records: 0  Duplicates: 0  Warnings: 0

+----------+
| comments |
+----------+
|   391786 |
+----------+
1 row in set (0.14 sec)

Database changed
Query OK, 0 rows affected (0.17 sec)

Query OK, 0 rows affected (0.02 sec)

Query OK, 642041 rows affected, 65535 warnings (1 min 1.04 sec)
Records: 642041  Deleted: 0  Skipped: 0  Warnings: 642042

Query OK, 0 rows affected (2.37 sec)
Records: 0  Duplicates: 0  Warnings: 0

Query OK, 0 rows affected (2.09 sec)
Records: 0  Duplicates: 0  Warnings: 0

Query OK, 0 rows affected (1.95 sec)
Records: 0  Duplicates: 0  Warnings: 0

Query OK, 0 rows affected (1.70 sec)
Records: 0  Duplicates: 0  Warnings: 0

Query OK, 0 rows affected (2.66 sec)
Records: 0  Duplicates: 0  Warnings: 0

+------------+
| devicesold |
+------------+
|     642041 |
+------------+
1 row in set (0.32 sec)

Database changed
Query OK, 0 rows affected (0.05 sec)

Query OK, 0 rows affected (0.02 sec)

Query OK, 1580842 rows affected (27.37 sec)
Records: 1580842  Deleted: 0  Skipped: 0  Warnings: 0

Query OK, 0 rows affected (5.17 sec)
Records: 0  Duplicates: 0  Warnings: 0

Query OK, 0 rows affected (4.84 sec)
Records: 0  Duplicates: 0  Warnings: 0

Query OK, 0 rows affected (4.95 sec)
Records: 0  Duplicates: 0  Warnings: 0

+------------------+
| contractservices |
+------------------+
|          1580842 |
+------------------+
1 row in set (0.60 sec)

Database changed
Query OK, 0 rows affected (0.05 sec)

Query OK, 0 rows affected (0.01 sec)

Query OK, 3476141 rows affected (2 min 13.36 sec)
Records: 3476141  Deleted: 0  Skipped: 0  Warnings: 0

Query OK, 0 rows affected (14.86 sec)
Records: 0  Duplicates: 0  Warnings: 0

Query OK, 0 rows affected (15.51 sec)
Records: 0  Duplicates: 0  Warnings: 0

Query OK, 0 rows affected (14.31 sec)
Records: 0  Duplicates: 0  Warnings: 0

Query OK, 0 rows affected (16.09 sec)
Records: 0  Duplicates: 0  Warnings: 0

+------------------+
| invoicescontents |
+------------------+
|          3476141 |
+------------------+
1 row in set (1.32 sec)

Database changed
Query OK, 0 rows affected (0.07 sec)

Query OK, 0 rows affected (0.01 sec)

Query OK, 2380865 rows affected (3 min 12.54 sec)
Records: 2380865  Deleted: 0  Skipped: 0  Warnings: 0

Query OK, 0 rows affected (14.41 sec)
Records: 0  Duplicates: 0  Warnings: 0

Query OK, 0 rows affected (12.92 sec)
Records: 0  Duplicates: 0  Warnings: 0

Query OK, 0 rows affected (11.02 sec)
Records: 0  Duplicates: 0  Warnings: 0

Query OK, 0 rows affected (12.59 sec)
Records: 0  Duplicates: 0  Warnings: 0

Query OK, 0 rows affected (13.07 sec)
Records: 0  Duplicates: 0  Warnings: 0

+----------------+
| invoicesheader |
+----------------+
|        2380865 |
+----------------+
1 row in set (0.93 sec)

Database changed
Query OK, 0 rows affected (0.03 sec)

Query OK, 0 rows affected (0.01 sec)

Query OK, 2528922 rows affected (1 min 25.57 sec)
Records: 2528922  Deleted: 0  Skipped: 0  Warnings: 0

Query OK, 0 rows affected (9.60 sec)
Records: 0  Duplicates: 0  Warnings: 0

Query OK, 0 rows affected (9.71 sec)
Records: 0  Duplicates: 0  Warnings: 0

Query OK, 0 rows affected (9.98 sec)
Records: 0  Duplicates: 0  Warnings: 0

Query OK, 0 rows affected (9.42 sec)
Records: 0  Duplicates: 0  Warnings: 0

+---------+
| casa    |
+---------+
| 2528922 |
+---------+
1 row in set (1.12 sec)

Query OK, 0 rows affected (0.00 sec)

Query OK, 11756 rows affected (1 min 19.37 sec)
Records: 11756  Duplicates: 0  Warnings: 0

+--------------------+
| rep_paycol_channel |
+--------------------+
|              11756 |
+--------------------+
1 row in set (0.00 sec)

Query OK, 0 rows affected (0.00 sec)

Query OK, 7878 rows affected (1 min 33.40 sec)
Records: 7878  Duplicates: 0  Warnings: 0

+----------------+
| rep_paycol_pos |
+----------------+
|           7878 |
+----------------+
1 row in set (0.01 sec)

Database changed
Query OK, 0 rows affected (0.01 sec)

Query OK, 0 rows affected (0.01 sec)

Database changed
Query OK, 37604 rows affected (1.17 sec)
Records: 37604  Deleted: 0  Skipped: 0  Warnings: 0

+-------+
| users |
+-------+
| 37604 |
+-------+
1 row in set (0.01 sec)

Database changed
Query OK, 0 rows affected (0.05 sec)

Query OK, 0 rows affected (0.02 sec)

Database changed
Query OK, 6552617 rows affected (1 min 29.49 sec)
Records: 6552617  Deleted: 0  Skipped: 0  Warnings: 0

Query OK, 0 rows affected (25.90 sec)
Records: 0  Duplicates: 0  Warnings: 0

Query OK, 0 rows affected (25.63 sec)
Records: 0  Duplicates: 0  Warnings: 0

Query OK, 0 rows affected (26.63 sec)
Records: 0  Duplicates: 0  Warnings: 0

Query OK, 0 rows affected (20.56 sec)
Records: 0  Duplicates: 0  Warnings: 0

+----------+
| ipusage1 |
+----------+
|  6552617 |
+----------+
1 row in set (2.27 sec)

Query OK, 0 rows affected (0.07 sec)

Query OK, 6597691 rows affected, 65535 warnings (8 min 49.80 sec)
Records: 6597691  Duplicates: 0  Warnings: 6588452

Query OK, 0 rows affected (25.86 sec)
Records: 0  Duplicates: 0  Warnings: 0

Query OK, 0 rows affected (24.73 sec)
Records: 0  Duplicates: 0  Warnings: 0

Query OK, 0 rows affected (28.71 sec)
Records: 0  Duplicates: 0  Warnings: 0

Query OK, 0 rows affected (29.07 sec)
Records: 0  Duplicates: 0  Warnings: 0

Query OK, 0 rows affected (35.71 sec)
Records: 0  Duplicates: 0  Warnings: 0

Query OK, 0 rows affected (38.01 sec)
Records: 0  Duplicates: 0  Warnings: 0

Query OK, 0 rows affected (35.68 sec)
Records: 0  Duplicates: 0  Warnings: 0

+---------+
| ipusage |
+---------+
| 6597691 |
+---------+
1 row in set (2.60 sec)

Query OK, 0 rows affected (0.05 sec)

Query OK, 2636852 rows affected (2 min 8.98 sec)
Records: 2636852  Duplicates: 0  Warnings: 0

Query OK, 0 rows affected (12.71 sec)
Records: 0  Duplicates: 0  Warnings: 0

Query OK, 0 rows affected (8.12 sec)
Records: 0  Duplicates: 0  Warnings: 0

Query OK, 0 rows affected (15.40 sec)
Records: 0  Duplicates: 0  Warnings: 0

Query OK, 0 rows affected (15.09 sec)
Records: 0  Duplicates: 0  Warnings: 0

Query OK, 0 rows affected (0.17 sec)

Query OK, 242526 rows affected (24.25 sec)
Records: 242526  Duplicates: 0  Warnings: 0

Query OK, 0 rows affected (1.06 sec)
Records: 0  Duplicates: 0  Warnings: 0

Query OK, 0 rows affected (0.99 sec)
Records: 0  Duplicates: 0  Warnings: 0

Query OK, 0 rows affected (1.46 sec)
Records: 0  Duplicates: 0  Warnings: 0

Query OK, 0 rows affected (0.80 sec)
Records: 0  Duplicates: 0  Warnings: 0

Query OK, 0 rows affected (0.78 sec)
Records: 0  Duplicates: 0  Warnings: 0

mysql> mysql \. C:\workspace\cloud\code\sql\_DailyScript\currenttime.sql
+---------------------+
| currenttime         |
+---------------------+
| 2019-02-10 12:46:06 |
+---------------------+
1 row in set (0.00 sec)

mysql> 
mysql> mysql \. C:\workspace\cloud\code\sql\_DailyScript\ticket_analysis.sql
Database changed
Query OK, 0 rows affected (0.04 sec)

Query OK, 370155 rows affected (23.62 sec)
Records: 370155  Duplicates: 0  Warnings: 0

Query OK, 0 rows affected (2.34 sec)
Records: 0  Duplicates: 0  Warnings: 0

Query OK, 0 rows affected (1.42 sec)
Records: 0  Duplicates: 0  Warnings: 0

Query OK, 0 rows affected (1.25 sec)
Records: 0  Duplicates: 0  Warnings: 0

Query OK, 0 rows affected (0.03 sec)

Query OK, 14188 rows affected (9.04 sec)
Records: 14188  Duplicates: 0  Warnings: 0

Query OK, 0 rows affected, 1 warning (0.00 sec)

Query OK, 50775 rows affected (5.50 sec)
Records: 50775  Duplicates: 0  Warnings: 0

Query OK, 0 rows affected, 1 warning (0.00 sec)

Query OK, 262534 rows affected (10.29 sec)
Records: 262534  Duplicates: 0  Warnings: 0

Query OK, 0 rows affected, 1 warning (0.01 sec)

Query OK, 262534 rows affected (10.38 sec)
Records: 262534  Duplicates: 0  Warnings: 0

Query OK, 0 rows affected (0.12 sec)

Query OK, 50813 rows affected (3.18 sec)
Records: 50813  Duplicates: 0  Warnings: 0

Database changed
Query OK, 0 rows affected (0.00 sec)

Query OK, 0 rows affected (0.03 sec)

Query OK, 370155 rows affected (19.15 sec)
Records: 370155  Duplicates: 0  Warnings: 0

Query OK, 0 rows affected (0.03 sec)

Query OK, 171946 rows affected (11.51 sec)
Records: 171946  Duplicates: 0  Warnings: 0

+--------------------------+
| clientticket_cmmtjourney |
+--------------------------+
|                   370155 |
+--------------------------+
1 row in set (0.50 sec)

+---------------------------+
| clientticket_assgnjourney |
+---------------------------+
|                    171946 |
+---------------------------+
1 row in set (0.24 sec)

Query OK, 0 rows affected (0.02 sec)

Query OK, 59 rows affected (0.60 sec)
Records: 59  Duplicates: 0  Warnings: 0

mysql> mysql \. C:\workspace\cloud\code\sql\_DailyScript\currenttime.sql
+---------------------+
| currenttime         |
+---------------------+
| 2019-02-10 12:47:45 |
+---------------------+
1 row in set (0.00 sec)

mysql> 
mysql> mysql \. C:\workspace\cloud\code\sql\_DailyScript\load_DailyCalls.sql
Database changed
Query OK, 322 rows affected (0.43 sec)
Records: 322  Deleted: 0  Skipped: 0  Warnings: 0

Query OK, 0 rows affected, 1 warning (0.00 sec)

Query OK, 317 rows affected (0.07 sec)
Records: 317  Duplicates: 0  Warnings: 0

Query OK, 0 rows affected, 1 warning (0.00 sec)

Query OK, 66214 rows affected (0.73 sec)
Records: 66214  Duplicates: 0  Warnings: 0

+----------------------+
| callingclientsbefore |
+----------------------+
|               618858 |
+----------------------+
1 row in set (2.49 sec)

Query OK, 414 rows affected (8.69 sec)
Records: 414  Duplicates: 0  Warnings: 0

+---------------------+
| callingclientsafter |
+---------------------+
|              619272 |
+---------------------+
1 row in set (0.28 sec)

Query OK, 0 rows affected (0.02 sec)

Query OK, 232 rows affected (3.74 sec)
Records: 232  Duplicates: 0  Warnings: 0

Query OK, 0 rows affected (0.00 sec)

Query OK, 12785 rows affected (2.26 sec)
Records: 12785  Duplicates: 0  Warnings: 0

+-----------+
| callstats |
+-----------+
|     12785 |
+-----------+
1 row in set (0.01 sec)

mysql> mysql \. C:\workspace\cloud\code\sql\_DailyScript\currenttime.sql
+---------------------+
| currenttime         |
+---------------------+
| 2019-02-10 12:48:04 |
+---------------------+
1 row in set (0.01 sec)

mysql> 
mysql> mysql \. C:\workspace\cloud\code\sql\_DailyScript\DAILY-SCRIPT-USAGE.sql
Database changed
Query OK, 0 rows affected (0.00 sec)

Query OK, 6022 rows affected, 17429 warnings (4.45 sec)
Records: 6022  Deleted: 0  Skipped: 0  Warnings: 17429

Query OK, 0 rows affected (0.00 sec)

Query OK, 11141 rows affected, 32303 warnings (3.70 sec)
Records: 11141  Deleted: 0  Skipped: 0  Warnings: 32303

Query OK, 0 rows affected (0.00 sec)

Query OK, 92 rows affected, 308 warnings (0.03 sec)
Records: 92  Deleted: 0  Skipped: 0  Warnings: 308

Query OK, 0 rows affected (0.00 sec)

Query OK, 294 rows affected, 991 warnings (0.07 sec)
Records: 294  Deleted: 0  Skipped: 0  Warnings: 991

+------------+
| dailyusage |
+------------+
|    4128482 |
+------------+
1 row in set (3.46 sec)

+------------+------------+------------+---------+
| datestart  | dateend    | insertedon | records |
+------------+------------+------------+---------+
| 2019-02-09 | 2019-02-09 | 2019-02-10 |   17549 |
| 2019-02-08 | 2019-02-08 | 2019-02-09 |   17431 |
| 2019-02-07 | 2019-02-07 | 2019-02-08 |   17567 |
| 2019-02-06 | 2019-02-06 | 2019-02-07 |   17674 |
| 2019-02-05 | 2019-02-05 | 2019-02-06 |   17593 |
+------------+------------+------------+---------+
5 rows in set (33.47 sec)

mysql> mysql \. C:\workspace\cloud\code\sql\_DailyScript\currenttime.sql
+---------------------+
| currenttime         |
+---------------------+
| 2019-02-10 12:48:49 |
+---------------------+
1 row in set (0.00 sec)

mysql> 
mysql> mysql \. C:\workspace\cloud\code\sql\_DailyScript\DAILY-SCRIPT-SALES-TELEMETRY.sql
Database changed
Query OK, 73 rows affected, 31 warnings (0.11 sec)
Records: 73  Deleted: 0  Skipped: 0  Warnings: 31

+------------+
| dailysales |
+------------+
|     141524 |
+------------+
1 row in set (0.48 sec)

Query OK, 0 rows affected (0.18 sec)

Query OK, 141524 rows affected (11.81 sec)
Records: 141524  Duplicates: 0  Warnings: 0

+--------+
| sales  |
+--------+
| 141524 |
+--------+
1 row in set (0.09 sec)

Query OK, 0 rows affected (0.01 sec)

Query OK, 2292 rows affected (0.69 sec)
Records: 2292  Duplicates: 0  Warnings: 0

+-----------+
| saleslist |
+-----------+
|      2292 |
+-----------+
1 row in set (0.00 sec)

Database changed
Query OK, 2 rows affected (0.02 sec)
Records: 2  Deleted: 0  Skipped: 0  Warnings: 0

+------------------+
| dailysinglesales |
+------------------+
|             5433 |
+------------------+
1 row in set (0.02 sec)

Database changed
Query OK, 11 rows affected (0.02 sec)
Records: 11  Deleted: 0  Skipped: 0  Warnings: 0

+-----------------+
| dailyaddonsales |
+-----------------+
|           14781 |
+-----------------+
1 row in set (0.03 sec)

Query OK, 86 rows affected (0.12 sec)
Records: 86  Deleted: 0  Skipped: 0  Warnings: 0

+----------------+
| onlinepayments |
+----------------+
|          43606 |
+----------------+
1 row in set (0.18 sec)

+-------------+----------------+---------------------+
| paymentdate | onlinepayments | onlinepaymentamount |
+-------------+----------------+---------------------+
| 2019-02-09  |             86 |         47911.70000 |
| 2019-02-08  |             81 |         46049.07000 |
| 2019-02-07  |             71 |         48152.56000 |
| 2019-02-06  |             75 |         54637.16000 |
| 2019-02-05  |             67 |         52037.30000 |
+-------------+----------------+---------------------+
5 rows in set (0.34 sec)

+-------------+--------------+----------------+---------------------+
| paymentyear | paymentmonth | onlinepayments | onlinepaymentamount |
+-------------+--------------+----------------+---------------------+
|        2019 |            2 |            806 |        536104.79000 |
|        2019 |            1 |           2609 |       1678277.98000 |
|        2019 |         NULL |           3415 |       2214382.77000 |
|        2018 |           12 |           2480 |       1616678.80000 |
|        2018 |           11 |           2605 |       1578302.71000 |
+-------------+--------------+----------------+---------------------+
5 rows in set (0.06 sec)

mysql> mysql \. C:\workspace\cloud\code\sql\_DailyScript\currenttime.sql
+---------------------+
| currenttime         |
+---------------------+
| 2019-02-10 12:49:04 |
+---------------------+
1 row in set (0.00 sec)

mysql> 
mysql> mysql \. C:\workspace\cloud\code\sql\_DailyScript\DAILY-SCRIPT-ACTIVENUMBERS.sql
Database changed
Query OK, 1338 rows affected (1.16 sec)
Records: 1338  Deleted: 0  Skipped: 0  Warnings: 0

+------------+----------+
| period     | count(1) |
+------------+----------+
| 2019-02-09 |     1338 |
| 2019-02-08 |     1338 |
| 2019-02-07 |     1338 |
| 2019-02-06 |     1338 |
| 2019-02-05 |     1340 |
| 2019-02-04 |     1341 |
+------------+----------+
6 rows in set (0.01 sec)

Query OK, 0 rows affected (0.00 sec)

Query OK, 86 rows affected (2.01 sec)
Records: 86  Duplicates: 0  Warnings: 0

+-------------+
| packagelist |
+-------------+
|          86 |
+-------------+
1 row in set (0.01 sec)

Database changed
Query OK, 0 rows affected (0.00 sec)

Query OK, 0 rows affected (0.00 sec)

Query OK, 0 rows affected (0.00 sec)

Query OK, 0 rows affected (0.00 sec)

Query OK, 27119 rows affected, 256 warnings (1 min 1.84 sec)
Records: 27119  Deleted: 0  Skipped: 0  Warnings: 256

+------------+----------+
| period     | count(1) |
+------------+----------+
| 2019-02-09 |    27119 |
| 2019-02-08 |    27085 |
| 2019-02-07 |    27027 |
| 2019-02-06 |    27081 |
| 2019-02-05 |    27013 |
+------------+----------+
5 rows in set (0.45 sec)

Query OK, 0 rows affected (0.10 sec)

Query OK, 26469 rows affected (1 min 27.93 sec)
Records: 26469  Duplicates: 0  Warnings: 0

Query OK, 0 rows affected (0.26 sec)
Records: 0  Duplicates: 0  Warnings: 0

Query OK, 0 rows affected (0.31 sec)
Records: 0  Duplicates: 0  Warnings: 0

Query OK, 0 rows affected (0.33 sec)
Records: 0  Duplicates: 0  Warnings: 0

Query OK, 0 rows affected (0.26 sec)
Records: 0  Duplicates: 0  Warnings: 0

Query OK, 0 rows affected (0.14 sec)
Records: 0  Duplicates: 0  Warnings: 0

Query OK, 0 rows affected (0.11 sec)
Records: 0  Duplicates: 0  Warnings: 0

+-------------+
| countbefore |
+-------------+
|    23592836 |
+-------------+
1 row in set (17.39 sec)

Query OK, 26469 rows affected (30.30 sec)
Records: 26469  Duplicates: 0  Warnings: 0

+------------+
| countafter |
+------------+
|   23619305 |
+------------+
1 row in set (9.89 sec)

+------------+--------------------------+
| period     | customercontractactivity |
+------------+--------------------------+
| 2019-02-09 |                    26469 |
| 2019-02-08 |                    26435 |
| 2019-02-07 |                    26377 |
| 2019-02-06 |                    26431 |
| 2019-02-05 |                    26363 |
+------------+--------------------------+
5 rows in set (0.07 sec)

Query OK, 0 rows affected (0.06 sec)

Query OK, 204703 rows affected (6 min 4.74 sec)
Records: 204703  Duplicates: 0  Warnings: 0

Query OK, 0 rows affected (0.12 sec)

Query OK, 247 rows affected (0.52 sec)
Records: 247  Duplicates: 0  Warnings: 0

Query OK, 0 rows affected (0.00 sec)

Query OK, 2375 rows affected (0.68 sec)
Records: 2375  Duplicates: 0  Warnings: 0

Query OK, 0 rows affected (0.03 sec)

Query OK, 26456 rows affected (0.74 sec)
Records: 26456  Duplicates: 0  Warnings: 0

Query OK, 0 rows affected (0.02 sec)

Query OK, 17142 rows affected (0.52 sec)
Records: 17142  Duplicates: 0  Warnings: 0

Query OK, 0 rows affected (0.00 sec)

Query OK, 17142 rows affected (0.15 sec)
Records: 17142  Duplicates: 0  Warnings: 0

Query OK, 0 rows affected (0.03 sec)

Query OK, 17142 rows affected (2.07 sec)
Records: 17142  Duplicates: 0  Warnings: 0

Query OK, 0 rows affected (0.07 sec)

Query OK, 17142 rows affected (58.47 sec)
Records: 17142  Duplicates: 0  Warnings: 0

+-------------+
| clientstats |
+-------------+
|       17142 |
+-------------+
1 row in set (0.02 sec)

Query OK, 0 rows affected (0.01 sec)

Query OK, 13 rows affected, 1 warning (0.12 sec)
Records: 13  Duplicates: 0  Warnings: 1

+-----------------------+-------------+-------------+----------------+-----------------+
| services              | activecount | allaccounts | uniqueaccounts | uniquecontracts |
+-----------------------+-------------+-------------+----------------+-----------------+
| All                   |         138 |          30 |             30 |              95 |
| Internet & Voice      |         461 |         213 |            213 |             417 |
| Internet Only         |        4171 |        4035 |           4031 |            4109 |
| OTT Only              |           3 |           3 |              3 |               3 |
| TV & Internet         |        9100 |        3946 |           3941 |            8040 |
| TV & Internet & OTT   |        1620 |         471 |            471 |             959 |
| TV & Internet & Voice |         544 |         152 |            152 |             472 |
| TV & OTT              |          94 |          31 |             31 |              33 |
| TV & Voice            |         124 |          53 |             53 |             107 |
| TV & Voice & OTT      |          14 |           2 |              2 |               5 |
| TV Only               |       10741 |        7995 |           7990 |            8199 |
| Voice Only            |         212 |         211 |            211 |             212 |
| GRAND TOTAL           |       27222 |       17142 |          17088 |           22651 |
+-----------------------+-------------+-------------+----------------+-----------------+
13 rows in set (0.00 sec)

+-------------+-------------+-------------+----------------+-----------------+
| network     | activecount | allaccounts | uniqueaccounts | uniquecontracts |
+-------------+-------------+-------------+----------------+-----------------+
| ADDON       |          11 |           7 |              7 |               7 |
| GPON        |        6510 |        3338 |           3338 |            5033 |
| HFC         |       20701 |       13797 |          13797 |           17611 |
| GRAND TOTAL |       27222 |       17142 |          17088 |           22651 |
+-------------+-------------+-------------+----------------+-----------------+
4 rows in set, 1 warning (0.13 sec)

+-------------+-----------------------+-------------+-------------+----------------+-----------------+
| network     | services              | activecount | allaccounts | uniqueaccounts | uniquecontracts |
+-------------+-----------------------+-------------+-------------+----------------+-----------------+
| ADDON       | OTT Only              |           3 |           3 |              3 |               3 |
| ADDON       | TV & OTT              |           4 |           1 |              1 |               1 |
| ADDON       | TV Only               |           4 |           3 |              3 |               3 |
| ADDON       | Services Total        |          11 |           7 |              7 |               7 |
| GPON        | All                   |          33 |           7 |              7 |              24 |
| GPON        | Internet & Voice      |          63 |          26 |             26 |              53 |
| GPON        | Internet Only         |         847 |         767 |            767 |             785 |
| GPON        | TV & Internet         |        2952 |        1207 |           1207 |            2492 |
| GPON        | TV & Internet & OTT   |         695 |         195 |            195 |             402 |
| GPON        | TV & Internet & Voice |         134 |          36 |             36 |             112 |
| GPON        | TV & OTT              |          52 |          17 |             17 |              19 |
| GPON        | TV & Voice            |          43 |          17 |             17 |              35 |
| GPON        | TV Only               |        1681 |        1056 |           1056 |            1101 |
| GPON        | Voice Only            |          10 |          10 |             10 |              10 |
| GPON        | Services Total        |        6510 |        3338 |           3338 |            5033 |
| HFC         | All                   |         105 |          23 |             23 |              71 |
| HFC         | Internet & Voice      |         398 |         187 |            187 |             364 |
| HFC         | Internet Only         |        3324 |        3268 |           3268 |            3324 |
| HFC         | TV & Internet         |        6148 |        2739 |           2739 |            5548 |
| HFC         | TV & Internet & OTT   |         925 |         276 |            276 |             557 |
| HFC         | TV & Internet & Voice |         410 |         116 |            116 |             360 |
| HFC         | TV & OTT              |          38 |          13 |             13 |              13 |
| HFC         | TV & Voice            |          81 |          36 |             36 |              72 |
| HFC         | TV & Voice & OTT      |          14 |           2 |              2 |               5 |
| HFC         | TV Only               |        9056 |        6936 |           6936 |            7095 |
| HFC         | Voice Only            |         202 |         201 |            201 |             202 |
| HFC         | Services Total        |       20701 |       13797 |          13797 |           17611 |
| GRAND TOTAL | Services Total        |       27222 |       17142 |          17088 |           22651 |
+-------------+-----------------------+-------------+-------------+----------------+-----------------+
28 rows in set, 2 warnings (0.15 sec)

Query OK, 0 rows affected (0.00 sec)

Query OK, 42 rows affected, 3 warnings (0.22 sec)
Records: 42  Duplicates: 0  Warnings: 3

+-------------+---------------+-----------------------+-------------+-------------+----------------+-----------------+
| region      | network       | services              | activecount | allaccounts | uniqueaccounts | uniquecontracts |
+-------------+---------------+-----------------------+-------------+-------------+----------------+-----------------+
| Mahe        | ADDON         | OTT Only              |           3 |           3 |              3 |               3 |
| Mahe        | ADDON         | TV & OTT              |           4 |           1 |              1 |               1 |
| Mahe        | ADDON         | TV Only               |           4 |           3 |              3 |               3 |
| Mahe        | ADDON         | Services Total        |          11 |           7 |              7 |               7 |
| Mahe        | GPON          | All                   |          28 |           6 |              6 |              20 |
| Mahe        | GPON          | Internet & Voice      |          53 |          21 |             21 |              43 |
| Mahe        | GPON          | Internet Only         |         644 |         564 |            564 |             582 |
| Mahe        | GPON          | TV & Internet         |        1994 |         808 |            808 |            1659 |
| Mahe        | GPON          | TV & Internet & OTT   |         405 |         113 |            113 |             230 |
| Mahe        | GPON          | TV & Internet & Voice |         106 |          28 |             28 |              86 |
| Mahe        | GPON          | TV & OTT              |          39 |          11 |             11 |              12 |
| Mahe        | GPON          | TV & Voice            |          43 |          17 |             17 |              35 |
| Mahe        | GPON          | TV Only               |        1249 |         752 |            752 |             778 |
| Mahe        | GPON          | Voice Only            |           7 |           7 |              7 |               7 |
| Mahe        | GPON          | Services Total        |        4568 |        2327 |           2327 |            3452 |
| Mahe        | HFC           | All                   |         105 |          23 |             23 |              71 |
| Mahe        | HFC           | Internet & Voice      |         398 |         187 |            187 |             364 |
| Mahe        | HFC           | Internet Only         |        3324 |        3268 |           3268 |            3324 |
| Mahe        | HFC           | TV & Internet         |        6148 |        2739 |           2739 |            5548 |
| Mahe        | HFC           | TV & Internet & OTT   |         925 |         276 |            276 |             557 |
| Mahe        | HFC           | TV & Internet & Voice |         410 |         116 |            116 |             360 |
| Mahe        | HFC           | TV & OTT              |          38 |          13 |             13 |              13 |
| Mahe        | HFC           | TV & Voice            |          81 |          36 |             36 |              72 |
| Mahe        | HFC           | TV & Voice & OTT      |          14 |           2 |              2 |               5 |
| Mahe        | HFC           | TV Only               |        9054 |        6935 |           6935 |            7094 |
| Mahe        | HFC           | Voice Only            |         202 |         201 |            201 |             202 |
| Mahe        | HFC           | Services Total        |       20699 |       13796 |          13796 |           17610 |
| Mahe        | Network Total | Services Total        |       25278 |       16130 |          16077 |           21069 |
| Praslin     | GPON          | All                   |           5 |           1 |              1 |               4 |
| Praslin     | GPON          | Internet & Voice      |          10 |           5 |              5 |              10 |
| Praslin     | GPON          | Internet Only         |         203 |         203 |            203 |             203 |
| Praslin     | GPON          | TV & Internet         |         958 |         399 |            399 |             833 |
| Praslin     | GPON          | TV & Internet & OTT   |         290 |          82 |             82 |             172 |
| Praslin     | GPON          | TV & Internet & Voice |          28 |           8 |              8 |              26 |
| Praslin     | GPON          | TV & OTT              |          13 |           6 |              6 |               7 |
| Praslin     | GPON          | TV Only               |         432 |         304 |            304 |             323 |
| Praslin     | GPON          | Voice Only            |           3 |           3 |              3 |               3 |
| Praslin     | GPON          | Services Total        |        1942 |        1011 |           1011 |            1581 |
| Praslin     | HFC           | TV Only               |           2 |           1 |              1 |               1 |
| Praslin     | HFC           | Services Total        |           2 |           1 |              1 |               1 |
| Praslin     | Network Total | Services Total        |        1944 |        1012 |           1011 |            1582 |
| GRAND TOTAL | Network Total | Services Total        |       27222 |       17142 |          17088 |           22651 |
+-------------+---------------+-----------------------+-------------+-------------+----------------+-----------------+
42 rows in set (0.02 sec)

Query OK, 0 rows affected (0.01 sec)

Query OK, 26456 rows affected (0.70 sec)
Records: 26456  Duplicates: 0  Warnings: 0

Query OK, 0 rows affected (0.01 sec)

Query OK, 1577 rows affected (1.59 sec)
Records: 1577  Duplicates: 0  Warnings: 0

Query OK, 0 rows affected (1 min 42.86 sec)

Query OK, 0 rows affected (0.01 sec)

Query OK, 446 rows affected (5 min 17.73 sec)
Records: 446  Duplicates: 0  Warnings: 0

+---------------------------+
| retentioncustomeractivity |
+---------------------------+
|                       446 |
+---------------------------+
1 row in set (0.01 sec)

mysql> mysql \. C:\workspace\cloud\code\sql\_DailyScript\currenttime.sql
+---------------------+
| currenttime         |
+---------------------+
| 2019-02-10 13:06:48 |
+---------------------+
1 row in set (0.00 sec)

mysql> 
mysql> mysql \. C:\workspace\cloud\code\sql\_DailyScript\GetActiveNumbers Average -Pivot.sql
Database changed
+-------------------------------------+
| @today := subdate(current_date(),1) |
+-------------------------------------+
| 2019-02-09                          |
+-------------------------------------+
1 row in set (0.00 sec)

+-------------------------------------+
| @lastdayofmonth := last_day(@today) |
+-------------------------------------+
| 2019-02-28                          |
+-------------------------------------+
1 row in set (0.02 sec)

Query OK, 0 rows affected (0.03 sec)

Query OK, 27025 rows affected, 56507 warnings (53.05 sec)
Records: 27025  Duplicates: 0  Warnings: 56507

Query OK, 0 rows affected (0.08 sec)
Records: 0  Duplicates: 0  Warnings: 0

Query OK, 0 rows affected (0.15 sec)
Records: 0  Duplicates: 0  Warnings: 0

Query OK, 0 rows affected (0.10 sec)
Records: 0  Duplicates: 0  Warnings: 0

+-----------------+
| activenumberavg |
+-----------------+
|           27025 |
+-----------------+
1 row in set (0.02 sec)

Query OK, 0 rows affected (0.01 sec)

Query OK, 1699 rows affected (0.42 sec)
Records: 1699  Duplicates: 0  Warnings: 0

+---------------------+
| rep_activenumberavg |
+---------------------+
|                1699 |
+---------------------+
1 row in set (0.00 sec)

+----------------------+
| rep_activenumberavg1 |
+----------------------+
|                  808 |
+----------------------+
1 row in set (0.00 sec)

Query OK, 0 rows affected (0.02 sec)

Query OK, 1357 rows affected (0.34 sec)
Records: 1357  Duplicates: 0  Warnings: 0

Query OK, 0 rows affected (0.00 sec)

Query OK, 6861 rows affected (0.58 sec)
Records: 6861  Duplicates: 0  Warnings: 0

Query OK, 0 rows affected (0.00 sec)

Query OK, 0 rows affected (0.02 sec)

Query OK, 0 rows affected (0.00 sec)

Query OK, 0 rows affected (0.00 sec)

Query OK, 0 rows affected (0.01 sec)
Statement prepared

Query OK, 51 rows affected (0.03 sec)
Records: 51  Duplicates: 0  Warnings: 0

Query OK, 0 rows affected (0.00 sec)

Query OK, 0 rows affected (0.00 sec)

+----------------------+
| rep_activenumberavg2 |
+----------------------+
|                 1357 |
+----------------------+
1 row in set (0.00 sec)

+------------------------+
| rep_activenumberavg_pv |
+------------------------+
|                     51 |
+------------------------+
1 row in set (0.00 sec)

Query OK, 0 rows affected (0.00 sec)

Query OK, 1357 rows affected (0.28 sec)
Records: 1357  Duplicates: 0  Warnings: 0

Query OK, 0 rows affected (0.00 sec)

Query OK, 0 rows affected (0.00 sec)

Query OK, 0 rows affected (0.02 sec)

Query OK, 0 rows affected (0.00 sec)

Query OK, 0 rows affected (0.00 sec)
Statement prepared

Query OK, 51 rows affected (0.04 sec)
Records: 51  Duplicates: 0  Warnings: 0

Query OK, 0 rows affected (0.00 sec)

Query OK, 0 rows affected (0.00 sec)

+-------------------------+
| rep_activenumberavgMahe |
+-------------------------+
|                    1357 |
+-------------------------+
1 row in set (0.00 sec)

+----------------------------+
| rep_activenumberavgMahe_pv |
+----------------------------+
|                         51 |
+----------------------------+
1 row in set (0.00 sec)

Query OK, 0 rows affected (0.00 sec)

Query OK, 875 rows affected (0.13 sec)
Records: 875  Duplicates: 0  Warnings: 0

Query OK, 0 rows affected (0.00 sec)

Query OK, 0 rows affected (0.01 sec)

Query OK, 0 rows affected (0.01 sec)

Query OK, 0 rows affected (0.00 sec)

Query OK, 0 rows affected (0.00 sec)
Statement prepared

Query OK, 37 rows affected (0.03 sec)
Records: 37  Duplicates: 0  Warnings: 0

Query OK, 0 rows affected (0.00 sec)

Query OK, 0 rows affected (0.00 sec)

+----------------------------+
| rep_activenumberavgPraslin |
+----------------------------+
|                        875 |
+----------------------------+
1 row in set (0.00 sec)

+-------------------------------+
| rep_activenumberavgPraslin_pv |
+-------------------------------+
|                            37 |
+-------------------------------+
1 row in set (0.00 sec)

mysql> mysql \. C:\workspace\cloud\code\sql\_DailyScript\currenttime.sql
+---------------------+
| currenttime         |
+---------------------+
| 2019-02-10 13:07:44 |
+---------------------+
1 row in set (0.00 sec)

mysql> 
mysql> 
mysql> mysql \. C:\workspace\cloud\code\sql\_DailyScript\reports-sales-addons-prepaid-camera.sql
Database changed
Query OK, 0 rows affected (0.01 sec)

Query OK, 3367 rows affected (0.22 sec)
Records: 3367  Duplicates: 0  Warnings: 0

Query OK, 0 rows affected (0.02 sec)

Query OK, 14790 rows affected (15.83 sec)
Records: 14790  Duplicates: 0  Warnings: 0

+--------------------+
| rep_prepaid_camera |
+--------------------+
|               3367 |
+--------------------+
1 row in set (0.00 sec)

+-----------+
| rep_addon |
+-----------+
|     14790 |
+-----------+
1 row in set (0.01 sec)

mysql> mysql \. C:\workspace\cloud\code\sql\_DailyScript\currenttime.sql
+---------------------+
| currenttime         |
+---------------------+
| 2019-02-10 13:08:00 |
+---------------------+
1 row in set (0.00 sec)

mysql> 
mysql> mysql \. C:\workspace\cloud\code\sql\_DailyScript\housing-estate-analysis.sql
Database changed
Query OK, 0 rows affected (0.02 sec)

Query OK, 2765 rows affected (13.06 sec)
Records: 2765  Duplicates: 0  Warnings: 0

+--------------------+
| rep_housingestates |
+--------------------+
|               2765 |
+--------------------+
1 row in set (0.00 sec)

mysql> mysql \. C:\workspace\cloud\code\sql\_DailyScript\currenttime.sql
+---------------------+
| currenttime         |
+---------------------+
| 2019-02-10 13:08:13 |
+---------------------+
1 row in set (0.00 sec)

mysql> 
mysql> mysql \. C:\workspace\cloud\code\sql\_DailyScript\RCB_ClientAnalyticsReport_Script.sql
Database changed
Query OK, 0 rows affected (0.00 sec)

Query OK, 0 rows affected (0.17 sec)

Query OK, 1613921 rows affected (1 min 43.27 sec)
Records: 1613921  Duplicates: 0  Warnings: 0

Query OK, 0 rows affected (6.01 sec)
Records: 0  Duplicates: 0  Warnings: 0

Query OK, 0 rows affected (6.00 sec)
Records: 0  Duplicates: 0  Warnings: 0

Query OK, 0 rows affected (13.27 sec)
Records: 0  Duplicates: 0  Warnings: 0

Query OK, 0 rows affected (10.39 sec)
Records: 0  Duplicates: 0  Warnings: 0

Query OK, 0 rows affected (10.91 sec)
Records: 0  Duplicates: 0  Warnings: 0

Query OK, 0 rows affected (8.40 sec)
Records: 0  Duplicates: 0  Warnings: 0

Query OK, 0 rows affected (0.00 sec)

Query OK, 427170 rows affected (17.59 sec)
Rows matched: 1613921  Changed: 427170  Warnings: 0

Query OK, 0 rows affected (0.00 sec)

Query OK, 27299 rows affected (3.14 sec)
Records: 27299  Duplicates: 0  Warnings: 0

Query OK, 0 rows affected (0.00 sec)

Query OK, 41858 rows affected (12 min 34.87 sec)
Records: 41858  Duplicates: 0  Warnings: 0

Query OK, 0 rows affected (0.38 sec)
Records: 0  Duplicates: 0  Warnings: 0

Query OK, 0 rows affected (0.20 sec)
Records: 0  Duplicates: 0  Warnings: 0

Query OK, 0 rows affected (0.12 sec)
Records: 0  Duplicates: 0  Warnings: 0

Query OK, 0 rows affected (0.04 sec)

Query OK, 403038 rows affected (12 min 3.19 sec)
Records: 403038  Duplicates: 0  Warnings: 0

Query OK, 0 rows affected (1.92 sec)
Records: 0  Duplicates: 0  Warnings: 0

Query OK, 0 rows affected (2.41 sec)
Records: 0  Duplicates: 0  Warnings: 0

Query OK, 0 rows affected (1.45 sec)
Records: 0  Duplicates: 0  Warnings: 0

Query OK, 0 rows affected (2.12 sec)
Records: 0  Duplicates: 0  Warnings: 0

Query OK, 0 rows affected (1.15 sec)
Records: 0  Duplicates: 0  Warnings: 0

Query OK, 0 rows affected (0.01 sec)

Query OK, 41858 rows affected (1 min 33.43 sec)
Records: 41858  Duplicates: 0  Warnings: 0

+--------------+
| clientreport |
+--------------+
|        41858 |
+--------------+
1 row in set (0.04 sec)

Query OK, 0 rows affected (0.01 sec)

Query OK, 41858 rows affected (8.25 sec)
Records: 41858  Duplicates: 0  Warnings: 0

+----------------------+
| clientextendedreport |
+----------------------+
|                41858 |
+----------------------+
1 row in set (0.03 sec)

Query OK, 0 rows affected (0.15 sec)

Query OK, 41858 rows affected (56.45 sec)
Records: 41858  Duplicates: 0  Warnings: 0

+---------+
| allcust |
+---------+
|   41858 |
+---------+
1 row in set (0.02 sec)

Query OK, 0 rows affected, 1 warning (0.00 sec)

Query OK, 5000 rows affected (0.36 sec)
Records: 5000  Duplicates: 0  Warnings: 0

Query OK, 0 rows affected (0.00 sec)

Query OK, 7061 rows affected (0.67 sec)
Records: 7061  Duplicates: 0  Warnings: 0

Query OK, 0 rows affected, 1 warning (0.00 sec)

Query OK, 5000 rows affected (0.62 sec)
Records: 5000  Duplicates: 0  Warnings: 0

Query OK, 0 rows affected (0.02 sec)

Query OK, 7380 rows affected (0.25 sec)
Records: 7380  Duplicates: 0  Warnings: 0

mysql> mysql \. C:\workspace\cloud\code\sql\_DailyScript\currenttime.sql
+---------------------+
| currenttime         |
+---------------------+
| 2019-02-10 13:38:40 |
+---------------------+
1 row in set (0.00 sec)

mysql> 
mysql> mysql \. C:\workspace\cloud\code\sql\_DailyScript\REVENUE_PER_NODE_MXK.sql
Query OK, 0 rows affected (0.03 sec)

Query OK, 0 rows affected (0.01 sec)

Query OK, 0 rows affected (0.01 sec)

Query OK, 4729 rows affected (0.89 sec)
Records: 4729  Duplicates: 0  Warnings: 0

Query OK, 4546 rows affected (0.40 sec)
Records: 4546  Duplicates: 0  Warnings: 0

Query OK, 0 rows affected, 1 warning (0.00 sec)

Query OK, 4882 rows affected (9.48 sec)
Records: 4882  Duplicates: 0  Warnings: 0

Query OK, 0 rows affected (0.00 sec)

Query OK, 0 rows affected (0.01 sec)

Query OK, 0 rows affected, 1 warning (0.00 sec)

Query OK, 4729 rows affected (0.22 sec)
Records: 4729  Duplicates: 0  Warnings: 0

Query OK, 4546 rows affected (0.25 sec)
Records: 4546  Duplicates: 0  Warnings: 0

Query OK, 0 rows affected, 1 warning (0.01 sec)

Query OK, 4621 rows affected (6.12 sec)
Records: 4621  Duplicates: 0  Warnings: 0

Query OK, 0 rows affected (0.02 sec)

Query OK, 0 rows affected (0.00 sec)

Query OK, 0 rows affected, 1 warning (0.00 sec)

Query OK, 0 rows affected (0.00 sec)

Query OK, 5141 rows affected (0.29 sec)
Records: 5141  Duplicates: 0  Warnings: 0

Query OK, 0 rows affected (0.00 sec)

Query OK, 0 rows affected (0.00 sec)

Query OK, 19266 rows affected (0.47 sec)
Records: 19266  Duplicates: 0  Warnings: 0

Query OK, 23982 rows affected (1.36 sec)
Records: 23982  Duplicates: 0  Warnings: 0

Query OK, 0 rows affected, 1 warning (0.00 sec)

Query OK, 36777 rows affected (0.73 sec)
Records: 36777  Duplicates: 0  Warnings: 0

Query OK, 0 rows affected (0.00 sec)

Query OK, 0 rows affected, 1 warning (0.00 sec)

Query OK, 0 rows affected (0.02 sec)

Query OK, 19266 rows affected (0.50 sec)
Records: 19266  Duplicates: 0  Warnings: 0

Query OK, 23982 rows affected (1.14 sec)
Records: 23982  Duplicates: 0  Warnings: 0

Query OK, 0 rows affected, 1 warning (0.00 sec)

Query OK, 25364 rows affected (0.51 sec)
Records: 25364  Duplicates: 0  Warnings: 0

Query OK, 0 rows affected (0.02 sec)

Query OK, 0 rows affected, 1 warning (0.00 sec)

Query OK, 0 rows affected (0.00 sec)

Query OK, 0 rows affected (0.01 sec)

Query OK, 19327 rows affected (1.54 sec)
Records: 19327  Duplicates: 0  Warnings: 0

Query OK, 0 rows affected (0.01 sec)

Query OK, 0 rows affected (0.01 sec)

Query OK, 0 rows affected (0.05 sec)

Query OK, 24468 rows affected (1.37 sec)
Records: 24468  Duplicates: 0  Warnings: 0

Query OK, 423973 rows affected (25.49 sec)
Records: 423973  Duplicates: 0  Warnings: 0

Query OK, 0 rows affected (0.03 sec)

Query OK, 425402 rows affected (18.47 sec)
Records: 425402  Duplicates: 0  Warnings: 0

Query OK, 0 rows affected (0.02 sec)

Query OK, 0 rows affected, 1 warning (0.00 sec)

Query OK, 0 rows affected, 1 warning (0.00 sec)

Query OK, 0 rows affected (0.00 sec)

Query OK, 8280 rows affected (2.50 sec)
Rows matched: 8281  Changed: 8280  Warnings: 0

Query OK, 0 rows affected (0.02 sec)

Query OK, 1551810 rows affected (4 min 58.11 sec)
Records: 1551810  Duplicates: 0  Warnings: 0

Query OK, 0 rows affected (0.03 sec)

Query OK, 1787943 rows affected (2 min 39.67 sec)
Records: 1787943  Duplicates: 0  Warnings: 0

Query OK, 0 rows affected (0.03 sec)

Query OK, 70137 rows affected (14.40 sec)
Records: 70137  Duplicates: 0  Warnings: 0

Query OK, 0 rows affected (0.01 sec)

Query OK, 21454 rows affected (13.48 sec)
Records: 21454  Duplicates: 0  Warnings: 0

Query OK, 0 rows affected (0.01 sec)

Query OK, 41858 rows affected (2.73 sec)
Records: 41858  Duplicates: 0  Warnings: 0

Query OK, 0 rows affected (0.02 sec)

Query OK, 23528 rows affected (3.16 sec)
Records: 23528  Duplicates: 0  Warnings: 0

Query OK, 0 rows affected (0.02 sec)

Query OK, 16846 rows affected (2.48 sec)
Records: 16846  Duplicates: 0  Warnings: 0

Query OK, 0 rows affected (0.02 sec)

Query OK, 41858 rows affected (1.98 sec)
Records: 41858  Duplicates: 0  Warnings: 0

Query OK, 0 rows affected (0.02 sec)

Query OK, 0 rows affected, 1 warning (0.00 sec)

Query OK, 397070 rows affected (21.08 sec)
Records: 397070  Duplicates: 0  Warnings: 0

Query OK, 0 rows affected, 1 warning (0.00 sec)

Query OK, 74303 rows affected (8.52 sec)
Records: 74303  Duplicates: 0  Warnings: 0

Query OK, 397070 rows affected (1 hour 37 min 54.17 sec)
Records: 397070  Duplicates: 0  Warnings: 0

Query OK, 74410 rows affected (3.81 sec)
Records: 74410  Duplicates: 0  Warnings: 0

Query OK, 0 rows affected (0.01 sec)

Query OK, 399499 rows affected (39.07 sec)
Records: 399499  Duplicates: 0  Warnings: 0

Query OK, 0 rows affected (0.00 sec)

Query OK, 0 rows affected (0.00 sec)

Query OK, 0 rows affected, 1 warning (0.00 sec)

Query OK, 0 rows affected (0.01 sec)

Query OK, 41858 rows affected (13.26 sec)
Records: 41858  Duplicates: 0  Warnings: 0

Query OK, 0 rows affected (0.00 sec)

Query OK, 0 rows affected (0.00 sec)

Query OK, 0 rows affected (0.00 sec)

Query OK, 37871 rows affected, 5 warnings (6.11 sec)
Records: 37871  Duplicates: 0  Warnings: 5

+----------------------+
| rep_custconsolidated |
+----------------------+
|                37871 |
+----------------------+
1 row in set (0.04 sec)

Query OK, 0 rows affected (0.00 sec)

+-----------+------------------------------------+------------+-------------+-----------------+------------------+---------------------+-------------------+
| HFC_NODE  | NODENAME                           | CMTS_DATE  | INSERTED_ON | UNIQUE_ACCOUNTS | UNIQUE_CONTRACTS | UNIQUE_MAC_INRCBOSS | UNIQUE_MAC_INCMTS |
+-----------+------------------------------------+------------+-------------+-----------------+------------------+---------------------+-------------------+
| NULL      | NULL                               | NULL       | 2019-02-10  |           10201 |            10873 |               10978 |                 0 |
| C5/0/0/U0 | ANSE-BOILEAU-2                     | 2019-02-04 | 2019-02-10  |             118 |              121 |                 117 |               118 |
| C5/0/0/U1 | 500-C3-ANSE-BOILEAU                | 2019-02-04 | 2019-02-10  |             227 |              234 |                 227 |               228 |
| C5/0/1/U0 | 501-C4-LA-MISIERE-LEFT-I           | 2019-02-04 | 2019-02-10  |             205 |              212 |                 204 |               206 |
| C5/0/1/U1 | 501-C5-LA-MISIERE-RIGHT            | 2019-02-04 | 2019-02-10  |              99 |              103 |                  99 |               100 |
| C5/0/1/U2 | 501-C7-LA-MISIERE-LEFT-II          | 2019-02-04 | 2019-02-10  |             102 |              107 |                 102 |               103 |
| C5/0/2/U0 | 502-C8-LA-LOUISE                   | 2019-02-04 | 2019-02-10  |             149 |              153 |                 149 |               149 |
| C5/0/2/U1 | LA-LOUISE-2                        | 2019-02-04 | 2019-02-10  |             152 |              155 |                 153 |               154 |
| C5/0/3/U0 | 504-C6-PETIT-PARIS                 | 2019-02-04 | 2019-02-10  |             157 |              159 |                 157 |               158 |
| C5/0/3/U1 | PETIT-PARIS-23                     | 2019-02-04 | 2019-02-10  |              74 |               77 |                  74 |                75 |
| C5/0/4/U0 | FOUR-SEASONS                       | 2019-02-04 | 2019-02-10  |               6 |               23 |                  23 |                23 |
| C5/0/4/U1 | ANCHOR-CAFE-I                      | 2019-02-04 | 2019-02-10  |             155 |              158 |                 155 |               155 |
| C5/0/4/U2 | ANCHOR-CAFE-II                     | 2019-02-04 | 2019-02-10  |             146 |              150 |                 145 |               145 |
| C5/1/0/U0 | POINTE-LARUE-AIRPORT-23            | 2019-02-04 | 2019-02-10  |             110 |              115 |                 110 |               112 |
| C5/1/0/U1 | PPROVIDENCE-23                     | 2019-02-04 | 2019-02-10  |              24 |               28 |                  25 |                25 |
| C5/1/0/U2 | ROSHE-CAIMAN-23                    | 2019-02-04 | 2019-02-10  |              11 |               12 |                  11 |                11 |
| C5/1/0/U3 | HEAD-OFFICE | HO-23                | 2019-02-04 | 2019-02-10  |              24 |               26 |                  25 |                25 |
| C5/1/1/U1 | C5-UNION-VALE                      | 2019-02-04 | 2019-02-10  |             194 |              202 |                 194 |               196 |
| C5/1/3/U0 | POINTE-LARUE-AIRPORT-27            | 2019-02-04 | 2019-02-10  |             141 |              147 |                 142 |               142 |
| C5/1/3/U1 | PPROVIDENCE-27                     | 2019-02-04 | 2019-02-10  |              34 |               34 |                  34 |                34 |
| C5/1/3/U2 | ROSHE-CAIMAN-27                    | 2019-02-04 | 2019-02-10  |              22 |               22 |                  22 |                22 |
| C5/1/3/U3 | HEAD-OFFICE | HO-27                | 2019-02-04 | 2019-02-10  |              22 |               22 |                  22 |                22 |
| C5/1/4/U0 | ANSE-ROYALE-27                     | 2019-02-04 | 2019-02-10  |             186 |              195 |                 187 |               188 |
| C5/1/4/U1 | GLACIS-2-57                        | 2019-02-04 | 2019-02-10  |             147 |              155 |                 147 |               148 |
| C5/1/4/U3 | GLACIS-1                           | 2019-02-04 | 2019-02-10  |              61 |               65 |                  61 |                62 |
| C6/0/1/U0 | SERRET-ROAD-RIGHT/CURIO/PASCAL     | 2019-02-04 | 2019-02-10  |             144 |              149 |                 144 |               146 |
| C6/0/1/U1 | SERRET-ROAD-LEFT/ST.LOUIS/TOWN     | 2019-02-04 | 2019-02-10  |             181 |              191 |                 181 |               182 |
| C6/0/1/U2 | SERRET-ROAD-RIGHT/CURIO/PASCAL-2   | 2019-02-04 | 2019-02-10  |             123 |              126 |                 123 |               123 |
| C6/0/1/U3 | SERRET-ROAD-LEFT/ST.LOUIS/TOWN-2   | 2019-02-04 | 2019-02-10  |             118 |              123 |                 118 |               118 |
| C6/0/2/U0 | SANS-SOUCIS-I                      | 2019-02-04 | 2019-02-10  |             124 |              127 |                 124 |               126 |
| C6/0/2/U1 | SANS-SOUCIS-II                     | 2019-02-04 | 2019-02-10  |             112 |              120 |                 111 |               112 |
| C6/0/2/U2 | BEL-AIR-27                         | 2019-02-04 | 2019-02-10  |             100 |              106 |                 100 |               101 |
| C6/0/2/U3 | BEL-AIR-38                         | 2019-02-04 | 2019-02-10  |             106 |              110 |                 106 |               106 |
| C6/0/3/U0 | LES-MAMELLES-23                    | 2019-02-04 | 2019-02-10  |              68 |               68 |                  68 |                68 |
| C6/0/3/U1 | VICTORIA-23                        | 2019-02-04 | 2019-02-10  |              30 |               35 |                  33 |                35 |
| C6/0/4/U0 | LES-MAMELLES-27                    | 2019-02-04 | 2019-02-10  |              84 |               85 |                  84 |                84 |
| C6/0/4/U1 | VICTORIA-27                        | 2019-02-04 | 2019-02-10  |              34 |               37 |                  34 |                36 |
| C7/1/0/U0 | LA-RETRAITE-23                     | 2019-02-04 | 2019-02-10  |             118 |              124 |                 119 |               119 |
| C7/1/0/U1 | TEA-FACTORY-23                     | 2019-02-04 | 2019-02-10  |              34 |               38 |                  34 |                34 |
| C7/1/0/U2 | PAS-23                             | 2019-02-04 | 2019-02-10  |             100 |              105 |                 101 |               101 |
| C7/1/1/U0 | REEF-ESTATE-23                     | 2019-02-04 | 2019-02-10  |              95 |               97 |                  95 |                97 |
| C7/1/1/U1 | BEL-OMBRE-NEW-23                   | 2019-02-04 | 2019-02-10  |              39 |               45 |                  43 |                44 |
| C7/1/2/U0 | LA-RETRAITE-27                     | 2019-02-04 | 2019-02-10  |             120 |              127 |                 119 |               120 |
| C7/1/2/U1 | TEA-FACTORY-27                     | 2019-02-04 | 2019-02-10  |              12 |               15 |                  14 |                14 |
| C7/1/2/U2 | PAS-27                             | 2019-02-04 | 2019-02-10  |             105 |              114 |                 107 |               108 |
| C7/1/3/U0 | MT-BUXTON-27                       | 2019-02-04 | 2019-02-10  |             116 |              119 |                 116 |               118 |
| C7/1/3/U1 | MT-BUXTON-23                       | 2019-02-04 | 2019-02-10  |             104 |              106 |                 103 |               105 |
| C7/1/4/U0 | REEF-ESTATE-27                     | 2019-02-04 | 2019-02-10  |              69 |               70 |                  69 |                69 |
| C7/1/4/U1 | BEL-OMBRE-NEW-27                   | 2019-02-04 | 2019-02-10  |              17 |               17 |                  17 |                17 |
| C8/0/0/U0 | POLICE-ACADEMY-1-27 - POINTE LARUE | 2019-02-04 | 2019-02-10  |             361 |              370 |                 361 |               365 |
| C8/0/1/U1 | POLICE-ACADEMY-2-27 - TURTLE BAY   | 2019-02-04 | 2019-02-10  |             264 |              276 |                 266 |               270 |
| C8/0/2/U0 | BEAU-VALLON-LEFT-1-57              | 2019-02-04 | 2019-02-10  |             105 |              110 |                 104 |               105 |
| C8/0/3/U1 | BEAU-VALLON-RIGHT-2-57             | 2019-02-04 | 2019-02-10  |             207 |              216 |                 207 |               210 |
| C8/1/0/U0 | MA-JOIE-NODE-27                    | 2019-02-04 | 2019-02-10  |             107 |              109 |                 107 |               109 |
| C8/1/0/U1 | BELONIE-27                         | 2019-02-04 | 2019-02-10  |             140 |              145 |                 138 |               139 |
| C8/1/0/U3 | MA-JOIE-NODE-23                    | 2019-02-04 | 2019-02-10  |             130 |              134 |                 130 |               133 |
| C8/1/1/U0 | 611-C1-ROJN I                      | 2019-02-04 | 2019-02-10  |             197 |              203 |                 197 |               200 |
| C8/1/1/U1 | 611-C5-ROJN II                     | 2019-02-04 | 2019-02-10  |              54 |               58 |                  54 |                54 |
| C8/1/2/U0 | 612-C2-ANSE-ETOILE                 | 2019-02-04 | 2019-02-10  |             200 |              207 |                 198 |               198 |
| C8/1/2/U1 | ANSE-ETOILE-U2                     | 2019-02-04 | 2019-02-10  |              90 |               92 |                  91 |                91 |
| C8/1/3/U0 | 613-C3-ANSE-GAULETTE I             | 2019-02-04 | 2019-02-10  |              51 |               55 |                  51 |                52 |
| C8/1/3/U1 | 613-C7-ANSE-GAULETTE II            | 2019-02-04 | 2019-02-10  |              68 |               74 |                  68 |                68 |
| C8/1/3/U2 | 613-C3-ANSE-GAULETTE III           | 2019-02-04 | 2019-02-10  |              53 |               58 |                  53 |                54 |
| C8/1/3/U3 | TAKAMAKA I                         | 2019-02-04 | 2019-02-10  |              99 |               99 |                  99 |                99 |
| C8/1/3/U4 | TAKAMAKA II                        | 2019-02-04 | 2019-02-10  |             102 |              104 |                 102 |               103 |
| C8/1/4/U0 | 614-BEOLIERE-NODE-1                | 2019-02-04 | 2019-02-10  |             141 |              149 |                 141 |               142 |
| C8/1/4/U1 | 614-BEOLIERE-NODE-2                | 2019-02-04 | 2019-02-10  |              82 |               87 |                  82 |                82 |
+-----------+------------------------------------+------------+-------------+-----------------+------------------+---------------------+-------------------+
67 rows in set (0.35 sec)

+------------------+------------+-------------+-----------------+------------------+----------------------+-------------------+
| MXK_NAME         | MXK_DATE   | INSERTED_ON | UNIQUE_ACCOUNTS | UNIQUE_CONTRACTS | UNIQUE_FSAN_INRCBOSS | UNIQUE_FSAN_INMXK |
+------------------+------------+-------------+-----------------+------------------+----------------------+-------------------+
| NULL             | NULL       | 2019-02-10  |             490 |              505 |                  496 |                 0 |
| MXK-ANSEETOILE   | 2019-02-04 | 2019-02-10  |              59 |               60 |                   60 |                62 |
| MXK-ANSEROYALE   | 2019-02-04 | 2019-02-10  |             120 |              121 |                  121 |               128 |
| MXK-BEAUVALLON   | 2019-02-04 | 2019-02-10  |             970 |              983 |                  978 |              1006 |
| MXK-MAHE         | 2019-02-04 | 2019-02-10  |             852 |              884 |                  839 |               951 |
| MXK-PERSEVERANCE | 2019-02-04 | 2019-02-10  |            1034 |             1053 |                 1049 |              1087 |
| MXK-PRASLIN      | 2019-02-04 | 2019-02-10  |            1159 |             1164 |                 1156 |              1199 |
+------------------+------------+-------------+-----------------+------------------+----------------------+-------------------+
7 rows in set (0.06 sec)

mysql> mysql \. C:\workspace\cloud\code\sql\_DailyScript\currenttime.sql
+---------------------+
| currenttime         |
+---------------------+
| 2019-02-10 15:27:35 |
+---------------------+
1 row in set (0.00 sec)

mysql> 
mysql> mysql \. C:\workspace\cloud\code\sql\_DailyScript\sales-to-activenumber.sql
Database changed
Query OK, 0 rows affected (0.01 sec)

Query OK, 12944 rows affected (26 min 27.42 sec)
Records: 12944  Duplicates: 0  Warnings: 0

Query OK, 0 rows affected (0.05 sec)

Query OK, 44340 rows affected (25 min 19.38 sec)
Records: 44340  Duplicates: 0  Warnings: 0

mysql> mysql \. C:\workspace\cloud\code\sql\_DailyScript\currenttime.sql
+---------------------+
| currenttime         |
+---------------------+
| 2019-02-10 16:19:22 |
+---------------------+
1 row in set (0.01 sec)

mysql> 
mysql> exit
