    -> 
    -> mysql \. C:\workspace\cloud\code\sql\_DailyScript\_setdates.sql
Database changed
Query OK, 0 rows affected (0.00 sec)

Query OK, 0 rows affected (0.00 sec)

Query OK, 0 rows affected (0.00 sec)

Query OK, 0 rows affected (0.00 sec)

Query OK, 0 rows affected (0.00 sec)

Query OK, 0 rows affected (0.00 sec)

Query OK, 0 rows affected (0.00 sec)

Query OK, 0 rows affected (0.00 sec)

Query OK, 0 rows affected (0.00 sec)

Query OK, 0 rows affected (0.00 sec)

Query OK, 0 rows affected (0.00 sec)

Query OK, 0 rows affected (0.00 sec)

Query OK, 0 rows affected (0.00 sec)

Query OK, 0 rows affected (0.00 sec)

Query OK, 0 rows affected (0.00 sec)

Query OK, 0 rows affected (0.00 sec)

Query OK, 0 rows affected (0.00 sec)

Query OK, 0 rows affected (0.00 sec)

Query OK, 0 rows affected (0.00 sec)

Query OK, 0 rows affected (0.00 sec)

Query OK, 0 rows affected (0.00 sec)

mysql> mysql \. C:\workspace\cloud\code\sql\_DailyScript\currenttime.sql
+---------------------+
| currenttime         |
+---------------------+
| 2020-09-03 13:39:33 |
+---------------------+
1 row in set (0.00 sec)

mysql> 
mysql> mysql \. C:\workspace\cloud\code\sql\_DailyScript\load_RCB_VODTITLES.sql
Database changed
Query OK, 0 rows affected (0.00 sec)

Query OK, 11808 rows affected (0.13 sec)

Query OK, 11810 rows affected, 11810 warnings (0.30 sec)
Records: 11810  Deleted: 0  Skipped: 0  Warnings: 11810

Query OK, 0 rows affected (0.00 sec)

Query OK, 2 rows affected (0.01 sec)

+-----------+
| VODTITLES |
+-----------+
|     12268 |
+-----------+
1 row in set (0.00 sec)

+-----------+-----------+
| titletype | typecount |
+-----------+-----------+
| E         |      9778 |
| N         |       229 |
| T         |      1801 |
| NULL      |     11808 |
+-----------+-----------+
4 rows in set (0.04 sec)

mysql> mysql \. C:\workspace\cloud\code\sql\_DailyScript\currenttime.sql
+---------------------+
| currenttime         |
+---------------------+
| 2020-09-03 13:39:33 |
+---------------------+
1 row in set (0.00 sec)

mysql> 
mysql> mysql \. C:\workspace\cloud\code\sql\_DailyScript\DAILY-SCRIPT-LIVETV-STATS.sql
Database changed
Query OK, 0 rows affected (0.01 sec)

Query OK, 69494 rows affected (0.74 sec)
Records: 69494  Duplicates: 0  Warnings: 0

+------------+------------+----------+--------------+--------------+-----------+-------------+----------+--------+------+------------+---------+---------------+
| Table      | Non_unique | Key_name | Seq_in_index | Column_name  | Collation | Cardinality | Sub_part | Packed | Null | Index_type | Comment | Index_comment |
+------------+------------+----------+--------------+--------------+-----------+-------------+----------+--------+------+------------+---------+---------------+
| templivetv |          1 | idxtv1   |            1 | device       | A         |       69887 |     NULL | NULL   | YES  | BTREE      |         |               |
| templivetv |          1 | idxtv2   |            1 | sessionstart | A         |       69887 |     NULL | NULL   | YES  | BTREE      |         |               |
+------------+------------+----------+--------------+--------------+-----------+-------------+----------+--------+------+------------+---------+---------------+
2 rows in set (0.00 sec)

Query OK, 69343 rows affected (10.03 sec)
Records: 69343  Duplicates: 0  Warnings: 0

Query OK, 2626 rows affected (0.50 sec)
Records: 2626  Duplicates: 0  Warnings: 0

Query OK, 0 rows affected (0.00 sec)

Query OK, 0 rows affected (0.00 sec)

Query OK, 135 rows affected (0.05 sec)
Records: 135  Duplicates: 0  Warnings: 0

Query OK, 0 rows affected (0.03 sec)

Query OK, 32980 rows affected (1 min 49.30 sec)
Records: 32980  Duplicates: 0  Warnings: 0

+-----------------+
| rep_livetvstats |
+-----------------+
|           32980 |
+-----------------+
1 row in set (0.01 sec)

mysql> mysql \. C:\workspace\cloud\code\sql\_DailyScript\currenttime.sql
+---------------------+
| currenttime         |
+---------------------+
| 2020-09-03 13:41:34 |
+---------------------+
1 row in set (0.00 sec)

mysql> 
mysql> mysql \. C:\workspace\cloud\code\sql\_DailyScript\DAILY-SCRIPT-VODTS-STATS.sql
Database changed
Query OK, 0 rows affected (0.00 sec)

Query OK, 2020 rows affected (10.98 sec)
Records: 2020  Duplicates: 0  Warnings: 0

+---------+------------+----------+--------------+--------------+-----------+-------------+----------+--------+------+------------+---------+---------------+
| Table   | Non_unique | Key_name | Seq_in_index | Column_name  | Collation | Cardinality | Sub_part | Packed | Null | Index_type | Comment | Index_comment |
+---------+------------+----------+--------------+--------------+-----------+-------------+----------+--------+------+------------+---------+---------------+
| tempvod |          1 | idxtvod1 |            1 | device       | A         |        2113 |     NULL | NULL   | YES  | BTREE      |         |               |
| tempvod |          1 | idxtvod2 |            1 | sessionstart | A         |        2113 |     NULL | NULL   | YES  | BTREE      |         |               |
+---------+------------+----------+--------------+--------------+-----------+-------------+----------+--------+------+------------+---------+---------------+
2 rows in set (0.00 sec)

Query OK, 2004 rows affected (2.36 sec)
Records: 2004  Duplicates: 0  Warnings: 0

Query OK, 0 rows affected (0.02 sec)

Query OK, 798389 rows affected (1 min 2.17 sec)
Records: 798389  Duplicates: 0  Warnings: 0

+--------------+
| rep_vodstats |
+--------------+
|       798389 |
+--------------+
1 row in set (0.23 sec)

Database changed
Query OK, 0 rows affected (0.02 sec)

Query OK, 12066 rows affected (36.13 sec)
Records: 12066  Duplicates: 0  Warnings: 0

+--------+------------+----------+--------------+--------------+-----------+-------------+----------+--------+------+------------+---------+---------------+
| Table  | Non_unique | Key_name | Seq_in_index | Column_name  | Collation | Cardinality | Sub_part | Packed | Null | Index_type | Comment | Index_comment |
+--------+------------+----------+--------------+--------------+-----------+-------------+----------+--------+------+------------+---------+---------------+
| tempts |          1 | idxtts1  |            1 | device       | A         |       12237 |     NULL | NULL   | YES  | BTREE      |         |               |
| tempts |          1 | idxtts2  |            1 | sessionstart | A         |       12237 |     NULL | NULL   | YES  | BTREE      |         |               |
+--------+------------+----------+--------------+--------------+-----------+-------------+----------+--------+------+------------+---------+---------------+
2 rows in set (0.00 sec)

Query OK, 12013 rows affected (10.84 sec)
Records: 12013  Duplicates: 0  Warnings: 0

Query OK, 0 rows affected (0.02 sec)

Query OK, 38171 rows affected (35.37 sec)
Records: 38171  Duplicates: 0  Warnings: 0

+-------------+
| rep_tsstats |
+-------------+
|       38171 |
+-------------+
1 row in set (0.01 sec)

mysql> mysql \. C:\workspace\cloud\code\sql\_DailyScript\currenttime.sql
+---------------------+
| currenttime         |
+---------------------+
| 2020-09-03 13:44:12 |
+---------------------+
1 row in set (0.00 sec)

mysql> 
mysql> mysql \. C:\workspace\cloud\code\sql\_DailyScript\DAILY-SCRIPT-RADIO-STATS.sql
Database changed
Query OK, 0 rows affected (0.02 sec)

Query OK, 297900 rows affected (3.10 sec)
Records: 297900  Duplicates: 0  Warnings: 0

+-----------+------------+----------+--------------+--------------+-----------+-------------+----------+--------+------+------------+---------+---------------+
| Table     | Non_unique | Key_name | Seq_in_index | Column_name  | Collation | Cardinality | Sub_part | Packed | Null | Index_type | Comment | Index_comment |
+-----------+------------+----------+--------------+--------------+-----------+-------------+----------+--------+------+------------+---------+---------------+
| tempradio |          1 | idxtrad1 |            1 | device       | A         |      273922 |     NULL | NULL   | YES  | BTREE      |         |               |
| tempradio |          1 | idxtrad2 |            1 | sessionstart | A         |      273922 |     NULL | NULL   | YES  | BTREE      |         |               |
+-----------+------------+----------+--------------+--------------+-----------+-------------+----------+--------+------+------------+---------+---------------+
2 rows in set (0.00 sec)

Query OK, 264 rows affected (1.23 sec)
Records: 264  Duplicates: 0  Warnings: 0

Query OK, 0 rows affected (0.01 sec)

Query OK, 5142 rows affected (0.39 sec)
Records: 5142  Duplicates: 0  Warnings: 0

+----------------+
| rep_radiostats |
+----------------+
|           5142 |
+----------------+
1 row in set (0.00 sec)

mysql> mysql \. C:\workspace\cloud\code\sql\_DailyScript\currenttime.sql
+---------------------+
| currenttime         |
+---------------------+
| 2020-09-03 13:44:17 |
+---------------------+
1 row in set (0.00 sec)

mysql> 
mysql> mysql \. C:\workspace\cloud\code\sql\_DailyScript\DAILY_SCRIPT_TELEMETRY_PIVOT_2020.sql
Query OK, 0 rows affected (0.00 sec)

Query OK, 146 rows affected (0.14 sec)
Records: 146  Duplicates: 0  Warnings: 0

Query OK, 0 rows affected (0.01 sec)

Query OK, 10230 rows affected (2.25 sec)
Records: 10230  Duplicates: 0  Warnings: 0

Query OK, 0 rows affected (0.00 sec)

Query OK, 8 rows affected (0.03 sec)
Records: 8  Duplicates: 0  Warnings: 0

Query OK, 0 rows affected (0.00 sec)

Query OK, 47 rows affected (0.06 sec)
Records: 47  Duplicates: 0  Warnings: 0

mysql> mysql \. C:\workspace\cloud\code\sql\_DailyScript\currenttime.sql
+---------------------+
| currenttime         |
+---------------------+
| 2020-09-03 13:44:20 |
+---------------------+
1 row in set (0.00 sec)

mysql> 
mysql> mysql \. C:\workspace\cloud\code\sql\_DailyScript\telemetry_livetv_ranking2020.sql
Query OK, 0 rows affected (0.00 sec)

Query OK, 146 rows affected (0.02 sec)
Records: 146  Duplicates: 0  Warnings: 0

mysql> mysql \. C:\workspace\cloud\code\sql\_DailyScript\currenttime.sql
+---------------------+
| currenttime         |
+---------------------+
| 2020-09-03 13:44:20 |
+---------------------+
1 row in set (0.00 sec)

mysql> 
mysql> mysql \. C:\workspace\cloud\code\sql\_DailyScript\telemetry_radio_ranking2020.sql
Query OK, 0 rows affected (0.00 sec)

Query OK, 8 rows affected (0.02 sec)
Records: 8  Duplicates: 0  Warnings: 0

mysql> mysql \. C:\workspace\cloud\code\sql\_DailyScript\currenttime.sql
+---------------------+
| currenttime         |
+---------------------+
| 2020-09-03 13:44:20 |
+---------------------+
1 row in set (0.00 sec)

mysql> 
mysql> mysql \. C:\workspace\cloud\code\sql\_DailyScript\telemetry_ts_ranking2020.sql
Query OK, 0 rows affected (0.00 sec)

Query OK, 47 rows affected (0.02 sec)
Records: 47  Duplicates: 0  Warnings: 0

mysql> mysql \. C:\workspace\cloud\code\sql\_DailyScript\currenttime.sql
+---------------------+
| currenttime         |
+---------------------+
| 2020-09-03 13:44:20 |
+---------------------+
1 row in set (0.00 sec)

mysql> 
mysql> mysql \. C:\workspace\cloud\code\sql\_DailyScript\telemetry_vod_ranking2020.sql
Query OK, 0 rows affected (0.01 sec)

Query OK, 10230 rows affected (0.42 sec)
Records: 10230  Duplicates: 0  Warnings: 0

mysql> mysql \. C:\workspace\cloud\code\sql\_DailyScript\currenttime.sql
+---------------------+
| currenttime         |
+---------------------+
| 2020-09-03 13:44:20 |
+---------------------+
1 row in set (0.00 sec)

mysql> 
mysql> mysql \. C:\workspace\cloud\code\sql\_DailyScript\telemetry_vod_ranking2020_1.sql
Query OK, 0 rows affected (0.00 sec)

Query OK, 10230 rows affected (0.22 sec)
Records: 10230  Duplicates: 0  Warnings: 0

mysql> mysql \. C:\workspace\cloud\code\sql\_DailyScript\currenttime.sql
+---------------------+
| currenttime         |
+---------------------+
| 2020-09-03 13:44:20 |
+---------------------+
1 row in set (0.00 sec)

mysql> 
mysql> mysql \. C:\workspace\cloud\code\sql\_DailyScript\telemetry_vod_ranking2020_2.sql
Query OK, 0 rows affected (0.02 sec)

Query OK, 10230 rows affected (0.22 sec)
Records: 10230  Duplicates: 0  Warnings: 0

mysql> mysql \. C:\workspace\cloud\code\sql\_DailyScript\currenttime.sql
+---------------------+
| currenttime         |
+---------------------+
| 2020-09-03 13:44:21 |
+---------------------+
1 row in set (0.00 sec)

mysql> 
mysql> mysql \. C:\workspace\cloud\code\sql\_DailyScript\DAILY-SCRIPT-CREATE-LOAD.sql
Database changed
Database changed
Query OK, 0 rows affected (0.01 sec)

Query OK, 0 rows affected (0.02 sec)

Database changed
Query OK, 67006 rows affected (2.25 sec)
Records: 67006  Deleted: 0  Skipped: 0  Warnings: 0

Query OK, 0 rows affected (0.14 sec)
Records: 0  Duplicates: 0  Warnings: 0

Query OK, 0 rows affected (0.25 sec)
Records: 0  Duplicates: 0  Warnings: 0

Query OK, 0 rows affected (0.23 sec)
Records: 0  Duplicates: 0  Warnings: 0

Query OK, 0 rows affected (0.23 sec)
Records: 0  Duplicates: 0  Warnings: 0

+---------+
| clients |
+---------+
|   67006 |
+---------+
1 row in set (0.02 sec)

Query OK, 0 rows affected (0.00 sec)

Query OK, 12806 rows affected (5.98 sec)
Records: 12806  Duplicates: 0  Warnings: 0

Query OK, 0 rows affected (0.05 sec)
Records: 0  Duplicates: 0  Warnings: 0

+-------------------+
| rcb_clientparcels |
+-------------------+
|             12806 |
+-------------------+
1 row in set (0.00 sec)

Query OK, 0 rows affected (0.02 sec)

Query OK, 80108 rows affected (3.12 sec)
Records: 80108  Duplicates: 0  Warnings: 0

Query OK, 0 rows affected (0.25 sec)
Records: 0  Duplicates: 0  Warnings: 0

Query OK, 0 rows affected (0.00 sec)

Query OK, 67006 rows affected (35.40 sec)
Records: 67006  Duplicates: 0  Warnings: 0

Query OK, 0 rows affected (0.19 sec)
Records: 0  Duplicates: 0  Warnings: 0

Query OK, 0 rows affected (0.20 sec)
Records: 0  Duplicates: 0  Warnings: 0

Query OK, 0 rows affected (0.17 sec)
Records: 0  Duplicates: 0  Warnings: 0

+---------------+
| clientaddress |
+---------------+
|         67006 |
+---------------+
1 row in set (0.01 sec)

Database changed
Query OK, 0 rows affected (0.02 sec)

Query OK, 0 rows affected (0.01 sec)

Database changed
Query OK, 523239 rows affected, 65535 warnings (14.67 sec)
Records: 523239  Deleted: 0  Skipped: 0  Warnings: 213240

Query OK, 0 rows affected (2.58 sec)
Records: 0  Duplicates: 0  Warnings: 0

Query OK, 0 rows affected (2.26 sec)
Records: 0  Duplicates: 0  Warnings: 0

Query OK, 0 rows affected (1.36 sec)
Records: 0  Duplicates: 0  Warnings: 0

Query OK, 0 rows affected (0.00 sec)

Query OK, 523239 rows affected (40.01 sec)
Records: 523239  Duplicates: 0  Warnings: 0

Query OK, 0 rows affected (1.69 sec)
Records: 0  Duplicates: 0  Warnings: 0

Query OK, 0 rows affected (1.30 sec)
Records: 0  Duplicates: 0  Warnings: 0

+-----------+
| contracts |
+-----------+
|    523239 |
+-----------+
1 row in set (0.16 sec)

+-----------------+
| contractaddress |
+-----------------+
|          523239 |
+-----------------+
1 row in set (0.16 sec)

Database changed
Query OK, 0 rows affected (0.02 sec)

Query OK, 0 rows affected (0.00 sec)

Query OK, 7506 rows affected (0.13 sec)
Records: 7506  Deleted: 0  Skipped: 0  Warnings: 0

Query OK, 0 rows affected (0.01 sec)

Query OK, 7474 rows affected (0.86 sec)
Records: 7474  Duplicates: 0  Warnings: 0

Query OK, 0 rows affected (0.03 sec)
Records: 0  Duplicates: 0  Warnings: 0

Query OK, 0 rows affected (0.01 sec)

Query OK, 5753 rows affected (0.03 sec)
Records: 5753  Duplicates: 0  Warnings: 0

Query OK, 0 rows affected (0.03 sec)
Records: 0  Duplicates: 0  Warnings: 0

+-------------------+
| contractdiscounts |
+-------------------+
|              7506 |
+-------------------+
1 row in set (0.00 sec)

+-------------------------+
| clientcontractdiscounts |
+-------------------------+
|                    7474 |
+-------------------------+
1 row in set (0.00 sec)

+----------------------------+
| clientcontractlastdiscount |
+----------------------------+
|                       5753 |
+----------------------------+
1 row in set (0.00 sec)

Database changed
Query OK, 0 rows affected (0.05 sec)

Query OK, 0 rows affected (0.00 sec)

Database changed
Query OK, 139214 rows affected, 8 warnings (2.63 sec)
Records: 139214  Deleted: 0  Skipped: 0  Warnings: 8

Query OK, 0 rows affected (0.28 sec)
Records: 0  Duplicates: 0  Warnings: 0

Query OK, 0 rows affected (0.28 sec)
Records: 0  Duplicates: 0  Warnings: 0

Query OK, 0 rows affected (0.28 sec)
Records: 0  Duplicates: 0  Warnings: 0

Query OK, 0 rows affected (0.28 sec)
Records: 0  Duplicates: 0  Warnings: 0

Query OK, 0 rows affected (0.38 sec)
Records: 0  Duplicates: 0  Warnings: 0

Query OK, 0 rows affected (0.50 sec)
Records: 0  Duplicates: 0  Warnings: 0

Query OK, 0 rows affected (0.05 sec)

Query OK, 1782825 rows affected (3 min 37.21 sec)
Records: 1782825  Duplicates: 0  Warnings: 0

Query OK, 0 rows affected (4.29 sec)
Records: 0  Duplicates: 0  Warnings: 0

+---------+
| devices |
+---------+
|  139214 |
+---------+
1 row in set (0.05 sec)

+-----------------------+
| clientcontractdevices |
+-----------------------+
|               1782825 |
+-----------------------+
1 row in set (0.67 sec)

Query OK, 0 rows affected (0.01 sec)

Query OK, 139125 rows affected (6.00 sec)
Records: 139125  Duplicates: 0  Warnings: 0

+---------------------------+
| rep_clientcontractdevices |
+---------------------------+
|                    139125 |
+---------------------------+
1 row in set (0.03 sec)

Database changed
Query OK, 0 rows affected (0.02 sec)

Query OK, 0 rows affected (0.00 sec)

Query OK, 296066 rows affected (6.63 sec)
Records: 296066  Deleted: 0  Skipped: 0  Warnings: 0

Query OK, 0 rows affected (0.69 sec)
Records: 0  Duplicates: 0  Warnings: 0

Query OK, 0 rows affected (0.59 sec)
Records: 0  Duplicates: 0  Warnings: 0

Query OK, 0 rows affected (0.61 sec)
Records: 0  Duplicates: 0  Warnings: 0

Query OK, 0 rows affected (0.53 sec)
Records: 0  Duplicates: 0  Warnings: 0

+---------+
| tickets |
+---------+
|  296066 |
+---------+
1 row in set (0.08 sec)

Database changed
Query OK, 0 rows affected (0.01 sec)

Query OK, 0 rows affected (0.00 sec)

Empty set (0.00 sec)

Query OK, 0 rows affected (0.02 sec)
Records: 0  Duplicates: 0  Warnings: 0

Query OK, 360 rows affected, 2 warnings (0.02 sec)
Records: 360  Deleted: 0  Skipped: 0  Warnings: 2

+-----------------+
| tickettechusers |
+-----------------+
|             360 |
+-----------------+
1 row in set (0.00 sec)

Database changed
Query OK, 0 rows affected (0.02 sec)

Query OK, 0 rows affected (0.00 sec)

Query OK, 0 rows affected (0.01 sec)
Records: 0  Duplicates: 0  Warnings: 0

Query OK, 646652 rows affected, 47089 warnings (10.53 sec)
Records: 646652  Deleted: 0  Skipped: 0  Warnings: 47089

+-------------------+
| ticketassignments |
+-------------------+
|            646652 |
+-------------------+
1 row in set (0.17 sec)

Database changed
Query OK, 0 rows affected (0.03 sec)

Query OK, 0 rows affected (0.02 sec)

Query OK, 1312018 rows affected (14.87 sec)
Records: 1312018  Deleted: 0  Skipped: 0  Warnings: 0

Query OK, 0 rows affected (4.20 sec)
Records: 0  Duplicates: 0  Warnings: 0

Query OK, 0 rows affected (2.81 sec)
Records: 0  Duplicates: 0  Warnings: 0

Query OK, 0 rows affected (2.46 sec)
Records: 0  Duplicates: 0  Warnings: 0

Query OK, 0 rows affected (2.96 sec)
Records: 0  Duplicates: 0  Warnings: 0

+----------------+
| ticketcomments |
+----------------+
|        1312018 |
+----------------+
1 row in set (0.36 sec)

Database changed
Query OK, 0 rows affected (0.02 sec)

Query OK, 0 rows affected (0.00 sec)

Query OK, 458539 rows affected (32.82 sec)
Records: 458539  Deleted: 0  Skipped: 0  Warnings: 0

Query OK, 0 rows affected (2.08 sec)
Records: 0  Duplicates: 0  Warnings: 0

+----------+
| comments |
+----------+
|   458539 |
+----------+
1 row in set (0.12 sec)

Database changed
Query OK, 0 rows affected (0.03 sec)

Query OK, 0 rows affected (0.00 sec)

Query OK, 1408238 rows affected, 65535 warnings (1 min 9.80 sec)
Records: 1408238  Deleted: 0  Skipped: 0  Warnings: 1408260

Query OK, 0 rows affected (3.88 sec)
Records: 0  Duplicates: 0  Warnings: 0

Query OK, 0 rows affected (4.74 sec)
Records: 0  Duplicates: 0  Warnings: 0

Query OK, 0 rows affected (3.01 sec)
Records: 0  Duplicates: 0  Warnings: 0

Query OK, 0 rows affected (3.33 sec)
Records: 0  Duplicates: 0  Warnings: 0

Query OK, 0 rows affected (6.74 sec)
Records: 0  Duplicates: 0  Warnings: 0

+------------+
| devicesold |
+------------+
|    1408238 |
+------------+
1 row in set (0.39 sec)

Database changed
Query OK, 0 rows affected (0.01 sec)

Query OK, 0 rows affected (0.00 sec)

Query OK, 1776206 rows affected (21.72 sec)
Records: 1776206  Deleted: 0  Skipped: 0  Warnings: 0

Query OK, 0 rows affected (4.49 sec)
Records: 0  Duplicates: 0  Warnings: 0

Query OK, 0 rows affected (4.01 sec)
Records: 0  Duplicates: 0  Warnings: 0

Query OK, 0 rows affected (4.03 sec)
Records: 0  Duplicates: 0  Warnings: 0

+------------------+
| contractservices |
+------------------+
|          1776206 |
+------------------+
1 row in set (0.50 sec)

Database changed
Query OK, 0 rows affected (0.05 sec)

Query OK, 0 rows affected (0.01 sec)

Query OK, 4262157 rows affected (1 min 43.74 sec)
Records: 4262157  Deleted: 0  Skipped: 0  Warnings: 0

Query OK, 0 rows affected (11.38 sec)
Records: 0  Duplicates: 0  Warnings: 0

Query OK, 0 rows affected (13.39 sec)
Records: 0  Duplicates: 0  Warnings: 0

Query OK, 0 rows affected (10.82 sec)
Records: 0  Duplicates: 0  Warnings: 0

Query OK, 0 rows affected (10.98 sec)
Records: 0  Duplicates: 0  Warnings: 0

+------------------+
| invoicescontents |
+------------------+
|          4262157 |
+------------------+
1 row in set (1.22 sec)

Database changed
Query OK, 0 rows affected (0.06 sec)

Query OK, 0 rows affected (0.02 sec)

Query OK, 2995560 rows affected (2 min 42.88 sec)
Records: 2995560  Deleted: 0  Skipped: 0  Warnings: 0

Query OK, 0 rows affected (12.11 sec)
Records: 0  Duplicates: 0  Warnings: 0

Query OK, 0 rows affected (12.78 sec)
Records: 0  Duplicates: 0  Warnings: 0

Query OK, 0 rows affected (9.78 sec)
Records: 0  Duplicates: 0  Warnings: 0

Query OK, 0 rows affected (11.30 sec)
Records: 0  Duplicates: 0  Warnings: 0

Query OK, 0 rows affected (10.32 sec)
Records: 0  Duplicates: 0  Warnings: 0

+----------------+
| invoicesheader |
+----------------+
|        2995560 |
+----------------+
1 row in set (0.83 sec)

Database changed
Query OK, 0 rows affected (0.05 sec)

Query OK, 0 rows affected (0.00 sec)

Query OK, 3037060 rows affected (1 min 15.44 sec)
Records: 3037060  Deleted: 0  Skipped: 0  Warnings: 0

Query OK, 0 rows affected (8.38 sec)
Records: 0  Duplicates: 0  Warnings: 0

Query OK, 0 rows affected (7.29 sec)
Records: 0  Duplicates: 0  Warnings: 0

Query OK, 0 rows affected (7.94 sec)
Records: 0  Duplicates: 0  Warnings: 0

Query OK, 0 rows affected (7.49 sec)
Records: 0  Duplicates: 0  Warnings: 0

+---------+
| casa    |
+---------+
| 3037060 |
+---------+
1 row in set (0.82 sec)

Query OK, 0 rows affected (0.00 sec)

Query OK, 14756 rows affected (1 min 14.04 sec)
Records: 14756  Duplicates: 0  Warnings: 0

+--------------------+
| rep_paycol_channel |
+--------------------+
|              14756 |
+--------------------+
1 row in set (0.00 sec)

Query OK, 0 rows affected (0.02 sec)

Query OK, 10785 rows affected (1 min 29.27 sec)
Records: 10785  Duplicates: 0  Warnings: 0

+----------------+
| rep_paycol_pos |
+----------------+
|          10785 |
+----------------+
1 row in set (0.00 sec)

Database changed
Query OK, 0 rows affected (0.02 sec)

Query OK, 0 rows affected (0.00 sec)

Database changed
Query OK, 39444 rows affected (0.70 sec)
Records: 39444  Deleted: 0  Skipped: 0  Warnings: 0

+-------+
| users |
+-------+
| 39444 |
+-------+
1 row in set (0.00 sec)

Query OK, 0 rows affected (0.08 sec)
Records: 0  Duplicates: 0  Warnings: 0

Database changed
Query OK, 0 rows affected (0.02 sec)

Query OK, 0 rows affected (0.00 sec)

Query OK, 1872898 rows affected, 2 warnings (27.40 sec)
Records: 1872898  Deleted: 0  Skipped: 0  Warnings: 2

Query OK, 0 rows affected (4.62 sec)
Records: 0  Duplicates: 0  Warnings: 0

Query OK, 0 rows affected (4.54 sec)
Records: 0  Duplicates: 0  Warnings: 0

Query OK, 0 rows affected (4.54 sec)
Records: 0  Duplicates: 0  Warnings: 0

Query OK, 0 rows affected (4.13 sec)
Records: 0  Duplicates: 0  Warnings: 0

Query OK, 0 rows affected (3.90 sec)
Records: 0  Duplicates: 0  Warnings: 0

+-------------+
| useractions |
+-------------+
|     1872898 |
+-------------+
1 row in set (0.51 sec)

Database changed
Query OK, 0 rows affected (0.06 sec)

Query OK, 0 rows affected (0.01 sec)

Database changed
Query OK, 22653067 rows affected (3 min 47.23 sec)
Records: 22653067  Deleted: 0  Skipped: 0  Warnings: 0

Query OK, 0 rows affected (59.39 sec)
Records: 0  Duplicates: 0  Warnings: 0

Query OK, 0 rows affected (57.21 sec)
Records: 0  Duplicates: 0  Warnings: 0

Query OK, 0 rows affected (57.57 sec)
Records: 0  Duplicates: 0  Warnings: 0

Query OK, 0 rows affected (50.25 sec)
Records: 0  Duplicates: 0  Warnings: 0

Query OK, 0 rows affected (1 min 6.06 sec)
Records: 0  Duplicates: 0  Warnings: 0

+----------+
| ipusage1 |
+----------+
| 22653067 |
+----------+
1 row in set (7.46 sec)

Query OK, 0 rows affected (0.11 sec)

Query OK, 22894375 rows affected, 65535 warnings (9 min 34.61 sec)
Records: 22894375  Duplicates: 0  Warnings: 22888351

Query OK, 0 rows affected (1 min 2.40 sec)
Records: 0  Duplicates: 0  Warnings: 0

Query OK, 0 rows affected (1 min 1.01 sec)
Records: 0  Duplicates: 0  Warnings: 0

Query OK, 0 rows affected (1 min 1.13 sec)
Records: 0  Duplicates: 0  Warnings: 0

Query OK, 0 rows affected (53.12 sec)
Records: 0  Duplicates: 0  Warnings: 0

Query OK, 0 rows affected (1 min 28.54 sec)
Records: 0  Duplicates: 0  Warnings: 0

Query OK, 0 rows affected (1 min 32.92 sec)
Records: 0  Duplicates: 0  Warnings: 0

Query OK, 0 rows affected (1 min 24.06 sec)
Records: 0  Duplicates: 0  Warnings: 0

+----------+
| ipusage  |
+----------+
| 22894375 |
+----------+
1 row in set (7.54 sec)

Query OK, 0 rows affected (0.03 sec)

Query OK, 5539335 rows affected (5 min 28.95 sec)
Records: 5539335  Duplicates: 0  Warnings: 0

Query OK, 0 rows affected (17.60 sec)
Records: 0  Duplicates: 0  Warnings: 0

Query OK, 0 rows affected (13.17 sec)
Records: 0  Duplicates: 0  Warnings: 0

Query OK, 0 rows affected (18.00 sec)
Records: 0  Duplicates: 0  Warnings: 0

Query OK, 0 rows affected (22.13 sec)
Records: 0  Duplicates: 0  Warnings: 0

Query OK, 0 rows affected (15.88 sec)
Records: 0  Duplicates: 0  Warnings: 0

+------------------+
| clientcontractip |
+------------------+
|          5539335 |
+------------------+
1 row in set (1.53 sec)

Query OK, 0 rows affected (0.02 sec)

Query OK, 461821 rows affected (39.18 sec)
Records: 461821  Duplicates: 0  Warnings: 0

Query OK, 0 rows affected (1.41 sec)
Records: 0  Duplicates: 0  Warnings: 0

Query OK, 0 rows affected (1.30 sec)
Records: 0  Duplicates: 0  Warnings: 0

Query OK, 0 rows affected (1.55 sec)
Records: 0  Duplicates: 0  Warnings: 0

Query OK, 0 rows affected (0.81 sec)
Records: 0  Duplicates: 0  Warnings: 0

Query OK, 0 rows affected (0.81 sec)
Records: 0  Duplicates: 0  Warnings: 0

Query OK, 0 rows affected (0.81 sec)
Records: 0  Duplicates: 0  Warnings: 0

Query OK, 0 rows affected (0.94 sec)
Records: 0  Duplicates: 0  Warnings: 0

+-----------------------+
| clientcontractipmonth |
+-----------------------+
|                461821 |
+-----------------------+
1 row in set (0.13 sec)

Query OK, 0 rows affected (0.04 sec)

Query OK, 1775984 rows affected (48.56 sec)
Records: 1775984  Duplicates: 0  Warnings: 0

Query OK, 0 rows affected (7.15 sec)
Records: 0  Duplicates: 0  Warnings: 0

Query OK, 0 rows affected (3.79 sec)
Records: 0  Duplicates: 0  Warnings: 0

Query OK, 0 rows affected (5.10 sec)
Records: 0  Duplicates: 0  Warnings: 0

+------------------------------+
| contractsservicepackageprice |
+------------------------------+
|                      1775984 |
+------------------------------+
1 row in set (0.48 sec)

Query OK, 0 rows affected (0.03 sec)

Query OK, 1775984 rows affected (2 min 33.03 sec)
Records: 1775984  Duplicates: 0  Warnings: 0

Query OK, 0 rows affected (8.29 sec)
Records: 0  Duplicates: 0  Warnings: 0

Query OK, 0 rows affected (7.78 sec)
Records: 0  Duplicates: 0  Warnings: 0

Query OK, 0 rows affected (4.49 sec)
Records: 0  Duplicates: 0  Warnings: 0

Query OK, 0 rows affected (8.17 sec)
Records: 0  Duplicates: 0  Warnings: 0

+------------------------------------+
| clientcontractsservicepackageprice |
+------------------------------------+
|                            1775984 |
+------------------------------------+
1 row in set (0.48 sec)

mysql> mysql \. C:\workspace\cloud\code\sql\_DailyScript\currenttime.sql
+---------------------+
| currenttime         |
+---------------------+
| 2020-09-03 14:43:53 |
+---------------------+
1 row in set (0.00 sec)

mysql> 
mysql> mysql \. C:\workspace\cloud\code\sql\_DailyScript\ticket_analysis.sql
Database changed
Query OK, 0 rows affected (0.02 sec)

Query OK, 672979 rows affected (22.89 sec)
Records: 672979  Duplicates: 0  Warnings: 0

Query OK, 0 rows affected (4.17 sec)
Records: 0  Duplicates: 0  Warnings: 0

Query OK, 0 rows affected (1.83 sec)
Records: 0  Duplicates: 0  Warnings: 0

Query OK, 0 rows affected (1.71 sec)
Records: 0  Duplicates: 0  Warnings: 0

Query OK, 0 rows affected (0.00 sec)

Query OK, 21794 rows affected (11.46 sec)
Records: 21794  Duplicates: 0  Warnings: 0

Query OK, 0 rows affected, 1 warning (0.00 sec)

Query OK, 95483 rows affected (6.45 sec)
Records: 95483  Duplicates: 0  Warnings: 0

Query OK, 0 rows affected, 1 warning (0.00 sec)

Query OK, 489131 rows affected (12.44 sec)
Records: 489131  Duplicates: 0  Warnings: 0

Query OK, 0 rows affected, 1 warning (0.00 sec)

Query OK, 489131 rows affected (13.57 sec)
Records: 489131  Duplicates: 0  Warnings: 0

Query OK, 0 rows affected (0.01 sec)

Query OK, 95566 rows affected (5.21 sec)
Records: 95566  Duplicates: 0  Warnings: 0

Database changed
Query OK, 0 rows affected (0.00 sec)

Query OK, 0 rows affected (0.02 sec)

Query OK, 672979 rows affected (23.29 sec)
Records: 672979  Duplicates: 0  Warnings: 0

Query OK, 0 rows affected (0.02 sec)

Query OK, 339201 rows affected (13.63 sec)
Records: 339201  Duplicates: 0  Warnings: 0

+--------------------------+
| clientticket_cmmtjourney |
+--------------------------+
|                   672979 |
+--------------------------+
1 row in set (2.08 sec)

+---------------------------+
| clientticket_assgnjourney |
+---------------------------+
|                    339201 |
+---------------------------+
1 row in set (0.39 sec)

Query OK, 0 rows affected (0.00 sec)

Query OK, 82 rows affected (0.08 sec)
Records: 82  Duplicates: 0  Warnings: 0

mysql> mysql \. C:\workspace\cloud\code\sql\_DailyScript\currenttime.sql
+---------------------+
| currenttime         |
+---------------------+
| 2020-09-03 14:45:52 |
+---------------------+
1 row in set (0.01 sec)

mysql> 
mysql> mysql \. C:\workspace\cloud\code\sql\_DailyScript\load_DailyCalls.sql
Database changed
Query OK, 475 rows affected (0.14 sec)
Records: 475  Deleted: 0  Skipped: 0  Warnings: 0

Query OK, 0 rows affected, 1 warning (0.00 sec)

Query OK, 459 rows affected (0.03 sec)
Records: 459  Duplicates: 0  Warnings: 0

Query OK, 0 rows affected, 1 warning (0.00 sec)

Query OK, 67523 rows affected (0.27 sec)
Records: 67523  Duplicates: 0  Warnings: 0

+----------------------+
| callingclientsbefore |
+----------------------+
|               990627 |
+----------------------+
1 row in set (0.41 sec)

Query OK, 658 rows affected (9.26 sec)
Records: 658  Duplicates: 0  Warnings: 0

+---------------------+
| callingclientsafter |
+---------------------+
|              991285 |
+---------------------+
1 row in set (0.25 sec)

Query OK, 0 rows affected (0.01 sec)

Query OK, 322 rows affected (3.16 sec)
Records: 322  Duplicates: 0  Warnings: 0

Query OK, 0 rows affected (0.00 sec)

Query OK, 19876 rows affected (3.00 sec)
Records: 19876  Duplicates: 0  Warnings: 0

+-----------+
| callstats |
+-----------+
|     19876 |
+-----------+
1 row in set (0.00 sec)

Query OK, 0 rows affected, 1 warning (0.00 sec)

Query OK, 658 rows affected (2.52 sec)
Records: 658  Duplicates: 0  Warnings: 0

+------------------------+
| rep_cccallreportbefore |
+------------------------+
|                 990787 |
+------------------------+
1 row in set (0.34 sec)

Query OK, 658 rows affected (0.14 sec)
Records: 658  Duplicates: 0  Warnings: 0

+-----------------------+
| rep_cccallreportafter |
+-----------------------+
|                991445 |
+-----------------------+
1 row in set (0.28 sec)

Query OK, 0 rows affected (0.00 sec)

mysql> mysql \. C:\workspace\cloud\code\sql\_DailyScript\currenttime.sql
+---------------------+
| currenttime         |
+---------------------+
| 2020-09-03 14:46:12 |
+---------------------+
1 row in set (0.00 sec)

mysql> 
mysql> mysql \. C:\workspace\cloud\code\sql\_DailyScript\DAILY-SCRIPT-USAGE.sql
Database changed
Query OK, 0 rows affected (0.00 sec)

Query OK, 8561 rows affected, 24868 warnings (1.56 sec)
Records: 8561  Deleted: 0  Skipped: 0  Warnings: 24868

Query OK, 0 rows affected (0.00 sec)

Query OK, 12333 rows affected, 35686 warnings (1.97 sec)
Records: 12333  Deleted: 0  Skipped: 0  Warnings: 35686

Query OK, 0 rows affected (0.00 sec)

Query OK, 277 rows affected, 983 warnings (0.03 sec)
Records: 277  Deleted: 0  Skipped: 0  Warnings: 983

Query OK, 0 rows affected (0.00 sec)

Query OK, 192 rows affected, 657 warnings (0.02 sec)
Records: 192  Deleted: 0  Skipped: 0  Warnings: 657

+------------+
| dailyusage |
+------------+
|   14458839 |
+------------+
1 row in set (5.86 sec)

+------------+------------+------------+---------+
| datestart  | dateend    | insertedon | records |
+------------+------------+------------+---------+
| 2020-09-02 | 2020-09-02 | 2020-09-03 |   21363 |
| 2020-09-01 | 2020-09-01 | 2020-09-02 |   21022 |
| 2020-08-31 | 2020-08-31 | 2020-09-01 |   21471 |
| 2020-08-30 | 2020-08-30 | 2020-08-31 |   20848 |
| 2020-08-29 | 2020-08-29 | 2020-08-31 |   22106 |
+------------+------------+------------+---------+
5 rows in set (29.05 sec)

+----------+------------+------------+------------+---------+
| category | datestart  | dateend    | insertedon | records |
+----------+------------+------------+------------+---------+
| UNCAPPED | 2020-09-02 | 2020-09-02 | 2020-09-03 |   12333 |
| PREPAID  | 2020-09-02 | 2020-09-02 | 2020-09-03 |     277 |
| HOTSPOT  | 2020-09-02 | 2020-09-02 | 2020-09-03 |     192 |
| CAPPED   | 2020-09-02 | 2020-09-02 | 2020-09-03 |    8561 |
| UNCAPPED | 2020-09-01 | 2020-09-01 | 2020-09-02 |   12156 |
| PREPAID  | 2020-09-01 | 2020-09-01 | 2020-09-02 |     323 |
| HOTSPOT  | 2020-09-01 | 2020-09-01 | 2020-09-02 |     185 |
| CAPPED   | 2020-09-01 | 2020-09-01 | 2020-09-02 |    8358 |
| UNCAPPED | 2020-08-31 | 2020-08-31 | 2020-09-01 |   12648 |
| PREPAID  | 2020-08-31 | 2020-08-31 | 2020-09-01 |     282 |
| HOTSPOT  | 2020-08-31 | 2020-08-31 | 2020-09-01 |     200 |
| CAPPED   | 2020-08-31 | 2020-08-31 | 2020-09-01 |    8341 |
| UNCAPPED | 2020-08-30 | 2020-08-30 | 2020-08-31 |   12454 |
| PREPAID  | 2020-08-30 | 2020-08-30 | 2020-08-31 |     329 |
| HOTSPOT  | 2020-08-30 | 2020-08-30 | 2020-08-31 |     130 |
| CAPPED   | 2020-08-30 | 2020-08-30 | 2020-08-31 |    7935 |
| UNCAPPED | 2020-08-29 | 2020-08-29 | 2020-08-31 |   12941 |
| PREPAID  | 2020-08-29 | 2020-08-29 | 2020-08-31 |     320 |
| HOTSPOT  | 2020-08-29 | 2020-08-29 | 2020-08-31 |     184 |
| CAPPED   | 2020-08-29 | 2020-08-29 | 2020-08-31 |    8661 |
+----------+------------+------------+------------+---------+
20 rows in set (20.71 sec)

mysql> mysql \. C:\workspace\cloud\code\sql\_DailyScript\currenttime.sql
+---------------------+
| currenttime         |
+---------------------+
| 2020-09-03 14:47:11 |
+---------------------+
1 row in set (0.00 sec)

mysql> 
mysql> mysql \. C:\workspace\cloud\code\sql\_DailyScript\DAILY-SCRIPT-SALES-TELEMETRY.sql
Database changed
Query OK, 111 rows affected, 86 warnings (0.03 sec)
Records: 111  Deleted: 0  Skipped: 0  Warnings: 86

+------------+
| dailysales |
+------------+
|     206775 |
+------------+
1 row in set (0.23 sec)

Query OK, 0 rows affected (0.02 sec)

Query OK, 206775 rows affected (12.81 sec)
Records: 206775  Duplicates: 0  Warnings: 0

+--------+
| sales  |
+--------+
| 206775 |
+--------+
1 row in set (0.08 sec)

Query OK, 0 rows affected (0.02 sec)

Query OK, 3341 rows affected (0.34 sec)
Records: 3341  Duplicates: 0  Warnings: 0

+----------------+
| rep_dailysales |
+----------------+
|           3341 |
+----------------+
1 row in set (0.00 sec)

Query OK, 0 rows affected (0.02 sec)

Query OK, 3341 rows affected (0.52 sec)
Records: 3341  Duplicates: 0  Warnings: 0

+-------------------+
| rep_dailysalesreg |
+-------------------+
|              3341 |
+-------------------+
1 row in set (0.00 sec)

Query OK, 0 rows affected (0.00 sec)

Query OK, 2799 rows affected (0.64 sec)
Records: 2799  Duplicates: 0  Warnings: 0

+-----------+
| saleslist |
+-----------+
|      2799 |
+-----------+
1 row in set (0.00 sec)

Database changed
Query OK, 2 rows affected (0.02 sec)
Records: 2  Deleted: 0  Skipped: 0  Warnings: 0

+------------------+
| dailysinglesales |
+------------------+
|             6347 |
+------------------+
1 row in set (0.02 sec)

Database changed
Query OK, 8 rows affected (0.02 sec)
Records: 8  Deleted: 0  Skipped: 0  Warnings: 0

+-----------------+
| dailyaddonsales |
+-----------------+
|           20512 |
+-----------------+
1 row in set (0.03 sec)

Query OK, 182 rows affected (0.08 sec)
Records: 182  Deleted: 0  Skipped: 0  Warnings: 0

+----------------+
| onlinepayments |
+----------------+
|         120973 |
+----------------+
1 row in set (0.08 sec)

+-------------+----------------+---------------------+
| paymentdate | onlinepayments | onlinepaymentamount |
+-------------+----------------+---------------------+
| 2020-09-02  |            182 |        115574.23000 |
| 2020-09-01  |            283 |        201717.80000 |
| 2020-08-31  |            270 |        171860.25000 |
| 2020-08-30  |            208 |        124806.51000 |
| 2020-08-29  |            192 |        120920.35000 |
+-------------+----------------+---------------------+
5 rows in set (0.47 sec)

+-------------+--------------+----------------+---------------------+
| paymentyear | paymentmonth | onlinepayments | onlinepaymentamount |
+-------------+--------------+----------------+---------------------+
|        2020 |            9 |            465 |        317292.03000 |
|        2020 |            8 |           6240 |       4098025.79000 |
|        2020 |            7 |           6291 |       4053825.83000 |
|        2020 |            6 |           6133 |       4006312.90000 |
|        2020 |            5 |           6399 |       4169369.14000 |
+-------------+--------------+----------------+---------------------+
5 rows in set (0.13 sec)

mysql> mysql \. C:\workspace\cloud\code\sql\_DailyScript\currenttime.sql
+---------------------+
| currenttime         |
+---------------------+
| 2020-09-03 14:47:27 |
+---------------------+
1 row in set (0.00 sec)

mysql> 
mysql> mysql \. C:\workspace\cloud\code\sql\_DailyScript\DAILY-SCRIPT-ACTIVENUMBERS.sql
Database changed
Query OK, 1167 rows affected (0.53 sec)
Records: 1167  Deleted: 0  Skipped: 0  Warnings: 0

+------------+----------+
| period     | count(1) |
+------------+----------+
| 2020-09-02 |     1167 |
| 2020-09-01 |     1170 |
| 2020-08-31 |     1168 |
| 2020-08-30 |     1171 |
| 2020-08-29 |     1171 |
+------------+----------+
5 rows in set (0.00 sec)

Query OK, 0 rows affected (0.02 sec)

Query OK, 79 rows affected (1.34 sec)
Records: 79  Duplicates: 0  Warnings: 0

+-------------+
| packagelist |
+-------------+
|          79 |
+-------------+
1 row in set (0.00 sec)

Database changed
Query OK, 0 rows affected (0.00 sec)

Query OK, 0 rows affected (0.00 sec)

Query OK, 0 rows affected (0.00 sec)

Query OK, 0 rows affected (0.00 sec)

Query OK, 27605 rows affected, 227 warnings (19.40 sec)
Records: 27605  Deleted: 0  Skipped: 0  Warnings: 227

+------------+----------+
| period     | count(1) |
+------------+----------+
| 2020-09-02 |    27605 |
| 2020-09-01 |    27563 |
| 2020-08-31 |    27531 |
| 2020-08-30 |    27352 |
| 2020-08-29 |    27584 |
+------------+----------+
5 rows in set (0.17 sec)

Query OK, 0 rows affected (0.02 sec)

Query OK, 27016 rows affected (46.91 sec)
Records: 27016  Duplicates: 0  Warnings: 0

Query OK, 0 rows affected (0.11 sec)
Records: 0  Duplicates: 0  Warnings: 0

Query OK, 0 rows affected (0.13 sec)
Records: 0  Duplicates: 0  Warnings: 0

Query OK, 0 rows affected (0.09 sec)
Records: 0  Duplicates: 0  Warnings: 0

Query OK, 0 rows affected (0.08 sec)
Records: 0  Duplicates: 0  Warnings: 0

Query OK, 0 rows affected (0.06 sec)
Records: 0  Duplicates: 0  Warnings: 0

Query OK, 0 rows affected (0.06 sec)
Records: 0  Duplicates: 0  Warnings: 0

+-------------+
| countbefore |
+-------------+
|    38803891 |
+-------------+
1 row in set (15.78 sec)

Query OK, 27016 rows affected (5.84 sec)
Records: 27016  Duplicates: 0  Warnings: 0

+------------+
| countafter |
+------------+
|   38830907 |
+------------+
1 row in set (12.91 sec)

+------------+--------------------------+
| period     | customercontractactivity |
+------------+--------------------------+
| 2020-09-02 |                    27016 |
| 2020-09-01 |                    26974 |
| 2020-08-31 |                    26942 |
| 2020-08-30 |                    26762 |
| 2020-08-29 |                    26994 |
+------------+--------------------------+
5 rows in set (0.06 sec)

Query OK, 0 rows affected (0.01 sec)

Query OK, 276913 rows affected (6 min 56.75 sec)
Records: 276913  Duplicates: 0  Warnings: 0

Query OK, 0 rows affected (0.92 sec)
Records: 0  Duplicates: 0  Warnings: 0

Query OK, 0 rows affected (0.95 sec)
Records: 0  Duplicates: 0  Warnings: 0

Query OK, 0 rows affected (0.98 sec)
Records: 0  Duplicates: 0  Warnings: 0

Query OK, 0 rows affected (0.01 sec)

Query OK, 229 rows affected (0.41 sec)
Records: 229  Duplicates: 0  Warnings: 0

Query OK, 0 rows affected (0.00 sec)

Query OK, 2608 rows affected (0.55 sec)
Records: 2608  Duplicates: 0  Warnings: 0

Query OK, 0 rows affected (0.01 sec)

Query OK, 26997 rows affected (0.52 sec)
Records: 26997  Duplicates: 0  Warnings: 0

Query OK, 0 rows affected (0.01 sec)

Query OK, 17038 rows affected (0.33 sec)
Records: 17038  Duplicates: 0  Warnings: 0

Query OK, 0 rows affected (0.02 sec)

Query OK, 17038 rows affected (0.13 sec)
Records: 17038  Duplicates: 0  Warnings: 0

Query OK, 0 rows affected (0.01 sec)

Query OK, 17038 rows affected (1.05 sec)
Records: 17038  Duplicates: 0  Warnings: 0

Query OK, 0 rows affected (0.02 sec)

Query OK, 17038 rows affected (42.09 sec)
Records: 17038  Duplicates: 0  Warnings: 0

+-------------+
| clientstats |
+-------------+
|       17038 |
+-------------+
1 row in set (0.01 sec)

Query OK, 0 rows affected (0.02 sec)

Query OK, 12 rows affected, 1 warning (0.11 sec)
Records: 12  Duplicates: 0  Warnings: 1

+-----------------------+-------------+-------------+----------------+-----------------+
| services              | activecount | allaccounts | uniqueaccounts | uniquecontracts |
+-----------------------+-------------+-------------+----------------+-----------------+
| All                   |         348 |          56 |             56 |             180 |
| Internet & Voice      |         388 |         175 |            175 |             342 |
| Internet Only         |        4379 |        4288 |           4274 |            4331 |
| OTT Only              |           1 |           1 |              1 |               1 |
| TV & Internet         |        9170 |        4147 |           4137 |            8427 |
| TV & Internet & OTT   |        3144 |         804 |            800 |            1675 |
| TV & Internet & Voice |         489 |         147 |            147 |             450 |
| TV & OTT              |         322 |          63 |             62 |              77 |
| TV & Voice            |          87 |          40 |             40 |              82 |
| TV Only               |        9191 |        7160 |           7146 |            7344 |
| Voice Only            |         158 |         157 |            156 |             158 |
| GRAND TOTAL           |       27677 |       17038 |          16952 |           23067 |
+-----------------------+-------------+-------------+----------------+-----------------+
12 rows in set (0.00 sec)

+-------------+-------------+-------------+----------------+-----------------+
| network     | activecount | allaccounts | uniqueaccounts | uniquecontracts |
+-------------+-------------+-------------+----------------+-----------------+
| GPON        |        9264 |        4728 |           4725 |            7354 |
| HFC         |       18413 |       12310 |          12310 |           15713 |
| GRAND TOTAL |       27677 |       17038 |          16952 |           23067 |
+-------------+-------------+-------------+----------------+-----------------+
3 rows in set, 1 warning (0.13 sec)

+-------------+-----------------------+-------------+-------------+----------------+-----------------+
| network     | services              | activecount | allaccounts | uniqueaccounts | uniquecontracts |
+-------------+-----------------------+-------------+-------------+----------------+-----------------+
| GPON        | All                   |         201 |          32 |             32 |             102 |
| GPON        | Internet & Voice      |          76 |          32 |             32 |              66 |
| GPON        | Internet Only         |        1180 |        1108 |           1108 |            1134 |
| GPON        | TV & Internet         |        3845 |        1704 |           1704 |            3490 |
| GPON        | TV & Internet & OTT   |        1788 |         453 |            453 |             949 |
| GPON        | TV & Internet & Voice |         199 |          59 |             59 |             183 |
| GPON        | TV & OTT              |         106 |          30 |             30 |              34 |
| GPON        | TV & Voice            |          44 |          20 |             20 |              41 |
| GPON        | TV Only               |        1811 |        1276 |           1276 |            1341 |
| GPON        | Voice Only            |          14 |          14 |             14 |              14 |
| GPON        | Services Total        |        9264 |        4728 |           4725 |            7354 |
| HFC         | All                   |         147 |          24 |             24 |              78 |
| HFC         | Internet & Voice      |         312 |         143 |            143 |             276 |
| HFC         | Internet Only         |        3199 |        3180 |           3180 |            3197 |
| HFC         | OTT Only              |           1 |           1 |              1 |               1 |
| HFC         | TV & Internet         |        5325 |        2443 |           2443 |            4937 |
| HFC         | TV & Internet & OTT   |        1356 |         351 |            351 |             726 |
| HFC         | TV & Internet & Voice |         290 |          88 |             88 |             267 |
| HFC         | TV & OTT              |         216 |          33 |             33 |              43 |
| HFC         | TV & Voice            |          43 |          20 |             20 |              41 |
| HFC         | TV Only               |        7380 |        5884 |           5884 |            6003 |
| HFC         | Voice Only            |         144 |         143 |            143 |             144 |
| HFC         | Services Total        |       18413 |       12310 |          12310 |           15713 |
| GRAND TOTAL | Services Total        |       27677 |       17038 |          16952 |           23067 |
+-------------+-----------------------+-------------+-------------+----------------+-----------------+
24 rows in set, 2 warnings (0.13 sec)

Query OK, 0 rows affected (0.02 sec)

Query OK, 41 rows affected, 3 warnings (0.20 sec)
Records: 41  Duplicates: 0  Warnings: 3

+-------------+---------------+-----------------------+-------------+-------------+----------------+-----------------+
| region      | network       | services              | activecount | allaccounts | uniqueaccounts | uniquecontracts |
+-------------+---------------+-----------------------+-------------+-------------+----------------+-----------------+
| Mahe        | GPON          | All                   |         175 |          28 |             28 |              90 |
| Mahe        | GPON          | Internet & Voice      |          62 |          25 |             25 |              52 |
| Mahe        | GPON          | Internet Only         |         957 |         885 |            885 |             911 |
| Mahe        | GPON          | TV & Internet         |        3037 |        1338 |           1338 |            2744 |
| Mahe        | GPON          | TV & Internet & OTT   |        1398 |         343 |            343 |             723 |
| Mahe        | GPON          | TV & Internet & Voice |         183 |          54 |             54 |             167 |
| Mahe        | GPON          | TV & OTT              |          87 |          22 |             22 |              26 |
| Mahe        | GPON          | TV & Voice            |          42 |          19 |             19 |              39 |
| Mahe        | GPON          | TV Only               |        1479 |        1013 |           1013 |            1070 |
| Mahe        | GPON          | Voice Only            |          13 |          13 |             13 |              13 |
| Mahe        | GPON          | Services Total        |        7433 |        3740 |           3740 |            5835 |
| Mahe        | HFC           | All                   |         147 |          24 |             24 |              78 |
| Mahe        | HFC           | Internet & Voice      |         312 |         143 |            143 |             276 |
| Mahe        | HFC           | Internet Only         |        3198 |        3179 |           3179 |            3196 |
| Mahe        | HFC           | OTT Only              |           1 |           1 |              1 |               1 |
| Mahe        | HFC           | TV & Internet         |        5323 |        2442 |           2442 |            4935 |
| Mahe        | HFC           | TV & Internet & OTT   |        1356 |         351 |            351 |             726 |
| Mahe        | HFC           | TV & Internet & Voice |         290 |          88 |             88 |             267 |
| Mahe        | HFC           | TV & OTT              |         216 |          33 |             33 |              43 |
| Mahe        | HFC           | TV & Voice            |          43 |          20 |             20 |              41 |
| Mahe        | HFC           | TV Only               |        7375 |        5881 |           5881 |            6000 |
| Mahe        | HFC           | Voice Only            |         144 |         143 |            143 |             144 |
| Mahe        | HFC           | Services Total        |       18405 |       12305 |          12305 |           15707 |
| Mahe        | Network Total | Services Total        |       25838 |       16045 |          15963 |           21542 |
| Praslin     | GPON          | All                   |          26 |           4 |              4 |              12 |
| Praslin     | GPON          | Internet & Voice      |          14 |           7 |              7 |              14 |
| Praslin     | GPON          | Internet Only         |         223 |         223 |            223 |             223 |
| Praslin     | GPON          | TV & Internet         |         808 |         366 |            366 |             746 |
| Praslin     | GPON          | TV & Internet & OTT   |         390 |         110 |            110 |             226 |
| Praslin     | GPON          | TV & Internet & Voice |          16 |           5 |              5 |              16 |
| Praslin     | GPON          | TV & OTT              |          19 |           8 |              8 |               8 |
| Praslin     | GPON          | TV & Voice            |           2 |           1 |              1 |               2 |
| Praslin     | GPON          | TV Only               |         332 |         263 |            263 |             271 |
| Praslin     | GPON          | Voice Only            |           1 |           1 |              1 |               1 |
| Praslin     | GPON          | Services Total        |        1831 |         988 |            988 |            1519 |
| Praslin     | HFC           | Internet Only         |           1 |           1 |              1 |               1 |
| Praslin     | HFC           | TV & Internet         |           2 |           1 |              1 |               2 |
| Praslin     | HFC           | TV Only               |           5 |           3 |              3 |               3 |
| Praslin     | HFC           | Services Total        |           8 |           5 |              5 |               6 |
| Praslin     | Network Total | Services Total        |        1839 |         993 |            992 |            1525 |
| GRAND TOTAL | Network Total | Services Total        |       27677 |       17038 |          16952 |           23067 |
+-------------+---------------+-----------------------+-------------+-------------+----------------+-----------------+
41 rows in set (0.00 sec)

Query OK, 0 rows affected (0.02 sec)

Query OK, 26998 rows affected (0.44 sec)
Records: 26998  Duplicates: 0  Warnings: 0

Query OK, 0 rows affected (0.02 sec)

Query OK, 2113 rows affected (1.55 sec)
Records: 2113  Duplicates: 0  Warnings: 0

+--------------------------------------+
| message                              |
+--------------------------------------+
| running rcbill_my.sp_ActiveNumber2() |
+--------------------------------------+
1 row in set (0.00 sec)

Query OK, 365 rows affected (1 min 43.76 sec)

mysql> mysql \. C:\workspace\cloud\code\sql\_DailyScript\currenttime.sql
+---------------------+
| currenttime         |
+---------------------+
| 2020-09-03 14:58:42 |
+---------------------+
1 row in set (0.00 sec)

mysql> 
mysql> mysql \. C:\workspace\cloud\code\sql\_DailyScript\GetActiveNumbers Average -Pivot.sql
Database changed
+-------------------------------------+
| @today := subdate(current_date(),1) |
+-------------------------------------+
| 2020-09-02                          |
+-------------------------------------+
1 row in set (0.00 sec)

+-------------------------------------+
| @lastdayofmonth := last_day(@today) |
+-------------------------------------+
| 2020-09-30                          |
+-------------------------------------+
1 row in set (0.02 sec)

Query OK, 0 rows affected (0.02 sec)

Query OK, 41731 rows affected, 65535 warnings (51.25 sec)
Records: 41731  Duplicates: 0  Warnings: 85076

Query OK, 0 rows affected (0.09 sec)
Records: 0  Duplicates: 0  Warnings: 0

Query OK, 0 rows affected (0.11 sec)
Records: 0  Duplicates: 0  Warnings: 0

Query OK, 0 rows affected (0.09 sec)
Records: 0  Duplicates: 0  Warnings: 0

+-----------------+
| activenumberavg |
+-----------------+
|           41731 |
+-----------------+
1 row in set (0.00 sec)

Query OK, 0 rows affected (0.01 sec)

Query OK, 1908 rows affected (0.47 sec)
Records: 1908  Duplicates: 0  Warnings: 0

+---------------------+
| rep_activenumberavg |
+---------------------+
|                1908 |
+---------------------+
1 row in set (0.02 sec)

+----------------------+
| rep_activenumberavg1 |
+----------------------+
|                  893 |
+----------------------+
1 row in set (0.00 sec)

Query OK, 0 rows affected (0.01 sec)

Query OK, 2174 rows affected (0.38 sec)
Records: 2174  Duplicates: 0  Warnings: 0

Query OK, 0 rows affected (0.00 sec)

Query OK, 11126 rows affected (0.67 sec)
Records: 11126  Duplicates: 0  Warnings: 0

Query OK, 0 rows affected (0.00 sec)

Query OK, 0 rows affected (0.00 sec)

Query OK, 0 rows affected (0.00 sec)

Query OK, 0 rows affected (0.00 sec)

Query OK, 0 rows affected (0.00 sec)
Statement prepared

Query OK, 53 rows affected (0.05 sec)
Records: 53  Duplicates: 0  Warnings: 0

Query OK, 0 rows affected (0.00 sec)

Query OK, 0 rows affected (0.00 sec)

+----------------------+
| rep_activenumberavg2 |
+----------------------+
|                 2174 |
+----------------------+
1 row in set (0.00 sec)

+------------------------+
| rep_activenumberavg_pv |
+------------------------+
|                     53 |
+------------------------+
1 row in set (0.00 sec)

Query OK, 0 rows affected (0.00 sec)

Query OK, 2173 rows affected (0.33 sec)
Records: 2173  Duplicates: 0  Warnings: 0

Query OK, 0 rows affected (0.00 sec)

Query OK, 0 rows affected (0.00 sec)

Query OK, 0 rows affected (0.00 sec)

Query OK, 0 rows affected (0.00 sec)

Query OK, 0 rows affected (0.00 sec)
Statement prepared

Query OK, 53 rows affected (0.05 sec)
Records: 53  Duplicates: 0  Warnings: 0

Query OK, 0 rows affected (0.00 sec)

Query OK, 0 rows affected (0.00 sec)

+-------------------------+
| rep_activenumberavgMahe |
+-------------------------+
|                    2173 |
+-------------------------+
1 row in set (0.00 sec)

+----------------------------+
| rep_activenumberavgMahe_pv |
+----------------------------+
|                         53 |
+----------------------------+
1 row in set (0.00 sec)

Query OK, 0 rows affected (0.00 sec)

Query OK, 1388 rows affected (0.14 sec)
Records: 1388  Duplicates: 0  Warnings: 0

Query OK, 0 rows affected (0.00 sec)

Query OK, 0 rows affected (0.00 sec)

Query OK, 0 rows affected (0.02 sec)

Query OK, 0 rows affected (0.00 sec)

Query OK, 0 rows affected (0.00 sec)
Statement prepared

Query OK, 40 rows affected (0.03 sec)
Records: 40  Duplicates: 0  Warnings: 0

Query OK, 0 rows affected (0.00 sec)

Query OK, 0 rows affected (0.02 sec)

+----------------------------+
| rep_activenumberavgPraslin |
+----------------------------+
|                       1388 |
+----------------------------+
1 row in set (0.00 sec)

+-------------------------------+
| rep_activenumberavgPraslin_pv |
+-------------------------------+
|                            40 |
+-------------------------------+
1 row in set (0.00 sec)

mysql> mysql \. C:\workspace\cloud\code\sql\_DailyScript\currenttime.sql
+---------------------+
| currenttime         |
+---------------------+
| 2020-09-03 14:59:36 |
+---------------------+
1 row in set (0.00 sec)

mysql> 
mysql> mysql \. C:\workspace\cloud\code\sql\_DailyScript\budget_actual_analysis_2020.sql
Query OK, 0 rows affected (0.00 sec)

Query OK, 922 rows affected, 3 warnings (0.19 sec)
Records: 922  Duplicates: 0  Warnings: 3

+--------------------+
| budget_actual_2020 |
+--------------------+
|                922 |
+--------------------+
1 row in set (0.00 sec)

Query OK, 0 rows affected (0.00 sec)

Query OK, 48 rows affected (0.05 sec)
Records: 48  Duplicates: 0  Warnings: 0

+---------------------------+
| rep_budget_actual_2020_pv |
+---------------------------+
|                        48 |
+---------------------------+
1 row in set (0.00 sec)

mysql> mysql \. C:\workspace\cloud\code\sql\_DailyScript\currenttime.sql
+---------------------+
| currenttime         |
+---------------------+
| 2020-09-03 14:59:36 |
+---------------------+
1 row in set (0.00 sec)

mysql> 
mysql> mysql \. C:\workspace\cloud\code\sql\_DailyScript\reports-sales-addons-prepaid-camera.sql
Database changed
Query OK, 0 rows affected (0.00 sec)

Query OK, 4143 rows affected (0.19 sec)
Records: 4143  Duplicates: 0  Warnings: 0

Query OK, 0 rows affected (0.01 sec)

Query OK, 20555 rows affected (15.60 sec)
Records: 20555  Duplicates: 0  Warnings: 0

+--------------------+
| rep_prepaid_camera |
+--------------------+
|               4143 |
+--------------------+
1 row in set (0.00 sec)

+-----------+
| rep_addon |
+-----------+
|     20555 |
+-----------+
1 row in set (0.00 sec)

mysql> mysql \. C:\workspace\cloud\code\sql\_DailyScript\currenttime.sql
+---------------------+
| currenttime         |
+---------------------+
| 2020-09-03 14:59:52 |
+---------------------+
1 row in set (0.02 sec)

mysql> 
mysql> mysql \. C:\workspace\cloud\code\sql\_DailyScript\housing-estate-analysis.sql
Database changed
Query OK, 0 rows affected (0.01 sec)

Query OK, 3205 rows affected (55.21 sec)
Records: 3205  Duplicates: 0  Warnings: 0

+--------------------+
| rep_housingestates |
+--------------------+
|               3205 |
+--------------------+
1 row in set (0.00 sec)

mysql> mysql \. C:\workspace\cloud\code\sql\_DailyScript\currenttime.sql
+---------------------+
| currenttime         |
+---------------------+
| 2020-09-03 15:00:47 |
+---------------------+
1 row in set (0.02 sec)

mysql> 
mysql> mysql \. C:\workspace\cloud\code\sql\_DailyScript\RCB_ClientAnalyticsReport_Script.sql
Database changed
Query OK, 0 rows affected (0.00 sec)

Query OK, 0 rows affected (0.05 sec)

Query OK, 1939676 rows affected (1 min 8.29 sec)
Records: 1939676  Duplicates: 0  Warnings: 0

Query OK, 0 rows affected (5.65 sec)
Records: 0  Duplicates: 0  Warnings: 0

Query OK, 0 rows affected (4.74 sec)
Records: 0  Duplicates: 0  Warnings: 0

Query OK, 0 rows affected (7.51 sec)
Records: 0  Duplicates: 0  Warnings: 0

Query OK, 0 rows affected (7.87 sec)
Records: 0  Duplicates: 0  Warnings: 0

Query OK, 0 rows affected (8.68 sec)
Records: 0  Duplicates: 0  Warnings: 0

Query OK, 0 rows affected (7.34 sec)
Records: 0  Duplicates: 0  Warnings: 0

Query OK, 0 rows affected (0.00 sec)

Query OK, 489284 rows affected (14.68 sec)
Rows matched: 1939676  Changed: 489284  Warnings: 0

Query OK, 0 rows affected (0.02 sec)

Query OK, 27824 rows affected (4.24 sec)
Records: 27824  Duplicates: 0  Warnings: 0

Query OK, 0 rows affected (0.03 sec)

Query OK, 43976 rows affected (10 min 3.06 sec)
Records: 43976  Duplicates: 0  Warnings: 0

Query OK, 0 rows affected (0.17 sec)
Records: 0  Duplicates: 0  Warnings: 0

Query OK, 0 rows affected (0.14 sec)
Records: 0  Duplicates: 0  Warnings: 0

Query OK, 0 rows affected (0.09 sec)
Records: 0  Duplicates: 0  Warnings: 0

Query OK, 0 rows affected (0.02 sec)

Query OK, 456869 rows affected (12 min 45.14 sec)
Records: 456869  Duplicates: 0  Warnings: 0

Query OK, 0 rows affected (1.48 sec)
Records: 0  Duplicates: 0  Warnings: 0

Query OK, 0 rows affected (1.48 sec)
Records: 0  Duplicates: 0  Warnings: 0

Query OK, 0 rows affected (0.80 sec)
Records: 0  Duplicates: 0  Warnings: 0

Query OK, 0 rows affected (1.75 sec)
Records: 0  Duplicates: 0  Warnings: 0

Query OK, 0 rows affected (1.26 sec)
Records: 0  Duplicates: 0  Warnings: 0

Query OK, 0 rows affected (0.01 sec)

Query OK, 43976 rows affected (1 min 20.04 sec)
Records: 43976  Duplicates: 0  Warnings: 0

+--------------+
| clientreport |
+--------------+
|        43976 |
+--------------+
1 row in set (0.03 sec)

Query OK, 0 rows affected (0.00 sec)

Query OK, 43976 rows affected (5.52 sec)
Records: 43976  Duplicates: 0  Warnings: 0

+----------------------+
| clientextendedreport |
+----------------------+
|                43976 |
+----------------------+
1 row in set (0.02 sec)

Query OK, 0 rows affected (0.01 sec)

Query OK, 43976 rows affected (51.69 sec)
Records: 43976  Duplicates: 0  Warnings: 0

+---------+
| allcust |
+---------+
|   43976 |
+---------+
1 row in set (0.02 sec)

Query OK, 0 rows affected, 1 warning (0.00 sec)

Query OK, 5000 rows affected (0.13 sec)
Records: 5000  Duplicates: 0  Warnings: 0

Query OK, 0 rows affected (0.01 sec)

Query OK, 6881 rows affected (0.27 sec)
Records: 6881  Duplicates: 0  Warnings: 0

Query OK, 0 rows affected, 1 warning (0.02 sec)

Query OK, 5000 rows affected (0.13 sec)
Records: 5000  Duplicates: 0  Warnings: 0

Query OK, 0 rows affected (0.01 sec)

Query OK, 7274 rows affected (0.17 sec)
Records: 7274  Duplicates: 0  Warnings: 0

mysql> mysql \. C:\workspace\cloud\code\sql\_DailyScript\currenttime.sql
+---------------------+
| currenttime         |
+---------------------+
| 2020-09-03 15:28:10 |
+---------------------+
1 row in set (0.00 sec)

mysql> 
mysql> 
mysql> mysql \. C:\workspace\cloud\code\sql\_DailyScript\REVENUE_PER_NODE_MXK.sql
Query OK, 0 rows affected (0.00 sec)

Query OK, 0 rows affected (0.01 sec)

Query OK, 0 rows affected (0.02 sec)

Query OK, 6530 rows affected (2.00 sec)
Records: 6530  Duplicates: 0  Warnings: 0

+----------------------+
| message              |
+----------------------+
| created temp table a |
+----------------------+
1 row in set (0.00 sec)

Query OK, 6786 rows affected (0.95 sec)
Records: 6786  Duplicates: 0  Warnings: 0

+----------------------+
| message              |
+----------------------+
| created temp table b |
+----------------------+
1 row in set (0.00 sec)

Query OK, 0 rows affected, 1 warning (0.00 sec)

Query OK, 6839 rows affected (13.87 sec)
Records: 6839  Duplicates: 0  Warnings: 0

+--------------------------------+
| message                        |
+--------------------------------+
| created rcbill_my.tempcustmxk1 |
+--------------------------------+
1 row in set (0.00 sec)

Query OK, 0 rows affected (0.01 sec)

Query OK, 0 rows affected (0.00 sec)

Query OK, 0 rows affected, 1 warning (0.00 sec)

Query OK, 6530 rows affected (1.40 sec)
Records: 6530  Duplicates: 0  Warnings: 0

+----------------+
| message        |
+----------------+
| created temp a |
+----------------+
1 row in set (0.00 sec)

Query OK, 6786 rows affected (0.82 sec)
Records: 6786  Duplicates: 0  Warnings: 0

+----------------+
| message        |
+----------------+
| created temp b |
+----------------+
1 row in set (0.02 sec)

Query OK, 0 rows affected, 1 warning (0.00 sec)

Query OK, 6883 rows affected (9.10 sec)
Records: 6883  Duplicates: 0  Warnings: 0

+--------------------------------+
| message                        |
+--------------------------------+
| created rcbill_my.tempcustmxk2 |
+--------------------------------+
1 row in set (0.00 sec)

Query OK, 0 rows affected (0.00 sec)

Query OK, 0 rows affected (0.00 sec)

Query OK, 0 rows affected, 1 warning (0.00 sec)

Query OK, 0 rows affected (0.02 sec)

Query OK, 7683 rows affected (0.33 sec)
Records: 7683  Duplicates: 0  Warnings: 0

+---------------------------------+
| message                         |
+---------------------------------+
| created rcbill_my.customers_mxk |
+---------------------------------+
1 row in set (0.00 sec)

Query OK, 0 rows affected (0.02 sec)

Query OK, 0 rows affected (0.00 sec)

Query OK, 14259 rows affected (5.29 sec)
Records: 14259  Duplicates: 0  Warnings: 0

+----------------+
| message        |
+----------------+
| created temp a |
+----------------+
1 row in set (0.00 sec)

Query OK, 19587 rows affected (1.63 sec)
Records: 19587  Duplicates: 0  Warnings: 0

+----------------+
| message        |
+----------------+
| created temp c |
+----------------+
1 row in set (0.00 sec)

Query OK, 0 rows affected, 1 warning (0.00 sec)

Query OK, 27441 rows affected (0.27 sec)
Records: 27441  Duplicates: 0  Warnings: 0

+---------------------------------+
| message                         |
+---------------------------------+
| created rcbill_my.tempcustcmts1 |
+---------------------------------+
1 row in set (0.00 sec)

Query OK, 0 rows affected (0.00 sec)

Query OK, 0 rows affected, 1 warning (0.02 sec)

Query OK, 0 rows affected (0.00 sec)

Query OK, 14259 rows affected (5.43 sec)
Records: 14259  Duplicates: 0  Warnings: 0

+----------------+
| message        |
+----------------+
| created temp a |
+----------------+
1 row in set (0.00 sec)

Query OK, 19587 rows affected (1.48 sec)
Records: 19587  Duplicates: 0  Warnings: 0

+----------------+
| message        |
+----------------+
| created temp c |
+----------------+
1 row in set (0.00 sec)

Query OK, 0 rows affected, 1 warning (0.00 sec)

Query OK, 20295 rows affected (0.31 sec)
Records: 20295  Duplicates: 0  Warnings: 0

+---------------------------------+
| message                         |
+---------------------------------+
| created rcbill_my.tempcustcmts2 |
+---------------------------------+
1 row in set (0.00 sec)

Query OK, 0 rows affected (0.01 sec)

Query OK, 0 rows affected, 1 warning (0.00 sec)

Query OK, 0 rows affected (0.00 sec)

Query OK, 0 rows affected (0.02 sec)

Query OK, 14345 rows affected (0.94 sec)
Records: 14345  Duplicates: 0  Warnings: 0

+----------------------------------+
| message                          |
+----------------------------------+
| created rcbill_my.customers_cmts |
+----------------------------------+
1 row in set (0.00 sec)

Query OK, 0 rows affected (0.00 sec)

Query OK, 0 rows affected (0.00 sec)

Query OK, 0 rows affected (0.02 sec)

Query OK, 18677 rows affected (0.75 sec)
Records: 18677  Duplicates: 0  Warnings: 0

+--------------------------------------+
| message                              |
+--------------------------------------+
| created rcbill_my.customers_cmts_mxk |
+--------------------------------------+
1 row in set (0.00 sec)

Query OK, 484300 rows affected (56.38 sec)
Records: 484300  Duplicates: 0  Warnings: 0

+----------------+
| message        |
+----------------+
| created temp a |
+----------------+
1 row in set (0.00 sec)

Query OK, 0 rows affected (0.01 sec)

Query OK, 485051 rows affected (10.64 sec)
Records: 485051  Duplicates: 0  Warnings: 0

+------------------------------------------------+
| message                                        |
+------------------------------------------------+
| created rcbill_my.customers_contracts_cmts_mxk |
+------------------------------------------------+
1 row in set (0.00 sec)

Query OK, 0 rows affected (0.02 sec)

Query OK, 0 rows affected, 1 warning (0.00 sec)

Query OK, 0 rows affected, 1 warning (0.00 sec)

Query OK, 0 rows affected (0.00 sec)

Query OK, 8478 rows affected (2.72 sec)
Rows matched: 8478  Changed: 8478  Warnings: 0

+------------------------------------------------+
| message                                        |
+------------------------------------------------+
| updated rcbill_my.customers_contracts_cmts_mxk |
+------------------------------------------------+
1 row in set (0.00 sec)

Query OK, 0 rows affected (0.05 sec)

Query OK, 1949575 rows affected (3 min 34.05 sec)
Records: 1949575  Duplicates: 0  Warnings: 0

+----------------------------------------+
| message                                |
+----------------------------------------+
| created rcbill_my.customers_collection |
+----------------------------------------+
1 row in set (0.00 sec)

Query OK, 0 rows affected (0.03 sec)

Query OK, 2251929 rows affected (1 min 46.12 sec)
Records: 2251929  Duplicates: 0  Warnings: 0

+------------------------------------------------+
| message                                        |
+------------------------------------------------+
| created rcbill_my.customers_cmts_mxk_cont_coll |
+------------------------------------------------+
1 row in set (0.00 sec)

Query OK, 0 rows affected (0.05 sec)

Query OK, 442782 rows affected (2 min 9.10 sec)
Records: 442782  Duplicates: 0  Warnings: 0

+--------------------------------------------------------+
| message                                                |
+--------------------------------------------------------+
| created rcbill_my.customers_contracts_collection_pivot |
+--------------------------------------------------------+
1 row in set (0.00 sec)

Query OK, 0 rows affected (0.01 sec)

Query OK, 40045 rows affected (2 min 17.76 sec)
Records: 40045  Duplicates: 0  Warnings: 0

+----------------------------------------------+
| message                                      |
+----------------------------------------------+
| created rcbill_my.customers_collection_pivot |
+----------------------------------------------+
1 row in set (0.00 sec)

Query OK, 0 rows affected (0.02 sec)

Query OK, 43976 rows affected (2.19 sec)
Records: 43976  Duplicates: 0  Warnings: 0

+--------------------------------------------+
| message                                    |
+--------------------------------------------+
| created rcbill_my.rep_customers_collection |
+--------------------------------------------+
1 row in set (0.00 sec)

Query OK, 0 rows affected (0.00 sec)

Query OK, 0 rows affected, 1 warning (0.00 sec)

Query OK, 450633 rows affected (13.72 sec)
Records: 450633  Duplicates: 0  Warnings: 0

+-------------------------+
| message                 |
+-------------------------+
| created rcbill_my.tempa |
+-------------------------+
1 row in set (0.00 sec)

Query OK, 0 rows affected, 1 warning (0.00 sec)

Query OK, 442782 rows affected (18.95 sec)
Records: 442782  Duplicates: 0  Warnings: 0

+-------------------------+
| message                 |
+-------------------------+
| created rcbill_my.tempb |
+-------------------------+
1 row in set (0.00 sec)

Query OK, 450633 rows affected (20.07 sec)
Records: 450633  Duplicates: 0  Warnings: 0

+-----------+
| message   |
+-----------+
| created a |
+-----------+
1 row in set (0.00 sec)

Query OK, 442792 rows affected (20.64 sec)
Records: 442792  Duplicates: 0  Warnings: 0

+-----------+
| message   |
+-----------+
| created b |
+-----------+
1 row in set (0.00 sec)

Query OK, 0 rows affected (0.03 sec)

Query OK, 0 rows affected (0.02 sec)

Query OK, 0 rows affected (0.03 sec)

Query OK, 487077 rows affected (53.35 sec)
Records: 487077  Duplicates: 0  Warnings: 0

+----------------------------------------------+
| message                                      |
+----------------------------------------------+
| created rcbill_my.cust_cont_payment_cmts_mxk |
+----------------------------------------------+
1 row in set (0.00 sec)

Query OK, 0 rows affected (0.01 sec)

Query OK, 0 rows affected (0.02 sec)

Query OK, 0 rows affected, 1 warning (0.00 sec)

Query OK, 0 rows affected (0.02 sec)

Query OK, 43976 rows affected (17.01 sec)
Records: 43976  Duplicates: 0  Warnings: 0

+--------------------------------------------------+
| message                                          |
+--------------------------------------------------+
| created rcbill_my.rep_cust_cont_payment_cmts_mxk |
+--------------------------------------------------+
1 row in set (0.00 sec)

Query OK, 0 rows affected, 1 warning (0.01 sec)

Query OK, 0 rows affected, 1 warning (0.00 sec)

Query OK, 0 rows affected (0.00 sec)

Query OK, 43976 rows affected, 5 warnings (7.79 sec)
Records: 43976  Duplicates: 0  Warnings: 5

+----------------------+
| rep_custconsolidated |
+----------------------+
|                43976 |
+----------------------+
1 row in set (0.48 sec)

Query OK, 0 rows affected (0.02 sec)

+------------------------------------+
| message                            |
+------------------------------------+
| creating rcbill_my.rep_custextract |
+------------------------------------+
1 row in set (0.00 sec)

Query OK, 43976 rows affected (1.19 sec)
Records: 43976  Duplicates: 0  Warnings: 0

+-----------------+
| rep_custextract |
+-----------------+
|           43976 |
+-----------------+
1 row in set (0.02 sec)

Query OK, 0 rows affected (0.00 sec)

Query OK, 0 rows affected (0.01 sec)

+----------------------------------------------+
| message                                      |
+----------------------------------------------+
| creating rcbill_my.retentioncustomeractivity |
+----------------------------------------------+
1 row in set (0.00 sec)

Query OK, 872 rows affected (0.09 sec)
Records: 872  Duplicates: 0  Warnings: 0

+---------------------------+
| retentioncustomeractivity |
+---------------------------+
|                       872 |
+---------------------------+
1 row in set (0.00 sec)

+-----------+------------------------------------+------------+-------------+-----------------+------------------+---------------------+-------------------+
| HFC_NODE  | NODENAME                           | CMTS_DATE  | INSERTED_ON | UNIQUE_ACCOUNTS | UNIQUE_CONTRACTS | UNIQUE_MAC_INRCBOSS | UNIQUE_MAC_INCMTS |
+-----------+------------------------------------+------------+-------------+-----------------+------------------+---------------------+-------------------+
| NULL      | NULL                               | NULL       | 2020-09-03  |            6750 |             7113 |                7161 |                 0 |
| C5/0/0/U0 | ANSE-BOILEAU-2                     | 2020-07-27 | 2020-09-03  |             186 |              190 |                 186 |               188 |
| C5/0/0/U1 | 500-C3-ANSE-BOILEAU                | 2020-07-27 | 2020-09-03  |             188 |              192 |                 188 |               191 |
| C5/0/1/U0 | 501-C4-LA-MISIERE-LEFT-I           | 2020-07-27 | 2020-09-03  |             161 |              166 |                 161 |               161 |
| C5/0/1/U1 | 501-C5-LA-MISIERE-RIGHT            | 2020-07-27 | 2020-09-03  |             111 |              114 |                 112 |               115 |
| C5/0/1/U2 | 501-C7-LA-MISIERE-LEFT-II          | 2020-07-27 | 2020-09-03  |             158 |              161 |                 158 |               161 |
| C5/0/2/U0 | 502-C8-LA-LOUISE                   | 2020-07-27 | 2020-09-03  |             149 |              149 |                 149 |               151 |
| C5/0/2/U1 | LA-LOUISE-2                        | 2020-07-27 | 2020-09-03  |             145 |              147 |                 145 |               146 |
| C5/0/3/U0 | 504-C6-PETIT-PARIS                 | 2020-07-27 | 2020-09-03  |             160 |              163 |                 160 |               163 |
| C5/0/3/U1 | PETIT-PARIS-23                     | 2020-07-27 | 2020-09-03  |              79 |               81 |                  79 |                80 |
| C5/0/4/U0 | FOUR-SEASONS                       | 2020-07-27 | 2020-09-03  |               4 |                4 |                   4 |                 4 |
| C5/0/4/U1 | ANCHOR-CAFE-I                      | 2020-07-27 | 2020-09-03  |             149 |              153 |                 149 |               149 |
| C5/0/4/U2 | ANCHOR-CAFE-II                     | 2020-07-27 | 2020-09-03  |             157 |              158 |                 157 |               158 |
| C5/1/0/U0 | POINTE-LARUE-AIRPORT-23            | 2020-07-27 | 2020-09-03  |             102 |              105 |                 103 |               109 |
| C5/1/0/U1 | PPROVIDENCE-23                     | 2020-07-27 | 2020-09-03  |              20 |               22 |                  20 |                20 |
| C5/1/0/U2 | ROSHE-CAIMAN-23                    | 2020-07-27 | 2020-09-03  |              10 |               10 |                  10 |                10 |
| C5/1/0/U3 | HEAD-OFFICE | HO-23                | 2020-07-27 | 2020-09-03  |              22 |               22 |                  22 |                23 |
| C5/1/1/U1 | C5-UNION-VALE                      | 2020-07-27 | 2020-09-03  |             196 |              199 |                 196 |               198 |
| C5/1/3/U0 | POINTE-LARUE-AIRPORT-27            | 2020-07-27 | 2020-09-03  |             147 |              152 |                 147 |               153 |
| C5/1/3/U1 | PPROVIDENCE-27                     | 2020-07-27 | 2020-09-03  |              24 |               24 |                  24 |                24 |
| C5/1/3/U2 | ROSHE-CAIMAN-27                    | 2020-07-27 | 2020-09-03  |              30 |               31 |                  30 |                30 |
| C5/1/3/U3 | HEAD-OFFICE | HO-27                | 2020-07-27 | 2020-09-03  |              19 |               20 |                  19 |                19 |
| C5/1/4/U0 | ANSE-ROYALE-27                     | 2020-07-27 | 2020-09-03  |             100 |              102 |                 100 |               102 |
| C5/1/4/U1 | GLACIS-2-57                        | 2020-07-27 | 2020-09-03  |              59 |               64 |                  59 |                60 |
| C5/1/4/U2 | NULL                               | 2020-07-27 | 2020-09-03  |             104 |              106 |                 104 |               104 |
| C5/1/4/U3 | GLACIS-1                           | 2020-07-27 | 2020-09-03  |              48 |               50 |                  48 |                48 |
| C6/0/1/U0 | SERRET-ROAD-RIGHT/CURIO/PASCAL     | 2020-07-27 | 2020-09-03  |             134 |              137 |                 134 |               134 |
| C6/0/1/U1 | SERRET-ROAD-LEFT/ST.LOUIS/TOWN     | 2020-07-27 | 2020-09-03  |             110 |              116 |                 111 |               112 |
| C6/0/1/U2 | SERRET-ROAD-RIGHT/CURIO/PASCAL-2   | 2020-07-27 | 2020-09-03  |             124 |              125 |                 124 |               125 |
| C6/0/1/U3 | SERRET-ROAD-LEFT/ST.LOUIS/TOWN-2   | 2020-07-27 | 2020-09-03  |             108 |              112 |                 108 |               109 |
| C6/0/2/U0 | SANS-SOUCIS-I                      | 2020-07-27 | 2020-09-03  |             111 |              112 |                 109 |               110 |
| C6/0/2/U1 | SANS-SOUCIS-II                     | 2020-07-27 | 2020-09-03  |             104 |              107 |                 104 |               107 |
| C6/0/2/U2 | BEL-AIR-27                         | 2020-07-27 | 2020-09-03  |             117 |              124 |                 117 |               121 |
| C6/0/2/U3 | BEL-AIR-38                         | 2020-07-27 | 2020-09-03  |              76 |               77 |                  76 |                76 |
| C6/0/3/U0 | LES-MAMELLES-23                    | 2020-07-27 | 2020-09-03  |              75 |               75 |                  75 |                76 |
| C6/0/3/U1 | VICTORIA-23                        | 2020-07-27 | 2020-09-03  |               9 |                9 |                   9 |                12 |
| C6/0/4/U0 | LES-MAMELLES-27                    | 2020-07-27 | 2020-09-03  |              82 |               82 |                  82 |                83 |
| C6/0/4/U1 | VICTORIA-27                        | 2020-07-27 | 2020-09-03  |              34 |               35 |                  35 |                36 |
| C7/1/0/U0 | LA-RETRAITE-23                     | 2020-07-27 | 2020-09-03  |             101 |              105 |                 102 |               102 |
| C7/1/0/U1 | TEA-FACTORY-23                     | 2020-07-27 | 2020-09-03  |              18 |               21 |                  20 |                22 |
| C7/1/0/U2 | PAS-23                             | 2020-07-27 | 2020-09-03  |              84 |               87 |                  84 |                87 |
| C7/1/1/U0 | REEF-ESTATE-23                     | 2020-07-27 | 2020-09-03  |              82 |               84 |                  82 |                83 |
| C7/1/2/U0 | LA-RETRAITE-27                     | 2020-07-27 | 2020-09-03  |              81 |               82 |                  81 |                84 |
| C7/1/2/U1 | TEA-FACTORY-27                     | 2020-07-27 | 2020-09-03  |              35 |               44 |                  36 |                37 |
| C7/1/2/U2 | PAS-27                             | 2020-07-27 | 2020-09-03  |             108 |              110 |                 108 |               110 |
| C7/1/3/U0 | MT-BUXTON-27                       | 2020-07-27 | 2020-09-03  |             165 |              167 |                 165 |               166 |
| C7/1/3/U1 | MT-BUXTON-23                       | 2020-07-27 | 2020-09-03  |              75 |               78 |                  76 |                76 |
| C7/1/4/U0 | REEF-ESTATE-27                     | 2020-07-27 | 2020-09-03  |              99 |              100 |                  99 |                99 |
| C8/0/0/U0 | POLICE-ACADEMY-1-27 - POINTE LARUE | 2020-07-27 | 2020-09-03  |             219 |              220 |                 219 |               219 |
| C8/0/0/U1 | NULL                               | 2020-07-27 | 2020-09-03  |             101 |              105 |                 101 |               103 |
| C8/0/1/U0 | NULL                               | 2020-07-27 | 2020-09-03  |             196 |              198 |                 195 |               196 |
| C8/0/1/U1 | POLICE-ACADEMY-2-27 - TURTLE BAY   | 2020-07-27 | 2020-09-03  |             160 |              164 |                 161 |               161 |
| C8/0/2/U0 | BEAU-VALLON-LEFT-1-57              | 2020-07-27 | 2020-09-03  |              29 |               29 |                  29 |                29 |
| C8/0/3/U1 | BEAU-VALLON-RIGHT-2-57             | 2020-07-27 | 2020-09-03  |              54 |               58 |                  54 |                54 |
| C8/1/0/U0 | MA-JOIE-NODE-27                    | 2020-07-27 | 2020-09-03  |              97 |               98 |                  97 |                97 |
| C8/1/0/U1 | BELONIE-27                         | 2020-07-27 | 2020-09-03  |             148 |              150 |                 147 |               150 |
| C8/1/0/U3 | MA-JOIE-NODE-23                    | 2020-07-27 | 2020-09-03  |             105 |              106 |                 104 |               105 |
| C8/1/1/U0 | 611-C1-ROJN I                      | 2020-07-27 | 2020-09-03  |             114 |              114 |                 114 |               115 |
| C8/1/1/U1 | 611-C5-ROJN II                     | 2020-07-27 | 2020-09-03  |             136 |              138 |                 136 |               136 |
| C8/1/2/U0 | 612-C2-ANSE-ETOILE                 | 2020-07-27 | 2020-09-03  |             132 |              132 |                 132 |               132 |
| C8/1/2/U1 | ANSE-ETOILE-U2                     | 2020-07-27 | 2020-09-03  |              71 |               73 |                  71 |                73 |
| C8/1/3/U0 | 613-C3-ANSE-GAULETTE I             | 2020-07-27 | 2020-09-03  |              73 |               77 |                  73 |                74 |
| C8/1/3/U1 | 613-C7-ANSE-GAULETTE II            | 2020-07-27 | 2020-09-03  |              70 |               74 |                  69 |                69 |
| C8/1/3/U2 | 613-C3-ANSE-GAULETTE III           | 2020-07-27 | 2020-09-03  |              35 |               38 |                  35 |                35 |
| C8/1/3/U3 | TAKAMAKA I                         | 2020-07-27 | 2020-09-03  |              99 |              102 |                  99 |               101 |
| C8/1/3/U4 | TAKAMAKA II                        | 2020-07-27 | 2020-09-03  |             102 |              104 |                 102 |               102 |
| C8/1/4/U0 | 614-BEOLIERE-NODE-1                | 2020-07-27 | 2020-09-03  |             122 |              128 |                 123 |               126 |
| C8/1/4/U1 | 614-BEOLIERE-NODE-2                | 2020-07-27 | 2020-09-03  |             101 |              101 |                 101 |               104 |
+-----------+------------------------------------+------------+-------------+-----------------+------------------+---------------------+-------------------+
68 rows in set (0.17 sec)

+-----------------------+------------+-------------+-----------------+------------------+----------------------+-------------------+
| MXK_NAME              | MXK_DATE   | INSERTED_ON | UNIQUE_ACCOUNTS | UNIQUE_CONTRACTS | UNIQUE_FSAN_INRCBOSS | UNIQUE_FSAN_INMXK |
+-----------------------+------------+-------------+-----------------+------------------+----------------------+-------------------+
| NULL                  | NULL       | 2020-09-03  |             784 |              796 |                  786 |                 0 |
| MXK-MAHE-ANSEETOILE   | 2020-07-27 | 2020-09-03  |             379 |              383 |                  382 |               398 |
| MXK-MAHE-ANSEROYALE   | 2020-07-27 | 2020-09-03  |             174 |              174 |                  173 |               198 |
| MXK-MAHE-BEAUVALLON-1 | 2020-07-27 | 2020-09-03  |            1809 |             1832 |                 1823 |              1919 |
| MXK-MAHE-BEAUVALLON-2 | 2020-07-27 | 2020-09-03  |              26 |               26 |                   26 |                30 |
| MXK-MAHE-PERSEVERANCE | 2020-07-27 | 2020-09-03  |            1058 |             1069 |                 1070 |              1241 |
| MXK-MAHE-PROVIDENCE   | 2020-07-27 | 2020-09-03  |             989 |             1017 |                  948 |              1192 |
| MXK-PRASLIN-GRANDANSE | 2020-07-27 | 2020-09-03  |            1301 |             1305 |                 1298 |              1514 |
+-----------------------+------------+-------------+-----------------+------------------+----------------------+-------------------+
8 rows in set (0.06 sec)

mysql> mysql \. C:\workspace\cloud\code\sql\_DailyScript\currenttime.sql
+---------------------+
| currenttime         |
+---------------------+
| 2020-09-03 15:42:28 |
+---------------------+
1 row in set (0.00 sec)

mysql> 
mysql> 
mysql> mysql \. C:\workspace\cloud\code\sql\Analysis\service_tickets_assignments.sql
Query OK, 0 rows affected (0.03 sec)

Query OK, 76699 rows affected (12.35 sec)
Records: 76699  Duplicates: 0  Warnings: 0

+-------------------------+
| rep_servicetickets_2020 |
+-------------------------+
|                   76699 |
+-------------------------+
1 row in set (2.01 sec)

mysql> mysql \. C:\workspace\cloud\code\sql\_DailyScript\currenttime.sql
+---------------------+
| currenttime         |
+---------------------+
| 2020-09-03 15:42:42 |
+---------------------+
1 row in set (0.00 sec)

mysql> 
mysql> 
mysql> exit
