    -> 
    -> mysql \. C:\workspace\cloud\code\sql\_DailyScript\_setdates.sql
Query OK, 0 rows affected (0.01 sec)

Query OK, 0 rows affected (2.16 sec)

Database changed
Query OK, 0 rows affected (0.00 sec)

Query OK, 0 rows affected (0.00 sec)

Query OK, 0 rows affected (0.00 sec)

Query OK, 0 rows affected (0.00 sec)

Query OK, 0 rows affected (0.00 sec)

Query OK, 0 rows affected (0.00 sec)

Query OK, 0 rows affected (0.00 sec)

Query OK, 0 rows affected (0.00 sec)

Query OK, 0 rows affected (0.00 sec)

Query OK, 0 rows affected (0.00 sec)

Query OK, 0 rows affected (0.00 sec)

Query OK, 0 rows affected (0.00 sec)

Query OK, 0 rows affected (0.00 sec)

Query OK, 0 rows affected (0.00 sec)

Query OK, 0 rows affected (0.00 sec)

Query OK, 0 rows affected (0.00 sec)

Query OK, 0 rows affected (0.00 sec)

Query OK, 0 rows affected (0.00 sec)

Query OK, 0 rows affected (0.00 sec)

Query OK, 0 rows affected (0.00 sec)

Query OK, 0 rows affected (0.00 sec)

Query OK, 0 rows affected (0.00 sec)

mysql> mysql \. C:\workspace\cloud\code\sql\_DailyScript\currenttime.sql
+---------------------+
| currenttime         |
+---------------------+
| 2022-11-30 16:57:06 |
+---------------------+
1 row in set (0.00 sec)

mysql> 
mysql> mysql \. C:\workspace\cloud\code\sql\_DailyScript\load_RCB_VODTITLES.sql
Database changed
Query OK, 0 rows affected (0.00 sec)

Query OK, 19808 rows affected (0.34 sec)

Query OK, 19811 rows affected, 19811 warnings (0.46 sec)
Records: 19811  Deleted: 0  Skipped: 0  Warnings: 19811

Query OK, 0 rows affected (0.00 sec)

Query OK, 2 rows affected (0.02 sec)

+-----------+
| VODTITLES |
+-----------+
|     20269 |
+-----------+
1 row in set (0.01 sec)

+-----------+-----------+
| titletype | typecount |
+-----------+-----------+
| E         |     16800 |
| N         |       245 |
| T         |      2764 |
| NULL      |     19809 |
+-----------+-----------+
4 rows in set (0.05 sec)

mysql> mysql \. C:\workspace\cloud\code\sql\_DailyScript\currenttime.sql
+---------------------+
| currenttime         |
+---------------------+
| 2022-11-30 16:57:07 |
+---------------------+
1 row in set (0.00 sec)

mysql> 
mysql> 
mysql> 
mysql> 
mysql> 
mysql> 
mysql> 
mysql> 
mysql> 
mysql> 
mysql> 
mysql> 
mysql> 
mysql> 
mysql> 
mysql> 
mysql> 
mysql> mysql \. C:\workspace\cloud\code\sql\_DailyScript\GetActiveNumbers Average -Pivot.sql
Database changed
+-------------------------------------+
| @today := subdate(current_date(),1) |
+-------------------------------------+
| 2022-11-29                          |
+-------------------------------------+
1 row in set (0.00 sec)

+-------------------------------------+
| @lastdayofmonth := last_day(@today) |
+-------------------------------------+
| 2022-11-30                          |
+-------------------------------------+
1 row in set (0.00 sec)

Query OK, 0 rows affected (0.02 sec)

Query OK, 59946 rows affected, 65535 warnings (1 min 14.36 sec)
Records: 59946  Duplicates: 0  Warnings: 123014

Query OK, 0 rows affected (0.13 sec)
Records: 0  Duplicates: 0  Warnings: 0

Query OK, 0 rows affected (0.18 sec)
Records: 0  Duplicates: 0  Warnings: 0

Query OK, 0 rows affected (0.14 sec)
Records: 0  Duplicates: 0  Warnings: 0

+-----------------+
| activenumberavg |
+-----------------+
|           59946 |
+-----------------+
1 row in set (0.02 sec)

Query OK, 0 rows affected (0.01 sec)

Query OK, 2033 rows affected (0.65 sec)
Records: 2033  Duplicates: 0  Warnings: 0

+---------------------+
| rep_activenumberavg |
+---------------------+
|                2033 |
+---------------------+
1 row in set (0.00 sec)

+----------------------+
| rep_activenumberavg1 |
+----------------------+
|                  943 |
+----------------------+
1 row in set (0.00 sec)

Query OK, 0 rows affected (0.01 sec)

Query OK, 3217 rows affected (0.55 sec)
Records: 3217  Duplicates: 0  Warnings: 0

Query OK, 0 rows affected (0.01 sec)

Query OK, 16840 rows affected (1.03 sec)
Records: 16840  Duplicates: 0  Warnings: 0

Query OK, 0 rows affected (0.00 sec)

Query OK, 294 rows affected (0.34 sec)
Records: 294  Duplicates: 0  Warnings: 0

Query OK, 0 rows affected (0.00 sec)

Query OK, 0 rows affected (0.01 sec)

Query OK, 0 rows affected (0.01 sec)

Query OK, 0 rows affected (0.00 sec)

Query OK, 0 rows affected (0.00 sec)
Statement prepared

Query OK, 53 rows affected (0.07 sec)
Records: 53  Duplicates: 0  Warnings: 0

Query OK, 0 rows affected (0.00 sec)

Query OK, 0 rows affected (0.00 sec)

+----------------------+
| rep_activenumberavg2 |
+----------------------+
|                 3217 |
+----------------------+
1 row in set (0.00 sec)

+------------------------+
| rep_activenumberavg_pv |
+------------------------+
|                     53 |
+------------------------+
1 row in set (0.00 sec)

Query OK, 0 rows affected (0.00 sec)

Query OK, 3214 rows affected (0.46 sec)
Records: 3214  Duplicates: 0  Warnings: 0

Query OK, 0 rows affected (0.00 sec)

Query OK, 0 rows affected (0.01 sec)

Query OK, 0 rows affected (0.01 sec)

Query OK, 0 rows affected (0.00 sec)

Query OK, 0 rows affected (0.00 sec)
Statement prepared

Query OK, 53 rows affected (0.07 sec)
Records: 53  Duplicates: 0  Warnings: 0

Query OK, 0 rows affected (0.00 sec)

Query OK, 0 rows affected (0.00 sec)

+-------------------------+
| rep_activenumberavgMahe |
+-------------------------+
|                    3214 |
+-------------------------+
1 row in set (0.00 sec)

+----------------------------+
| rep_activenumberavgMahe_pv |
+----------------------------+
|                         53 |
+----------------------------+
1 row in set (0.00 sec)

Query OK, 0 rows affected (0.01 sec)

Query OK, 2032 rows affected (0.20 sec)
Records: 2032  Duplicates: 0  Warnings: 0

Query OK, 0 rows affected (0.00 sec)

Query OK, 0 rows affected (0.00 sec)

Query OK, 0 rows affected (0.01 sec)

Query OK, 0 rows affected (0.00 sec)

Query OK, 0 rows affected (0.00 sec)
Statement prepared

Query OK, 41 rows affected (0.05 sec)
Records: 41  Duplicates: 0  Warnings: 0

Query OK, 0 rows affected (0.00 sec)

Query OK, 0 rows affected (0.00 sec)

+----------------------------+
| rep_activenumberavgPraslin |
+----------------------------+
|                       2032 |
+----------------------------+
1 row in set (0.00 sec)

+-------------------------------+
| rep_activenumberavgPraslin_pv |
+-------------------------------+
|                            41 |
+-------------------------------+
1 row in set (0.00 sec)

mysql> mysql \. C:\workspace\cloud\code\sql\_DailyScript\currenttime.sql
+---------------------+
| currenttime         |
+---------------------+
| 2022-11-30 16:58:26 |
+---------------------+
1 row in set (0.00 sec)

mysql> 
mysql> mysql \. C:\workspace\cloud\code\sql\Analysis\clients_contracts_creditpolicy_2.sql
Database changed
Query OK, 0 rows affected, 1 warning (0.00 sec)

Query OK, 2034285 rows affected (1 min 7.12 sec)
Records: 2034285  Duplicates: 0  Warnings: 0

Query OK, 0 rows affected, 1 warning (0.00 sec)

Query OK, 26155 rows affected (1.66 sec)
Records: 26155  Duplicates: 0  Warnings: 0

Query OK, 0 rows affected (0.01 sec)

Query OK, 26252 rows affected (31.38 sec)
Records: 26252  Duplicates: 0  Warnings: 0

+-------------------------+
| rep_cust_cont_creditpol |
+-------------------------+
|                   26252 |
+-------------------------+
1 row in set (0.01 sec)

mysql> mysql \. C:\workspace\cloud\code\sql\_DailyScript\currenttime.sql
+---------------------+
| currenttime         |
+---------------------+
| 2022-11-30 17:00:06 |
+---------------------+
1 row in set (0.00 sec)

mysql> 
mysql> mysql \. C:\workspace\cloud\code\sql\_DailyScript\budget_actual_analysis_2022.sql
Query OK, 0 rows affected (0.01 sec)

Query OK, 933 rows affected, 3 warnings (0.28 sec)
Records: 933  Duplicates: 0  Warnings: 3

+--------------------+
| budget_actual_2022 |
+--------------------+
|                933 |
+--------------------+
1 row in set (0.00 sec)

Query OK, 0 rows affected (0.01 sec)

Query OK, 47 rows affected (0.04 sec)
Records: 47  Duplicates: 0  Warnings: 0

+---------------------------+
| rep_budget_actual_2022_pv |
+---------------------------+
|                        47 |
+---------------------------+
1 row in set (0.00 sec)

mysql> mysql \. C:\workspace\cloud\code\sql\_DailyScript\currenttime.sql
+---------------------+
| currenttime         |
+---------------------+
| 2022-11-30 17:00:06 |
+---------------------+
1 row in set (0.00 sec)

mysql> 
mysql> mysql \. C:\workspace\cloud\code\sql\_DailyScript\reports-sales-addons-prepaid-camera.sql
Database changed
Query OK, 0 rows affected (0.01 sec)

Query OK, 4490 rows affected (0.23 sec)
Records: 4490  Duplicates: 0  Warnings: 0

Query OK, 0 rows affected (0.01 sec)

Query OK, 30162 rows affected (31.09 sec)
Records: 30162  Duplicates: 0  Warnings: 0

+--------------------+
| rep_prepaid_camera |
+--------------------+
|               4490 |
+--------------------+
1 row in set (0.01 sec)

+-----------+
| rep_addon |
+-----------+
|     30162 |
+-----------+
1 row in set (0.01 sec)

mysql> mysql \. C:\workspace\cloud\code\sql\_DailyScript\currenttime.sql
+---------------------+
| currenttime         |
+---------------------+
| 2022-11-30 17:00:38 |
+---------------------+
1 row in set (0.00 sec)

mysql> 
mysql> mysql \. C:\workspace\cloud\code\sql\Analysis\addon_package_sales2.sql
Query OK, 0 rows affected (0.00 sec)

Query OK, 0 rows affected (0.00 sec)

Query OK, 0 rows affected (0.00 sec)

+------------+
| @startdate |
+------------+
| 2016-05-01 |
+------------+
1 row in set (0.00 sec)

+------------+
| @enddate   |
+------------+
| 2022-11-29 |
+------------+
1 row in set (0.00 sec)

+------------------------+
| IN ADDON PACKAGE SALES |
+------------------------+
| IN ADDON PACKAGE SALES |
+------------------------+
1 row in set (0.00 sec)

Query OK, 0 rows affected (0.00 sec)

Query OK, 0 rows affected (0.04 sec)

Query OK, 2801 rows affected (7 min 16.54 sec)
Records: 2801  Duplicates: 0  Warnings: 0

+-----------------+
| message         |
+-----------------+
| table A created |
+-----------------+
1 row in set (0.00 sec)

Query OK, 0 rows affected (0.02 sec)

Query OK, 2801 rows affected (0.43 sec)
Records: 2801  Duplicates: 0  Warnings: 0

Query OK, 0 rows affected (0.01 sec)

+------------------------+
| rep_newfirstactive_vod |
+------------------------+
|                   2801 |
+------------------------+
1 row in set (0.00 sec)

Query OK, 0 rows affected (0.00 sec)

Query OK, 0 rows affected, 1 warning (0.00 sec)

Query OK, 6899 rows affected (8 min 25.31 sec)
Records: 6899  Duplicates: 0  Warnings: 0

+-----------------+
| message         |
+-----------------+
| table A created |
+-----------------+
1 row in set (0.00 sec)

Query OK, 0 rows affected (0.02 sec)

Query OK, 6899 rows affected (1.46 sec)
Records: 6899  Duplicates: 0  Warnings: 0

Query OK, 0 rows affected (0.89 sec)

+------------------------+
| rep_newfirstactive_int |
+------------------------+
|                   6899 |
+------------------------+
1 row in set (0.00 sec)

Query OK, 0 rows affected (0.00 sec)

Query OK, 0 rows affected, 1 warning (0.00 sec)

Query OK, 406 rows affected (17.48 sec)
Records: 406  Duplicates: 0  Warnings: 0

+-----------------+
| message         |
+-----------------+
| table A created |
+-----------------+
1 row in set (0.00 sec)

Query OK, 0 rows affected (0.01 sec)

Query OK, 406 rows affected (0.06 sec)
Records: 406  Duplicates: 0  Warnings: 0

Query OK, 0 rows affected (0.00 sec)

+-----------------------+
| rep_newfirstactive_dv |
+-----------------------+
|                   406 |
+-----------------------+
1 row in set (0.00 sec)

Query OK, 0 rows affected (0.00 sec)

Query OK, 0 rows affected, 1 warning (0.00 sec)

Query OK, 41 rows affected (0.33 sec)
Records: 41  Duplicates: 0  Warnings: 0

+-----------------+
| message         |
+-----------------+
| table A created |
+-----------------+
1 row in set (0.00 sec)

Query OK, 0 rows affected (0.01 sec)

Query OK, 41 rows affected (0.03 sec)
Records: 41  Duplicates: 0  Warnings: 0

Query OK, 0 rows affected (0.01 sec)

+-----------------------+
| rep_newfirstactive_mv |
+-----------------------+
|                    41 |
+-----------------------+
1 row in set (0.00 sec)

Query OK, 0 rows affected (0.00 sec)

Query OK, 0 rows affected, 1 warning (0.00 sec)

Query OK, 807 rows affected (43.58 sec)
Records: 807  Duplicates: 0  Warnings: 0

+-----------------+
| message         |
+-----------------+
| table A created |
+-----------------+
1 row in set (0.00 sec)

Query OK, 0 rows affected (0.05 sec)

Query OK, 807 rows affected (0.10 sec)
Records: 807  Duplicates: 0  Warnings: 0

Query OK, 0 rows affected (0.02 sec)

+------------------------+
| rep_newfirstactive_igo |
+------------------------+
|                    807 |
+------------------------+
1 row in set (0.00 sec)

mysql> mysql \. C:\workspace\cloud\code\sql\_DailyScript\currenttime.sql
+---------------------+
| currenttime         |
+---------------------+
| 2022-11-30 17:17:24 |
+---------------------+
1 row in set (0.00 sec)

mysql> 
mysql> mysql \. C:\workspace\cloud\code\sql\_DailyScript\RCB_ClientAnalyticsReport_Script.sql
Database changed
Query OK, 0 rows affected (0.00 sec)

Query OK, 0 rows affected (1.39 sec)

Query OK, 2318948 rows affected (1 min 43.89 sec)
Records: 2318948  Duplicates: 0  Warnings: 0

Query OK, 0 rows affected (25.90 sec)
Records: 0  Duplicates: 0  Warnings: 0

Query OK, 0 rows affected (7.51 sec)
Records: 0  Duplicates: 0  Warnings: 0

Query OK, 0 rows affected (11.64 sec)
Records: 0  Duplicates: 0  Warnings: 0

Query OK, 0 rows affected (12.51 sec)
Records: 0  Duplicates: 0  Warnings: 0

Query OK, 0 rows affected (10.79 sec)
Records: 0  Duplicates: 0  Warnings: 0

Query OK, 0 rows affected (11.88 sec)
Records: 0  Duplicates: 0  Warnings: 0

Query OK, 0 rows affected (13.47 sec)
Records: 0  Duplicates: 0  Warnings: 0

Query OK, 0 rows affected (9.46 sec)
Records: 0  Duplicates: 0  Warnings: 0

Query OK, 0 rows affected (0.00 sec)

Query OK, 532519 rows affected, 29568 warnings (26.55 sec)
Rows matched: 2318948  Changed: 532519  Warnings: 29568

Query OK, 0 rows affected (0.07 sec)

Query OK, 26670 rows affected (22.85 sec)
Records: 26670  Duplicates: 0  Warnings: 0

+---------------------+
| clientcontractssubs |
+---------------------+
|               26670 |
+---------------------+
1 row in set (0.01 sec)

Query OK, 0 rows affected (0.05 sec)

Query OK, 47085 rows affected (35.98 sec)
Records: 47085  Duplicates: 0  Warnings: 0

Query OK, 0 rows affected (0.19 sec)
Records: 0  Duplicates: 0  Warnings: 0

Query OK, 0 rows affected (0.17 sec)
Records: 0  Duplicates: 0  Warnings: 0

Query OK, 0 rows affected (0.11 sec)
Records: 0  Duplicates: 0  Warnings: 0

+-----------------------+
| clientcontracthistory |
+-----------------------+
|                 47085 |
+-----------------------+
1 row in set (0.01 sec)

Query OK, 0 rows affected (0.20 sec)

Query OK, 3243610 rows affected (1 min 49.72 sec)
Records: 3243610  Duplicates: 0  Warnings: 0

Query OK, 0 rows affected, 1 warning (0.00 sec)

Query OK, 480132 rows affected (1 min 50.87 sec)
Records: 480132  Duplicates: 0  Warnings: 0

Query OK, 0 rows affected, 1 warning (0.00 sec)

Query OK, 506471 rows affected (1 min 9.07 sec)
Records: 506471  Duplicates: 0  Warnings: 0

Query OK, 0 rows affected (0.03 sec)

Query OK, 525040 rows affected (31.47 sec)
Records: 525040  Duplicates: 0  Warnings: 0

Query OK, 0 rows affected (0.43 sec)

Query OK, 0 rows affected (0.29 sec)

Query OK, 0 rows affected (1.62 sec)
Records: 0  Duplicates: 0  Warnings: 0

Query OK, 0 rows affected (1.01 sec)
Records: 0  Duplicates: 0  Warnings: 0

Query OK, 0 rows affected (2.08 sec)
Records: 0  Duplicates: 0  Warnings: 0

Query OK, 0 rows affected (1.10 sec)
Records: 0  Duplicates: 0  Warnings: 0

+--------------------------+
| clientcontractinvpmt_stg |
+--------------------------+
|                   525040 |
+--------------------------+
1 row in set (0.14 sec)

Query OK, 0 rows affected (0.12 sec)

Query OK, 525040 rows affected (16.81 sec)
Records: 525040  Duplicates: 0  Warnings: 0

Query OK, 0 rows affected (2.49 sec)
Records: 0  Duplicates: 0  Warnings: 0

Query OK, 0 rows affected (1.17 sec)
Records: 0  Duplicates: 0  Warnings: 0

Query OK, 0 rows affected (2.46 sec)
Records: 0  Duplicates: 0  Warnings: 0

Query OK, 0 rows affected (1.18 sec)
Records: 0  Duplicates: 0  Warnings: 0

+----------------------+
| clientcontractinvpmt |
+----------------------+
|               525040 |
+----------------------+
1 row in set (0.13 sec)

Query OK, 0 rows affected (0.03 sec)

Query OK, 47085 rows affected (1 min 31.10 sec)
Records: 47085  Duplicates: 0  Warnings: 0

+--------------+
| clientreport |
+--------------+
|        47085 |
+--------------+
1 row in set (0.01 sec)

Query OK, 0 rows affected (0.01 sec)

Query OK, 47085 rows affected (21.46 sec)
Records: 47085  Duplicates: 0  Warnings: 0

+----------------------+
| clientextendedreport |
+----------------------+
|                47085 |
+----------------------+
1 row in set (0.01 sec)

Query OK, 0 rows affected, 1 warning (0.00 sec)

Query OK, 47085 rows affected (0.96 sec)
Records: 47085  Duplicates: 0  Warnings: 0

Query OK, 0 rows affected, 1 warning (0.00 sec)

Query OK, 31465 rows affected (3 min 26.81 sec)
Records: 31465  Duplicates: 0  Warnings: 0

Query OK, 0 rows affected (0.01 sec)

Query OK, 47085 rows affected (1.26 sec)
Records: 47085  Duplicates: 0  Warnings: 0

Query OK, 0 rows affected (0.03 sec)

Query OK, 0 rows affected (0.01 sec)

+---------+
| allcust |
+---------+
|   47085 |
+---------+
1 row in set (0.01 sec)

Query OK, 0 rows affected, 1 warning (0.00 sec)

Query OK, 5000 rows affected (0.25 sec)
Records: 5000  Duplicates: 0  Warnings: 0

Query OK, 0 rows affected (0.01 sec)

Query OK, 6629 rows affected (0.49 sec)
Records: 6629  Duplicates: 0  Warnings: 0

Query OK, 0 rows affected, 1 warning (0.00 sec)

Query OK, 5000 rows affected (0.17 sec)
Records: 5000  Duplicates: 0  Warnings: 0

Query OK, 0 rows affected (0.01 sec)

Query OK, 7040 rows affected (0.23 sec)
Records: 7040  Duplicates: 0  Warnings: 0

mysql> mysql \. C:\workspace\cloud\code\sql\_DailyScript\currenttime.sql
+---------------------+
| currenttime         |
+---------------------+
| 2022-11-30 17:33:34 |
+---------------------+
1 row in set (0.00 sec)

mysql> 
mysql> mysql \. C:\workspace\cloud\code\sql\_DailyScript\REVENUE_PER_NODE_MXK_2022.sql
Query OK, 0 rows affected, 1 warning (0.00 sec)

Query OK, 0 rows affected, 1 warning (0.00 sec)

Query OK, 0 rows affected, 1 warning (0.00 sec)

Query OK, 16008 rows affected (6.51 sec)
Records: 16008  Duplicates: 0  Warnings: 0

+----------------------+
| message              |
+----------------------+
| created temp table a |
+----------------------+
1 row in set (0.00 sec)

Query OK, 11997 rows affected (1.66 sec)
Records: 11997  Duplicates: 0  Warnings: 0

+----------------------+
| message              |
+----------------------+
| created temp table b |
+----------------------+
1 row in set (0.00 sec)

Query OK, 0 rows affected, 1 warning (0.00 sec)

Query OK, 16769 rows affected (1 min 13.93 sec)
Records: 16769  Duplicates: 0  Warnings: 0

+--------------------------------+
| message                        |
+--------------------------------+
| created rcbill_my.tempcustmxk1 |
+--------------------------------+
1 row in set (0.00 sec)

Query OK, 0 rows affected (0.02 sec)

Query OK, 0 rows affected (0.01 sec)

Query OK, 0 rows affected, 1 warning (0.00 sec)

Query OK, 16008 rows affected (4.63 sec)
Records: 16008  Duplicates: 0  Warnings: 0

+----------------+
| message        |
+----------------+
| created temp a |
+----------------+
1 row in set (0.00 sec)

Query OK, 11997 rows affected (1.26 sec)
Records: 11997  Duplicates: 0  Warnings: 0

+----------------+
| message        |
+----------------+
| created temp b |
+----------------+
1 row in set (0.00 sec)

Query OK, 0 rows affected, 1 warning (0.00 sec)

Query OK, 12165 rows affected (37.77 sec)
Records: 12165  Duplicates: 0  Warnings: 0

+--------------------------------+
| message                        |
+--------------------------------+
| created rcbill_my.tempcustmxk2 |
+--------------------------------+
1 row in set (0.00 sec)

Query OK, 0 rows affected (0.01 sec)

Query OK, 0 rows affected (0.00 sec)

Query OK, 0 rows affected, 1 warning (0.00 sec)

Query OK, 0 rows affected (0.01 sec)

Query OK, 17815 rows affected (0.84 sec)
Records: 17815  Duplicates: 0  Warnings: 0

+---------------------------------+
| message                         |
+---------------------------------+
| created rcbill_my.customers_mxk |
+---------------------------------+
1 row in set (0.00 sec)

Query OK, 0 rows affected (0.01 sec)

Query OK, 0 rows affected (0.01 sec)

Query OK, 25352 rows affected (7.19 sec)
Records: 25352  Duplicates: 0  Warnings: 0

+----------------+
| message        |
+----------------+
| created temp a |
+----------------+
1 row in set (0.00 sec)

Query OK, 11900 rows affected (2.12 sec)
Records: 11900  Duplicates: 0  Warnings: 0

+----------------+
| message        |
+----------------+
| created temp c |
+----------------+
1 row in set (0.00 sec)

Query OK, 0 rows affected, 1 warning (0.00 sec)

Query OK, 33239 rows affected (0.60 sec)
Records: 33239  Duplicates: 0  Warnings: 0

+---------------------------------+
| message                         |
+---------------------------------+
| created rcbill_my.tempcustcmts1 |
+---------------------------------+
1 row in set (0.00 sec)

Query OK, 0 rows affected (0.01 sec)

Query OK, 0 rows affected, 1 warning (0.00 sec)

Query OK, 0 rows affected (0.01 sec)

Query OK, 25352 rows affected (6.88 sec)
Records: 25352  Duplicates: 0  Warnings: 0

+----------------+
| message        |
+----------------+
| created temp a |
+----------------+
1 row in set (0.00 sec)

Query OK, 11900 rows affected (1.70 sec)
Records: 11900  Duplicates: 0  Warnings: 0

+----------------+
| message        |
+----------------+
| created temp c |
+----------------+
1 row in set (0.00 sec)

Query OK, 0 rows affected, 1 warning (0.00 sec)

Query OK, 12174 rows affected (0.26 sec)
Records: 12174  Duplicates: 0  Warnings: 0

+---------------------------------+
| message                         |
+---------------------------------+
| created rcbill_my.tempcustcmts2 |
+---------------------------------+
1 row in set (0.00 sec)

Query OK, 0 rows affected (0.01 sec)

Query OK, 0 rows affected, 1 warning (0.00 sec)

Query OK, 0 rows affected (0.01 sec)

Query OK, 0 rows affected (0.08 sec)

Query OK, 25392 rows affected (1.16 sec)
Records: 25392  Duplicates: 0  Warnings: 0

+----------------------------------+
| message                          |
+----------------------------------+
| created rcbill_my.customers_cmts |
+----------------------------------+
1 row in set (0.00 sec)

Query OK, 0 rows affected (0.01 sec)

Query OK, 0 rows affected (0.01 sec)

Query OK, 0 rows affected (0.02 sec)

Query OK, 33028 rows affected (1.16 sec)
Records: 33028  Duplicates: 0  Warnings: 0

+--------------------------------------+
| message                              |
+--------------------------------------+
| created rcbill_my.customers_cmts_mxk |
+--------------------------------------+
1 row in set (0.00 sec)

Query OK, 558448 rows affected (1 min 6.47 sec)
Records: 558448  Duplicates: 0  Warnings: 0

+----------------+
| message        |
+----------------+
| created temp a |
+----------------+
1 row in set (0.00 sec)

Query OK, 0 rows affected (0.03 sec)

Query OK, 562302 rows affected (10.72 sec)
Records: 562302  Duplicates: 0  Warnings: 0

+------------------------------------------------+
| message                                        |
+------------------------------------------------+
| created rcbill_my.customers_contracts_cmts_mxk |
+------------------------------------------------+
1 row in set (0.00 sec)

Query OK, 0 rows affected (0.04 sec)

Query OK, 0 rows affected, 1 warning (0.00 sec)

Query OK, 0 rows affected, 1 warning (0.00 sec)

Query OK, 0 rows affected (0.00 sec)

Query OK, 10936 rows affected (2.25 sec)
Rows matched: 10936  Changed: 10936  Warnings: 0

+------------------------------------------------+
| message                                        |
+------------------------------------------------+
| updated rcbill_my.customers_contracts_cmts_mxk |
+------------------------------------------------+
1 row in set (0.00 sec)

Query OK, 0 rows affected (0.11 sec)

Query OK, 2529661 rows affected (4 min 22.66 sec)
Records: 2529661  Duplicates: 0  Warnings: 0

+----------------------------------------+
| message                                |
+----------------------------------------+
| created rcbill_my.customers_collection |
+----------------------------------------+
1 row in set (0.00 sec)

Query OK, 0 rows affected (0.11 sec)

Query OK, 3025235 rows affected (2 min 50.97 sec)
Records: 3025235  Duplicates: 0  Warnings: 0

+------------------------------------------------+
| message                                        |
+------------------------------------------------+
| created rcbill_my.customers_cmts_mxk_cont_coll |
+------------------------------------------------+
1 row in set (0.00 sec)

Query OK, 0 rows affected (0.07 sec)

Query OK, 506471 rows affected (3 min 56.34 sec)
Records: 506471  Duplicates: 0  Warnings: 0

+--------------------------------------------------------+
| message                                                |
+--------------------------------------------------------+
| created rcbill_my.customers_contracts_collection_pivot |
+--------------------------------------------------------+
1 row in set (0.00 sec)

Query OK, 0 rows affected (0.06 sec)

Query OK, 43054 rows affected (3 min 28.75 sec)
Records: 43054  Duplicates: 0  Warnings: 0

+----------------------------------------------+
| message                                      |
+----------------------------------------------+
| created rcbill_my.customers_collection_pivot |
+----------------------------------------------+
1 row in set (0.00 sec)

Query OK, 0 rows affected (0.02 sec)

Query OK, 47085 rows affected (3.31 sec)
Records: 47085  Duplicates: 0  Warnings: 0

+--------------------------------------------+
| message                                    |
+--------------------------------------------+
| created rcbill_my.rep_customers_collection |
+--------------------------------------------+
1 row in set (0.00 sec)

Query OK, 0 rows affected (0.00 sec)

Query OK, 0 rows affected, 1 warning (0.00 sec)

Query OK, 516764 rows affected (13.41 sec)
Records: 516764  Duplicates: 0  Warnings: 0

+-------------------------+
| message                 |
+-------------------------+
| created rcbill_my.tempa |
+-------------------------+
1 row in set (0.00 sec)

Query OK, 0 rows affected, 1 warning (0.00 sec)

Query OK, 506471 rows affected (1 min 26.24 sec)
Records: 506471  Duplicates: 0  Warnings: 0

+-------------------------+
| message                 |
+-------------------------+
| created rcbill_my.tempb |
+-------------------------+
1 row in set (0.00 sec)

Query OK, 516764 rows affected (1 min 30.64 sec)
Records: 516764  Duplicates: 0  Warnings: 0

+-----------+
| message   |
+-----------+
| created a |
+-----------+
1 row in set (0.00 sec)

Query OK, 506576 rows affected (1 min 37.04 sec)
Records: 506576  Duplicates: 0  Warnings: 0

+-----------+
| message   |
+-----------+
| created b |
+-----------+
1 row in set (0.00 sec)

Query OK, 0 rows affected (0.04 sec)

Query OK, 0 rows affected (0.05 sec)

Query OK, 0 rows affected (0.06 sec)

Query OK, 553976 rows affected (2 min 11.70 sec)
Records: 553976  Duplicates: 0  Warnings: 0

+----------------------------------------------+
| message                                      |
+----------------------------------------------+
| created rcbill_my.cust_cont_payment_cmts_mxk |
+----------------------------------------------+
1 row in set (0.00 sec)

Query OK, 0 rows affected (0.04 sec)

Query OK, 0 rows affected (0.02 sec)

Query OK, 0 rows affected, 1 warning (0.00 sec)

Query OK, 0 rows affected (0.01 sec)

Query OK, 47085 rows affected (44.35 sec)
Records: 47085  Duplicates: 0  Warnings: 0

+--------------------------------------------------+
| message                                          |
+--------------------------------------------------+
| created rcbill_my.rep_cust_cont_payment_cmts_mxk |
+--------------------------------------------------+
1 row in set (0.00 sec)

Query OK, 0 rows affected, 1 warning (0.00 sec)

Query OK, 0 rows affected, 1 warning (0.00 sec)

Query OK, 0 rows affected (0.01 sec)

Query OK, 47085 rows affected (11.05 sec)
Records: 47085  Duplicates: 0  Warnings: 0

+----------------------+
| rep_custconsolidated |
+----------------------+
|                47085 |
+----------------------+
1 row in set (0.01 sec)

Query OK, 0 rows affected (0.01 sec)

Query OK, 37 rows affected (0.13 sec)
Records: 37  Duplicates: 0  Warnings: 0

+---------------------------------------+
| rep_activecustomerdistribution_level1 |
+---------------------------------------+
|                                    37 |
+---------------------------------------+
1 row in set (0.00 sec)

Query OK, 0 rows affected (0.01 sec)

Query OK, 218 rows affected (0.13 sec)
Records: 218  Duplicates: 0  Warnings: 0

+---------------------------------------+
| rep_activecustomerdistribution_level2 |
+---------------------------------------+
|                                   218 |
+---------------------------------------+
1 row in set (0.00 sec)

Query OK, 0 rows affected (0.01 sec)

Query OK, 47085 rows affected (22.53 sec)
Records: 47085  Duplicates: 0  Warnings: 0

+------------------------------+
| rep_custaddressparcelsprefix |
+------------------------------+
|                        47085 |
+------------------------------+
1 row in set (0.01 sec)

Query OK, 0 rows affected (0.01 sec)

Query OK, 14524 rows affected (8.15 sec)
Records: 14524  Duplicates: 0  Warnings: 0

+-------------------------------------+
| rep_residentialcustomers_tillasleep |
+-------------------------------------+
|                               14524 |
+-------------------------------------+
1 row in set (0.01 sec)

Query OK, 0 rows affected (0.01 sec)

+------------------------------------+
| message                            |
+------------------------------------+
| creating rcbill_my.rep_custextract |
+------------------------------------+
1 row in set (0.00 sec)

Query OK, 47085 rows affected (1.51 sec)
Records: 47085  Duplicates: 0  Warnings: 0

+-----------------+
| rep_custextract |
+-----------------+
|           47085 |
+-----------------+
1 row in set (0.01 sec)

Query OK, 0 rows affected (0.00 sec)

Query OK, 0 rows affected (0.01 sec)

+----------------------------------------------+
| message                                      |
+----------------------------------------------+
| creating rcbill_my.retentioncustomeractivity |
+----------------------------------------------+
1 row in set (0.00 sec)

Query OK, 1204 rows affected (0.11 sec)
Records: 1204  Duplicates: 0  Warnings: 0

+---------------------------+
| retentioncustomeractivity |
+---------------------------+
|                      1204 |
+---------------------------+
1 row in set (0.00 sec)

+-----------+------------------------------------+------------+-------------+-----------------+------------------+---------------------+-------------------+
| HFC_NODE  | NODENAME                           | CMTS_DATE  | INSERTED_ON | UNIQUE_ACCOUNTS | UNIQUE_CONTRACTS | UNIQUE_MAC_INRCBOSS | UNIQUE_MAC_INCMTS |
+-----------+------------------------------------+------------+-------------+-----------------+------------------+---------------------+-------------------+
| NULL      | NULL                               | NULL       | 2022-11-30  |           14451 |            19218 |                9732 |                 0 |
| C5/0/0/U0 | ANSE-BOILEAU-2                     | 2022-09-07 | 2022-11-30  |             160 |              164 |                 160 |               162 |
| C5/0/0/U1 | 500-C3-ANSE-BOILEAU                | 2022-09-07 | 2022-11-30  |             157 |              157 |                 157 |               158 |
| C5/0/1/U0 | 501-C4-LA-MISIERE-LEFT-I           | 2022-09-07 | 2022-11-30  |             101 |              103 |                 101 |               104 |
| C5/0/1/U1 | 501-C5-LA-MISIERE-RIGHT            | 2022-09-07 | 2022-11-30  |              61 |               62 |                  61 |                63 |
| C5/0/1/U2 | 501-C7-LA-MISIERE-LEFT-II          | 2022-09-07 | 2022-11-30  |              99 |              101 |                  99 |               100 |
| C5/0/2/U0 | 502-C8-LA-LOUISE                   | 2022-09-07 | 2022-11-30  |              82 |               83 |                  82 |                83 |
| C5/0/2/U1 | LA-LOUISE-2                        | 2022-09-07 | 2022-11-30  |              86 |               86 |                  86 |                87 |
| C5/0/3/U0 | 504-C6-PETIT-PARIS                 | 2022-09-07 | 2022-11-30  |              99 |              101 |                  98 |               100 |
| C5/0/3/U1 | PETIT-PARIS-23                     | 2022-09-07 | 2022-11-30  |              53 |               53 |                  53 |                54 |
| C5/0/4/U1 | ANCHOR-CAFE-I                      | 2022-09-07 | 2022-11-30  |             131 |              135 |                 132 |               132 |
| C5/0/4/U2 | ANCHOR-CAFE-II                     | 2022-09-07 | 2022-11-30  |             116 |              117 |                 116 |               119 |
| C5/1/0/U0 | POINTE-LARUE-AIRPORT-23            | 2022-09-07 | 2022-11-30  |              65 |               68 |                  65 |                67 |
| C5/1/0/U1 | PPROVIDENCE-23                     | 2022-09-07 | 2022-11-30  |              10 |               10 |                  11 |                11 |
| C5/1/0/U2 | ROSHE-CAIMAN-23                    | 2022-09-07 | 2022-11-30  |              12 |               13 |                  12 |                12 |
| C5/1/0/U3 | HEAD-OFFICE | HO-23                | 2022-09-07 | 2022-11-30  |              14 |               15 |                  14 |                14 |
| C5/1/1/U1 | C5-UNION-VALE                      | 2022-09-07 | 2022-11-30  |              96 |               96 |                  96 |                96 |
| C5/1/3/U0 | POINTE-LARUE-AIRPORT-27            | 2022-09-07 | 2022-11-30  |             120 |              120 |                 120 |               122 |
| C5/1/3/U1 | PPROVIDENCE-27                     | 2022-09-07 | 2022-11-30  |              22 |               22 |                  22 |                22 |
| C5/1/3/U2 | ROSHE-CAIMAN-27                    | 2022-09-07 | 2022-11-30  |              32 |               32 |                  32 |                32 |
| C5/1/3/U3 | HEAD-OFFICE | HO-27                | 2022-09-07 | 2022-11-30  |               9 |                9 |                   9 |                 9 |
| C5/1/4/U0 | ANSE-ROYALE-27                     | 2022-09-07 | 2022-11-30  |              73 |               75 |                  73 |                74 |
| C5/1/4/U1 | GLACIS-2-57                        | 2022-09-07 | 2022-11-30  |              31 |               34 |                  31 |                31 |
| C5/1/4/U2 | NULL                               | 2022-09-07 | 2022-11-30  |              78 |               79 |                  78 |                78 |
| C5/1/4/U3 | GLACIS-1                           | 2022-09-07 | 2022-11-30  |               9 |                9 |                   9 |                10 |
| C6/0/1/U0 | SERRET-ROAD-RIGHT/CURIO/PASCAL     | 2022-09-07 | 2022-11-30  |              69 |               69 |                  69 |                69 |
| C6/0/1/U1 | SERRET-ROAD-LEFT/ST.LOUIS/TOWN     | 2022-09-07 | 2022-11-30  |              33 |               33 |                  33 |                33 |
| C6/0/1/U2 | SERRET-ROAD-RIGHT/CURIO/PASCAL-2   | 2022-09-07 | 2022-11-30  |              71 |               71 |                  71 |                71 |
| C6/0/1/U3 | SERRET-ROAD-LEFT/ST.LOUIS/TOWN-2   | 2022-09-07 | 2022-11-30  |              38 |               40 |                  38 |                38 |
| C6/0/2/U0 | SANS-SOUCIS-I                      | 2022-09-07 | 2022-11-30  |              67 |               69 |                  68 |                71 |
| C6/0/2/U1 | SANS-SOUCIS-II                     | 2022-09-07 | 2022-11-30  |              51 |               52 |                  51 |                51 |
| C6/0/2/U2 | BEL-AIR-27                         | 2022-09-07 | 2022-11-30  |              39 |               40 |                  39 |                39 |
| C6/0/2/U3 | BEL-AIR-38                         | 2022-09-07 | 2022-11-30  |              41 |               41 |                  41 |                41 |
| C6/0/3/U0 | LES-MAMELLES-23                    | 2022-09-07 | 2022-11-30  |              52 |               52 |                  52 |                52 |
| C6/0/3/U1 | VICTORIA-23                        | 2022-09-07 | 2022-11-30  |               4 |                5 |                   5 |                 5 |
| C6/0/4/U0 | LES-MAMELLES-27                    | 2022-09-07 | 2022-11-30  |              39 |               39 |                  39 |                39 |
| C6/0/4/U1 | VICTORIA-27                        | 2022-09-07 | 2022-11-30  |               6 |                6 |                   6 |                 6 |
| C7/1/0/U0 | LA-RETRAITE-23                     | 2022-09-07 | 2022-11-30  |              42 |               42 |                  42 |                42 |
| C7/1/0/U1 | TEA-FACTORY-23                     | 2022-09-07 | 2022-11-30  |              18 |               20 |                  18 |                18 |
| C7/1/0/U2 | PAS-23                             | 2022-09-07 | 2022-11-30  |              71 |               74 |                  71 |                71 |
| C7/1/1/U0 | REEF-ESTATE-23                     | 2022-09-07 | 2022-11-30  |              48 |               48 |                  48 |                49 |
| C7/1/2/U0 | LA-RETRAITE-27                     | 2022-09-07 | 2022-11-30  |              35 |               37 |                  35 |                35 |
| C7/1/2/U1 | TEA-FACTORY-27                     | 2022-09-07 | 2022-11-30  |              13 |               16 |                  13 |                13 |
| C7/1/2/U2 | PAS-27                             | 2022-09-07 | 2022-11-30  |              64 |               66 |                  64 |                64 |
| C7/1/3/U0 | MT-BUXTON-27                       | 2022-09-07 | 2022-11-30  |              87 |               88 |                  87 |                87 |
| C7/1/3/U1 | MT-BUXTON-23                       | 2022-09-07 | 2022-11-30  |              41 |               41 |                  41 |                42 |
| C7/1/4/U0 | REEF-ESTATE-27                     | 2022-09-07 | 2022-11-30  |              66 |               68 |                  66 |                66 |
| C8/0/0/U0 | POLICE-ACADEMY-1-27 - POINTE LARUE | 2022-09-07 | 2022-11-30  |             110 |              110 |                 110 |               111 |
| C8/0/0/U1 | NULL                               | 2022-09-07 | 2022-11-30  |              43 |               44 |                  43 |                44 |
| C8/0/1/U0 | NULL                               | 2022-09-07 | 2022-11-30  |             150 |              151 |                 150 |               150 |
| C8/0/1/U1 | POLICE-ACADEMY-2-27 - TURTLE BAY   | 2022-09-07 | 2022-11-30  |             158 |              161 |                 158 |               159 |
| C8/1/0/U0 | MA-JOIE-NODE-27                    | 2022-09-07 | 2022-11-30  |              51 |               53 |                  53 |                53 |
| C8/1/0/U1 | BELONIE-27                         | 2022-09-07 | 2022-11-30  |              91 |               92 |                  90 |                90 |
| C8/1/0/U3 | MA-JOIE-NODE-23                    | 2022-09-07 | 2022-11-30  |              52 |               52 |                  52 |                53 |
| C8/1/1/U0 | 611-C1-ROJN I                      | 2022-09-07 | 2022-11-30  |              57 |               57 |                  57 |                57 |
| C8/1/1/U1 | 611-C5-ROJN II                     | 2022-09-07 | 2022-11-30  |              88 |               89 |                  88 |                89 |
| C8/1/2/U0 | 612-C2-ANSE-ETOILE                 | 2022-09-07 | 2022-11-30  |              70 |               70 |                  70 |                70 |
| C8/1/2/U1 | ANSE-ETOILE-U2                     | 2022-09-07 | 2022-11-30  |              27 |               27 |                  27 |                27 |
| C8/1/3/U0 | 613-C3-ANSE-GAULETTE I             | 2022-09-07 | 2022-11-30  |              61 |               64 |                  62 |                63 |
| C8/1/3/U1 | 613-C7-ANSE-GAULETTE II            | 2022-09-07 | 2022-11-30  |              65 |               69 |                  65 |                66 |
| C8/1/3/U2 | 613-C3-ANSE-GAULETTE III           | 2022-09-07 | 2022-11-30  |              33 |               33 |                  33 |                33 |
| C8/1/3/U3 | TAKAMAKA I                         | 2022-09-07 | 2022-11-30  |              76 |               76 |                  76 |                76 |
| C8/1/3/U4 | TAKAMAKA II                        | 2022-09-07 | 2022-11-30  |              78 |               79 |                  78 |                80 |
| C8/1/4/U0 | 614-BEOLIERE-NODE-1                | 2022-09-07 | 2022-11-30  |              97 |               99 |                  97 |                99 |
| C8/1/4/U1 | 614-BEOLIERE-NODE-2                | 2022-09-07 | 2022-11-30  |              50 |               51 |                  50 |                51 |
+-----------+------------------------------------+------------+-------------+-----------------+------------------+---------------------+-------------------+
65 rows in set (0.34 sec)

+-----------------------+------------+-------------+-----------------+------------------+----------------------+-------------------+
| MXK_NAME              | MXK_DATE   | INSERTED_ON | UNIQUE_ACCOUNTS | UNIQUE_CONTRACTS | UNIQUE_FSAN_INRCBOSS | UNIQUE_FSAN_INMXK |
+-----------------------+------------+-------------+-----------------+------------------+----------------------+-------------------+
| NULL                  | NULL       | 2022-11-30  |            4216 |             5647 |                 2012 |                 0 |
| MXK-MAHE-ANSEAUXPINS  | 2022-09-07 | 2022-11-30  |             488 |              492 |                  492 |               534 |
| MXK-MAHE-ANSEETOILE   | 2022-09-07 | 2022-11-30  |            1014 |             1024 |                 1017 |              1085 |
| MXK-MAHE-ANSEROYALE   | 2022-09-07 | 2022-11-30  |             466 |              470 |                  467 |               520 |
| MXK-MAHE-BAIELAZARE   | 2022-09-07 | 2022-11-30  |             144 |              145 |                  130 |               149 |
| MXK-MAHE-BEAUVALLON-1 | 2022-09-07 | 2022-11-30  |            2299 |             2341 |                 2327 |              2434 |
| MXK-MAHE-BEAUVALLON-2 | 2022-09-07 | 2022-11-30  |             343 |              367 |                  379 |               423 |
| MXK-MAHE-GRANDANSE    | 2022-09-07 | 2022-11-30  |             370 |              372 |                  372 |               402 |
| MXK-MAHE-MONTFLEURI   | 2022-09-07 | 2022-11-30  |             773 |              775 |                  774 |               823 |
| MXK-MAHE-PERSEVERANCE | 2022-09-07 | 2022-11-30  |            1290 |             1310 |                 1299 |              1432 |
| MXK-MAHE-PROVIDENCE   | 2022-09-07 | 2022-11-30  |            1549 |             1585 |                 1505 |              1778 |
| MXK-PRASLIN-GRANDANSE | 2022-09-07 | 2022-11-30  |            1344 |             1345 |                 1338 |              1512 |
+-----------------------+------------+-------------+-----------------+------------------+----------------------+-------------------+
12 rows in set (0.19 sec)

mysql> mysql \. C:\workspace\cloud\code\sql\_DailyScript\currenttime.sql
+---------------------+
| currenttime         |
+---------------------+
| 2022-11-30 18:00:32 |
+---------------------+
1 row in set (0.00 sec)

mysql> 
mysql> mysql \. C:\workspace\cloud\code\sql\_DailyScript\housing-estate-analysis.sql
Database changed
Query OK, 0 rows affected (0.01 sec)

Query OK, 3845 rows affected (16.61 sec)
Records: 3845  Duplicates: 0  Warnings: 0

+--------------------+
| rep_housingestates |
+--------------------+
|               3845 |
+--------------------+
1 row in set (0.00 sec)

mysql> mysql \. C:\workspace\cloud\code\sql\_DailyScript\currenttime.sql
+---------------------+
| currenttime         |
+---------------------+
| 2022-11-30 18:00:49 |
+---------------------+
1 row in set (0.00 sec)

mysql> 
mysql> mysql \. C:\workspace\cloud\code\sql\_DailyScript\ticket_analysis.sql
Database changed
Query OK, 0 rows affected (0.03 sec)

Query OK, 1075897 rows affected (48.20 sec)
Records: 1075897  Duplicates: 0  Warnings: 0

Query OK, 0 rows affected (4.21 sec)
Records: 0  Duplicates: 0  Warnings: 0

Query OK, 0 rows affected (2.57 sec)
Records: 0  Duplicates: 0  Warnings: 0

Query OK, 0 rows affected (2.10 sec)
Records: 0  Duplicates: 0  Warnings: 0

+---------------------+
| clientticketjourney |
+---------------------+
|             1075897 |
+---------------------+
1 row in set (0.27 sec)

Query OK, 0 rows affected (0.04 sec)

Query OK, 224863 rows affected (38.19 sec)
Records: 224863  Duplicates: 0  Warnings: 0

Query OK, 0 rows affected (0.86 sec)
Records: 0  Duplicates: 0  Warnings: 0

Query OK, 0 rows affected (0.47 sec)
Records: 0  Duplicates: 0  Warnings: 0

Query OK, 0 rows affected (0.90 sec)
Records: 0  Duplicates: 0  Warnings: 0

Query OK, 0 rows affected (0.49 sec)
Records: 0  Duplicates: 0  Warnings: 0

Query OK, 0 rows affected (0.59 sec)
Records: 0  Duplicates: 0  Warnings: 0

Query OK, 0 rows affected (0.63 sec)
Records: 0  Duplicates: 0  Warnings: 0

+-------------------+
| rep_clienttickets |
+-------------------+
|            224863 |
+-------------------+
1 row in set (0.06 sec)

Query OK, 0 rows affected (0.08 sec)

Query OK, 114484 rows affected (6.02 sec)
Records: 114484  Duplicates: 0  Warnings: 0

Query OK, 0 rows affected (0.23 sec)
Records: 0  Duplicates: 0  Warnings: 0

+--------------------------+
| rep_clientticket_summary |
+--------------------------+
|                   114484 |
+--------------------------+
1 row in set (0.03 sec)

Query OK, 0 rows affected (0.01 sec)

Query OK, 34065 rows affected (19.88 sec)
Records: 34065  Duplicates: 0  Warnings: 0

+--------------------------+
| clientticketsnapshot_irs |
+--------------------------+
|                    34065 |
+--------------------------+
1 row in set (0.01 sec)

Query OK, 0 rows affected, 1 warning (0.00 sec)

Query OK, 190802 rows affected (11.98 sec)
Records: 190802  Duplicates: 0  Warnings: 0

Query OK, 0 rows affected, 1 warning (0.00 sec)

Query OK, 926826 rows affected (22.15 sec)
Records: 926826  Duplicates: 0  Warnings: 0

Query OK, 0 rows affected, 1 warning (0.00 sec)

Query OK, 926826 rows affected (26.30 sec)
Records: 926826  Duplicates: 0  Warnings: 0

Query OK, 0 rows affected (0.02 sec)

Query OK, 191018 rows affected (8.27 sec)
Records: 191018  Duplicates: 0  Warnings: 0

+------------------------+
| clientticketsnapshot_f |
+------------------------+
|                 191018 |
+------------------------+
1 row in set (0.05 sec)

Database changed
Query OK, 0 rows affected (0.00 sec)

Query OK, 0 rows affected (0.03 sec)

Query OK, 1075897 rows affected (46.37 sec)
Records: 1075897  Duplicates: 0  Warnings: 0

+--------------------------+
| clientticket_cmmtjourney |
+--------------------------+
|                  1075897 |
+--------------------------+
1 row in set (0.44 sec)

Query OK, 0 rows affected (0.24 sec)

Query OK, 568145 rows affected, 5945 warnings (19 min 50.55 sec)
Records: 568145  Duplicates: 0  Warnings: 5945

+---------------------------+
| clientticket_assgnjourney |
+---------------------------+
|                    568145 |
+---------------------------+
1 row in set (0.41 sec)

Query OK, 0 rows affected (2.39 sec)
Records: 0  Duplicates: 0  Warnings: 0

Query OK, 0 rows affected (1.18 sec)
Records: 0  Duplicates: 0  Warnings: 0

Query OK, 0 rows affected (2.22 sec)
Records: 0  Duplicates: 0  Warnings: 0

Query OK, 0 rows affected (0.01 sec)

Query OK, 2061 rows affected, 2714 warnings (6.19 sec)
Records: 2061  Duplicates: 0  Warnings: 2714

+-------------------------------+
| rep_clientticket_assgnjourney |
+-------------------------------+
|                          2061 |
+-------------------------------+
1 row in set (0.00 sec)

Query OK, 0 rows affected (0.01 sec)

Query OK, 13 rows affected (0.15 sec)
Records: 13  Duplicates: 0  Warnings: 0

+-------------------+
| rep_surveytickets |
+-------------------+
|                13 |
+-------------------+
1 row in set (0.00 sec)

mysql> mysql \. C:\workspace\cloud\code\sql\_DailyScript\currenttime.sql
+---------------------+
| currenttime         |
+---------------------+
| 2022-11-30 18:24:53 |
+---------------------+
1 row in set (0.00 sec)

mysql> 
mysql> mysql \. C:\workspace\cloud\code\sql\Analysis\service_tickets_assignments2022.sql
Query OK, 0 rows affected (0.10 sec)

Query OK, 85249 rows affected (15.53 sec)
Records: 85249  Duplicates: 0  Warnings: 0

Query OK, 0 rows affected (4.10 sec)
Records: 0  Duplicates: 0  Warnings: 0

Query OK, 0 rows affected (0.38 sec)
Records: 0  Duplicates: 0  Warnings: 0

+-------------------------+
| rep_servicetickets_2022 |
+-------------------------+
|                   85249 |
+-------------------------+
1 row in set (0.02 sec)

Query OK, 0 rows affected (0.01 sec)

Query OK, 25385 rows affected (3.51 sec)
Records: 25385  Duplicates: 0  Warnings: 0

+------------------+
| rep_tkt_f_level1 |
+------------------+
|            25385 |
+------------------+
1 row in set (0.01 sec)

Query OK, 0 rows affected (0.02 sec)

Query OK, 137800 rows affected (4.73 sec)
Records: 137800  Duplicates: 0  Warnings: 0

+------------------+
| rep_tkt_f_level2 |
+------------------+
|           137800 |
+------------------+
1 row in set (0.04 sec)

Query OK, 0 rows affected (0.09 sec)

Query OK, 191018 rows affected (10.50 sec)
Records: 191018  Duplicates: 0  Warnings: 0

+------------------+
| rep_tkt_f_level3 |
+------------------+
|           191018 |
+------------------+
1 row in set (0.05 sec)

Query OK, 0 rows affected (0.01 sec)

Query OK, 4197 rows affected (1.29 sec)
Records: 4197  Duplicates: 0  Warnings: 0

+--------------------+
| rep_tkt_irs_level1 |
+--------------------+
|               4197 |
+--------------------+
1 row in set (0.00 sec)

Query OK, 0 rows affected (0.01 sec)

Query OK, 20221 rows affected (0.92 sec)
Records: 20221  Duplicates: 0  Warnings: 0

+--------------------+
| rep_tkt_irs_level2 |
+--------------------+
|              20221 |
+--------------------+
1 row in set (0.01 sec)

Query OK, 0 rows affected (0.02 sec)

Query OK, 34065 rows affected (2.18 sec)
Records: 34065  Duplicates: 0  Warnings: 0

+--------------------+
| rep_tkt_irs_level3 |
+--------------------+
|              34065 |
+--------------------+
1 row in set (0.01 sec)

mysql> mysql \. C:\workspace\cloud\code\sql\_DailyScript\currenttime.sql
+---------------------+
| currenttime         |
+---------------------+
| 2022-11-30 18:25:37 |
+---------------------+
1 row in set (0.00 sec)

mysql> 
mysql> mysql \. C:\workspace\cloud\code\sql\Analysis\service_tickets_assignments2021.sql
Query OK, 0 rows affected (0.10 sec)

Query OK, 107638 rows affected (25.31 sec)
Records: 107638  Duplicates: 0  Warnings: 0

+-------------------------+
| rep_servicetickets_2021 |
+-------------------------+
|                  107638 |
+-------------------------+
1 row in set (10.64 sec)

Query OK, 0 rows affected (0.56 sec)
Records: 0  Duplicates: 0  Warnings: 0

Query OK, 0 rows affected (0.42 sec)
Records: 0  Duplicates: 0  Warnings: 0

mysql> mysql \. C:\workspace\cloud\code\sql\_DailyScript\currenttime.sql
+---------------------+
| currenttime         |
+---------------------+
| 2022-11-30 18:26:14 |
+---------------------+
1 row in set (0.00 sec)

mysql> 
mysql> mysql \. C:\workspace\cloud\code\sql\Analysis\service_tickets_assignments2020.sql
Query OK, 0 rows affected (0.04 sec)

Query OK, 113323 rows affected (21.95 sec)
Records: 113323  Duplicates: 0  Warnings: 0

Query OK, 0 rows affected (10.55 sec)
Records: 0  Duplicates: 0  Warnings: 0

Query OK, 0 rows affected (0.45 sec)
Records: 0  Duplicates: 0  Warnings: 0

+-------------------------+
| rep_servicetickets_2020 |
+-------------------------+
|                  113323 |
+-------------------------+
1 row in set (0.03 sec)

mysql> mysql \. C:\workspace\cloud\code\sql\_DailyScript\currenttime.sql
+---------------------+
| currenttime         |
+---------------------+
| 2022-11-30 18:26:47 |
+---------------------+
1 row in set (0.00 sec)

mysql> 
mysql> mysql \. C:\workspace\cloud\code\sql\Analysis\service_tickets_assignments2019.sql
Query OK, 0 rows affected (0.03 sec)

Query OK, 100178 rows affected (17.94 sec)
Records: 100178  Duplicates: 0  Warnings: 0

Query OK, 0 rows affected (11.44 sec)
Records: 0  Duplicates: 0  Warnings: 0

Query OK, 0 rows affected (0.51 sec)
Records: 0  Duplicates: 0  Warnings: 0

+-------------------------+
| rep_servicetickets_2019 |
+-------------------------+
|                  100178 |
+-------------------------+
1 row in set (0.03 sec)

mysql> mysql \. C:\workspace\cloud\code\sql\_DailyScript\currenttime.sql
+---------------------+
| currenttime         |
+---------------------+
| 2022-11-30 18:27:17 |
+---------------------+
1 row in set (0.00 sec)

mysql> 
mysql> mysql \. C:\workspace\cloud\code\sql\Analysis\service_tickets_assignments2018.sql
Query OK, 0 rows affected (0.08 sec)

Query OK, 84607 rows affected (18.08 sec)
Records: 84607  Duplicates: 0  Warnings: 0

Query OK, 0 rows affected (8.29 sec)
Records: 0  Duplicates: 0  Warnings: 0

Query OK, 0 rows affected (0.40 sec)
Records: 0  Duplicates: 0  Warnings: 0

+-------------------------+
| rep_servicetickets_2018 |
+-------------------------+
|                   84607 |
+-------------------------+
1 row in set (0.02 sec)

mysql> mysql \. C:\workspace\cloud\code\sql\_DailyScript\currenttime.sql
+---------------------+
| currenttime         |
+---------------------+
| 2022-11-30 18:27:44 |
+---------------------+
1 row in set (0.00 sec)

mysql> 
mysql> mysql \. C:\workspace\cloud\code\sql\_DailyScript\DAILY-SCRIPT-USAGESTATS_2022.sql
Database changed
Query OK, 0 rows affected (0.17 sec)

Query OK, 10329953 rows affected, 65535 warnings (4 min 36.08 sec)
Records: 10329953  Duplicates: 0  Warnings: 10315950

Query OK, 0 rows affected (39.15 sec)
Records: 0  Duplicates: 0  Warnings: 0

Query OK, 0 rows affected (32.12 sec)
Records: 0  Duplicates: 0  Warnings: 0

Query OK, 0 rows affected (33.98 sec)
Records: 0  Duplicates: 0  Warnings: 0

Query OK, 0 rows affected (31.36 sec)
Records: 0  Duplicates: 0  Warnings: 0

Query OK, 0 rows affected (47.37 sec)
Records: 0  Duplicates: 0  Warnings: 0

Query OK, 0 rows affected (53.25 sec)
Records: 0  Duplicates: 0  Warnings: 0

Query OK, 0 rows affected (49.55 sec)
Records: 0  Duplicates: 0  Warnings: 0

Query OK, 0 rows affected (38.81 sec)
Records: 0  Duplicates: 0  Warnings: 0

+----------+
| ipusage  |
+----------+
| 10329953 |
+----------+
1 row in set (2.71 sec)

Query OK, 0 rows affected (0.08 sec)

Query OK, 4711541 rows affected (2 min 37.74 sec)
Records: 4711541  Duplicates: 0  Warnings: 0

Query OK, 0 rows affected (29.36 sec)
Records: 0  Duplicates: 0  Warnings: 0

Query OK, 0 rows affected (12.83 sec)
Records: 0  Duplicates: 0  Warnings: 0

Query OK, 0 rows affected (17.91 sec)
Records: 0  Duplicates: 0  Warnings: 0

Query OK, 0 rows affected (25.09 sec)
Records: 0  Duplicates: 0  Warnings: 0

Query OK, 0 rows affected (10.34 sec)
Records: 0  Duplicates: 0  Warnings: 0

+------------------+
| clientcontractip |
+------------------+
|          4711541 |
+------------------+
1 row in set (1.24 sec)

Query OK, 0 rows affected (0.18 sec)

Query OK, 20329683 rows affected (7 min 53.64 sec)
Records: 20329683  Duplicates: 0  Warnings: 0

+---------------------------+
| clientcontractipusage_stg |
+---------------------------+
|                  20329683 |
+---------------------------+
1 row in set (10.53 sec)

+------------------------------------+
| clientcontractipusage_beforeinsert |
+------------------------------------+
|                           20329683 |
+------------------------------------+
1 row in set (17.16 sec)

Query OK, 59419 rows affected (1 min 2.82 sec)
Records: 59419  Duplicates: 0  Warnings: 0

+-----------------------------------+
| clientcontractipusage_afterinsert |
+-----------------------------------+
|                          20389102 |
+-----------------------------------+
1 row in set (23.56 sec)

Query OK, 0 rows affected (0.00 sec)

+------------------------+
| info                   |
+------------------------+
| updating null packages |
+------------------------+
1 row in set (0.00 sec)

Query OK, 2 rows affected (1 min 25.26 sec)
Rows matched: 298711  Changed: 2  Warnings: 0

+---------------------------------------+
| info                                  |
+---------------------------------------+
| moving and updating addon information |
+---------------------------------------+
1 row in set (0.00 sec)

Query OK, 982 rows affected (20.66 sec)
Rows matched: 982  Changed: 982  Warnings: 0

Query OK, 982 rows affected (20.35 sec)
Rows matched: 982  Changed: 982  Warnings: 0

Query OK, 982 rows affected (20.37 sec)
Rows matched: 982  Changed: 982  Warnings: 0

+------------+----------+
| usagedate  | count(*) |
+------------+----------+
| 2022-11-29 |     9742 |
| 2022-11-28 |     9918 |
| 2022-11-27 |     9602 |
| 2022-11-26 |     9875 |
| 2022-11-25 |    10176 |
| 2022-11-24 |    10106 |
| 2022-11-23 |     9973 |
| 2022-11-22 |     9867 |
| 2022-11-21 |     9960 |
| 2022-11-20 |     9705 |
| 2022-11-19 |     9677 |
| 2022-11-18 |     9835 |
| 2022-11-17 |     9844 |
| 2022-11-16 |     9700 |
| 2022-11-15 |     9753 |
+------------+----------+
15 rows in set (0.07 sec)

Query OK, 0 rows affected (0.03 sec)

Query OK, 386436 rows affected (31.76 sec)
Records: 386436  Duplicates: 0  Warnings: 0

Query OK, 0 rows affected (1.25 sec)
Records: 0  Duplicates: 0  Warnings: 0

Query OK, 0 rows affected (1.14 sec)
Records: 0  Duplicates: 0  Warnings: 0

Query OK, 0 rows affected (1.23 sec)
Records: 0  Duplicates: 0  Warnings: 0

Query OK, 0 rows affected (0.77 sec)
Records: 0  Duplicates: 0  Warnings: 0

Query OK, 0 rows affected (0.75 sec)
Records: 0  Duplicates: 0  Warnings: 0

Query OK, 0 rows affected (0.69 sec)
Records: 0  Duplicates: 0  Warnings: 0

Query OK, 0 rows affected (0.80 sec)
Records: 0  Duplicates: 0  Warnings: 0

+-----------------------+
| clientcontractipmonth |
+-----------------------+
|                386436 |
+-----------------------+
1 row in set (0.10 sec)

Query OK, 0 rows affected (0.02 sec)

Query OK, 16206 rows affected (55.10 sec)
Records: 16206  Duplicates: 0  Warnings: 0

+---------------------------+
| rep_dailypackageusage2022 |
+---------------------------+
|                     16206 |
+---------------------------+
1 row in set (0.01 sec)

Query OK, 0 rows affected (0.00 sec)

Query OK, 2 rows affected (0.00 sec)

Query OK, 2 rows affected (0.00 sec)

Query OK, 2 rows affected (0.01 sec)

Query OK, 0 rows affected (0.00 sec)

Query OK, 7490 rows affected (1.01 sec)

Query OK, 7635 rows affected (2 min 8.24 sec)
Records: 7635  Duplicates: 0  Warnings: 0

+-----------------------+
| rep_dailypackageusage |
+-----------------------+
|                 32795 |
+-----------------------+
1 row in set (0.03 sec)

mysql> mysql \. C:\workspace\cloud\code\sql\_DailyScript\currenttime.sql
+---------------------+
| currenttime         |
+---------------------+
| 2022-11-30 18:58:01 |
+---------------------+
1 row in set (0.00 sec)

mysql> 
mysql> mysql \. C:\workspace\cloud\code\sql\GIS\GetParcelExtract.sql
Database changed
Query OK, 0 rows affected (0.06 sec)

Query OK, 18334 rows affected (4.55 sec)
Records: 18334  Duplicates: 0  Warnings: 0

+-------------------------+
| IV_PARCELEXTRACTStaging |
+-------------------------+
|                   18334 |
+-------------------------+
1 row in set (0.01 sec)

Query OK, 0 rows affected (0.00 sec)

Query OK, 0 rows affected (0.01 sec)

Query OK, 10786 rows affected (0.36 sec)
Records: 10786  Duplicates: 0  Warnings: 0

+-----------------+
| IV_PARCELFORMAP |
+-----------------+
|           10786 |
+-----------------+
1 row in set (0.01 sec)

Query OK, 0 rows affected (0.01 sec)

Query OK, 278 rows affected (0.03 sec)
Records: 278  Duplicates: 0  Warnings: 0

+----------------------------+
| IV_PARCELFORMAP_Inactive_2 |
+----------------------------+
|                        278 |
+----------------------------+
1 row in set (0.00 sec)

Query OK, 0 rows affected (0.01 sec)

Query OK, 408 rows affected (0.03 sec)
Records: 408  Duplicates: 0  Warnings: 0

+----------------------------+
| IV_PARCELFORMAP_Inactive_3 |
+----------------------------+
|                        408 |
+----------------------------+
1 row in set (0.00 sec)

Query OK, 0 rows affected (0.01 sec)

Query OK, 824 rows affected (0.04 sec)
Records: 824  Duplicates: 0  Warnings: 0

+----------------------------+
| IV_PARCELFORMAP_Inactive_4 |
+----------------------------+
|                        824 |
+----------------------------+
1 row in set (0.00 sec)

Query OK, 0 rows affected (0.01 sec)

Query OK, 3915 rows affected (0.14 sec)
Records: 3915  Duplicates: 0  Warnings: 0

+----------------------------+
| IV_PARCELFORMAP_Inactive_5 |
+----------------------------+
|                       3915 |
+----------------------------+
1 row in set (0.00 sec)

Query OK, 0 rows affected (0.01 sec)

Query OK, 3370 rows affected (0.11 sec)
Records: 3370  Duplicates: 0  Warnings: 0

+---------------------+
| IV_PARCELFORMAP_HFC |
+---------------------+
|                3370 |
+---------------------+
1 row in set (0.00 sec)

Query OK, 0 rows affected (0.01 sec)

Query OK, 5242 rows affected (0.17 sec)
Records: 5242  Duplicates: 0  Warnings: 0

+----------------------+
| IV_PARCELFORMAP_GPON |
+----------------------+
|                 5242 |
+----------------------+
1 row in set (0.00 sec)

Query OK, 0 rows affected (0.01 sec)

Query OK, 72 rows affected (0.03 sec)
Records: 72  Duplicates: 0  Warnings: 0

+---------------------+
| IV_PARCELFORMAP_MIX |
+---------------------+
|                  72 |
+---------------------+
1 row in set (0.00 sec)

mysql> mysql \. C:\workspace\cloud\code\sql\_DailyScript\currenttime.sql
+---------------------+
| currenttime         |
+---------------------+
| 2022-11-30 18:58:07 |
+---------------------+
1 row in set (0.00 sec)

mysql> 
mysql> mysql \. C:\workspace\cloud\code\sql\_DailyScript\DAILY-SCRIPT-LIVETV-STATS.sql
Database changed
Query OK, 0 rows affected (0.01 sec)

Query OK, 1200444 rows affected (19.03 sec)
Records: 1200444  Duplicates: 0  Warnings: 0

+------------+------------+----------+--------------+--------------+-----------+-------------+----------+--------+------+------------+---------+---------------+
| Table      | Non_unique | Key_name | Seq_in_index | Column_name  | Collation | Cardinality | Sub_part | Packed | Null | Index_type | Comment | Index_comment |
+------------+------------+----------+--------------+--------------+-----------+-------------+----------+--------+------+------------+---------+---------------+
| templivetv |          1 | idxtv1   |            1 | device       | A         |     1205025 |     NULL | NULL   | YES  | BTREE      |         |               |
| templivetv |          1 | idxtv2   |            1 | sessionstart | A         |     1205025 |     NULL | NULL   | YES  | BTREE      |         |               |
| templivetv |          1 | idxtv3   |            1 | sessiondate  | A         |     1205025 |     NULL | NULL   | YES  | BTREE      |         |               |
+------------+------------+----------+--------------+--------------+-----------+-------------+----------+--------+------+------------+---------+---------------+
3 rows in set (0.01 sec)

Query OK, 1202742 rows affected (2 min 13.89 sec)
Records: 1202742  Duplicates: 0  Warnings: 0

Query OK, 16299 rows affected (14.31 sec)
Records: 16299  Duplicates: 0  Warnings: 0

Query OK, 0 rows affected (0.00 sec)

Query OK, 0 rows affected (0.00 sec)

Query OK, 752 rows affected (0.25 sec)
Records: 752  Duplicates: 0  Warnings: 0

Query OK, 752 rows affected (9.62 sec)
Records: 752  Duplicates: 0  Warnings: 0

+-----------------+
| rep_livetvstats |
+-----------------+
|          136329 |
+-----------------+
1 row in set (0.08 sec)

mysql> mysql \. C:\workspace\cloud\code\sql\_DailyScript\currenttime.sql
+---------------------+
| currenttime         |
+---------------------+
| 2022-11-30 19:01:04 |
+---------------------+
1 row in set (0.00 sec)

mysql> 
mysql> mysql \. C:\workspace\cloud\code\sql\_DailyScript\DAILY-SCRIPT-VODTS-STATS.sql
Database changed
Query OK, 0 rows affected (0.02 sec)

Query OK, 83712 rows affected (4 min 32.58 sec)
Records: 83712  Duplicates: 0  Warnings: 0

+---------+------------+----------+--------------+--------------+-----------+-------------+----------+--------+------+------------+---------+---------------+
| Table   | Non_unique | Key_name | Seq_in_index | Column_name  | Collation | Cardinality | Sub_part | Packed | Null | Index_type | Comment | Index_comment |
+---------+------------+----------+--------------+--------------+-----------+-------------+----------+--------+------+------------+---------+---------------+
| tempvod |          1 | idxtvod1 |            1 | device       | A         |       83888 |     NULL | NULL   | YES  | BTREE      |         |               |
| tempvod |          1 | idxtvod2 |            1 | sessionstart | A         |       83888 |     NULL | NULL   | YES  | BTREE      |         |               |
+---------+------------+----------+--------------+--------------+-----------+-------------+----------+--------+------+------------+---------+---------------+
2 rows in set (0.00 sec)

Query OK, 84368 rows affected (13.73 sec)
Records: 84368  Duplicates: 0  Warnings: 0

Query OK, 0 rows affected (0.01 sec)

Query OK, 2633052 rows affected (4 min 22.97 sec)
Records: 2633052  Duplicates: 0  Warnings: 0

+--------------+
| rep_vodstats |
+--------------+
|      2633052 |
+--------------+
1 row in set (0.75 sec)

Database changed
Query OK, 0 rows affected (0.01 sec)

Query OK, 121520 rows affected (2 min 59.22 sec)
Records: 121520  Duplicates: 0  Warnings: 0

+--------+------------+----------+--------------+--------------+-----------+-------------+----------+--------+------+------------+---------+---------------+
| Table  | Non_unique | Key_name | Seq_in_index | Column_name  | Collation | Cardinality | Sub_part | Packed | Null | Index_type | Comment | Index_comment |
+--------+------------+----------+--------------+--------------+-----------+-------------+----------+--------+------+------------+---------+---------------+
| tempts |          1 | idxtts1  |            1 | device       | A         |      121725 |     NULL | NULL   | YES  | BTREE      |         |               |
| tempts |          1 | idxtts2  |            1 | sessionstart | A         |      121725 |     NULL | NULL   | YES  | BTREE      |         |               |
+--------+------------+----------+--------------+--------------+-----------+-------------+----------+--------+------+------------+---------+---------------+
2 rows in set (0.00 sec)

Query OK, 121694 rows affected (33.27 sec)
Records: 121694  Duplicates: 0  Warnings: 0

Query OK, 0 rows affected (0.02 sec)

Query OK, 68820 rows affected (5 min 6.71 sec)
Records: 68820  Duplicates: 0  Warnings: 0

+-------------+
| rep_tsstats |
+-------------+
|       68820 |
+-------------+
1 row in set (0.02 sec)

mysql> mysql \. C:\workspace\cloud\code\sql\_DailyScript\currenttime.sql
+---------------------+
| currenttime         |
+---------------------+
| 2022-11-30 19:18:53 |
+---------------------+
1 row in set (0.00 sec)

mysql> 
mysql> mysql \. C:\workspace\cloud\code\sql\_DailyScript\DAILY-SCRIPT-RADIO-STATS.sql
Database changed
Query OK, 0 rows affected (0.28 sec)

Query OK, 1467743 rows affected (19.80 sec)
Records: 1467743  Duplicates: 0  Warnings: 0

+-----------+------------+----------+--------------+--------------+-----------+-------------+----------+--------+------+------------+---------+---------------+
| Table     | Non_unique | Key_name | Seq_in_index | Column_name  | Collation | Cardinality | Sub_part | Packed | Null | Index_type | Comment | Index_comment |
+-----------+------------+----------+--------------+--------------+-----------+-------------+----------+--------+------+------------+---------+---------------+
| tempradio |          1 | idxtrad1 |            1 | device       | A         |     1469178 |     NULL | NULL   | YES  | BTREE      |         |               |
| tempradio |          1 | idxtrad2 |            1 | sessionstart | A         |     1469178 |     NULL | NULL   | YES  | BTREE      |         |               |
+-----------+------------+----------+--------------+--------------+-----------+-------------+----------+--------+------+------------+---------+---------------+
2 rows in set (0.00 sec)

Query OK, 18386 rows affected (19.24 sec)
Records: 18386  Duplicates: 0  Warnings: 0

Query OK, 0 rows affected (0.01 sec)

Query OK, 9027 rows affected (1.74 sec)
Records: 9027  Duplicates: 0  Warnings: 0

+----------------+
| rep_radiostats |
+----------------+
|           9027 |
+----------------+
1 row in set (0.01 sec)

mysql> mysql \. C:\workspace\cloud\code\sql\_DailyScript\currenttime.sql
+---------------------+
| currenttime         |
+---------------------+
| 2022-11-30 19:19:34 |
+---------------------+
1 row in set (0.00 sec)

mysql> 
mysql> mysql \. C:\workspace\cloud\code\sql\_DailyScript\DAILY_SCRIPT_TELEMETRY_PIVOT_2022.sql
Query OK, 0 rows affected (0.01 sec)

Query OK, 139 rows affected (0.42 sec)
Records: 139  Duplicates: 0  Warnings: 0

Query OK, 0 rows affected (0.01 sec)

Query OK, 18024 rows affected (12.82 sec)
Records: 18024  Duplicates: 0  Warnings: 0

Query OK, 0 rows affected (0.01 sec)

Query OK, 6 rows affected (0.02 sec)
Records: 6  Duplicates: 0  Warnings: 0

Query OK, 0 rows affected (0.02 sec)

Query OK, 46 rows affected (0.09 sec)
Records: 46  Duplicates: 0  Warnings: 0

mysql> mysql \. C:\workspace\cloud\code\sql\_DailyScript\currenttime.sql
+---------------------+
| currenttime         |
+---------------------+
| 2022-11-30 19:19:48 |
+---------------------+
1 row in set (0.00 sec)

mysql> 
mysql> mysql \. C:\workspace\cloud\code\sql\_DailyScript\telemetry_livetv_ranking2022.sql
Query OK, 0 rows affected (0.01 sec)

Query OK, 139 rows affected (0.33 sec)
Records: 139  Duplicates: 0  Warnings: 0

mysql> mysql \. C:\workspace\cloud\code\sql\_DailyScript\currenttime.sql
+---------------------+
| currenttime         |
+---------------------+
| 2022-11-30 19:19:48 |
+---------------------+
1 row in set (0.00 sec)

mysql> 
mysql> mysql \. C:\workspace\cloud\code\sql\_DailyScript\telemetry_radio_ranking2022.sql
Query OK, 0 rows affected (0.01 sec)

Query OK, 6 rows affected (0.01 sec)
Records: 6  Duplicates: 0  Warnings: 0

mysql> mysql \. C:\workspace\cloud\code\sql\_DailyScript\currenttime.sql
+---------------------+
| currenttime         |
+---------------------+
| 2022-11-30 19:19:48 |
+---------------------+
1 row in set (0.00 sec)

mysql> 
mysql> mysql \. C:\workspace\cloud\code\sql\_DailyScript\telemetry_ts_ranking2022.sql
Query OK, 0 rows affected (0.01 sec)

Query OK, 46 rows affected (0.01 sec)
Records: 46  Duplicates: 0  Warnings: 0

mysql> mysql \. C:\workspace\cloud\code\sql\_DailyScript\currenttime.sql
+---------------------+
| currenttime         |
+---------------------+
| 2022-11-30 19:19:48 |
+---------------------+
1 row in set (0.00 sec)

mysql> 
mysql> mysql \. C:\workspace\cloud\code\sql\_DailyScript\telemetry_vod_ranking2022.sql
Query OK, 0 rows affected (0.01 sec)

Query OK, 18024 rows affected (0.81 sec)
Records: 18024  Duplicates: 0  Warnings: 0

mysql> mysql \. C:\workspace\cloud\code\sql\_DailyScript\currenttime.sql
+---------------------+
| currenttime         |
+---------------------+
| 2022-11-30 19:19:49 |
+---------------------+
1 row in set (0.00 sec)

mysql> 
mysql> mysql \. C:\workspace\cloud\code\sql\_DailyScript\telemetry_vod_ranking2022_1.sql
Query OK, 0 rows affected (0.01 sec)

Query OK, 18024 rows affected (0.40 sec)
Records: 18024  Duplicates: 0  Warnings: 0

mysql> mysql \. C:\workspace\cloud\code\sql\_DailyScript\currenttime.sql
+---------------------+
| currenttime         |
+---------------------+
| 2022-11-30 19:19:49 |
+---------------------+
1 row in set (0.00 sec)

mysql> 
mysql> mysql \. C:\workspace\cloud\code\sql\_DailyScript\telemetry_vod_ranking2022_2.sql
Query OK, 0 rows affected (0.01 sec)

Query OK, 18024 rows affected (0.38 sec)
Records: 18024  Duplicates: 0  Warnings: 0

mysql> mysql \. C:\workspace\cloud\code\sql\_DailyScript\currenttime.sql
+---------------------+
| currenttime         |
+---------------------+
| 2022-11-30 19:19:50 |
+---------------------+
1 row in set (0.00 sec)

mysql> 
mysql> 
mysql> exit
