    -> 
    -> mysql \. C:\workspace\cloud\code\sql\_DailyScript\_setdates.sql
Database changed
Query OK, 0 rows affected (0.00 sec)

Query OK, 0 rows affected (0.00 sec)

Query OK, 0 rows affected (0.00 sec)

Query OK, 0 rows affected (0.00 sec)

Query OK, 0 rows affected (0.00 sec)

Query OK, 0 rows affected (0.00 sec)

Query OK, 0 rows affected (0.00 sec)

Query OK, 0 rows affected (0.00 sec)

Query OK, 0 rows affected (0.00 sec)

Query OK, 0 rows affected (0.00 sec)

Query OK, 0 rows affected (0.00 sec)

Query OK, 0 rows affected (0.00 sec)

Query OK, 0 rows affected (0.00 sec)

Query OK, 0 rows affected (0.00 sec)

Query OK, 0 rows affected (0.00 sec)

Query OK, 0 rows affected (0.00 sec)

Query OK, 0 rows affected (0.00 sec)

Query OK, 0 rows affected (0.00 sec)

Query OK, 0 rows affected (0.00 sec)

Query OK, 0 rows affected (0.00 sec)

Query OK, 0 rows affected (0.00 sec)

mysql> mysql \. C:\workspace\cloud\code\sql\_DailyScript\currenttime.sql
+---------------------+
| currenttime         |
+---------------------+
| 2020-07-09 09:12:36 |
+---------------------+
1 row in set (0.00 sec)

mysql> 
mysql> mysql \. C:\workspace\cloud\code\sql\_DailyScript\load_RCB_VODTITLES.sql
Database changed
Query OK, 0 rows affected (0.00 sec)

Query OK, 11809 rows affected (0.13 sec)

Query OK, 11811 rows affected, 11811 warnings (0.19 sec)
Records: 11811  Deleted: 0  Skipped: 0  Warnings: 11811

Query OK, 0 rows affected (0.00 sec)

Query OK, 2 rows affected (0.01 sec)

+-----------+
| VODTITLES |
+-----------+
|     12269 |
+-----------+
1 row in set (0.01 sec)

+-----------+-----------+
| titletype | typecount |
+-----------+-----------+
| E         |      9759 |
| N         |       229 |
| T         |      1821 |
| NULL      |     11809 |
+-----------+-----------+
4 rows in set (0.03 sec)

mysql> mysql \. C:\workspace\cloud\code\sql\_DailyScript\currenttime.sql
+---------------------+
| currenttime         |
+---------------------+
| 2020-07-09 09:12:36 |
+---------------------+
1 row in set (0.00 sec)

mysql> 
mysql> mysql \. C:\workspace\cloud\code\sql\_DailyScript\DAILY-SCRIPT-LIVETV-STATS.sql
Database changed
Query OK, 0 rows affected (0.01 sec)

Query OK, 77492 rows affected (0.84 sec)
Records: 77492  Duplicates: 0  Warnings: 0

+------------+------------+----------+--------------+--------------+-----------+-------------+----------+--------+------+------------+---------+---------------+
| Table      | Non_unique | Key_name | Seq_in_index | Column_name  | Collation | Cardinality | Sub_part | Packed | Null | Index_type | Comment | Index_comment |
+------------+------------+----------+--------------+--------------+-----------+-------------+----------+--------+------+------------+---------+---------------+
| templivetv |          1 | idxtv1   |            1 | device       | A         |       77521 |     NULL | NULL   | YES  | BTREE      |         |               |
| templivetv |          1 | idxtv2   |            1 | sessionstart | A         |       77521 |     NULL | NULL   | YES  | BTREE      |         |               |
+------------+------------+----------+--------------+--------------+-----------+-------------+----------+--------+------+------------+---------+---------------+
2 rows in set (0.00 sec)

Query OK, 77282 rows affected (10.71 sec)
Records: 77282  Duplicates: 0  Warnings: 0

Query OK, 2630 rows affected (0.50 sec)
Records: 2630  Duplicates: 0  Warnings: 0

Query OK, 0 rows affected (0.00 sec)

Query OK, 0 rows affected (0.00 sec)

Query OK, 136 rows affected (0.05 sec)
Records: 136  Duplicates: 0  Warnings: 0

Query OK, 0 rows affected (0.02 sec)

Query OK, 25378 rows affected (1 min 34.75 sec)
Records: 25378  Duplicates: 0  Warnings: 0

+-----------------+
| rep_livetvstats |
+-----------------+
|           25378 |
+-----------------+
1 row in set (0.01 sec)

mysql> mysql \. C:\workspace\cloud\code\sql\_DailyScript\currenttime.sql
+---------------------+
| currenttime         |
+---------------------+
| 2020-07-09 09:14:23 |
+---------------------+
1 row in set (0.00 sec)

mysql> 
mysql> mysql \. C:\workspace\cloud\code\sql\_DailyScript\DAILY-SCRIPT-VODTS-STATS.sql
Database changed
Query OK, 0 rows affected (0.01 sec)

Query OK, 3616 rows affected (11.63 sec)
Records: 3616  Duplicates: 0  Warnings: 0

+---------+------------+----------+--------------+--------------+-----------+-------------+----------+--------+------+------------+---------+---------------+
| Table   | Non_unique | Key_name | Seq_in_index | Column_name  | Collation | Cardinality | Sub_part | Packed | Null | Index_type | Comment | Index_comment |
+---------+------------+----------+--------------+--------------+-----------+-------------+----------+--------+------+------------+---------+---------------+
| tempvod |          1 | idxtvod1 |            1 | device       | A         |        3471 |     NULL | NULL   | YES  | BTREE      |         |               |
| tempvod |          1 | idxtvod2 |            1 | sessionstart | A         |        3471 |     NULL | NULL   | YES  | BTREE      |         |               |
+---------+------------+----------+--------------+--------------+-----------+-------------+----------+--------+------+------------+---------+---------------+
2 rows in set (0.00 sec)

Query OK, 3615 rows affected (2.52 sec)
Records: 3615  Duplicates: 0  Warnings: 0

Query OK, 0 rows affected (0.01 sec)

Query OK, 723973 rows affected (56.44 sec)
Records: 723973  Duplicates: 0  Warnings: 0

+--------------+
| rep_vodstats |
+--------------+
|       723973 |
+--------------+
1 row in set (0.21 sec)

Database changed
Query OK, 0 rows affected (0.01 sec)

Query OK, 14984 rows affected (33.85 sec)
Records: 14984  Duplicates: 0  Warnings: 0

+--------+------------+----------+--------------+--------------+-----------+-------------+----------+--------+------+------------+---------+---------------+
| Table  | Non_unique | Key_name | Seq_in_index | Column_name  | Collation | Cardinality | Sub_part | Packed | Null | Index_type | Comment | Index_comment |
+--------+------------+----------+--------------+--------------+-----------+-------------+----------+--------+------+------------+---------+---------------+
| tempts |          1 | idxtts1  |            1 | device       | A         |       15136 |     NULL | NULL   | YES  | BTREE      |         |               |
| tempts |          1 | idxtts2  |            1 | sessionstart | A         |       15136 |     NULL | NULL   | YES  | BTREE      |         |               |
+--------+------------+----------+--------------+--------------+-----------+-------------+----------+--------+------+------------+---------+---------------+
2 rows in set (0.00 sec)

Query OK, 14992 rows affected (10.62 sec)
Records: 14992  Duplicates: 0  Warnings: 0

Query OK, 0 rows affected (0.01 sec)

Query OK, 35985 rows affected (32.66 sec)
Records: 35985  Duplicates: 0  Warnings: 0

+-------------+
| rep_tsstats |
+-------------+
|       35985 |
+-------------+
1 row in set (0.01 sec)

mysql> mysql \. C:\workspace\cloud\code\sql\_DailyScript\currenttime.sql
+---------------------+
| currenttime         |
+---------------------+
| 2020-07-09 09:16:51 |
+---------------------+
1 row in set (0.00 sec)

mysql> 
mysql> mysql \. C:\workspace\cloud\code\sql\_DailyScript\DAILY-SCRIPT-RADIO-STATS.sql
Database changed
Query OK, 0 rows affected (0.01 sec)

Query OK, 278219 rows affected (2.83 sec)
Records: 278219  Duplicates: 0  Warnings: 0

+-----------+------------+----------+--------------+--------------+-----------+-------------+----------+--------+------+------------+---------+---------------+
| Table     | Non_unique | Key_name | Seq_in_index | Column_name  | Collation | Cardinality | Sub_part | Packed | Null | Index_type | Comment | Index_comment |
+-----------+------------+----------+--------------+--------------+-----------+-------------+----------+--------+------+------------+---------+---------------+
| tempradio |          1 | idxtrad1 |            1 | device       | A         |      258151 |     NULL | NULL   | YES  | BTREE      |         |               |
| tempradio |          1 | idxtrad2 |            1 | sessionstart | A         |      258151 |     NULL | NULL   | YES  | BTREE      |         |               |
+-----------+------------+----------+--------------+--------------+-----------+-------------+----------+--------+------+------------+---------+---------------+
2 rows in set (0.00 sec)

Query OK, 269 rows affected (1.02 sec)
Records: 269  Duplicates: 0  Warnings: 0

Query OK, 0 rows affected (0.02 sec)

Query OK, 4865 rows affected (0.36 sec)
Records: 4865  Duplicates: 0  Warnings: 0

+----------------+
| rep_radiostats |
+----------------+
|           4865 |
+----------------+
1 row in set (0.00 sec)

mysql> mysql \. C:\workspace\cloud\code\sql\_DailyScript\currenttime.sql
+---------------------+
| currenttime         |
+---------------------+
| 2020-07-09 09:16:55 |
+---------------------+
1 row in set (0.00 sec)

mysql> 
mysql> mysql \. C:\workspace\cloud\code\sql\_DailyScript\DAILY_SCRIPT_TELEMETRY_PIVOT_2020.sql
Query OK, 0 rows affected (0.01 sec)

Query OK, 145 rows affected (0.14 sec)
Records: 145  Duplicates: 0  Warnings: 0

Query OK, 0 rows affected (0.00 sec)

Query OK, 10090 rows affected (1.96 sec)
Records: 10090  Duplicates: 0  Warnings: 0

Query OK, 0 rows affected (0.01 sec)

Query OK, 8 rows affected (0.01 sec)
Records: 8  Duplicates: 0  Warnings: 0

Query OK, 0 rows affected (0.00 sec)

Query OK, 47 rows affected (0.06 sec)
Records: 47  Duplicates: 0  Warnings: 0

mysql> mysql \. C:\workspace\cloud\code\sql\_DailyScript\currenttime.sql
+---------------------+
| currenttime         |
+---------------------+
| 2020-07-09 09:16:57 |
+---------------------+
1 row in set (0.00 sec)

mysql> 
mysql> mysql \. C:\workspace\cloud\code\sql\_DailyScript\telemetry_livetv_ranking2020.sql
Query OK, 0 rows affected (0.01 sec)

Query OK, 145 rows affected (0.02 sec)
Records: 145  Duplicates: 0  Warnings: 0

mysql> mysql \. C:\workspace\cloud\code\sql\_DailyScript\currenttime.sql
+---------------------+
| currenttime         |
+---------------------+
| 2020-07-09 09:16:57 |
+---------------------+
1 row in set (0.00 sec)

mysql> 
mysql> mysql \. C:\workspace\cloud\code\sql\_DailyScript\telemetry_radio_ranking2020.sql
Query OK, 0 rows affected (0.00 sec)

Query OK, 8 rows affected (0.01 sec)
Records: 8  Duplicates: 0  Warnings: 0

mysql> mysql \. C:\workspace\cloud\code\sql\_DailyScript\currenttime.sql
+---------------------+
| currenttime         |
+---------------------+
| 2020-07-09 09:16:57 |
+---------------------+
1 row in set (0.00 sec)

mysql> 
mysql> mysql \. C:\workspace\cloud\code\sql\_DailyScript\telemetry_ts_ranking2020.sql
Query OK, 0 rows affected (0.00 sec)

Query OK, 47 rows affected (0.01 sec)
Records: 47  Duplicates: 0  Warnings: 0

mysql> mysql \. C:\workspace\cloud\code\sql\_DailyScript\currenttime.sql
+---------------------+
| currenttime         |
+---------------------+
| 2020-07-09 09:16:57 |
+---------------------+
1 row in set (0.00 sec)

mysql> 
mysql> mysql \. C:\workspace\cloud\code\sql\_DailyScript\telemetry_vod_ranking2020.sql
Query OK, 0 rows affected (0.00 sec)

Query OK, 10090 rows affected (0.42 sec)
Records: 10090  Duplicates: 0  Warnings: 0

mysql> mysql \. C:\workspace\cloud\code\sql\_DailyScript\currenttime.sql
+---------------------+
| currenttime         |
+---------------------+
| 2020-07-09 09:16:58 |
+---------------------+
1 row in set (0.00 sec)

mysql> 
mysql> mysql \. C:\workspace\cloud\code\sql\_DailyScript\telemetry_vod_ranking2020_1.sql
Query OK, 0 rows affected (0.01 sec)

Query OK, 10090 rows affected (0.22 sec)
Records: 10090  Duplicates: 0  Warnings: 0

mysql> mysql \. C:\workspace\cloud\code\sql\_DailyScript\currenttime.sql
+---------------------+
| currenttime         |
+---------------------+
| 2020-07-09 09:16:58 |
+---------------------+
1 row in set (0.00 sec)

mysql> 
mysql> mysql \. C:\workspace\cloud\code\sql\_DailyScript\telemetry_vod_ranking2020_2.sql
Query OK, 0 rows affected (0.00 sec)

Query OK, 10090 rows affected (0.19 sec)
Records: 10090  Duplicates: 0  Warnings: 0

mysql> mysql \. C:\workspace\cloud\code\sql\_DailyScript\currenttime.sql
+---------------------+
| currenttime         |
+---------------------+
| 2020-07-09 09:16:58 |
+---------------------+
1 row in set (0.00 sec)

mysql> 
mysql> mysql \. C:\workspace\cloud\code\sql\_DailyScript\DAILY-SCRIPT-CREATE-LOAD.sql
Database changed
Database changed
Query OK, 0 rows affected (0.01 sec)

Query OK, 0 rows affected (0.01 sec)

Database changed
Query OK, 66758 rows affected (2.20 sec)
Records: 66758  Deleted: 0  Skipped: 0  Warnings: 0

Query OK, 0 rows affected (0.13 sec)
Records: 0  Duplicates: 0  Warnings: 0

Query OK, 0 rows affected (0.23 sec)
Records: 0  Duplicates: 0  Warnings: 0

Query OK, 0 rows affected (0.23 sec)
Records: 0  Duplicates: 0  Warnings: 0

Query OK, 0 rows affected (0.20 sec)
Records: 0  Duplicates: 0  Warnings: 0

+---------+
| clients |
+---------+
|   66758 |
+---------+
1 row in set (0.02 sec)

Query OK, 0 rows affected (0.01 sec)

Query OK, 11525 rows affected (5.31 sec)
Records: 11525  Duplicates: 0  Warnings: 0

Query OK, 0 rows affected (0.04 sec)
Records: 0  Duplicates: 0  Warnings: 0

+-------------------+
| rcb_clientparcels |
+-------------------+
|             11525 |
+-------------------+
1 row in set (0.00 sec)

Query OK, 0 rows affected (0.01 sec)

Query OK, 80124 rows affected (2.97 sec)
Records: 80124  Duplicates: 0  Warnings: 0

Query OK, 0 rows affected (0.24 sec)
Records: 0  Duplicates: 0  Warnings: 0

Query OK, 0 rows affected (0.01 sec)

Query OK, 66758 rows affected (34.81 sec)
Records: 66758  Duplicates: 0  Warnings: 0

Query OK, 0 rows affected (0.18 sec)
Records: 0  Duplicates: 0  Warnings: 0

Query OK, 0 rows affected (0.19 sec)
Records: 0  Duplicates: 0  Warnings: 0

Query OK, 0 rows affected (0.16 sec)
Records: 0  Duplicates: 0  Warnings: 0

+---------------+
| clientaddress |
+---------------+
|         66758 |
+---------------+
1 row in set (0.02 sec)

Database changed
Query OK, 0 rows affected (0.01 sec)

Query OK, 0 rows affected (0.01 sec)

Database changed
Query OK, 518012 rows affected, 65535 warnings (14.34 sec)
Records: 518012  Deleted: 0  Skipped: 0  Warnings: 210072

Query OK, 0 rows affected (2.44 sec)
Records: 0  Duplicates: 0  Warnings: 0

Query OK, 0 rows affected (2.19 sec)
Records: 0  Duplicates: 0  Warnings: 0

Query OK, 0 rows affected (1.31 sec)
Records: 0  Duplicates: 0  Warnings: 0

Query OK, 0 rows affected (0.01 sec)

Query OK, 518012 rows affected (38.73 sec)
Records: 518012  Duplicates: 0  Warnings: 0

Query OK, 0 rows affected (1.61 sec)
Records: 0  Duplicates: 0  Warnings: 0

Query OK, 0 rows affected (1.28 sec)
Records: 0  Duplicates: 0  Warnings: 0

+-----------+
| contracts |
+-----------+
|    518012 |
+-----------+
1 row in set (0.16 sec)

+-----------------+
| contractaddress |
+-----------------+
|          518012 |
+-----------------+
1 row in set (0.14 sec)

Database changed
Query OK, 0 rows affected (0.00 sec)

Query OK, 0 rows affected (0.01 sec)

Query OK, 7456 rows affected (0.18 sec)
Records: 7456  Deleted: 0  Skipped: 0  Warnings: 0

Query OK, 0 rows affected (0.01 sec)

Query OK, 7424 rows affected (0.86 sec)
Records: 7424  Duplicates: 0  Warnings: 0

Query OK, 0 rows affected (0.04 sec)
Records: 0  Duplicates: 0  Warnings: 0

Query OK, 0 rows affected (0.00 sec)

Query OK, 5723 rows affected (0.06 sec)
Records: 5723  Duplicates: 0  Warnings: 0

Query OK, 0 rows affected (0.03 sec)
Records: 0  Duplicates: 0  Warnings: 0

+-------------------+
| contractdiscounts |
+-------------------+
|              7456 |
+-------------------+
1 row in set (0.00 sec)

+-------------------------+
| clientcontractdiscounts |
+-------------------------+
|                    7424 |
+-------------------------+
1 row in set (0.00 sec)

+----------------------------+
| clientcontractlastdiscount |
+----------------------------+
|                       5723 |
+----------------------------+
1 row in set (0.00 sec)

Database changed
Query OK, 0 rows affected (0.01 sec)

Query OK, 0 rows affected (0.03 sec)

Database changed
Query OK, 137686 rows affected, 8 warnings (2.44 sec)
Records: 137686  Deleted: 0  Skipped: 0  Warnings: 8

Query OK, 0 rows affected (0.26 sec)
Records: 0  Duplicates: 0  Warnings: 0

Query OK, 0 rows affected (0.30 sec)
Records: 0  Duplicates: 0  Warnings: 0

Query OK, 0 rows affected (0.29 sec)
Records: 0  Duplicates: 0  Warnings: 0

Query OK, 0 rows affected (0.27 sec)
Records: 0  Duplicates: 0  Warnings: 0

Query OK, 0 rows affected (0.34 sec)
Records: 0  Duplicates: 0  Warnings: 0

Query OK, 0 rows affected (0.50 sec)
Records: 0  Duplicates: 0  Warnings: 0

Query OK, 0 rows affected (0.08 sec)

Query OK, 1765204 rows affected (3 min 31.48 sec)
Records: 1765204  Duplicates: 0  Warnings: 0

Query OK, 0 rows affected (4.20 sec)
Records: 0  Duplicates: 0  Warnings: 0

+---------+
| devices |
+---------+
|  137686 |
+---------+
1 row in set (0.04 sec)

+-----------------------+
| clientcontractdevices |
+-----------------------+
|               1765204 |
+-----------------------+
1 row in set (0.61 sec)

Query OK, 0 rows affected (0.01 sec)

Query OK, 137588 rows affected (5.17 sec)
Records: 137588  Duplicates: 0  Warnings: 0

+---------------------------+
| rep_clientcontractdevices |
+---------------------------+
|                    137588 |
+---------------------------+
1 row in set (0.04 sec)

Database changed
Query OK, 0 rows affected (0.02 sec)

Query OK, 0 rows affected (0.01 sec)

Query OK, 289686 rows affected (7.82 sec)
Records: 289686  Deleted: 0  Skipped: 0  Warnings: 0

Query OK, 0 rows affected (0.63 sec)
Records: 0  Duplicates: 0  Warnings: 0

Query OK, 0 rows affected (0.61 sec)
Records: 0  Duplicates: 0  Warnings: 0

Query OK, 0 rows affected (0.56 sec)
Records: 0  Duplicates: 0  Warnings: 0

Query OK, 0 rows affected (0.53 sec)
Records: 0  Duplicates: 0  Warnings: 0

+---------+
| tickets |
+---------+
|  289686 |
+---------+
1 row in set (0.07 sec)

Database changed
Query OK, 0 rows affected (0.01 sec)

Query OK, 0 rows affected (0.01 sec)

Empty set (0.00 sec)

Query OK, 0 rows affected (0.02 sec)
Records: 0  Duplicates: 0  Warnings: 0

Query OK, 358 rows affected, 2 warnings (0.03 sec)
Records: 358  Deleted: 0  Skipped: 0  Warnings: 2

+-----------------+
| tickettechusers |
+-----------------+
|             358 |
+-----------------+
1 row in set (0.00 sec)

Database changed
Query OK, 0 rows affected (0.01 sec)

Query OK, 0 rows affected (0.01 sec)

Query OK, 0 rows affected (0.01 sec)
Records: 0  Duplicates: 0  Warnings: 0

Query OK, 629859 rows affected, 46334 warnings (10.44 sec)
Records: 629859  Deleted: 0  Skipped: 0  Warnings: 46334

+-------------------+
| ticketassignments |
+-------------------+
|            629859 |
+-------------------+
1 row in set (0.16 sec)

Database changed
Query OK, 0 rows affected (0.02 sec)

Query OK, 0 rows affected (0.01 sec)

Query OK, 1281383 rows affected (15.78 sec)
Records: 1281383  Deleted: 0  Skipped: 0  Warnings: 0

Query OK, 0 rows affected (3.88 sec)
Records: 0  Duplicates: 0  Warnings: 0

Query OK, 0 rows affected (2.64 sec)
Records: 0  Duplicates: 0  Warnings: 0

Query OK, 0 rows affected (2.35 sec)
Records: 0  Duplicates: 0  Warnings: 0

Query OK, 0 rows affected (2.78 sec)
Records: 0  Duplicates: 0  Warnings: 0

+----------------+
| ticketcomments |
+----------------+
|        1281383 |
+----------------+
1 row in set (0.35 sec)

Database changed
Query OK, 0 rows affected (0.01 sec)

Query OK, 0 rows affected (0.01 sec)

Query OK, 452084 rows affected (32.24 sec)
Records: 452084  Deleted: 0  Skipped: 0  Warnings: 0

Query OK, 0 rows affected (2.03 sec)
Records: 0  Duplicates: 0  Warnings: 0

+----------+
| comments |
+----------+
|   452084 |
+----------+
1 row in set (0.14 sec)

Database changed
Query OK, 0 rows affected (0.03 sec)

Query OK, 0 rows affected (0.01 sec)

Query OK, 1335301 rows affected, 65535 warnings (1 min 8.30 sec)
Records: 1335301  Deleted: 0  Skipped: 0  Warnings: 1335323

Query OK, 0 rows affected (5.07 sec)
Records: 0  Duplicates: 0  Warnings: 0

Query OK, 0 rows affected (2.76 sec)
Records: 0  Duplicates: 0  Warnings: 0

Query OK, 0 rows affected (3.08 sec)
Records: 0  Duplicates: 0  Warnings: 0

Query OK, 0 rows affected (3.07 sec)
Records: 0  Duplicates: 0  Warnings: 0

Query OK, 0 rows affected (4.39 sec)
Records: 0  Duplicates: 0  Warnings: 0

+------------+
| devicesold |
+------------+
|    1335301 |
+------------+
1 row in set (0.37 sec)

Database changed
Query OK, 0 rows affected (0.03 sec)

Query OK, 0 rows affected (0.01 sec)

Query OK, 1758645 rows affected (21.51 sec)
Records: 1758645  Deleted: 0  Skipped: 0  Warnings: 0

Query OK, 0 rows affected (4.70 sec)
Records: 0  Duplicates: 0  Warnings: 0

Query OK, 0 rows affected (3.98 sec)
Records: 0  Duplicates: 0  Warnings: 0

Query OK, 0 rows affected (3.91 sec)
Records: 0  Duplicates: 0  Warnings: 0

+------------------+
| contractservices |
+------------------+
|          1758645 |
+------------------+
1 row in set (0.48 sec)

Database changed
Query OK, 0 rows affected (0.04 sec)

Query OK, 0 rows affected (0.01 sec)

Query OK, 4182393 rows affected (1 min 42.61 sec)
Records: 4182393  Deleted: 0  Skipped: 0  Warnings: 0

Query OK, 0 rows affected (10.94 sec)
Records: 0  Duplicates: 0  Warnings: 0

Query OK, 0 rows affected (11.93 sec)
Records: 0  Duplicates: 0  Warnings: 0

Query OK, 0 rows affected (11.08 sec)
Records: 0  Duplicates: 0  Warnings: 0

Query OK, 0 rows affected (10.66 sec)
Records: 0  Duplicates: 0  Warnings: 0

+------------------+
| invoicescontents |
+------------------+
|          4182393 |
+------------------+
1 row in set (1.12 sec)

Database changed
Query OK, 0 rows affected (0.06 sec)

Query OK, 0 rows affected (0.01 sec)

Query OK, 2934202 rows affected (2 min 39.25 sec)
Records: 2934202  Deleted: 0  Skipped: 0  Warnings: 0

Query OK, 0 rows affected (11.50 sec)
Records: 0  Duplicates: 0  Warnings: 0

Query OK, 0 rows affected (11.44 sec)
Records: 0  Duplicates: 0  Warnings: 0

Query OK, 0 rows affected (9.01 sec)
Records: 0  Duplicates: 0  Warnings: 0

Query OK, 0 rows affected (10.44 sec)
Records: 0  Duplicates: 0  Warnings: 0

Query OK, 0 rows affected (10.73 sec)
Records: 0  Duplicates: 0  Warnings: 0

+----------------+
| invoicesheader |
+----------------+
|        2934202 |
+----------------+
1 row in set (0.79 sec)

Database changed
Query OK, 0 rows affected (0.03 sec)

Query OK, 0 rows affected (0.01 sec)

Query OK, 2987556 rows affected (1 min 14.15 sec)
Records: 2987556  Deleted: 0  Skipped: 0  Warnings: 0

Query OK, 0 rows affected (7.25 sec)
Records: 0  Duplicates: 0  Warnings: 0

Query OK, 0 rows affected (7.65 sec)
Records: 0  Duplicates: 0  Warnings: 0

Query OK, 0 rows affected (7.47 sec)
Records: 0  Duplicates: 0  Warnings: 0

Query OK, 0 rows affected (7.16 sec)
Records: 0  Duplicates: 0  Warnings: 0

+---------+
| casa    |
+---------+
| 2987556 |
+---------+
1 row in set (0.80 sec)

Query OK, 0 rows affected (0.01 sec)

Query OK, 14443 rows affected (1 min 11.09 sec)
Records: 14443  Duplicates: 0  Warnings: 0

+--------------------+
| rep_paycol_channel |
+--------------------+
|              14443 |
+--------------------+
1 row in set (0.01 sec)

Query OK, 0 rows affected (0.01 sec)

Query OK, 10473 rows affected (1 min 25.75 sec)
Records: 10473  Duplicates: 0  Warnings: 0

+----------------+
| rep_paycol_pos |
+----------------+
|          10473 |
+----------------+
1 row in set (0.00 sec)

Database changed
Query OK, 0 rows affected (0.01 sec)

Query OK, 0 rows affected (0.01 sec)

Database changed
Query OK, 39302 rows affected (0.76 sec)
Records: 39302  Deleted: 0  Skipped: 0  Warnings: 0

+-------+
| users |
+-------+
| 39302 |
+-------+
1 row in set (0.01 sec)

Query OK, 0 rows affected (0.08 sec)
Records: 0  Duplicates: 0  Warnings: 0

Database changed
Query OK, 0 rows affected (0.03 sec)

Query OK, 0 rows affected (0.01 sec)

Query OK, 1872898 rows affected, 2 warnings (27.51 sec)
Records: 1872898  Deleted: 0  Skipped: 0  Warnings: 2

Query OK, 0 rows affected (5.29 sec)
Records: 0  Duplicates: 0  Warnings: 0

Query OK, 0 rows affected (4.63 sec)
Records: 0  Duplicates: 0  Warnings: 0

Query OK, 0 rows affected (4.46 sec)
Records: 0  Duplicates: 0  Warnings: 0

Query OK, 0 rows affected (4.11 sec)
Records: 0  Duplicates: 0  Warnings: 0

Query OK, 0 rows affected (3.80 sec)
Records: 0  Duplicates: 0  Warnings: 0

+-------------+
| useractions |
+-------------+
|     1872898 |
+-------------+
1 row in set (0.51 sec)

Database changed
Query OK, 0 rows affected (0.07 sec)

Query OK, 0 rows affected (0.01 sec)

Database changed
Query OK, 20390726 rows affected (3 min 27.65 sec)
Records: 20390726  Deleted: 0  Skipped: 0  Warnings: 0

Query OK, 0 rows affected (49.73 sec)
Records: 0  Duplicates: 0  Warnings: 0

Query OK, 0 rows affected (49.22 sec)
Records: 0  Duplicates: 0  Warnings: 0

Query OK, 0 rows affected (49.16 sec)
Records: 0  Duplicates: 0  Warnings: 0

Query OK, 0 rows affected (53.97 sec)
Records: 0  Duplicates: 0  Warnings: 0

Query OK, 0 rows affected (57.03 sec)
Records: 0  Duplicates: 0  Warnings: 0

+----------+
| ipusage1 |
+----------+
| 20390726 |
+----------+
1 row in set (7.06 sec)

Query OK, 0 rows affected (0.10 sec)

Query OK, 20600969 rows affected, 65535 warnings (8 min 25.32 sec)
Records: 20600969  Duplicates: 0  Warnings: 20595519

Query OK, 0 rows affected (53.53 sec)
Records: 0  Duplicates: 0  Warnings: 0

Query OK, 0 rows affected (53.95 sec)
Records: 0  Duplicates: 0  Warnings: 0

Query OK, 0 rows affected (54.14 sec)
Records: 0  Duplicates: 0  Warnings: 0

Query OK, 0 rows affected (48.34 sec)
Records: 0  Duplicates: 0  Warnings: 0

Query OK, 0 rows affected (1 min 19.93 sec)
Records: 0  Duplicates: 0  Warnings: 0

Query OK, 0 rows affected (1 min 24.25 sec)
Records: 0  Duplicates: 0  Warnings: 0

Query OK, 0 rows affected (1 min 14.65 sec)
Records: 0  Duplicates: 0  Warnings: 0

+----------+
| ipusage  |
+----------+
| 20600969 |
+----------+
1 row in set (6.92 sec)

Query OK, 0 rows affected (0.04 sec)

Query OK, 5029550 rows affected (4 min 42.84 sec)
Records: 5029550  Duplicates: 0  Warnings: 0

Query OK, 0 rows affected (16.21 sec)
Records: 0  Duplicates: 0  Warnings: 0

Query OK, 0 rows affected (13.08 sec)
Records: 0  Duplicates: 0  Warnings: 0

Query OK, 0 rows affected (22.54 sec)
Records: 0  Duplicates: 0  Warnings: 0

Query OK, 0 rows affected (25.43 sec)
Records: 0  Duplicates: 0  Warnings: 0

Query OK, 0 rows affected (10.36 sec)
Records: 0  Duplicates: 0  Warnings: 0

Query OK, 0 rows affected (0.03 sec)

Query OK, 422092 rows affected (34.74 sec)
Records: 422092  Duplicates: 0  Warnings: 0

Query OK, 0 rows affected (1.28 sec)
Records: 0  Duplicates: 0  Warnings: 0

Query OK, 0 rows affected (1.13 sec)
Records: 0  Duplicates: 0  Warnings: 0

Query OK, 0 rows affected (1.41 sec)
Records: 0  Duplicates: 0  Warnings: 0

Query OK, 0 rows affected (0.75 sec)
Records: 0  Duplicates: 0  Warnings: 0

Query OK, 0 rows affected (0.73 sec)
Records: 0  Duplicates: 0  Warnings: 0

Query OK, 0 rows affected (0.74 sec)
Records: 0  Duplicates: 0  Warnings: 0

Query OK, 0 rows affected (0.75 sec)
Records: 0  Duplicates: 0  Warnings: 0

Query OK, 0 rows affected (0.02 sec)

Query OK, 1758429 rows affected (46.01 sec)
Records: 1758429  Duplicates: 0  Warnings: 0

Query OK, 0 rows affected (6.98 sec)
Records: 0  Duplicates: 0  Warnings: 0

Query OK, 0 rows affected (3.73 sec)
Records: 0  Duplicates: 0  Warnings: 0

Query OK, 0 rows affected (4.97 sec)
Records: 0  Duplicates: 0  Warnings: 0

mysql> mysql \. C:\workspace\cloud\code\sql\_DailyScript\currenttime.sql
+---------------------+
| currenttime         |
+---------------------+
| 2020-07-09 10:09:03 |
+---------------------+
1 row in set (0.00 sec)

mysql> 
mysql> mysql \. C:\workspace\cloud\code\sql\_DailyScript\ticket_analysis.sql
Database changed
Query OK, 0 rows affected (0.02 sec)

Query OK, 642345 rows affected (18.96 sec)
Records: 642345  Duplicates: 0  Warnings: 0

Query OK, 0 rows affected (4.69 sec)
Records: 0  Duplicates: 0  Warnings: 0

Query OK, 0 rows affected (1.52 sec)
Records: 0  Duplicates: 0  Warnings: 0

Query OK, 0 rows affected (1.61 sec)
Records: 0  Duplicates: 0  Warnings: 0

Query OK, 0 rows affected (0.01 sec)

Query OK, 20920 rows affected (10.54 sec)
Records: 20920  Duplicates: 0  Warnings: 0

Query OK, 0 rows affected, 1 warning (0.00 sec)

Query OK, 90678 rows affected (6.02 sec)
Records: 90678  Duplicates: 0  Warnings: 0

Query OK, 0 rows affected, 1 warning (0.00 sec)

Query OK, 465715 rows affected (11.56 sec)
Records: 465715  Duplicates: 0  Warnings: 0

Query OK, 0 rows affected, 1 warning (0.00 sec)

Query OK, 465715 rows affected (12.83 sec)
Records: 465715  Duplicates: 0  Warnings: 0

Query OK, 0 rows affected (0.01 sec)

Query OK, 90756 rows affected (4.80 sec)
Records: 90756  Duplicates: 0  Warnings: 0

Database changed
Query OK, 0 rows affected (0.00 sec)

Query OK, 0 rows affected (0.02 sec)

Query OK, 642345 rows affected (19.10 sec)
Records: 642345  Duplicates: 0  Warnings: 0

Query OK, 0 rows affected (0.01 sec)

Query OK, 322408 rows affected (12.86 sec)
Records: 322408  Duplicates: 0  Warnings: 0

+--------------------------+
| clientticket_cmmtjourney |
+--------------------------+
|                   642345 |
+--------------------------+
1 row in set (2.05 sec)

+---------------------------+
| clientticket_assgnjourney |
+---------------------------+
|                    322408 |
+---------------------------+
1 row in set (0.35 sec)

Query OK, 0 rows affected (0.01 sec)

Query OK, 72 rows affected (0.08 sec)
Records: 72  Duplicates: 0  Warnings: 0

mysql> mysql \. C:\workspace\cloud\code\sql\_DailyScript\currenttime.sql
+---------------------+
| currenttime         |
+---------------------+
| 2020-07-09 10:10:50 |
+---------------------+
1 row in set (0.00 sec)

mysql> 
mysql> mysql \. C:\workspace\cloud\code\sql\_DailyScript\load_DailyCalls.sql
Database changed
Query OK, 458 rows affected (0.13 sec)
Records: 458  Deleted: 0  Skipped: 0  Warnings: 0

Query OK, 0 rows affected, 1 warning (0.00 sec)

Query OK, 442 rows affected (0.03 sec)
Records: 442  Duplicates: 0  Warnings: 0

Query OK, 0 rows affected, 1 warning (0.00 sec)

Query OK, 67220 rows affected (0.26 sec)
Records: 67220  Duplicates: 0  Warnings: 0

+----------------------+
| callingclientsbefore |
+----------------------+
|               956668 |
+----------------------+
1 row in set (0.38 sec)

Query OK, 629 rows affected (8.84 sec)
Records: 629  Duplicates: 0  Warnings: 0

+---------------------+
| callingclientsafter |
+---------------------+
|              957297 |
+---------------------+
1 row in set (0.25 sec)

Query OK, 0 rows affected (0.01 sec)

Query OK, 313 rows affected (2.95 sec)
Records: 313  Duplicates: 0  Warnings: 0

Query OK, 0 rows affected (0.01 sec)

Query OK, 19177 rows affected (2.84 sec)
Records: 19177  Duplicates: 0  Warnings: 0

+-----------+
| callstats |
+-----------+
|     19177 |
+-----------+
1 row in set (0.01 sec)

Query OK, 0 rows affected, 1 warning (0.00 sec)

Query OK, 629 rows affected (2.20 sec)
Records: 629  Duplicates: 0  Warnings: 0

+------------------------+
| rep_cccallreportbefore |
+------------------------+
|                 956507 |
+------------------------+
1 row in set (0.32 sec)

Query OK, 629 rows affected (0.16 sec)
Records: 629  Duplicates: 0  Warnings: 0

+-----------------------+
| rep_cccallreportafter |
+-----------------------+
|                957136 |
+-----------------------+
1 row in set (0.24 sec)

Query OK, 0 rows affected (0.01 sec)

mysql> mysql \. C:\workspace\cloud\code\sql\_DailyScript\currenttime.sql
+---------------------+
| currenttime         |
+---------------------+
| 2020-07-09 10:11:09 |
+---------------------+
1 row in set (0.00 sec)

mysql> 
mysql> mysql \. C:\workspace\cloud\code\sql\_DailyScript\DAILY-SCRIPT-USAGE.sql
Database changed
Query OK, 0 rows affected (0.00 sec)

Query OK, 8224 rows affected, 23825 warnings (1.38 sec)
Records: 8224  Deleted: 0  Skipped: 0  Warnings: 23825

Query OK, 0 rows affected (0.00 sec)

Query OK, 12210 rows affected, 35363 warnings (1.73 sec)
Records: 12210  Deleted: 0  Skipped: 0  Warnings: 35363

Query OK, 0 rows affected (0.00 sec)

Query OK, 283 rows affected, 1010 warnings (0.03 sec)
Records: 283  Deleted: 0  Skipped: 0  Warnings: 1010

Query OK, 0 rows affected (0.00 sec)

Query OK, 229 rows affected, 785 warnings (0.06 sec)
Records: 229  Deleted: 0  Skipped: 0  Warnings: 785

+------------+
| dailyusage |
+------------+
|   13324152 |
+------------+
1 row in set (5.28 sec)

+------------+------------+------------+---------+
| datestart  | dateend    | insertedon | records |
+------------+------------+------------+---------+
| 2020-07-08 | 2020-07-08 | 2020-07-09 |   20946 |
| 2020-07-07 | 2020-07-07 | 2020-07-08 |   20884 |
| 2020-07-06 | 2020-07-06 | 2020-07-07 |   20926 |
| 2020-07-05 | 2020-07-05 | 2020-07-06 |   21226 |
| 2020-07-04 | 2020-07-04 | 2020-07-06 |   22498 |
+------------+------------+------------+---------+
5 rows in set (26.08 sec)

mysql> mysql \. C:\workspace\cloud\code\sql\_DailyScript\currenttime.sql
+---------------------+
| currenttime         |
+---------------------+
| 2020-07-09 10:11:43 |
+---------------------+
1 row in set (0.00 sec)

mysql> 
mysql> mysql \. C:\workspace\cloud\code\sql\_DailyScript\DAILY-SCRIPT-SALES-TELEMETRY.sql
Database changed
Query OK, 133 rows affected, 60 warnings (0.02 sec)
Records: 133  Deleted: 0  Skipped: 0  Warnings: 60

+------------+
| dailysales |
+------------+
|     201054 |
+------------+
1 row in set (0.23 sec)

Query OK, 0 rows affected (0.01 sec)

Query OK, 201054 rows affected (11.92 sec)
Records: 201054  Duplicates: 0  Warnings: 0

+--------+
| sales  |
+--------+
| 201054 |
+--------+
1 row in set (0.08 sec)

Query OK, 0 rows affected (0.01 sec)

Query OK, 3233 rows affected (0.31 sec)
Records: 3233  Duplicates: 0  Warnings: 0

+----------------+
| rep_dailysales |
+----------------+
|           3233 |
+----------------+
1 row in set (0.00 sec)

Query OK, 0 rows affected (0.01 sec)

Query OK, 3233 rows affected (0.48 sec)
Records: 3233  Duplicates: 0  Warnings: 0

+-------------------+
| rep_dailysalesreg |
+-------------------+
|              3233 |
+-------------------+
1 row in set (0.00 sec)

Query OK, 0 rows affected (0.01 sec)

Query OK, 2764 rows affected (0.62 sec)
Records: 2764  Duplicates: 0  Warnings: 0

+-----------+
| saleslist |
+-----------+
|      2764 |
+-----------+
1 row in set (0.00 sec)

Database changed
Query OK, 1 row affected (0.01 sec)
Records: 1  Deleted: 0  Skipped: 0  Warnings: 0

+------------------+
| dailysinglesales |
+------------------+
|             6307 |
+------------------+
1 row in set (0.01 sec)

Database changed
Query OK, 9 rows affected (0.03 sec)
Records: 9  Deleted: 0  Skipped: 0  Warnings: 0

+-----------------+
| dailyaddonsales |
+-----------------+
|           19903 |
+-----------------+
1 row in set (0.03 sec)

Query OK, 145 rows affected (0.04 sec)
Records: 145  Deleted: 0  Skipped: 0  Warnings: 0

+----------------+
| onlinepayments |
+----------------+
|         109612 |
+----------------+
1 row in set (0.08 sec)

+-------------+----------------+---------------------+
| paymentdate | onlinepayments | onlinepaymentamount |
+-------------+----------------+---------------------+
| 2020-07-08  |            145 |         81123.15000 |
| 2020-07-07  |            173 |        102625.05000 |
| 2020-07-06  |            189 |        119580.46000 |
| 2020-07-05  |            168 |        127693.99000 |
| 2020-07-04  |            224 |        150833.64000 |
+-------------+----------------+---------------------+
5 rows in set (0.33 sec)

+-------------+--------------+----------------+---------------------+
| paymentyear | paymentmonth | onlinepayments | onlinepaymentamount |
+-------------+--------------+----------------+---------------------+
|        2020 |            7 |           1635 |       1077969.30000 |
|        2020 |            6 |           6133 |       4006312.90000 |
|        2020 |            5 |           6399 |       4169369.14000 |
|        2020 |            4 |           7837 |       4979458.33000 |
|        2020 |            3 |           4932 |       3198124.05000 |
+-------------+--------------+----------------+---------------------+
5 rows in set (0.11 sec)

mysql> mysql \. C:\workspace\cloud\code\sql\_DailyScript\currenttime.sql
+---------------------+
| currenttime         |
+---------------------+
| 2020-07-09 10:11:58 |
+---------------------+
1 row in set (0.00 sec)

mysql> 
mysql> mysql \. C:\workspace\cloud\code\sql\_DailyScript\DAILY-SCRIPT-ACTIVENUMBERS.sql
Database changed
Query OK, 1163 rows affected (0.53 sec)
Records: 1163  Deleted: 0  Skipped: 0  Warnings: 0

+------------+----------+
| period     | count(1) |
+------------+----------+
| 2020-07-08 |     1163 |
| 2020-07-07 |     1161 |
| 2020-07-06 |     1160 |
| 2020-07-05 |     1157 |
| 2020-07-04 |     1157 |
+------------+----------+
5 rows in set (0.00 sec)

Query OK, 0 rows affected (0.00 sec)

Query OK, 80 rows affected (1.31 sec)
Records: 80  Duplicates: 0  Warnings: 0

+-------------+
| packagelist |
+-------------+
|          80 |
+-------------+
1 row in set (0.00 sec)

Database changed
Query OK, 0 rows affected (0.00 sec)

Query OK, 0 rows affected (0.00 sec)

Query OK, 0 rows affected (0.00 sec)

Query OK, 0 rows affected (0.00 sec)

Query OK, 27414 rows affected, 205 warnings (19.93 sec)
Records: 27414  Deleted: 0  Skipped: 0  Warnings: 205

+------------+----------+
| period     | count(1) |
+------------+----------+
| 2020-07-08 |    27414 |
| 2020-07-07 |    27439 |
| 2020-07-06 |    27363 |
| 2020-07-05 |    27242 |
| 2020-07-04 |    27401 |
+------------+----------+
5 rows in set (0.15 sec)

Query OK, 0 rows affected (0.01 sec)

Query OK, 26822 rows affected (42.31 sec)
Records: 26822  Duplicates: 0  Warnings: 0

Query OK, 0 rows affected (0.13 sec)
Records: 0  Duplicates: 0  Warnings: 0

Query OK, 0 rows affected (0.10 sec)
Records: 0  Duplicates: 0  Warnings: 0

Query OK, 0 rows affected (0.09 sec)
Records: 0  Duplicates: 0  Warnings: 0

Query OK, 0 rows affected (0.08 sec)
Records: 0  Duplicates: 0  Warnings: 0

Query OK, 0 rows affected (0.06 sec)
Records: 0  Duplicates: 0  Warnings: 0

Query OK, 0 rows affected (0.09 sec)
Records: 0  Duplicates: 0  Warnings: 0

+-------------+
| countbefore |
+-------------+
|    37299020 |
+-------------+
1 row in set (13.70 sec)

Query OK, 26822 rows affected (6.17 sec)
Records: 26822  Duplicates: 0  Warnings: 0

+------------+
| countafter |
+------------+
|   37325842 |
+------------+
1 row in set (12.62 sec)

+------------+--------------------------+
| period     | customercontractactivity |
+------------+--------------------------+
| 2020-07-08 |                    26822 |
| 2020-07-07 |                    26847 |
| 2020-07-06 |                    26771 |
| 2020-07-05 |                    26650 |
| 2020-07-04 |                    26809 |
+------------+--------------------------+
5 rows in set (0.06 sec)

Query OK, 0 rows affected (0.01 sec)

Query OK, 270813 rows affected (6 min 35.34 sec)
Records: 270813  Duplicates: 0  Warnings: 0

Query OK, 0 rows affected (0.91 sec)
Records: 0  Duplicates: 0  Warnings: 0

Query OK, 0 rows affected (0.99 sec)
Records: 0  Duplicates: 0  Warnings: 0

Query OK, 0 rows affected (0.99 sec)
Records: 0  Duplicates: 0  Warnings: 0

Query OK, 0 rows affected (0.01 sec)

Query OK, 227 rows affected (0.41 sec)
Records: 227  Duplicates: 0  Warnings: 0

Query OK, 0 rows affected (0.01 sec)

Query OK, 2560 rows affected (0.52 sec)
Records: 2560  Duplicates: 0  Warnings: 0

Query OK, 0 rows affected (0.01 sec)

Query OK, 26804 rows affected (0.52 sec)
Records: 26804  Duplicates: 0  Warnings: 0

Query OK, 0 rows affected (0.01 sec)

Query OK, 16957 rows affected (0.33 sec)
Records: 16957  Duplicates: 0  Warnings: 0

Query OK, 0 rows affected (0.02 sec)

Query OK, 16957 rows affected (0.12 sec)
Records: 16957  Duplicates: 0  Warnings: 0

Query OK, 0 rows affected (0.04 sec)

Query OK, 16957 rows affected (1.08 sec)
Records: 16957  Duplicates: 0  Warnings: 0

Query OK, 0 rows affected (0.01 sec)

Query OK, 16957 rows affected (43.00 sec)
Records: 16957  Duplicates: 0  Warnings: 0

+-------------+
| clientstats |
+-------------+
|       16957 |
+-------------+
1 row in set (0.01 sec)

Query OK, 0 rows affected (0.01 sec)

Query OK, 12 rows affected, 1 warning (0.10 sec)
Records: 12  Duplicates: 0  Warnings: 1

+-----------------------+-------------+-------------+----------------+-----------------+
| services              | activecount | allaccounts | uniqueaccounts | uniquecontracts |
+-----------------------+-------------+-------------+----------------+-----------------+
| All                   |         321 |          54 |             54 |             172 |
| Internet & Voice      |         401 |         181 |            181 |             353 |
| Internet Only         |        4240 |        4155 |           4149 |            4192 |
| OTT Only              |           3 |           3 |              3 |               3 |
| TV & Internet         |        9085 |        4095 |           4086 |            8303 |
| TV & Internet & OTT   |        3049 |         788 |            786 |            1633 |
| TV & Internet & Voice |         508 |         152 |            152 |             464 |
| TV & OTT              |         341 |          66 |             65 |              84 |
| TV & Voice            |          79 |          36 |             36 |              74 |
| TV Only               |        9320 |        7275 |           7271 |            7456 |
| Voice Only            |         153 |         152 |            151 |             153 |
| GRAND TOTAL           |       27500 |       16957 |          16890 |           22887 |
+-----------------------+-------------+-------------+----------------+-----------------+
12 rows in set (0.00 sec)

+-------------+-------------+-------------+----------------+-----------------+
| network     | activecount | allaccounts | uniqueaccounts | uniquecontracts |
+-------------+-------------+-------------+----------------+-----------------+
| ADDON       |          20 |          12 |             12 |              16 |
| GPON        |        8859 |        4503 |           4500 |            6987 |
| HFC         |       18620 |       12441 |          12441 |           15883 |
| MOBILE TV   |           1 |           1 |              1 |               1 |
| GRAND TOTAL |       27500 |       16957 |          16890 |           22887 |
+-------------+-------------+-------------+----------------+-----------------+
5 rows in set, 1 warning (0.10 sec)

+-------------+-----------------------+-------------+-------------+----------------+-----------------+
| network     | services              | activecount | allaccounts | uniqueaccounts | uniquecontracts |
+-------------+-----------------------+-------------+-------------+----------------+-----------------+
| ADDON       | OTT Only              |           2 |           2 |              2 |               2 |
| ADDON       | TV & OTT              |          10 |           2 |              2 |               6 |
| ADDON       | TV Only               |           8 |           8 |              8 |               8 |
| ADDON       | Services Total        |          20 |          12 |             12 |              16 |
| GPON        | All                   |         158 |          26 |             26 |              83 |
| GPON        | Internet & Voice      |          76 |          31 |             31 |              64 |
| GPON        | Internet Only         |        1110 |        1041 |           1041 |            1064 |
| GPON        | TV & Internet         |        3699 |        1625 |           1625 |            3325 |
| GPON        | TV & Internet & OTT   |        1710 |         435 |            435 |             909 |
| GPON        | TV & Internet & Voice |         192 |          56 |             56 |             174 |
| GPON        | TV & OTT              |         107 |          30 |             30 |              33 |
| GPON        | TV & Voice            |          36 |          16 |             16 |              33 |
| GPON        | TV Only               |        1757 |        1229 |           1229 |            1288 |
| GPON        | Voice Only            |          14 |          14 |             14 |              14 |
| GPON        | Services Total        |        8859 |        4503 |           4500 |            6987 |
| HFC         | All                   |         163 |          28 |             28 |              89 |
| HFC         | Internet & Voice      |         325 |         150 |            150 |             289 |
| HFC         | Internet Only         |        3130 |        3114 |           3114 |            3128 |
| HFC         | TV & Internet         |        5386 |        2470 |           2470 |            4978 |
| HFC         | TV & Internet & OTT   |        1339 |         353 |            353 |             724 |
| HFC         | TV & Internet & Voice |         316 |          96 |             96 |             290 |
| HFC         | TV & OTT              |         224 |          34 |             34 |              45 |
| HFC         | TV & Voice            |          43 |          20 |             20 |              41 |
| HFC         | TV Only               |        7555 |        6038 |           6038 |            6160 |
| HFC         | Voice Only            |         139 |         138 |            138 |             139 |
| HFC         | Services Total        |       18620 |       12441 |          12441 |           15883 |
| MOBILE TV   | OTT Only              |           1 |           1 |              1 |               1 |
| MOBILE TV   | Services Total        |           1 |           1 |              1 |               1 |
| GRAND TOTAL | Services Total        |       27500 |       16957 |          16890 |           22887 |
+-------------+-----------------------+-------------+-------------+----------------+-----------------+
29 rows in set, 2 warnings (0.12 sec)

Query OK, 0 rows affected (0.01 sec)

Query OK, 47 rows affected, 3 warnings (0.17 sec)
Records: 47  Duplicates: 0  Warnings: 3

+-------------+---------------+-----------------------+-------------+-------------+----------------+-----------------+
| region      | network       | services              | activecount | allaccounts | uniqueaccounts | uniquecontracts |
+-------------+---------------+-----------------------+-------------+-------------+----------------+-----------------+
| Mahe        | ADDON         | OTT Only              |           2 |           2 |              2 |               2 |
| Mahe        | ADDON         | TV & OTT              |          10 |           2 |              2 |               6 |
| Mahe        | ADDON         | TV Only               |           4 |           4 |              4 |               4 |
| Mahe        | ADDON         | Services Total        |          16 |           8 |              8 |              12 |
| Mahe        | GPON          | All                   |         140 |          23 |             23 |              74 |
| Mahe        | GPON          | Internet & Voice      |          64 |          25 |             25 |              52 |
| Mahe        | GPON          | Internet Only         |         895 |         826 |            826 |             849 |
| Mahe        | GPON          | TV & Internet         |        2875 |        1258 |           1258 |            2573 |
| Mahe        | GPON          | TV & Internet & OTT   |        1301 |         319 |            319 |             669 |
| Mahe        | GPON          | TV & Internet & Voice |         178 |          52 |             52 |             161 |
| Mahe        | GPON          | TV & OTT              |          93 |          25 |             25 |              28 |
| Mahe        | GPON          | TV & Voice            |          33 |          15 |             15 |              30 |
| Mahe        | GPON          | TV Only               |        1403 |         950 |            950 |            1001 |
| Mahe        | GPON          | Voice Only            |          13 |          13 |             13 |              13 |
| Mahe        | GPON          | Services Total        |        6995 |        3506 |           3506 |            5450 |
| Mahe        | HFC           | All                   |         163 |          28 |             28 |              89 |
| Mahe        | HFC           | Internet & Voice      |         325 |         150 |            150 |             289 |
| Mahe        | HFC           | Internet Only         |        3129 |        3113 |           3113 |            3127 |
| Mahe        | HFC           | TV & Internet         |        5386 |        2470 |           2470 |            4978 |
| Mahe        | HFC           | TV & Internet & OTT   |        1339 |         353 |            353 |             724 |
| Mahe        | HFC           | TV & Internet & Voice |         316 |          96 |             96 |             290 |
| Mahe        | HFC           | TV & OTT              |         224 |          34 |             34 |              45 |
| Mahe        | HFC           | TV & Voice            |          43 |          20 |             20 |              41 |
| Mahe        | HFC           | TV Only               |        7550 |        6035 |           6035 |            6157 |
| Mahe        | HFC           | Voice Only            |         139 |         138 |            138 |             139 |
| Mahe        | HFC           | Services Total        |       18614 |       12437 |          12437 |           15879 |
| Mahe        | MOBILE TV     | OTT Only              |           1 |           1 |              1 |               1 |
| Mahe        | MOBILE TV     | Services Total        |           1 |           1 |              1 |               1 |
| Mahe        | Network Total | Services Total        |       25626 |       15952 |          15891 |           21342 |
| Praslin     | ADDON         | TV Only               |           4 |           4 |              4 |               4 |
| Praslin     | ADDON         | Services Total        |           4 |           4 |              4 |               4 |
| Praslin     | GPON          | All                   |          18 |           3 |              3 |               9 |
| Praslin     | GPON          | Internet & Voice      |          12 |           6 |              6 |              12 |
| Praslin     | GPON          | Internet Only         |         215 |         215 |            215 |             215 |
| Praslin     | GPON          | TV & Internet         |         824 |         367 |            367 |             752 |
| Praslin     | GPON          | TV & Internet & OTT   |         409 |         116 |            116 |             240 |
| Praslin     | GPON          | TV & Internet & Voice |          14 |           4 |              4 |              13 |
| Praslin     | GPON          | TV & OTT              |          14 |           5 |              5 |               5 |
| Praslin     | GPON          | TV & Voice            |           3 |           1 |              1 |               3 |
| Praslin     | GPON          | TV Only               |         354 |         279 |            279 |             287 |
| Praslin     | GPON          | Voice Only            |           1 |           1 |              1 |               1 |
| Praslin     | GPON          | Services Total        |        1864 |         997 |            997 |            1537 |
| Praslin     | HFC           | Internet Only         |           1 |           1 |              1 |               1 |
| Praslin     | HFC           | TV Only               |           5 |           3 |              3 |               3 |
| Praslin     | HFC           | Services Total        |           6 |           4 |              4 |               4 |
| Praslin     | Network Total | Services Total        |        1874 |        1005 |           1002 |            1545 |
| GRAND TOTAL | Network Total | Services Total        |       27500 |       16957 |          16890 |           22887 |
+-------------+---------------+-----------------------+-------------+-------------+----------------+-----------------+
47 rows in set (0.00 sec)

Query OK, 0 rows affected (0.01 sec)

Query OK, 26805 rows affected (0.37 sec)
Records: 26805  Duplicates: 0  Warnings: 0

Query OK, 0 rows affected (0.01 sec)

Query OK, 2092 rows affected (1.34 sec)
Records: 2092  Duplicates: 0  Warnings: 0

+--------------------------------------+
| message                              |
+--------------------------------------+
| running rcbill_my.sp_ActiveNumber2() |
+--------------------------------------+
1 row in set (0.00 sec)

Query OK, 365 rows affected (1 min 38.89 sec)

mysql> mysql \. C:\workspace\cloud\code\sql\_DailyScript\currenttime.sql
+---------------------+
| currenttime         |
+---------------------+
| 2020-07-09 10:22:41 |
+---------------------+
1 row in set (0.00 sec)

mysql> 
mysql> mysql \. C:\workspace\cloud\code\sql\_DailyScript\GetActiveNumbers Average -Pivot.sql
Database changed
+-------------------------------------+
| @today := subdate(current_date(),1) |
+-------------------------------------+
| 2020-07-08                          |
+-------------------------------------+
1 row in set (0.00 sec)

+-------------------------------------+
| @lastdayofmonth := last_day(@today) |
+-------------------------------------+
| 2020-07-31                          |
+-------------------------------------+
1 row in set (0.00 sec)

Query OK, 0 rows affected (0.01 sec)

Query OK, 40239 rows affected, 65535 warnings (47.24 sec)
Records: 40239  Duplicates: 0  Warnings: 81678

Query OK, 0 rows affected (0.09 sec)
Records: 0  Duplicates: 0  Warnings: 0

Query OK, 0 rows affected (0.11 sec)
Records: 0  Duplicates: 0  Warnings: 0

Query OK, 0 rows affected (0.08 sec)
Records: 0  Duplicates: 0  Warnings: 0

+-----------------+
| activenumberavg |
+-----------------+
|           40239 |
+-----------------+
1 row in set (0.01 sec)

Query OK, 0 rows affected (0.01 sec)

Query OK, 1882 rows affected (0.46 sec)
Records: 1882  Duplicates: 0  Warnings: 0

+---------------------+
| rep_activenumberavg |
+---------------------+
|                1882 |
+---------------------+
1 row in set (0.00 sec)

+----------------------+
| rep_activenumberavg1 |
+----------------------+
|                  881 |
+----------------------+
1 row in set (0.00 sec)

Query OK, 0 rows affected (0.00 sec)

Query OK, 2089 rows affected (0.35 sec)
Records: 2089  Duplicates: 0  Warnings: 0

Query OK, 0 rows affected (0.00 sec)

Query OK, 10677 rows affected (0.62 sec)
Records: 10677  Duplicates: 0  Warnings: 0

Query OK, 0 rows affected (0.00 sec)

Query OK, 0 rows affected (0.00 sec)

Query OK, 0 rows affected (0.01 sec)

Query OK, 0 rows affected (0.00 sec)

Query OK, 0 rows affected (0.00 sec)
Statement prepared

Query OK, 53 rows affected (0.04 sec)
Records: 53  Duplicates: 0  Warnings: 0

Query OK, 0 rows affected (0.00 sec)

Query OK, 0 rows affected (0.00 sec)

+----------------------+
| rep_activenumberavg2 |
+----------------------+
|                 2089 |
+----------------------+
1 row in set (0.00 sec)

+------------------------+
| rep_activenumberavg_pv |
+------------------------+
|                     53 |
+------------------------+
1 row in set (0.00 sec)

Query OK, 0 rows affected (0.00 sec)

Query OK, 2089 rows affected (0.29 sec)
Records: 2089  Duplicates: 0  Warnings: 0

Query OK, 0 rows affected (0.00 sec)

Query OK, 0 rows affected (0.01 sec)

Query OK, 0 rows affected (0.01 sec)

Query OK, 0 rows affected (0.00 sec)

Query OK, 0 rows affected (0.00 sec)
Statement prepared

Query OK, 53 rows affected (0.04 sec)
Records: 53  Duplicates: 0  Warnings: 0

Query OK, 0 rows affected (0.00 sec)

Query OK, 0 rows affected (0.00 sec)

+-------------------------+
| rep_activenumberavgMahe |
+-------------------------+
|                    2089 |
+-------------------------+
1 row in set (0.00 sec)

+----------------------------+
| rep_activenumberavgMahe_pv |
+----------------------------+
|                         53 |
+----------------------------+
1 row in set (0.00 sec)

Query OK, 0 rows affected (0.01 sec)

Query OK, 1335 rows affected (0.14 sec)
Records: 1335  Duplicates: 0  Warnings: 0

Query OK, 0 rows affected (0.00 sec)

Query OK, 0 rows affected (0.00 sec)

Query OK, 0 rows affected (0.01 sec)

Query OK, 0 rows affected (0.00 sec)

Query OK, 0 rows affected (0.00 sec)
Statement prepared

Query OK, 40 rows affected (0.03 sec)
Records: 40  Duplicates: 0  Warnings: 0

Query OK, 0 rows affected (0.00 sec)

Query OK, 0 rows affected (0.00 sec)

+----------------------------+
| rep_activenumberavgPraslin |
+----------------------------+
|                       1335 |
+----------------------------+
1 row in set (0.00 sec)

+-------------------------------+
| rep_activenumberavgPraslin_pv |
+-------------------------------+
|                            40 |
+-------------------------------+
1 row in set (0.00 sec)

mysql> mysql \. C:\workspace\cloud\code\sql\_DailyScript\currenttime.sql
+---------------------+
| currenttime         |
+---------------------+
| 2020-07-09 10:23:31 |
+---------------------+
1 row in set (0.00 sec)

mysql> 
mysql> mysql \. C:\workspace\cloud\code\sql\_DailyScript\budget_actual_analysis_2020.sql
Query OK, 0 rows affected (0.01 sec)

Query OK, 840 rows affected, 3 warnings (0.15 sec)
Records: 840  Duplicates: 0  Warnings: 3

+--------------------+
| budget_actual_2020 |
+--------------------+
|                840 |
+--------------------+
1 row in set (0.00 sec)

Query OK, 0 rows affected (0.01 sec)

Query OK, 48 rows affected (0.04 sec)
Records: 48  Duplicates: 0  Warnings: 0

+---------------------------+
| rep_budget_actual_2020_pv |
+---------------------------+
|                        48 |
+---------------------------+
1 row in set (0.00 sec)

mysql> mysql \. C:\workspace\cloud\code\sql\_DailyScript\currenttime.sql
+---------------------+
| currenttime         |
+---------------------+
| 2020-07-09 10:23:31 |
+---------------------+
1 row in set (0.00 sec)

mysql> 
mysql> mysql \. C:\workspace\cloud\code\sql\_DailyScript\reports-sales-addons-prepaid-camera.sql
Database changed
Query OK, 0 rows affected (0.01 sec)

Query OK, 4107 rows affected (0.18 sec)
Records: 4107  Duplicates: 0  Warnings: 0

Query OK, 0 rows affected (0.01 sec)

Query OK, 19946 rows affected (14.36 sec)
Records: 19946  Duplicates: 0  Warnings: 0

+--------------------+
| rep_prepaid_camera |
+--------------------+
|               4107 |
+--------------------+
1 row in set (0.01 sec)

+-----------+
| rep_addon |
+-----------+
|     19946 |
+-----------+
1 row in set (0.01 sec)

mysql> mysql \. C:\workspace\cloud\code\sql\_DailyScript\currenttime.sql
+---------------------+
| currenttime         |
+---------------------+
| 2020-07-09 10:23:45 |
+---------------------+
1 row in set (0.00 sec)

mysql> 
mysql> mysql \. C:\workspace\cloud\code\sql\_DailyScript\housing-estate-analysis.sql
Database changed
Query OK, 0 rows affected (0.01 sec)

Query OK, 3166 rows affected (12.65 sec)
Records: 3166  Duplicates: 0  Warnings: 0

+--------------------+
| rep_housingestates |
+--------------------+
|               3166 |
+--------------------+
1 row in set (0.00 sec)

mysql> mysql \. C:\workspace\cloud\code\sql\_DailyScript\currenttime.sql
+---------------------+
| currenttime         |
+---------------------+
| 2020-07-09 10:23:58 |
+---------------------+
1 row in set (0.00 sec)

mysql> 
mysql> mysql \. C:\workspace\cloud\code\sql\_DailyScript\RCB_ClientAnalyticsReport_Script.sql
Database changed
Query OK, 0 rows affected (0.00 sec)

Query OK, 0 rows affected (0.06 sec)

Query OK, 1910704 rows affected (1 min 7.30 sec)
Records: 1910704  Duplicates: 0  Warnings: 0

Query OK, 0 rows affected (5.91 sec)
Records: 0  Duplicates: 0  Warnings: 0

Query OK, 0 rows affected (4.25 sec)
Records: 0  Duplicates: 0  Warnings: 0

Query OK, 0 rows affected (8.47 sec)
Records: 0  Duplicates: 0  Warnings: 0

Query OK, 0 rows affected (7.00 sec)
Records: 0  Duplicates: 0  Warnings: 0

Query OK, 0 rows affected (8.42 sec)
Records: 0  Duplicates: 0  Warnings: 0

Query OK, 0 rows affected (7.16 sec)
Records: 0  Duplicates: 0  Warnings: 0

Query OK, 0 rows affected (0.00 sec)

Query OK, 483830 rows affected (15.34 sec)
Rows matched: 1910704  Changed: 483830  Warnings: 0

Query OK, 0 rows affected (0.00 sec)

Query OK, 27719 rows affected (3.90 sec)
Records: 27719  Duplicates: 0  Warnings: 0

Query OK, 0 rows affected (0.02 sec)

Query OK, 43728 rows affected (10 min 1.01 sec)
Records: 43728  Duplicates: 0  Warnings: 0

Query OK, 0 rows affected (0.16 sec)
Records: 0  Duplicates: 0  Warnings: 0

Query OK, 0 rows affected (0.14 sec)
Records: 0  Duplicates: 0  Warnings: 0

Query OK, 0 rows affected (0.08 sec)
Records: 0  Duplicates: 0  Warnings: 0

Query OK, 0 rows affected (0.02 sec)

Query OK, 452163 rows affected (12 min 2.41 sec)
Records: 452163  Duplicates: 0  Warnings: 0

Query OK, 0 rows affected (1.67 sec)
Records: 0  Duplicates: 0  Warnings: 0

Query OK, 0 rows affected (1.94 sec)
Records: 0  Duplicates: 0  Warnings: 0

Query OK, 0 rows affected (1.70 sec)
Records: 0  Duplicates: 0  Warnings: 0

Query OK, 0 rows affected (1.72 sec)
Records: 0  Duplicates: 0  Warnings: 0

Query OK, 0 rows affected (1.08 sec)
Records: 0  Duplicates: 0  Warnings: 0

Query OK, 0 rows affected (0.00 sec)

Query OK, 43728 rows affected (1 min 18.12 sec)
Records: 43728  Duplicates: 0  Warnings: 0

+--------------+
| clientreport |
+--------------+
|        43728 |
+--------------+
1 row in set (0.03 sec)

Query OK, 0 rows affected (0.00 sec)

Query OK, 43728 rows affected (5.42 sec)
Records: 43728  Duplicates: 0  Warnings: 0

+----------------------+
| clientextendedreport |
+----------------------+
|                43728 |
+----------------------+
1 row in set (0.02 sec)

Query OK, 0 rows affected (0.01 sec)

Query OK, 43728 rows affected (53.76 sec)
Records: 43728  Duplicates: 0  Warnings: 0

+---------+
| allcust |
+---------+
|   43728 |
+---------+
1 row in set (0.01 sec)

Query OK, 0 rows affected, 1 warning (0.00 sec)

Query OK, 5000 rows affected (0.13 sec)
Records: 5000  Duplicates: 0  Warnings: 0

Query OK, 0 rows affected (0.00 sec)

Query OK, 6845 rows affected (0.30 sec)
Records: 6845  Duplicates: 0  Warnings: 0

Query OK, 0 rows affected, 1 warning (0.00 sec)

Query OK, 5000 rows affected (0.13 sec)
Records: 5000  Duplicates: 0  Warnings: 0

Query OK, 0 rows affected (0.01 sec)

Query OK, 7326 rows affected (0.18 sec)
Records: 7326  Duplicates: 0  Warnings: 0

mysql> mysql \. C:\workspace\cloud\code\sql\_DailyScript\currenttime.sql
+---------------------+
| currenttime         |
+---------------------+
| 2020-07-09 10:50:36 |
+---------------------+
1 row in set (0.00 sec)

mysql> 
mysql> 
mysql> mysql \. C:\workspace\cloud\code\sql\_DailyScript\REVENUE_PER_NODE_MXK.sql
Query OK, 0 rows affected (0.01 sec)

Query OK, 0 rows affected (0.01 sec)

Query OK, 0 rows affected (0.01 sec)

Query OK, 6207 rows affected (1.86 sec)
Records: 6207  Duplicates: 0  Warnings: 0

+----------------------+
| message              |
+----------------------+
| created temp table a |
+----------------------+
1 row in set (0.00 sec)

Query OK, 6250 rows affected (0.82 sec)
Records: 6250  Duplicates: 0  Warnings: 0

+----------------------+
| message              |
+----------------------+
| created temp table b |
+----------------------+
1 row in set (0.00 sec)

Query OK, 0 rows affected, 1 warning (0.00 sec)

Query OK, 6523 rows affected (12.22 sec)
Records: 6523  Duplicates: 0  Warnings: 0

+--------------------------------+
| message                        |
+--------------------------------+
| created rcbill_my.tempcustmxk1 |
+--------------------------------+
1 row in set (0.00 sec)

Query OK, 0 rows affected (0.00 sec)

Query OK, 0 rows affected (0.00 sec)

Query OK, 0 rows affected, 1 warning (0.00 sec)

Query OK, 6207 rows affected (1.47 sec)
Records: 6207  Duplicates: 0  Warnings: 0

+----------------+
| message        |
+----------------+
| created temp a |
+----------------+
1 row in set (0.00 sec)

Query OK, 6250 rows affected (0.64 sec)
Records: 6250  Duplicates: 0  Warnings: 0

+----------------+
| message        |
+----------------+
| created temp b |
+----------------+
1 row in set (0.00 sec)

Query OK, 0 rows affected, 1 warning (0.00 sec)

Query OK, 6348 rows affected (8.04 sec)
Records: 6348  Duplicates: 0  Warnings: 0

+--------------------------------+
| message                        |
+--------------------------------+
| created rcbill_my.tempcustmxk2 |
+--------------------------------+
1 row in set (0.00 sec)

Query OK, 0 rows affected (0.00 sec)

Query OK, 0 rows affected (0.00 sec)

Query OK, 0 rows affected, 1 warning (0.00 sec)

Query OK, 0 rows affected (0.02 sec)

Query OK, 7344 rows affected (0.31 sec)
Records: 7344  Duplicates: 0  Warnings: 0

+---------------------------------+
| message                         |
+---------------------------------+
| created rcbill_my.customers_mxk |
+---------------------------------+
1 row in set (0.00 sec)

Query OK, 0 rows affected (0.00 sec)

Query OK, 0 rows affected (0.01 sec)

Query OK, 14100 rows affected (5.31 sec)
Records: 14100  Duplicates: 0  Warnings: 0

+----------------+
| message        |
+----------------+
| created temp a |
+----------------+
1 row in set (0.00 sec)

Query OK, 20149 rows affected (1.38 sec)
Records: 20149  Duplicates: 0  Warnings: 0

+----------------+
| message        |
+----------------+
| created temp c |
+----------------+
1 row in set (0.00 sec)

Query OK, 0 rows affected, 1 warning (0.00 sec)

Query OK, 27512 rows affected (0.28 sec)
Records: 27512  Duplicates: 0  Warnings: 0

+---------------------------------+
| message                         |
+---------------------------------+
| created rcbill_my.tempcustcmts1 |
+---------------------------------+
1 row in set (0.00 sec)

Query OK, 0 rows affected (0.00 sec)

Query OK, 0 rows affected, 1 warning (0.00 sec)

Query OK, 0 rows affected (0.01 sec)

Query OK, 14100 rows affected (5.72 sec)
Records: 14100  Duplicates: 0  Warnings: 0

+----------------+
| message        |
+----------------+
| created temp a |
+----------------+
1 row in set (0.00 sec)

Query OK, 20149 rows affected (1.33 sec)
Records: 20149  Duplicates: 0  Warnings: 0

+----------------+
| message        |
+----------------+
| created temp c |
+----------------+
1 row in set (0.00 sec)

Query OK, 0 rows affected, 1 warning (0.00 sec)

Query OK, 20832 rows affected (0.28 sec)
Records: 20832  Duplicates: 0  Warnings: 0

+---------------------------------+
| message                         |
+---------------------------------+
| created rcbill_my.tempcustcmts2 |
+---------------------------------+
1 row in set (0.00 sec)

Query OK, 0 rows affected (0.01 sec)

Query OK, 0 rows affected, 1 warning (0.00 sec)

Query OK, 0 rows affected (0.00 sec)

Query OK, 0 rows affected (0.00 sec)

Query OK, 14258 rows affected (0.92 sec)
Records: 14258  Duplicates: 0  Warnings: 0

+----------------------------------+
| message                          |
+----------------------------------+
| created rcbill_my.customers_cmts |
+----------------------------------+
1 row in set (0.00 sec)

Query OK, 0 rows affected (0.00 sec)

Query OK, 0 rows affected (0.00 sec)

Query OK, 0 rows affected (0.02 sec)

Query OK, 18379 rows affected (0.77 sec)
Records: 18379  Duplicates: 0  Warnings: 0

+--------------------------------------+
| message                              |
+--------------------------------------+
| created rcbill_my.customers_cmts_mxk |
+--------------------------------------+
1 row in set (0.02 sec)

Query OK, 479089 rows affected (56.27 sec)
Records: 479089  Duplicates: 0  Warnings: 0

+----------------+
| message        |
+----------------+
| created temp a |
+----------------+
1 row in set (0.00 sec)

Query OK, 0 rows affected (0.01 sec)

Query OK, 479846 rows affected (10.51 sec)
Records: 479846  Duplicates: 0  Warnings: 0

+------------------------------------------------+
| message                                        |
+------------------------------------------------+
| created rcbill_my.customers_contracts_cmts_mxk |
+------------------------------------------------+
1 row in set (0.02 sec)

Query OK, 0 rows affected (0.00 sec)

Query OK, 0 rows affected, 1 warning (0.00 sec)

Query OK, 0 rows affected, 1 warning (0.00 sec)

Query OK, 0 rows affected (0.00 sec)

Query OK, 8245 rows affected (2.66 sec)
Rows matched: 8245  Changed: 8245  Warnings: 0

+------------------------------------------------+
| message                                        |
+------------------------------------------------+
| updated rcbill_my.customers_contracts_cmts_mxk |
+------------------------------------------------+
1 row in set (0.00 sec)

Query OK, 0 rows affected (0.03 sec)

Query OK, 1910733 rows affected (3 min 31.54 sec)
Records: 1910733  Duplicates: 0  Warnings: 0

+----------------------------------------+
| message                                |
+----------------------------------------+
| created rcbill_my.customers_collection |
+----------------------------------------+
1 row in set (0.00 sec)

Query OK, 0 rows affected (0.03 sec)

Query OK, 2206055 rows affected (1 min 42.24 sec)
Records: 2206055  Duplicates: 0  Warnings: 0

+------------------------------------------------+
| message                                        |
+------------------------------------------------+
| created rcbill_my.customers_cmts_mxk_cont_coll |
+------------------------------------------------+
1 row in set (0.00 sec)

Query OK, 0 rows affected (0.03 sec)

Query OK, 438264 rows affected (2 min 8.06 sec)
Records: 438264  Duplicates: 0  Warnings: 0

+--------------------------------------------------------+
| message                                                |
+--------------------------------------------------------+
| created rcbill_my.customers_contracts_collection_pivot |
+--------------------------------------------------------+
1 row in set (0.00 sec)

Query OK, 0 rows affected (0.02 sec)

Query OK, 39799 rows affected (2 min 13.42 sec)
Records: 39799  Duplicates: 0  Warnings: 0

+----------------------------------------------+
| message                                      |
+----------------------------------------------+
| created rcbill_my.customers_collection_pivot |
+----------------------------------------------+
1 row in set (0.00 sec)

Query OK, 0 rows affected (0.01 sec)

Query OK, 43728 rows affected (2.08 sec)
Records: 43728  Duplicates: 0  Warnings: 0

+--------------------------------------------+
| message                                    |
+--------------------------------------------+
| created rcbill_my.rep_customers_collection |
+--------------------------------------------+
1 row in set (0.00 sec)

Query OK, 0 rows affected (0.00 sec)

Query OK, 0 rows affected, 1 warning (0.00 sec)

Query OK, 445935 rows affected (12.80 sec)
Records: 445935  Duplicates: 0  Warnings: 0

+-------------------------+
| message                 |
+-------------------------+
| created rcbill_my.tempa |
+-------------------------+
1 row in set (0.00 sec)

Query OK, 0 rows affected, 1 warning (0.00 sec)

Query OK, 438264 rows affected (18.53 sec)
Records: 438264  Duplicates: 0  Warnings: 0

+-------------------------+
| message                 |
+-------------------------+
| created rcbill_my.tempb |
+-------------------------+
1 row in set (0.00 sec)

Query OK, 445935 rows affected (19.94 sec)
Records: 445935  Duplicates: 0  Warnings: 0

+-----------+
| message   |
+-----------+
| created a |
+-----------+
1 row in set (0.00 sec)

Query OK, 438276 rows affected (21.20 sec)
Records: 438276  Duplicates: 0  Warnings: 0

+-----------+
| message   |
+-----------+
| created b |
+-----------+
1 row in set (0.00 sec)

Query OK, 0 rows affected (0.02 sec)

Query OK, 0 rows affected (0.02 sec)

Query OK, 0 rows affected (0.03 sec)

Query OK, 482350 rows affected (51.36 sec)
Records: 482350  Duplicates: 0  Warnings: 0

+----------------------------------------------+
| message                                      |
+----------------------------------------------+
| created rcbill_my.cust_cont_payment_cmts_mxk |
+----------------------------------------------+
1 row in set (0.00 sec)

Query OK, 0 rows affected (0.02 sec)

Query OK, 0 rows affected (0.01 sec)

Query OK, 0 rows affected, 1 warning (0.00 sec)

Query OK, 0 rows affected (0.00 sec)

Query OK, 43728 rows affected (17.17 sec)
Records: 43728  Duplicates: 0  Warnings: 0

+--------------------------------------------------+
| message                                          |
+--------------------------------------------------+
| created rcbill_my.rep_cust_cont_payment_cmts_mxk |
+--------------------------------------------------+
1 row in set (0.02 sec)

Query OK, 0 rows affected, 1 warning (0.00 sec)

Query OK, 0 rows affected, 1 warning (0.00 sec)

Query OK, 0 rows affected (0.00 sec)

Query OK, 43728 rows affected, 5 warnings (7.60 sec)
Records: 43728  Duplicates: 0  Warnings: 5

+----------------------+
| rep_custconsolidated |
+----------------------+
|                43728 |
+----------------------+
1 row in set (0.48 sec)

Query OK, 0 rows affected (0.00 sec)

Query OK, 0 rows affected (0.02 sec)

+----------------------------------------------+
| message                                      |
+----------------------------------------------+
| creating rcbill_my.retentioncustomeractivity |
+----------------------------------------------+
1 row in set (0.00 sec)

Query OK, 865 rows affected (0.09 sec)
Records: 865  Duplicates: 0  Warnings: 0

+---------------------------+
| retentioncustomeractivity |
+---------------------------+
|                       865 |
+---------------------------+
1 row in set (0.00 sec)

+-----------+------------------------------------+------------+-------------+-----------------+------------------+---------------------+-------------------+
| HFC_NODE  | NODENAME                           | CMTS_DATE  | INSERTED_ON | UNIQUE_ACCOUNTS | UNIQUE_CONTRACTS | UNIQUE_MAC_INRCBOSS | UNIQUE_MAC_INCMTS |
+-----------+------------------------------------+------------+-------------+-----------------+------------------+---------------------+-------------------+
| NULL      | NULL                               | NULL       | 2020-07-09  |            6553 |             6901 |                6945 |                 0 |
| C5/0/0/U0 | ANSE-BOILEAU-2                     | 2020-04-22 | 2020-07-09  |             185 |              192 |                 185 |               188 |
| C5/0/0/U1 | 500-C3-ANSE-BOILEAU                | 2020-04-22 | 2020-07-09  |             184 |              187 |                 184 |               185 |
| C5/0/1/U0 | 501-C4-LA-MISIERE-LEFT-I           | 2020-04-22 | 2020-07-09  |             167 |              174 |                 167 |               170 |
| C5/0/1/U1 | 501-C5-LA-MISIERE-RIGHT            | 2020-04-22 | 2020-07-09  |             110 |              114 |                 111 |               115 |
| C5/0/1/U2 | 501-C7-LA-MISIERE-LEFT-II          | 2020-04-22 | 2020-07-09  |             154 |              156 |                 154 |               157 |
| C5/0/2/U0 | 502-C8-LA-LOUISE                   | 2020-04-22 | 2020-07-09  |             147 |              147 |                 147 |               154 |
| C5/0/2/U1 | LA-LOUISE-2                        | 2020-04-22 | 2020-07-09  |             138 |              140 |                 138 |               142 |
| C5/0/3/U0 | 504-C6-PETIT-PARIS                 | 2020-04-22 | 2020-07-09  |             154 |              158 |                 154 |               158 |
| C5/0/3/U1 | PETIT-PARIS-23                     | 2020-04-22 | 2020-07-09  |              77 |               78 |                  77 |                81 |
| C5/0/4/U0 | FOUR-SEASONS                       | 2020-04-22 | 2020-07-09  |               1 |                1 |                   1 |                 1 |
| C5/0/4/U1 | ANCHOR-CAFE-I                      | 2020-04-22 | 2020-07-09  |             145 |              147 |                 145 |               147 |
| C5/0/4/U2 | ANCHOR-CAFE-II                     | 2020-04-22 | 2020-07-09  |             160 |              164 |                 160 |               161 |
| C5/1/0/U0 | POINTE-LARUE-AIRPORT-23            | 2020-04-22 | 2020-07-09  |              77 |               82 |                  78 |                84 |
| C5/1/0/U1 | PPROVIDENCE-23                     | 2020-04-22 | 2020-07-09  |              17 |               18 |                  18 |                19 |
| C5/1/0/U2 | ROSHE-CAIMAN-23                    | 2020-04-22 | 2020-07-09  |               6 |                7 |                   6 |                 6 |
| C5/1/0/U3 | HEAD-OFFICE | HO-23                | 2020-04-22 | 2020-07-09  |              22 |               23 |                  22 |                22 |
| C5/1/1/U1 | C5-UNION-VALE                      | 2020-04-22 | 2020-07-09  |             200 |              203 |                 200 |               203 |
| C5/1/3/U0 | POINTE-LARUE-AIRPORT-27            | 2020-04-22 | 2020-07-09  |             162 |              165 |                 162 |               171 |
| C5/1/3/U1 | PPROVIDENCE-27                     | 2020-04-22 | 2020-07-09  |              21 |               21 |                  21 |                21 |
| C5/1/3/U2 | ROSHE-CAIMAN-27                    | 2020-04-22 | 2020-07-09  |              35 |               35 |                  34 |                35 |
| C5/1/3/U3 | HEAD-OFFICE | HO-27                | 2020-04-22 | 2020-07-09  |              17 |               17 |                  17 |                17 |
| C5/1/4/U0 | ANSE-ROYALE-27                     | 2020-04-22 | 2020-07-09  |             100 |              101 |                 100 |               103 |
| C5/1/4/U1 | GLACIS-2-57                        | 2020-04-22 | 2020-07-09  |              80 |               85 |                  80 |                82 |
| C5/1/4/U2 | NULL                               | 2020-04-22 | 2020-07-09  |              94 |               97 |                  94 |                98 |
| C5/1/4/U3 | GLACIS-1                           | 2020-04-22 | 2020-07-09  |              40 |               42 |                  40 |                43 |
| C6/0/1/U0 | SERRET-ROAD-RIGHT/CURIO/PASCAL     | 2020-04-22 | 2020-07-09  |             125 |              125 |                 125 |               127 |
| C6/0/1/U1 | SERRET-ROAD-LEFT/ST.LOUIS/TOWN     | 2020-04-22 | 2020-07-09  |             129 |              133 |                 129 |               134 |
| C6/0/1/U2 | SERRET-ROAD-RIGHT/CURIO/PASCAL-2   | 2020-04-22 | 2020-07-09  |             122 |              125 |                 122 |               122 |
| C6/0/1/U3 | SERRET-ROAD-LEFT/ST.LOUIS/TOWN-2   | 2020-04-22 | 2020-07-09  |             133 |              138 |                 133 |               135 |
| C6/0/2/U0 | SANS-SOUCIS-I                      | 2020-04-22 | 2020-07-09  |              91 |               94 |                  92 |                92 |
| C6/0/2/U1 | SANS-SOUCIS-II                     | 2020-04-22 | 2020-07-09  |             131 |              134 |                 130 |               133 |
| C6/0/2/U2 | BEL-AIR-27                         | 2020-04-22 | 2020-07-09  |              97 |               99 |                  97 |               101 |
| C6/0/2/U3 | BEL-AIR-38                         | 2020-04-22 | 2020-07-09  |             101 |              106 |                 101 |               103 |
| C6/0/3/U0 | LES-MAMELLES-23                    | 2020-04-22 | 2020-07-09  |              78 |               78 |                  78 |                80 |
| C6/0/3/U1 | VICTORIA-23                        | 2020-04-22 | 2020-07-09  |              33 |               34 |                  34 |                38 |
| C6/0/4/U0 | LES-MAMELLES-27                    | 2020-04-22 | 2020-07-09  |              77 |               77 |                  77 |                79 |
| C6/0/4/U1 | VICTORIA-27                        | 2020-04-22 | 2020-07-09  |              10 |               11 |                  10 |                10 |
| C7/1/0/U0 | LA-RETRAITE-23                     | 2020-04-22 | 2020-07-09  |             109 |              115 |                 109 |               111 |
| C7/1/0/U1 | TEA-FACTORY-23                     | 2020-04-22 | 2020-07-09  |              22 |               27 |                  22 |                22 |
| C7/1/0/U2 | PAS-23                             | 2020-04-22 | 2020-07-09  |              84 |               88 |                  84 |                87 |
| C7/1/1/U0 | REEF-ESTATE-23                     | 2020-04-22 | 2020-07-09  |              75 |               77 |                  75 |                77 |
| C7/1/2/U0 | LA-RETRAITE-27                     | 2020-04-22 | 2020-07-09  |              80 |               81 |                  80 |                82 |
| C7/1/2/U1 | TEA-FACTORY-27                     | 2020-04-22 | 2020-07-09  |              27 |               33 |                  30 |                31 |
| C7/1/2/U2 | PAS-27                             | 2020-04-22 | 2020-07-09  |             105 |              106 |                 105 |               109 |
| C7/1/3/U0 | MT-BUXTON-27                       | 2020-04-22 | 2020-07-09  |             161 |              163 |                 161 |               164 |
| C7/1/3/U1 | MT-BUXTON-23                       | 2020-04-22 | 2020-07-09  |              80 |               81 |                  80 |                80 |
| C7/1/4/U0 | REEF-ESTATE-27                     | 2020-04-22 | 2020-07-09  |              91 |               91 |                  91 |                91 |
| C8/0/0/U0 | POLICE-ACADEMY-1-27 - POINTE LARUE | 2020-04-22 | 2020-07-09  |             228 |              230 |                 227 |               232 |
| C8/0/0/U1 | NULL                               | 2020-04-22 | 2020-07-09  |             113 |              118 |                 114 |               117 |
| C8/0/1/U0 | NULL                               | 2020-04-22 | 2020-07-09  |             174 |              175 |                 174 |               177 |
| C8/0/1/U1 | POLICE-ACADEMY-2-27 - TURTLE BAY   | 2020-04-22 | 2020-07-09  |             144 |              147 |                 145 |               147 |
| C8/0/2/U0 | BEAU-VALLON-LEFT-1-57              | 2020-04-22 | 2020-07-09  |              39 |               40 |                  39 |                40 |
| C8/0/3/U1 | BEAU-VALLON-RIGHT-2-57             | 2020-04-22 | 2020-07-09  |              89 |               94 |                  89 |                93 |
| C8/1/0/U0 | MA-JOIE-NODE-27                    | 2020-04-22 | 2020-07-09  |             107 |              110 |                 107 |               109 |
| C8/1/0/U1 | BELONIE-27                         | 2020-04-22 | 2020-07-09  |             151 |              153 |                 150 |               151 |
| C8/1/0/U3 | MA-JOIE-NODE-23                    | 2020-04-22 | 2020-07-09  |             101 |              102 |                 100 |               102 |
| C8/1/1/U0 | 611-C1-ROJN I                      | 2020-04-22 | 2020-07-09  |             122 |              124 |                 122 |               126 |
| C8/1/1/U1 | 611-C5-ROJN II                     | 2020-04-22 | 2020-07-09  |             118 |              118 |                 118 |               119 |
| C8/1/2/U0 | 612-C2-ANSE-ETOILE                 | 2020-04-22 | 2020-07-09  |             134 |              135 |                 134 |               137 |
| C8/1/2/U1 | ANSE-ETOILE-U2                     | 2020-04-22 | 2020-07-09  |              81 |               83 |                  81 |                83 |
| C8/1/3/U0 | 613-C3-ANSE-GAULETTE I             | 2020-04-22 | 2020-07-09  |              73 |               76 |                  73 |                74 |
| C8/1/3/U1 | 613-C7-ANSE-GAULETTE II            | 2020-04-22 | 2020-07-09  |              78 |               84 |                  79 |                79 |
| C8/1/3/U2 | 613-C3-ANSE-GAULETTE III           | 2020-04-22 | 2020-07-09  |              36 |               38 |                  36 |                36 |
| C8/1/3/U3 | TAKAMAKA I                         | 2020-04-22 | 2020-07-09  |             106 |              107 |                 106 |               108 |
| C8/1/3/U4 | TAKAMAKA II                        | 2020-04-22 | 2020-07-09  |             106 |              110 |                 106 |               109 |
| C8/1/4/U0 | 614-BEOLIERE-NODE-1                | 2020-04-22 | 2020-07-09  |             106 |              108 |                 106 |               111 |
| C8/1/4/U1 | 614-BEOLIERE-NODE-2                | 2020-04-22 | 2020-07-09  |             117 |              120 |                 118 |               121 |
+-----------+------------------------------------+------------+-------------+-----------------+------------------+---------------------+-------------------+
68 rows in set (0.17 sec)

+------------------+------------+-------------+-----------------+------------------+----------------------+-------------------+
| MXK_NAME         | MXK_DATE   | INSERTED_ON | UNIQUE_ACCOUNTS | UNIQUE_CONTRACTS | UNIQUE_FSAN_INRCBOSS | UNIQUE_FSAN_INMXK |
+------------------+------------+-------------+-----------------+------------------+----------------------+-------------------+
| NULL             | NULL       | 2020-07-09  |             972 |              991 |                  980 |                 0 |
| MXK-ANSEETOILE   | 2020-04-22 | 2020-07-09  |             292 |              296 |                  295 |               308 |
| MXK-ANSEROYALE   | 2020-04-22 | 2020-07-09  |             132 |              132 |                  132 |               154 |
| MXK-BEAUVALLON   | 2020-04-22 | 2020-07-09  |            1685 |             1707 |                 1698 |              1812 |
| MXK-MAHE         | 2020-04-22 | 2020-07-09  |             913 |              938 |                  870 |              1105 |
| MXK-PERSEVERANCE | 2020-04-22 | 2020-07-09  |             972 |              982 |                  981 |              1138 |
| MXK-PRASLIN      | 2020-04-22 | 2020-07-09  |            1230 |             1234 |                 1228 |              1435 |
+------------------+------------+-------------+-----------------+------------------+----------------------+-------------------+
7 rows in set (0.07 sec)

mysql> mysql \. C:\workspace\cloud\code\sql\_DailyScript\currenttime.sql
+---------------------+
| currenttime         |
+---------------------+
| 2020-07-09 11:04:34 |
+---------------------+
1 row in set (0.00 sec)

mysql> 
mysql> 
mysql> mysql \. C:\workspace\cloud\code\sql\Analysis\service_tickets_assignments.sql
Query OK, 0 rows affected (0.01 sec)

Query OK, 59920 rows affected (9.09 sec)
Records: 59920  Duplicates: 0  Warnings: 0

+-------------------------+
| rep_servicetickets_2020 |
+-------------------------+
|                   59920 |
+-------------------------+
1 row in set (2.00 sec)

mysql> mysql \. C:\workspace\cloud\code\sql\_DailyScript\currenttime.sql
+---------------------+
| currenttime         |
+---------------------+
| 2020-07-09 11:04:45 |
+---------------------+
1 row in set (0.00 sec)

mysql> 
mysql> 
mysql> exit
