    -> 
    -> mysql \. C:\workspace\cloud\code\sql\_DailyScript\_setdates.sql
Database changed
Query OK, 0 rows affected (0.00 sec)

Query OK, 0 rows affected (0.00 sec)

Query OK, 0 rows affected (0.00 sec)

Query OK, 0 rows affected (0.00 sec)

Query OK, 0 rows affected (0.00 sec)

Query OK, 0 rows affected (0.00 sec)

Query OK, 0 rows affected (0.00 sec)

Query OK, 0 rows affected (0.00 sec)

mysql> 
mysql> mysql \. C:\workspace\cloud\code\sql\_DailyScript\load_RCB_VODTITLES.sql
Database changed
Query OK, 0 rows affected (0.00 sec)

Query OK, 1249 rows affected (0.32 sec)

Query OK, 1251 rows affected, 1251 warnings (0.05 sec)
Records: 1251  Deleted: 0  Skipped: 0  Warnings: 1251

Query OK, 0 rows affected (0.00 sec)

Query OK, 2 rows affected (0.00 sec)

+-----------+
| VODTITLES |
+-----------+
|      1710 |
+-----------+
1 row in set (0.00 sec)

mysql> 
mysql> mysql \. C:\workspace\cloud\code\sql\_DailyScript\DAILY-SCRIPT-LIVETV-STATS.sql
Database changed
Query OK, 0 rows affected (0.18 sec)

Query OK, 60396 rows affected (10 min 57.62 sec)
Records: 60396  Duplicates: 0  Warnings: 0

+------------+------------+----------+--------------+--------------+-----------+-------------+----------+--------+------+------------+---------+---------------+
| Table      | Non_unique | Key_name | Seq_in_index | Column_name  | Collation | Cardinality | Sub_part | Packed | Null | Index_type | Comment | Index_comment |
+------------+------------+----------+--------------+--------------+-----------+-------------+----------+--------+------+------------+---------+---------------+
| templivetv |          1 | idxtv1   |            1 | device       | A         |       60890 |     NULL | NULL   | YES  | BTREE      |         |               |
| templivetv |          1 | idxtv2   |            1 | sessionstart | A         |       60890 |     NULL | NULL   | YES  | BTREE      |         |               |
+------------+------------+----------+--------------+--------------+-----------+-------------+----------+--------+------+------------+---------+---------------+
2 rows in set (0.00 sec)

Query OK, 60232 rows affected (1 min 23.23 sec)
Records: 60232  Duplicates: 0  Warnings: 0

Query OK, 2823 rows affected (1.68 sec)
Records: 2823  Duplicates: 0  Warnings: 0

Query OK, 0 rows affected (0.00 sec)

Query OK, 0 rows affected (0.00 sec)

Query OK, 144 rows affected (0.24 sec)
Records: 144  Duplicates: 0  Warnings: 0

Query OK, 0 rows affected (0.73 sec)

Query OK, 39145 rows affected (6 min 38.69 sec)
Records: 39145  Duplicates: 0  Warnings: 0

+-----------------+
| rep_livetvstats |
+-----------------+
|           39145 |
+-----------------+
1 row in set (0.01 sec)

mysql> mysql \. C:\workspace\cloud\code\sql\_DailyScript\DAILY-SCRIPT-VODTS-STATS.sql
Database changed
Query OK, 0 rows affected (0.00 sec)

Query OK, 0 rows affected (0.02 sec)

Query OK, 871 rows affected (26.82 sec)
Records: 871  Duplicates: 0  Warnings: 0

+---------+------------+----------+--------------+--------------+-----------+-------------+----------+--------+------+------------+---------+---------------+
| Table   | Non_unique | Key_name | Seq_in_index | Column_name  | Collation | Cardinality | Sub_part | Packed | Null | Index_type | Comment | Index_comment |
+---------+------------+----------+--------------+--------------+-----------+-------------+----------+--------+------+------------+---------+---------------+
| tempvod |          1 | idxtvod1 |            1 | device       | A         |         931 |     NULL | NULL   | YES  | BTREE      |         |               |
| tempvod |          1 | idxtvod2 |            1 | sessionstart | A         |         931 |     NULL | NULL   | YES  | BTREE      |         |               |
+---------+------------+----------+--------------+--------------+-----------+-------------+----------+--------+------+------------+---------+---------------+
2 rows in set (0.00 sec)

Query OK, 871 rows affected (0.72 sec)
Records: 871  Duplicates: 0  Warnings: 0

Query OK, 0 rows affected (0.01 sec)

Query OK, 84425 rows affected (8.95 sec)
Records: 84425  Duplicates: 0  Warnings: 0

+--------------+
| rep_vodstats |
+--------------+
|        84425 |
+--------------+
1 row in set (0.03 sec)

Database changed
Query OK, 0 rows affected (0.03 sec)

Query OK, 11068 rows affected (4 min 30.11 sec)
Records: 11068  Duplicates: 0  Warnings: 0

+--------+------------+----------+--------------+--------------+-----------+-------------+----------+--------+------+------------+---------+---------------+
| Table  | Non_unique | Key_name | Seq_in_index | Column_name  | Collation | Cardinality | Sub_part | Packed | Null | Index_type | Comment | Index_comment |
+--------+------------+----------+--------------+--------------+-----------+-------------+----------+--------+------+------------+---------+---------------+
| tempts |          1 | idxtts1  |            1 | device       | A         |       10562 |     NULL | NULL   | YES  | BTREE      |         |               |
| tempts |          1 | idxtts2  |            1 | sessionstart | A         |       10562 |     NULL | NULL   | YES  | BTREE      |         |               |
+--------+------------+----------+--------------+--------------+-----------+-------------+----------+--------+------+------------+---------+---------------+
2 rows in set (0.00 sec)

Query OK, 11051 rows affected (12.34 sec)
Records: 11051  Duplicates: 0  Warnings: 0

Query OK, 0 rows affected (0.45 sec)

Query OK, 11735 rows affected (3 min 13.91 sec)
Records: 11735  Duplicates: 0  Warnings: 0

+-------------+
| rep_tsstats |
+-------------+
|       11735 |
+-------------+
1 row in set (0.01 sec)

mysql> mysql \. C:\workspace\cloud\code\sql\_DailyScript\DAILY-SCRIPT-RADIO-STATS.sql
Database changed
Query OK, 0 rows affected (0.04 sec)

Query OK, 88957 rows affected (3.61 sec)
Records: 88957  Duplicates: 0  Warnings: 0

+-----------+------------+----------+--------------+--------------+-----------+-------------+----------+--------+------+------------+---------+---------------+
| Table     | Non_unique | Key_name | Seq_in_index | Column_name  | Collation | Cardinality | Sub_part | Packed | Null | Index_type | Comment | Index_comment |
+-----------+------------+----------+--------------+--------------+-----------+-------------+----------+--------+------+------------+---------+---------------+
| tempradio |          1 | idxtrad1 |            1 | device       | A         |       89077 |     NULL | NULL   | YES  | BTREE      |         |               |
| tempradio |          1 | idxtrad2 |            1 | sessionstart | A         |       89077 |     NULL | NULL   | YES  | BTREE      |         |               |
+-----------+------------+----------+--------------+--------------+-----------+-------------+----------+--------+------+------------+---------+---------------+
2 rows in set (0.00 sec)

Query OK, 306 rows affected (2.80 sec)
Records: 306  Duplicates: 0  Warnings: 0

Query OK, 0 rows affected (0.19 sec)

Query OK, 1543 rows affected (0.17 sec)
Records: 1543  Duplicates: 0  Warnings: 0

+----------------+
| rep_radiostats |
+----------------+
|           1543 |
+----------------+
1 row in set (0.00 sec)

mysql> mysql \. C:\workspace\cloud\code\sql\_DailyScript\DAILY_SCRIPT_TELEMETRY_PIVOT.sql
Query OK, 0 rows affected (0.01 sec)

Query OK, 169 rows affected (0.76 sec)
Records: 169  Duplicates: 0  Warnings: 0

Query OK, 0 rows affected (0.13 sec)

Query OK, 1079 rows affected (0.47 sec)
Records: 1079  Duplicates: 0  Warnings: 0

Query OK, 0 rows affected (0.00 sec)

Query OK, 12 rows affected (0.17 sec)
Records: 12  Duplicates: 0  Warnings: 0

Query OK, 0 rows affected (0.00 sec)

Query OK, 47 rows affected (0.04 sec)
Records: 47  Duplicates: 0  Warnings: 0

mysql> 
mysql> mysql \. C:\workspace\cloud\code\sql\_DailyScript\telemetry_livetv_ranking2018.sql
Query OK, 0 rows affected (0.00 sec)

Query OK, 169 rows affected (0.02 sec)
Records: 169  Duplicates: 0  Warnings: 0

mysql> mysql \. C:\workspace\cloud\code\sql\_DailyScript\telemetry_radio_ranking2018.sql
Query OK, 0 rows affected (0.01 sec)

Query OK, 12 rows affected (0.05 sec)
Records: 12  Duplicates: 0  Warnings: 0

mysql> mysql \. C:\workspace\cloud\code\sql\_DailyScript\telemetry_ts_ranking2018.sql
Query OK, 0 rows affected (0.00 sec)

Query OK, 47 rows affected (0.15 sec)
Records: 47  Duplicates: 0  Warnings: 0

mysql> mysql \. C:\workspace\cloud\code\sql\_DailyScript\telemetry_vod_ranking2018.sql
Query OK, 0 rows affected (0.10 sec)

Query OK, 1079 rows affected (0.05 sec)
Records: 1079  Duplicates: 0  Warnings: 0

mysql> mysql \. C:\workspace\cloud\code\sql\_DailyScript\telemetry_vod_ranking2018_1.sql
Query OK, 0 rows affected (0.00 sec)

Query OK, 1079 rows affected (0.03 sec)
Records: 1079  Duplicates: 0  Warnings: 0

mysql> mysql \. C:\workspace\cloud\code\sql\_DailyScript\telemetry_vod_ranking2018_2.sql
Query OK, 0 rows affected (0.00 sec)

Query OK, 1079 rows affected (0.03 sec)
Records: 1079  Duplicates: 0  Warnings: 0

mysql> 
mysql> mysql \. C:\workspace\cloud\code\sql\_DailyScript\DAILY-SCRIPT-CREATE-LOAD.sql
Database changed
Database changed
Query OK, 0 rows affected (0.02 sec)

Query OK, 0 rows affected (0.01 sec)

Database changed
Query OK, 64099 rows affected (5.47 sec)
Records: 64099  Deleted: 0  Skipped: 0  Warnings: 0

Query OK, 0 rows affected (0.54 sec)
Records: 0  Duplicates: 0  Warnings: 0

Query OK, 0 rows affected (0.47 sec)
Records: 0  Duplicates: 0  Warnings: 0

Query OK, 0 rows affected (0.56 sec)
Records: 0  Duplicates: 0  Warnings: 0

Query OK, 0 rows affected (0.44 sec)
Records: 0  Duplicates: 0  Warnings: 0

Query OK, 0 rows affected (0.09 sec)

Query OK, 81864 rows affected (4.02 sec)
Records: 81864  Duplicates: 0  Warnings: 0

Query OK, 0 rows affected (0.79 sec)
Records: 0  Duplicates: 0  Warnings: 0

Query OK, 0 rows affected (0.26 sec)

Query OK, 64099 rows affected (2.91 sec)
Records: 64099  Duplicates: 0  Warnings: 0

Query OK, 0 rows affected (0.83 sec)
Records: 0  Duplicates: 0  Warnings: 0

Query OK, 0 rows affected (0.29 sec)
Records: 0  Duplicates: 0  Warnings: 0

Query OK, 0 rows affected (0.34 sec)
Records: 0  Duplicates: 0  Warnings: 0

+---------+
| clients |
+---------+
|   64099 |
+---------+
1 row in set (0.02 sec)

+---------------+
| clientaddress |
+---------------+
|         64099 |
+---------------+
1 row in set (0.02 sec)

Database changed
Query OK, 0 rows affected (0.19 sec)

Query OK, 0 rows affected (0.01 sec)

Database changed
Query OK, 449398 rows affected, 65535 warnings (26.76 sec)
Records: 449398  Deleted: 0  Skipped: 0  Warnings: 169310

Query OK, 0 rows affected (2.58 sec)
Records: 0  Duplicates: 0  Warnings: 0

Query OK, 0 rows affected (3.30 sec)
Records: 0  Duplicates: 0  Warnings: 0

Query OK, 0 rows affected (2.90 sec)
Records: 0  Duplicates: 0  Warnings: 0

Query OK, 0 rows affected (0.06 sec)

Query OK, 449398 rows affected (1 min 25.04 sec)
Records: 449398  Duplicates: 0  Warnings: 0

Query OK, 0 rows affected (2.64 sec)
Records: 0  Duplicates: 0  Warnings: 0

Query OK, 0 rows affected (1.89 sec)
Records: 0  Duplicates: 0  Warnings: 0

+-----------+
| contracts |
+-----------+
|    449398 |
+-----------+
1 row in set (0.79 sec)

+-----------------+
| contractaddress |
+-----------------+
|          449398 |
+-----------------+
1 row in set (0.13 sec)

Database changed
Query OK, 0 rows affected (0.23 sec)

Query OK, 0 rows affected (0.28 sec)

Query OK, 6245 rows affected (0.52 sec)
Records: 6245  Deleted: 0  Skipped: 0  Warnings: 0

Query OK, 0 rows affected (0.04 sec)

Query OK, 6214 rows affected (0.46 sec)
Records: 6214  Duplicates: 0  Warnings: 0

Query OK, 0 rows affected (0.09 sec)
Records: 0  Duplicates: 0  Warnings: 0

Query OK, 0 rows affected (0.02 sec)

Query OK, 5123 rows affected (0.04 sec)
Records: 5123  Duplicates: 0  Warnings: 0

Query OK, 0 rows affected (0.10 sec)
Records: 0  Duplicates: 0  Warnings: 0

+-------------------+
| contractdiscounts |
+-------------------+
|              6245 |
+-------------------+
1 row in set (0.00 sec)

+-------------------------+
| clientcontractdiscounts |
+-------------------------+
|                    6214 |
+-------------------------+
1 row in set (0.00 sec)

+----------------------------+
| clientcontractlastdiscount |
+----------------------------+
|                       5123 |
+----------------------------+
1 row in set (0.00 sec)

Database changed
Query OK, 0 rows affected (0.06 sec)

Query OK, 0 rows affected (0.04 sec)

Database changed
Query OK, 123124 rows affected (4.66 sec)
Records: 123124  Deleted: 0  Skipped: 0  Warnings: 0

Query OK, 0 rows affected (0.29 sec)
Records: 0  Duplicates: 0  Warnings: 0

Query OK, 0 rows affected (1.09 sec)
Records: 0  Duplicates: 0  Warnings: 0

Query OK, 0 rows affected (0.30 sec)
Records: 0  Duplicates: 0  Warnings: 0

Query OK, 0 rows affected (0.36 sec)
Records: 0  Duplicates: 0  Warnings: 0

Query OK, 0 rows affected (1.04 sec)
Records: 0  Duplicates: 0  Warnings: 0

Query OK, 0 rows affected (0.62 sec)
Records: 0  Duplicates: 0  Warnings: 0

Query OK, 0 rows affected (0.36 sec)

Query OK, 1530582 rows affected (4 min 4.05 sec)
Records: 1530582  Duplicates: 0  Warnings: 0

+---------+
| devices |
+---------+
|  123124 |
+---------+
1 row in set (0.06 sec)

+-----------------------+
| clientcontractdevices |
+-----------------------+
|               1530582 |
+-----------------------+
1 row in set (0.71 sec)

Query OK, 0 rows affected (0.07 sec)

Query OK, 123094 rows affected (9.76 sec)
Records: 123094  Duplicates: 0  Warnings: 0

+---------------------------+
| rep_clientcontractdevices |
+---------------------------+
|                    123094 |
+---------------------------+
1 row in set (0.04 sec)

Database changed
Query OK, 0 rows affected (0.02 sec)

Query OK, 0 rows affected (0.01 sec)

Query OK, 221137 rows affected (11.69 sec)
Records: 221137  Deleted: 0  Skipped: 0  Warnings: 0

Query OK, 0 rows affected (0.99 sec)
Records: 0  Duplicates: 0  Warnings: 0

Query OK, 0 rows affected (1.28 sec)
Records: 0  Duplicates: 0  Warnings: 0

Query OK, 0 rows affected (0.81 sec)
Records: 0  Duplicates: 0  Warnings: 0

Query OK, 0 rows affected (0.90 sec)
Records: 0  Duplicates: 0  Warnings: 0

+---------+
| tickets |
+---------+
|  221137 |
+---------+
1 row in set (0.07 sec)

Database changed
Query OK, 0 rows affected (0.01 sec)

Query OK, 0 rows affected (0.03 sec)

Empty set (0.00 sec)

Query OK, 0 rows affected (0.02 sec)
Records: 0  Duplicates: 0  Warnings: 0

Query OK, 301 rows affected, 2 warnings (0.04 sec)
Records: 301  Deleted: 0  Skipped: 0  Warnings: 2

+-----------------+
| tickettechusers |
+-----------------+
|             301 |
+-----------------+
1 row in set (0.00 sec)

Database changed
Query OK, 0 rows affected (0.51 sec)

Query OK, 0 rows affected (0.03 sec)

Query OK, 0 rows affected (0.28 sec)
Records: 0  Duplicates: 0  Warnings: 0

Query OK, 447101 rows affected, 38787 warnings (13.23 sec)
Records: 447101  Deleted: 0  Skipped: 0  Warnings: 38787

+-------------------+
| ticketassignments |
+-------------------+
|            447101 |
+-------------------+
1 row in set (0.16 sec)

Database changed
Query OK, 0 rows affected (0.18 sec)

Query OK, 0 rows affected (0.01 sec)

Query OK, 941987 rows affected (32.85 sec)
Records: 941987  Deleted: 0  Skipped: 0  Warnings: 0

Query OK, 0 rows affected (5.81 sec)
Records: 0  Duplicates: 0  Warnings: 0

Query OK, 0 rows affected (3.79 sec)
Records: 0  Duplicates: 0  Warnings: 0

Query OK, 0 rows affected (4.30 sec)
Records: 0  Duplicates: 0  Warnings: 0

Query OK, 0 rows affected (2.90 sec)
Records: 0  Duplicates: 0  Warnings: 0

+----------------+
| ticketcomments |
+----------------+
|         941987 |
+----------------+
1 row in set (0.34 sec)

Database changed
Query OK, 0 rows affected (0.22 sec)

Query OK, 0 rows affected (0.03 sec)

Query OK, 378505 rows affected (42.15 sec)
Records: 378505  Deleted: 0  Skipped: 0  Warnings: 0

Query OK, 0 rows affected (3.63 sec)
Records: 0  Duplicates: 0  Warnings: 0

+----------+
| comments |
+----------+
|   378505 |
+----------+
1 row in set (0.13 sec)

Database changed
Query OK, 0 rows affected (0.07 sec)

Query OK, 0 rows affected (0.14 sec)

Query OK, 450893 rows affected, 65535 warnings (1 min 3.41 sec)
Records: 450893  Deleted: 0  Skipped: 0  Warnings: 450894

Query OK, 0 rows affected (2.02 sec)
Records: 0  Duplicates: 0  Warnings: 0

Query OK, 0 rows affected (1.92 sec)
Records: 0  Duplicates: 0  Warnings: 0

Query OK, 0 rows affected (2.51 sec)
Records: 0  Duplicates: 0  Warnings: 0

Query OK, 0 rows affected (1.30 sec)
Records: 0  Duplicates: 0  Warnings: 0

Query OK, 0 rows affected (2.21 sec)
Records: 0  Duplicates: 0  Warnings: 0

+------------+
| devicesold |
+------------+
|     450893 |
+------------+
1 row in set (0.15 sec)

Database changed
Query OK, 0 rows affected (0.68 sec)

Query OK, 0 rows affected (0.01 sec)

Query OK, 1523983 rows affected (35.84 sec)
Records: 1523983  Deleted: 0  Skipped: 0  Warnings: 0

Query OK, 0 rows affected (5.06 sec)
Records: 0  Duplicates: 0  Warnings: 0

Query OK, 0 rows affected (5.29 sec)
Records: 0  Duplicates: 0  Warnings: 0

Query OK, 0 rows affected (5.30 sec)
Records: 0  Duplicates: 0  Warnings: 0

+------------------+
| contractservices |
+------------------+
|          1523983 |
+------------------+
1 row in set (0.50 sec)

Database changed
Query OK, 0 rows affected (0.19 sec)

Query OK, 0 rows affected (0.01 sec)

Query OK, 3296216 rows affected (3 min 28.93 sec)
Records: 3296216  Deleted: 0  Skipped: 0  Warnings: 0

Query OK, 0 rows affected (16.26 sec)
Records: 0  Duplicates: 0  Warnings: 0

Query OK, 0 rows affected (18.83 sec)
Records: 0  Duplicates: 0  Warnings: 0

Query OK, 0 rows affected (15.13 sec)
Records: 0  Duplicates: 0  Warnings: 0

Query OK, 0 rows affected (18.95 sec)
Records: 0  Duplicates: 0  Warnings: 0

+------------------+
| invoicescontents |
+------------------+
|          3296216 |
+------------------+
1 row in set (1.09 sec)

Database changed
Query OK, 0 rows affected (0.24 sec)

Query OK, 0 rows affected (0.14 sec)

Query OK, 2243714 rows affected (4 min 41.56 sec)
Records: 2243714  Deleted: 0  Skipped: 0  Warnings: 0

Query OK, 0 rows affected (1 min 28.76 sec)
Records: 0  Duplicates: 0  Warnings: 0

Query OK, 0 rows affected (25.38 sec)
Records: 0  Duplicates: 0  Warnings: 0

Query OK, 0 rows affected (28.13 sec)
Records: 0  Duplicates: 0  Warnings: 0

Query OK, 0 rows affected (27.58 sec)
Records: 0  Duplicates: 0  Warnings: 0

Query OK, 0 rows affected (27.52 sec)
Records: 0  Duplicates: 0  Warnings: 0

+----------------+
| invoicesheader |
+----------------+
|        2243714 |
+----------------+
1 row in set (3.20 sec)

Database changed
Query OK, 0 rows affected (0.46 sec)

Query OK, 0 rows affected (0.01 sec)

Query OK, 2412062 rows affected (1 min 47.16 sec)
Records: 2412062  Deleted: 0  Skipped: 0  Warnings: 0

Query OK, 0 rows affected (11.48 sec)
Records: 0  Duplicates: 0  Warnings: 0

Query OK, 0 rows affected (11.61 sec)
Records: 0  Duplicates: 0  Warnings: 0

Query OK, 0 rows affected (11.97 sec)
Records: 0  Duplicates: 0  Warnings: 0

Query OK, 0 rows affected (9.77 sec)
Records: 0  Duplicates: 0  Warnings: 0

+---------+
| casa    |
+---------+
| 2412062 |
+---------+
1 row in set (0.77 sec)

Database changed
Query OK, 0 rows affected (0.07 sec)

Query OK, 0 rows affected (0.12 sec)

Database changed
Query OK, 36802 rows affected (1.31 sec)
Records: 36802  Deleted: 0  Skipped: 0  Warnings: 0

+-------+
| users |
+-------+
| 36802 |
+-------+
1 row in set (0.02 sec)

Database changed
Query OK, 0 rows affected (0.03 sec)

Query OK, 0 rows affected (0.01 sec)

Database changed
Query OK, 4635789 rows affected (1 min 53.82 sec)
Records: 4635789  Deleted: 0  Skipped: 0  Warnings: 0

+---------+
| ipusage |
+---------+
| 4635789 |
+---------+
1 row in set (2.58 sec)

mysql> mysql \. C:\workspace\cloud\code\sql\_DailyScript\ticket_analysis.sql
Database changed
Query OK, 0 rows affected (0.05 sec)

Query OK, 302978 rows affected (26.65 sec)
Records: 302978  Duplicates: 0  Warnings: 0

Query OK, 0 rows affected (1.37 sec)
Records: 0  Duplicates: 0  Warnings: 0

Query OK, 0 rows affected (0.91 sec)
Records: 0  Duplicates: 0  Warnings: 0

Query OK, 0 rows affected (1.09 sec)
Records: 0  Duplicates: 0  Warnings: 0

Query OK, 0 rows affected (0.01 sec)

Query OK, 11736 rows affected (6.06 sec)
Records: 11736  Duplicates: 0  Warnings: 0

Query OK, 0 rows affected, 1 warning (0.00 sec)

Query OK, 41401 rows affected (4.48 sec)
Records: 41401  Duplicates: 0  Warnings: 0

Query OK, 0 rows affected, 1 warning (0.00 sec)

Query OK, 213217 rows affected (9.68 sec)
Records: 213217  Duplicates: 0  Warnings: 0

Query OK, 0 rows affected, 1 warning (0.00 sec)

Query OK, 213217 rows affected (9.12 sec)
Records: 213217  Duplicates: 0  Warnings: 0

Query OK, 0 rows affected (0.18 sec)

Query OK, 41438 rows affected (4.07 sec)
Records: 41438  Duplicates: 0  Warnings: 0

Database changed
Query OK, 0 rows affected (0.00 sec)

Query OK, 0 rows affected (0.06 sec)

Query OK, 130399 rows affected (7.91 sec)
Records: 130399  Duplicates: 0  Warnings: 0

Query OK, 0 rows affected (0.02 sec)

Query OK, 61786 rows affected (5.76 sec)
Records: 61786  Duplicates: 0  Warnings: 0

+--------------------------+
| clientticket_cmmtjourney |
+--------------------------+
|                   130399 |
+--------------------------+
1 row in set (0.16 sec)

+---------------------------+
| clientticket_assgnjourney |
+---------------------------+
|                     61786 |
+---------------------------+
1 row in set (0.03 sec)

Query OK, 0 rows affected (0.01 sec)

Query OK, 70 rows affected (0.44 sec)
Records: 70  Duplicates: 0  Warnings: 0

mysql> mysql \. C:\workspace\cloud\code\sql\_DailyScript\load_DailyCalls.sql
Database changed
Query OK, 234 rows affected (0.62 sec)
Records: 234  Deleted: 0  Skipped: 0  Warnings: 0

Query OK, 0 rows affected, 1 warning (0.00 sec)

Query OK, 231 rows affected (0.46 sec)
Records: 231  Duplicates: 0  Warnings: 0

Query OK, 0 rows affected, 1 warning (0.00 sec)

Query OK, 64989 rows affected (1.00 sec)
Records: 64989  Duplicates: 0  Warnings: 0

Query OK, 361 rows affected (5.56 sec)
Records: 361  Duplicates: 0  Warnings: 0

Query OK, 0 rows affected (0.00 sec)

Query OK, 171 rows affected (15.60 sec)
Records: 171  Duplicates: 0  Warnings: 0

Query OK, 0 rows affected (0.00 sec)

Query OK, 11202 rows affected (1.69 sec)
Records: 11202  Duplicates: 0  Warnings: 0

+-----------+
| callstats |
+-----------+
|     11202 |
+-----------+
1 row in set (0.01 sec)

mysql> 
mysql> mysql \. C:\workspace\cloud\code\sql\_DailyScript\DAILY-SCRIPT-USAGE.sql
Database changed
Query OK, 0 rows affected (0.00 sec)

Query OK, 2649 rows affected, 7632 warnings (1.54 sec)
Records: 2649  Deleted: 0  Skipped: 0  Warnings: 7632

Query OK, 0 rows affected (0.00 sec)

Query OK, 5592 rows affected, 16149 warnings (2.14 sec)
Records: 5592  Deleted: 0  Skipped: 0  Warnings: 16149

Query OK, 0 rows affected (0.00 sec)

Query OK, 64 rows affected, 226 warnings (0.81 sec)
Records: 64  Deleted: 0  Skipped: 0  Warnings: 226

Query OK, 0 rows affected (0.00 sec)

Query OK, 267 rows affected, 913 warnings (0.38 sec)
Records: 267  Deleted: 0  Skipped: 0  Warnings: 913

+------------+
| dailyusage |
+------------+
|    2770110 |
+------------+
1 row in set (5.38 sec)

+------------+------------+------------+---------+
| datestart  | dateend    | insertedon | records |
+------------+------------+------------+---------+
| 2018-09-30 | 2018-09-30 | 2018-10-01 |    8572 |
| 2018-09-29 | 2018-09-29 | 2018-09-30 |    9089 |
| 2018-09-28 | 2018-09-28 | 2018-09-29 |    9212 |
| 2018-09-27 | 2018-09-27 | 2018-09-28 |    9319 |
| 2018-09-26 | 2018-09-26 | 2018-09-27 |    9288 |
+------------+------------+------------+---------+
5 rows in set (1 min 37.17 sec)

mysql> mysql \. C:\workspace\cloud\code\sql\_DailyScript\DAILY-SCRIPT-SALES-TELEMETRY.sql
Database changed
Query OK, 35 rows affected, 11 warnings (0.03 sec)
Records: 35  Deleted: 0  Skipped: 0  Warnings: 11

+------------+
| dailysales |
+------------+
|     123206 |
+------------+
1 row in set (1.88 sec)

Query OK, 0 rows affected (0.49 sec)

Query OK, 123206 rows affected (14.36 sec)
Records: 123206  Duplicates: 0  Warnings: 0

+--------+
| sales  |
+--------+
| 123206 |
+--------+
1 row in set (0.05 sec)

Query OK, 0 rows affected (0.01 sec)

Query OK, 2107 rows affected (0.64 sec)
Records: 2107  Duplicates: 0  Warnings: 0

+-----------+
| saleslist |
+-----------+
|      2107 |
+-----------+
1 row in set (0.00 sec)

Database changed
Query OK, 2 rows affected (0.20 sec)
Records: 2  Deleted: 0  Skipped: 0  Warnings: 0

+------------------+
| dailysinglesales |
+------------------+
|             4816 |
+------------------+
1 row in set (0.01 sec)

Database changed
Query OK, 26 rows affected (0.03 sec)
Records: 26  Deleted: 0  Skipped: 0  Warnings: 0

+-----------------+
| dailyaddonsales |
+-----------------+
|           12893 |
+-----------------+
1 row in set (0.66 sec)

Query OK, 119 rows affected (0.42 sec)
Records: 119  Deleted: 0  Skipped: 0  Warnings: 0

+----------------+
| onlinepayments |
+----------------+
|          32432 |
+----------------+
1 row in set (0.06 sec)

+-------------+----------------+---------------------+
| paymentdate | onlinepayments | onlinepaymentamount |
+-------------+----------------+---------------------+
| 2018-09-30  |            119 |         76013.59000 |
| 2018-09-29  |             94 |         55670.86000 |
| 2018-09-28  |            112 |         70059.39000 |
| 2018-09-27  |            126 |         87316.73000 |
| 2018-09-26  |            115 |         76111.23000 |
+-------------+----------------+---------------------+
5 rows in set (1.89 sec)

+-------------+--------------+----------------+---------------------+
| paymentyear | paymentmonth | onlinepayments | onlinepaymentamount |
+-------------+--------------+----------------+---------------------+
|        2018 |            9 |           2536 |       1488279.08000 |
|        2018 |            8 |           2677 |       1480347.51000 |
|        2018 |            7 |           2521 |       1406138.40000 |
|        2018 |            6 |           2465 |       1394365.47000 |
|        2018 |            5 |           2330 |       1252012.49000 |
+-------------+--------------+----------------+---------------------+
5 rows in set (0.04 sec)

mysql> 
mysql> mysql \. C:\workspace\cloud\code\sql\_DailyScript\DAILY-SCRIPT-ACTIVENUMBERS.sql
Database changed
Query OK, 1312 rows affected (1.78 sec)
Records: 1312  Deleted: 0  Skipped: 0  Warnings: 0

Query OK, 0 rows affected (0.01 sec)

Query OK, 86 rows affected (1.82 sec)
Records: 86  Duplicates: 0  Warnings: 0

+------------+----------+
| period     | count(1) |
+------------+----------+
| 2018-09-30 |     1312 |
| 2018-09-29 |     1311 |
| 2018-09-28 |     1312 |
| 2018-09-27 |     1305 |
| 2018-09-26 |     1308 |
+------------+----------+
5 rows in set (0.01 sec)

Database changed
Query OK, 0 rows affected (0.00 sec)

Query OK, 0 rows affected (0.00 sec)

Query OK, 0 rows affected (0.00 sec)

Query OK, 0 rows affected (0.00 sec)

Query OK, 26080 rows affected, 310 warnings (2 min 19.51 sec)
Records: 26080  Deleted: 0  Skipped: 0  Warnings: 310

+------------+----------+
| period     | count(1) |
+------------+----------+
| 2018-09-30 |    26080 |
| 2018-09-29 |    26560 |
| 2018-09-28 |    26515 |
| 2018-09-27 |    26532 |
| 2018-09-26 |    26648 |
+------------+----------+
5 rows in set (0.11 sec)

Query OK, 0 rows affected (0.04 sec)

Query OK, 25427 rows affected (3 min 8.82 sec)
Records: 25427  Duplicates: 0  Warnings: 0

Query OK, 0 rows affected (0.52 sec)
Records: 0  Duplicates: 0  Warnings: 0

Query OK, 0 rows affected (1.76 sec)
Records: 0  Duplicates: 0  Warnings: 0

Query OK, 0 rows affected (0.29 sec)
Records: 0  Duplicates: 0  Warnings: 0

Query OK, 0 rows affected (0.10 sec)
Records: 0  Duplicates: 0  Warnings: 0

Query OK, 0 rows affected (0.44 sec)
Records: 0  Duplicates: 0  Warnings: 0

Query OK, 0 rows affected (0.13 sec)
Records: 0  Duplicates: 0  Warnings: 0

+----------+
| count(1) |
+----------+
| 20185669 |
+----------+
1 row in set (1 min 1.44 sec)

Query OK, 25427 rows affected (1 min 18.98 sec)
Records: 25427  Duplicates: 0  Warnings: 0

+----------+
| count(1) |
+----------+
| 20211096 |
+----------+
1 row in set (11.32 sec)

+------------+--------------------------+
| period     | customercontractactivity |
+------------+--------------------------+
| 2018-09-30 |                    25427 |
| 2018-09-29 |                    25907 |
| 2018-09-28 |                    25862 |
| 2018-09-27 |                    25879 |
| 2018-09-26 |                    25994 |
+------------+--------------------------+
5 rows in set (0.06 sec)

Query OK, 0 rows affected (0.16 sec)

Query OK, 186006 rows affected (10 min 55.29 sec)
Records: 186006  Duplicates: 0  Warnings: 0

Query OK, 0 rows affected (0.03 sec)

Query OK, 240 rows affected (0.80 sec)
Records: 240  Duplicates: 0  Warnings: 0

Query OK, 0 rows affected (0.01 sec)

Query OK, 2288 rows affected (0.55 sec)
Records: 2288  Duplicates: 0  Warnings: 0

Query OK, 0 rows affected (0.01 sec)

Query OK, 25419 rows affected (0.71 sec)
Records: 25419  Duplicates: 0  Warnings: 0

Query OK, 0 rows affected (0.01 sec)

Query OK, 16835 rows affected (0.69 sec)
Records: 16835  Duplicates: 0  Warnings: 0

Query OK, 0 rows affected (0.04 sec)

Query OK, 16835 rows affected (0.28 sec)
Records: 16835  Duplicates: 0  Warnings: 0

Query OK, 0 rows affected (0.02 sec)

Query OK, 16835 rows affected (1.90 sec)
Records: 16835  Duplicates: 0  Warnings: 0

Query OK, 0 rows affected (0.02 sec)

Query OK, 16835 rows affected (51.17 sec)
Records: 16835  Duplicates: 0  Warnings: 0

+-------------+
| clientstats |
+-------------+
|       16835 |
+-------------+
1 row in set (0.01 sec)

Query OK, 0 rows affected (0.00 sec)

Query OK, 13 rows affected, 1 warning (0.11 sec)
Records: 13  Duplicates: 0  Warnings: 1

+-----------------------+-------------+-------------+----------------+-----------------+
| services              | activecount | allaccounts | uniqueaccounts | uniquecontracts |
+-----------------------+-------------+-------------+----------------+-----------------+
| All                   |          77 |          17 |             17 |              53 |
| Internet & Voice      |         527 |         226 |            226 |             445 |
| Internet Only         |        4065 |        3929 |           3922 |            4006 |
| OTT Only              |           1 |           1 |              1 |               1 |
| TV & Internet         |        8433 |        3681 |           3677 |            7486 |
| TV & Internet & OTT   |        1013 |         297 |            297 |             602 |
| TV & Internet & Voice |         605 |         170 |            170 |             527 |
| TV & OTT              |         101 |          34 |             34 |              35 |
| TV & Voice            |         127 |          55 |             55 |             111 |
| TV & Voice & OTT      |          11 |           1 |              1 |               3 |
| TV Only               |       11012 |        8203 |           8196 |            8422 |
| Voice Only            |         222 |         221 |            220 |             222 |
| GRAND TOTAL           |       26194 |       16835 |          16780 |           21913 |
+-----------------------+-------------+-------------+----------------+-----------------+
13 rows in set (0.00 sec)

+-------------+-------------+-------------+----------------+-----------------+
| network     | activecount | allaccounts | uniqueaccounts | uniquecontracts |
+-------------+-------------+-------------+----------------+-----------------+
| ADDON       |           8 |           4 |              4 |               4 |
| GPON        |        5614 |        2925 |           2925 |            4347 |
| HFC         |       20572 |       13906 |          13906 |           17562 |
| GRAND TOTAL |       26194 |       16835 |          16780 |           21913 |
+-------------+-------------+-------------+----------------+-----------------+
4 rows in set, 1 warning (0.12 sec)

+-------------+-----------------------+-------------+-------------+----------------+-----------------+
| network     | services              | activecount | allaccounts | uniqueaccounts | uniquecontracts |
+-------------+-----------------------+-------------+-------------+----------------+-----------------+
| ADDON       | OTT Only              |           1 |           1 |              1 |               1 |
| ADDON       | TV & OTT              |           4 |           1 |              1 |               1 |
| ADDON       | TV Only               |           3 |           2 |              2 |               2 |
| ADDON       | Services Total        |           8 |           4 |              4 |               4 |
| GPON        | All                   |          14 |           3 |              3 |              10 |
| GPON        | Internet & Voice      |          54 |          21 |             21 |              44 |
| GPON        | Internet Only         |         713 |         636 |            636 |             655 |
| GPON        | TV & Internet         |        2551 |        1047 |           1047 |            2160 |
| GPON        | TV & Internet & OTT   |         422 |         114 |            114 |             236 |
| GPON        | TV & Internet & Voice |         149 |          41 |             41 |             127 |
| GPON        | TV & OTT              |          53 |          16 |             16 |              17 |
| GPON        | TV & Voice            |          36 |          15 |             15 |              31 |
| GPON        | TV Only               |        1610 |        1020 |           1020 |            1055 |
| GPON        | Voice Only            |          12 |          12 |             12 |              12 |
| GPON        | Services Total        |        5614 |        2925 |           2925 |            4347 |
| HFC         | All                   |          63 |          14 |             14 |              43 |
| HFC         | Internet & Voice      |         473 |         205 |            205 |             401 |
| HFC         | Internet Only         |        3352 |        3293 |           3293 |            3351 |
| HFC         | TV & Internet         |        5882 |        2634 |           2634 |            5326 |
| HFC         | TV & Internet & OTT   |         591 |         183 |            183 |             366 |
| HFC         | TV & Internet & Voice |         456 |         129 |            129 |             400 |
| HFC         | TV & OTT              |          44 |          17 |             17 |              17 |
| HFC         | TV & Voice            |          91 |          40 |             40 |              80 |
| HFC         | TV & Voice & OTT      |          11 |           1 |              1 |               3 |
| HFC         | TV Only               |        9399 |        7181 |           7181 |            7365 |
| HFC         | Voice Only            |         210 |         209 |            209 |             210 |
| HFC         | Services Total        |       20572 |       13906 |          13906 |           17562 |
| GRAND TOTAL | Services Total        |       26194 |       16835 |          16780 |           21913 |
+-------------+-----------------------+-------------+-------------+----------------+-----------------+
28 rows in set, 2 warnings (0.14 sec)

Query OK, 0 rows affected (0.00 sec)

Query OK, 44 rows affected, 3 warnings (0.18 sec)
Records: 44  Duplicates: 0  Warnings: 3

+-------------+---------------+-----------------------+-------------+-------------+----------------+-----------------+
| region      | network       | services              | activecount | allaccounts | uniqueaccounts | uniquecontracts |
+-------------+---------------+-----------------------+-------------+-------------+----------------+-----------------+
| Mahe        | ADDON         | OTT Only              |           1 |           1 |              1 |               1 |
| Mahe        | ADDON         | TV & OTT              |           4 |           1 |              1 |               1 |
| Mahe        | ADDON         | TV Only               |           2 |           1 |              1 |               1 |
| Mahe        | ADDON         | Services Total        |           7 |           3 |              3 |               3 |
| Mahe        | GPON          | All                   |           9 |           2 |              2 |               6 |
| Mahe        | GPON          | Internet & Voice      |          46 |          17 |             17 |              36 |
| Mahe        | GPON          | Internet Only         |         527 |         450 |            450 |             469 |
| Mahe        | GPON          | TV & Internet         |        1629 |         657 |            657 |            1352 |
| Mahe        | GPON          | TV & Internet & OTT   |         244 |          66 |             66 |             133 |
| Mahe        | GPON          | TV & Internet & Voice |         115 |          31 |             31 |              95 |
| Mahe        | GPON          | TV & OTT              |          33 |           8 |              8 |               9 |
| Mahe        | GPON          | TV & Voice            |          36 |          15 |             15 |              31 |
| Mahe        | GPON          | TV Only               |        1145 |         688 |            688 |             704 |
| Mahe        | GPON          | Voice Only            |           8 |           8 |              8 |               8 |
| Mahe        | GPON          | Services Total        |        3792 |        1942 |           1942 |            2843 |
| Mahe        | HFC           | All                   |          63 |          14 |             14 |              43 |
| Mahe        | HFC           | Internet & Voice      |         473 |         205 |            205 |             401 |
| Mahe        | HFC           | Internet Only         |        3352 |        3293 |           3293 |            3351 |
| Mahe        | HFC           | TV & Internet         |        5882 |        2634 |           2634 |            5326 |
| Mahe        | HFC           | TV & Internet & OTT   |         591 |         183 |            183 |             366 |
| Mahe        | HFC           | TV & Internet & Voice |         456 |         129 |            129 |             400 |
| Mahe        | HFC           | TV & OTT              |          44 |          17 |             17 |              17 |
| Mahe        | HFC           | TV & Voice            |          91 |          40 |             40 |              80 |
| Mahe        | HFC           | TV & Voice & OTT      |          11 |           1 |              1 |               3 |
| Mahe        | HFC           | TV Only               |        9397 |        7180 |           7180 |            7364 |
| Mahe        | HFC           | Voice Only            |         210 |         209 |            209 |             210 |
| Mahe        | HFC           | Services Total        |       20570 |       13905 |          13905 |           17561 |
| Mahe        | Network Total | Services Total        |       24369 |       15850 |          15796 |           20407 |
| Praslin     | ADDON         | TV Only               |           1 |           1 |              1 |               1 |
| Praslin     | ADDON         | Services Total        |           1 |           1 |              1 |               1 |
| Praslin     | GPON          | All                   |           5 |           1 |              1 |               4 |
| Praslin     | GPON          | Internet & Voice      |           8 |           4 |              4 |               8 |
| Praslin     | GPON          | Internet Only         |         186 |         186 |            186 |             186 |
| Praslin     | GPON          | TV & Internet         |         922 |         390 |            390 |             808 |
| Praslin     | GPON          | TV & Internet & OTT   |         178 |          48 |             48 |             103 |
| Praslin     | GPON          | TV & Internet & Voice |          34 |          10 |             10 |              32 |
| Praslin     | GPON          | TV & OTT              |          20 |           8 |              8 |               8 |
| Praslin     | GPON          | TV Only               |         465 |         332 |            332 |             351 |
| Praslin     | GPON          | Voice Only            |           4 |           4 |              4 |               4 |
| Praslin     | GPON          | Services Total        |        1822 |         983 |            983 |            1504 |
| Praslin     | HFC           | TV Only               |           2 |           1 |              1 |               1 |
| Praslin     | HFC           | Services Total        |           2 |           1 |              1 |               1 |
| Praslin     | Network Total | Services Total        |        1825 |         985 |            984 |            1506 |
| GRAND TOTAL | Network Total | Services Total        |       26194 |       16835 |          16780 |           21913 |
+-------------+---------------+-----------------------+-------------+-------------+----------------+-----------------+
44 rows in set (0.00 sec)

Query OK, 0 rows affected (0.01 sec)

Query OK, 25419 rows affected (1.17 sec)
Records: 25419  Duplicates: 0  Warnings: 0

Query OK, 0 rows affected (0.01 sec)

Query OK, 1566 rows affected (3.85 sec)
Records: 1566  Duplicates: 0  Warnings: 0

Query OK, 30 rows affected (2 min 10.06 sec)

Query OK, 0 rows affected (0.02 sec)

Query OK, 411 rows affected (17 min 2.71 sec)
Records: 411  Duplicates: 0  Warnings: 0

+---------------------------+
| retentioncustomeractivity |
+---------------------------+
|                       411 |
+---------------------------+
1 row in set (0.00 sec)

mysql> 
mysql> 
mysql> mysql \. C:\workspace\cloud\code\sql\_DailyScript\reports-sales-addons-prepaid-camera.sql
Database changed
Query OK, 0 rows affected (0.03 sec)

Query OK, 2931 rows affected (0.22 sec)
Records: 2931  Duplicates: 0  Warnings: 0

Query OK, 0 rows affected (0.03 sec)

Query OK, 12902 rows affected (16.64 sec)
Records: 12902  Duplicates: 0  Warnings: 0

+--------------------+
| rep_prepaid_camera |
+--------------------+
|               2931 |
+--------------------+
1 row in set (0.01 sec)

+-----------+
| rep_addon |
+-----------+
|     12902 |
+-----------+
1 row in set (0.01 sec)

mysql> mysql \. C:\workspace\cloud\code\sql\_DailyScript\housing-estate-analysis.sql
Database changed
Query OK, 0 rows affected (0.01 sec)

Query OK, 2644 rows affected (13.82 sec)
Records: 2644  Duplicates: 0  Warnings: 0

+--------------------+
| rep_housingestates |
+--------------------+
|               2644 |
+--------------------+
1 row in set (0.00 sec)

mysql> 
mysql> mysql \. C:\workspace\cloud\code\sql\_DailyScript\RCB_ClientAnalyticsReport_Script.sql
Database changed
Query OK, 0 rows affected (0.00 sec)

Query OK, 0 rows affected (0.19 sec)

Query OK, 1534162 rows affected (2 min 52.68 sec)
Records: 1534162  Duplicates: 0  Warnings: 0

Query OK, 0 rows affected (6.73 sec)
Records: 0  Duplicates: 0  Warnings: 0

Query OK, 0 rows affected (5.67 sec)
Records: 0  Duplicates: 0  Warnings: 0

Query OK, 0 rows affected (10.31 sec)
Records: 0  Duplicates: 0  Warnings: 0

Query OK, 0 rows affected (9.13 sec)
Records: 0  Duplicates: 0  Warnings: 0

Query OK, 0 rows affected (9.58 sec)
Records: 0  Duplicates: 0  Warnings: 0

Query OK, 0 rows affected (8.50 sec)
Records: 0  Duplicates: 0  Warnings: 0

Query OK, 0 rows affected (0.00 sec)

Query OK, 409829 rows affected (23.27 sec)
Rows matched: 1534162  Changed: 409829  Warnings: 0

Query OK, 0 rows affected (0.02 sec)

Query OK, 26573 rows affected (4.82 sec)
Records: 26573  Duplicates: 0  Warnings: 0

Query OK, 0 rows affected (0.03 sec)

Query OK, 41071 rows affected (10 min 38.30 sec)
Records: 41071  Duplicates: 0  Warnings: 0

Query OK, 0 rows affected (0.44 sec)
Records: 0  Duplicates: 0  Warnings: 0

Query OK, 0 rows affected (0.17 sec)
Records: 0  Duplicates: 0  Warnings: 0

Query OK, 0 rows affected (0.11 sec)
Records: 0  Duplicates: 0  Warnings: 0

Query OK, 0 rows affected (0.09 sec)

Query OK, 387941 rows affected (9 min 56.53 sec)
Records: 387941  Duplicates: 0  Warnings: 0

Query OK, 0 rows affected (2.70 sec)
Records: 0  Duplicates: 0  Warnings: 0

Query OK, 0 rows affected (2.27 sec)
Records: 0  Duplicates: 0  Warnings: 0

Query OK, 0 rows affected (1.80 sec)
Records: 0  Duplicates: 0  Warnings: 0

Query OK, 0 rows affected (2.82 sec)
Records: 0  Duplicates: 0  Warnings: 0

Query OK, 0 rows affected (1.15 sec)
Records: 0  Duplicates: 0  Warnings: 0

Query OK, 0 rows affected (0.03 sec)

Query OK, 41071 rows affected (1 min 24.88 sec)
Records: 41071  Duplicates: 0  Warnings: 0

+--------------+
| clientreport |
+--------------+
|        41071 |
+--------------+
1 row in set (0.02 sec)

Query OK, 0 rows affected (0.09 sec)

Query OK, 41071 rows affected (9.95 sec)
Records: 41071  Duplicates: 0  Warnings: 0

+----------------------+
| clientextendedreport |
+----------------------+
|                41071 |
+----------------------+
1 row in set (0.01 sec)

Query OK, 0 rows affected (0.01 sec)

Query OK, 41071 rows affected (1 min 1.24 sec)
Records: 41071  Duplicates: 0  Warnings: 0

+---------+
| allcust |
+---------+
|   41071 |
+---------+
1 row in set (0.02 sec)

Query OK, 0 rows affected, 1 warning (0.01 sec)

Query OK, 5000 rows affected (1.39 sec)
Records: 5000  Duplicates: 0  Warnings: 0

Query OK, 0 rows affected (0.01 sec)

Query OK, 7080 rows affected (1.27 sec)
Records: 7080  Duplicates: 0  Warnings: 0

Query OK, 0 rows affected, 1 warning (0.00 sec)

Query OK, 5000 rows affected (0.17 sec)
Records: 5000  Duplicates: 0  Warnings: 0

Query OK, 0 rows affected (0.01 sec)

Query OK, 7399 rows affected (1.47 sec)
Records: 7399  Duplicates: 0  Warnings: 0

mysql> mysql \. C:\workspace\cloud\code\sql\_DailyScript\REVENUE_PER_NODE_MXK.sql
Query OK, 0 rows affected, 1 warning (0.00 sec)

Query OK, 4532 rows affected (2 min 54.14 sec)
Records: 4532  Duplicates: 0  Warnings: 0

Query OK, 0 rows affected, 1 warning (0.00 sec)

Query OK, 4401 rows affected (5 min 12.25 sec)
Records: 4401  Duplicates: 0  Warnings: 0

Query OK, 0 rows affected (0.01 sec)

Query OK, 4711 rows affected (0.28 sec)
Records: 4711  Duplicates: 0  Warnings: 0

Query OK, 0 rows affected (0.00 sec)

Query OK, 0 rows affected (0.00 sec)

Query OK, 0 rows affected, 1 warning (0.00 sec)

Query OK, 37854 rows affected (2 min 46.42 sec)
Records: 37854  Duplicates: 0  Warnings: 0

Query OK, 0 rows affected, 1 warning (0.00 sec)

Query OK, 27222 rows affected (1 min 44.73 sec)
Records: 27222  Duplicates: 0  Warnings: 0

Query OK, 0 rows affected (0.02 sec)

Query OK, 18633 rows affected (1.71 sec)
Records: 18633  Duplicates: 0  Warnings: 0

Query OK, 0 rows affected (0.01 sec)

Query OK, 0 rows affected (0.00 sec)

Query OK, 0 rows affected (0.02 sec)

Query OK, 23344 rows affected (2.27 sec)
Records: 23344  Duplicates: 0  Warnings: 0

Query OK, 0 rows affected (0.17 sec)

Query OK, 408707 rows affected (1 min 26.47 sec)
Records: 408707  Duplicates: 0  Warnings: 0

Query OK, 0 rows affected (0.31 sec)

Query OK, 1460166 rows affected (6 min 1.47 sec)
Records: 1460166  Duplicates: 0  Warnings: 0

Query OK, 0 rows affected (0.20 sec)

Query OK, 1682706 rows affected (4 min 32.81 sec)
Records: 1682706  Duplicates: 0  Warnings: 0

Query OK, 0 rows affected (0.13 sec)

Query OK, 59189 rows affected (11.58 sec)
Records: 59189  Duplicates: 0  Warnings: 0

Query OK, 0 rows affected (0.02 sec)

Query OK, 20633 rows affected (9.44 sec)
Records: 20633  Duplicates: 0  Warnings: 0

Query OK, 0 rows affected (0.02 sec)

Query OK, 41071 rows affected (2.99 sec)
Records: 41071  Duplicates: 0  Warnings: 0

Query OK, 0 rows affected, 1 warning (0.01 sec)

Query OK, 382265 rows affected (59.62 sec)
Records: 382265  Duplicates: 0  Warnings: 0

Query OK, 0 rows affected, 1 warning (0.00 sec)

Query OK, 59189 rows affected (5.90 sec)
Records: 59189  Duplicates: 0  Warnings: 0

Query OK, 0 rows affected (0.08 sec)

Query OK, 384114 rows affected (37.02 sec)
Records: 384114  Duplicates: 0  Warnings: 0

Query OK, 0 rows affected (0.04 sec)

Query OK, 41160 rows affected (12.46 sec)
Records: 41160  Duplicates: 0  Warnings: 0

Query OK, 0 rows affected (0.01 sec)

Query OK, 0 rows affected (0.00 sec)

+-----------+------------------------------------+------------+-------------+-----------------+------------------+---------------------+-------------------+
| HFC_NODE  | NODENAME                           | CMTS_DATE  | REPORT_DATE | UNIQUE_ACCOUNTS | UNIQUE_CONTRACTS | UNIQUE_MAC_INRCBOSS | UNIQUE_MAC_INCMTS |
+-----------+------------------------------------+------------+-------------+-----------------+------------------+---------------------+-------------------+
| NULL      | NULL                               | NULL       | 2018-10-01  |            9493 |            10080 |               10220 |                 0 |
| C5/0/0/U0 | ANSE-BOILEAU-2                     | 2018-09-15 | 2018-10-01  |              96 |              103 |                  96 |                96 |
| C5/0/0/U1 | 500-C3-ANSE-BOILEAU                | 2018-09-15 | 2018-10-01  |             217 |              222 |                 216 |               218 |
| C5/0/1/U0 | 501-C4-LA-MISIERE-LEFT-I           | 2018-09-15 | 2018-10-01  |             182 |              193 |                 182 |               182 |
| C5/0/1/U1 | 501-C5-LA-MISIERE-RIGHT            | 2018-09-15 | 2018-10-01  |              99 |              104 |                  99 |                99 |
| C5/0/1/U2 | 501-C7-LA-MISIERE-LEFT-II          | 2018-09-15 | 2018-10-01  |             113 |              115 |                 112 |               113 |
| C5/0/2/U0 | 502-C8-LA-LOUISE                   | 2018-09-15 | 2018-10-01  |             134 |              135 |                 134 |               134 |
| C5/0/2/U1 | LA-LOUISE-2                        | 2018-09-15 | 2018-10-01  |             155 |              161 |                 155 |               156 |
| C5/0/3/U0 | 504-C6-PETIT-PARIS                 | 2018-09-15 | 2018-10-01  |             122 |              124 |                 122 |               123 |
| C5/0/3/U1 | PETIT-PARIS-23                     | 2018-09-15 | 2018-10-01  |             101 |              103 |                 101 |               101 |
| C5/1/0/U0 | POINTE-LARUE-AIRPORT-23            | 2018-09-15 | 2018-10-01  |             105 |              114 |                 107 |               108 |
| C5/1/0/U1 | PPROVIDENCE-23                     | 2018-09-15 | 2018-10-01  |              28 |               32 |                  29 |                29 |
| C5/1/0/U2 | ROSHE-CAIMAN-23                    | 2018-09-15 | 2018-10-01  |               9 |               10 |                   9 |                 9 |
| C5/1/0/U3 | HEAD-OFFICE | HO-23                | 2018-09-15 | 2018-10-01  |              22 |               23 |                  24 |                25 |
| C5/1/1/U1 | C5-UNION-VALE                      | 2018-09-15 | 2018-10-01  |             188 |              195 |                 188 |               190 |
| C5/1/2/U0 | FOUR-SEASONS                       | 2018-09-15 | 2018-10-01  |               6 |               23 |                  23 |                23 |
| C5/1/2/U1 | C10-ANCHOR CAFE                    | 2018-09-15 | 2018-10-01  |             202 |              211 |                 201 |               202 |
| C5/1/2/U2 | ANCHOR-CAFE-23                     | 2018-09-15 | 2018-10-01  |             100 |              101 |                 100 |               101 |
| C5/1/3/U0 | POINTE-LARUE-AIRPORT-27            | 2018-09-15 | 2018-10-01  |             149 |              151 |                 149 |               149 |
| C5/1/3/U1 | PPROVIDENCE-27                     | 2018-09-15 | 2018-10-01  |              36 |               37 |                  36 |                36 |
| C5/1/3/U2 | ROSHE-CAIMAN-27                    | 2018-09-15 | 2018-10-01  |              21 |               21 |                  21 |                21 |
| C5/1/3/U3 | HEAD-OFFICE | HO-27                | 2018-09-15 | 2018-10-01  |              19 |               20 |                  19 |                22 |
| C5/1/4/U0 | ANSE-ROYALE-27                     | 2018-09-15 | 2018-10-01  |             186 |              195 |                 187 |               191 |
| C5/1/4/U1 | GLACIS-2-57                        | 2018-09-15 | 2018-10-01  |             132 |              139 |                 132 |               133 |
| C5/1/4/U3 | GLACIS-1                           | 2018-09-15 | 2018-10-01  |              82 |               86 |                  82 |                83 |
| C6/0/1/U0 | SERRET-ROAD-RIGHT/CURIO/PASCAL     | 2018-09-15 | 2018-10-01  |             123 |              128 |                 123 |               124 |
| C6/0/1/U1 | SERRET-ROAD-LEFT/ST.LOUIS/TOWN     | 2018-09-15 | 2018-10-01  |             136 |              145 |                 136 |               137 |
| C6/0/1/U2 | SERRET-ROAD-RIGHT/CURIO/PASCAL-2   | 2018-09-15 | 2018-10-01  |             141 |              145 |                 141 |               141 |
| C6/0/1/U3 | SERRET-ROAD-LEFT/ST.LOUIS/TOWN-2   | 2018-09-15 | 2018-10-01  |             164 |              171 |                 164 |               164 |
| C6/0/2/U0 | SANS-SOUCIS-I                      | 2018-09-15 | 2018-10-01  |             119 |              123 |                 119 |               119 |
| C6/0/2/U1 | SANS-SOUCIS-II                     | 2018-09-15 | 2018-10-01  |             114 |              120 |                 113 |               115 |
| C6/0/2/U2 | BEL-AIR-27                         | 2018-09-15 | 2018-10-01  |             122 |              128 |                 122 |               122 |
| C6/0/2/U3 | BEL-AIR-38                         | 2018-09-15 | 2018-10-01  |              92 |               96 |                  92 |                92 |
| C6/0/3/U0 | LES-MAMELLES-23                    | 2018-09-15 | 2018-10-01  |              62 |               64 |                  62 |                62 |
| C6/0/3/U1 | VICTORIA-23                        | 2018-09-15 | 2018-10-01  |              52 |               56 |                  53 |                56 |
| C6/0/4/U0 | LES-MAMELLES-27                    | 2018-09-15 | 2018-10-01  |              85 |               86 |                  85 |                86 |
| C6/0/4/U1 | VICTORIA-27                        | 2018-09-15 | 2018-10-01  |              21 |               26 |                  23 |                24 |
| C7/1/0/U0 | LA-RETRAITE-23                     | 2018-09-15 | 2018-10-01  |             139 |              148 |                 140 |               140 |
| C7/1/0/U1 | TEA-FACTORY-23                     | 2018-09-15 | 2018-10-01  |              21 |               28 |                  23 |                23 |
| C7/1/0/U2 | PAS-23                             | 2018-09-15 | 2018-10-01  |             111 |              121 |                 114 |               116 |
| C7/1/1/U0 | REEF-ESTATE-23                     | 2018-09-15 | 2018-10-01  |              77 |               79 |                  77 |                78 |
| C7/1/1/U1 | BEL-OMBRE-NEW-23                   | 2018-09-15 | 2018-10-01  |              66 |               72 |                  69 |                70 |
| C7/1/2/U0 | LA-RETRAITE-27                     | 2018-09-15 | 2018-10-01  |             105 |              113 |                 105 |               107 |
| C7/1/2/U1 | TEA-FACTORY-27                     | 2018-09-15 | 2018-10-01  |              23 |               26 |                  24 |                24 |
| C7/1/2/U2 | PAS-27                             | 2018-09-15 | 2018-10-01  |              91 |               95 |                  91 |                91 |
| C7/1/3/U0 | MT-BUXTON-27                       | 2018-09-15 | 2018-10-01  |             159 |              163 |                 158 |               160 |
| C7/1/3/U1 | MT-BUXTON-23                       | 2018-09-15 | 2018-10-01  |              59 |               63 |                  59 |                62 |
| C7/1/4/U0 | REEF-ESTATE-27                     | 2018-09-15 | 2018-10-01  |              86 |               87 |                  86 |                87 |
| C7/1/4/U1 | BEL-OMBRE-NEW-27                   | 2018-09-15 | 2018-10-01  |              49 |               54 |                  50 |                50 |
| C8/0/0/U0 | POLICE-ACADEMY-1-27 - POINTE LARUE | 2018-09-15 | 2018-10-01  |             362 |              372 |                 362 |               365 |
| C8/0/1/U1 | POLICE-ACADEMY-2-27 - TURTLE BAY   | 2018-09-15 | 2018-10-01  |             260 |              274 |                 262 |               264 |
| C8/0/2/U0 | BEAU-VALLON-LEFT-1-57              | 2018-09-15 | 2018-10-01  |             162 |              170 |                 161 |               162 |
| C8/0/3/U1 | BEAU-VALLON-RIGHT-2-57             | 2018-09-15 | 2018-10-01  |             223 |              233 |                 222 |               224 |
| C8/1/0/U0 | MA-JOIE-NODE-27                    | 2018-09-15 | 2018-10-01  |             141 |              147 |                 141 |               143 |
| C8/1/0/U1 | BELONIE-27                         | 2018-09-15 | 2018-10-01  |             137 |              141 |                 135 |               136 |
| C8/1/0/U3 | MA-JOIE-NODE-23                    | 2018-09-15 | 2018-10-01  |             100 |              102 |                 100 |               101 |
| C8/1/1/U0 | 611-C1-ROJN I                      | 2018-09-15 | 2018-10-01  |             167 |              175 |                 167 |               172 |
| C8/1/1/U1 | 611-C5-ROJN II                     | 2018-09-15 | 2018-10-01  |              73 |               76 |                  73 |                73 |
| C8/1/2/U0 | 612-C2-ANSE-ETOILE                 | 2018-09-15 | 2018-10-01  |             176 |              182 |                 175 |               177 |
| C8/1/2/U1 | ANSE-ETOILE-U2                     | 2018-09-15 | 2018-10-01  |             109 |              113 |                 108 |               109 |
| C8/1/3/U0 | 613-C3-ANSE-GAULETTE I             | 2018-09-15 | 2018-10-01  |             244 |              256 |                 244 |               244 |
| C8/1/3/U1 | 613-C7-ANSE-GAULETTE II            | 2018-09-15 | 2018-10-01  |             124 |              133 |                 124 |               124 |
| C8/1/4/U0 | 614-BEOLIERE-NODE-1                | 2018-09-15 | 2018-10-01  |             128 |              136 |                 128 |               128 |
| C8/1/4/U1 | 614-BEOLIERE-NODE-2                | 2018-09-15 | 2018-10-01  |              86 |               93 |                  86 |                87 |
+-----------+------------------------------------+------------+-------------+-----------------+------------------+---------------------+-------------------+
64 rows in set (0.61 sec)

+------------------+------------+-------------+-----------------+------------------+----------------------+-------------------+
| MXK_NAME         | MXK_DATE   | REPORT_DATE | UNIQUE_ACCOUNTS | UNIQUE_CONTRACTS | UNIQUE_FSAN_INRCBOSS | UNIQUE_FSAN_INMXK |
+------------------+------------+-------------+-----------------+------------------+----------------------+-------------------+
| NULL             | NULL       | 2018-10-01  |             289 |              295 |                  289 |                 0 |
| MXK-ANSEETOILE   | 2018-09-15 | 2018-10-01  |              49 |               50 |                   50 |                50 |
| MXK-ANSEROYALE   | 2018-09-15 | 2018-10-01  |              76 |               77 |                   77 |                80 |
| MXK-BEAUVALLON   | 2018-09-15 | 2018-10-01  |             638 |              649 |                  646 |               656 |
| MXK-MAHE         | 2018-09-15 | 2018-10-01  |             800 |              829 |                  798 |               882 |
| MXK-PERSEVERANCE | 2018-09-15 | 2018-10-01  |             967 |              982 |                  979 |               997 |
| MXK-PRASLIN      | 2018-09-15 | 2018-10-01  |            1321 |             1341 |                 1333 |              1361 |
+------------------+------------+-------------+-----------------+------------------+----------------------+-------------------+
7 rows in set (0.14 sec)

mysql> 
mysql> mysql \. C:\workspace\cloud\code\sql\_DailyScript\sales-to-activenumber.sql
Database changed
Query OK, 0 rows affected (0.01 sec)

Query OK, 10675 rows affected (19 min 40.42 sec)
Records: 10675  Duplicates: 0  Warnings: 0

Query OK, 0 rows affected (0.05 sec)

Query OK, 32948 rows affected (21 min 47.91 sec)
Records: 32948  Duplicates: 0  Warnings: 0

mysql> 
mysql> exit
